[2023-05-18T00:00:06.449+0000] {processor.py:157} INFO - Started process (PID=1529) to work on /home/airflow/.local/lib/python3.7/site-packages/airflow/example_dags/example_short_circuit_operator.py
[2023-05-18T00:00:06.449+0000] {processor.py:826} INFO - Processing file /home/airflow/.local/lib/python3.7/site-packages/airflow/example_dags/example_short_circuit_operator.py for tasks to queue
[2023-05-18T00:00:06.450+0000] {logging_mixin.py:149} INFO - [2023-05-18T00:00:06.450+0000] {dagbag.py:541} INFO - Filling up the DagBag from /home/airflow/.local/lib/python3.7/site-packages/airflow/example_dags/example_short_circuit_operator.py
[2023-05-18T00:00:06.454+0000] {processor.py:836} INFO - DAG(s) dict_keys(['example_short_circuit_operator']) retrieved from /home/airflow/.local/lib/python3.7/site-packages/airflow/example_dags/example_short_circuit_operator.py
[2023-05-18T00:00:06.469+0000] {logging_mixin.py:149} INFO - [2023-05-18T00:00:06.469+0000] {dag.py:2726} INFO - Sync 1 DAGs
[2023-05-18T00:00:06.483+0000] {logging_mixin.py:149} INFO - [2023-05-18T00:00:06.483+0000] {dag.py:3490} INFO - Setting next_dagrun for example_short_circuit_operator to 2023-05-17T00:00:06.483404+00:00, run_after=2023-05-18T00:00:06.483404+00:00
[2023-05-18T00:00:06.505+0000] {processor.py:179} INFO - Processing /home/airflow/.local/lib/python3.7/site-packages/airflow/example_dags/example_short_circuit_operator.py took 0.058 seconds
[2023-05-18T00:00:37.110+0000] {processor.py:157} INFO - Started process (PID=1593) to work on /home/airflow/.local/lib/python3.7/site-packages/airflow/example_dags/example_short_circuit_operator.py
[2023-05-18T00:00:37.111+0000] {processor.py:826} INFO - Processing file /home/airflow/.local/lib/python3.7/site-packages/airflow/example_dags/example_short_circuit_operator.py for tasks to queue
[2023-05-18T00:00:37.111+0000] {logging_mixin.py:149} INFO - [2023-05-18T00:00:37.111+0000] {dagbag.py:541} INFO - Filling up the DagBag from /home/airflow/.local/lib/python3.7/site-packages/airflow/example_dags/example_short_circuit_operator.py
[2023-05-18T00:00:37.115+0000] {processor.py:836} INFO - DAG(s) dict_keys(['example_short_circuit_operator']) retrieved from /home/airflow/.local/lib/python3.7/site-packages/airflow/example_dags/example_short_circuit_operator.py
[2023-05-18T00:00:37.130+0000] {logging_mixin.py:149} INFO - [2023-05-18T00:00:37.130+0000] {dag.py:2726} INFO - Sync 1 DAGs
[2023-05-18T00:00:37.143+0000] {logging_mixin.py:149} INFO - [2023-05-18T00:00:37.143+0000] {dag.py:3490} INFO - Setting next_dagrun for example_short_circuit_operator to 2023-05-17T00:00:37.143370+00:00, run_after=2023-05-18T00:00:37.143370+00:00
[2023-05-18T00:00:37.156+0000] {processor.py:179} INFO - Processing /home/airflow/.local/lib/python3.7/site-packages/airflow/example_dags/example_short_circuit_operator.py took 0.047 seconds
[2023-05-18T00:01:07.664+0000] {processor.py:157} INFO - Started process (PID=1657) to work on /home/airflow/.local/lib/python3.7/site-packages/airflow/example_dags/example_short_circuit_operator.py
[2023-05-18T00:01:07.664+0000] {processor.py:826} INFO - Processing file /home/airflow/.local/lib/python3.7/site-packages/airflow/example_dags/example_short_circuit_operator.py for tasks to queue
[2023-05-18T00:01:07.664+0000] {logging_mixin.py:149} INFO - [2023-05-18T00:01:07.664+0000] {dagbag.py:541} INFO - Filling up the DagBag from /home/airflow/.local/lib/python3.7/site-packages/airflow/example_dags/example_short_circuit_operator.py
[2023-05-18T00:01:07.669+0000] {processor.py:836} INFO - DAG(s) dict_keys(['example_short_circuit_operator']) retrieved from /home/airflow/.local/lib/python3.7/site-packages/airflow/example_dags/example_short_circuit_operator.py
[2023-05-18T00:01:07.684+0000] {logging_mixin.py:149} INFO - [2023-05-18T00:01:07.684+0000] {dag.py:2726} INFO - Sync 1 DAGs
[2023-05-18T00:01:07.698+0000] {logging_mixin.py:149} INFO - [2023-05-18T00:01:07.698+0000] {dag.py:3490} INFO - Setting next_dagrun for example_short_circuit_operator to 2023-05-17T00:01:07.698374+00:00, run_after=2023-05-18T00:01:07.698374+00:00
[2023-05-18T00:01:07.710+0000] {processor.py:179} INFO - Processing /home/airflow/.local/lib/python3.7/site-packages/airflow/example_dags/example_short_circuit_operator.py took 0.048 seconds
[2023-05-18T00:01:38.231+0000] {processor.py:157} INFO - Started process (PID=1721) to work on /home/airflow/.local/lib/python3.7/site-packages/airflow/example_dags/example_short_circuit_operator.py
[2023-05-18T00:01:38.238+0000] {processor.py:826} INFO - Processing file /home/airflow/.local/lib/python3.7/site-packages/airflow/example_dags/example_short_circuit_operator.py for tasks to queue
[2023-05-18T00:01:38.238+0000] {logging_mixin.py:149} INFO - [2023-05-18T00:01:38.238+0000] {dagbag.py:541} INFO - Filling up the DagBag from /home/airflow/.local/lib/python3.7/site-packages/airflow/example_dags/example_short_circuit_operator.py
[2023-05-18T00:01:38.243+0000] {processor.py:836} INFO - DAG(s) dict_keys(['example_short_circuit_operator']) retrieved from /home/airflow/.local/lib/python3.7/site-packages/airflow/example_dags/example_short_circuit_operator.py
[2023-05-18T00:01:38.258+0000] {logging_mixin.py:149} INFO - [2023-05-18T00:01:38.258+0000] {dag.py:2726} INFO - Sync 1 DAGs
[2023-05-18T00:01:38.273+0000] {logging_mixin.py:149} INFO - [2023-05-18T00:01:38.272+0000] {dag.py:3490} INFO - Setting next_dagrun for example_short_circuit_operator to 2023-05-17T00:01:38.272761+00:00, run_after=2023-05-18T00:01:38.272761+00:00
[2023-05-18T00:01:38.285+0000] {processor.py:179} INFO - Processing /home/airflow/.local/lib/python3.7/site-packages/airflow/example_dags/example_short_circuit_operator.py took 0.055 seconds
[2023-05-18T00:02:08.855+0000] {processor.py:157} INFO - Started process (PID=1785) to work on /home/airflow/.local/lib/python3.7/site-packages/airflow/example_dags/example_short_circuit_operator.py
[2023-05-18T00:02:08.856+0000] {processor.py:826} INFO - Processing file /home/airflow/.local/lib/python3.7/site-packages/airflow/example_dags/example_short_circuit_operator.py for tasks to queue
[2023-05-18T00:02:08.856+0000] {logging_mixin.py:149} INFO - [2023-05-18T00:02:08.856+0000] {dagbag.py:541} INFO - Filling up the DagBag from /home/airflow/.local/lib/python3.7/site-packages/airflow/example_dags/example_short_circuit_operator.py
[2023-05-18T00:02:08.860+0000] {processor.py:836} INFO - DAG(s) dict_keys(['example_short_circuit_operator']) retrieved from /home/airflow/.local/lib/python3.7/site-packages/airflow/example_dags/example_short_circuit_operator.py
[2023-05-18T00:02:08.875+0000] {logging_mixin.py:149} INFO - [2023-05-18T00:02:08.875+0000] {dag.py:2726} INFO - Sync 1 DAGs
[2023-05-18T00:02:08.889+0000] {logging_mixin.py:149} INFO - [2023-05-18T00:02:08.889+0000] {dag.py:3490} INFO - Setting next_dagrun for example_short_circuit_operator to 2023-05-17T00:02:08.889212+00:00, run_after=2023-05-18T00:02:08.889212+00:00
[2023-05-18T00:02:08.902+0000] {processor.py:179} INFO - Processing /home/airflow/.local/lib/python3.7/site-packages/airflow/example_dags/example_short_circuit_operator.py took 0.049 seconds
[2023-05-18T00:02:39.533+0000] {processor.py:157} INFO - Started process (PID=1849) to work on /home/airflow/.local/lib/python3.7/site-packages/airflow/example_dags/example_short_circuit_operator.py
[2023-05-18T00:02:39.543+0000] {processor.py:826} INFO - Processing file /home/airflow/.local/lib/python3.7/site-packages/airflow/example_dags/example_short_circuit_operator.py for tasks to queue
[2023-05-18T00:02:39.544+0000] {logging_mixin.py:149} INFO - [2023-05-18T00:02:39.544+0000] {dagbag.py:541} INFO - Filling up the DagBag from /home/airflow/.local/lib/python3.7/site-packages/airflow/example_dags/example_short_circuit_operator.py
[2023-05-18T00:02:39.548+0000] {processor.py:836} INFO - DAG(s) dict_keys(['example_short_circuit_operator']) retrieved from /home/airflow/.local/lib/python3.7/site-packages/airflow/example_dags/example_short_circuit_operator.py
[2023-05-18T00:02:39.563+0000] {logging_mixin.py:149} INFO - [2023-05-18T00:02:39.563+0000] {dag.py:2726} INFO - Sync 1 DAGs
[2023-05-18T00:02:39.577+0000] {logging_mixin.py:149} INFO - [2023-05-18T00:02:39.577+0000] {dag.py:3490} INFO - Setting next_dagrun for example_short_circuit_operator to 2023-05-17T00:02:39.577171+00:00, run_after=2023-05-18T00:02:39.577171+00:00
[2023-05-18T00:02:39.609+0000] {processor.py:179} INFO - Processing /home/airflow/.local/lib/python3.7/site-packages/airflow/example_dags/example_short_circuit_operator.py took 0.078 seconds
[2023-05-18T00:03:10.220+0000] {processor.py:157} INFO - Started process (PID=1913) to work on /home/airflow/.local/lib/python3.7/site-packages/airflow/example_dags/example_short_circuit_operator.py
[2023-05-18T00:03:10.228+0000] {processor.py:826} INFO - Processing file /home/airflow/.local/lib/python3.7/site-packages/airflow/example_dags/example_short_circuit_operator.py for tasks to queue
[2023-05-18T00:03:10.229+0000] {logging_mixin.py:149} INFO - [2023-05-18T00:03:10.229+0000] {dagbag.py:541} INFO - Filling up the DagBag from /home/airflow/.local/lib/python3.7/site-packages/airflow/example_dags/example_short_circuit_operator.py
[2023-05-18T00:03:10.233+0000] {processor.py:836} INFO - DAG(s) dict_keys(['example_short_circuit_operator']) retrieved from /home/airflow/.local/lib/python3.7/site-packages/airflow/example_dags/example_short_circuit_operator.py
[2023-05-18T00:03:10.250+0000] {logging_mixin.py:149} INFO - [2023-05-18T00:03:10.249+0000] {dag.py:2726} INFO - Sync 1 DAGs
[2023-05-18T00:03:10.265+0000] {logging_mixin.py:149} INFO - [2023-05-18T00:03:10.265+0000] {dag.py:3490} INFO - Setting next_dagrun for example_short_circuit_operator to 2023-05-17T00:03:10.265195+00:00, run_after=2023-05-18T00:03:10.265195+00:00
[2023-05-18T00:03:10.277+0000] {processor.py:179} INFO - Processing /home/airflow/.local/lib/python3.7/site-packages/airflow/example_dags/example_short_circuit_operator.py took 0.060 seconds
[2023-05-18T00:03:40.829+0000] {processor.py:157} INFO - Started process (PID=1977) to work on /home/airflow/.local/lib/python3.7/site-packages/airflow/example_dags/example_short_circuit_operator.py
[2023-05-18T00:03:40.841+0000] {processor.py:826} INFO - Processing file /home/airflow/.local/lib/python3.7/site-packages/airflow/example_dags/example_short_circuit_operator.py for tasks to queue
[2023-05-18T00:03:40.841+0000] {logging_mixin.py:149} INFO - [2023-05-18T00:03:40.841+0000] {dagbag.py:541} INFO - Filling up the DagBag from /home/airflow/.local/lib/python3.7/site-packages/airflow/example_dags/example_short_circuit_operator.py
[2023-05-18T00:03:40.846+0000] {processor.py:836} INFO - DAG(s) dict_keys(['example_short_circuit_operator']) retrieved from /home/airflow/.local/lib/python3.7/site-packages/airflow/example_dags/example_short_circuit_operator.py
[2023-05-18T00:03:40.862+0000] {logging_mixin.py:149} INFO - [2023-05-18T00:03:40.862+0000] {dag.py:2726} INFO - Sync 1 DAGs
[2023-05-18T00:03:40.876+0000] {logging_mixin.py:149} INFO - [2023-05-18T00:03:40.876+0000] {dag.py:3490} INFO - Setting next_dagrun for example_short_circuit_operator to 2023-05-17T00:03:40.876331+00:00, run_after=2023-05-18T00:03:40.876331+00:00
[2023-05-18T00:03:40.908+0000] {processor.py:179} INFO - Processing /home/airflow/.local/lib/python3.7/site-packages/airflow/example_dags/example_short_circuit_operator.py took 0.081 seconds
[2023-05-18T00:04:11.443+0000] {processor.py:157} INFO - Started process (PID=2041) to work on /home/airflow/.local/lib/python3.7/site-packages/airflow/example_dags/example_short_circuit_operator.py
[2023-05-18T00:04:11.455+0000] {processor.py:826} INFO - Processing file /home/airflow/.local/lib/python3.7/site-packages/airflow/example_dags/example_short_circuit_operator.py for tasks to queue
[2023-05-18T00:04:11.456+0000] {logging_mixin.py:149} INFO - [2023-05-18T00:04:11.455+0000] {dagbag.py:541} INFO - Filling up the DagBag from /home/airflow/.local/lib/python3.7/site-packages/airflow/example_dags/example_short_circuit_operator.py
[2023-05-18T00:04:11.460+0000] {processor.py:836} INFO - DAG(s) dict_keys(['example_short_circuit_operator']) retrieved from /home/airflow/.local/lib/python3.7/site-packages/airflow/example_dags/example_short_circuit_operator.py
[2023-05-18T00:04:11.474+0000] {logging_mixin.py:149} INFO - [2023-05-18T00:04:11.474+0000] {dag.py:2726} INFO - Sync 1 DAGs
[2023-05-18T00:04:11.488+0000] {logging_mixin.py:149} INFO - [2023-05-18T00:04:11.488+0000] {dag.py:3490} INFO - Setting next_dagrun for example_short_circuit_operator to 2023-05-17T00:04:11.488183+00:00, run_after=2023-05-18T00:04:11.488183+00:00
[2023-05-18T00:04:11.501+0000] {processor.py:179} INFO - Processing /home/airflow/.local/lib/python3.7/site-packages/airflow/example_dags/example_short_circuit_operator.py took 0.060 seconds
[2023-05-18T00:04:42.082+0000] {processor.py:157} INFO - Started process (PID=2105) to work on /home/airflow/.local/lib/python3.7/site-packages/airflow/example_dags/example_short_circuit_operator.py
[2023-05-18T00:04:42.091+0000] {processor.py:826} INFO - Processing file /home/airflow/.local/lib/python3.7/site-packages/airflow/example_dags/example_short_circuit_operator.py for tasks to queue
[2023-05-18T00:04:42.092+0000] {logging_mixin.py:149} INFO - [2023-05-18T00:04:42.092+0000] {dagbag.py:541} INFO - Filling up the DagBag from /home/airflow/.local/lib/python3.7/site-packages/airflow/example_dags/example_short_circuit_operator.py
[2023-05-18T00:04:42.096+0000] {processor.py:836} INFO - DAG(s) dict_keys(['example_short_circuit_operator']) retrieved from /home/airflow/.local/lib/python3.7/site-packages/airflow/example_dags/example_short_circuit_operator.py
[2023-05-18T00:04:42.111+0000] {logging_mixin.py:149} INFO - [2023-05-18T00:04:42.111+0000] {dag.py:2726} INFO - Sync 1 DAGs
[2023-05-18T00:04:42.125+0000] {logging_mixin.py:149} INFO - [2023-05-18T00:04:42.125+0000] {dag.py:3490} INFO - Setting next_dagrun for example_short_circuit_operator to 2023-05-17T00:04:42.125052+00:00, run_after=2023-05-18T00:04:42.125052+00:00
[2023-05-18T00:04:42.158+0000] {processor.py:179} INFO - Processing /home/airflow/.local/lib/python3.7/site-packages/airflow/example_dags/example_short_circuit_operator.py took 0.078 seconds
[2023-05-18T00:05:12.774+0000] {processor.py:157} INFO - Started process (PID=2169) to work on /home/airflow/.local/lib/python3.7/site-packages/airflow/example_dags/example_short_circuit_operator.py
[2023-05-18T00:05:12.785+0000] {processor.py:826} INFO - Processing file /home/airflow/.local/lib/python3.7/site-packages/airflow/example_dags/example_short_circuit_operator.py for tasks to queue
[2023-05-18T00:05:12.786+0000] {logging_mixin.py:149} INFO - [2023-05-18T00:05:12.786+0000] {dagbag.py:541} INFO - Filling up the DagBag from /home/airflow/.local/lib/python3.7/site-packages/airflow/example_dags/example_short_circuit_operator.py
[2023-05-18T00:05:12.791+0000] {processor.py:836} INFO - DAG(s) dict_keys(['example_short_circuit_operator']) retrieved from /home/airflow/.local/lib/python3.7/site-packages/airflow/example_dags/example_short_circuit_operator.py
[2023-05-18T00:05:12.808+0000] {logging_mixin.py:149} INFO - [2023-05-18T00:05:12.808+0000] {dag.py:2726} INFO - Sync 1 DAGs
[2023-05-18T00:05:12.823+0000] {logging_mixin.py:149} INFO - [2023-05-18T00:05:12.822+0000] {dag.py:3490} INFO - Setting next_dagrun for example_short_circuit_operator to 2023-05-17T00:05:12.822795+00:00, run_after=2023-05-18T00:05:12.822795+00:00
[2023-05-18T00:05:12.835+0000] {processor.py:179} INFO - Processing /home/airflow/.local/lib/python3.7/site-packages/airflow/example_dags/example_short_circuit_operator.py took 0.063 seconds
[2023-05-18T00:05:43.498+0000] {processor.py:157} INFO - Started process (PID=2233) to work on /home/airflow/.local/lib/python3.7/site-packages/airflow/example_dags/example_short_circuit_operator.py
[2023-05-18T00:05:43.504+0000] {processor.py:826} INFO - Processing file /home/airflow/.local/lib/python3.7/site-packages/airflow/example_dags/example_short_circuit_operator.py for tasks to queue
[2023-05-18T00:05:43.505+0000] {logging_mixin.py:149} INFO - [2023-05-18T00:05:43.505+0000] {dagbag.py:541} INFO - Filling up the DagBag from /home/airflow/.local/lib/python3.7/site-packages/airflow/example_dags/example_short_circuit_operator.py
[2023-05-18T00:05:43.511+0000] {processor.py:836} INFO - DAG(s) dict_keys(['example_short_circuit_operator']) retrieved from /home/airflow/.local/lib/python3.7/site-packages/airflow/example_dags/example_short_circuit_operator.py
[2023-05-18T00:05:43.530+0000] {logging_mixin.py:149} INFO - [2023-05-18T00:05:43.530+0000] {dag.py:2726} INFO - Sync 1 DAGs
[2023-05-18T00:05:43.547+0000] {logging_mixin.py:149} INFO - [2023-05-18T00:05:43.547+0000] {dag.py:3490} INFO - Setting next_dagrun for example_short_circuit_operator to 2023-05-17T00:05:43.547029+00:00, run_after=2023-05-18T00:05:43.547029+00:00
[2023-05-18T00:05:43.581+0000] {processor.py:179} INFO - Processing /home/airflow/.local/lib/python3.7/site-packages/airflow/example_dags/example_short_circuit_operator.py took 0.086 seconds
[2023-05-18T00:06:13.710+0000] {processor.py:157} INFO - Started process (PID=2297) to work on /home/airflow/.local/lib/python3.7/site-packages/airflow/example_dags/example_short_circuit_operator.py
[2023-05-18T00:06:13.721+0000] {processor.py:826} INFO - Processing file /home/airflow/.local/lib/python3.7/site-packages/airflow/example_dags/example_short_circuit_operator.py for tasks to queue
[2023-05-18T00:06:13.722+0000] {logging_mixin.py:149} INFO - [2023-05-18T00:06:13.721+0000] {dagbag.py:541} INFO - Filling up the DagBag from /home/airflow/.local/lib/python3.7/site-packages/airflow/example_dags/example_short_circuit_operator.py
[2023-05-18T00:06:13.726+0000] {processor.py:836} INFO - DAG(s) dict_keys(['example_short_circuit_operator']) retrieved from /home/airflow/.local/lib/python3.7/site-packages/airflow/example_dags/example_short_circuit_operator.py
[2023-05-18T00:06:13.742+0000] {logging_mixin.py:149} INFO - [2023-05-18T00:06:13.742+0000] {dag.py:2726} INFO - Sync 1 DAGs
[2023-05-18T00:06:13.759+0000] {logging_mixin.py:149} INFO - [2023-05-18T00:06:13.759+0000] {dag.py:3490} INFO - Setting next_dagrun for example_short_circuit_operator to 2023-05-17T00:06:13.759194+00:00, run_after=2023-05-18T00:06:13.759194+00:00
[2023-05-18T00:06:13.772+0000] {processor.py:179} INFO - Processing /home/airflow/.local/lib/python3.7/site-packages/airflow/example_dags/example_short_circuit_operator.py took 0.064 seconds
[2023-05-18T00:06:43.910+0000] {processor.py:157} INFO - Started process (PID=2361) to work on /home/airflow/.local/lib/python3.7/site-packages/airflow/example_dags/example_short_circuit_operator.py
[2023-05-18T00:06:43.920+0000] {processor.py:826} INFO - Processing file /home/airflow/.local/lib/python3.7/site-packages/airflow/example_dags/example_short_circuit_operator.py for tasks to queue
[2023-05-18T00:06:43.921+0000] {logging_mixin.py:149} INFO - [2023-05-18T00:06:43.921+0000] {dagbag.py:541} INFO - Filling up the DagBag from /home/airflow/.local/lib/python3.7/site-packages/airflow/example_dags/example_short_circuit_operator.py
[2023-05-18T00:06:43.925+0000] {processor.py:836} INFO - DAG(s) dict_keys(['example_short_circuit_operator']) retrieved from /home/airflow/.local/lib/python3.7/site-packages/airflow/example_dags/example_short_circuit_operator.py
[2023-05-18T00:06:43.941+0000] {logging_mixin.py:149} INFO - [2023-05-18T00:06:43.941+0000] {dag.py:2726} INFO - Sync 1 DAGs
[2023-05-18T00:06:43.955+0000] {logging_mixin.py:149} INFO - [2023-05-18T00:06:43.954+0000] {dag.py:3490} INFO - Setting next_dagrun for example_short_circuit_operator to 2023-05-17T00:06:43.954731+00:00, run_after=2023-05-18T00:06:43.954731+00:00
[2023-05-18T00:06:43.966+0000] {processor.py:179} INFO - Processing /home/airflow/.local/lib/python3.7/site-packages/airflow/example_dags/example_short_circuit_operator.py took 0.058 seconds
[2023-05-18T00:07:14.830+0000] {processor.py:157} INFO - Started process (PID=2425) to work on /home/airflow/.local/lib/python3.7/site-packages/airflow/example_dags/example_short_circuit_operator.py
[2023-05-18T00:07:14.839+0000] {processor.py:826} INFO - Processing file /home/airflow/.local/lib/python3.7/site-packages/airflow/example_dags/example_short_circuit_operator.py for tasks to queue
[2023-05-18T00:07:14.840+0000] {logging_mixin.py:149} INFO - [2023-05-18T00:07:14.840+0000] {dagbag.py:541} INFO - Filling up the DagBag from /home/airflow/.local/lib/python3.7/site-packages/airflow/example_dags/example_short_circuit_operator.py
[2023-05-18T00:07:14.845+0000] {processor.py:836} INFO - DAG(s) dict_keys(['example_short_circuit_operator']) retrieved from /home/airflow/.local/lib/python3.7/site-packages/airflow/example_dags/example_short_circuit_operator.py
[2023-05-18T00:07:14.862+0000] {logging_mixin.py:149} INFO - [2023-05-18T00:07:14.862+0000] {dag.py:2726} INFO - Sync 1 DAGs
[2023-05-18T00:07:14.877+0000] {logging_mixin.py:149} INFO - [2023-05-18T00:07:14.877+0000] {dag.py:3490} INFO - Setting next_dagrun for example_short_circuit_operator to 2023-05-17T00:07:14.877003+00:00, run_after=2023-05-18T00:07:14.877003+00:00
[2023-05-18T00:07:14.890+0000] {processor.py:179} INFO - Processing /home/airflow/.local/lib/python3.7/site-packages/airflow/example_dags/example_short_circuit_operator.py took 0.062 seconds
[2023-05-18T00:07:45.595+0000] {processor.py:157} INFO - Started process (PID=2488) to work on /home/airflow/.local/lib/python3.7/site-packages/airflow/example_dags/example_short_circuit_operator.py
[2023-05-18T00:07:45.604+0000] {processor.py:826} INFO - Processing file /home/airflow/.local/lib/python3.7/site-packages/airflow/example_dags/example_short_circuit_operator.py for tasks to queue
[2023-05-18T00:07:45.604+0000] {logging_mixin.py:149} INFO - [2023-05-18T00:07:45.604+0000] {dagbag.py:541} INFO - Filling up the DagBag from /home/airflow/.local/lib/python3.7/site-packages/airflow/example_dags/example_short_circuit_operator.py
[2023-05-18T00:07:45.609+0000] {processor.py:836} INFO - DAG(s) dict_keys(['example_short_circuit_operator']) retrieved from /home/airflow/.local/lib/python3.7/site-packages/airflow/example_dags/example_short_circuit_operator.py
[2023-05-18T00:07:45.625+0000] {logging_mixin.py:149} INFO - [2023-05-18T00:07:45.625+0000] {dag.py:2726} INFO - Sync 1 DAGs
[2023-05-18T00:07:45.640+0000] {logging_mixin.py:149} INFO - [2023-05-18T00:07:45.640+0000] {dag.py:3490} INFO - Setting next_dagrun for example_short_circuit_operator to 2023-05-17T00:07:45.640071+00:00, run_after=2023-05-18T00:07:45.640071+00:00
[2023-05-18T00:07:45.674+0000] {processor.py:179} INFO - Processing /home/airflow/.local/lib/python3.7/site-packages/airflow/example_dags/example_short_circuit_operator.py took 0.081 seconds
[2023-05-18T00:08:16.447+0000] {processor.py:157} INFO - Started process (PID=2552) to work on /home/airflow/.local/lib/python3.7/site-packages/airflow/example_dags/example_short_circuit_operator.py
[2023-05-18T00:08:16.457+0000] {processor.py:826} INFO - Processing file /home/airflow/.local/lib/python3.7/site-packages/airflow/example_dags/example_short_circuit_operator.py for tasks to queue
[2023-05-18T00:08:16.457+0000] {logging_mixin.py:149} INFO - [2023-05-18T00:08:16.457+0000] {dagbag.py:541} INFO - Filling up the DagBag from /home/airflow/.local/lib/python3.7/site-packages/airflow/example_dags/example_short_circuit_operator.py
[2023-05-18T00:08:16.462+0000] {processor.py:836} INFO - DAG(s) dict_keys(['example_short_circuit_operator']) retrieved from /home/airflow/.local/lib/python3.7/site-packages/airflow/example_dags/example_short_circuit_operator.py
[2023-05-18T00:08:16.479+0000] {logging_mixin.py:149} INFO - [2023-05-18T00:08:16.478+0000] {dag.py:2726} INFO - Sync 1 DAGs
[2023-05-18T00:08:16.495+0000] {logging_mixin.py:149} INFO - [2023-05-18T00:08:16.495+0000] {dag.py:3490} INFO - Setting next_dagrun for example_short_circuit_operator to 2023-05-17T00:08:16.495023+00:00, run_after=2023-05-18T00:08:16.495023+00:00
[2023-05-18T00:08:16.510+0000] {processor.py:179} INFO - Processing /home/airflow/.local/lib/python3.7/site-packages/airflow/example_dags/example_short_circuit_operator.py took 0.065 seconds
[2023-05-18T00:08:47.154+0000] {processor.py:157} INFO - Started process (PID=2616) to work on /home/airflow/.local/lib/python3.7/site-packages/airflow/example_dags/example_short_circuit_operator.py
[2023-05-18T00:08:47.155+0000] {processor.py:826} INFO - Processing file /home/airflow/.local/lib/python3.7/site-packages/airflow/example_dags/example_short_circuit_operator.py for tasks to queue
[2023-05-18T00:08:47.155+0000] {logging_mixin.py:149} INFO - [2023-05-18T00:08:47.155+0000] {dagbag.py:541} INFO - Filling up the DagBag from /home/airflow/.local/lib/python3.7/site-packages/airflow/example_dags/example_short_circuit_operator.py
[2023-05-18T00:08:47.160+0000] {processor.py:836} INFO - DAG(s) dict_keys(['example_short_circuit_operator']) retrieved from /home/airflow/.local/lib/python3.7/site-packages/airflow/example_dags/example_short_circuit_operator.py
[2023-05-18T00:08:47.177+0000] {logging_mixin.py:149} INFO - [2023-05-18T00:08:47.177+0000] {dag.py:2726} INFO - Sync 1 DAGs
[2023-05-18T00:08:47.191+0000] {logging_mixin.py:149} INFO - [2023-05-18T00:08:47.191+0000] {dag.py:3490} INFO - Setting next_dagrun for example_short_circuit_operator to 2023-05-17T00:08:47.191592+00:00, run_after=2023-05-18T00:08:47.191592+00:00
[2023-05-18T00:08:47.205+0000] {processor.py:179} INFO - Processing /home/airflow/.local/lib/python3.7/site-packages/airflow/example_dags/example_short_circuit_operator.py took 0.053 seconds
[2023-05-18T00:09:17.913+0000] {processor.py:157} INFO - Started process (PID=2687) to work on /home/airflow/.local/lib/python3.7/site-packages/airflow/example_dags/example_short_circuit_operator.py
[2023-05-18T00:09:17.924+0000] {processor.py:826} INFO - Processing file /home/airflow/.local/lib/python3.7/site-packages/airflow/example_dags/example_short_circuit_operator.py for tasks to queue
[2023-05-18T00:09:17.925+0000] {logging_mixin.py:149} INFO - [2023-05-18T00:09:17.925+0000] {dagbag.py:541} INFO - Filling up the DagBag from /home/airflow/.local/lib/python3.7/site-packages/airflow/example_dags/example_short_circuit_operator.py
[2023-05-18T00:09:17.929+0000] {processor.py:836} INFO - DAG(s) dict_keys(['example_short_circuit_operator']) retrieved from /home/airflow/.local/lib/python3.7/site-packages/airflow/example_dags/example_short_circuit_operator.py
[2023-05-18T00:09:17.945+0000] {logging_mixin.py:149} INFO - [2023-05-18T00:09:17.945+0000] {dag.py:2726} INFO - Sync 1 DAGs
[2023-05-18T00:09:17.959+0000] {logging_mixin.py:149} INFO - [2023-05-18T00:09:17.959+0000] {dag.py:3490} INFO - Setting next_dagrun for example_short_circuit_operator to 2023-05-17T00:09:17.959046+00:00, run_after=2023-05-18T00:09:17.959046+00:00
[2023-05-18T00:09:17.990+0000] {processor.py:179} INFO - Processing /home/airflow/.local/lib/python3.7/site-packages/airflow/example_dags/example_short_circuit_operator.py took 0.079 seconds
[2023-05-18T00:09:48.651+0000] {processor.py:157} INFO - Started process (PID=2751) to work on /home/airflow/.local/lib/python3.7/site-packages/airflow/example_dags/example_short_circuit_operator.py
[2023-05-18T00:09:48.652+0000] {processor.py:826} INFO - Processing file /home/airflow/.local/lib/python3.7/site-packages/airflow/example_dags/example_short_circuit_operator.py for tasks to queue
[2023-05-18T00:09:48.652+0000] {logging_mixin.py:149} INFO - [2023-05-18T00:09:48.652+0000] {dagbag.py:541} INFO - Filling up the DagBag from /home/airflow/.local/lib/python3.7/site-packages/airflow/example_dags/example_short_circuit_operator.py
[2023-05-18T00:09:48.657+0000] {processor.py:836} INFO - DAG(s) dict_keys(['example_short_circuit_operator']) retrieved from /home/airflow/.local/lib/python3.7/site-packages/airflow/example_dags/example_short_circuit_operator.py
[2023-05-18T00:09:48.673+0000] {logging_mixin.py:149} INFO - [2023-05-18T00:09:48.673+0000] {dag.py:2726} INFO - Sync 1 DAGs
[2023-05-18T00:09:48.688+0000] {logging_mixin.py:149} INFO - [2023-05-18T00:09:48.688+0000] {dag.py:3490} INFO - Setting next_dagrun for example_short_circuit_operator to 2023-05-17T00:09:48.687844+00:00, run_after=2023-05-18T00:09:48.687844+00:00
[2023-05-18T00:09:48.701+0000] {processor.py:179} INFO - Processing /home/airflow/.local/lib/python3.7/site-packages/airflow/example_dags/example_short_circuit_operator.py took 0.051 seconds
[2023-05-18T00:10:19.359+0000] {processor.py:157} INFO - Started process (PID=2815) to work on /home/airflow/.local/lib/python3.7/site-packages/airflow/example_dags/example_short_circuit_operator.py
[2023-05-18T00:10:19.370+0000] {processor.py:826} INFO - Processing file /home/airflow/.local/lib/python3.7/site-packages/airflow/example_dags/example_short_circuit_operator.py for tasks to queue
[2023-05-18T00:10:19.370+0000] {logging_mixin.py:149} INFO - [2023-05-18T00:10:19.370+0000] {dagbag.py:541} INFO - Filling up the DagBag from /home/airflow/.local/lib/python3.7/site-packages/airflow/example_dags/example_short_circuit_operator.py
[2023-05-18T00:10:19.375+0000] {processor.py:836} INFO - DAG(s) dict_keys(['example_short_circuit_operator']) retrieved from /home/airflow/.local/lib/python3.7/site-packages/airflow/example_dags/example_short_circuit_operator.py
[2023-05-18T00:10:19.391+0000] {logging_mixin.py:149} INFO - [2023-05-18T00:10:19.391+0000] {dag.py:2726} INFO - Sync 1 DAGs
[2023-05-18T00:10:19.406+0000] {logging_mixin.py:149} INFO - [2023-05-18T00:10:19.406+0000] {dag.py:3490} INFO - Setting next_dagrun for example_short_circuit_operator to 2023-05-17T00:10:19.405806+00:00, run_after=2023-05-18T00:10:19.405806+00:00
[2023-05-18T00:10:19.418+0000] {processor.py:179} INFO - Processing /home/airflow/.local/lib/python3.7/site-packages/airflow/example_dags/example_short_circuit_operator.py took 0.061 seconds
[2023-05-18T00:10:50.069+0000] {processor.py:157} INFO - Started process (PID=2879) to work on /home/airflow/.local/lib/python3.7/site-packages/airflow/example_dags/example_short_circuit_operator.py
[2023-05-18T00:10:50.069+0000] {processor.py:826} INFO - Processing file /home/airflow/.local/lib/python3.7/site-packages/airflow/example_dags/example_short_circuit_operator.py for tasks to queue
[2023-05-18T00:10:50.070+0000] {logging_mixin.py:149} INFO - [2023-05-18T00:10:50.070+0000] {dagbag.py:541} INFO - Filling up the DagBag from /home/airflow/.local/lib/python3.7/site-packages/airflow/example_dags/example_short_circuit_operator.py
[2023-05-18T00:10:50.075+0000] {processor.py:836} INFO - DAG(s) dict_keys(['example_short_circuit_operator']) retrieved from /home/airflow/.local/lib/python3.7/site-packages/airflow/example_dags/example_short_circuit_operator.py
[2023-05-18T00:10:50.091+0000] {logging_mixin.py:149} INFO - [2023-05-18T00:10:50.091+0000] {dag.py:2726} INFO - Sync 1 DAGs
[2023-05-18T00:10:50.106+0000] {logging_mixin.py:149} INFO - [2023-05-18T00:10:50.106+0000] {dag.py:3490} INFO - Setting next_dagrun for example_short_circuit_operator to 2023-05-17T00:10:50.105978+00:00, run_after=2023-05-18T00:10:50.105978+00:00
[2023-05-18T00:10:50.119+0000] {processor.py:179} INFO - Processing /home/airflow/.local/lib/python3.7/site-packages/airflow/example_dags/example_short_circuit_operator.py took 0.053 seconds
[2023-05-18T00:11:20.787+0000] {processor.py:157} INFO - Started process (PID=2943) to work on /home/airflow/.local/lib/python3.7/site-packages/airflow/example_dags/example_short_circuit_operator.py
[2023-05-18T00:11:20.796+0000] {processor.py:826} INFO - Processing file /home/airflow/.local/lib/python3.7/site-packages/airflow/example_dags/example_short_circuit_operator.py for tasks to queue
[2023-05-18T00:11:20.797+0000] {logging_mixin.py:149} INFO - [2023-05-18T00:11:20.797+0000] {dagbag.py:541} INFO - Filling up the DagBag from /home/airflow/.local/lib/python3.7/site-packages/airflow/example_dags/example_short_circuit_operator.py
[2023-05-18T00:11:20.801+0000] {processor.py:836} INFO - DAG(s) dict_keys(['example_short_circuit_operator']) retrieved from /home/airflow/.local/lib/python3.7/site-packages/airflow/example_dags/example_short_circuit_operator.py
[2023-05-18T00:11:20.817+0000] {logging_mixin.py:149} INFO - [2023-05-18T00:11:20.817+0000] {dag.py:2726} INFO - Sync 1 DAGs
[2023-05-18T00:11:20.832+0000] {logging_mixin.py:149} INFO - [2023-05-18T00:11:20.832+0000] {dag.py:3490} INFO - Setting next_dagrun for example_short_circuit_operator to 2023-05-17T00:11:20.832335+00:00, run_after=2023-05-18T00:11:20.832335+00:00
[2023-05-18T00:11:20.865+0000] {processor.py:179} INFO - Processing /home/airflow/.local/lib/python3.7/site-packages/airflow/example_dags/example_short_circuit_operator.py took 0.079 seconds
[2023-05-18T00:11:51.468+0000] {processor.py:157} INFO - Started process (PID=3007) to work on /home/airflow/.local/lib/python3.7/site-packages/airflow/example_dags/example_short_circuit_operator.py
[2023-05-18T00:11:51.479+0000] {processor.py:826} INFO - Processing file /home/airflow/.local/lib/python3.7/site-packages/airflow/example_dags/example_short_circuit_operator.py for tasks to queue
[2023-05-18T00:11:51.479+0000] {logging_mixin.py:149} INFO - [2023-05-18T00:11:51.479+0000] {dagbag.py:541} INFO - Filling up the DagBag from /home/airflow/.local/lib/python3.7/site-packages/airflow/example_dags/example_short_circuit_operator.py
[2023-05-18T00:11:51.484+0000] {processor.py:836} INFO - DAG(s) dict_keys(['example_short_circuit_operator']) retrieved from /home/airflow/.local/lib/python3.7/site-packages/airflow/example_dags/example_short_circuit_operator.py
[2023-05-18T00:11:51.501+0000] {logging_mixin.py:149} INFO - [2023-05-18T00:11:51.501+0000] {dag.py:2726} INFO - Sync 1 DAGs
[2023-05-18T00:11:51.516+0000] {logging_mixin.py:149} INFO - [2023-05-18T00:11:51.516+0000] {dag.py:3490} INFO - Setting next_dagrun for example_short_circuit_operator to 2023-05-17T00:11:51.516557+00:00, run_after=2023-05-18T00:11:51.516557+00:00
[2023-05-18T00:11:51.548+0000] {processor.py:179} INFO - Processing /home/airflow/.local/lib/python3.7/site-packages/airflow/example_dags/example_short_circuit_operator.py took 0.082 seconds
[2023-05-18T00:12:22.166+0000] {processor.py:157} INFO - Started process (PID=3071) to work on /home/airflow/.local/lib/python3.7/site-packages/airflow/example_dags/example_short_circuit_operator.py
[2023-05-18T00:12:22.177+0000] {processor.py:826} INFO - Processing file /home/airflow/.local/lib/python3.7/site-packages/airflow/example_dags/example_short_circuit_operator.py for tasks to queue
[2023-05-18T00:12:22.177+0000] {logging_mixin.py:149} INFO - [2023-05-18T00:12:22.177+0000] {dagbag.py:541} INFO - Filling up the DagBag from /home/airflow/.local/lib/python3.7/site-packages/airflow/example_dags/example_short_circuit_operator.py
[2023-05-18T00:12:22.182+0000] {processor.py:836} INFO - DAG(s) dict_keys(['example_short_circuit_operator']) retrieved from /home/airflow/.local/lib/python3.7/site-packages/airflow/example_dags/example_short_circuit_operator.py
[2023-05-18T00:12:22.198+0000] {logging_mixin.py:149} INFO - [2023-05-18T00:12:22.198+0000] {dag.py:2726} INFO - Sync 1 DAGs
[2023-05-18T00:12:22.213+0000] {logging_mixin.py:149} INFO - [2023-05-18T00:12:22.213+0000] {dag.py:3490} INFO - Setting next_dagrun for example_short_circuit_operator to 2023-05-17T00:12:22.213011+00:00, run_after=2023-05-18T00:12:22.213011+00:00
[2023-05-18T00:12:22.234+0000] {processor.py:179} INFO - Processing /home/airflow/.local/lib/python3.7/site-packages/airflow/example_dags/example_short_circuit_operator.py took 0.070 seconds
[2023-05-18T00:12:52.885+0000] {processor.py:157} INFO - Started process (PID=3135) to work on /home/airflow/.local/lib/python3.7/site-packages/airflow/example_dags/example_short_circuit_operator.py
[2023-05-18T00:12:52.893+0000] {processor.py:826} INFO - Processing file /home/airflow/.local/lib/python3.7/site-packages/airflow/example_dags/example_short_circuit_operator.py for tasks to queue
[2023-05-18T00:12:52.893+0000] {logging_mixin.py:149} INFO - [2023-05-18T00:12:52.893+0000] {dagbag.py:541} INFO - Filling up the DagBag from /home/airflow/.local/lib/python3.7/site-packages/airflow/example_dags/example_short_circuit_operator.py
[2023-05-18T00:12:52.898+0000] {processor.py:836} INFO - DAG(s) dict_keys(['example_short_circuit_operator']) retrieved from /home/airflow/.local/lib/python3.7/site-packages/airflow/example_dags/example_short_circuit_operator.py
[2023-05-18T00:12:52.914+0000] {logging_mixin.py:149} INFO - [2023-05-18T00:12:52.914+0000] {dag.py:2726} INFO - Sync 1 DAGs
[2023-05-18T00:12:52.928+0000] {logging_mixin.py:149} INFO - [2023-05-18T00:12:52.928+0000] {dag.py:3490} INFO - Setting next_dagrun for example_short_circuit_operator to 2023-05-17T00:12:52.928587+00:00, run_after=2023-05-18T00:12:52.928587+00:00
[2023-05-18T00:12:52.942+0000] {processor.py:179} INFO - Processing /home/airflow/.local/lib/python3.7/site-packages/airflow/example_dags/example_short_circuit_operator.py took 0.059 seconds
[2023-05-18T00:13:23.600+0000] {processor.py:157} INFO - Started process (PID=3199) to work on /home/airflow/.local/lib/python3.7/site-packages/airflow/example_dags/example_short_circuit_operator.py
[2023-05-18T00:13:23.610+0000] {processor.py:826} INFO - Processing file /home/airflow/.local/lib/python3.7/site-packages/airflow/example_dags/example_short_circuit_operator.py for tasks to queue
[2023-05-18T00:13:23.610+0000] {logging_mixin.py:149} INFO - [2023-05-18T00:13:23.610+0000] {dagbag.py:541} INFO - Filling up the DagBag from /home/airflow/.local/lib/python3.7/site-packages/airflow/example_dags/example_short_circuit_operator.py
[2023-05-18T00:13:23.615+0000] {processor.py:836} INFO - DAG(s) dict_keys(['example_short_circuit_operator']) retrieved from /home/airflow/.local/lib/python3.7/site-packages/airflow/example_dags/example_short_circuit_operator.py
[2023-05-18T00:13:23.630+0000] {logging_mixin.py:149} INFO - [2023-05-18T00:13:23.630+0000] {dag.py:2726} INFO - Sync 1 DAGs
[2023-05-18T00:13:23.643+0000] {logging_mixin.py:149} INFO - [2023-05-18T00:13:23.643+0000] {dag.py:3490} INFO - Setting next_dagrun for example_short_circuit_operator to 2023-05-17T00:13:23.643544+00:00, run_after=2023-05-18T00:13:23.643544+00:00
[2023-05-18T00:13:23.655+0000] {processor.py:179} INFO - Processing /home/airflow/.local/lib/python3.7/site-packages/airflow/example_dags/example_short_circuit_operator.py took 0.057 seconds
[2023-05-18T00:13:54.182+0000] {processor.py:157} INFO - Started process (PID=3263) to work on /home/airflow/.local/lib/python3.7/site-packages/airflow/example_dags/example_short_circuit_operator.py
[2023-05-18T00:13:54.183+0000] {processor.py:826} INFO - Processing file /home/airflow/.local/lib/python3.7/site-packages/airflow/example_dags/example_short_circuit_operator.py for tasks to queue
[2023-05-18T00:13:54.183+0000] {logging_mixin.py:149} INFO - [2023-05-18T00:13:54.183+0000] {dagbag.py:541} INFO - Filling up the DagBag from /home/airflow/.local/lib/python3.7/site-packages/airflow/example_dags/example_short_circuit_operator.py
[2023-05-18T00:13:54.188+0000] {processor.py:836} INFO - DAG(s) dict_keys(['example_short_circuit_operator']) retrieved from /home/airflow/.local/lib/python3.7/site-packages/airflow/example_dags/example_short_circuit_operator.py
[2023-05-18T00:13:54.204+0000] {logging_mixin.py:149} INFO - [2023-05-18T00:13:54.204+0000] {dag.py:2726} INFO - Sync 1 DAGs
[2023-05-18T00:13:54.218+0000] {logging_mixin.py:149} INFO - [2023-05-18T00:13:54.218+0000] {dag.py:3490} INFO - Setting next_dagrun for example_short_circuit_operator to 2023-05-17T00:13:54.218304+00:00, run_after=2023-05-18T00:13:54.218304+00:00
[2023-05-18T00:13:54.231+0000] {processor.py:179} INFO - Processing /home/airflow/.local/lib/python3.7/site-packages/airflow/example_dags/example_short_circuit_operator.py took 0.051 seconds
[2023-05-18T00:14:24.841+0000] {processor.py:157} INFO - Started process (PID=3327) to work on /home/airflow/.local/lib/python3.7/site-packages/airflow/example_dags/example_short_circuit_operator.py
[2023-05-18T00:14:24.850+0000] {processor.py:826} INFO - Processing file /home/airflow/.local/lib/python3.7/site-packages/airflow/example_dags/example_short_circuit_operator.py for tasks to queue
[2023-05-18T00:14:24.851+0000] {logging_mixin.py:149} INFO - [2023-05-18T00:14:24.851+0000] {dagbag.py:541} INFO - Filling up the DagBag from /home/airflow/.local/lib/python3.7/site-packages/airflow/example_dags/example_short_circuit_operator.py
[2023-05-18T00:14:24.856+0000] {processor.py:836} INFO - DAG(s) dict_keys(['example_short_circuit_operator']) retrieved from /home/airflow/.local/lib/python3.7/site-packages/airflow/example_dags/example_short_circuit_operator.py
[2023-05-18T00:14:24.872+0000] {logging_mixin.py:149} INFO - [2023-05-18T00:14:24.872+0000] {dag.py:2726} INFO - Sync 1 DAGs
[2023-05-18T00:14:24.887+0000] {logging_mixin.py:149} INFO - [2023-05-18T00:14:24.887+0000] {dag.py:3490} INFO - Setting next_dagrun for example_short_circuit_operator to 2023-05-17T00:14:24.887475+00:00, run_after=2023-05-18T00:14:24.887475+00:00
[2023-05-18T00:14:24.902+0000] {processor.py:179} INFO - Processing /home/airflow/.local/lib/python3.7/site-packages/airflow/example_dags/example_short_circuit_operator.py took 0.063 seconds
[2023-05-18T00:14:55.494+0000] {processor.py:157} INFO - Started process (PID=3391) to work on /home/airflow/.local/lib/python3.7/site-packages/airflow/example_dags/example_short_circuit_operator.py
[2023-05-18T00:14:55.495+0000] {processor.py:826} INFO - Processing file /home/airflow/.local/lib/python3.7/site-packages/airflow/example_dags/example_short_circuit_operator.py for tasks to queue
[2023-05-18T00:14:55.495+0000] {logging_mixin.py:149} INFO - [2023-05-18T00:14:55.495+0000] {dagbag.py:541} INFO - Filling up the DagBag from /home/airflow/.local/lib/python3.7/site-packages/airflow/example_dags/example_short_circuit_operator.py
[2023-05-18T00:14:55.500+0000] {processor.py:836} INFO - DAG(s) dict_keys(['example_short_circuit_operator']) retrieved from /home/airflow/.local/lib/python3.7/site-packages/airflow/example_dags/example_short_circuit_operator.py
[2023-05-18T00:14:55.515+0000] {logging_mixin.py:149} INFO - [2023-05-18T00:14:55.515+0000] {dag.py:2726} INFO - Sync 1 DAGs
[2023-05-18T00:14:55.529+0000] {logging_mixin.py:149} INFO - [2023-05-18T00:14:55.529+0000] {dag.py:3490} INFO - Setting next_dagrun for example_short_circuit_operator to 2023-05-17T00:14:55.529326+00:00, run_after=2023-05-18T00:14:55.529326+00:00
[2023-05-18T00:14:55.541+0000] {processor.py:179} INFO - Processing /home/airflow/.local/lib/python3.7/site-packages/airflow/example_dags/example_short_circuit_operator.py took 0.050 seconds
[2023-05-18T00:15:26.123+0000] {processor.py:157} INFO - Started process (PID=3455) to work on /home/airflow/.local/lib/python3.7/site-packages/airflow/example_dags/example_short_circuit_operator.py
[2023-05-18T00:15:26.133+0000] {processor.py:826} INFO - Processing file /home/airflow/.local/lib/python3.7/site-packages/airflow/example_dags/example_short_circuit_operator.py for tasks to queue
[2023-05-18T00:15:26.134+0000] {logging_mixin.py:149} INFO - [2023-05-18T00:15:26.134+0000] {dagbag.py:541} INFO - Filling up the DagBag from /home/airflow/.local/lib/python3.7/site-packages/airflow/example_dags/example_short_circuit_operator.py
[2023-05-18T00:15:26.138+0000] {processor.py:836} INFO - DAG(s) dict_keys(['example_short_circuit_operator']) retrieved from /home/airflow/.local/lib/python3.7/site-packages/airflow/example_dags/example_short_circuit_operator.py
[2023-05-18T00:15:26.153+0000] {logging_mixin.py:149} INFO - [2023-05-18T00:15:26.153+0000] {dag.py:2726} INFO - Sync 1 DAGs
[2023-05-18T00:15:26.168+0000] {logging_mixin.py:149} INFO - [2023-05-18T00:15:26.168+0000] {dag.py:3490} INFO - Setting next_dagrun for example_short_circuit_operator to 2023-05-17T00:15:26.167865+00:00, run_after=2023-05-18T00:15:26.167865+00:00
[2023-05-18T00:15:26.201+0000] {processor.py:179} INFO - Processing /home/airflow/.local/lib/python3.7/site-packages/airflow/example_dags/example_short_circuit_operator.py took 0.080 seconds
[2023-05-18T00:15:56.770+0000] {processor.py:157} INFO - Started process (PID=3519) to work on /home/airflow/.local/lib/python3.7/site-packages/airflow/example_dags/example_short_circuit_operator.py
[2023-05-18T00:15:56.770+0000] {processor.py:826} INFO - Processing file /home/airflow/.local/lib/python3.7/site-packages/airflow/example_dags/example_short_circuit_operator.py for tasks to queue
[2023-05-18T00:15:56.771+0000] {logging_mixin.py:149} INFO - [2023-05-18T00:15:56.770+0000] {dagbag.py:541} INFO - Filling up the DagBag from /home/airflow/.local/lib/python3.7/site-packages/airflow/example_dags/example_short_circuit_operator.py
[2023-05-18T00:15:56.775+0000] {processor.py:836} INFO - DAG(s) dict_keys(['example_short_circuit_operator']) retrieved from /home/airflow/.local/lib/python3.7/site-packages/airflow/example_dags/example_short_circuit_operator.py
[2023-05-18T00:15:56.790+0000] {logging_mixin.py:149} INFO - [2023-05-18T00:15:56.790+0000] {dag.py:2726} INFO - Sync 1 DAGs
[2023-05-18T00:15:56.804+0000] {logging_mixin.py:149} INFO - [2023-05-18T00:15:56.804+0000] {dag.py:3490} INFO - Setting next_dagrun for example_short_circuit_operator to 2023-05-17T00:15:56.804222+00:00, run_after=2023-05-18T00:15:56.804222+00:00
[2023-05-18T00:15:56.816+0000] {processor.py:179} INFO - Processing /home/airflow/.local/lib/python3.7/site-packages/airflow/example_dags/example_short_circuit_operator.py took 0.048 seconds
[2023-05-18T00:16:27.385+0000] {processor.py:157} INFO - Started process (PID=3583) to work on /home/airflow/.local/lib/python3.7/site-packages/airflow/example_dags/example_short_circuit_operator.py
[2023-05-18T00:16:27.395+0000] {processor.py:826} INFO - Processing file /home/airflow/.local/lib/python3.7/site-packages/airflow/example_dags/example_short_circuit_operator.py for tasks to queue
[2023-05-18T00:16:27.396+0000] {logging_mixin.py:149} INFO - [2023-05-18T00:16:27.396+0000] {dagbag.py:541} INFO - Filling up the DagBag from /home/airflow/.local/lib/python3.7/site-packages/airflow/example_dags/example_short_circuit_operator.py
[2023-05-18T00:16:27.401+0000] {processor.py:836} INFO - DAG(s) dict_keys(['example_short_circuit_operator']) retrieved from /home/airflow/.local/lib/python3.7/site-packages/airflow/example_dags/example_short_circuit_operator.py
[2023-05-18T00:16:27.417+0000] {logging_mixin.py:149} INFO - [2023-05-18T00:16:27.417+0000] {dag.py:2726} INFO - Sync 1 DAGs
[2023-05-18T00:16:27.432+0000] {logging_mixin.py:149} INFO - [2023-05-18T00:16:27.432+0000] {dag.py:3490} INFO - Setting next_dagrun for example_short_circuit_operator to 2023-05-17T00:16:27.432182+00:00, run_after=2023-05-18T00:16:27.432182+00:00
[2023-05-18T00:16:27.445+0000] {processor.py:179} INFO - Processing /home/airflow/.local/lib/python3.7/site-packages/airflow/example_dags/example_short_circuit_operator.py took 0.062 seconds
[2023-05-18T00:16:58.055+0000] {processor.py:157} INFO - Started process (PID=3647) to work on /home/airflow/.local/lib/python3.7/site-packages/airflow/example_dags/example_short_circuit_operator.py
[2023-05-18T00:16:58.056+0000] {processor.py:826} INFO - Processing file /home/airflow/.local/lib/python3.7/site-packages/airflow/example_dags/example_short_circuit_operator.py for tasks to queue
[2023-05-18T00:16:58.056+0000] {logging_mixin.py:149} INFO - [2023-05-18T00:16:58.056+0000] {dagbag.py:541} INFO - Filling up the DagBag from /home/airflow/.local/lib/python3.7/site-packages/airflow/example_dags/example_short_circuit_operator.py
[2023-05-18T00:16:58.061+0000] {processor.py:836} INFO - DAG(s) dict_keys(['example_short_circuit_operator']) retrieved from /home/airflow/.local/lib/python3.7/site-packages/airflow/example_dags/example_short_circuit_operator.py
[2023-05-18T00:16:58.077+0000] {logging_mixin.py:149} INFO - [2023-05-18T00:16:58.076+0000] {dag.py:2726} INFO - Sync 1 DAGs
[2023-05-18T00:16:58.090+0000] {logging_mixin.py:149} INFO - [2023-05-18T00:16:58.090+0000] {dag.py:3490} INFO - Setting next_dagrun for example_short_circuit_operator to 2023-05-17T00:16:58.090700+00:00, run_after=2023-05-18T00:16:58.090700+00:00
[2023-05-18T00:16:58.104+0000] {processor.py:179} INFO - Processing /home/airflow/.local/lib/python3.7/site-packages/airflow/example_dags/example_short_circuit_operator.py took 0.050 seconds
