[2023-05-18T00:00:06.117+0000] {processor.py:157} INFO - Started process (PID=1520) to work on /home/airflow/.local/lib/python3.7/site-packages/airflow/example_dags/example_params_trigger_ui.py
[2023-05-18T00:00:06.117+0000] {processor.py:826} INFO - Processing file /home/airflow/.local/lib/python3.7/site-packages/airflow/example_dags/example_params_trigger_ui.py for tasks to queue
[2023-05-18T00:00:06.118+0000] {logging_mixin.py:149} INFO - [2023-05-18T00:00:06.118+0000] {dagbag.py:541} INFO - Filling up the DagBag from /home/airflow/.local/lib/python3.7/site-packages/airflow/example_dags/example_params_trigger_ui.py
[2023-05-18T00:00:06.129+0000] {processor.py:836} INFO - DAG(s) dict_keys(['example_params_trigger_ui']) retrieved from /home/airflow/.local/lib/python3.7/site-packages/airflow/example_dags/example_params_trigger_ui.py
[2023-05-18T00:00:06.180+0000] {logging_mixin.py:149} INFO - [2023-05-18T00:00:06.180+0000] {dag.py:2726} INFO - Sync 1 DAGs
[2023-05-18T00:00:06.194+0000] {logging_mixin.py:149} INFO - [2023-05-18T00:00:06.193+0000] {dag.py:3490} INFO - Setting next_dagrun for example_params_trigger_ui to None, run_after=None
[2023-05-18T00:00:06.206+0000] {processor.py:179} INFO - Processing /home/airflow/.local/lib/python3.7/site-packages/airflow/example_dags/example_params_trigger_ui.py took 0.091 seconds
[2023-05-18T00:00:36.775+0000] {processor.py:157} INFO - Started process (PID=1584) to work on /home/airflow/.local/lib/python3.7/site-packages/airflow/example_dags/example_params_trigger_ui.py
[2023-05-18T00:00:36.776+0000] {processor.py:826} INFO - Processing file /home/airflow/.local/lib/python3.7/site-packages/airflow/example_dags/example_params_trigger_ui.py for tasks to queue
[2023-05-18T00:00:36.776+0000] {logging_mixin.py:149} INFO - [2023-05-18T00:00:36.776+0000] {dagbag.py:541} INFO - Filling up the DagBag from /home/airflow/.local/lib/python3.7/site-packages/airflow/example_dags/example_params_trigger_ui.py
[2023-05-18T00:00:36.788+0000] {processor.py:836} INFO - DAG(s) dict_keys(['example_params_trigger_ui']) retrieved from /home/airflow/.local/lib/python3.7/site-packages/airflow/example_dags/example_params_trigger_ui.py
[2023-05-18T00:00:36.831+0000] {logging_mixin.py:149} INFO - [2023-05-18T00:00:36.831+0000] {dag.py:2726} INFO - Sync 1 DAGs
[2023-05-18T00:00:36.845+0000] {logging_mixin.py:149} INFO - [2023-05-18T00:00:36.845+0000] {dag.py:3490} INFO - Setting next_dagrun for example_params_trigger_ui to None, run_after=None
[2023-05-18T00:00:36.857+0000] {processor.py:179} INFO - Processing /home/airflow/.local/lib/python3.7/site-packages/airflow/example_dags/example_params_trigger_ui.py took 0.083 seconds
[2023-05-18T00:01:07.358+0000] {processor.py:157} INFO - Started process (PID=1648) to work on /home/airflow/.local/lib/python3.7/site-packages/airflow/example_dags/example_params_trigger_ui.py
[2023-05-18T00:01:07.359+0000] {processor.py:826} INFO - Processing file /home/airflow/.local/lib/python3.7/site-packages/airflow/example_dags/example_params_trigger_ui.py for tasks to queue
[2023-05-18T00:01:07.359+0000] {logging_mixin.py:149} INFO - [2023-05-18T00:01:07.359+0000] {dagbag.py:541} INFO - Filling up the DagBag from /home/airflow/.local/lib/python3.7/site-packages/airflow/example_dags/example_params_trigger_ui.py
[2023-05-18T00:01:07.372+0000] {processor.py:836} INFO - DAG(s) dict_keys(['example_params_trigger_ui']) retrieved from /home/airflow/.local/lib/python3.7/site-packages/airflow/example_dags/example_params_trigger_ui.py
[2023-05-18T00:01:07.421+0000] {logging_mixin.py:149} INFO - [2023-05-18T00:01:07.420+0000] {dag.py:2726} INFO - Sync 1 DAGs
[2023-05-18T00:01:07.436+0000] {logging_mixin.py:149} INFO - [2023-05-18T00:01:07.435+0000] {dag.py:3490} INFO - Setting next_dagrun for example_params_trigger_ui to None, run_after=None
[2023-05-18T00:01:07.456+0000] {processor.py:179} INFO - Processing /home/airflow/.local/lib/python3.7/site-packages/airflow/example_dags/example_params_trigger_ui.py took 0.100 seconds
[2023-05-18T00:01:37.932+0000] {processor.py:157} INFO - Started process (PID=1712) to work on /home/airflow/.local/lib/python3.7/site-packages/airflow/example_dags/example_params_trigger_ui.py
[2023-05-18T00:01:37.932+0000] {processor.py:826} INFO - Processing file /home/airflow/.local/lib/python3.7/site-packages/airflow/example_dags/example_params_trigger_ui.py for tasks to queue
[2023-05-18T00:01:37.933+0000] {logging_mixin.py:149} INFO - [2023-05-18T00:01:37.933+0000] {dagbag.py:541} INFO - Filling up the DagBag from /home/airflow/.local/lib/python3.7/site-packages/airflow/example_dags/example_params_trigger_ui.py
[2023-05-18T00:01:37.945+0000] {processor.py:836} INFO - DAG(s) dict_keys(['example_params_trigger_ui']) retrieved from /home/airflow/.local/lib/python3.7/site-packages/airflow/example_dags/example_params_trigger_ui.py
[2023-05-18T00:01:37.990+0000] {logging_mixin.py:149} INFO - [2023-05-18T00:01:37.990+0000] {dag.py:2726} INFO - Sync 1 DAGs
[2023-05-18T00:01:38.005+0000] {logging_mixin.py:149} INFO - [2023-05-18T00:01:38.005+0000] {dag.py:3490} INFO - Setting next_dagrun for example_params_trigger_ui to None, run_after=None
[2023-05-18T00:01:38.017+0000] {processor.py:179} INFO - Processing /home/airflow/.local/lib/python3.7/site-packages/airflow/example_dags/example_params_trigger_ui.py took 0.088 seconds
[2023-05-18T00:02:08.461+0000] {processor.py:157} INFO - Started process (PID=1776) to work on /home/airflow/.local/lib/python3.7/site-packages/airflow/example_dags/example_params_trigger_ui.py
[2023-05-18T00:02:08.461+0000] {processor.py:826} INFO - Processing file /home/airflow/.local/lib/python3.7/site-packages/airflow/example_dags/example_params_trigger_ui.py for tasks to queue
[2023-05-18T00:02:08.462+0000] {logging_mixin.py:149} INFO - [2023-05-18T00:02:08.462+0000] {dagbag.py:541} INFO - Filling up the DagBag from /home/airflow/.local/lib/python3.7/site-packages/airflow/example_dags/example_params_trigger_ui.py
[2023-05-18T00:02:08.473+0000] {processor.py:836} INFO - DAG(s) dict_keys(['example_params_trigger_ui']) retrieved from /home/airflow/.local/lib/python3.7/site-packages/airflow/example_dags/example_params_trigger_ui.py
[2023-05-18T00:02:08.517+0000] {logging_mixin.py:149} INFO - [2023-05-18T00:02:08.517+0000] {dag.py:2726} INFO - Sync 1 DAGs
[2023-05-18T00:02:08.530+0000] {logging_mixin.py:149} INFO - [2023-05-18T00:02:08.530+0000] {dag.py:3490} INFO - Setting next_dagrun for example_params_trigger_ui to None, run_after=None
[2023-05-18T00:02:08.541+0000] {processor.py:179} INFO - Processing /home/airflow/.local/lib/python3.7/site-packages/airflow/example_dags/example_params_trigger_ui.py took 0.082 seconds
[2023-05-18T00:02:39.200+0000] {processor.py:157} INFO - Started process (PID=1840) to work on /home/airflow/.local/lib/python3.7/site-packages/airflow/example_dags/example_params_trigger_ui.py
[2023-05-18T00:02:39.201+0000] {processor.py:826} INFO - Processing file /home/airflow/.local/lib/python3.7/site-packages/airflow/example_dags/example_params_trigger_ui.py for tasks to queue
[2023-05-18T00:02:39.201+0000] {logging_mixin.py:149} INFO - [2023-05-18T00:02:39.201+0000] {dagbag.py:541} INFO - Filling up the DagBag from /home/airflow/.local/lib/python3.7/site-packages/airflow/example_dags/example_params_trigger_ui.py
[2023-05-18T00:02:39.214+0000] {processor.py:836} INFO - DAG(s) dict_keys(['example_params_trigger_ui']) retrieved from /home/airflow/.local/lib/python3.7/site-packages/airflow/example_dags/example_params_trigger_ui.py
[2023-05-18T00:02:39.260+0000] {logging_mixin.py:149} INFO - [2023-05-18T00:02:39.260+0000] {dag.py:2726} INFO - Sync 1 DAGs
[2023-05-18T00:02:39.275+0000] {logging_mixin.py:149} INFO - [2023-05-18T00:02:39.275+0000] {dag.py:3490} INFO - Setting next_dagrun for example_params_trigger_ui to None, run_after=None
[2023-05-18T00:02:39.288+0000] {processor.py:179} INFO - Processing /home/airflow/.local/lib/python3.7/site-packages/airflow/example_dags/example_params_trigger_ui.py took 0.090 seconds
[2023-05-18T00:03:09.900+0000] {processor.py:157} INFO - Started process (PID=1904) to work on /home/airflow/.local/lib/python3.7/site-packages/airflow/example_dags/example_params_trigger_ui.py
[2023-05-18T00:03:09.901+0000] {processor.py:826} INFO - Processing file /home/airflow/.local/lib/python3.7/site-packages/airflow/example_dags/example_params_trigger_ui.py for tasks to queue
[2023-05-18T00:03:09.901+0000] {logging_mixin.py:149} INFO - [2023-05-18T00:03:09.901+0000] {dagbag.py:541} INFO - Filling up the DagBag from /home/airflow/.local/lib/python3.7/site-packages/airflow/example_dags/example_params_trigger_ui.py
[2023-05-18T00:03:09.913+0000] {processor.py:836} INFO - DAG(s) dict_keys(['example_params_trigger_ui']) retrieved from /home/airflow/.local/lib/python3.7/site-packages/airflow/example_dags/example_params_trigger_ui.py
[2023-05-18T00:03:09.956+0000] {logging_mixin.py:149} INFO - [2023-05-18T00:03:09.955+0000] {dag.py:2726} INFO - Sync 1 DAGs
[2023-05-18T00:03:09.973+0000] {logging_mixin.py:149} INFO - [2023-05-18T00:03:09.972+0000] {dag.py:3490} INFO - Setting next_dagrun for example_params_trigger_ui to None, run_after=None
[2023-05-18T00:03:09.986+0000] {processor.py:179} INFO - Processing /home/airflow/.local/lib/python3.7/site-packages/airflow/example_dags/example_params_trigger_ui.py took 0.088 seconds
[2023-05-18T00:03:40.516+0000] {processor.py:157} INFO - Started process (PID=1968) to work on /home/airflow/.local/lib/python3.7/site-packages/airflow/example_dags/example_params_trigger_ui.py
[2023-05-18T00:03:40.517+0000] {processor.py:826} INFO - Processing file /home/airflow/.local/lib/python3.7/site-packages/airflow/example_dags/example_params_trigger_ui.py for tasks to queue
[2023-05-18T00:03:40.517+0000] {logging_mixin.py:149} INFO - [2023-05-18T00:03:40.517+0000] {dagbag.py:541} INFO - Filling up the DagBag from /home/airflow/.local/lib/python3.7/site-packages/airflow/example_dags/example_params_trigger_ui.py
[2023-05-18T00:03:40.529+0000] {processor.py:836} INFO - DAG(s) dict_keys(['example_params_trigger_ui']) retrieved from /home/airflow/.local/lib/python3.7/site-packages/airflow/example_dags/example_params_trigger_ui.py
[2023-05-18T00:03:40.573+0000] {logging_mixin.py:149} INFO - [2023-05-18T00:03:40.573+0000] {dag.py:2726} INFO - Sync 1 DAGs
[2023-05-18T00:03:40.587+0000] {logging_mixin.py:149} INFO - [2023-05-18T00:03:40.587+0000] {dag.py:3490} INFO - Setting next_dagrun for example_params_trigger_ui to None, run_after=None
[2023-05-18T00:03:40.603+0000] {processor.py:179} INFO - Processing /home/airflow/.local/lib/python3.7/site-packages/airflow/example_dags/example_params_trigger_ui.py took 0.089 seconds
[2023-05-18T00:04:11.150+0000] {processor.py:157} INFO - Started process (PID=2032) to work on /home/airflow/.local/lib/python3.7/site-packages/airflow/example_dags/example_params_trigger_ui.py
[2023-05-18T00:04:11.150+0000] {processor.py:826} INFO - Processing file /home/airflow/.local/lib/python3.7/site-packages/airflow/example_dags/example_params_trigger_ui.py for tasks to queue
[2023-05-18T00:04:11.151+0000] {logging_mixin.py:149} INFO - [2023-05-18T00:04:11.151+0000] {dagbag.py:541} INFO - Filling up the DagBag from /home/airflow/.local/lib/python3.7/site-packages/airflow/example_dags/example_params_trigger_ui.py
[2023-05-18T00:04:11.162+0000] {processor.py:836} INFO - DAG(s) dict_keys(['example_params_trigger_ui']) retrieved from /home/airflow/.local/lib/python3.7/site-packages/airflow/example_dags/example_params_trigger_ui.py
[2023-05-18T00:04:11.206+0000] {logging_mixin.py:149} INFO - [2023-05-18T00:04:11.206+0000] {dag.py:2726} INFO - Sync 1 DAGs
[2023-05-18T00:04:11.220+0000] {logging_mixin.py:149} INFO - [2023-05-18T00:04:11.220+0000] {dag.py:3490} INFO - Setting next_dagrun for example_params_trigger_ui to None, run_after=None
[2023-05-18T00:04:11.232+0000] {processor.py:179} INFO - Processing /home/airflow/.local/lib/python3.7/site-packages/airflow/example_dags/example_params_trigger_ui.py took 0.084 seconds
[2023-05-18T00:04:41.773+0000] {processor.py:157} INFO - Started process (PID=2096) to work on /home/airflow/.local/lib/python3.7/site-packages/airflow/example_dags/example_params_trigger_ui.py
[2023-05-18T00:04:41.774+0000] {processor.py:826} INFO - Processing file /home/airflow/.local/lib/python3.7/site-packages/airflow/example_dags/example_params_trigger_ui.py for tasks to queue
[2023-05-18T00:04:41.774+0000] {logging_mixin.py:149} INFO - [2023-05-18T00:04:41.774+0000] {dagbag.py:541} INFO - Filling up the DagBag from /home/airflow/.local/lib/python3.7/site-packages/airflow/example_dags/example_params_trigger_ui.py
[2023-05-18T00:04:41.786+0000] {processor.py:836} INFO - DAG(s) dict_keys(['example_params_trigger_ui']) retrieved from /home/airflow/.local/lib/python3.7/site-packages/airflow/example_dags/example_params_trigger_ui.py
[2023-05-18T00:04:41.829+0000] {logging_mixin.py:149} INFO - [2023-05-18T00:04:41.829+0000] {dag.py:2726} INFO - Sync 1 DAGs
[2023-05-18T00:04:41.844+0000] {logging_mixin.py:149} INFO - [2023-05-18T00:04:41.843+0000] {dag.py:3490} INFO - Setting next_dagrun for example_params_trigger_ui to None, run_after=None
[2023-05-18T00:04:41.855+0000] {processor.py:179} INFO - Processing /home/airflow/.local/lib/python3.7/site-packages/airflow/example_dags/example_params_trigger_ui.py took 0.084 seconds
[2023-05-18T00:05:12.451+0000] {processor.py:157} INFO - Started process (PID=2160) to work on /home/airflow/.local/lib/python3.7/site-packages/airflow/example_dags/example_params_trigger_ui.py
[2023-05-18T00:05:12.451+0000] {processor.py:826} INFO - Processing file /home/airflow/.local/lib/python3.7/site-packages/airflow/example_dags/example_params_trigger_ui.py for tasks to queue
[2023-05-18T00:05:12.452+0000] {logging_mixin.py:149} INFO - [2023-05-18T00:05:12.452+0000] {dagbag.py:541} INFO - Filling up the DagBag from /home/airflow/.local/lib/python3.7/site-packages/airflow/example_dags/example_params_trigger_ui.py
[2023-05-18T00:05:12.464+0000] {processor.py:836} INFO - DAG(s) dict_keys(['example_params_trigger_ui']) retrieved from /home/airflow/.local/lib/python3.7/site-packages/airflow/example_dags/example_params_trigger_ui.py
[2023-05-18T00:05:12.511+0000] {logging_mixin.py:149} INFO - [2023-05-18T00:05:12.511+0000] {dag.py:2726} INFO - Sync 1 DAGs
[2023-05-18T00:05:12.529+0000] {logging_mixin.py:149} INFO - [2023-05-18T00:05:12.529+0000] {dag.py:3490} INFO - Setting next_dagrun for example_params_trigger_ui to None, run_after=None
[2023-05-18T00:05:12.543+0000] {processor.py:179} INFO - Processing /home/airflow/.local/lib/python3.7/site-packages/airflow/example_dags/example_params_trigger_ui.py took 0.094 seconds
[2023-05-18T00:05:43.124+0000] {processor.py:157} INFO - Started process (PID=2224) to work on /home/airflow/.local/lib/python3.7/site-packages/airflow/example_dags/example_params_trigger_ui.py
[2023-05-18T00:05:43.125+0000] {processor.py:826} INFO - Processing file /home/airflow/.local/lib/python3.7/site-packages/airflow/example_dags/example_params_trigger_ui.py for tasks to queue
[2023-05-18T00:05:43.126+0000] {logging_mixin.py:149} INFO - [2023-05-18T00:05:43.126+0000] {dagbag.py:541} INFO - Filling up the DagBag from /home/airflow/.local/lib/python3.7/site-packages/airflow/example_dags/example_params_trigger_ui.py
[2023-05-18T00:05:43.140+0000] {processor.py:836} INFO - DAG(s) dict_keys(['example_params_trigger_ui']) retrieved from /home/airflow/.local/lib/python3.7/site-packages/airflow/example_dags/example_params_trigger_ui.py
[2023-05-18T00:05:43.198+0000] {logging_mixin.py:149} INFO - [2023-05-18T00:05:43.198+0000] {dag.py:2726} INFO - Sync 1 DAGs
[2023-05-18T00:05:43.215+0000] {logging_mixin.py:149} INFO - [2023-05-18T00:05:43.214+0000] {dag.py:3490} INFO - Setting next_dagrun for example_params_trigger_ui to None, run_after=None
[2023-05-18T00:05:43.232+0000] {processor.py:179} INFO - Processing /home/airflow/.local/lib/python3.7/site-packages/airflow/example_dags/example_params_trigger_ui.py took 0.110 seconds
[2023-05-18T00:06:13.402+0000] {processor.py:157} INFO - Started process (PID=2288) to work on /home/airflow/.local/lib/python3.7/site-packages/airflow/example_dags/example_params_trigger_ui.py
[2023-05-18T00:06:13.403+0000] {processor.py:826} INFO - Processing file /home/airflow/.local/lib/python3.7/site-packages/airflow/example_dags/example_params_trigger_ui.py for tasks to queue
[2023-05-18T00:06:13.403+0000] {logging_mixin.py:149} INFO - [2023-05-18T00:06:13.403+0000] {dagbag.py:541} INFO - Filling up the DagBag from /home/airflow/.local/lib/python3.7/site-packages/airflow/example_dags/example_params_trigger_ui.py
[2023-05-18T00:06:13.415+0000] {processor.py:836} INFO - DAG(s) dict_keys(['example_params_trigger_ui']) retrieved from /home/airflow/.local/lib/python3.7/site-packages/airflow/example_dags/example_params_trigger_ui.py
[2023-05-18T00:06:13.460+0000] {logging_mixin.py:149} INFO - [2023-05-18T00:06:13.460+0000] {dag.py:2726} INFO - Sync 1 DAGs
[2023-05-18T00:06:13.474+0000] {logging_mixin.py:149} INFO - [2023-05-18T00:06:13.474+0000] {dag.py:3490} INFO - Setting next_dagrun for example_params_trigger_ui to None, run_after=None
[2023-05-18T00:06:13.487+0000] {processor.py:179} INFO - Processing /home/airflow/.local/lib/python3.7/site-packages/airflow/example_dags/example_params_trigger_ui.py took 0.086 seconds
[2023-05-18T00:06:43.614+0000] {processor.py:157} INFO - Started process (PID=2352) to work on /home/airflow/.local/lib/python3.7/site-packages/airflow/example_dags/example_params_trigger_ui.py
[2023-05-18T00:06:43.615+0000] {processor.py:826} INFO - Processing file /home/airflow/.local/lib/python3.7/site-packages/airflow/example_dags/example_params_trigger_ui.py for tasks to queue
[2023-05-18T00:06:43.616+0000] {logging_mixin.py:149} INFO - [2023-05-18T00:06:43.616+0000] {dagbag.py:541} INFO - Filling up the DagBag from /home/airflow/.local/lib/python3.7/site-packages/airflow/example_dags/example_params_trigger_ui.py
[2023-05-18T00:06:43.628+0000] {processor.py:836} INFO - DAG(s) dict_keys(['example_params_trigger_ui']) retrieved from /home/airflow/.local/lib/python3.7/site-packages/airflow/example_dags/example_params_trigger_ui.py
[2023-05-18T00:06:43.672+0000] {logging_mixin.py:149} INFO - [2023-05-18T00:06:43.672+0000] {dag.py:2726} INFO - Sync 1 DAGs
[2023-05-18T00:06:43.688+0000] {logging_mixin.py:149} INFO - [2023-05-18T00:06:43.688+0000] {dag.py:3490} INFO - Setting next_dagrun for example_params_trigger_ui to None, run_after=None
[2023-05-18T00:06:43.702+0000] {processor.py:179} INFO - Processing /home/airflow/.local/lib/python3.7/site-packages/airflow/example_dags/example_params_trigger_ui.py took 0.091 seconds
[2023-05-18T00:07:14.534+0000] {processor.py:157} INFO - Started process (PID=2416) to work on /home/airflow/.local/lib/python3.7/site-packages/airflow/example_dags/example_params_trigger_ui.py
[2023-05-18T00:07:14.539+0000] {processor.py:826} INFO - Processing file /home/airflow/.local/lib/python3.7/site-packages/airflow/example_dags/example_params_trigger_ui.py for tasks to queue
[2023-05-18T00:07:14.539+0000] {logging_mixin.py:149} INFO - [2023-05-18T00:07:14.539+0000] {dagbag.py:541} INFO - Filling up the DagBag from /home/airflow/.local/lib/python3.7/site-packages/airflow/example_dags/example_params_trigger_ui.py
[2023-05-18T00:07:14.552+0000] {processor.py:836} INFO - DAG(s) dict_keys(['example_params_trigger_ui']) retrieved from /home/airflow/.local/lib/python3.7/site-packages/airflow/example_dags/example_params_trigger_ui.py
[2023-05-18T00:07:14.595+0000] {logging_mixin.py:149} INFO - [2023-05-18T00:07:14.595+0000] {dag.py:2726} INFO - Sync 1 DAGs
[2023-05-18T00:07:14.609+0000] {logging_mixin.py:149} INFO - [2023-05-18T00:07:14.609+0000] {dag.py:3490} INFO - Setting next_dagrun for example_params_trigger_ui to None, run_after=None
[2023-05-18T00:07:14.622+0000] {processor.py:179} INFO - Processing /home/airflow/.local/lib/python3.7/site-packages/airflow/example_dags/example_params_trigger_ui.py took 0.090 seconds
[2023-05-18T00:07:45.278+0000] {processor.py:157} INFO - Started process (PID=2479) to work on /home/airflow/.local/lib/python3.7/site-packages/airflow/example_dags/example_params_trigger_ui.py
[2023-05-18T00:07:45.279+0000] {processor.py:826} INFO - Processing file /home/airflow/.local/lib/python3.7/site-packages/airflow/example_dags/example_params_trigger_ui.py for tasks to queue
[2023-05-18T00:07:45.280+0000] {logging_mixin.py:149} INFO - [2023-05-18T00:07:45.280+0000] {dagbag.py:541} INFO - Filling up the DagBag from /home/airflow/.local/lib/python3.7/site-packages/airflow/example_dags/example_params_trigger_ui.py
[2023-05-18T00:07:45.291+0000] {processor.py:836} INFO - DAG(s) dict_keys(['example_params_trigger_ui']) retrieved from /home/airflow/.local/lib/python3.7/site-packages/airflow/example_dags/example_params_trigger_ui.py
[2023-05-18T00:07:45.335+0000] {logging_mixin.py:149} INFO - [2023-05-18T00:07:45.335+0000] {dag.py:2726} INFO - Sync 1 DAGs
[2023-05-18T00:07:45.350+0000] {logging_mixin.py:149} INFO - [2023-05-18T00:07:45.350+0000] {dag.py:3490} INFO - Setting next_dagrun for example_params_trigger_ui to None, run_after=None
[2023-05-18T00:07:45.363+0000] {processor.py:179} INFO - Processing /home/airflow/.local/lib/python3.7/site-packages/airflow/example_dags/example_params_trigger_ui.py took 0.087 seconds
[2023-05-18T00:08:16.103+0000] {processor.py:157} INFO - Started process (PID=2543) to work on /home/airflow/.local/lib/python3.7/site-packages/airflow/example_dags/example_params_trigger_ui.py
[2023-05-18T00:08:16.112+0000] {processor.py:826} INFO - Processing file /home/airflow/.local/lib/python3.7/site-packages/airflow/example_dags/example_params_trigger_ui.py for tasks to queue
[2023-05-18T00:08:16.112+0000] {logging_mixin.py:149} INFO - [2023-05-18T00:08:16.112+0000] {dagbag.py:541} INFO - Filling up the DagBag from /home/airflow/.local/lib/python3.7/site-packages/airflow/example_dags/example_params_trigger_ui.py
[2023-05-18T00:08:16.125+0000] {processor.py:836} INFO - DAG(s) dict_keys(['example_params_trigger_ui']) retrieved from /home/airflow/.local/lib/python3.7/site-packages/airflow/example_dags/example_params_trigger_ui.py
[2023-05-18T00:08:16.183+0000] {logging_mixin.py:149} INFO - [2023-05-18T00:08:16.182+0000] {dag.py:2726} INFO - Sync 1 DAGs
[2023-05-18T00:08:16.199+0000] {logging_mixin.py:149} INFO - [2023-05-18T00:08:16.199+0000] {dag.py:3490} INFO - Setting next_dagrun for example_params_trigger_ui to None, run_after=None
[2023-05-18T00:08:16.214+0000] {processor.py:179} INFO - Processing /home/airflow/.local/lib/python3.7/site-packages/airflow/example_dags/example_params_trigger_ui.py took 0.114 seconds
[2023-05-18T00:08:46.884+0000] {processor.py:157} INFO - Started process (PID=2607) to work on /home/airflow/.local/lib/python3.7/site-packages/airflow/example_dags/example_params_trigger_ui.py
[2023-05-18T00:08:46.884+0000] {processor.py:826} INFO - Processing file /home/airflow/.local/lib/python3.7/site-packages/airflow/example_dags/example_params_trigger_ui.py for tasks to queue
[2023-05-18T00:08:46.885+0000] {logging_mixin.py:149} INFO - [2023-05-18T00:08:46.885+0000] {dagbag.py:541} INFO - Filling up the DagBag from /home/airflow/.local/lib/python3.7/site-packages/airflow/example_dags/example_params_trigger_ui.py
[2023-05-18T00:08:46.897+0000] {processor.py:836} INFO - DAG(s) dict_keys(['example_params_trigger_ui']) retrieved from /home/airflow/.local/lib/python3.7/site-packages/airflow/example_dags/example_params_trigger_ui.py
[2023-05-18T00:08:46.941+0000] {logging_mixin.py:149} INFO - [2023-05-18T00:08:46.941+0000] {dag.py:2726} INFO - Sync 1 DAGs
[2023-05-18T00:08:46.956+0000] {logging_mixin.py:149} INFO - [2023-05-18T00:08:46.956+0000] {dag.py:3490} INFO - Setting next_dagrun for example_params_trigger_ui to None, run_after=None
[2023-05-18T00:08:46.969+0000] {processor.py:179} INFO - Processing /home/airflow/.local/lib/python3.7/site-packages/airflow/example_dags/example_params_trigger_ui.py took 0.087 seconds
[2023-05-18T00:09:17.613+0000] {processor.py:157} INFO - Started process (PID=2671) to work on /home/airflow/.local/lib/python3.7/site-packages/airflow/example_dags/example_params_trigger_ui.py
[2023-05-18T00:09:17.622+0000] {processor.py:826} INFO - Processing file /home/airflow/.local/lib/python3.7/site-packages/airflow/example_dags/example_params_trigger_ui.py for tasks to queue
[2023-05-18T00:09:17.622+0000] {logging_mixin.py:149} INFO - [2023-05-18T00:09:17.622+0000] {dagbag.py:541} INFO - Filling up the DagBag from /home/airflow/.local/lib/python3.7/site-packages/airflow/example_dags/example_params_trigger_ui.py
[2023-05-18T00:09:17.635+0000] {processor.py:836} INFO - DAG(s) dict_keys(['example_params_trigger_ui']) retrieved from /home/airflow/.local/lib/python3.7/site-packages/airflow/example_dags/example_params_trigger_ui.py
[2023-05-18T00:09:17.681+0000] {logging_mixin.py:149} INFO - [2023-05-18T00:09:17.681+0000] {dag.py:2726} INFO - Sync 1 DAGs
[2023-05-18T00:09:17.699+0000] {logging_mixin.py:149} INFO - [2023-05-18T00:09:17.699+0000] {dag.py:3490} INFO - Setting next_dagrun for example_params_trigger_ui to None, run_after=None
[2023-05-18T00:09:17.715+0000] {processor.py:179} INFO - Processing /home/airflow/.local/lib/python3.7/site-packages/airflow/example_dags/example_params_trigger_ui.py took 0.104 seconds
[2023-05-18T00:09:48.369+0000] {processor.py:157} INFO - Started process (PID=2742) to work on /home/airflow/.local/lib/python3.7/site-packages/airflow/example_dags/example_params_trigger_ui.py
[2023-05-18T00:09:48.369+0000] {processor.py:826} INFO - Processing file /home/airflow/.local/lib/python3.7/site-packages/airflow/example_dags/example_params_trigger_ui.py for tasks to queue
[2023-05-18T00:09:48.370+0000] {logging_mixin.py:149} INFO - [2023-05-18T00:09:48.370+0000] {dagbag.py:541} INFO - Filling up the DagBag from /home/airflow/.local/lib/python3.7/site-packages/airflow/example_dags/example_params_trigger_ui.py
[2023-05-18T00:09:48.382+0000] {processor.py:836} INFO - DAG(s) dict_keys(['example_params_trigger_ui']) retrieved from /home/airflow/.local/lib/python3.7/site-packages/airflow/example_dags/example_params_trigger_ui.py
[2023-05-18T00:09:48.426+0000] {logging_mixin.py:149} INFO - [2023-05-18T00:09:48.426+0000] {dag.py:2726} INFO - Sync 1 DAGs
[2023-05-18T00:09:48.440+0000] {logging_mixin.py:149} INFO - [2023-05-18T00:09:48.440+0000] {dag.py:3490} INFO - Setting next_dagrun for example_params_trigger_ui to None, run_after=None
[2023-05-18T00:09:48.452+0000] {processor.py:179} INFO - Processing /home/airflow/.local/lib/python3.7/site-packages/airflow/example_dags/example_params_trigger_ui.py took 0.086 seconds
[2023-05-18T00:10:19.055+0000] {processor.py:157} INFO - Started process (PID=2806) to work on /home/airflow/.local/lib/python3.7/site-packages/airflow/example_dags/example_params_trigger_ui.py
[2023-05-18T00:10:19.056+0000] {processor.py:826} INFO - Processing file /home/airflow/.local/lib/python3.7/site-packages/airflow/example_dags/example_params_trigger_ui.py for tasks to queue
[2023-05-18T00:10:19.057+0000] {logging_mixin.py:149} INFO - [2023-05-18T00:10:19.057+0000] {dagbag.py:541} INFO - Filling up the DagBag from /home/airflow/.local/lib/python3.7/site-packages/airflow/example_dags/example_params_trigger_ui.py
[2023-05-18T00:10:19.069+0000] {processor.py:836} INFO - DAG(s) dict_keys(['example_params_trigger_ui']) retrieved from /home/airflow/.local/lib/python3.7/site-packages/airflow/example_dags/example_params_trigger_ui.py
[2023-05-18T00:10:19.113+0000] {logging_mixin.py:149} INFO - [2023-05-18T00:10:19.112+0000] {dag.py:2726} INFO - Sync 1 DAGs
[2023-05-18T00:10:19.126+0000] {logging_mixin.py:149} INFO - [2023-05-18T00:10:19.126+0000] {dag.py:3490} INFO - Setting next_dagrun for example_params_trigger_ui to None, run_after=None
[2023-05-18T00:10:19.138+0000] {processor.py:179} INFO - Processing /home/airflow/.local/lib/python3.7/site-packages/airflow/example_dags/example_params_trigger_ui.py took 0.085 seconds
[2023-05-18T00:10:49.777+0000] {processor.py:157} INFO - Started process (PID=2870) to work on /home/airflow/.local/lib/python3.7/site-packages/airflow/example_dags/example_params_trigger_ui.py
[2023-05-18T00:10:49.778+0000] {processor.py:826} INFO - Processing file /home/airflow/.local/lib/python3.7/site-packages/airflow/example_dags/example_params_trigger_ui.py for tasks to queue
[2023-05-18T00:10:49.778+0000] {logging_mixin.py:149} INFO - [2023-05-18T00:10:49.778+0000] {dagbag.py:541} INFO - Filling up the DagBag from /home/airflow/.local/lib/python3.7/site-packages/airflow/example_dags/example_params_trigger_ui.py
[2023-05-18T00:10:49.791+0000] {processor.py:836} INFO - DAG(s) dict_keys(['example_params_trigger_ui']) retrieved from /home/airflow/.local/lib/python3.7/site-packages/airflow/example_dags/example_params_trigger_ui.py
[2023-05-18T00:10:49.838+0000] {logging_mixin.py:149} INFO - [2023-05-18T00:10:49.838+0000] {dag.py:2726} INFO - Sync 1 DAGs
[2023-05-18T00:10:49.853+0000] {logging_mixin.py:149} INFO - [2023-05-18T00:10:49.853+0000] {dag.py:3490} INFO - Setting next_dagrun for example_params_trigger_ui to None, run_after=None
[2023-05-18T00:10:49.866+0000] {processor.py:179} INFO - Processing /home/airflow/.local/lib/python3.7/site-packages/airflow/example_dags/example_params_trigger_ui.py took 0.092 seconds
[2023-05-18T00:11:20.484+0000] {processor.py:157} INFO - Started process (PID=2934) to work on /home/airflow/.local/lib/python3.7/site-packages/airflow/example_dags/example_params_trigger_ui.py
[2023-05-18T00:11:20.487+0000] {processor.py:826} INFO - Processing file /home/airflow/.local/lib/python3.7/site-packages/airflow/example_dags/example_params_trigger_ui.py for tasks to queue
[2023-05-18T00:11:20.488+0000] {logging_mixin.py:149} INFO - [2023-05-18T00:11:20.488+0000] {dagbag.py:541} INFO - Filling up the DagBag from /home/airflow/.local/lib/python3.7/site-packages/airflow/example_dags/example_params_trigger_ui.py
[2023-05-18T00:11:20.500+0000] {processor.py:836} INFO - DAG(s) dict_keys(['example_params_trigger_ui']) retrieved from /home/airflow/.local/lib/python3.7/site-packages/airflow/example_dags/example_params_trigger_ui.py
[2023-05-18T00:11:20.544+0000] {logging_mixin.py:149} INFO - [2023-05-18T00:11:20.544+0000] {dag.py:2726} INFO - Sync 1 DAGs
[2023-05-18T00:11:20.558+0000] {logging_mixin.py:149} INFO - [2023-05-18T00:11:20.558+0000] {dag.py:3490} INFO - Setting next_dagrun for example_params_trigger_ui to None, run_after=None
[2023-05-18T00:11:20.570+0000] {processor.py:179} INFO - Processing /home/airflow/.local/lib/python3.7/site-packages/airflow/example_dags/example_params_trigger_ui.py took 0.088 seconds
[2023-05-18T00:11:51.176+0000] {processor.py:157} INFO - Started process (PID=2998) to work on /home/airflow/.local/lib/python3.7/site-packages/airflow/example_dags/example_params_trigger_ui.py
[2023-05-18T00:11:51.182+0000] {processor.py:826} INFO - Processing file /home/airflow/.local/lib/python3.7/site-packages/airflow/example_dags/example_params_trigger_ui.py for tasks to queue
[2023-05-18T00:11:51.183+0000] {logging_mixin.py:149} INFO - [2023-05-18T00:11:51.183+0000] {dagbag.py:541} INFO - Filling up the DagBag from /home/airflow/.local/lib/python3.7/site-packages/airflow/example_dags/example_params_trigger_ui.py
[2023-05-18T00:11:51.196+0000] {processor.py:836} INFO - DAG(s) dict_keys(['example_params_trigger_ui']) retrieved from /home/airflow/.local/lib/python3.7/site-packages/airflow/example_dags/example_params_trigger_ui.py
[2023-05-18T00:11:51.241+0000] {logging_mixin.py:149} INFO - [2023-05-18T00:11:51.241+0000] {dag.py:2726} INFO - Sync 1 DAGs
[2023-05-18T00:11:51.255+0000] {logging_mixin.py:149} INFO - [2023-05-18T00:11:51.255+0000] {dag.py:3490} INFO - Setting next_dagrun for example_params_trigger_ui to None, run_after=None
[2023-05-18T00:11:51.268+0000] {processor.py:179} INFO - Processing /home/airflow/.local/lib/python3.7/site-packages/airflow/example_dags/example_params_trigger_ui.py took 0.094 seconds
[2023-05-18T00:12:21.865+0000] {processor.py:157} INFO - Started process (PID=3062) to work on /home/airflow/.local/lib/python3.7/site-packages/airflow/example_dags/example_params_trigger_ui.py
[2023-05-18T00:12:21.866+0000] {processor.py:826} INFO - Processing file /home/airflow/.local/lib/python3.7/site-packages/airflow/example_dags/example_params_trigger_ui.py for tasks to queue
[2023-05-18T00:12:21.867+0000] {logging_mixin.py:149} INFO - [2023-05-18T00:12:21.866+0000] {dagbag.py:541} INFO - Filling up the DagBag from /home/airflow/.local/lib/python3.7/site-packages/airflow/example_dags/example_params_trigger_ui.py
[2023-05-18T00:12:21.879+0000] {processor.py:836} INFO - DAG(s) dict_keys(['example_params_trigger_ui']) retrieved from /home/airflow/.local/lib/python3.7/site-packages/airflow/example_dags/example_params_trigger_ui.py
[2023-05-18T00:12:21.923+0000] {logging_mixin.py:149} INFO - [2023-05-18T00:12:21.922+0000] {dag.py:2726} INFO - Sync 1 DAGs
[2023-05-18T00:12:21.937+0000] {logging_mixin.py:149} INFO - [2023-05-18T00:12:21.937+0000] {dag.py:3490} INFO - Setting next_dagrun for example_params_trigger_ui to None, run_after=None
[2023-05-18T00:12:21.949+0000] {processor.py:179} INFO - Processing /home/airflow/.local/lib/python3.7/site-packages/airflow/example_dags/example_params_trigger_ui.py took 0.085 seconds
[2023-05-18T00:12:52.584+0000] {processor.py:157} INFO - Started process (PID=3126) to work on /home/airflow/.local/lib/python3.7/site-packages/airflow/example_dags/example_params_trigger_ui.py
[2023-05-18T00:12:52.585+0000] {processor.py:826} INFO - Processing file /home/airflow/.local/lib/python3.7/site-packages/airflow/example_dags/example_params_trigger_ui.py for tasks to queue
[2023-05-18T00:12:52.585+0000] {logging_mixin.py:149} INFO - [2023-05-18T00:12:52.585+0000] {dagbag.py:541} INFO - Filling up the DagBag from /home/airflow/.local/lib/python3.7/site-packages/airflow/example_dags/example_params_trigger_ui.py
[2023-05-18T00:12:52.598+0000] {processor.py:836} INFO - DAG(s) dict_keys(['example_params_trigger_ui']) retrieved from /home/airflow/.local/lib/python3.7/site-packages/airflow/example_dags/example_params_trigger_ui.py
[2023-05-18T00:12:52.640+0000] {logging_mixin.py:149} INFO - [2023-05-18T00:12:52.640+0000] {dag.py:2726} INFO - Sync 1 DAGs
[2023-05-18T00:12:52.655+0000] {logging_mixin.py:149} INFO - [2023-05-18T00:12:52.655+0000] {dag.py:3490} INFO - Setting next_dagrun for example_params_trigger_ui to None, run_after=None
[2023-05-18T00:12:52.667+0000] {processor.py:179} INFO - Processing /home/airflow/.local/lib/python3.7/site-packages/airflow/example_dags/example_params_trigger_ui.py took 0.085 seconds
[2023-05-18T00:13:23.303+0000] {processor.py:157} INFO - Started process (PID=3190) to work on /home/airflow/.local/lib/python3.7/site-packages/airflow/example_dags/example_params_trigger_ui.py
[2023-05-18T00:13:23.305+0000] {processor.py:826} INFO - Processing file /home/airflow/.local/lib/python3.7/site-packages/airflow/example_dags/example_params_trigger_ui.py for tasks to queue
[2023-05-18T00:13:23.305+0000] {logging_mixin.py:149} INFO - [2023-05-18T00:13:23.305+0000] {dagbag.py:541} INFO - Filling up the DagBag from /home/airflow/.local/lib/python3.7/site-packages/airflow/example_dags/example_params_trigger_ui.py
[2023-05-18T00:13:23.319+0000] {processor.py:836} INFO - DAG(s) dict_keys(['example_params_trigger_ui']) retrieved from /home/airflow/.local/lib/python3.7/site-packages/airflow/example_dags/example_params_trigger_ui.py
[2023-05-18T00:13:23.361+0000] {logging_mixin.py:149} INFO - [2023-05-18T00:13:23.361+0000] {dag.py:2726} INFO - Sync 1 DAGs
[2023-05-18T00:13:23.376+0000] {logging_mixin.py:149} INFO - [2023-05-18T00:13:23.375+0000] {dag.py:3490} INFO - Setting next_dagrun for example_params_trigger_ui to None, run_after=None
[2023-05-18T00:13:23.387+0000] {processor.py:179} INFO - Processing /home/airflow/.local/lib/python3.7/site-packages/airflow/example_dags/example_params_trigger_ui.py took 0.086 seconds
[2023-05-18T00:13:53.934+0000] {processor.py:157} INFO - Started process (PID=3254) to work on /home/airflow/.local/lib/python3.7/site-packages/airflow/example_dags/example_params_trigger_ui.py
[2023-05-18T00:13:53.934+0000] {processor.py:826} INFO - Processing file /home/airflow/.local/lib/python3.7/site-packages/airflow/example_dags/example_params_trigger_ui.py for tasks to queue
[2023-05-18T00:13:53.935+0000] {logging_mixin.py:149} INFO - [2023-05-18T00:13:53.934+0000] {dagbag.py:541} INFO - Filling up the DagBag from /home/airflow/.local/lib/python3.7/site-packages/airflow/example_dags/example_params_trigger_ui.py
[2023-05-18T00:13:53.946+0000] {processor.py:836} INFO - DAG(s) dict_keys(['example_params_trigger_ui']) retrieved from /home/airflow/.local/lib/python3.7/site-packages/airflow/example_dags/example_params_trigger_ui.py
[2023-05-18T00:13:53.987+0000] {logging_mixin.py:149} INFO - [2023-05-18T00:13:53.987+0000] {dag.py:2726} INFO - Sync 1 DAGs
[2023-05-18T00:13:54.001+0000] {logging_mixin.py:149} INFO - [2023-05-18T00:13:54.001+0000] {dag.py:3490} INFO - Setting next_dagrun for example_params_trigger_ui to None, run_after=None
[2023-05-18T00:13:54.014+0000] {processor.py:179} INFO - Processing /home/airflow/.local/lib/python3.7/site-packages/airflow/example_dags/example_params_trigger_ui.py took 0.081 seconds
[2023-05-18T00:14:24.531+0000] {processor.py:157} INFO - Started process (PID=3318) to work on /home/airflow/.local/lib/python3.7/site-packages/airflow/example_dags/example_params_trigger_ui.py
[2023-05-18T00:14:24.535+0000] {processor.py:826} INFO - Processing file /home/airflow/.local/lib/python3.7/site-packages/airflow/example_dags/example_params_trigger_ui.py for tasks to queue
[2023-05-18T00:14:24.536+0000] {logging_mixin.py:149} INFO - [2023-05-18T00:14:24.536+0000] {dagbag.py:541} INFO - Filling up the DagBag from /home/airflow/.local/lib/python3.7/site-packages/airflow/example_dags/example_params_trigger_ui.py
[2023-05-18T00:14:24.548+0000] {processor.py:836} INFO - DAG(s) dict_keys(['example_params_trigger_ui']) retrieved from /home/airflow/.local/lib/python3.7/site-packages/airflow/example_dags/example_params_trigger_ui.py
[2023-05-18T00:14:24.592+0000] {logging_mixin.py:149} INFO - [2023-05-18T00:14:24.592+0000] {dag.py:2726} INFO - Sync 1 DAGs
[2023-05-18T00:14:24.606+0000] {logging_mixin.py:149} INFO - [2023-05-18T00:14:24.606+0000] {dag.py:3490} INFO - Setting next_dagrun for example_params_trigger_ui to None, run_after=None
[2023-05-18T00:14:24.618+0000] {processor.py:179} INFO - Processing /home/airflow/.local/lib/python3.7/site-packages/airflow/example_dags/example_params_trigger_ui.py took 0.089 seconds
[2023-05-18T00:14:55.217+0000] {processor.py:157} INFO - Started process (PID=3382) to work on /home/airflow/.local/lib/python3.7/site-packages/airflow/example_dags/example_params_trigger_ui.py
[2023-05-18T00:14:55.222+0000] {processor.py:826} INFO - Processing file /home/airflow/.local/lib/python3.7/site-packages/airflow/example_dags/example_params_trigger_ui.py for tasks to queue
[2023-05-18T00:14:55.222+0000] {logging_mixin.py:149} INFO - [2023-05-18T00:14:55.222+0000] {dagbag.py:541} INFO - Filling up the DagBag from /home/airflow/.local/lib/python3.7/site-packages/airflow/example_dags/example_params_trigger_ui.py
[2023-05-18T00:14:55.234+0000] {processor.py:836} INFO - DAG(s) dict_keys(['example_params_trigger_ui']) retrieved from /home/airflow/.local/lib/python3.7/site-packages/airflow/example_dags/example_params_trigger_ui.py
[2023-05-18T00:14:55.276+0000] {logging_mixin.py:149} INFO - [2023-05-18T00:14:55.276+0000] {dag.py:2726} INFO - Sync 1 DAGs
[2023-05-18T00:14:55.291+0000] {logging_mixin.py:149} INFO - [2023-05-18T00:14:55.290+0000] {dag.py:3490} INFO - Setting next_dagrun for example_params_trigger_ui to None, run_after=None
[2023-05-18T00:14:55.302+0000] {processor.py:179} INFO - Processing /home/airflow/.local/lib/python3.7/site-packages/airflow/example_dags/example_params_trigger_ui.py took 0.087 seconds
[2023-05-18T00:15:25.830+0000] {processor.py:157} INFO - Started process (PID=3446) to work on /home/airflow/.local/lib/python3.7/site-packages/airflow/example_dags/example_params_trigger_ui.py
[2023-05-18T00:15:25.831+0000] {processor.py:826} INFO - Processing file /home/airflow/.local/lib/python3.7/site-packages/airflow/example_dags/example_params_trigger_ui.py for tasks to queue
[2023-05-18T00:15:25.831+0000] {logging_mixin.py:149} INFO - [2023-05-18T00:15:25.831+0000] {dagbag.py:541} INFO - Filling up the DagBag from /home/airflow/.local/lib/python3.7/site-packages/airflow/example_dags/example_params_trigger_ui.py
[2023-05-18T00:15:25.844+0000] {processor.py:836} INFO - DAG(s) dict_keys(['example_params_trigger_ui']) retrieved from /home/airflow/.local/lib/python3.7/site-packages/airflow/example_dags/example_params_trigger_ui.py
[2023-05-18T00:15:25.887+0000] {logging_mixin.py:149} INFO - [2023-05-18T00:15:25.887+0000] {dag.py:2726} INFO - Sync 1 DAGs
[2023-05-18T00:15:25.902+0000] {logging_mixin.py:149} INFO - [2023-05-18T00:15:25.902+0000] {dag.py:3490} INFO - Setting next_dagrun for example_params_trigger_ui to None, run_after=None
[2023-05-18T00:15:25.914+0000] {processor.py:179} INFO - Processing /home/airflow/.local/lib/python3.7/site-packages/airflow/example_dags/example_params_trigger_ui.py took 0.086 seconds
[2023-05-18T00:15:56.489+0000] {processor.py:157} INFO - Started process (PID=3510) to work on /home/airflow/.local/lib/python3.7/site-packages/airflow/example_dags/example_params_trigger_ui.py
[2023-05-18T00:15:56.490+0000] {processor.py:826} INFO - Processing file /home/airflow/.local/lib/python3.7/site-packages/airflow/example_dags/example_params_trigger_ui.py for tasks to queue
[2023-05-18T00:15:56.491+0000] {logging_mixin.py:149} INFO - [2023-05-18T00:15:56.491+0000] {dagbag.py:541} INFO - Filling up the DagBag from /home/airflow/.local/lib/python3.7/site-packages/airflow/example_dags/example_params_trigger_ui.py
[2023-05-18T00:15:56.502+0000] {processor.py:836} INFO - DAG(s) dict_keys(['example_params_trigger_ui']) retrieved from /home/airflow/.local/lib/python3.7/site-packages/airflow/example_dags/example_params_trigger_ui.py
[2023-05-18T00:15:56.546+0000] {logging_mixin.py:149} INFO - [2023-05-18T00:15:56.546+0000] {dag.py:2726} INFO - Sync 1 DAGs
[2023-05-18T00:15:56.560+0000] {logging_mixin.py:149} INFO - [2023-05-18T00:15:56.560+0000] {dag.py:3490} INFO - Setting next_dagrun for example_params_trigger_ui to None, run_after=None
[2023-05-18T00:15:56.572+0000] {processor.py:179} INFO - Processing /home/airflow/.local/lib/python3.7/site-packages/airflow/example_dags/example_params_trigger_ui.py took 0.085 seconds
[2023-05-18T00:16:27.078+0000] {processor.py:157} INFO - Started process (PID=3574) to work on /home/airflow/.local/lib/python3.7/site-packages/airflow/example_dags/example_params_trigger_ui.py
[2023-05-18T00:16:27.082+0000] {processor.py:826} INFO - Processing file /home/airflow/.local/lib/python3.7/site-packages/airflow/example_dags/example_params_trigger_ui.py for tasks to queue
[2023-05-18T00:16:27.082+0000] {logging_mixin.py:149} INFO - [2023-05-18T00:16:27.082+0000] {dagbag.py:541} INFO - Filling up the DagBag from /home/airflow/.local/lib/python3.7/site-packages/airflow/example_dags/example_params_trigger_ui.py
[2023-05-18T00:16:27.095+0000] {processor.py:836} INFO - DAG(s) dict_keys(['example_params_trigger_ui']) retrieved from /home/airflow/.local/lib/python3.7/site-packages/airflow/example_dags/example_params_trigger_ui.py
[2023-05-18T00:16:27.138+0000] {logging_mixin.py:149} INFO - [2023-05-18T00:16:27.138+0000] {dag.py:2726} INFO - Sync 1 DAGs
[2023-05-18T00:16:27.152+0000] {logging_mixin.py:149} INFO - [2023-05-18T00:16:27.152+0000] {dag.py:3490} INFO - Setting next_dagrun for example_params_trigger_ui to None, run_after=None
[2023-05-18T00:16:27.164+0000] {processor.py:179} INFO - Processing /home/airflow/.local/lib/python3.7/site-packages/airflow/example_dags/example_params_trigger_ui.py took 0.089 seconds
[2023-05-18T00:16:57.757+0000] {processor.py:157} INFO - Started process (PID=3638) to work on /home/airflow/.local/lib/python3.7/site-packages/airflow/example_dags/example_params_trigger_ui.py
[2023-05-18T00:16:57.758+0000] {processor.py:826} INFO - Processing file /home/airflow/.local/lib/python3.7/site-packages/airflow/example_dags/example_params_trigger_ui.py for tasks to queue
[2023-05-18T00:16:57.759+0000] {logging_mixin.py:149} INFO - [2023-05-18T00:16:57.759+0000] {dagbag.py:541} INFO - Filling up the DagBag from /home/airflow/.local/lib/python3.7/site-packages/airflow/example_dags/example_params_trigger_ui.py
[2023-05-18T00:16:57.771+0000] {processor.py:836} INFO - DAG(s) dict_keys(['example_params_trigger_ui']) retrieved from /home/airflow/.local/lib/python3.7/site-packages/airflow/example_dags/example_params_trigger_ui.py
[2023-05-18T00:16:57.821+0000] {logging_mixin.py:149} INFO - [2023-05-18T00:16:57.820+0000] {dag.py:2726} INFO - Sync 1 DAGs
[2023-05-18T00:16:57.835+0000] {logging_mixin.py:149} INFO - [2023-05-18T00:16:57.835+0000] {dag.py:3490} INFO - Setting next_dagrun for example_params_trigger_ui to None, run_after=None
[2023-05-18T00:16:57.848+0000] {processor.py:179} INFO - Processing /home/airflow/.local/lib/python3.7/site-packages/airflow/example_dags/example_params_trigger_ui.py took 0.093 seconds
