[2023-05-18T00:00:04.708+0000] {processor.py:157} INFO - Started process (PID=1511) to work on /home/airflow/.local/lib/python3.7/site-packages/airflow/example_dags/example_dag_decorator.py
[2023-05-18T00:00:04.709+0000] {processor.py:826} INFO - Processing file /home/airflow/.local/lib/python3.7/site-packages/airflow/example_dags/example_dag_decorator.py for tasks to queue
[2023-05-18T00:00:04.709+0000] {logging_mixin.py:149} INFO - [2023-05-18T00:00:04.709+0000] {dagbag.py:541} INFO - Filling up the DagBag from /home/airflow/.local/lib/python3.7/site-packages/airflow/example_dags/example_dag_decorator.py
[2023-05-18T00:00:04.713+0000] {logging_mixin.py:149} INFO - [2023-05-18T00:00:04.713+0000] {taskmixin.py:211} WARNING - Dependency <Task(_PythonDecoratedOperator): prepare_email>, send_email already registered for DAG: example_dag_decorator
[2023-05-18T00:00:04.713+0000] {logging_mixin.py:149} INFO - [2023-05-18T00:00:04.713+0000] {taskmixin.py:211} WARNING - Dependency <Task(EmailOperator): send_email>, prepare_email already registered for DAG: example_dag_decorator
[2023-05-18T00:00:04.718+0000] {processor.py:836} INFO - DAG(s) dict_keys(['example_dag_decorator']) retrieved from /home/airflow/.local/lib/python3.7/site-packages/airflow/example_dags/example_dag_decorator.py
[2023-05-18T00:00:04.758+0000] {logging_mixin.py:149} INFO - [2023-05-18T00:00:04.758+0000] {dag.py:2726} INFO - Sync 1 DAGs
[2023-05-18T00:00:04.771+0000] {logging_mixin.py:149} INFO - [2023-05-18T00:00:04.771+0000] {dag.py:3490} INFO - Setting next_dagrun for example_dag_decorator to None, run_after=None
[2023-05-18T00:00:04.783+0000] {processor.py:179} INFO - Processing /home/airflow/.local/lib/python3.7/site-packages/airflow/example_dags/example_dag_decorator.py took 0.077 seconds
[2023-05-18T00:00:35.354+0000] {processor.py:157} INFO - Started process (PID=1575) to work on /home/airflow/.local/lib/python3.7/site-packages/airflow/example_dags/example_dag_decorator.py
[2023-05-18T00:00:35.354+0000] {processor.py:826} INFO - Processing file /home/airflow/.local/lib/python3.7/site-packages/airflow/example_dags/example_dag_decorator.py for tasks to queue
[2023-05-18T00:00:35.355+0000] {logging_mixin.py:149} INFO - [2023-05-18T00:00:35.355+0000] {dagbag.py:541} INFO - Filling up the DagBag from /home/airflow/.local/lib/python3.7/site-packages/airflow/example_dags/example_dag_decorator.py
[2023-05-18T00:00:35.359+0000] {logging_mixin.py:149} INFO - [2023-05-18T00:00:35.358+0000] {taskmixin.py:211} WARNING - Dependency <Task(_PythonDecoratedOperator): prepare_email>, send_email already registered for DAG: example_dag_decorator
[2023-05-18T00:00:35.359+0000] {logging_mixin.py:149} INFO - [2023-05-18T00:00:35.359+0000] {taskmixin.py:211} WARNING - Dependency <Task(EmailOperator): send_email>, prepare_email already registered for DAG: example_dag_decorator
[2023-05-18T00:00:35.365+0000] {processor.py:836} INFO - DAG(s) dict_keys(['example_dag_decorator']) retrieved from /home/airflow/.local/lib/python3.7/site-packages/airflow/example_dags/example_dag_decorator.py
[2023-05-18T00:00:35.407+0000] {logging_mixin.py:149} INFO - [2023-05-18T00:00:35.406+0000] {dag.py:2726} INFO - Sync 1 DAGs
[2023-05-18T00:00:35.426+0000] {logging_mixin.py:149} INFO - [2023-05-18T00:00:35.425+0000] {dag.py:3490} INFO - Setting next_dagrun for example_dag_decorator to None, run_after=None
[2023-05-18T00:00:35.444+0000] {processor.py:179} INFO - Processing /home/airflow/.local/lib/python3.7/site-packages/airflow/example_dags/example_dag_decorator.py took 0.092 seconds
[2023-05-18T00:01:05.975+0000] {processor.py:157} INFO - Started process (PID=1639) to work on /home/airflow/.local/lib/python3.7/site-packages/airflow/example_dags/example_dag_decorator.py
[2023-05-18T00:01:05.975+0000] {processor.py:826} INFO - Processing file /home/airflow/.local/lib/python3.7/site-packages/airflow/example_dags/example_dag_decorator.py for tasks to queue
[2023-05-18T00:01:05.975+0000] {logging_mixin.py:149} INFO - [2023-05-18T00:01:05.975+0000] {dagbag.py:541} INFO - Filling up the DagBag from /home/airflow/.local/lib/python3.7/site-packages/airflow/example_dags/example_dag_decorator.py
[2023-05-18T00:01:05.979+0000] {logging_mixin.py:149} INFO - [2023-05-18T00:01:05.979+0000] {taskmixin.py:211} WARNING - Dependency <Task(_PythonDecoratedOperator): prepare_email>, send_email already registered for DAG: example_dag_decorator
[2023-05-18T00:01:05.979+0000] {logging_mixin.py:149} INFO - [2023-05-18T00:01:05.979+0000] {taskmixin.py:211} WARNING - Dependency <Task(EmailOperator): send_email>, prepare_email already registered for DAG: example_dag_decorator
[2023-05-18T00:01:05.983+0000] {processor.py:836} INFO - DAG(s) dict_keys(['example_dag_decorator']) retrieved from /home/airflow/.local/lib/python3.7/site-packages/airflow/example_dags/example_dag_decorator.py
[2023-05-18T00:01:06.020+0000] {logging_mixin.py:149} INFO - [2023-05-18T00:01:06.020+0000] {dag.py:2726} INFO - Sync 1 DAGs
[2023-05-18T00:01:06.033+0000] {logging_mixin.py:149} INFO - [2023-05-18T00:01:06.033+0000] {dag.py:3490} INFO - Setting next_dagrun for example_dag_decorator to None, run_after=None
[2023-05-18T00:01:06.045+0000] {processor.py:179} INFO - Processing /home/airflow/.local/lib/python3.7/site-packages/airflow/example_dags/example_dag_decorator.py took 0.072 seconds
[2023-05-18T00:01:36.556+0000] {processor.py:157} INFO - Started process (PID=1703) to work on /home/airflow/.local/lib/python3.7/site-packages/airflow/example_dags/example_dag_decorator.py
[2023-05-18T00:01:36.557+0000] {processor.py:826} INFO - Processing file /home/airflow/.local/lib/python3.7/site-packages/airflow/example_dags/example_dag_decorator.py for tasks to queue
[2023-05-18T00:01:36.557+0000] {logging_mixin.py:149} INFO - [2023-05-18T00:01:36.557+0000] {dagbag.py:541} INFO - Filling up the DagBag from /home/airflow/.local/lib/python3.7/site-packages/airflow/example_dags/example_dag_decorator.py
[2023-05-18T00:01:36.561+0000] {logging_mixin.py:149} INFO - [2023-05-18T00:01:36.561+0000] {taskmixin.py:211} WARNING - Dependency <Task(_PythonDecoratedOperator): prepare_email>, send_email already registered for DAG: example_dag_decorator
[2023-05-18T00:01:36.561+0000] {logging_mixin.py:149} INFO - [2023-05-18T00:01:36.561+0000] {taskmixin.py:211} WARNING - Dependency <Task(EmailOperator): send_email>, prepare_email already registered for DAG: example_dag_decorator
[2023-05-18T00:01:36.566+0000] {processor.py:836} INFO - DAG(s) dict_keys(['example_dag_decorator']) retrieved from /home/airflow/.local/lib/python3.7/site-packages/airflow/example_dags/example_dag_decorator.py
[2023-05-18T00:01:36.604+0000] {logging_mixin.py:149} INFO - [2023-05-18T00:01:36.604+0000] {dag.py:2726} INFO - Sync 1 DAGs
[2023-05-18T00:01:36.617+0000] {logging_mixin.py:149} INFO - [2023-05-18T00:01:36.617+0000] {dag.py:3490} INFO - Setting next_dagrun for example_dag_decorator to None, run_after=None
[2023-05-18T00:01:36.630+0000] {processor.py:179} INFO - Processing /home/airflow/.local/lib/python3.7/site-packages/airflow/example_dags/example_dag_decorator.py took 0.075 seconds
[2023-05-18T00:02:07.097+0000] {processor.py:157} INFO - Started process (PID=1767) to work on /home/airflow/.local/lib/python3.7/site-packages/airflow/example_dags/example_dag_decorator.py
[2023-05-18T00:02:07.097+0000] {processor.py:826} INFO - Processing file /home/airflow/.local/lib/python3.7/site-packages/airflow/example_dags/example_dag_decorator.py for tasks to queue
[2023-05-18T00:02:07.098+0000] {logging_mixin.py:149} INFO - [2023-05-18T00:02:07.098+0000] {dagbag.py:541} INFO - Filling up the DagBag from /home/airflow/.local/lib/python3.7/site-packages/airflow/example_dags/example_dag_decorator.py
[2023-05-18T00:02:07.101+0000] {logging_mixin.py:149} INFO - [2023-05-18T00:02:07.101+0000] {taskmixin.py:211} WARNING - Dependency <Task(_PythonDecoratedOperator): prepare_email>, send_email already registered for DAG: example_dag_decorator
[2023-05-18T00:02:07.102+0000] {logging_mixin.py:149} INFO - [2023-05-18T00:02:07.101+0000] {taskmixin.py:211} WARNING - Dependency <Task(EmailOperator): send_email>, prepare_email already registered for DAG: example_dag_decorator
[2023-05-18T00:02:07.106+0000] {processor.py:836} INFO - DAG(s) dict_keys(['example_dag_decorator']) retrieved from /home/airflow/.local/lib/python3.7/site-packages/airflow/example_dags/example_dag_decorator.py
[2023-05-18T00:02:07.146+0000] {logging_mixin.py:149} INFO - [2023-05-18T00:02:07.146+0000] {dag.py:2726} INFO - Sync 1 DAGs
[2023-05-18T00:02:07.159+0000] {logging_mixin.py:149} INFO - [2023-05-18T00:02:07.159+0000] {dag.py:3490} INFO - Setting next_dagrun for example_dag_decorator to None, run_after=None
[2023-05-18T00:02:07.172+0000] {processor.py:179} INFO - Processing /home/airflow/.local/lib/python3.7/site-packages/airflow/example_dags/example_dag_decorator.py took 0.078 seconds
[2023-05-18T00:02:37.764+0000] {processor.py:157} INFO - Started process (PID=1831) to work on /home/airflow/.local/lib/python3.7/site-packages/airflow/example_dags/example_dag_decorator.py
[2023-05-18T00:02:37.773+0000] {processor.py:826} INFO - Processing file /home/airflow/.local/lib/python3.7/site-packages/airflow/example_dags/example_dag_decorator.py for tasks to queue
[2023-05-18T00:02:37.773+0000] {logging_mixin.py:149} INFO - [2023-05-18T00:02:37.773+0000] {dagbag.py:541} INFO - Filling up the DagBag from /home/airflow/.local/lib/python3.7/site-packages/airflow/example_dags/example_dag_decorator.py
[2023-05-18T00:02:37.777+0000] {logging_mixin.py:149} INFO - [2023-05-18T00:02:37.777+0000] {taskmixin.py:211} WARNING - Dependency <Task(_PythonDecoratedOperator): prepare_email>, send_email already registered for DAG: example_dag_decorator
[2023-05-18T00:02:37.777+0000] {logging_mixin.py:149} INFO - [2023-05-18T00:02:37.777+0000] {taskmixin.py:211} WARNING - Dependency <Task(EmailOperator): send_email>, prepare_email already registered for DAG: example_dag_decorator
[2023-05-18T00:02:37.781+0000] {processor.py:836} INFO - DAG(s) dict_keys(['example_dag_decorator']) retrieved from /home/airflow/.local/lib/python3.7/site-packages/airflow/example_dags/example_dag_decorator.py
[2023-05-18T00:02:37.820+0000] {logging_mixin.py:149} INFO - [2023-05-18T00:02:37.819+0000] {dag.py:2726} INFO - Sync 1 DAGs
[2023-05-18T00:02:37.834+0000] {logging_mixin.py:149} INFO - [2023-05-18T00:02:37.834+0000] {dag.py:3490} INFO - Setting next_dagrun for example_dag_decorator to None, run_after=None
[2023-05-18T00:02:37.846+0000] {processor.py:179} INFO - Processing /home/airflow/.local/lib/python3.7/site-packages/airflow/example_dags/example_dag_decorator.py took 0.084 seconds
[2023-05-18T00:03:08.481+0000] {processor.py:157} INFO - Started process (PID=1895) to work on /home/airflow/.local/lib/python3.7/site-packages/airflow/example_dags/example_dag_decorator.py
[2023-05-18T00:03:08.490+0000] {processor.py:826} INFO - Processing file /home/airflow/.local/lib/python3.7/site-packages/airflow/example_dags/example_dag_decorator.py for tasks to queue
[2023-05-18T00:03:08.490+0000] {logging_mixin.py:149} INFO - [2023-05-18T00:03:08.490+0000] {dagbag.py:541} INFO - Filling up the DagBag from /home/airflow/.local/lib/python3.7/site-packages/airflow/example_dags/example_dag_decorator.py
[2023-05-18T00:03:08.494+0000] {logging_mixin.py:149} INFO - [2023-05-18T00:03:08.494+0000] {taskmixin.py:211} WARNING - Dependency <Task(_PythonDecoratedOperator): prepare_email>, send_email already registered for DAG: example_dag_decorator
[2023-05-18T00:03:08.494+0000] {logging_mixin.py:149} INFO - [2023-05-18T00:03:08.494+0000] {taskmixin.py:211} WARNING - Dependency <Task(EmailOperator): send_email>, prepare_email already registered for DAG: example_dag_decorator
[2023-05-18T00:03:08.499+0000] {processor.py:836} INFO - DAG(s) dict_keys(['example_dag_decorator']) retrieved from /home/airflow/.local/lib/python3.7/site-packages/airflow/example_dags/example_dag_decorator.py
[2023-05-18T00:03:08.540+0000] {logging_mixin.py:149} INFO - [2023-05-18T00:03:08.540+0000] {dag.py:2726} INFO - Sync 1 DAGs
[2023-05-18T00:03:08.553+0000] {logging_mixin.py:149} INFO - [2023-05-18T00:03:08.553+0000] {dag.py:3490} INFO - Setting next_dagrun for example_dag_decorator to None, run_after=None
[2023-05-18T00:03:08.568+0000] {processor.py:179} INFO - Processing /home/airflow/.local/lib/python3.7/site-packages/airflow/example_dags/example_dag_decorator.py took 0.089 seconds
[2023-05-18T00:03:39.107+0000] {processor.py:157} INFO - Started process (PID=1959) to work on /home/airflow/.local/lib/python3.7/site-packages/airflow/example_dags/example_dag_decorator.py
[2023-05-18T00:03:39.116+0000] {processor.py:826} INFO - Processing file /home/airflow/.local/lib/python3.7/site-packages/airflow/example_dags/example_dag_decorator.py for tasks to queue
[2023-05-18T00:03:39.116+0000] {logging_mixin.py:149} INFO - [2023-05-18T00:03:39.116+0000] {dagbag.py:541} INFO - Filling up the DagBag from /home/airflow/.local/lib/python3.7/site-packages/airflow/example_dags/example_dag_decorator.py
[2023-05-18T00:03:39.120+0000] {logging_mixin.py:149} INFO - [2023-05-18T00:03:39.120+0000] {taskmixin.py:211} WARNING - Dependency <Task(_PythonDecoratedOperator): prepare_email>, send_email already registered for DAG: example_dag_decorator
[2023-05-18T00:03:39.120+0000] {logging_mixin.py:149} INFO - [2023-05-18T00:03:39.120+0000] {taskmixin.py:211} WARNING - Dependency <Task(EmailOperator): send_email>, prepare_email already registered for DAG: example_dag_decorator
[2023-05-18T00:03:39.124+0000] {processor.py:836} INFO - DAG(s) dict_keys(['example_dag_decorator']) retrieved from /home/airflow/.local/lib/python3.7/site-packages/airflow/example_dags/example_dag_decorator.py
[2023-05-18T00:03:39.162+0000] {logging_mixin.py:149} INFO - [2023-05-18T00:03:39.162+0000] {dag.py:2726} INFO - Sync 1 DAGs
[2023-05-18T00:03:39.175+0000] {logging_mixin.py:149} INFO - [2023-05-18T00:03:39.175+0000] {dag.py:3490} INFO - Setting next_dagrun for example_dag_decorator to None, run_after=None
[2023-05-18T00:03:39.189+0000] {processor.py:179} INFO - Processing /home/airflow/.local/lib/python3.7/site-packages/airflow/example_dags/example_dag_decorator.py took 0.085 seconds
[2023-05-18T00:04:09.752+0000] {processor.py:157} INFO - Started process (PID=2023) to work on /home/airflow/.local/lib/python3.7/site-packages/airflow/example_dags/example_dag_decorator.py
[2023-05-18T00:04:09.752+0000] {processor.py:826} INFO - Processing file /home/airflow/.local/lib/python3.7/site-packages/airflow/example_dags/example_dag_decorator.py for tasks to queue
[2023-05-18T00:04:09.753+0000] {logging_mixin.py:149} INFO - [2023-05-18T00:04:09.753+0000] {dagbag.py:541} INFO - Filling up the DagBag from /home/airflow/.local/lib/python3.7/site-packages/airflow/example_dags/example_dag_decorator.py
[2023-05-18T00:04:09.756+0000] {logging_mixin.py:149} INFO - [2023-05-18T00:04:09.756+0000] {taskmixin.py:211} WARNING - Dependency <Task(_PythonDecoratedOperator): prepare_email>, send_email already registered for DAG: example_dag_decorator
[2023-05-18T00:04:09.756+0000] {logging_mixin.py:149} INFO - [2023-05-18T00:04:09.756+0000] {taskmixin.py:211} WARNING - Dependency <Task(EmailOperator): send_email>, prepare_email already registered for DAG: example_dag_decorator
[2023-05-18T00:04:09.761+0000] {processor.py:836} INFO - DAG(s) dict_keys(['example_dag_decorator']) retrieved from /home/airflow/.local/lib/python3.7/site-packages/airflow/example_dags/example_dag_decorator.py
[2023-05-18T00:04:09.800+0000] {logging_mixin.py:149} INFO - [2023-05-18T00:04:09.800+0000] {dag.py:2726} INFO - Sync 1 DAGs
[2023-05-18T00:04:09.813+0000] {logging_mixin.py:149} INFO - [2023-05-18T00:04:09.813+0000] {dag.py:3490} INFO - Setting next_dagrun for example_dag_decorator to None, run_after=None
[2023-05-18T00:04:09.825+0000] {processor.py:179} INFO - Processing /home/airflow/.local/lib/python3.7/site-packages/airflow/example_dags/example_dag_decorator.py took 0.075 seconds
[2023-05-18T00:04:40.382+0000] {processor.py:157} INFO - Started process (PID=2087) to work on /home/airflow/.local/lib/python3.7/site-packages/airflow/example_dags/example_dag_decorator.py
[2023-05-18T00:04:40.382+0000] {processor.py:826} INFO - Processing file /home/airflow/.local/lib/python3.7/site-packages/airflow/example_dags/example_dag_decorator.py for tasks to queue
[2023-05-18T00:04:40.383+0000] {logging_mixin.py:149} INFO - [2023-05-18T00:04:40.383+0000] {dagbag.py:541} INFO - Filling up the DagBag from /home/airflow/.local/lib/python3.7/site-packages/airflow/example_dags/example_dag_decorator.py
[2023-05-18T00:04:40.386+0000] {logging_mixin.py:149} INFO - [2023-05-18T00:04:40.386+0000] {taskmixin.py:211} WARNING - Dependency <Task(_PythonDecoratedOperator): prepare_email>, send_email already registered for DAG: example_dag_decorator
[2023-05-18T00:04:40.386+0000] {logging_mixin.py:149} INFO - [2023-05-18T00:04:40.386+0000] {taskmixin.py:211} WARNING - Dependency <Task(EmailOperator): send_email>, prepare_email already registered for DAG: example_dag_decorator
[2023-05-18T00:04:40.391+0000] {processor.py:836} INFO - DAG(s) dict_keys(['example_dag_decorator']) retrieved from /home/airflow/.local/lib/python3.7/site-packages/airflow/example_dags/example_dag_decorator.py
[2023-05-18T00:04:40.429+0000] {logging_mixin.py:149} INFO - [2023-05-18T00:04:40.429+0000] {dag.py:2726} INFO - Sync 1 DAGs
[2023-05-18T00:04:40.443+0000] {logging_mixin.py:149} INFO - [2023-05-18T00:04:40.442+0000] {dag.py:3490} INFO - Setting next_dagrun for example_dag_decorator to None, run_after=None
[2023-05-18T00:04:40.455+0000] {processor.py:179} INFO - Processing /home/airflow/.local/lib/python3.7/site-packages/airflow/example_dags/example_dag_decorator.py took 0.076 seconds
[2023-05-18T00:05:11.037+0000] {processor.py:157} INFO - Started process (PID=2151) to work on /home/airflow/.local/lib/python3.7/site-packages/airflow/example_dags/example_dag_decorator.py
[2023-05-18T00:05:11.038+0000] {processor.py:826} INFO - Processing file /home/airflow/.local/lib/python3.7/site-packages/airflow/example_dags/example_dag_decorator.py for tasks to queue
[2023-05-18T00:05:11.038+0000] {logging_mixin.py:149} INFO - [2023-05-18T00:05:11.038+0000] {dagbag.py:541} INFO - Filling up the DagBag from /home/airflow/.local/lib/python3.7/site-packages/airflow/example_dags/example_dag_decorator.py
[2023-05-18T00:05:11.042+0000] {logging_mixin.py:149} INFO - [2023-05-18T00:05:11.042+0000] {taskmixin.py:211} WARNING - Dependency <Task(_PythonDecoratedOperator): prepare_email>, send_email already registered for DAG: example_dag_decorator
[2023-05-18T00:05:11.042+0000] {logging_mixin.py:149} INFO - [2023-05-18T00:05:11.042+0000] {taskmixin.py:211} WARNING - Dependency <Task(EmailOperator): send_email>, prepare_email already registered for DAG: example_dag_decorator
[2023-05-18T00:05:11.047+0000] {processor.py:836} INFO - DAG(s) dict_keys(['example_dag_decorator']) retrieved from /home/airflow/.local/lib/python3.7/site-packages/airflow/example_dags/example_dag_decorator.py
[2023-05-18T00:05:11.088+0000] {logging_mixin.py:149} INFO - [2023-05-18T00:05:11.088+0000] {dag.py:2726} INFO - Sync 1 DAGs
[2023-05-18T00:05:11.102+0000] {logging_mixin.py:149} INFO - [2023-05-18T00:05:11.102+0000] {dag.py:3490} INFO - Setting next_dagrun for example_dag_decorator to None, run_after=None
[2023-05-18T00:05:11.116+0000] {processor.py:179} INFO - Processing /home/airflow/.local/lib/python3.7/site-packages/airflow/example_dags/example_dag_decorator.py took 0.082 seconds
[2023-05-18T00:05:41.671+0000] {processor.py:157} INFO - Started process (PID=2215) to work on /home/airflow/.local/lib/python3.7/site-packages/airflow/example_dags/example_dag_decorator.py
[2023-05-18T00:05:41.671+0000] {processor.py:826} INFO - Processing file /home/airflow/.local/lib/python3.7/site-packages/airflow/example_dags/example_dag_decorator.py for tasks to queue
[2023-05-18T00:05:41.672+0000] {logging_mixin.py:149} INFO - [2023-05-18T00:05:41.672+0000] {dagbag.py:541} INFO - Filling up the DagBag from /home/airflow/.local/lib/python3.7/site-packages/airflow/example_dags/example_dag_decorator.py
[2023-05-18T00:05:41.678+0000] {logging_mixin.py:149} INFO - [2023-05-18T00:05:41.678+0000] {taskmixin.py:211} WARNING - Dependency <Task(_PythonDecoratedOperator): prepare_email>, send_email already registered for DAG: example_dag_decorator
[2023-05-18T00:05:41.678+0000] {logging_mixin.py:149} INFO - [2023-05-18T00:05:41.678+0000] {taskmixin.py:211} WARNING - Dependency <Task(EmailOperator): send_email>, prepare_email already registered for DAG: example_dag_decorator
[2023-05-18T00:05:41.683+0000] {processor.py:836} INFO - DAG(s) dict_keys(['example_dag_decorator']) retrieved from /home/airflow/.local/lib/python3.7/site-packages/airflow/example_dags/example_dag_decorator.py
[2023-05-18T00:05:41.723+0000] {logging_mixin.py:149} INFO - [2023-05-18T00:05:41.723+0000] {dag.py:2726} INFO - Sync 1 DAGs
[2023-05-18T00:05:41.737+0000] {logging_mixin.py:149} INFO - [2023-05-18T00:05:41.737+0000] {dag.py:3490} INFO - Setting next_dagrun for example_dag_decorator to None, run_after=None
[2023-05-18T00:05:41.757+0000] {processor.py:179} INFO - Processing /home/airflow/.local/lib/python3.7/site-packages/airflow/example_dags/example_dag_decorator.py took 0.089 seconds
[2023-05-18T00:06:11.779+0000] {processor.py:157} INFO - Started process (PID=2279) to work on /home/airflow/.local/lib/python3.7/site-packages/airflow/example_dags/example_dag_decorator.py
[2023-05-18T00:06:11.786+0000] {processor.py:826} INFO - Processing file /home/airflow/.local/lib/python3.7/site-packages/airflow/example_dags/example_dag_decorator.py for tasks to queue
[2023-05-18T00:06:11.787+0000] {logging_mixin.py:149} INFO - [2023-05-18T00:06:11.787+0000] {dagbag.py:541} INFO - Filling up the DagBag from /home/airflow/.local/lib/python3.7/site-packages/airflow/example_dags/example_dag_decorator.py
[2023-05-18T00:06:11.791+0000] {logging_mixin.py:149} INFO - [2023-05-18T00:06:11.791+0000] {taskmixin.py:211} WARNING - Dependency <Task(_PythonDecoratedOperator): prepare_email>, send_email already registered for DAG: example_dag_decorator
[2023-05-18T00:06:11.791+0000] {logging_mixin.py:149} INFO - [2023-05-18T00:06:11.791+0000] {taskmixin.py:211} WARNING - Dependency <Task(EmailOperator): send_email>, prepare_email already registered for DAG: example_dag_decorator
[2023-05-18T00:06:11.799+0000] {processor.py:836} INFO - DAG(s) dict_keys(['example_dag_decorator']) retrieved from /home/airflow/.local/lib/python3.7/site-packages/airflow/example_dags/example_dag_decorator.py
[2023-05-18T00:06:11.841+0000] {logging_mixin.py:149} INFO - [2023-05-18T00:06:11.840+0000] {dag.py:2726} INFO - Sync 1 DAGs
[2023-05-18T00:06:11.854+0000] {logging_mixin.py:149} INFO - [2023-05-18T00:06:11.854+0000] {dag.py:3490} INFO - Setting next_dagrun for example_dag_decorator to None, run_after=None
[2023-05-18T00:06:11.869+0000] {processor.py:179} INFO - Processing /home/airflow/.local/lib/python3.7/site-packages/airflow/example_dags/example_dag_decorator.py took 0.092 seconds
[2023-05-18T00:06:41.954+0000] {processor.py:157} INFO - Started process (PID=2343) to work on /home/airflow/.local/lib/python3.7/site-packages/airflow/example_dags/example_dag_decorator.py
[2023-05-18T00:06:41.962+0000] {processor.py:826} INFO - Processing file /home/airflow/.local/lib/python3.7/site-packages/airflow/example_dags/example_dag_decorator.py for tasks to queue
[2023-05-18T00:06:41.962+0000] {logging_mixin.py:149} INFO - [2023-05-18T00:06:41.962+0000] {dagbag.py:541} INFO - Filling up the DagBag from /home/airflow/.local/lib/python3.7/site-packages/airflow/example_dags/example_dag_decorator.py
[2023-05-18T00:06:41.966+0000] {logging_mixin.py:149} INFO - [2023-05-18T00:06:41.966+0000] {taskmixin.py:211} WARNING - Dependency <Task(_PythonDecoratedOperator): prepare_email>, send_email already registered for DAG: example_dag_decorator
[2023-05-18T00:06:41.966+0000] {logging_mixin.py:149} INFO - [2023-05-18T00:06:41.966+0000] {taskmixin.py:211} WARNING - Dependency <Task(EmailOperator): send_email>, prepare_email already registered for DAG: example_dag_decorator
[2023-05-18T00:06:41.971+0000] {processor.py:836} INFO - DAG(s) dict_keys(['example_dag_decorator']) retrieved from /home/airflow/.local/lib/python3.7/site-packages/airflow/example_dags/example_dag_decorator.py
[2023-05-18T00:06:42.010+0000] {logging_mixin.py:149} INFO - [2023-05-18T00:06:42.009+0000] {dag.py:2726} INFO - Sync 1 DAGs
[2023-05-18T00:06:42.023+0000] {logging_mixin.py:149} INFO - [2023-05-18T00:06:42.023+0000] {dag.py:3490} INFO - Setting next_dagrun for example_dag_decorator to None, run_after=None
[2023-05-18T00:06:42.037+0000] {processor.py:179} INFO - Processing /home/airflow/.local/lib/python3.7/site-packages/airflow/example_dags/example_dag_decorator.py took 0.085 seconds
[2023-05-18T00:07:12.086+0000] {processor.py:157} INFO - Started process (PID=2407) to work on /home/airflow/.local/lib/python3.7/site-packages/airflow/example_dags/example_dag_decorator.py
[2023-05-18T00:07:12.094+0000] {processor.py:826} INFO - Processing file /home/airflow/.local/lib/python3.7/site-packages/airflow/example_dags/example_dag_decorator.py for tasks to queue
[2023-05-18T00:07:12.095+0000] {logging_mixin.py:149} INFO - [2023-05-18T00:07:12.095+0000] {dagbag.py:541} INFO - Filling up the DagBag from /home/airflow/.local/lib/python3.7/site-packages/airflow/example_dags/example_dag_decorator.py
[2023-05-18T00:07:12.098+0000] {logging_mixin.py:149} INFO - [2023-05-18T00:07:12.098+0000] {taskmixin.py:211} WARNING - Dependency <Task(_PythonDecoratedOperator): prepare_email>, send_email already registered for DAG: example_dag_decorator
[2023-05-18T00:07:12.098+0000] {logging_mixin.py:149} INFO - [2023-05-18T00:07:12.098+0000] {taskmixin.py:211} WARNING - Dependency <Task(EmailOperator): send_email>, prepare_email already registered for DAG: example_dag_decorator
[2023-05-18T00:07:12.103+0000] {processor.py:836} INFO - DAG(s) dict_keys(['example_dag_decorator']) retrieved from /home/airflow/.local/lib/python3.7/site-packages/airflow/example_dags/example_dag_decorator.py
[2023-05-18T00:07:12.140+0000] {logging_mixin.py:149} INFO - [2023-05-18T00:07:12.140+0000] {dag.py:2726} INFO - Sync 1 DAGs
[2023-05-18T00:07:12.152+0000] {logging_mixin.py:149} INFO - [2023-05-18T00:07:12.152+0000] {dag.py:3490} INFO - Setting next_dagrun for example_dag_decorator to None, run_after=None
[2023-05-18T00:07:12.166+0000] {processor.py:179} INFO - Processing /home/airflow/.local/lib/python3.7/site-packages/airflow/example_dags/example_dag_decorator.py took 0.081 seconds
[2023-05-18T00:07:42.815+0000] {processor.py:157} INFO - Started process (PID=2470) to work on /home/airflow/.local/lib/python3.7/site-packages/airflow/example_dags/example_dag_decorator.py
[2023-05-18T00:07:42.816+0000] {processor.py:826} INFO - Processing file /home/airflow/.local/lib/python3.7/site-packages/airflow/example_dags/example_dag_decorator.py for tasks to queue
[2023-05-18T00:07:42.817+0000] {logging_mixin.py:149} INFO - [2023-05-18T00:07:42.816+0000] {dagbag.py:541} INFO - Filling up the DagBag from /home/airflow/.local/lib/python3.7/site-packages/airflow/example_dags/example_dag_decorator.py
[2023-05-18T00:07:42.820+0000] {logging_mixin.py:149} INFO - [2023-05-18T00:07:42.820+0000] {taskmixin.py:211} WARNING - Dependency <Task(_PythonDecoratedOperator): prepare_email>, send_email already registered for DAG: example_dag_decorator
[2023-05-18T00:07:42.820+0000] {logging_mixin.py:149} INFO - [2023-05-18T00:07:42.820+0000] {taskmixin.py:211} WARNING - Dependency <Task(EmailOperator): send_email>, prepare_email already registered for DAG: example_dag_decorator
[2023-05-18T00:07:42.824+0000] {processor.py:836} INFO - DAG(s) dict_keys(['example_dag_decorator']) retrieved from /home/airflow/.local/lib/python3.7/site-packages/airflow/example_dags/example_dag_decorator.py
[2023-05-18T00:07:42.862+0000] {logging_mixin.py:149} INFO - [2023-05-18T00:07:42.862+0000] {dag.py:2726} INFO - Sync 1 DAGs
[2023-05-18T00:07:42.874+0000] {logging_mixin.py:149} INFO - [2023-05-18T00:07:42.874+0000] {dag.py:3490} INFO - Setting next_dagrun for example_dag_decorator to None, run_after=None
[2023-05-18T00:07:42.887+0000] {processor.py:179} INFO - Processing /home/airflow/.local/lib/python3.7/site-packages/airflow/example_dags/example_dag_decorator.py took 0.074 seconds
[2023-05-18T00:08:13.626+0000] {processor.py:157} INFO - Started process (PID=2534) to work on /home/airflow/.local/lib/python3.7/site-packages/airflow/example_dags/example_dag_decorator.py
[2023-05-18T00:08:13.627+0000] {processor.py:826} INFO - Processing file /home/airflow/.local/lib/python3.7/site-packages/airflow/example_dags/example_dag_decorator.py for tasks to queue
[2023-05-18T00:08:13.627+0000] {logging_mixin.py:149} INFO - [2023-05-18T00:08:13.627+0000] {dagbag.py:541} INFO - Filling up the DagBag from /home/airflow/.local/lib/python3.7/site-packages/airflow/example_dags/example_dag_decorator.py
[2023-05-18T00:08:13.631+0000] {logging_mixin.py:149} INFO - [2023-05-18T00:08:13.630+0000] {taskmixin.py:211} WARNING - Dependency <Task(_PythonDecoratedOperator): prepare_email>, send_email already registered for DAG: example_dag_decorator
[2023-05-18T00:08:13.631+0000] {logging_mixin.py:149} INFO - [2023-05-18T00:08:13.631+0000] {taskmixin.py:211} WARNING - Dependency <Task(EmailOperator): send_email>, prepare_email already registered for DAG: example_dag_decorator
[2023-05-18T00:08:13.635+0000] {processor.py:836} INFO - DAG(s) dict_keys(['example_dag_decorator']) retrieved from /home/airflow/.local/lib/python3.7/site-packages/airflow/example_dags/example_dag_decorator.py
[2023-05-18T00:08:13.672+0000] {logging_mixin.py:149} INFO - [2023-05-18T00:08:13.672+0000] {dag.py:2726} INFO - Sync 1 DAGs
[2023-05-18T00:08:13.685+0000] {logging_mixin.py:149} INFO - [2023-05-18T00:08:13.684+0000] {dag.py:3490} INFO - Setting next_dagrun for example_dag_decorator to None, run_after=None
[2023-05-18T00:08:13.698+0000] {processor.py:179} INFO - Processing /home/airflow/.local/lib/python3.7/site-packages/airflow/example_dags/example_dag_decorator.py took 0.074 seconds
[2023-05-18T00:08:44.427+0000] {processor.py:157} INFO - Started process (PID=2598) to work on /home/airflow/.local/lib/python3.7/site-packages/airflow/example_dags/example_dag_decorator.py
[2023-05-18T00:08:44.428+0000] {processor.py:826} INFO - Processing file /home/airflow/.local/lib/python3.7/site-packages/airflow/example_dags/example_dag_decorator.py for tasks to queue
[2023-05-18T00:08:44.428+0000] {logging_mixin.py:149} INFO - [2023-05-18T00:08:44.428+0000] {dagbag.py:541} INFO - Filling up the DagBag from /home/airflow/.local/lib/python3.7/site-packages/airflow/example_dags/example_dag_decorator.py
[2023-05-18T00:08:44.432+0000] {logging_mixin.py:149} INFO - [2023-05-18T00:08:44.432+0000] {taskmixin.py:211} WARNING - Dependency <Task(_PythonDecoratedOperator): prepare_email>, send_email already registered for DAG: example_dag_decorator
[2023-05-18T00:08:44.432+0000] {logging_mixin.py:149} INFO - [2023-05-18T00:08:44.432+0000] {taskmixin.py:211} WARNING - Dependency <Task(EmailOperator): send_email>, prepare_email already registered for DAG: example_dag_decorator
[2023-05-18T00:08:44.436+0000] {processor.py:836} INFO - DAG(s) dict_keys(['example_dag_decorator']) retrieved from /home/airflow/.local/lib/python3.7/site-packages/airflow/example_dags/example_dag_decorator.py
[2023-05-18T00:08:44.474+0000] {logging_mixin.py:149} INFO - [2023-05-18T00:08:44.474+0000] {dag.py:2726} INFO - Sync 1 DAGs
[2023-05-18T00:08:44.488+0000] {logging_mixin.py:149} INFO - [2023-05-18T00:08:44.488+0000] {dag.py:3490} INFO - Setting next_dagrun for example_dag_decorator to None, run_after=None
[2023-05-18T00:08:44.501+0000] {processor.py:179} INFO - Processing /home/airflow/.local/lib/python3.7/site-packages/airflow/example_dags/example_dag_decorator.py took 0.076 seconds
[2023-05-18T00:09:15.120+0000] {processor.py:157} INFO - Started process (PID=2662) to work on /home/airflow/.local/lib/python3.7/site-packages/airflow/example_dags/example_dag_decorator.py
[2023-05-18T00:09:15.128+0000] {processor.py:826} INFO - Processing file /home/airflow/.local/lib/python3.7/site-packages/airflow/example_dags/example_dag_decorator.py for tasks to queue
[2023-05-18T00:09:15.129+0000] {logging_mixin.py:149} INFO - [2023-05-18T00:09:15.129+0000] {dagbag.py:541} INFO - Filling up the DagBag from /home/airflow/.local/lib/python3.7/site-packages/airflow/example_dags/example_dag_decorator.py
[2023-05-18T00:09:15.133+0000] {logging_mixin.py:149} INFO - [2023-05-18T00:09:15.133+0000] {taskmixin.py:211} WARNING - Dependency <Task(_PythonDecoratedOperator): prepare_email>, send_email already registered for DAG: example_dag_decorator
[2023-05-18T00:09:15.133+0000] {logging_mixin.py:149} INFO - [2023-05-18T00:09:15.133+0000] {taskmixin.py:211} WARNING - Dependency <Task(EmailOperator): send_email>, prepare_email already registered for DAG: example_dag_decorator
[2023-05-18T00:09:15.138+0000] {processor.py:836} INFO - DAG(s) dict_keys(['example_dag_decorator']) retrieved from /home/airflow/.local/lib/python3.7/site-packages/airflow/example_dags/example_dag_decorator.py
[2023-05-18T00:09:15.181+0000] {logging_mixin.py:149} INFO - [2023-05-18T00:09:15.181+0000] {dag.py:2726} INFO - Sync 1 DAGs
[2023-05-18T00:09:15.197+0000] {logging_mixin.py:149} INFO - [2023-05-18T00:09:15.196+0000] {dag.py:3490} INFO - Setting next_dagrun for example_dag_decorator to None, run_after=None
[2023-05-18T00:09:15.220+0000] {processor.py:179} INFO - Processing /home/airflow/.local/lib/python3.7/site-packages/airflow/example_dags/example_dag_decorator.py took 0.103 seconds
[2023-05-18T00:09:45.867+0000] {processor.py:157} INFO - Started process (PID=2726) to work on /home/airflow/.local/lib/python3.7/site-packages/airflow/example_dags/example_dag_decorator.py
[2023-05-18T00:09:45.871+0000] {processor.py:826} INFO - Processing file /home/airflow/.local/lib/python3.7/site-packages/airflow/example_dags/example_dag_decorator.py for tasks to queue
[2023-05-18T00:09:45.873+0000] {logging_mixin.py:149} INFO - [2023-05-18T00:09:45.872+0000] {dagbag.py:541} INFO - Filling up the DagBag from /home/airflow/.local/lib/python3.7/site-packages/airflow/example_dags/example_dag_decorator.py
[2023-05-18T00:09:45.880+0000] {logging_mixin.py:149} INFO - [2023-05-18T00:09:45.880+0000] {taskmixin.py:211} WARNING - Dependency <Task(_PythonDecoratedOperator): prepare_email>, send_email already registered for DAG: example_dag_decorator
[2023-05-18T00:09:45.880+0000] {logging_mixin.py:149} INFO - [2023-05-18T00:09:45.880+0000] {taskmixin.py:211} WARNING - Dependency <Task(EmailOperator): send_email>, prepare_email already registered for DAG: example_dag_decorator
[2023-05-18T00:09:45.890+0000] {processor.py:836} INFO - DAG(s) dict_keys(['example_dag_decorator']) retrieved from /home/airflow/.local/lib/python3.7/site-packages/airflow/example_dags/example_dag_decorator.py
[2023-05-18T00:09:45.937+0000] {logging_mixin.py:149} INFO - [2023-05-18T00:09:45.937+0000] {dag.py:2726} INFO - Sync 1 DAGs
[2023-05-18T00:09:45.953+0000] {logging_mixin.py:149} INFO - [2023-05-18T00:09:45.953+0000] {dag.py:3490} INFO - Setting next_dagrun for example_dag_decorator to None, run_after=None
[2023-05-18T00:09:45.971+0000] {processor.py:179} INFO - Processing /home/airflow/.local/lib/python3.7/site-packages/airflow/example_dags/example_dag_decorator.py took 0.106 seconds
[2023-05-18T00:10:16.575+0000] {processor.py:157} INFO - Started process (PID=2790) to work on /home/airflow/.local/lib/python3.7/site-packages/airflow/example_dags/example_dag_decorator.py
[2023-05-18T00:10:16.582+0000] {processor.py:826} INFO - Processing file /home/airflow/.local/lib/python3.7/site-packages/airflow/example_dags/example_dag_decorator.py for tasks to queue
[2023-05-18T00:10:16.583+0000] {logging_mixin.py:149} INFO - [2023-05-18T00:10:16.583+0000] {dagbag.py:541} INFO - Filling up the DagBag from /home/airflow/.local/lib/python3.7/site-packages/airflow/example_dags/example_dag_decorator.py
[2023-05-18T00:10:16.587+0000] {logging_mixin.py:149} INFO - [2023-05-18T00:10:16.587+0000] {taskmixin.py:211} WARNING - Dependency <Task(_PythonDecoratedOperator): prepare_email>, send_email already registered for DAG: example_dag_decorator
[2023-05-18T00:10:16.587+0000] {logging_mixin.py:149} INFO - [2023-05-18T00:10:16.587+0000] {taskmixin.py:211} WARNING - Dependency <Task(EmailOperator): send_email>, prepare_email already registered for DAG: example_dag_decorator
[2023-05-18T00:10:16.591+0000] {processor.py:836} INFO - DAG(s) dict_keys(['example_dag_decorator']) retrieved from /home/airflow/.local/lib/python3.7/site-packages/airflow/example_dags/example_dag_decorator.py
[2023-05-18T00:10:16.633+0000] {logging_mixin.py:149} INFO - [2023-05-18T00:10:16.633+0000] {dag.py:2726} INFO - Sync 1 DAGs
[2023-05-18T00:10:16.650+0000] {logging_mixin.py:149} INFO - [2023-05-18T00:10:16.650+0000] {dag.py:3490} INFO - Setting next_dagrun for example_dag_decorator to None, run_after=None
[2023-05-18T00:10:16.665+0000] {processor.py:179} INFO - Processing /home/airflow/.local/lib/python3.7/site-packages/airflow/example_dags/example_dag_decorator.py took 0.092 seconds
[2023-05-18T00:10:47.322+0000] {processor.py:157} INFO - Started process (PID=2854) to work on /home/airflow/.local/lib/python3.7/site-packages/airflow/example_dags/example_dag_decorator.py
[2023-05-18T00:10:47.331+0000] {processor.py:826} INFO - Processing file /home/airflow/.local/lib/python3.7/site-packages/airflow/example_dags/example_dag_decorator.py for tasks to queue
[2023-05-18T00:10:47.331+0000] {logging_mixin.py:149} INFO - [2023-05-18T00:10:47.331+0000] {dagbag.py:541} INFO - Filling up the DagBag from /home/airflow/.local/lib/python3.7/site-packages/airflow/example_dags/example_dag_decorator.py
[2023-05-18T00:10:47.335+0000] {logging_mixin.py:149} INFO - [2023-05-18T00:10:47.335+0000] {taskmixin.py:211} WARNING - Dependency <Task(_PythonDecoratedOperator): prepare_email>, send_email already registered for DAG: example_dag_decorator
[2023-05-18T00:10:47.335+0000] {logging_mixin.py:149} INFO - [2023-05-18T00:10:47.335+0000] {taskmixin.py:211} WARNING - Dependency <Task(EmailOperator): send_email>, prepare_email already registered for DAG: example_dag_decorator
[2023-05-18T00:10:47.340+0000] {processor.py:836} INFO - DAG(s) dict_keys(['example_dag_decorator']) retrieved from /home/airflow/.local/lib/python3.7/site-packages/airflow/example_dags/example_dag_decorator.py
[2023-05-18T00:10:47.377+0000] {logging_mixin.py:149} INFO - [2023-05-18T00:10:47.377+0000] {dag.py:2726} INFO - Sync 1 DAGs
[2023-05-18T00:10:47.391+0000] {logging_mixin.py:149} INFO - [2023-05-18T00:10:47.391+0000] {dag.py:3490} INFO - Setting next_dagrun for example_dag_decorator to None, run_after=None
[2023-05-18T00:10:47.405+0000] {processor.py:179} INFO - Processing /home/airflow/.local/lib/python3.7/site-packages/airflow/example_dags/example_dag_decorator.py took 0.084 seconds
[2023-05-18T00:11:18.026+0000] {processor.py:157} INFO - Started process (PID=2925) to work on /home/airflow/.local/lib/python3.7/site-packages/airflow/example_dags/example_dag_decorator.py
[2023-05-18T00:11:18.038+0000] {processor.py:826} INFO - Processing file /home/airflow/.local/lib/python3.7/site-packages/airflow/example_dags/example_dag_decorator.py for tasks to queue
[2023-05-18T00:11:18.038+0000] {logging_mixin.py:149} INFO - [2023-05-18T00:11:18.038+0000] {dagbag.py:541} INFO - Filling up the DagBag from /home/airflow/.local/lib/python3.7/site-packages/airflow/example_dags/example_dag_decorator.py
[2023-05-18T00:11:18.042+0000] {logging_mixin.py:149} INFO - [2023-05-18T00:11:18.042+0000] {taskmixin.py:211} WARNING - Dependency <Task(_PythonDecoratedOperator): prepare_email>, send_email already registered for DAG: example_dag_decorator
[2023-05-18T00:11:18.042+0000] {logging_mixin.py:149} INFO - [2023-05-18T00:11:18.042+0000] {taskmixin.py:211} WARNING - Dependency <Task(EmailOperator): send_email>, prepare_email already registered for DAG: example_dag_decorator
[2023-05-18T00:11:18.047+0000] {processor.py:836} INFO - DAG(s) dict_keys(['example_dag_decorator']) retrieved from /home/airflow/.local/lib/python3.7/site-packages/airflow/example_dags/example_dag_decorator.py
[2023-05-18T00:11:18.085+0000] {logging_mixin.py:149} INFO - [2023-05-18T00:11:18.085+0000] {dag.py:2726} INFO - Sync 1 DAGs
[2023-05-18T00:11:18.098+0000] {logging_mixin.py:149} INFO - [2023-05-18T00:11:18.098+0000] {dag.py:3490} INFO - Setting next_dagrun for example_dag_decorator to None, run_after=None
[2023-05-18T00:11:18.112+0000] {processor.py:179} INFO - Processing /home/airflow/.local/lib/python3.7/site-packages/airflow/example_dags/example_dag_decorator.py took 0.089 seconds
[2023-05-18T00:11:48.733+0000] {processor.py:157} INFO - Started process (PID=2989) to work on /home/airflow/.local/lib/python3.7/site-packages/airflow/example_dags/example_dag_decorator.py
[2023-05-18T00:11:48.741+0000] {processor.py:826} INFO - Processing file /home/airflow/.local/lib/python3.7/site-packages/airflow/example_dags/example_dag_decorator.py for tasks to queue
[2023-05-18T00:11:48.742+0000] {logging_mixin.py:149} INFO - [2023-05-18T00:11:48.742+0000] {dagbag.py:541} INFO - Filling up the DagBag from /home/airflow/.local/lib/python3.7/site-packages/airflow/example_dags/example_dag_decorator.py
[2023-05-18T00:11:48.745+0000] {logging_mixin.py:149} INFO - [2023-05-18T00:11:48.745+0000] {taskmixin.py:211} WARNING - Dependency <Task(_PythonDecoratedOperator): prepare_email>, send_email already registered for DAG: example_dag_decorator
[2023-05-18T00:11:48.746+0000] {logging_mixin.py:149} INFO - [2023-05-18T00:11:48.746+0000] {taskmixin.py:211} WARNING - Dependency <Task(EmailOperator): send_email>, prepare_email already registered for DAG: example_dag_decorator
[2023-05-18T00:11:48.750+0000] {processor.py:836} INFO - DAG(s) dict_keys(['example_dag_decorator']) retrieved from /home/airflow/.local/lib/python3.7/site-packages/airflow/example_dags/example_dag_decorator.py
[2023-05-18T00:11:48.788+0000] {logging_mixin.py:149} INFO - [2023-05-18T00:11:48.788+0000] {dag.py:2726} INFO - Sync 1 DAGs
[2023-05-18T00:11:48.801+0000] {logging_mixin.py:149} INFO - [2023-05-18T00:11:48.801+0000] {dag.py:3490} INFO - Setting next_dagrun for example_dag_decorator to None, run_after=None
[2023-05-18T00:11:48.814+0000] {processor.py:179} INFO - Processing /home/airflow/.local/lib/python3.7/site-packages/airflow/example_dags/example_dag_decorator.py took 0.083 seconds
[2023-05-18T00:12:19.416+0000] {processor.py:157} INFO - Started process (PID=3053) to work on /home/airflow/.local/lib/python3.7/site-packages/airflow/example_dags/example_dag_decorator.py
[2023-05-18T00:12:19.423+0000] {processor.py:826} INFO - Processing file /home/airflow/.local/lib/python3.7/site-packages/airflow/example_dags/example_dag_decorator.py for tasks to queue
[2023-05-18T00:12:19.424+0000] {logging_mixin.py:149} INFO - [2023-05-18T00:12:19.424+0000] {dagbag.py:541} INFO - Filling up the DagBag from /home/airflow/.local/lib/python3.7/site-packages/airflow/example_dags/example_dag_decorator.py
[2023-05-18T00:12:19.428+0000] {logging_mixin.py:149} INFO - [2023-05-18T00:12:19.428+0000] {taskmixin.py:211} WARNING - Dependency <Task(_PythonDecoratedOperator): prepare_email>, send_email already registered for DAG: example_dag_decorator
[2023-05-18T00:12:19.428+0000] {logging_mixin.py:149} INFO - [2023-05-18T00:12:19.428+0000] {taskmixin.py:211} WARNING - Dependency <Task(EmailOperator): send_email>, prepare_email already registered for DAG: example_dag_decorator
[2023-05-18T00:12:19.433+0000] {processor.py:836} INFO - DAG(s) dict_keys(['example_dag_decorator']) retrieved from /home/airflow/.local/lib/python3.7/site-packages/airflow/example_dags/example_dag_decorator.py
[2023-05-18T00:12:19.471+0000] {logging_mixin.py:149} INFO - [2023-05-18T00:12:19.471+0000] {dag.py:2726} INFO - Sync 1 DAGs
[2023-05-18T00:12:19.484+0000] {logging_mixin.py:149} INFO - [2023-05-18T00:12:19.484+0000] {dag.py:3490} INFO - Setting next_dagrun for example_dag_decorator to None, run_after=None
[2023-05-18T00:12:19.497+0000] {processor.py:179} INFO - Processing /home/airflow/.local/lib/python3.7/site-packages/airflow/example_dags/example_dag_decorator.py took 0.083 seconds
[2023-05-18T00:12:50.133+0000] {processor.py:157} INFO - Started process (PID=3117) to work on /home/airflow/.local/lib/python3.7/site-packages/airflow/example_dags/example_dag_decorator.py
[2023-05-18T00:12:50.141+0000] {processor.py:826} INFO - Processing file /home/airflow/.local/lib/python3.7/site-packages/airflow/example_dags/example_dag_decorator.py for tasks to queue
[2023-05-18T00:12:50.142+0000] {logging_mixin.py:149} INFO - [2023-05-18T00:12:50.142+0000] {dagbag.py:541} INFO - Filling up the DagBag from /home/airflow/.local/lib/python3.7/site-packages/airflow/example_dags/example_dag_decorator.py
[2023-05-18T00:12:50.146+0000] {logging_mixin.py:149} INFO - [2023-05-18T00:12:50.146+0000] {taskmixin.py:211} WARNING - Dependency <Task(_PythonDecoratedOperator): prepare_email>, send_email already registered for DAG: example_dag_decorator
[2023-05-18T00:12:50.146+0000] {logging_mixin.py:149} INFO - [2023-05-18T00:12:50.146+0000] {taskmixin.py:211} WARNING - Dependency <Task(EmailOperator): send_email>, prepare_email already registered for DAG: example_dag_decorator
[2023-05-18T00:12:50.150+0000] {processor.py:836} INFO - DAG(s) dict_keys(['example_dag_decorator']) retrieved from /home/airflow/.local/lib/python3.7/site-packages/airflow/example_dags/example_dag_decorator.py
[2023-05-18T00:12:50.189+0000] {logging_mixin.py:149} INFO - [2023-05-18T00:12:50.189+0000] {dag.py:2726} INFO - Sync 1 DAGs
[2023-05-18T00:12:50.202+0000] {logging_mixin.py:149} INFO - [2023-05-18T00:12:50.202+0000] {dag.py:3490} INFO - Setting next_dagrun for example_dag_decorator to None, run_after=None
[2023-05-18T00:12:50.216+0000] {processor.py:179} INFO - Processing /home/airflow/.local/lib/python3.7/site-packages/airflow/example_dags/example_dag_decorator.py took 0.084 seconds
[2023-05-18T00:13:20.850+0000] {processor.py:157} INFO - Started process (PID=3181) to work on /home/airflow/.local/lib/python3.7/site-packages/airflow/example_dags/example_dag_decorator.py
[2023-05-18T00:13:20.858+0000] {processor.py:826} INFO - Processing file /home/airflow/.local/lib/python3.7/site-packages/airflow/example_dags/example_dag_decorator.py for tasks to queue
[2023-05-18T00:13:20.858+0000] {logging_mixin.py:149} INFO - [2023-05-18T00:13:20.858+0000] {dagbag.py:541} INFO - Filling up the DagBag from /home/airflow/.local/lib/python3.7/site-packages/airflow/example_dags/example_dag_decorator.py
[2023-05-18T00:13:20.862+0000] {logging_mixin.py:149} INFO - [2023-05-18T00:13:20.862+0000] {taskmixin.py:211} WARNING - Dependency <Task(_PythonDecoratedOperator): prepare_email>, send_email already registered for DAG: example_dag_decorator
[2023-05-18T00:13:20.862+0000] {logging_mixin.py:149} INFO - [2023-05-18T00:13:20.862+0000] {taskmixin.py:211} WARNING - Dependency <Task(EmailOperator): send_email>, prepare_email already registered for DAG: example_dag_decorator
[2023-05-18T00:13:20.867+0000] {processor.py:836} INFO - DAG(s) dict_keys(['example_dag_decorator']) retrieved from /home/airflow/.local/lib/python3.7/site-packages/airflow/example_dags/example_dag_decorator.py
[2023-05-18T00:13:20.905+0000] {logging_mixin.py:149} INFO - [2023-05-18T00:13:20.905+0000] {dag.py:2726} INFO - Sync 1 DAGs
[2023-05-18T00:13:20.918+0000] {logging_mixin.py:149} INFO - [2023-05-18T00:13:20.918+0000] {dag.py:3490} INFO - Setting next_dagrun for example_dag_decorator to None, run_after=None
[2023-05-18T00:13:20.933+0000] {processor.py:179} INFO - Processing /home/airflow/.local/lib/python3.7/site-packages/airflow/example_dags/example_dag_decorator.py took 0.085 seconds
[2023-05-18T00:13:51.509+0000] {processor.py:157} INFO - Started process (PID=3245) to work on /home/airflow/.local/lib/python3.7/site-packages/airflow/example_dags/example_dag_decorator.py
[2023-05-18T00:13:51.510+0000] {processor.py:826} INFO - Processing file /home/airflow/.local/lib/python3.7/site-packages/airflow/example_dags/example_dag_decorator.py for tasks to queue
[2023-05-18T00:13:51.510+0000] {logging_mixin.py:149} INFO - [2023-05-18T00:13:51.510+0000] {dagbag.py:541} INFO - Filling up the DagBag from /home/airflow/.local/lib/python3.7/site-packages/airflow/example_dags/example_dag_decorator.py
[2023-05-18T00:13:51.514+0000] {logging_mixin.py:149} INFO - [2023-05-18T00:13:51.514+0000] {taskmixin.py:211} WARNING - Dependency <Task(_PythonDecoratedOperator): prepare_email>, send_email already registered for DAG: example_dag_decorator
[2023-05-18T00:13:51.514+0000] {logging_mixin.py:149} INFO - [2023-05-18T00:13:51.514+0000] {taskmixin.py:211} WARNING - Dependency <Task(EmailOperator): send_email>, prepare_email already registered for DAG: example_dag_decorator
[2023-05-18T00:13:51.519+0000] {processor.py:836} INFO - DAG(s) dict_keys(['example_dag_decorator']) retrieved from /home/airflow/.local/lib/python3.7/site-packages/airflow/example_dags/example_dag_decorator.py
[2023-05-18T00:13:51.556+0000] {logging_mixin.py:149} INFO - [2023-05-18T00:13:51.556+0000] {dag.py:2726} INFO - Sync 1 DAGs
[2023-05-18T00:13:51.569+0000] {logging_mixin.py:149} INFO - [2023-05-18T00:13:51.569+0000] {dag.py:3490} INFO - Setting next_dagrun for example_dag_decorator to None, run_after=None
[2023-05-18T00:13:51.582+0000] {processor.py:179} INFO - Processing /home/airflow/.local/lib/python3.7/site-packages/airflow/example_dags/example_dag_decorator.py took 0.075 seconds
[2023-05-18T00:14:22.079+0000] {processor.py:157} INFO - Started process (PID=3309) to work on /home/airflow/.local/lib/python3.7/site-packages/airflow/example_dags/example_dag_decorator.py
[2023-05-18T00:14:22.087+0000] {processor.py:826} INFO - Processing file /home/airflow/.local/lib/python3.7/site-packages/airflow/example_dags/example_dag_decorator.py for tasks to queue
[2023-05-18T00:14:22.088+0000] {logging_mixin.py:149} INFO - [2023-05-18T00:14:22.088+0000] {dagbag.py:541} INFO - Filling up the DagBag from /home/airflow/.local/lib/python3.7/site-packages/airflow/example_dags/example_dag_decorator.py
[2023-05-18T00:14:22.091+0000] {logging_mixin.py:149} INFO - [2023-05-18T00:14:22.091+0000] {taskmixin.py:211} WARNING - Dependency <Task(_PythonDecoratedOperator): prepare_email>, send_email already registered for DAG: example_dag_decorator
[2023-05-18T00:14:22.091+0000] {logging_mixin.py:149} INFO - [2023-05-18T00:14:22.091+0000] {taskmixin.py:211} WARNING - Dependency <Task(EmailOperator): send_email>, prepare_email already registered for DAG: example_dag_decorator
[2023-05-18T00:14:22.096+0000] {processor.py:836} INFO - DAG(s) dict_keys(['example_dag_decorator']) retrieved from /home/airflow/.local/lib/python3.7/site-packages/airflow/example_dags/example_dag_decorator.py
[2023-05-18T00:14:22.135+0000] {logging_mixin.py:149} INFO - [2023-05-18T00:14:22.134+0000] {dag.py:2726} INFO - Sync 1 DAGs
[2023-05-18T00:14:22.148+0000] {logging_mixin.py:149} INFO - [2023-05-18T00:14:22.148+0000] {dag.py:3490} INFO - Setting next_dagrun for example_dag_decorator to None, run_after=None
[2023-05-18T00:14:22.161+0000] {processor.py:179} INFO - Processing /home/airflow/.local/lib/python3.7/site-packages/airflow/example_dags/example_dag_decorator.py took 0.085 seconds
[2023-05-18T00:14:52.782+0000] {processor.py:157} INFO - Started process (PID=3373) to work on /home/airflow/.local/lib/python3.7/site-packages/airflow/example_dags/example_dag_decorator.py
[2023-05-18T00:14:52.789+0000] {processor.py:826} INFO - Processing file /home/airflow/.local/lib/python3.7/site-packages/airflow/example_dags/example_dag_decorator.py for tasks to queue
[2023-05-18T00:14:52.789+0000] {logging_mixin.py:149} INFO - [2023-05-18T00:14:52.789+0000] {dagbag.py:541} INFO - Filling up the DagBag from /home/airflow/.local/lib/python3.7/site-packages/airflow/example_dags/example_dag_decorator.py
[2023-05-18T00:14:52.793+0000] {logging_mixin.py:149} INFO - [2023-05-18T00:14:52.793+0000] {taskmixin.py:211} WARNING - Dependency <Task(_PythonDecoratedOperator): prepare_email>, send_email already registered for DAG: example_dag_decorator
[2023-05-18T00:14:52.793+0000] {logging_mixin.py:149} INFO - [2023-05-18T00:14:52.793+0000] {taskmixin.py:211} WARNING - Dependency <Task(EmailOperator): send_email>, prepare_email already registered for DAG: example_dag_decorator
[2023-05-18T00:14:52.798+0000] {processor.py:836} INFO - DAG(s) dict_keys(['example_dag_decorator']) retrieved from /home/airflow/.local/lib/python3.7/site-packages/airflow/example_dags/example_dag_decorator.py
[2023-05-18T00:14:52.839+0000] {logging_mixin.py:149} INFO - [2023-05-18T00:14:52.839+0000] {dag.py:2726} INFO - Sync 1 DAGs
[2023-05-18T00:14:52.852+0000] {logging_mixin.py:149} INFO - [2023-05-18T00:14:52.852+0000] {dag.py:3490} INFO - Setting next_dagrun for example_dag_decorator to None, run_after=None
[2023-05-18T00:14:52.864+0000] {processor.py:179} INFO - Processing /home/airflow/.local/lib/python3.7/site-packages/airflow/example_dags/example_dag_decorator.py took 0.084 seconds
[2023-05-18T00:15:23.393+0000] {processor.py:157} INFO - Started process (PID=3437) to work on /home/airflow/.local/lib/python3.7/site-packages/airflow/example_dags/example_dag_decorator.py
[2023-05-18T00:15:23.393+0000] {processor.py:826} INFO - Processing file /home/airflow/.local/lib/python3.7/site-packages/airflow/example_dags/example_dag_decorator.py for tasks to queue
[2023-05-18T00:15:23.394+0000] {logging_mixin.py:149} INFO - [2023-05-18T00:15:23.394+0000] {dagbag.py:541} INFO - Filling up the DagBag from /home/airflow/.local/lib/python3.7/site-packages/airflow/example_dags/example_dag_decorator.py
[2023-05-18T00:15:23.398+0000] {logging_mixin.py:149} INFO - [2023-05-18T00:15:23.397+0000] {taskmixin.py:211} WARNING - Dependency <Task(_PythonDecoratedOperator): prepare_email>, send_email already registered for DAG: example_dag_decorator
[2023-05-18T00:15:23.398+0000] {logging_mixin.py:149} INFO - [2023-05-18T00:15:23.398+0000] {taskmixin.py:211} WARNING - Dependency <Task(EmailOperator): send_email>, prepare_email already registered for DAG: example_dag_decorator
[2023-05-18T00:15:23.402+0000] {processor.py:836} INFO - DAG(s) dict_keys(['example_dag_decorator']) retrieved from /home/airflow/.local/lib/python3.7/site-packages/airflow/example_dags/example_dag_decorator.py
[2023-05-18T00:15:23.439+0000] {logging_mixin.py:149} INFO - [2023-05-18T00:15:23.439+0000] {dag.py:2726} INFO - Sync 1 DAGs
[2023-05-18T00:15:23.452+0000] {logging_mixin.py:149} INFO - [2023-05-18T00:15:23.452+0000] {dag.py:3490} INFO - Setting next_dagrun for example_dag_decorator to None, run_after=None
[2023-05-18T00:15:23.466+0000] {processor.py:179} INFO - Processing /home/airflow/.local/lib/python3.7/site-packages/airflow/example_dags/example_dag_decorator.py took 0.075 seconds
[2023-05-18T00:15:54.045+0000] {processor.py:157} INFO - Started process (PID=3501) to work on /home/airflow/.local/lib/python3.7/site-packages/airflow/example_dags/example_dag_decorator.py
[2023-05-18T00:15:54.054+0000] {processor.py:826} INFO - Processing file /home/airflow/.local/lib/python3.7/site-packages/airflow/example_dags/example_dag_decorator.py for tasks to queue
[2023-05-18T00:15:54.054+0000] {logging_mixin.py:149} INFO - [2023-05-18T00:15:54.054+0000] {dagbag.py:541} INFO - Filling up the DagBag from /home/airflow/.local/lib/python3.7/site-packages/airflow/example_dags/example_dag_decorator.py
[2023-05-18T00:15:54.058+0000] {logging_mixin.py:149} INFO - [2023-05-18T00:15:54.058+0000] {taskmixin.py:211} WARNING - Dependency <Task(_PythonDecoratedOperator): prepare_email>, send_email already registered for DAG: example_dag_decorator
[2023-05-18T00:15:54.058+0000] {logging_mixin.py:149} INFO - [2023-05-18T00:15:54.058+0000] {taskmixin.py:211} WARNING - Dependency <Task(EmailOperator): send_email>, prepare_email already registered for DAG: example_dag_decorator
[2023-05-18T00:15:54.063+0000] {processor.py:836} INFO - DAG(s) dict_keys(['example_dag_decorator']) retrieved from /home/airflow/.local/lib/python3.7/site-packages/airflow/example_dags/example_dag_decorator.py
[2023-05-18T00:15:54.100+0000] {logging_mixin.py:149} INFO - [2023-05-18T00:15:54.100+0000] {dag.py:2726} INFO - Sync 1 DAGs
[2023-05-18T00:15:54.117+0000] {logging_mixin.py:149} INFO - [2023-05-18T00:15:54.116+0000] {dag.py:3490} INFO - Setting next_dagrun for example_dag_decorator to None, run_after=None
[2023-05-18T00:15:54.130+0000] {processor.py:179} INFO - Processing /home/airflow/.local/lib/python3.7/site-packages/airflow/example_dags/example_dag_decorator.py took 0.087 seconds
[2023-05-18T00:16:24.631+0000] {processor.py:157} INFO - Started process (PID=3565) to work on /home/airflow/.local/lib/python3.7/site-packages/airflow/example_dags/example_dag_decorator.py
[2023-05-18T00:16:24.640+0000] {processor.py:826} INFO - Processing file /home/airflow/.local/lib/python3.7/site-packages/airflow/example_dags/example_dag_decorator.py for tasks to queue
[2023-05-18T00:16:24.640+0000] {logging_mixin.py:149} INFO - [2023-05-18T00:16:24.640+0000] {dagbag.py:541} INFO - Filling up the DagBag from /home/airflow/.local/lib/python3.7/site-packages/airflow/example_dags/example_dag_decorator.py
[2023-05-18T00:16:24.644+0000] {logging_mixin.py:149} INFO - [2023-05-18T00:16:24.644+0000] {taskmixin.py:211} WARNING - Dependency <Task(_PythonDecoratedOperator): prepare_email>, send_email already registered for DAG: example_dag_decorator
[2023-05-18T00:16:24.644+0000] {logging_mixin.py:149} INFO - [2023-05-18T00:16:24.644+0000] {taskmixin.py:211} WARNING - Dependency <Task(EmailOperator): send_email>, prepare_email already registered for DAG: example_dag_decorator
[2023-05-18T00:16:24.648+0000] {processor.py:836} INFO - DAG(s) dict_keys(['example_dag_decorator']) retrieved from /home/airflow/.local/lib/python3.7/site-packages/airflow/example_dags/example_dag_decorator.py
[2023-05-18T00:16:24.687+0000] {logging_mixin.py:149} INFO - [2023-05-18T00:16:24.687+0000] {dag.py:2726} INFO - Sync 1 DAGs
[2023-05-18T00:16:24.700+0000] {logging_mixin.py:149} INFO - [2023-05-18T00:16:24.700+0000] {dag.py:3490} INFO - Setting next_dagrun for example_dag_decorator to None, run_after=None
[2023-05-18T00:16:24.714+0000] {processor.py:179} INFO - Processing /home/airflow/.local/lib/python3.7/site-packages/airflow/example_dags/example_dag_decorator.py took 0.085 seconds
[2023-05-18T00:16:55.315+0000] {processor.py:157} INFO - Started process (PID=3629) to work on /home/airflow/.local/lib/python3.7/site-packages/airflow/example_dags/example_dag_decorator.py
[2023-05-18T00:16:55.323+0000] {processor.py:826} INFO - Processing file /home/airflow/.local/lib/python3.7/site-packages/airflow/example_dags/example_dag_decorator.py for tasks to queue
[2023-05-18T00:16:55.324+0000] {logging_mixin.py:149} INFO - [2023-05-18T00:16:55.323+0000] {dagbag.py:541} INFO - Filling up the DagBag from /home/airflow/.local/lib/python3.7/site-packages/airflow/example_dags/example_dag_decorator.py
[2023-05-18T00:16:55.327+0000] {logging_mixin.py:149} INFO - [2023-05-18T00:16:55.327+0000] {taskmixin.py:211} WARNING - Dependency <Task(_PythonDecoratedOperator): prepare_email>, send_email already registered for DAG: example_dag_decorator
[2023-05-18T00:16:55.327+0000] {logging_mixin.py:149} INFO - [2023-05-18T00:16:55.327+0000] {taskmixin.py:211} WARNING - Dependency <Task(EmailOperator): send_email>, prepare_email already registered for DAG: example_dag_decorator
[2023-05-18T00:16:55.332+0000] {processor.py:836} INFO - DAG(s) dict_keys(['example_dag_decorator']) retrieved from /home/airflow/.local/lib/python3.7/site-packages/airflow/example_dags/example_dag_decorator.py
[2023-05-18T00:16:55.369+0000] {logging_mixin.py:149} INFO - [2023-05-18T00:16:55.369+0000] {dag.py:2726} INFO - Sync 1 DAGs
[2023-05-18T00:16:55.382+0000] {logging_mixin.py:149} INFO - [2023-05-18T00:16:55.382+0000] {dag.py:3490} INFO - Setting next_dagrun for example_dag_decorator to None, run_after=None
[2023-05-18T00:16:55.397+0000] {processor.py:179} INFO - Processing /home/airflow/.local/lib/python3.7/site-packages/airflow/example_dags/example_dag_decorator.py took 0.084 seconds
