[2023-05-18T00:00:06.510+0000] {processor.py:157} INFO - Started process (PID=1530) to work on /home/airflow/.local/lib/python3.7/site-packages/airflow/example_dags/example_skip_dag.py
[2023-05-18T00:00:06.511+0000] {processor.py:826} INFO - Processing file /home/airflow/.local/lib/python3.7/site-packages/airflow/example_dags/example_skip_dag.py for tasks to queue
[2023-05-18T00:00:06.511+0000] {logging_mixin.py:149} INFO - [2023-05-18T00:00:06.511+0000] {dagbag.py:541} INFO - Filling up the DagBag from /home/airflow/.local/lib/python3.7/site-packages/airflow/example_dags/example_skip_dag.py
[2023-05-18T00:00:06.515+0000] {processor.py:836} INFO - DAG(s) dict_keys(['example_skip_dag']) retrieved from /home/airflow/.local/lib/python3.7/site-packages/airflow/example_dags/example_skip_dag.py
[2023-05-18T00:00:06.530+0000] {logging_mixin.py:149} INFO - [2023-05-18T00:00:06.529+0000] {dag.py:2726} INFO - Sync 1 DAGs
[2023-05-18T00:00:06.544+0000] {logging_mixin.py:149} INFO - [2023-05-18T00:00:06.544+0000] {dag.py:3490} INFO - Setting next_dagrun for example_skip_dag to 2023-05-17T00:00:06.544587+00:00, run_after=2023-05-18T00:00:06.544587+00:00
[2023-05-18T00:00:06.557+0000] {processor.py:179} INFO - Processing /home/airflow/.local/lib/python3.7/site-packages/airflow/example_dags/example_skip_dag.py took 0.048 seconds
[2023-05-18T00:00:37.169+0000] {processor.py:157} INFO - Started process (PID=1594) to work on /home/airflow/.local/lib/python3.7/site-packages/airflow/example_dags/example_skip_dag.py
[2023-05-18T00:00:37.169+0000] {processor.py:826} INFO - Processing file /home/airflow/.local/lib/python3.7/site-packages/airflow/example_dags/example_skip_dag.py for tasks to queue
[2023-05-18T00:00:37.169+0000] {logging_mixin.py:149} INFO - [2023-05-18T00:00:37.169+0000] {dagbag.py:541} INFO - Filling up the DagBag from /home/airflow/.local/lib/python3.7/site-packages/airflow/example_dags/example_skip_dag.py
[2023-05-18T00:00:37.173+0000] {processor.py:836} INFO - DAG(s) dict_keys(['example_skip_dag']) retrieved from /home/airflow/.local/lib/python3.7/site-packages/airflow/example_dags/example_skip_dag.py
[2023-05-18T00:00:37.188+0000] {logging_mixin.py:149} INFO - [2023-05-18T00:00:37.188+0000] {dag.py:2726} INFO - Sync 1 DAGs
[2023-05-18T00:00:37.201+0000] {logging_mixin.py:149} INFO - [2023-05-18T00:00:37.201+0000] {dag.py:3490} INFO - Setting next_dagrun for example_skip_dag to 2023-05-17T00:00:37.201187+00:00, run_after=2023-05-18T00:00:37.201187+00:00
[2023-05-18T00:00:37.213+0000] {processor.py:179} INFO - Processing /home/airflow/.local/lib/python3.7/site-packages/airflow/example_dags/example_skip_dag.py took 0.046 seconds
[2023-05-18T00:01:07.714+0000] {processor.py:157} INFO - Started process (PID=1658) to work on /home/airflow/.local/lib/python3.7/site-packages/airflow/example_dags/example_skip_dag.py
[2023-05-18T00:01:07.714+0000] {processor.py:826} INFO - Processing file /home/airflow/.local/lib/python3.7/site-packages/airflow/example_dags/example_skip_dag.py for tasks to queue
[2023-05-18T00:01:07.715+0000] {logging_mixin.py:149} INFO - [2023-05-18T00:01:07.715+0000] {dagbag.py:541} INFO - Filling up the DagBag from /home/airflow/.local/lib/python3.7/site-packages/airflow/example_dags/example_skip_dag.py
[2023-05-18T00:01:07.719+0000] {processor.py:836} INFO - DAG(s) dict_keys(['example_skip_dag']) retrieved from /home/airflow/.local/lib/python3.7/site-packages/airflow/example_dags/example_skip_dag.py
[2023-05-18T00:01:07.733+0000] {logging_mixin.py:149} INFO - [2023-05-18T00:01:07.733+0000] {dag.py:2726} INFO - Sync 1 DAGs
[2023-05-18T00:01:07.750+0000] {logging_mixin.py:149} INFO - [2023-05-18T00:01:07.750+0000] {dag.py:3490} INFO - Setting next_dagrun for example_skip_dag to 2023-05-17T00:01:07.750607+00:00, run_after=2023-05-18T00:01:07.750607+00:00
[2023-05-18T00:01:07.762+0000] {processor.py:179} INFO - Processing /home/airflow/.local/lib/python3.7/site-packages/airflow/example_dags/example_skip_dag.py took 0.050 seconds
[2023-05-18T00:01:38.277+0000] {processor.py:157} INFO - Started process (PID=1722) to work on /home/airflow/.local/lib/python3.7/site-packages/airflow/example_dags/example_skip_dag.py
[2023-05-18T00:01:38.278+0000] {processor.py:826} INFO - Processing file /home/airflow/.local/lib/python3.7/site-packages/airflow/example_dags/example_skip_dag.py for tasks to queue
[2023-05-18T00:01:38.278+0000] {logging_mixin.py:149} INFO - [2023-05-18T00:01:38.278+0000] {dagbag.py:541} INFO - Filling up the DagBag from /home/airflow/.local/lib/python3.7/site-packages/airflow/example_dags/example_skip_dag.py
[2023-05-18T00:01:38.283+0000] {processor.py:836} INFO - DAG(s) dict_keys(['example_skip_dag']) retrieved from /home/airflow/.local/lib/python3.7/site-packages/airflow/example_dags/example_skip_dag.py
[2023-05-18T00:01:38.297+0000] {logging_mixin.py:149} INFO - [2023-05-18T00:01:38.297+0000] {dag.py:2726} INFO - Sync 1 DAGs
[2023-05-18T00:01:38.311+0000] {logging_mixin.py:149} INFO - [2023-05-18T00:01:38.311+0000] {dag.py:3490} INFO - Setting next_dagrun for example_skip_dag to 2023-05-17T00:01:38.311727+00:00, run_after=2023-05-18T00:01:38.311727+00:00
[2023-05-18T00:01:38.324+0000] {processor.py:179} INFO - Processing /home/airflow/.local/lib/python3.7/site-packages/airflow/example_dags/example_skip_dag.py took 0.048 seconds
[2023-05-18T00:02:08.858+0000] {processor.py:157} INFO - Started process (PID=1786) to work on /home/airflow/.local/lib/python3.7/site-packages/airflow/example_dags/example_skip_dag.py
[2023-05-18T00:02:08.876+0000] {processor.py:826} INFO - Processing file /home/airflow/.local/lib/python3.7/site-packages/airflow/example_dags/example_skip_dag.py for tasks to queue
[2023-05-18T00:02:08.876+0000] {logging_mixin.py:149} INFO - [2023-05-18T00:02:08.876+0000] {dagbag.py:541} INFO - Filling up the DagBag from /home/airflow/.local/lib/python3.7/site-packages/airflow/example_dags/example_skip_dag.py
[2023-05-18T00:02:08.880+0000] {processor.py:836} INFO - DAG(s) dict_keys(['example_skip_dag']) retrieved from /home/airflow/.local/lib/python3.7/site-packages/airflow/example_dags/example_skip_dag.py
[2023-05-18T00:02:08.894+0000] {logging_mixin.py:149} INFO - [2023-05-18T00:02:08.894+0000] {dag.py:2726} INFO - Sync 1 DAGs
[2023-05-18T00:02:08.908+0000] {logging_mixin.py:149} INFO - [2023-05-18T00:02:08.908+0000] {dag.py:3490} INFO - Setting next_dagrun for example_skip_dag to 2023-05-17T00:02:08.908163+00:00, run_after=2023-05-18T00:02:08.908163+00:00
[2023-05-18T00:02:08.919+0000] {processor.py:179} INFO - Processing /home/airflow/.local/lib/python3.7/site-packages/airflow/example_dags/example_skip_dag.py took 0.063 seconds
[2023-05-18T00:02:39.582+0000] {processor.py:157} INFO - Started process (PID=1850) to work on /home/airflow/.local/lib/python3.7/site-packages/airflow/example_dags/example_skip_dag.py
[2023-05-18T00:02:39.583+0000] {processor.py:826} INFO - Processing file /home/airflow/.local/lib/python3.7/site-packages/airflow/example_dags/example_skip_dag.py for tasks to queue
[2023-05-18T00:02:39.583+0000] {logging_mixin.py:149} INFO - [2023-05-18T00:02:39.583+0000] {dagbag.py:541} INFO - Filling up the DagBag from /home/airflow/.local/lib/python3.7/site-packages/airflow/example_dags/example_skip_dag.py
[2023-05-18T00:02:39.587+0000] {processor.py:836} INFO - DAG(s) dict_keys(['example_skip_dag']) retrieved from /home/airflow/.local/lib/python3.7/site-packages/airflow/example_dags/example_skip_dag.py
[2023-05-18T00:02:39.601+0000] {logging_mixin.py:149} INFO - [2023-05-18T00:02:39.601+0000] {dag.py:2726} INFO - Sync 1 DAGs
[2023-05-18T00:02:39.614+0000] {logging_mixin.py:149} INFO - [2023-05-18T00:02:39.614+0000] {dag.py:3490} INFO - Setting next_dagrun for example_skip_dag to 2023-05-17T00:02:39.614350+00:00, run_after=2023-05-18T00:02:39.614350+00:00
[2023-05-18T00:02:39.627+0000] {processor.py:179} INFO - Processing /home/airflow/.local/lib/python3.7/site-packages/airflow/example_dags/example_skip_dag.py took 0.047 seconds
[2023-05-18T00:03:10.272+0000] {processor.py:157} INFO - Started process (PID=1914) to work on /home/airflow/.local/lib/python3.7/site-packages/airflow/example_dags/example_skip_dag.py
[2023-05-18T00:03:10.279+0000] {processor.py:826} INFO - Processing file /home/airflow/.local/lib/python3.7/site-packages/airflow/example_dags/example_skip_dag.py for tasks to queue
[2023-05-18T00:03:10.280+0000] {logging_mixin.py:149} INFO - [2023-05-18T00:03:10.279+0000] {dagbag.py:541} INFO - Filling up the DagBag from /home/airflow/.local/lib/python3.7/site-packages/airflow/example_dags/example_skip_dag.py
[2023-05-18T00:03:10.284+0000] {processor.py:836} INFO - DAG(s) dict_keys(['example_skip_dag']) retrieved from /home/airflow/.local/lib/python3.7/site-packages/airflow/example_dags/example_skip_dag.py
[2023-05-18T00:03:10.299+0000] {logging_mixin.py:149} INFO - [2023-05-18T00:03:10.298+0000] {dag.py:2726} INFO - Sync 1 DAGs
[2023-05-18T00:03:10.314+0000] {logging_mixin.py:149} INFO - [2023-05-18T00:03:10.314+0000] {dag.py:3490} INFO - Setting next_dagrun for example_skip_dag to 2023-05-17T00:03:10.314595+00:00, run_after=2023-05-18T00:03:10.314595+00:00
[2023-05-18T00:03:10.326+0000] {processor.py:179} INFO - Processing /home/airflow/.local/lib/python3.7/site-packages/airflow/example_dags/example_skip_dag.py took 0.056 seconds
[2023-05-18T00:03:40.880+0000] {processor.py:157} INFO - Started process (PID=1978) to work on /home/airflow/.local/lib/python3.7/site-packages/airflow/example_dags/example_skip_dag.py
[2023-05-18T00:03:40.881+0000] {processor.py:826} INFO - Processing file /home/airflow/.local/lib/python3.7/site-packages/airflow/example_dags/example_skip_dag.py for tasks to queue
[2023-05-18T00:03:40.882+0000] {logging_mixin.py:149} INFO - [2023-05-18T00:03:40.881+0000] {dagbag.py:541} INFO - Filling up the DagBag from /home/airflow/.local/lib/python3.7/site-packages/airflow/example_dags/example_skip_dag.py
[2023-05-18T00:03:40.886+0000] {processor.py:836} INFO - DAG(s) dict_keys(['example_skip_dag']) retrieved from /home/airflow/.local/lib/python3.7/site-packages/airflow/example_dags/example_skip_dag.py
[2023-05-18T00:03:40.901+0000] {logging_mixin.py:149} INFO - [2023-05-18T00:03:40.901+0000] {dag.py:2726} INFO - Sync 1 DAGs
[2023-05-18T00:03:40.915+0000] {logging_mixin.py:149} INFO - [2023-05-18T00:03:40.915+0000] {dag.py:3490} INFO - Setting next_dagrun for example_skip_dag to 2023-05-17T00:03:40.915581+00:00, run_after=2023-05-18T00:03:40.915581+00:00
[2023-05-18T00:03:40.927+0000] {processor.py:179} INFO - Processing /home/airflow/.local/lib/python3.7/site-packages/airflow/example_dags/example_skip_dag.py took 0.049 seconds
[2023-05-18T00:04:11.494+0000] {processor.py:157} INFO - Started process (PID=2042) to work on /home/airflow/.local/lib/python3.7/site-packages/airflow/example_dags/example_skip_dag.py
[2023-05-18T00:04:11.494+0000] {processor.py:826} INFO - Processing file /home/airflow/.local/lib/python3.7/site-packages/airflow/example_dags/example_skip_dag.py for tasks to queue
[2023-05-18T00:04:11.495+0000] {logging_mixin.py:149} INFO - [2023-05-18T00:04:11.495+0000] {dagbag.py:541} INFO - Filling up the DagBag from /home/airflow/.local/lib/python3.7/site-packages/airflow/example_dags/example_skip_dag.py
[2023-05-18T00:04:11.499+0000] {processor.py:836} INFO - DAG(s) dict_keys(['example_skip_dag']) retrieved from /home/airflow/.local/lib/python3.7/site-packages/airflow/example_dags/example_skip_dag.py
[2023-05-18T00:04:11.513+0000] {logging_mixin.py:149} INFO - [2023-05-18T00:04:11.513+0000] {dag.py:2726} INFO - Sync 1 DAGs
[2023-05-18T00:04:11.527+0000] {logging_mixin.py:149} INFO - [2023-05-18T00:04:11.527+0000] {dag.py:3490} INFO - Setting next_dagrun for example_skip_dag to 2023-05-17T00:04:11.527210+00:00, run_after=2023-05-18T00:04:11.527210+00:00
[2023-05-18T00:04:11.539+0000] {processor.py:179} INFO - Processing /home/airflow/.local/lib/python3.7/site-packages/airflow/example_dags/example_skip_dag.py took 0.047 seconds
[2023-05-18T00:04:42.130+0000] {processor.py:157} INFO - Started process (PID=2106) to work on /home/airflow/.local/lib/python3.7/site-packages/airflow/example_dags/example_skip_dag.py
[2023-05-18T00:04:42.131+0000] {processor.py:826} INFO - Processing file /home/airflow/.local/lib/python3.7/site-packages/airflow/example_dags/example_skip_dag.py for tasks to queue
[2023-05-18T00:04:42.131+0000] {logging_mixin.py:149} INFO - [2023-05-18T00:04:42.131+0000] {dagbag.py:541} INFO - Filling up the DagBag from /home/airflow/.local/lib/python3.7/site-packages/airflow/example_dags/example_skip_dag.py
[2023-05-18T00:04:42.135+0000] {processor.py:836} INFO - DAG(s) dict_keys(['example_skip_dag']) retrieved from /home/airflow/.local/lib/python3.7/site-packages/airflow/example_dags/example_skip_dag.py
[2023-05-18T00:04:42.149+0000] {logging_mixin.py:149} INFO - [2023-05-18T00:04:42.149+0000] {dag.py:2726} INFO - Sync 1 DAGs
[2023-05-18T00:04:42.163+0000] {logging_mixin.py:149} INFO - [2023-05-18T00:04:42.163+0000] {dag.py:3490} INFO - Setting next_dagrun for example_skip_dag to 2023-05-17T00:04:42.163092+00:00, run_after=2023-05-18T00:04:42.163092+00:00
[2023-05-18T00:04:42.175+0000] {processor.py:179} INFO - Processing /home/airflow/.local/lib/python3.7/site-packages/airflow/example_dags/example_skip_dag.py took 0.047 seconds
[2023-05-18T00:05:12.825+0000] {processor.py:157} INFO - Started process (PID=2170) to work on /home/airflow/.local/lib/python3.7/site-packages/airflow/example_dags/example_skip_dag.py
[2023-05-18T00:05:12.825+0000] {processor.py:826} INFO - Processing file /home/airflow/.local/lib/python3.7/site-packages/airflow/example_dags/example_skip_dag.py for tasks to queue
[2023-05-18T00:05:12.825+0000] {logging_mixin.py:149} INFO - [2023-05-18T00:05:12.825+0000] {dagbag.py:541} INFO - Filling up the DagBag from /home/airflow/.local/lib/python3.7/site-packages/airflow/example_dags/example_skip_dag.py
[2023-05-18T00:05:12.830+0000] {processor.py:836} INFO - DAG(s) dict_keys(['example_skip_dag']) retrieved from /home/airflow/.local/lib/python3.7/site-packages/airflow/example_dags/example_skip_dag.py
[2023-05-18T00:05:12.844+0000] {logging_mixin.py:149} INFO - [2023-05-18T00:05:12.844+0000] {dag.py:2726} INFO - Sync 1 DAGs
[2023-05-18T00:05:12.860+0000] {logging_mixin.py:149} INFO - [2023-05-18T00:05:12.860+0000] {dag.py:3490} INFO - Setting next_dagrun for example_skip_dag to 2023-05-17T00:05:12.860097+00:00, run_after=2023-05-18T00:05:12.860097+00:00
[2023-05-18T00:05:12.872+0000] {processor.py:179} INFO - Processing /home/airflow/.local/lib/python3.7/site-packages/airflow/example_dags/example_skip_dag.py took 0.049 seconds
[2023-05-18T00:05:43.552+0000] {processor.py:157} INFO - Started process (PID=2234) to work on /home/airflow/.local/lib/python3.7/site-packages/airflow/example_dags/example_skip_dag.py
[2023-05-18T00:05:43.554+0000] {processor.py:826} INFO - Processing file /home/airflow/.local/lib/python3.7/site-packages/airflow/example_dags/example_skip_dag.py for tasks to queue
[2023-05-18T00:05:43.554+0000] {logging_mixin.py:149} INFO - [2023-05-18T00:05:43.554+0000] {dagbag.py:541} INFO - Filling up the DagBag from /home/airflow/.local/lib/python3.7/site-packages/airflow/example_dags/example_skip_dag.py
[2023-05-18T00:05:43.559+0000] {processor.py:836} INFO - DAG(s) dict_keys(['example_skip_dag']) retrieved from /home/airflow/.local/lib/python3.7/site-packages/airflow/example_dags/example_skip_dag.py
[2023-05-18T00:05:43.575+0000] {logging_mixin.py:149} INFO - [2023-05-18T00:05:43.575+0000] {dag.py:2726} INFO - Sync 1 DAGs
[2023-05-18T00:05:43.589+0000] {logging_mixin.py:149} INFO - [2023-05-18T00:05:43.589+0000] {dag.py:3490} INFO - Setting next_dagrun for example_skip_dag to 2023-05-17T00:05:43.589661+00:00, run_after=2023-05-18T00:05:43.589661+00:00
[2023-05-18T00:05:43.621+0000] {processor.py:179} INFO - Processing /home/airflow/.local/lib/python3.7/site-packages/airflow/example_dags/example_skip_dag.py took 0.072 seconds
[2023-05-18T00:06:13.767+0000] {processor.py:157} INFO - Started process (PID=2298) to work on /home/airflow/.local/lib/python3.7/site-packages/airflow/example_dags/example_skip_dag.py
[2023-05-18T00:06:13.773+0000] {processor.py:826} INFO - Processing file /home/airflow/.local/lib/python3.7/site-packages/airflow/example_dags/example_skip_dag.py for tasks to queue
[2023-05-18T00:06:13.774+0000] {logging_mixin.py:149} INFO - [2023-05-18T00:06:13.774+0000] {dagbag.py:541} INFO - Filling up the DagBag from /home/airflow/.local/lib/python3.7/site-packages/airflow/example_dags/example_skip_dag.py
[2023-05-18T00:06:13.778+0000] {processor.py:836} INFO - DAG(s) dict_keys(['example_skip_dag']) retrieved from /home/airflow/.local/lib/python3.7/site-packages/airflow/example_dags/example_skip_dag.py
[2023-05-18T00:06:13.793+0000] {logging_mixin.py:149} INFO - [2023-05-18T00:06:13.793+0000] {dag.py:2726} INFO - Sync 1 DAGs
[2023-05-18T00:06:13.808+0000] {logging_mixin.py:149} INFO - [2023-05-18T00:06:13.807+0000] {dag.py:3490} INFO - Setting next_dagrun for example_skip_dag to 2023-05-17T00:06:13.807786+00:00, run_after=2023-05-18T00:06:13.807786+00:00
[2023-05-18T00:06:13.822+0000] {processor.py:179} INFO - Processing /home/airflow/.local/lib/python3.7/site-packages/airflow/example_dags/example_skip_dag.py took 0.058 seconds
[2023-05-18T00:06:43.961+0000] {processor.py:157} INFO - Started process (PID=2362) to work on /home/airflow/.local/lib/python3.7/site-packages/airflow/example_dags/example_skip_dag.py
[2023-05-18T00:06:43.968+0000] {processor.py:826} INFO - Processing file /home/airflow/.local/lib/python3.7/site-packages/airflow/example_dags/example_skip_dag.py for tasks to queue
[2023-05-18T00:06:43.968+0000] {logging_mixin.py:149} INFO - [2023-05-18T00:06:43.968+0000] {dagbag.py:541} INFO - Filling up the DagBag from /home/airflow/.local/lib/python3.7/site-packages/airflow/example_dags/example_skip_dag.py
[2023-05-18T00:06:43.972+0000] {processor.py:836} INFO - DAG(s) dict_keys(['example_skip_dag']) retrieved from /home/airflow/.local/lib/python3.7/site-packages/airflow/example_dags/example_skip_dag.py
[2023-05-18T00:06:43.992+0000] {logging_mixin.py:149} INFO - [2023-05-18T00:06:43.992+0000] {dag.py:2726} INFO - Sync 1 DAGs
[2023-05-18T00:06:44.007+0000] {logging_mixin.py:149} INFO - [2023-05-18T00:06:44.007+0000] {dag.py:3490} INFO - Setting next_dagrun for example_skip_dag to 2023-05-17T00:06:44.007006+00:00, run_after=2023-05-18T00:06:44.007006+00:00
[2023-05-18T00:06:44.020+0000] {processor.py:179} INFO - Processing /home/airflow/.local/lib/python3.7/site-packages/airflow/example_dags/example_skip_dag.py took 0.061 seconds
[2023-05-18T00:07:14.886+0000] {processor.py:157} INFO - Started process (PID=2426) to work on /home/airflow/.local/lib/python3.7/site-packages/airflow/example_dags/example_skip_dag.py
[2023-05-18T00:07:14.892+0000] {processor.py:826} INFO - Processing file /home/airflow/.local/lib/python3.7/site-packages/airflow/example_dags/example_skip_dag.py for tasks to queue
[2023-05-18T00:07:14.892+0000] {logging_mixin.py:149} INFO - [2023-05-18T00:07:14.892+0000] {dagbag.py:541} INFO - Filling up the DagBag from /home/airflow/.local/lib/python3.7/site-packages/airflow/example_dags/example_skip_dag.py
[2023-05-18T00:07:14.896+0000] {processor.py:836} INFO - DAG(s) dict_keys(['example_skip_dag']) retrieved from /home/airflow/.local/lib/python3.7/site-packages/airflow/example_dags/example_skip_dag.py
[2023-05-18T00:07:14.910+0000] {logging_mixin.py:149} INFO - [2023-05-18T00:07:14.910+0000] {dag.py:2726} INFO - Sync 1 DAGs
[2023-05-18T00:07:14.924+0000] {logging_mixin.py:149} INFO - [2023-05-18T00:07:14.924+0000] {dag.py:3490} INFO - Setting next_dagrun for example_skip_dag to 2023-05-17T00:07:14.924439+00:00, run_after=2023-05-18T00:07:14.924439+00:00
[2023-05-18T00:07:14.939+0000] {processor.py:179} INFO - Processing /home/airflow/.local/lib/python3.7/site-packages/airflow/example_dags/example_skip_dag.py took 0.056 seconds
[2023-05-18T00:07:45.645+0000] {processor.py:157} INFO - Started process (PID=2489) to work on /home/airflow/.local/lib/python3.7/site-packages/airflow/example_dags/example_skip_dag.py
[2023-05-18T00:07:45.646+0000] {processor.py:826} INFO - Processing file /home/airflow/.local/lib/python3.7/site-packages/airflow/example_dags/example_skip_dag.py for tasks to queue
[2023-05-18T00:07:45.647+0000] {logging_mixin.py:149} INFO - [2023-05-18T00:07:45.647+0000] {dagbag.py:541} INFO - Filling up the DagBag from /home/airflow/.local/lib/python3.7/site-packages/airflow/example_dags/example_skip_dag.py
[2023-05-18T00:07:45.651+0000] {processor.py:836} INFO - DAG(s) dict_keys(['example_skip_dag']) retrieved from /home/airflow/.local/lib/python3.7/site-packages/airflow/example_dags/example_skip_dag.py
[2023-05-18T00:07:45.667+0000] {logging_mixin.py:149} INFO - [2023-05-18T00:07:45.667+0000] {dag.py:2726} INFO - Sync 1 DAGs
[2023-05-18T00:07:45.683+0000] {logging_mixin.py:149} INFO - [2023-05-18T00:07:45.683+0000] {dag.py:3490} INFO - Setting next_dagrun for example_skip_dag to 2023-05-17T00:07:45.683667+00:00, run_after=2023-05-18T00:07:45.683667+00:00
[2023-05-18T00:07:45.716+0000] {processor.py:179} INFO - Processing /home/airflow/.local/lib/python3.7/site-packages/airflow/example_dags/example_skip_dag.py took 0.073 seconds
[2023-05-18T00:08:16.505+0000] {processor.py:157} INFO - Started process (PID=2553) to work on /home/airflow/.local/lib/python3.7/site-packages/airflow/example_dags/example_skip_dag.py
[2023-05-18T00:08:16.512+0000] {processor.py:826} INFO - Processing file /home/airflow/.local/lib/python3.7/site-packages/airflow/example_dags/example_skip_dag.py for tasks to queue
[2023-05-18T00:08:16.512+0000] {logging_mixin.py:149} INFO - [2023-05-18T00:08:16.512+0000] {dagbag.py:541} INFO - Filling up the DagBag from /home/airflow/.local/lib/python3.7/site-packages/airflow/example_dags/example_skip_dag.py
[2023-05-18T00:08:16.516+0000] {processor.py:836} INFO - DAG(s) dict_keys(['example_skip_dag']) retrieved from /home/airflow/.local/lib/python3.7/site-packages/airflow/example_dags/example_skip_dag.py
[2023-05-18T00:08:16.531+0000] {logging_mixin.py:149} INFO - [2023-05-18T00:08:16.531+0000] {dag.py:2726} INFO - Sync 1 DAGs
[2023-05-18T00:08:16.546+0000] {logging_mixin.py:149} INFO - [2023-05-18T00:08:16.546+0000] {dag.py:3490} INFO - Setting next_dagrun for example_skip_dag to 2023-05-17T00:08:16.546175+00:00, run_after=2023-05-18T00:08:16.546175+00:00
[2023-05-18T00:08:16.562+0000] {processor.py:179} INFO - Processing /home/airflow/.local/lib/python3.7/site-packages/airflow/example_dags/example_skip_dag.py took 0.059 seconds
[2023-05-18T00:08:47.203+0000] {processor.py:157} INFO - Started process (PID=2617) to work on /home/airflow/.local/lib/python3.7/site-packages/airflow/example_dags/example_skip_dag.py
[2023-05-18T00:08:47.203+0000] {processor.py:826} INFO - Processing file /home/airflow/.local/lib/python3.7/site-packages/airflow/example_dags/example_skip_dag.py for tasks to queue
[2023-05-18T00:08:47.204+0000] {logging_mixin.py:149} INFO - [2023-05-18T00:08:47.204+0000] {dagbag.py:541} INFO - Filling up the DagBag from /home/airflow/.local/lib/python3.7/site-packages/airflow/example_dags/example_skip_dag.py
[2023-05-18T00:08:47.208+0000] {processor.py:836} INFO - DAG(s) dict_keys(['example_skip_dag']) retrieved from /home/airflow/.local/lib/python3.7/site-packages/airflow/example_dags/example_skip_dag.py
[2023-05-18T00:08:47.223+0000] {logging_mixin.py:149} INFO - [2023-05-18T00:08:47.223+0000] {dag.py:2726} INFO - Sync 1 DAGs
[2023-05-18T00:08:47.238+0000] {logging_mixin.py:149} INFO - [2023-05-18T00:08:47.237+0000] {dag.py:3490} INFO - Setting next_dagrun for example_skip_dag to 2023-05-17T00:08:47.237822+00:00, run_after=2023-05-18T00:08:47.237822+00:00
[2023-05-18T00:08:47.251+0000] {processor.py:179} INFO - Processing /home/airflow/.local/lib/python3.7/site-packages/airflow/example_dags/example_skip_dag.py took 0.050 seconds
[2023-05-18T00:09:17.963+0000] {processor.py:157} INFO - Started process (PID=2688) to work on /home/airflow/.local/lib/python3.7/site-packages/airflow/example_dags/example_skip_dag.py
[2023-05-18T00:09:17.963+0000] {processor.py:826} INFO - Processing file /home/airflow/.local/lib/python3.7/site-packages/airflow/example_dags/example_skip_dag.py for tasks to queue
[2023-05-18T00:09:17.964+0000] {logging_mixin.py:149} INFO - [2023-05-18T00:09:17.964+0000] {dagbag.py:541} INFO - Filling up the DagBag from /home/airflow/.local/lib/python3.7/site-packages/airflow/example_dags/example_skip_dag.py
[2023-05-18T00:09:17.968+0000] {processor.py:836} INFO - DAG(s) dict_keys(['example_skip_dag']) retrieved from /home/airflow/.local/lib/python3.7/site-packages/airflow/example_dags/example_skip_dag.py
[2023-05-18T00:09:17.982+0000] {logging_mixin.py:149} INFO - [2023-05-18T00:09:17.982+0000] {dag.py:2726} INFO - Sync 1 DAGs
[2023-05-18T00:09:17.996+0000] {logging_mixin.py:149} INFO - [2023-05-18T00:09:17.996+0000] {dag.py:3490} INFO - Setting next_dagrun for example_skip_dag to 2023-05-17T00:09:17.996603+00:00, run_after=2023-05-18T00:09:17.996603+00:00
[2023-05-18T00:09:18.008+0000] {processor.py:179} INFO - Processing /home/airflow/.local/lib/python3.7/site-packages/airflow/example_dags/example_skip_dag.py took 0.047 seconds
[2023-05-18T00:09:48.704+0000] {processor.py:157} INFO - Started process (PID=2752) to work on /home/airflow/.local/lib/python3.7/site-packages/airflow/example_dags/example_skip_dag.py
[2023-05-18T00:09:48.705+0000] {processor.py:826} INFO - Processing file /home/airflow/.local/lib/python3.7/site-packages/airflow/example_dags/example_skip_dag.py for tasks to queue
[2023-05-18T00:09:48.705+0000] {logging_mixin.py:149} INFO - [2023-05-18T00:09:48.705+0000] {dagbag.py:541} INFO - Filling up the DagBag from /home/airflow/.local/lib/python3.7/site-packages/airflow/example_dags/example_skip_dag.py
[2023-05-18T00:09:48.711+0000] {processor.py:836} INFO - DAG(s) dict_keys(['example_skip_dag']) retrieved from /home/airflow/.local/lib/python3.7/site-packages/airflow/example_dags/example_skip_dag.py
[2023-05-18T00:09:48.726+0000] {logging_mixin.py:149} INFO - [2023-05-18T00:09:48.726+0000] {dag.py:2726} INFO - Sync 1 DAGs
[2023-05-18T00:09:48.741+0000] {logging_mixin.py:149} INFO - [2023-05-18T00:09:48.741+0000] {dag.py:3490} INFO - Setting next_dagrun for example_skip_dag to 2023-05-17T00:09:48.741291+00:00, run_after=2023-05-18T00:09:48.741291+00:00
[2023-05-18T00:09:48.754+0000] {processor.py:179} INFO - Processing /home/airflow/.local/lib/python3.7/site-packages/airflow/example_dags/example_skip_dag.py took 0.052 seconds
[2023-05-18T00:10:19.412+0000] {processor.py:157} INFO - Started process (PID=2816) to work on /home/airflow/.local/lib/python3.7/site-packages/airflow/example_dags/example_skip_dag.py
[2023-05-18T00:10:19.419+0000] {processor.py:826} INFO - Processing file /home/airflow/.local/lib/python3.7/site-packages/airflow/example_dags/example_skip_dag.py for tasks to queue
[2023-05-18T00:10:19.420+0000] {logging_mixin.py:149} INFO - [2023-05-18T00:10:19.419+0000] {dagbag.py:541} INFO - Filling up the DagBag from /home/airflow/.local/lib/python3.7/site-packages/airflow/example_dags/example_skip_dag.py
[2023-05-18T00:10:19.424+0000] {processor.py:836} INFO - DAG(s) dict_keys(['example_skip_dag']) retrieved from /home/airflow/.local/lib/python3.7/site-packages/airflow/example_dags/example_skip_dag.py
[2023-05-18T00:10:19.438+0000] {logging_mixin.py:149} INFO - [2023-05-18T00:10:19.438+0000] {dag.py:2726} INFO - Sync 1 DAGs
[2023-05-18T00:10:19.452+0000] {logging_mixin.py:149} INFO - [2023-05-18T00:10:19.452+0000] {dag.py:3490} INFO - Setting next_dagrun for example_skip_dag to 2023-05-17T00:10:19.452431+00:00, run_after=2023-05-18T00:10:19.452431+00:00
[2023-05-18T00:10:19.467+0000] {processor.py:179} INFO - Processing /home/airflow/.local/lib/python3.7/site-packages/airflow/example_dags/example_skip_dag.py took 0.057 seconds
[2023-05-18T00:10:50.122+0000] {processor.py:157} INFO - Started process (PID=2880) to work on /home/airflow/.local/lib/python3.7/site-packages/airflow/example_dags/example_skip_dag.py
[2023-05-18T00:10:50.123+0000] {processor.py:826} INFO - Processing file /home/airflow/.local/lib/python3.7/site-packages/airflow/example_dags/example_skip_dag.py for tasks to queue
[2023-05-18T00:10:50.123+0000] {logging_mixin.py:149} INFO - [2023-05-18T00:10:50.123+0000] {dagbag.py:541} INFO - Filling up the DagBag from /home/airflow/.local/lib/python3.7/site-packages/airflow/example_dags/example_skip_dag.py
[2023-05-18T00:10:50.127+0000] {processor.py:836} INFO - DAG(s) dict_keys(['example_skip_dag']) retrieved from /home/airflow/.local/lib/python3.7/site-packages/airflow/example_dags/example_skip_dag.py
[2023-05-18T00:10:50.141+0000] {logging_mixin.py:149} INFO - [2023-05-18T00:10:50.141+0000] {dag.py:2726} INFO - Sync 1 DAGs
[2023-05-18T00:10:50.156+0000] {logging_mixin.py:149} INFO - [2023-05-18T00:10:50.156+0000] {dag.py:3490} INFO - Setting next_dagrun for example_skip_dag to 2023-05-17T00:10:50.156530+00:00, run_after=2023-05-18T00:10:50.156530+00:00
[2023-05-18T00:10:50.170+0000] {processor.py:179} INFO - Processing /home/airflow/.local/lib/python3.7/site-packages/airflow/example_dags/example_skip_dag.py took 0.051 seconds
[2023-05-18T00:11:20.837+0000] {processor.py:157} INFO - Started process (PID=2944) to work on /home/airflow/.local/lib/python3.7/site-packages/airflow/example_dags/example_skip_dag.py
[2023-05-18T00:11:20.837+0000] {processor.py:826} INFO - Processing file /home/airflow/.local/lib/python3.7/site-packages/airflow/example_dags/example_skip_dag.py for tasks to queue
[2023-05-18T00:11:20.838+0000] {logging_mixin.py:149} INFO - [2023-05-18T00:11:20.838+0000] {dagbag.py:541} INFO - Filling up the DagBag from /home/airflow/.local/lib/python3.7/site-packages/airflow/example_dags/example_skip_dag.py
[2023-05-18T00:11:20.842+0000] {processor.py:836} INFO - DAG(s) dict_keys(['example_skip_dag']) retrieved from /home/airflow/.local/lib/python3.7/site-packages/airflow/example_dags/example_skip_dag.py
[2023-05-18T00:11:20.856+0000] {logging_mixin.py:149} INFO - [2023-05-18T00:11:20.856+0000] {dag.py:2726} INFO - Sync 1 DAGs
[2023-05-18T00:11:20.870+0000] {logging_mixin.py:149} INFO - [2023-05-18T00:11:20.870+0000] {dag.py:3490} INFO - Setting next_dagrun for example_skip_dag to 2023-05-17T00:11:20.870571+00:00, run_after=2023-05-18T00:11:20.870571+00:00
[2023-05-18T00:11:20.883+0000] {processor.py:179} INFO - Processing /home/airflow/.local/lib/python3.7/site-packages/airflow/example_dags/example_skip_dag.py took 0.048 seconds
[2023-05-18T00:11:51.520+0000] {processor.py:157} INFO - Started process (PID=3008) to work on /home/airflow/.local/lib/python3.7/site-packages/airflow/example_dags/example_skip_dag.py
[2023-05-18T00:11:51.521+0000] {processor.py:826} INFO - Processing file /home/airflow/.local/lib/python3.7/site-packages/airflow/example_dags/example_skip_dag.py for tasks to queue
[2023-05-18T00:11:51.521+0000] {logging_mixin.py:149} INFO - [2023-05-18T00:11:51.521+0000] {dagbag.py:541} INFO - Filling up the DagBag from /home/airflow/.local/lib/python3.7/site-packages/airflow/example_dags/example_skip_dag.py
[2023-05-18T00:11:51.525+0000] {processor.py:836} INFO - DAG(s) dict_keys(['example_skip_dag']) retrieved from /home/airflow/.local/lib/python3.7/site-packages/airflow/example_dags/example_skip_dag.py
[2023-05-18T00:11:51.540+0000] {logging_mixin.py:149} INFO - [2023-05-18T00:11:51.540+0000] {dag.py:2726} INFO - Sync 1 DAGs
[2023-05-18T00:11:51.555+0000] {logging_mixin.py:149} INFO - [2023-05-18T00:11:51.555+0000] {dag.py:3490} INFO - Setting next_dagrun for example_skip_dag to 2023-05-17T00:11:51.555181+00:00, run_after=2023-05-18T00:11:51.555181+00:00
[2023-05-18T00:11:51.567+0000] {processor.py:179} INFO - Processing /home/airflow/.local/lib/python3.7/site-packages/airflow/example_dags/example_skip_dag.py took 0.050 seconds
[2023-05-18T00:12:22.238+0000] {processor.py:157} INFO - Started process (PID=3072) to work on /home/airflow/.local/lib/python3.7/site-packages/airflow/example_dags/example_skip_dag.py
[2023-05-18T00:12:22.238+0000] {processor.py:826} INFO - Processing file /home/airflow/.local/lib/python3.7/site-packages/airflow/example_dags/example_skip_dag.py for tasks to queue
[2023-05-18T00:12:22.239+0000] {logging_mixin.py:149} INFO - [2023-05-18T00:12:22.239+0000] {dagbag.py:541} INFO - Filling up the DagBag from /home/airflow/.local/lib/python3.7/site-packages/airflow/example_dags/example_skip_dag.py
[2023-05-18T00:12:22.243+0000] {processor.py:836} INFO - DAG(s) dict_keys(['example_skip_dag']) retrieved from /home/airflow/.local/lib/python3.7/site-packages/airflow/example_dags/example_skip_dag.py
[2023-05-18T00:12:22.257+0000] {logging_mixin.py:149} INFO - [2023-05-18T00:12:22.257+0000] {dag.py:2726} INFO - Sync 1 DAGs
[2023-05-18T00:12:22.272+0000] {logging_mixin.py:149} INFO - [2023-05-18T00:12:22.272+0000] {dag.py:3490} INFO - Setting next_dagrun for example_skip_dag to 2023-05-17T00:12:22.272155+00:00, run_after=2023-05-18T00:12:22.272155+00:00
[2023-05-18T00:12:22.285+0000] {processor.py:179} INFO - Processing /home/airflow/.local/lib/python3.7/site-packages/airflow/example_dags/example_skip_dag.py took 0.049 seconds
[2023-05-18T00:12:52.957+0000] {processor.py:157} INFO - Started process (PID=3136) to work on /home/airflow/.local/lib/python3.7/site-packages/airflow/example_dags/example_skip_dag.py
[2023-05-18T00:12:52.958+0000] {processor.py:826} INFO - Processing file /home/airflow/.local/lib/python3.7/site-packages/airflow/example_dags/example_skip_dag.py for tasks to queue
[2023-05-18T00:12:52.958+0000] {logging_mixin.py:149} INFO - [2023-05-18T00:12:52.958+0000] {dagbag.py:541} INFO - Filling up the DagBag from /home/airflow/.local/lib/python3.7/site-packages/airflow/example_dags/example_skip_dag.py
[2023-05-18T00:12:52.962+0000] {processor.py:836} INFO - DAG(s) dict_keys(['example_skip_dag']) retrieved from /home/airflow/.local/lib/python3.7/site-packages/airflow/example_dags/example_skip_dag.py
[2023-05-18T00:12:52.977+0000] {logging_mixin.py:149} INFO - [2023-05-18T00:12:52.976+0000] {dag.py:2726} INFO - Sync 1 DAGs
[2023-05-18T00:12:52.991+0000] {logging_mixin.py:149} INFO - [2023-05-18T00:12:52.991+0000] {dag.py:3490} INFO - Setting next_dagrun for example_skip_dag to 2023-05-17T00:12:52.990852+00:00, run_after=2023-05-18T00:12:52.990852+00:00
[2023-05-18T00:12:53.005+0000] {processor.py:179} INFO - Processing /home/airflow/.local/lib/python3.7/site-packages/airflow/example_dags/example_skip_dag.py took 0.050 seconds
[2023-05-18T00:13:23.649+0000] {processor.py:157} INFO - Started process (PID=3200) to work on /home/airflow/.local/lib/python3.7/site-packages/airflow/example_dags/example_skip_dag.py
[2023-05-18T00:13:23.657+0000] {processor.py:826} INFO - Processing file /home/airflow/.local/lib/python3.7/site-packages/airflow/example_dags/example_skip_dag.py for tasks to queue
[2023-05-18T00:13:23.657+0000] {logging_mixin.py:149} INFO - [2023-05-18T00:13:23.657+0000] {dagbag.py:541} INFO - Filling up the DagBag from /home/airflow/.local/lib/python3.7/site-packages/airflow/example_dags/example_skip_dag.py
[2023-05-18T00:13:23.662+0000] {processor.py:836} INFO - DAG(s) dict_keys(['example_skip_dag']) retrieved from /home/airflow/.local/lib/python3.7/site-packages/airflow/example_dags/example_skip_dag.py
[2023-05-18T00:13:23.675+0000] {logging_mixin.py:149} INFO - [2023-05-18T00:13:23.675+0000] {dag.py:2726} INFO - Sync 1 DAGs
[2023-05-18T00:13:23.693+0000] {logging_mixin.py:149} INFO - [2023-05-18T00:13:23.693+0000] {dag.py:3490} INFO - Setting next_dagrun for example_skip_dag to 2023-05-17T00:13:23.693552+00:00, run_after=2023-05-18T00:13:23.693552+00:00
[2023-05-18T00:13:23.705+0000] {processor.py:179} INFO - Processing /home/airflow/.local/lib/python3.7/site-packages/airflow/example_dags/example_skip_dag.py took 0.058 seconds
[2023-05-18T00:13:54.230+0000] {processor.py:157} INFO - Started process (PID=3264) to work on /home/airflow/.local/lib/python3.7/site-packages/airflow/example_dags/example_skip_dag.py
[2023-05-18T00:13:54.233+0000] {processor.py:826} INFO - Processing file /home/airflow/.local/lib/python3.7/site-packages/airflow/example_dags/example_skip_dag.py for tasks to queue
[2023-05-18T00:13:54.233+0000] {logging_mixin.py:149} INFO - [2023-05-18T00:13:54.233+0000] {dagbag.py:541} INFO - Filling up the DagBag from /home/airflow/.local/lib/python3.7/site-packages/airflow/example_dags/example_skip_dag.py
[2023-05-18T00:13:54.237+0000] {processor.py:836} INFO - DAG(s) dict_keys(['example_skip_dag']) retrieved from /home/airflow/.local/lib/python3.7/site-packages/airflow/example_dags/example_skip_dag.py
[2023-05-18T00:13:54.252+0000] {logging_mixin.py:149} INFO - [2023-05-18T00:13:54.252+0000] {dag.py:2726} INFO - Sync 1 DAGs
[2023-05-18T00:13:54.266+0000] {logging_mixin.py:149} INFO - [2023-05-18T00:13:54.266+0000] {dag.py:3490} INFO - Setting next_dagrun for example_skip_dag to 2023-05-17T00:13:54.266253+00:00, run_after=2023-05-18T00:13:54.266253+00:00
[2023-05-18T00:13:54.278+0000] {processor.py:179} INFO - Processing /home/airflow/.local/lib/python3.7/site-packages/airflow/example_dags/example_skip_dag.py took 0.050 seconds
[2023-05-18T00:14:24.900+0000] {processor.py:157} INFO - Started process (PID=3328) to work on /home/airflow/.local/lib/python3.7/site-packages/airflow/example_dags/example_skip_dag.py
[2023-05-18T00:14:24.903+0000] {processor.py:826} INFO - Processing file /home/airflow/.local/lib/python3.7/site-packages/airflow/example_dags/example_skip_dag.py for tasks to queue
[2023-05-18T00:14:24.904+0000] {logging_mixin.py:149} INFO - [2023-05-18T00:14:24.904+0000] {dagbag.py:541} INFO - Filling up the DagBag from /home/airflow/.local/lib/python3.7/site-packages/airflow/example_dags/example_skip_dag.py
[2023-05-18T00:14:24.908+0000] {processor.py:836} INFO - DAG(s) dict_keys(['example_skip_dag']) retrieved from /home/airflow/.local/lib/python3.7/site-packages/airflow/example_dags/example_skip_dag.py
[2023-05-18T00:14:24.922+0000] {logging_mixin.py:149} INFO - [2023-05-18T00:14:24.922+0000] {dag.py:2726} INFO - Sync 1 DAGs
[2023-05-18T00:14:24.937+0000] {logging_mixin.py:149} INFO - [2023-05-18T00:14:24.937+0000] {dag.py:3490} INFO - Setting next_dagrun for example_skip_dag to 2023-05-17T00:14:24.937321+00:00, run_after=2023-05-18T00:14:24.937321+00:00
[2023-05-18T00:14:24.951+0000] {processor.py:179} INFO - Processing /home/airflow/.local/lib/python3.7/site-packages/airflow/example_dags/example_skip_dag.py took 0.053 seconds
[2023-05-18T00:14:55.546+0000] {processor.py:157} INFO - Started process (PID=3392) to work on /home/airflow/.local/lib/python3.7/site-packages/airflow/example_dags/example_skip_dag.py
[2023-05-18T00:14:55.546+0000] {processor.py:826} INFO - Processing file /home/airflow/.local/lib/python3.7/site-packages/airflow/example_dags/example_skip_dag.py for tasks to queue
[2023-05-18T00:14:55.547+0000] {logging_mixin.py:149} INFO - [2023-05-18T00:14:55.547+0000] {dagbag.py:541} INFO - Filling up the DagBag from /home/airflow/.local/lib/python3.7/site-packages/airflow/example_dags/example_skip_dag.py
[2023-05-18T00:14:55.551+0000] {processor.py:836} INFO - DAG(s) dict_keys(['example_skip_dag']) retrieved from /home/airflow/.local/lib/python3.7/site-packages/airflow/example_dags/example_skip_dag.py
[2023-05-18T00:14:55.565+0000] {logging_mixin.py:149} INFO - [2023-05-18T00:14:55.564+0000] {dag.py:2726} INFO - Sync 1 DAGs
[2023-05-18T00:14:55.579+0000] {logging_mixin.py:149} INFO - [2023-05-18T00:14:55.579+0000] {dag.py:3490} INFO - Setting next_dagrun for example_skip_dag to 2023-05-17T00:14:55.579649+00:00, run_after=2023-05-18T00:14:55.579649+00:00
[2023-05-18T00:14:55.593+0000] {processor.py:179} INFO - Processing /home/airflow/.local/lib/python3.7/site-packages/airflow/example_dags/example_skip_dag.py took 0.050 seconds
[2023-05-18T00:15:26.172+0000] {processor.py:157} INFO - Started process (PID=3456) to work on /home/airflow/.local/lib/python3.7/site-packages/airflow/example_dags/example_skip_dag.py
[2023-05-18T00:15:26.173+0000] {processor.py:826} INFO - Processing file /home/airflow/.local/lib/python3.7/site-packages/airflow/example_dags/example_skip_dag.py for tasks to queue
[2023-05-18T00:15:26.173+0000] {logging_mixin.py:149} INFO - [2023-05-18T00:15:26.173+0000] {dagbag.py:541} INFO - Filling up the DagBag from /home/airflow/.local/lib/python3.7/site-packages/airflow/example_dags/example_skip_dag.py
[2023-05-18T00:15:26.178+0000] {processor.py:836} INFO - DAG(s) dict_keys(['example_skip_dag']) retrieved from /home/airflow/.local/lib/python3.7/site-packages/airflow/example_dags/example_skip_dag.py
[2023-05-18T00:15:26.193+0000] {logging_mixin.py:149} INFO - [2023-05-18T00:15:26.193+0000] {dag.py:2726} INFO - Sync 1 DAGs
[2023-05-18T00:15:26.207+0000] {logging_mixin.py:149} INFO - [2023-05-18T00:15:26.207+0000] {dag.py:3490} INFO - Setting next_dagrun for example_skip_dag to 2023-05-17T00:15:26.207066+00:00, run_after=2023-05-18T00:15:26.207066+00:00
[2023-05-18T00:15:26.246+0000] {processor.py:179} INFO - Processing /home/airflow/.local/lib/python3.7/site-packages/airflow/example_dags/example_skip_dag.py took 0.076 seconds
[2023-05-18T00:15:56.818+0000] {processor.py:157} INFO - Started process (PID=3520) to work on /home/airflow/.local/lib/python3.7/site-packages/airflow/example_dags/example_skip_dag.py
[2023-05-18T00:15:56.819+0000] {processor.py:826} INFO - Processing file /home/airflow/.local/lib/python3.7/site-packages/airflow/example_dags/example_skip_dag.py for tasks to queue
[2023-05-18T00:15:56.819+0000] {logging_mixin.py:149} INFO - [2023-05-18T00:15:56.819+0000] {dagbag.py:541} INFO - Filling up the DagBag from /home/airflow/.local/lib/python3.7/site-packages/airflow/example_dags/example_skip_dag.py
[2023-05-18T00:15:56.823+0000] {processor.py:836} INFO - DAG(s) dict_keys(['example_skip_dag']) retrieved from /home/airflow/.local/lib/python3.7/site-packages/airflow/example_dags/example_skip_dag.py
[2023-05-18T00:15:56.837+0000] {logging_mixin.py:149} INFO - [2023-05-18T00:15:56.837+0000] {dag.py:2726} INFO - Sync 1 DAGs
[2023-05-18T00:15:56.852+0000] {logging_mixin.py:149} INFO - [2023-05-18T00:15:56.851+0000] {dag.py:3490} INFO - Setting next_dagrun for example_skip_dag to 2023-05-17T00:15:56.851801+00:00, run_after=2023-05-18T00:15:56.851801+00:00
[2023-05-18T00:15:56.866+0000] {processor.py:179} INFO - Processing /home/airflow/.local/lib/python3.7/site-packages/airflow/example_dags/example_skip_dag.py took 0.050 seconds
[2023-05-18T00:16:27.438+0000] {processor.py:157} INFO - Started process (PID=3584) to work on /home/airflow/.local/lib/python3.7/site-packages/airflow/example_dags/example_skip_dag.py
[2023-05-18T00:16:27.447+0000] {processor.py:826} INFO - Processing file /home/airflow/.local/lib/python3.7/site-packages/airflow/example_dags/example_skip_dag.py for tasks to queue
[2023-05-18T00:16:27.447+0000] {logging_mixin.py:149} INFO - [2023-05-18T00:16:27.447+0000] {dagbag.py:541} INFO - Filling up the DagBag from /home/airflow/.local/lib/python3.7/site-packages/airflow/example_dags/example_skip_dag.py
[2023-05-18T00:16:27.451+0000] {processor.py:836} INFO - DAG(s) dict_keys(['example_skip_dag']) retrieved from /home/airflow/.local/lib/python3.7/site-packages/airflow/example_dags/example_skip_dag.py
[2023-05-18T00:16:27.466+0000] {logging_mixin.py:149} INFO - [2023-05-18T00:16:27.465+0000] {dag.py:2726} INFO - Sync 1 DAGs
[2023-05-18T00:16:27.481+0000] {logging_mixin.py:149} INFO - [2023-05-18T00:16:27.481+0000] {dag.py:3490} INFO - Setting next_dagrun for example_skip_dag to 2023-05-17T00:16:27.480824+00:00, run_after=2023-05-18T00:16:27.480824+00:00
[2023-05-18T00:16:27.494+0000] {processor.py:179} INFO - Processing /home/airflow/.local/lib/python3.7/site-packages/airflow/example_dags/example_skip_dag.py took 0.057 seconds
[2023-05-18T00:16:58.104+0000] {processor.py:157} INFO - Started process (PID=3648) to work on /home/airflow/.local/lib/python3.7/site-packages/airflow/example_dags/example_skip_dag.py
[2023-05-18T00:16:58.105+0000] {processor.py:826} INFO - Processing file /home/airflow/.local/lib/python3.7/site-packages/airflow/example_dags/example_skip_dag.py for tasks to queue
[2023-05-18T00:16:58.106+0000] {logging_mixin.py:149} INFO - [2023-05-18T00:16:58.105+0000] {dagbag.py:541} INFO - Filling up the DagBag from /home/airflow/.local/lib/python3.7/site-packages/airflow/example_dags/example_skip_dag.py
[2023-05-18T00:16:58.110+0000] {processor.py:836} INFO - DAG(s) dict_keys(['example_skip_dag']) retrieved from /home/airflow/.local/lib/python3.7/site-packages/airflow/example_dags/example_skip_dag.py
[2023-05-18T00:16:58.124+0000] {logging_mixin.py:149} INFO - [2023-05-18T00:16:58.123+0000] {dag.py:2726} INFO - Sync 1 DAGs
[2023-05-18T00:16:58.138+0000] {logging_mixin.py:149} INFO - [2023-05-18T00:16:58.138+0000] {dag.py:3490} INFO - Setting next_dagrun for example_skip_dag to 2023-05-17T00:16:58.138071+00:00, run_after=2023-05-18T00:16:58.138071+00:00
[2023-05-18T00:16:58.152+0000] {processor.py:179} INFO - Processing /home/airflow/.local/lib/python3.7/site-packages/airflow/example_dags/example_skip_dag.py took 0.049 seconds
