[2023-05-18T00:00:03.565+0000] {processor.py:157} INFO - Started process (PID=1506) to work on /home/airflow/.local/lib/python3.7/site-packages/airflow/example_dags/example_branch_labels.py
[2023-05-18T00:00:03.565+0000] {processor.py:826} INFO - Processing file /home/airflow/.local/lib/python3.7/site-packages/airflow/example_dags/example_branch_labels.py for tasks to queue
[2023-05-18T00:00:03.566+0000] {logging_mixin.py:149} INFO - [2023-05-18T00:00:03.565+0000] {dagbag.py:541} INFO - Filling up the DagBag from /home/airflow/.local/lib/python3.7/site-packages/airflow/example_dags/example_branch_labels.py
[2023-05-18T00:00:03.569+0000] {processor.py:836} INFO - DAG(s) dict_keys(['example_branch_labels']) retrieved from /home/airflow/.local/lib/python3.7/site-packages/airflow/example_dags/example_branch_labels.py
[2023-05-18T00:00:03.586+0000] {logging_mixin.py:149} INFO - [2023-05-18T00:00:03.586+0000] {dag.py:2726} INFO - Sync 1 DAGs
[2023-05-18T00:00:03.601+0000] {logging_mixin.py:149} INFO - [2023-05-18T00:00:03.601+0000] {dag.py:3490} INFO - Setting next_dagrun for example_branch_labels to 2023-05-17T00:00:00+00:00, run_after=2023-05-18T00:00:00+00:00
[2023-05-18T00:00:03.616+0000] {processor.py:179} INFO - Processing /home/airflow/.local/lib/python3.7/site-packages/airflow/example_dags/example_branch_labels.py took 0.054 seconds
[2023-05-18T00:00:34.195+0000] {processor.py:157} INFO - Started process (PID=1570) to work on /home/airflow/.local/lib/python3.7/site-packages/airflow/example_dags/example_branch_labels.py
[2023-05-18T00:00:34.196+0000] {processor.py:826} INFO - Processing file /home/airflow/.local/lib/python3.7/site-packages/airflow/example_dags/example_branch_labels.py for tasks to queue
[2023-05-18T00:00:34.196+0000] {logging_mixin.py:149} INFO - [2023-05-18T00:00:34.196+0000] {dagbag.py:541} INFO - Filling up the DagBag from /home/airflow/.local/lib/python3.7/site-packages/airflow/example_dags/example_branch_labels.py
[2023-05-18T00:00:34.200+0000] {processor.py:836} INFO - DAG(s) dict_keys(['example_branch_labels']) retrieved from /home/airflow/.local/lib/python3.7/site-packages/airflow/example_dags/example_branch_labels.py
[2023-05-18T00:00:34.217+0000] {logging_mixin.py:149} INFO - [2023-05-18T00:00:34.216+0000] {dag.py:2726} INFO - Sync 1 DAGs
[2023-05-18T00:00:34.232+0000] {logging_mixin.py:149} INFO - [2023-05-18T00:00:34.232+0000] {dag.py:3490} INFO - Setting next_dagrun for example_branch_labels to 2023-05-17T00:00:00+00:00, run_after=2023-05-18T00:00:00+00:00
[2023-05-18T00:00:34.254+0000] {processor.py:179} INFO - Processing /home/airflow/.local/lib/python3.7/site-packages/airflow/example_dags/example_branch_labels.py took 0.060 seconds
[2023-05-18T00:01:04.841+0000] {processor.py:157} INFO - Started process (PID=1634) to work on /home/airflow/.local/lib/python3.7/site-packages/airflow/example_dags/example_branch_labels.py
[2023-05-18T00:01:04.842+0000] {processor.py:826} INFO - Processing file /home/airflow/.local/lib/python3.7/site-packages/airflow/example_dags/example_branch_labels.py for tasks to queue
[2023-05-18T00:01:04.842+0000] {logging_mixin.py:149} INFO - [2023-05-18T00:01:04.842+0000] {dagbag.py:541} INFO - Filling up the DagBag from /home/airflow/.local/lib/python3.7/site-packages/airflow/example_dags/example_branch_labels.py
[2023-05-18T00:01:04.846+0000] {processor.py:836} INFO - DAG(s) dict_keys(['example_branch_labels']) retrieved from /home/airflow/.local/lib/python3.7/site-packages/airflow/example_dags/example_branch_labels.py
[2023-05-18T00:01:04.861+0000] {logging_mixin.py:149} INFO - [2023-05-18T00:01:04.861+0000] {dag.py:2726} INFO - Sync 1 DAGs
[2023-05-18T00:01:04.876+0000] {logging_mixin.py:149} INFO - [2023-05-18T00:01:04.876+0000] {dag.py:3490} INFO - Setting next_dagrun for example_branch_labels to 2023-05-17T00:00:00+00:00, run_after=2023-05-18T00:00:00+00:00
[2023-05-18T00:01:04.889+0000] {processor.py:179} INFO - Processing /home/airflow/.local/lib/python3.7/site-packages/airflow/example_dags/example_branch_labels.py took 0.050 seconds
[2023-05-18T00:01:35.386+0000] {processor.py:157} INFO - Started process (PID=1698) to work on /home/airflow/.local/lib/python3.7/site-packages/airflow/example_dags/example_branch_labels.py
[2023-05-18T00:01:35.387+0000] {processor.py:826} INFO - Processing file /home/airflow/.local/lib/python3.7/site-packages/airflow/example_dags/example_branch_labels.py for tasks to queue
[2023-05-18T00:01:35.387+0000] {logging_mixin.py:149} INFO - [2023-05-18T00:01:35.387+0000] {dagbag.py:541} INFO - Filling up the DagBag from /home/airflow/.local/lib/python3.7/site-packages/airflow/example_dags/example_branch_labels.py
[2023-05-18T00:01:35.392+0000] {processor.py:836} INFO - DAG(s) dict_keys(['example_branch_labels']) retrieved from /home/airflow/.local/lib/python3.7/site-packages/airflow/example_dags/example_branch_labels.py
[2023-05-18T00:01:35.408+0000] {logging_mixin.py:149} INFO - [2023-05-18T00:01:35.407+0000] {dag.py:2726} INFO - Sync 1 DAGs
[2023-05-18T00:01:35.424+0000] {logging_mixin.py:149} INFO - [2023-05-18T00:01:35.424+0000] {dag.py:3490} INFO - Setting next_dagrun for example_branch_labels to 2023-05-17T00:00:00+00:00, run_after=2023-05-18T00:00:00+00:00
[2023-05-18T00:01:35.437+0000] {processor.py:179} INFO - Processing /home/airflow/.local/lib/python3.7/site-packages/airflow/example_dags/example_branch_labels.py took 0.053 seconds
[2023-05-18T00:02:05.923+0000] {processor.py:157} INFO - Started process (PID=1762) to work on /home/airflow/.local/lib/python3.7/site-packages/airflow/example_dags/example_branch_labels.py
[2023-05-18T00:02:05.925+0000] {processor.py:826} INFO - Processing file /home/airflow/.local/lib/python3.7/site-packages/airflow/example_dags/example_branch_labels.py for tasks to queue
[2023-05-18T00:02:05.926+0000] {logging_mixin.py:149} INFO - [2023-05-18T00:02:05.926+0000] {dagbag.py:541} INFO - Filling up the DagBag from /home/airflow/.local/lib/python3.7/site-packages/airflow/example_dags/example_branch_labels.py
[2023-05-18T00:02:05.930+0000] {processor.py:836} INFO - DAG(s) dict_keys(['example_branch_labels']) retrieved from /home/airflow/.local/lib/python3.7/site-packages/airflow/example_dags/example_branch_labels.py
[2023-05-18T00:02:05.949+0000] {logging_mixin.py:149} INFO - [2023-05-18T00:02:05.949+0000] {dag.py:2726} INFO - Sync 1 DAGs
[2023-05-18T00:02:05.965+0000] {logging_mixin.py:149} INFO - [2023-05-18T00:02:05.965+0000] {dag.py:3490} INFO - Setting next_dagrun for example_branch_labels to 2023-05-17T00:00:00+00:00, run_after=2023-05-18T00:00:00+00:00
[2023-05-18T00:02:05.978+0000] {processor.py:179} INFO - Processing /home/airflow/.local/lib/python3.7/site-packages/airflow/example_dags/example_branch_labels.py took 0.056 seconds
[2023-05-18T00:02:36.617+0000] {processor.py:157} INFO - Started process (PID=1826) to work on /home/airflow/.local/lib/python3.7/site-packages/airflow/example_dags/example_branch_labels.py
[2023-05-18T00:02:36.619+0000] {processor.py:826} INFO - Processing file /home/airflow/.local/lib/python3.7/site-packages/airflow/example_dags/example_branch_labels.py for tasks to queue
[2023-05-18T00:02:36.619+0000] {logging_mixin.py:149} INFO - [2023-05-18T00:02:36.619+0000] {dagbag.py:541} INFO - Filling up the DagBag from /home/airflow/.local/lib/python3.7/site-packages/airflow/example_dags/example_branch_labels.py
[2023-05-18T00:02:36.623+0000] {processor.py:836} INFO - DAG(s) dict_keys(['example_branch_labels']) retrieved from /home/airflow/.local/lib/python3.7/site-packages/airflow/example_dags/example_branch_labels.py
[2023-05-18T00:02:36.638+0000] {logging_mixin.py:149} INFO - [2023-05-18T00:02:36.638+0000] {dag.py:2726} INFO - Sync 1 DAGs
[2023-05-18T00:02:36.652+0000] {logging_mixin.py:149} INFO - [2023-05-18T00:02:36.652+0000] {dag.py:3490} INFO - Setting next_dagrun for example_branch_labels to 2023-05-17T00:00:00+00:00, run_after=2023-05-18T00:00:00+00:00
[2023-05-18T00:02:36.664+0000] {processor.py:179} INFO - Processing /home/airflow/.local/lib/python3.7/site-packages/airflow/example_dags/example_branch_labels.py took 0.049 seconds
[2023-05-18T00:03:07.329+0000] {processor.py:157} INFO - Started process (PID=1890) to work on /home/airflow/.local/lib/python3.7/site-packages/airflow/example_dags/example_branch_labels.py
[2023-05-18T00:03:07.331+0000] {processor.py:826} INFO - Processing file /home/airflow/.local/lib/python3.7/site-packages/airflow/example_dags/example_branch_labels.py for tasks to queue
[2023-05-18T00:03:07.331+0000] {logging_mixin.py:149} INFO - [2023-05-18T00:03:07.331+0000] {dagbag.py:541} INFO - Filling up the DagBag from /home/airflow/.local/lib/python3.7/site-packages/airflow/example_dags/example_branch_labels.py
[2023-05-18T00:03:07.335+0000] {processor.py:836} INFO - DAG(s) dict_keys(['example_branch_labels']) retrieved from /home/airflow/.local/lib/python3.7/site-packages/airflow/example_dags/example_branch_labels.py
[2023-05-18T00:03:07.351+0000] {logging_mixin.py:149} INFO - [2023-05-18T00:03:07.351+0000] {dag.py:2726} INFO - Sync 1 DAGs
[2023-05-18T00:03:07.367+0000] {logging_mixin.py:149} INFO - [2023-05-18T00:03:07.367+0000] {dag.py:3490} INFO - Setting next_dagrun for example_branch_labels to 2023-05-17T00:00:00+00:00, run_after=2023-05-18T00:00:00+00:00
[2023-05-18T00:03:07.379+0000] {processor.py:179} INFO - Processing /home/airflow/.local/lib/python3.7/site-packages/airflow/example_dags/example_branch_labels.py took 0.052 seconds
[2023-05-18T00:03:37.962+0000] {processor.py:157} INFO - Started process (PID=1954) to work on /home/airflow/.local/lib/python3.7/site-packages/airflow/example_dags/example_branch_labels.py
[2023-05-18T00:03:37.962+0000] {processor.py:826} INFO - Processing file /home/airflow/.local/lib/python3.7/site-packages/airflow/example_dags/example_branch_labels.py for tasks to queue
[2023-05-18T00:03:37.963+0000] {logging_mixin.py:149} INFO - [2023-05-18T00:03:37.963+0000] {dagbag.py:541} INFO - Filling up the DagBag from /home/airflow/.local/lib/python3.7/site-packages/airflow/example_dags/example_branch_labels.py
[2023-05-18T00:03:37.967+0000] {processor.py:836} INFO - DAG(s) dict_keys(['example_branch_labels']) retrieved from /home/airflow/.local/lib/python3.7/site-packages/airflow/example_dags/example_branch_labels.py
[2023-05-18T00:03:37.983+0000] {logging_mixin.py:149} INFO - [2023-05-18T00:03:37.983+0000] {dag.py:2726} INFO - Sync 1 DAGs
[2023-05-18T00:03:37.998+0000] {logging_mixin.py:149} INFO - [2023-05-18T00:03:37.998+0000] {dag.py:3490} INFO - Setting next_dagrun for example_branch_labels to 2023-05-17T00:00:00+00:00, run_after=2023-05-18T00:00:00+00:00
[2023-05-18T00:03:38.009+0000] {processor.py:179} INFO - Processing /home/airflow/.local/lib/python3.7/site-packages/airflow/example_dags/example_branch_labels.py took 0.050 seconds
[2023-05-18T00:04:08.588+0000] {processor.py:157} INFO - Started process (PID=2018) to work on /home/airflow/.local/lib/python3.7/site-packages/airflow/example_dags/example_branch_labels.py
[2023-05-18T00:04:08.591+0000] {processor.py:826} INFO - Processing file /home/airflow/.local/lib/python3.7/site-packages/airflow/example_dags/example_branch_labels.py for tasks to queue
[2023-05-18T00:04:08.591+0000] {logging_mixin.py:149} INFO - [2023-05-18T00:04:08.591+0000] {dagbag.py:541} INFO - Filling up the DagBag from /home/airflow/.local/lib/python3.7/site-packages/airflow/example_dags/example_branch_labels.py
[2023-05-18T00:04:08.596+0000] {processor.py:836} INFO - DAG(s) dict_keys(['example_branch_labels']) retrieved from /home/airflow/.local/lib/python3.7/site-packages/airflow/example_dags/example_branch_labels.py
[2023-05-18T00:04:08.611+0000] {logging_mixin.py:149} INFO - [2023-05-18T00:04:08.611+0000] {dag.py:2726} INFO - Sync 1 DAGs
[2023-05-18T00:04:08.626+0000] {logging_mixin.py:149} INFO - [2023-05-18T00:04:08.626+0000] {dag.py:3490} INFO - Setting next_dagrun for example_branch_labels to 2023-05-17T00:00:00+00:00, run_after=2023-05-18T00:00:00+00:00
[2023-05-18T00:04:08.637+0000] {processor.py:179} INFO - Processing /home/airflow/.local/lib/python3.7/site-packages/airflow/example_dags/example_branch_labels.py took 0.050 seconds
[2023-05-18T00:04:39.216+0000] {processor.py:157} INFO - Started process (PID=2082) to work on /home/airflow/.local/lib/python3.7/site-packages/airflow/example_dags/example_branch_labels.py
[2023-05-18T00:04:39.218+0000] {processor.py:826} INFO - Processing file /home/airflow/.local/lib/python3.7/site-packages/airflow/example_dags/example_branch_labels.py for tasks to queue
[2023-05-18T00:04:39.218+0000] {logging_mixin.py:149} INFO - [2023-05-18T00:04:39.218+0000] {dagbag.py:541} INFO - Filling up the DagBag from /home/airflow/.local/lib/python3.7/site-packages/airflow/example_dags/example_branch_labels.py
[2023-05-18T00:04:39.222+0000] {processor.py:836} INFO - DAG(s) dict_keys(['example_branch_labels']) retrieved from /home/airflow/.local/lib/python3.7/site-packages/airflow/example_dags/example_branch_labels.py
[2023-05-18T00:04:39.238+0000] {logging_mixin.py:149} INFO - [2023-05-18T00:04:39.238+0000] {dag.py:2726} INFO - Sync 1 DAGs
[2023-05-18T00:04:39.253+0000] {logging_mixin.py:149} INFO - [2023-05-18T00:04:39.253+0000] {dag.py:3490} INFO - Setting next_dagrun for example_branch_labels to 2023-05-17T00:00:00+00:00, run_after=2023-05-18T00:00:00+00:00
[2023-05-18T00:04:39.265+0000] {processor.py:179} INFO - Processing /home/airflow/.local/lib/python3.7/site-packages/airflow/example_dags/example_branch_labels.py took 0.050 seconds
[2023-05-18T00:05:09.864+0000] {processor.py:157} INFO - Started process (PID=2146) to work on /home/airflow/.local/lib/python3.7/site-packages/airflow/example_dags/example_branch_labels.py
[2023-05-18T00:05:09.866+0000] {processor.py:826} INFO - Processing file /home/airflow/.local/lib/python3.7/site-packages/airflow/example_dags/example_branch_labels.py for tasks to queue
[2023-05-18T00:05:09.866+0000] {logging_mixin.py:149} INFO - [2023-05-18T00:05:09.866+0000] {dagbag.py:541} INFO - Filling up the DagBag from /home/airflow/.local/lib/python3.7/site-packages/airflow/example_dags/example_branch_labels.py
[2023-05-18T00:05:09.870+0000] {processor.py:836} INFO - DAG(s) dict_keys(['example_branch_labels']) retrieved from /home/airflow/.local/lib/python3.7/site-packages/airflow/example_dags/example_branch_labels.py
[2023-05-18T00:05:09.887+0000] {logging_mixin.py:149} INFO - [2023-05-18T00:05:09.887+0000] {dag.py:2726} INFO - Sync 1 DAGs
[2023-05-18T00:05:09.903+0000] {logging_mixin.py:149} INFO - [2023-05-18T00:05:09.903+0000] {dag.py:3490} INFO - Setting next_dagrun for example_branch_labels to 2023-05-17T00:00:00+00:00, run_after=2023-05-18T00:00:00+00:00
[2023-05-18T00:05:09.916+0000] {processor.py:179} INFO - Processing /home/airflow/.local/lib/python3.7/site-packages/airflow/example_dags/example_branch_labels.py took 0.054 seconds
[2023-05-18T00:05:40.510+0000] {processor.py:157} INFO - Started process (PID=2210) to work on /home/airflow/.local/lib/python3.7/site-packages/airflow/example_dags/example_branch_labels.py
[2023-05-18T00:05:40.511+0000] {processor.py:826} INFO - Processing file /home/airflow/.local/lib/python3.7/site-packages/airflow/example_dags/example_branch_labels.py for tasks to queue
[2023-05-18T00:05:40.512+0000] {logging_mixin.py:149} INFO - [2023-05-18T00:05:40.511+0000] {dagbag.py:541} INFO - Filling up the DagBag from /home/airflow/.local/lib/python3.7/site-packages/airflow/example_dags/example_branch_labels.py
[2023-05-18T00:05:40.516+0000] {processor.py:836} INFO - DAG(s) dict_keys(['example_branch_labels']) retrieved from /home/airflow/.local/lib/python3.7/site-packages/airflow/example_dags/example_branch_labels.py
[2023-05-18T00:05:40.532+0000] {logging_mixin.py:149} INFO - [2023-05-18T00:05:40.531+0000] {dag.py:2726} INFO - Sync 1 DAGs
[2023-05-18T00:05:40.549+0000] {logging_mixin.py:149} INFO - [2023-05-18T00:05:40.548+0000] {dag.py:3490} INFO - Setting next_dagrun for example_branch_labels to 2023-05-17T00:00:00+00:00, run_after=2023-05-18T00:00:00+00:00
[2023-05-18T00:05:40.562+0000] {processor.py:179} INFO - Processing /home/airflow/.local/lib/python3.7/site-packages/airflow/example_dags/example_branch_labels.py took 0.053 seconds
[2023-05-18T00:06:10.626+0000] {processor.py:157} INFO - Started process (PID=2274) to work on /home/airflow/.local/lib/python3.7/site-packages/airflow/example_dags/example_branch_labels.py
[2023-05-18T00:06:10.628+0000] {processor.py:826} INFO - Processing file /home/airflow/.local/lib/python3.7/site-packages/airflow/example_dags/example_branch_labels.py for tasks to queue
[2023-05-18T00:06:10.628+0000] {logging_mixin.py:149} INFO - [2023-05-18T00:06:10.628+0000] {dagbag.py:541} INFO - Filling up the DagBag from /home/airflow/.local/lib/python3.7/site-packages/airflow/example_dags/example_branch_labels.py
[2023-05-18T00:06:10.632+0000] {processor.py:836} INFO - DAG(s) dict_keys(['example_branch_labels']) retrieved from /home/airflow/.local/lib/python3.7/site-packages/airflow/example_dags/example_branch_labels.py
[2023-05-18T00:06:10.648+0000] {logging_mixin.py:149} INFO - [2023-05-18T00:06:10.648+0000] {dag.py:2726} INFO - Sync 1 DAGs
[2023-05-18T00:06:10.664+0000] {logging_mixin.py:149} INFO - [2023-05-18T00:06:10.664+0000] {dag.py:3490} INFO - Setting next_dagrun for example_branch_labels to 2023-05-17T00:00:00+00:00, run_after=2023-05-18T00:00:00+00:00
[2023-05-18T00:06:10.676+0000] {processor.py:179} INFO - Processing /home/airflow/.local/lib/python3.7/site-packages/airflow/example_dags/example_branch_labels.py took 0.052 seconds
[2023-05-18T00:06:40.807+0000] {processor.py:157} INFO - Started process (PID=2338) to work on /home/airflow/.local/lib/python3.7/site-packages/airflow/example_dags/example_branch_labels.py
[2023-05-18T00:06:40.808+0000] {processor.py:826} INFO - Processing file /home/airflow/.local/lib/python3.7/site-packages/airflow/example_dags/example_branch_labels.py for tasks to queue
[2023-05-18T00:06:40.808+0000] {logging_mixin.py:149} INFO - [2023-05-18T00:06:40.808+0000] {dagbag.py:541} INFO - Filling up the DagBag from /home/airflow/.local/lib/python3.7/site-packages/airflow/example_dags/example_branch_labels.py
[2023-05-18T00:06:40.812+0000] {processor.py:836} INFO - DAG(s) dict_keys(['example_branch_labels']) retrieved from /home/airflow/.local/lib/python3.7/site-packages/airflow/example_dags/example_branch_labels.py
[2023-05-18T00:06:40.828+0000] {logging_mixin.py:149} INFO - [2023-05-18T00:06:40.828+0000] {dag.py:2726} INFO - Sync 1 DAGs
[2023-05-18T00:06:40.842+0000] {logging_mixin.py:149} INFO - [2023-05-18T00:06:40.842+0000] {dag.py:3490} INFO - Setting next_dagrun for example_branch_labels to 2023-05-17T00:00:00+00:00, run_after=2023-05-18T00:00:00+00:00
[2023-05-18T00:06:40.855+0000] {processor.py:179} INFO - Processing /home/airflow/.local/lib/python3.7/site-packages/airflow/example_dags/example_branch_labels.py took 0.050 seconds
[2023-05-18T00:07:10.941+0000] {processor.py:157} INFO - Started process (PID=2402) to work on /home/airflow/.local/lib/python3.7/site-packages/airflow/example_dags/example_branch_labels.py
[2023-05-18T00:07:10.941+0000] {processor.py:826} INFO - Processing file /home/airflow/.local/lib/python3.7/site-packages/airflow/example_dags/example_branch_labels.py for tasks to queue
[2023-05-18T00:07:10.942+0000] {logging_mixin.py:149} INFO - [2023-05-18T00:07:10.942+0000] {dagbag.py:541} INFO - Filling up the DagBag from /home/airflow/.local/lib/python3.7/site-packages/airflow/example_dags/example_branch_labels.py
[2023-05-18T00:07:10.946+0000] {processor.py:836} INFO - DAG(s) dict_keys(['example_branch_labels']) retrieved from /home/airflow/.local/lib/python3.7/site-packages/airflow/example_dags/example_branch_labels.py
[2023-05-18T00:07:10.962+0000] {logging_mixin.py:149} INFO - [2023-05-18T00:07:10.962+0000] {dag.py:2726} INFO - Sync 1 DAGs
[2023-05-18T00:07:10.977+0000] {logging_mixin.py:149} INFO - [2023-05-18T00:07:10.977+0000] {dag.py:3490} INFO - Setting next_dagrun for example_branch_labels to 2023-05-17T00:00:00+00:00, run_after=2023-05-18T00:00:00+00:00
[2023-05-18T00:07:10.988+0000] {processor.py:179} INFO - Processing /home/airflow/.local/lib/python3.7/site-packages/airflow/example_dags/example_branch_labels.py took 0.049 seconds
[2023-05-18T00:07:41.649+0000] {processor.py:157} INFO - Started process (PID=2465) to work on /home/airflow/.local/lib/python3.7/site-packages/airflow/example_dags/example_branch_labels.py
[2023-05-18T00:07:41.650+0000] {processor.py:826} INFO - Processing file /home/airflow/.local/lib/python3.7/site-packages/airflow/example_dags/example_branch_labels.py for tasks to queue
[2023-05-18T00:07:41.651+0000] {logging_mixin.py:149} INFO - [2023-05-18T00:07:41.651+0000] {dagbag.py:541} INFO - Filling up the DagBag from /home/airflow/.local/lib/python3.7/site-packages/airflow/example_dags/example_branch_labels.py
[2023-05-18T00:07:41.656+0000] {processor.py:836} INFO - DAG(s) dict_keys(['example_branch_labels']) retrieved from /home/airflow/.local/lib/python3.7/site-packages/airflow/example_dags/example_branch_labels.py
[2023-05-18T00:07:41.671+0000] {logging_mixin.py:149} INFO - [2023-05-18T00:07:41.671+0000] {dag.py:2726} INFO - Sync 1 DAGs
[2023-05-18T00:07:41.686+0000] {logging_mixin.py:149} INFO - [2023-05-18T00:07:41.686+0000] {dag.py:3490} INFO - Setting next_dagrun for example_branch_labels to 2023-05-17T00:00:00+00:00, run_after=2023-05-18T00:00:00+00:00
[2023-05-18T00:07:41.698+0000] {processor.py:179} INFO - Processing /home/airflow/.local/lib/python3.7/site-packages/airflow/example_dags/example_branch_labels.py took 0.051 seconds
[2023-05-18T00:08:12.461+0000] {processor.py:157} INFO - Started process (PID=2529) to work on /home/airflow/.local/lib/python3.7/site-packages/airflow/example_dags/example_branch_labels.py
[2023-05-18T00:08:12.463+0000] {processor.py:826} INFO - Processing file /home/airflow/.local/lib/python3.7/site-packages/airflow/example_dags/example_branch_labels.py for tasks to queue
[2023-05-18T00:08:12.464+0000] {logging_mixin.py:149} INFO - [2023-05-18T00:08:12.464+0000] {dagbag.py:541} INFO - Filling up the DagBag from /home/airflow/.local/lib/python3.7/site-packages/airflow/example_dags/example_branch_labels.py
[2023-05-18T00:08:12.468+0000] {processor.py:836} INFO - DAG(s) dict_keys(['example_branch_labels']) retrieved from /home/airflow/.local/lib/python3.7/site-packages/airflow/example_dags/example_branch_labels.py
[2023-05-18T00:08:12.484+0000] {logging_mixin.py:149} INFO - [2023-05-18T00:08:12.484+0000] {dag.py:2726} INFO - Sync 1 DAGs
[2023-05-18T00:08:12.499+0000] {logging_mixin.py:149} INFO - [2023-05-18T00:08:12.499+0000] {dag.py:3490} INFO - Setting next_dagrun for example_branch_labels to 2023-05-17T00:00:00+00:00, run_after=2023-05-18T00:00:00+00:00
[2023-05-18T00:08:12.510+0000] {processor.py:179} INFO - Processing /home/airflow/.local/lib/python3.7/site-packages/airflow/example_dags/example_branch_labels.py took 0.051 seconds
[2023-05-18T00:08:43.259+0000] {processor.py:157} INFO - Started process (PID=2593) to work on /home/airflow/.local/lib/python3.7/site-packages/airflow/example_dags/example_branch_labels.py
[2023-05-18T00:08:43.261+0000] {processor.py:826} INFO - Processing file /home/airflow/.local/lib/python3.7/site-packages/airflow/example_dags/example_branch_labels.py for tasks to queue
[2023-05-18T00:08:43.261+0000] {logging_mixin.py:149} INFO - [2023-05-18T00:08:43.261+0000] {dagbag.py:541} INFO - Filling up the DagBag from /home/airflow/.local/lib/python3.7/site-packages/airflow/example_dags/example_branch_labels.py
[2023-05-18T00:08:43.266+0000] {processor.py:836} INFO - DAG(s) dict_keys(['example_branch_labels']) retrieved from /home/airflow/.local/lib/python3.7/site-packages/airflow/example_dags/example_branch_labels.py
[2023-05-18T00:08:43.282+0000] {logging_mixin.py:149} INFO - [2023-05-18T00:08:43.281+0000] {dag.py:2726} INFO - Sync 1 DAGs
[2023-05-18T00:08:43.297+0000] {logging_mixin.py:149} INFO - [2023-05-18T00:08:43.297+0000] {dag.py:3490} INFO - Setting next_dagrun for example_branch_labels to 2023-05-17T00:00:00+00:00, run_after=2023-05-18T00:00:00+00:00
[2023-05-18T00:08:43.307+0000] {processor.py:179} INFO - Processing /home/airflow/.local/lib/python3.7/site-packages/airflow/example_dags/example_branch_labels.py took 0.050 seconds
[2023-05-18T00:09:13.970+0000] {processor.py:157} INFO - Started process (PID=2657) to work on /home/airflow/.local/lib/python3.7/site-packages/airflow/example_dags/example_branch_labels.py
[2023-05-18T00:09:13.970+0000] {processor.py:826} INFO - Processing file /home/airflow/.local/lib/python3.7/site-packages/airflow/example_dags/example_branch_labels.py for tasks to queue
[2023-05-18T00:09:13.971+0000] {logging_mixin.py:149} INFO - [2023-05-18T00:09:13.971+0000] {dagbag.py:541} INFO - Filling up the DagBag from /home/airflow/.local/lib/python3.7/site-packages/airflow/example_dags/example_branch_labels.py
[2023-05-18T00:09:13.975+0000] {processor.py:836} INFO - DAG(s) dict_keys(['example_branch_labels']) retrieved from /home/airflow/.local/lib/python3.7/site-packages/airflow/example_dags/example_branch_labels.py
[2023-05-18T00:09:13.991+0000] {logging_mixin.py:149} INFO - [2023-05-18T00:09:13.991+0000] {dag.py:2726} INFO - Sync 1 DAGs
[2023-05-18T00:09:14.006+0000] {logging_mixin.py:149} INFO - [2023-05-18T00:09:14.006+0000] {dag.py:3490} INFO - Setting next_dagrun for example_branch_labels to 2023-05-17T00:00:00+00:00, run_after=2023-05-18T00:00:00+00:00
[2023-05-18T00:09:14.018+0000] {processor.py:179} INFO - Processing /home/airflow/.local/lib/python3.7/site-packages/airflow/example_dags/example_branch_labels.py took 0.050 seconds
[2023-05-18T00:09:44.701+0000] {processor.py:157} INFO - Started process (PID=2721) to work on /home/airflow/.local/lib/python3.7/site-packages/airflow/example_dags/example_branch_labels.py
[2023-05-18T00:09:44.701+0000] {processor.py:826} INFO - Processing file /home/airflow/.local/lib/python3.7/site-packages/airflow/example_dags/example_branch_labels.py for tasks to queue
[2023-05-18T00:09:44.702+0000] {logging_mixin.py:149} INFO - [2023-05-18T00:09:44.702+0000] {dagbag.py:541} INFO - Filling up the DagBag from /home/airflow/.local/lib/python3.7/site-packages/airflow/example_dags/example_branch_labels.py
[2023-05-18T00:09:44.706+0000] {processor.py:836} INFO - DAG(s) dict_keys(['example_branch_labels']) retrieved from /home/airflow/.local/lib/python3.7/site-packages/airflow/example_dags/example_branch_labels.py
[2023-05-18T00:09:44.721+0000] {logging_mixin.py:149} INFO - [2023-05-18T00:09:44.721+0000] {dag.py:2726} INFO - Sync 1 DAGs
[2023-05-18T00:09:44.738+0000] {logging_mixin.py:149} INFO - [2023-05-18T00:09:44.738+0000] {dag.py:3490} INFO - Setting next_dagrun for example_branch_labels to 2023-05-17T00:00:00+00:00, run_after=2023-05-18T00:00:00+00:00
[2023-05-18T00:09:44.750+0000] {processor.py:179} INFO - Processing /home/airflow/.local/lib/python3.7/site-packages/airflow/example_dags/example_branch_labels.py took 0.051 seconds
[2023-05-18T00:10:15.415+0000] {processor.py:157} INFO - Started process (PID=2785) to work on /home/airflow/.local/lib/python3.7/site-packages/airflow/example_dags/example_branch_labels.py
[2023-05-18T00:10:15.415+0000] {processor.py:826} INFO - Processing file /home/airflow/.local/lib/python3.7/site-packages/airflow/example_dags/example_branch_labels.py for tasks to queue
[2023-05-18T00:10:15.416+0000] {logging_mixin.py:149} INFO - [2023-05-18T00:10:15.416+0000] {dagbag.py:541} INFO - Filling up the DagBag from /home/airflow/.local/lib/python3.7/site-packages/airflow/example_dags/example_branch_labels.py
[2023-05-18T00:10:15.420+0000] {processor.py:836} INFO - DAG(s) dict_keys(['example_branch_labels']) retrieved from /home/airflow/.local/lib/python3.7/site-packages/airflow/example_dags/example_branch_labels.py
[2023-05-18T00:10:15.436+0000] {logging_mixin.py:149} INFO - [2023-05-18T00:10:15.436+0000] {dag.py:2726} INFO - Sync 1 DAGs
[2023-05-18T00:10:15.451+0000] {logging_mixin.py:149} INFO - [2023-05-18T00:10:15.451+0000] {dag.py:3490} INFO - Setting next_dagrun for example_branch_labels to 2023-05-17T00:00:00+00:00, run_after=2023-05-18T00:00:00+00:00
[2023-05-18T00:10:15.463+0000] {processor.py:179} INFO - Processing /home/airflow/.local/lib/python3.7/site-packages/airflow/example_dags/example_branch_labels.py took 0.050 seconds
[2023-05-18T00:10:46.167+0000] {processor.py:157} INFO - Started process (PID=2849) to work on /home/airflow/.local/lib/python3.7/site-packages/airflow/example_dags/example_branch_labels.py
[2023-05-18T00:10:46.168+0000] {processor.py:826} INFO - Processing file /home/airflow/.local/lib/python3.7/site-packages/airflow/example_dags/example_branch_labels.py for tasks to queue
[2023-05-18T00:10:46.169+0000] {logging_mixin.py:149} INFO - [2023-05-18T00:10:46.169+0000] {dagbag.py:541} INFO - Filling up the DagBag from /home/airflow/.local/lib/python3.7/site-packages/airflow/example_dags/example_branch_labels.py
[2023-05-18T00:10:46.173+0000] {processor.py:836} INFO - DAG(s) dict_keys(['example_branch_labels']) retrieved from /home/airflow/.local/lib/python3.7/site-packages/airflow/example_dags/example_branch_labels.py
[2023-05-18T00:10:46.190+0000] {logging_mixin.py:149} INFO - [2023-05-18T00:10:46.190+0000] {dag.py:2726} INFO - Sync 1 DAGs
[2023-05-18T00:10:46.206+0000] {logging_mixin.py:149} INFO - [2023-05-18T00:10:46.205+0000] {dag.py:3490} INFO - Setting next_dagrun for example_branch_labels to 2023-05-17T00:00:00+00:00, run_after=2023-05-18T00:00:00+00:00
[2023-05-18T00:10:46.221+0000] {processor.py:179} INFO - Processing /home/airflow/.local/lib/python3.7/site-packages/airflow/example_dags/example_branch_labels.py took 0.055 seconds
[2023-05-18T00:11:16.883+0000] {processor.py:157} INFO - Started process (PID=2913) to work on /home/airflow/.local/lib/python3.7/site-packages/airflow/example_dags/example_branch_labels.py
[2023-05-18T00:11:16.884+0000] {processor.py:826} INFO - Processing file /home/airflow/.local/lib/python3.7/site-packages/airflow/example_dags/example_branch_labels.py for tasks to queue
[2023-05-18T00:11:16.884+0000] {logging_mixin.py:149} INFO - [2023-05-18T00:11:16.884+0000] {dagbag.py:541} INFO - Filling up the DagBag from /home/airflow/.local/lib/python3.7/site-packages/airflow/example_dags/example_branch_labels.py
[2023-05-18T00:11:16.889+0000] {processor.py:836} INFO - DAG(s) dict_keys(['example_branch_labels']) retrieved from /home/airflow/.local/lib/python3.7/site-packages/airflow/example_dags/example_branch_labels.py
[2023-05-18T00:11:16.905+0000] {logging_mixin.py:149} INFO - [2023-05-18T00:11:16.905+0000] {dag.py:2726} INFO - Sync 1 DAGs
[2023-05-18T00:11:16.921+0000] {logging_mixin.py:149} INFO - [2023-05-18T00:11:16.921+0000] {dag.py:3490} INFO - Setting next_dagrun for example_branch_labels to 2023-05-17T00:00:00+00:00, run_after=2023-05-18T00:00:00+00:00
[2023-05-18T00:11:16.935+0000] {processor.py:179} INFO - Processing /home/airflow/.local/lib/python3.7/site-packages/airflow/example_dags/example_branch_labels.py took 0.055 seconds
[2023-05-18T00:11:47.583+0000] {processor.py:157} INFO - Started process (PID=2977) to work on /home/airflow/.local/lib/python3.7/site-packages/airflow/example_dags/example_branch_labels.py
[2023-05-18T00:11:47.585+0000] {processor.py:826} INFO - Processing file /home/airflow/.local/lib/python3.7/site-packages/airflow/example_dags/example_branch_labels.py for tasks to queue
[2023-05-18T00:11:47.585+0000] {logging_mixin.py:149} INFO - [2023-05-18T00:11:47.585+0000] {dagbag.py:541} INFO - Filling up the DagBag from /home/airflow/.local/lib/python3.7/site-packages/airflow/example_dags/example_branch_labels.py
[2023-05-18T00:11:47.591+0000] {processor.py:836} INFO - DAG(s) dict_keys(['example_branch_labels']) retrieved from /home/airflow/.local/lib/python3.7/site-packages/airflow/example_dags/example_branch_labels.py
[2023-05-18T00:11:47.609+0000] {logging_mixin.py:149} INFO - [2023-05-18T00:11:47.609+0000] {dag.py:2726} INFO - Sync 1 DAGs
[2023-05-18T00:11:47.624+0000] {logging_mixin.py:149} INFO - [2023-05-18T00:11:47.624+0000] {dag.py:3490} INFO - Setting next_dagrun for example_branch_labels to 2023-05-17T00:00:00+00:00, run_after=2023-05-18T00:00:00+00:00
[2023-05-18T00:11:47.636+0000] {processor.py:179} INFO - Processing /home/airflow/.local/lib/python3.7/site-packages/airflow/example_dags/example_branch_labels.py took 0.056 seconds
[2023-05-18T00:12:18.262+0000] {processor.py:157} INFO - Started process (PID=3048) to work on /home/airflow/.local/lib/python3.7/site-packages/airflow/example_dags/example_branch_labels.py
[2023-05-18T00:12:18.264+0000] {processor.py:826} INFO - Processing file /home/airflow/.local/lib/python3.7/site-packages/airflow/example_dags/example_branch_labels.py for tasks to queue
[2023-05-18T00:12:18.264+0000] {logging_mixin.py:149} INFO - [2023-05-18T00:12:18.264+0000] {dagbag.py:541} INFO - Filling up the DagBag from /home/airflow/.local/lib/python3.7/site-packages/airflow/example_dags/example_branch_labels.py
[2023-05-18T00:12:18.268+0000] {processor.py:836} INFO - DAG(s) dict_keys(['example_branch_labels']) retrieved from /home/airflow/.local/lib/python3.7/site-packages/airflow/example_dags/example_branch_labels.py
[2023-05-18T00:12:18.284+0000] {logging_mixin.py:149} INFO - [2023-05-18T00:12:18.284+0000] {dag.py:2726} INFO - Sync 1 DAGs
[2023-05-18T00:12:18.299+0000] {logging_mixin.py:149} INFO - [2023-05-18T00:12:18.299+0000] {dag.py:3490} INFO - Setting next_dagrun for example_branch_labels to 2023-05-17T00:00:00+00:00, run_after=2023-05-18T00:00:00+00:00
[2023-05-18T00:12:18.315+0000] {processor.py:179} INFO - Processing /home/airflow/.local/lib/python3.7/site-packages/airflow/example_dags/example_branch_labels.py took 0.054 seconds
[2023-05-18T00:12:48.983+0000] {processor.py:157} INFO - Started process (PID=3112) to work on /home/airflow/.local/lib/python3.7/site-packages/airflow/example_dags/example_branch_labels.py
[2023-05-18T00:12:48.984+0000] {processor.py:826} INFO - Processing file /home/airflow/.local/lib/python3.7/site-packages/airflow/example_dags/example_branch_labels.py for tasks to queue
[2023-05-18T00:12:48.984+0000] {logging_mixin.py:149} INFO - [2023-05-18T00:12:48.984+0000] {dagbag.py:541} INFO - Filling up the DagBag from /home/airflow/.local/lib/python3.7/site-packages/airflow/example_dags/example_branch_labels.py
[2023-05-18T00:12:48.988+0000] {processor.py:836} INFO - DAG(s) dict_keys(['example_branch_labels']) retrieved from /home/airflow/.local/lib/python3.7/site-packages/airflow/example_dags/example_branch_labels.py
[2023-05-18T00:12:49.005+0000] {logging_mixin.py:149} INFO - [2023-05-18T00:12:49.005+0000] {dag.py:2726} INFO - Sync 1 DAGs
[2023-05-18T00:12:49.020+0000] {logging_mixin.py:149} INFO - [2023-05-18T00:12:49.020+0000] {dag.py:3490} INFO - Setting next_dagrun for example_branch_labels to 2023-05-17T00:00:00+00:00, run_after=2023-05-18T00:00:00+00:00
[2023-05-18T00:12:49.033+0000] {processor.py:179} INFO - Processing /home/airflow/.local/lib/python3.7/site-packages/airflow/example_dags/example_branch_labels.py took 0.052 seconds
[2023-05-18T00:13:19.691+0000] {processor.py:157} INFO - Started process (PID=3176) to work on /home/airflow/.local/lib/python3.7/site-packages/airflow/example_dags/example_branch_labels.py
[2023-05-18T00:13:19.693+0000] {processor.py:826} INFO - Processing file /home/airflow/.local/lib/python3.7/site-packages/airflow/example_dags/example_branch_labels.py for tasks to queue
[2023-05-18T00:13:19.694+0000] {logging_mixin.py:149} INFO - [2023-05-18T00:13:19.693+0000] {dagbag.py:541} INFO - Filling up the DagBag from /home/airflow/.local/lib/python3.7/site-packages/airflow/example_dags/example_branch_labels.py
[2023-05-18T00:13:19.699+0000] {processor.py:836} INFO - DAG(s) dict_keys(['example_branch_labels']) retrieved from /home/airflow/.local/lib/python3.7/site-packages/airflow/example_dags/example_branch_labels.py
[2023-05-18T00:13:19.715+0000] {logging_mixin.py:149} INFO - [2023-05-18T00:13:19.715+0000] {dag.py:2726} INFO - Sync 1 DAGs
[2023-05-18T00:13:19.732+0000] {logging_mixin.py:149} INFO - [2023-05-18T00:13:19.732+0000] {dag.py:3490} INFO - Setting next_dagrun for example_branch_labels to 2023-05-17T00:00:00+00:00, run_after=2023-05-18T00:00:00+00:00
[2023-05-18T00:13:19.750+0000] {processor.py:179} INFO - Processing /home/airflow/.local/lib/python3.7/site-packages/airflow/example_dags/example_branch_labels.py took 0.060 seconds
[2023-05-18T00:13:50.375+0000] {processor.py:157} INFO - Started process (PID=3240) to work on /home/airflow/.local/lib/python3.7/site-packages/airflow/example_dags/example_branch_labels.py
[2023-05-18T00:13:50.375+0000] {processor.py:826} INFO - Processing file /home/airflow/.local/lib/python3.7/site-packages/airflow/example_dags/example_branch_labels.py for tasks to queue
[2023-05-18T00:13:50.375+0000] {logging_mixin.py:149} INFO - [2023-05-18T00:13:50.375+0000] {dagbag.py:541} INFO - Filling up the DagBag from /home/airflow/.local/lib/python3.7/site-packages/airflow/example_dags/example_branch_labels.py
[2023-05-18T00:13:50.380+0000] {processor.py:836} INFO - DAG(s) dict_keys(['example_branch_labels']) retrieved from /home/airflow/.local/lib/python3.7/site-packages/airflow/example_dags/example_branch_labels.py
[2023-05-18T00:13:50.395+0000] {logging_mixin.py:149} INFO - [2023-05-18T00:13:50.395+0000] {dag.py:2726} INFO - Sync 1 DAGs
[2023-05-18T00:13:50.410+0000] {logging_mixin.py:149} INFO - [2023-05-18T00:13:50.410+0000] {dag.py:3490} INFO - Setting next_dagrun for example_branch_labels to 2023-05-17T00:00:00+00:00, run_after=2023-05-18T00:00:00+00:00
[2023-05-18T00:13:50.422+0000] {processor.py:179} INFO - Processing /home/airflow/.local/lib/python3.7/site-packages/airflow/example_dags/example_branch_labels.py took 0.050 seconds
[2023-05-18T00:14:20.929+0000] {processor.py:157} INFO - Started process (PID=3304) to work on /home/airflow/.local/lib/python3.7/site-packages/airflow/example_dags/example_branch_labels.py
[2023-05-18T00:14:20.930+0000] {processor.py:826} INFO - Processing file /home/airflow/.local/lib/python3.7/site-packages/airflow/example_dags/example_branch_labels.py for tasks to queue
[2023-05-18T00:14:20.930+0000] {logging_mixin.py:149} INFO - [2023-05-18T00:14:20.930+0000] {dagbag.py:541} INFO - Filling up the DagBag from /home/airflow/.local/lib/python3.7/site-packages/airflow/example_dags/example_branch_labels.py
[2023-05-18T00:14:20.934+0000] {processor.py:836} INFO - DAG(s) dict_keys(['example_branch_labels']) retrieved from /home/airflow/.local/lib/python3.7/site-packages/airflow/example_dags/example_branch_labels.py
[2023-05-18T00:14:20.950+0000] {logging_mixin.py:149} INFO - [2023-05-18T00:14:20.950+0000] {dag.py:2726} INFO - Sync 1 DAGs
[2023-05-18T00:14:20.966+0000] {logging_mixin.py:149} INFO - [2023-05-18T00:14:20.966+0000] {dag.py:3490} INFO - Setting next_dagrun for example_branch_labels to 2023-05-17T00:00:00+00:00, run_after=2023-05-18T00:00:00+00:00
[2023-05-18T00:14:20.978+0000] {processor.py:179} INFO - Processing /home/airflow/.local/lib/python3.7/site-packages/airflow/example_dags/example_branch_labels.py took 0.051 seconds
[2023-05-18T00:14:51.629+0000] {processor.py:157} INFO - Started process (PID=3368) to work on /home/airflow/.local/lib/python3.7/site-packages/airflow/example_dags/example_branch_labels.py
[2023-05-18T00:14:51.630+0000] {processor.py:826} INFO - Processing file /home/airflow/.local/lib/python3.7/site-packages/airflow/example_dags/example_branch_labels.py for tasks to queue
[2023-05-18T00:14:51.630+0000] {logging_mixin.py:149} INFO - [2023-05-18T00:14:51.630+0000] {dagbag.py:541} INFO - Filling up the DagBag from /home/airflow/.local/lib/python3.7/site-packages/airflow/example_dags/example_branch_labels.py
[2023-05-18T00:14:51.634+0000] {processor.py:836} INFO - DAG(s) dict_keys(['example_branch_labels']) retrieved from /home/airflow/.local/lib/python3.7/site-packages/airflow/example_dags/example_branch_labels.py
[2023-05-18T00:14:51.650+0000] {logging_mixin.py:149} INFO - [2023-05-18T00:14:51.650+0000] {dag.py:2726} INFO - Sync 1 DAGs
[2023-05-18T00:14:51.664+0000] {logging_mixin.py:149} INFO - [2023-05-18T00:14:51.664+0000] {dag.py:3490} INFO - Setting next_dagrun for example_branch_labels to 2023-05-17T00:00:00+00:00, run_after=2023-05-18T00:00:00+00:00
[2023-05-18T00:14:51.676+0000] {processor.py:179} INFO - Processing /home/airflow/.local/lib/python3.7/site-packages/airflow/example_dags/example_branch_labels.py took 0.049 seconds
[2023-05-18T00:15:22.227+0000] {processor.py:157} INFO - Started process (PID=3432) to work on /home/airflow/.local/lib/python3.7/site-packages/airflow/example_dags/example_branch_labels.py
[2023-05-18T00:15:22.228+0000] {processor.py:826} INFO - Processing file /home/airflow/.local/lib/python3.7/site-packages/airflow/example_dags/example_branch_labels.py for tasks to queue
[2023-05-18T00:15:22.228+0000] {logging_mixin.py:149} INFO - [2023-05-18T00:15:22.228+0000] {dagbag.py:541} INFO - Filling up the DagBag from /home/airflow/.local/lib/python3.7/site-packages/airflow/example_dags/example_branch_labels.py
[2023-05-18T00:15:22.232+0000] {processor.py:836} INFO - DAG(s) dict_keys(['example_branch_labels']) retrieved from /home/airflow/.local/lib/python3.7/site-packages/airflow/example_dags/example_branch_labels.py
[2023-05-18T00:15:22.247+0000] {logging_mixin.py:149} INFO - [2023-05-18T00:15:22.247+0000] {dag.py:2726} INFO - Sync 1 DAGs
[2023-05-18T00:15:22.261+0000] {logging_mixin.py:149} INFO - [2023-05-18T00:15:22.261+0000] {dag.py:3490} INFO - Setting next_dagrun for example_branch_labels to 2023-05-17T00:00:00+00:00, run_after=2023-05-18T00:00:00+00:00
[2023-05-18T00:15:22.274+0000] {processor.py:179} INFO - Processing /home/airflow/.local/lib/python3.7/site-packages/airflow/example_dags/example_branch_labels.py took 0.049 seconds
[2023-05-18T00:15:52.894+0000] {processor.py:157} INFO - Started process (PID=3496) to work on /home/airflow/.local/lib/python3.7/site-packages/airflow/example_dags/example_branch_labels.py
[2023-05-18T00:15:52.895+0000] {processor.py:826} INFO - Processing file /home/airflow/.local/lib/python3.7/site-packages/airflow/example_dags/example_branch_labels.py for tasks to queue
[2023-05-18T00:15:52.896+0000] {logging_mixin.py:149} INFO - [2023-05-18T00:15:52.895+0000] {dagbag.py:541} INFO - Filling up the DagBag from /home/airflow/.local/lib/python3.7/site-packages/airflow/example_dags/example_branch_labels.py
[2023-05-18T00:15:52.900+0000] {processor.py:836} INFO - DAG(s) dict_keys(['example_branch_labels']) retrieved from /home/airflow/.local/lib/python3.7/site-packages/airflow/example_dags/example_branch_labels.py
[2023-05-18T00:15:52.916+0000] {logging_mixin.py:149} INFO - [2023-05-18T00:15:52.916+0000] {dag.py:2726} INFO - Sync 1 DAGs
[2023-05-18T00:15:52.932+0000] {logging_mixin.py:149} INFO - [2023-05-18T00:15:52.932+0000] {dag.py:3490} INFO - Setting next_dagrun for example_branch_labels to 2023-05-17T00:00:00+00:00, run_after=2023-05-18T00:00:00+00:00
[2023-05-18T00:15:52.943+0000] {processor.py:179} INFO - Processing /home/airflow/.local/lib/python3.7/site-packages/airflow/example_dags/example_branch_labels.py took 0.051 seconds
[2023-05-18T00:16:23.481+0000] {processor.py:157} INFO - Started process (PID=3560) to work on /home/airflow/.local/lib/python3.7/site-packages/airflow/example_dags/example_branch_labels.py
[2023-05-18T00:16:23.484+0000] {processor.py:826} INFO - Processing file /home/airflow/.local/lib/python3.7/site-packages/airflow/example_dags/example_branch_labels.py for tasks to queue
[2023-05-18T00:16:23.484+0000] {logging_mixin.py:149} INFO - [2023-05-18T00:16:23.484+0000] {dagbag.py:541} INFO - Filling up the DagBag from /home/airflow/.local/lib/python3.7/site-packages/airflow/example_dags/example_branch_labels.py
[2023-05-18T00:16:23.488+0000] {processor.py:836} INFO - DAG(s) dict_keys(['example_branch_labels']) retrieved from /home/airflow/.local/lib/python3.7/site-packages/airflow/example_dags/example_branch_labels.py
[2023-05-18T00:16:23.504+0000] {logging_mixin.py:149} INFO - [2023-05-18T00:16:23.504+0000] {dag.py:2726} INFO - Sync 1 DAGs
[2023-05-18T00:16:23.519+0000] {logging_mixin.py:149} INFO - [2023-05-18T00:16:23.519+0000] {dag.py:3490} INFO - Setting next_dagrun for example_branch_labels to 2023-05-17T00:00:00+00:00, run_after=2023-05-18T00:00:00+00:00
[2023-05-18T00:16:23.532+0000] {processor.py:179} INFO - Processing /home/airflow/.local/lib/python3.7/site-packages/airflow/example_dags/example_branch_labels.py took 0.052 seconds
[2023-05-18T00:16:54.167+0000] {processor.py:157} INFO - Started process (PID=3624) to work on /home/airflow/.local/lib/python3.7/site-packages/airflow/example_dags/example_branch_labels.py
[2023-05-18T00:16:54.168+0000] {processor.py:826} INFO - Processing file /home/airflow/.local/lib/python3.7/site-packages/airflow/example_dags/example_branch_labels.py for tasks to queue
[2023-05-18T00:16:54.168+0000] {logging_mixin.py:149} INFO - [2023-05-18T00:16:54.168+0000] {dagbag.py:541} INFO - Filling up the DagBag from /home/airflow/.local/lib/python3.7/site-packages/airflow/example_dags/example_branch_labels.py
[2023-05-18T00:16:54.172+0000] {processor.py:836} INFO - DAG(s) dict_keys(['example_branch_labels']) retrieved from /home/airflow/.local/lib/python3.7/site-packages/airflow/example_dags/example_branch_labels.py
[2023-05-18T00:16:54.189+0000] {logging_mixin.py:149} INFO - [2023-05-18T00:16:54.189+0000] {dag.py:2726} INFO - Sync 1 DAGs
[2023-05-18T00:16:54.204+0000] {logging_mixin.py:149} INFO - [2023-05-18T00:16:54.204+0000] {dag.py:3490} INFO - Setting next_dagrun for example_branch_labels to 2023-05-17T00:00:00+00:00, run_after=2023-05-18T00:00:00+00:00
[2023-05-18T00:16:54.216+0000] {processor.py:179} INFO - Processing /home/airflow/.local/lib/python3.7/site-packages/airflow/example_dags/example_branch_labels.py took 0.051 seconds
