[2023-05-18T00:00:06.220+0000] {processor.py:157} INFO - Started process (PID=1521) to work on /home/airflow/.local/lib/python3.7/site-packages/airflow/example_dags/example_params_ui_tutorial.py
[2023-05-18T00:00:06.221+0000] {processor.py:826} INFO - Processing file /home/airflow/.local/lib/python3.7/site-packages/airflow/example_dags/example_params_ui_tutorial.py for tasks to queue
[2023-05-18T00:00:06.221+0000] {logging_mixin.py:149} INFO - [2023-05-18T00:00:06.221+0000] {dagbag.py:541} INFO - Filling up the DagBag from /home/airflow/.local/lib/python3.7/site-packages/airflow/example_dags/example_params_ui_tutorial.py
[2023-05-18T00:00:06.245+0000] {processor.py:836} INFO - DAG(s) dict_keys(['example_params_ui_tutorial']) retrieved from /home/airflow/.local/lib/python3.7/site-packages/airflow/example_dags/example_params_ui_tutorial.py
[2023-05-18T00:00:06.300+0000] {logging_mixin.py:149} INFO - [2023-05-18T00:00:06.300+0000] {dag.py:2726} INFO - Sync 1 DAGs
[2023-05-18T00:00:06.314+0000] {logging_mixin.py:149} INFO - [2023-05-18T00:00:06.314+0000] {dag.py:3490} INFO - Setting next_dagrun for example_params_ui_tutorial to None, run_after=None
[2023-05-18T00:00:06.327+0000] {processor.py:179} INFO - Processing /home/airflow/.local/lib/python3.7/site-packages/airflow/example_dags/example_params_ui_tutorial.py took 0.109 seconds
[2023-05-18T00:00:36.868+0000] {processor.py:157} INFO - Started process (PID=1585) to work on /home/airflow/.local/lib/python3.7/site-packages/airflow/example_dags/example_params_ui_tutorial.py
[2023-05-18T00:00:36.869+0000] {processor.py:826} INFO - Processing file /home/airflow/.local/lib/python3.7/site-packages/airflow/example_dags/example_params_ui_tutorial.py for tasks to queue
[2023-05-18T00:00:36.869+0000] {logging_mixin.py:149} INFO - [2023-05-18T00:00:36.869+0000] {dagbag.py:541} INFO - Filling up the DagBag from /home/airflow/.local/lib/python3.7/site-packages/airflow/example_dags/example_params_ui_tutorial.py
[2023-05-18T00:00:36.891+0000] {processor.py:836} INFO - DAG(s) dict_keys(['example_params_ui_tutorial']) retrieved from /home/airflow/.local/lib/python3.7/site-packages/airflow/example_dags/example_params_ui_tutorial.py
[2023-05-18T00:00:36.923+0000] {logging_mixin.py:149} INFO - [2023-05-18T00:00:36.923+0000] {dag.py:2726} INFO - Sync 1 DAGs
[2023-05-18T00:00:36.937+0000] {logging_mixin.py:149} INFO - [2023-05-18T00:00:36.937+0000] {dag.py:3490} INFO - Setting next_dagrun for example_params_ui_tutorial to None, run_after=None
[2023-05-18T00:00:36.948+0000] {processor.py:179} INFO - Processing /home/airflow/.local/lib/python3.7/site-packages/airflow/example_dags/example_params_ui_tutorial.py took 0.082 seconds
[2023-05-18T00:01:07.463+0000] {processor.py:157} INFO - Started process (PID=1649) to work on /home/airflow/.local/lib/python3.7/site-packages/airflow/example_dags/example_params_ui_tutorial.py
[2023-05-18T00:01:07.464+0000] {processor.py:826} INFO - Processing file /home/airflow/.local/lib/python3.7/site-packages/airflow/example_dags/example_params_ui_tutorial.py for tasks to queue
[2023-05-18T00:01:07.464+0000] {logging_mixin.py:149} INFO - [2023-05-18T00:01:07.464+0000] {dagbag.py:541} INFO - Filling up the DagBag from /home/airflow/.local/lib/python3.7/site-packages/airflow/example_dags/example_params_ui_tutorial.py
[2023-05-18T00:01:07.486+0000] {processor.py:836} INFO - DAG(s) dict_keys(['example_params_ui_tutorial']) retrieved from /home/airflow/.local/lib/python3.7/site-packages/airflow/example_dags/example_params_ui_tutorial.py
[2023-05-18T00:01:07.518+0000] {logging_mixin.py:149} INFO - [2023-05-18T00:01:07.518+0000] {dag.py:2726} INFO - Sync 1 DAGs
[2023-05-18T00:01:07.531+0000] {logging_mixin.py:149} INFO - [2023-05-18T00:01:07.531+0000] {dag.py:3490} INFO - Setting next_dagrun for example_params_ui_tutorial to None, run_after=None
[2023-05-18T00:01:07.544+0000] {processor.py:179} INFO - Processing /home/airflow/.local/lib/python3.7/site-packages/airflow/example_dags/example_params_ui_tutorial.py took 0.083 seconds
[2023-05-18T00:01:38.020+0000] {processor.py:157} INFO - Started process (PID=1713) to work on /home/airflow/.local/lib/python3.7/site-packages/airflow/example_dags/example_params_ui_tutorial.py
[2023-05-18T00:01:38.021+0000] {processor.py:826} INFO - Processing file /home/airflow/.local/lib/python3.7/site-packages/airflow/example_dags/example_params_ui_tutorial.py for tasks to queue
[2023-05-18T00:01:38.021+0000] {logging_mixin.py:149} INFO - [2023-05-18T00:01:38.021+0000] {dagbag.py:541} INFO - Filling up the DagBag from /home/airflow/.local/lib/python3.7/site-packages/airflow/example_dags/example_params_ui_tutorial.py
[2023-05-18T00:01:38.043+0000] {processor.py:836} INFO - DAG(s) dict_keys(['example_params_ui_tutorial']) retrieved from /home/airflow/.local/lib/python3.7/site-packages/airflow/example_dags/example_params_ui_tutorial.py
[2023-05-18T00:01:38.076+0000] {logging_mixin.py:149} INFO - [2023-05-18T00:01:38.076+0000] {dag.py:2726} INFO - Sync 1 DAGs
[2023-05-18T00:01:38.089+0000] {logging_mixin.py:149} INFO - [2023-05-18T00:01:38.089+0000] {dag.py:3490} INFO - Setting next_dagrun for example_params_ui_tutorial to None, run_after=None
[2023-05-18T00:01:38.121+0000] {processor.py:179} INFO - Processing /home/airflow/.local/lib/python3.7/site-packages/airflow/example_dags/example_params_ui_tutorial.py took 0.103 seconds
[2023-05-18T00:02:08.543+0000] {processor.py:157} INFO - Started process (PID=1777) to work on /home/airflow/.local/lib/python3.7/site-packages/airflow/example_dags/example_params_ui_tutorial.py
[2023-05-18T00:02:08.543+0000] {processor.py:826} INFO - Processing file /home/airflow/.local/lib/python3.7/site-packages/airflow/example_dags/example_params_ui_tutorial.py for tasks to queue
[2023-05-18T00:02:08.544+0000] {logging_mixin.py:149} INFO - [2023-05-18T00:02:08.544+0000] {dagbag.py:541} INFO - Filling up the DagBag from /home/airflow/.local/lib/python3.7/site-packages/airflow/example_dags/example_params_ui_tutorial.py
[2023-05-18T00:02:08.564+0000] {processor.py:836} INFO - DAG(s) dict_keys(['example_params_ui_tutorial']) retrieved from /home/airflow/.local/lib/python3.7/site-packages/airflow/example_dags/example_params_ui_tutorial.py
[2023-05-18T00:02:08.597+0000] {logging_mixin.py:149} INFO - [2023-05-18T00:02:08.597+0000] {dag.py:2726} INFO - Sync 1 DAGs
[2023-05-18T00:02:08.610+0000] {logging_mixin.py:149} INFO - [2023-05-18T00:02:08.610+0000] {dag.py:3490} INFO - Setting next_dagrun for example_params_ui_tutorial to None, run_after=None
[2023-05-18T00:02:08.621+0000] {processor.py:179} INFO - Processing /home/airflow/.local/lib/python3.7/site-packages/airflow/example_dags/example_params_ui_tutorial.py took 0.080 seconds
[2023-05-18T00:02:39.293+0000] {processor.py:157} INFO - Started process (PID=1841) to work on /home/airflow/.local/lib/python3.7/site-packages/airflow/example_dags/example_params_ui_tutorial.py
[2023-05-18T00:02:39.293+0000] {processor.py:826} INFO - Processing file /home/airflow/.local/lib/python3.7/site-packages/airflow/example_dags/example_params_ui_tutorial.py for tasks to queue
[2023-05-18T00:02:39.294+0000] {logging_mixin.py:149} INFO - [2023-05-18T00:02:39.294+0000] {dagbag.py:541} INFO - Filling up the DagBag from /home/airflow/.local/lib/python3.7/site-packages/airflow/example_dags/example_params_ui_tutorial.py
[2023-05-18T00:02:39.317+0000] {processor.py:836} INFO - DAG(s) dict_keys(['example_params_ui_tutorial']) retrieved from /home/airflow/.local/lib/python3.7/site-packages/airflow/example_dags/example_params_ui_tutorial.py
[2023-05-18T00:02:39.351+0000] {logging_mixin.py:149} INFO - [2023-05-18T00:02:39.351+0000] {dag.py:2726} INFO - Sync 1 DAGs
[2023-05-18T00:02:39.368+0000] {logging_mixin.py:149} INFO - [2023-05-18T00:02:39.368+0000] {dag.py:3490} INFO - Setting next_dagrun for example_params_ui_tutorial to None, run_after=None
[2023-05-18T00:02:39.384+0000] {processor.py:179} INFO - Processing /home/airflow/.local/lib/python3.7/site-packages/airflow/example_dags/example_params_ui_tutorial.py took 0.094 seconds
[2023-05-18T00:03:09.988+0000] {processor.py:157} INFO - Started process (PID=1905) to work on /home/airflow/.local/lib/python3.7/site-packages/airflow/example_dags/example_params_ui_tutorial.py
[2023-05-18T00:03:09.989+0000] {processor.py:826} INFO - Processing file /home/airflow/.local/lib/python3.7/site-packages/airflow/example_dags/example_params_ui_tutorial.py for tasks to queue
[2023-05-18T00:03:09.989+0000] {logging_mixin.py:149} INFO - [2023-05-18T00:03:09.989+0000] {dagbag.py:541} INFO - Filling up the DagBag from /home/airflow/.local/lib/python3.7/site-packages/airflow/example_dags/example_params_ui_tutorial.py
[2023-05-18T00:03:10.012+0000] {processor.py:836} INFO - DAG(s) dict_keys(['example_params_ui_tutorial']) retrieved from /home/airflow/.local/lib/python3.7/site-packages/airflow/example_dags/example_params_ui_tutorial.py
[2023-05-18T00:03:10.045+0000] {logging_mixin.py:149} INFO - [2023-05-18T00:03:10.045+0000] {dag.py:2726} INFO - Sync 1 DAGs
[2023-05-18T00:03:10.059+0000] {logging_mixin.py:149} INFO - [2023-05-18T00:03:10.059+0000] {dag.py:3490} INFO - Setting next_dagrun for example_params_ui_tutorial to None, run_after=None
[2023-05-18T00:03:10.075+0000] {processor.py:179} INFO - Processing /home/airflow/.local/lib/python3.7/site-packages/airflow/example_dags/example_params_ui_tutorial.py took 0.089 seconds
[2023-05-18T00:03:40.609+0000] {processor.py:157} INFO - Started process (PID=1969) to work on /home/airflow/.local/lib/python3.7/site-packages/airflow/example_dags/example_params_ui_tutorial.py
[2023-05-18T00:03:40.609+0000] {processor.py:826} INFO - Processing file /home/airflow/.local/lib/python3.7/site-packages/airflow/example_dags/example_params_ui_tutorial.py for tasks to queue
[2023-05-18T00:03:40.610+0000] {logging_mixin.py:149} INFO - [2023-05-18T00:03:40.610+0000] {dagbag.py:541} INFO - Filling up the DagBag from /home/airflow/.local/lib/python3.7/site-packages/airflow/example_dags/example_params_ui_tutorial.py
[2023-05-18T00:03:40.632+0000] {processor.py:836} INFO - DAG(s) dict_keys(['example_params_ui_tutorial']) retrieved from /home/airflow/.local/lib/python3.7/site-packages/airflow/example_dags/example_params_ui_tutorial.py
[2023-05-18T00:03:40.665+0000] {logging_mixin.py:149} INFO - [2023-05-18T00:03:40.665+0000] {dag.py:2726} INFO - Sync 1 DAGs
[2023-05-18T00:03:40.679+0000] {logging_mixin.py:149} INFO - [2023-05-18T00:03:40.679+0000] {dag.py:3490} INFO - Setting next_dagrun for example_params_ui_tutorial to None, run_after=None
[2023-05-18T00:03:40.691+0000] {processor.py:179} INFO - Processing /home/airflow/.local/lib/python3.7/site-packages/airflow/example_dags/example_params_ui_tutorial.py took 0.084 seconds
[2023-05-18T00:04:11.233+0000] {processor.py:157} INFO - Started process (PID=2033) to work on /home/airflow/.local/lib/python3.7/site-packages/airflow/example_dags/example_params_ui_tutorial.py
[2023-05-18T00:04:11.234+0000] {processor.py:826} INFO - Processing file /home/airflow/.local/lib/python3.7/site-packages/airflow/example_dags/example_params_ui_tutorial.py for tasks to queue
[2023-05-18T00:04:11.235+0000] {logging_mixin.py:149} INFO - [2023-05-18T00:04:11.235+0000] {dagbag.py:541} INFO - Filling up the DagBag from /home/airflow/.local/lib/python3.7/site-packages/airflow/example_dags/example_params_ui_tutorial.py
[2023-05-18T00:04:11.255+0000] {processor.py:836} INFO - DAG(s) dict_keys(['example_params_ui_tutorial']) retrieved from /home/airflow/.local/lib/python3.7/site-packages/airflow/example_dags/example_params_ui_tutorial.py
[2023-05-18T00:04:11.289+0000] {logging_mixin.py:149} INFO - [2023-05-18T00:04:11.289+0000] {dag.py:2726} INFO - Sync 1 DAGs
[2023-05-18T00:04:11.303+0000] {logging_mixin.py:149} INFO - [2023-05-18T00:04:11.303+0000] {dag.py:3490} INFO - Setting next_dagrun for example_params_ui_tutorial to None, run_after=None
[2023-05-18T00:04:11.314+0000] {processor.py:179} INFO - Processing /home/airflow/.local/lib/python3.7/site-packages/airflow/example_dags/example_params_ui_tutorial.py took 0.083 seconds
[2023-05-18T00:04:41.852+0000] {processor.py:157} INFO - Started process (PID=2097) to work on /home/airflow/.local/lib/python3.7/site-packages/airflow/example_dags/example_params_ui_tutorial.py
[2023-05-18T00:04:41.857+0000] {processor.py:826} INFO - Processing file /home/airflow/.local/lib/python3.7/site-packages/airflow/example_dags/example_params_ui_tutorial.py for tasks to queue
[2023-05-18T00:04:41.857+0000] {logging_mixin.py:149} INFO - [2023-05-18T00:04:41.857+0000] {dagbag.py:541} INFO - Filling up the DagBag from /home/airflow/.local/lib/python3.7/site-packages/airflow/example_dags/example_params_ui_tutorial.py
[2023-05-18T00:04:41.878+0000] {processor.py:836} INFO - DAG(s) dict_keys(['example_params_ui_tutorial']) retrieved from /home/airflow/.local/lib/python3.7/site-packages/airflow/example_dags/example_params_ui_tutorial.py
[2023-05-18T00:04:41.910+0000] {logging_mixin.py:149} INFO - [2023-05-18T00:04:41.910+0000] {dag.py:2726} INFO - Sync 1 DAGs
[2023-05-18T00:04:41.923+0000] {logging_mixin.py:149} INFO - [2023-05-18T00:04:41.923+0000] {dag.py:3490} INFO - Setting next_dagrun for example_params_ui_tutorial to None, run_after=None
[2023-05-18T00:04:41.935+0000] {processor.py:179} INFO - Processing /home/airflow/.local/lib/python3.7/site-packages/airflow/example_dags/example_params_ui_tutorial.py took 0.085 seconds
[2023-05-18T00:05:12.548+0000] {processor.py:157} INFO - Started process (PID=2161) to work on /home/airflow/.local/lib/python3.7/site-packages/airflow/example_dags/example_params_ui_tutorial.py
[2023-05-18T00:05:12.550+0000] {processor.py:826} INFO - Processing file /home/airflow/.local/lib/python3.7/site-packages/airflow/example_dags/example_params_ui_tutorial.py for tasks to queue
[2023-05-18T00:05:12.551+0000] {logging_mixin.py:149} INFO - [2023-05-18T00:05:12.551+0000] {dagbag.py:541} INFO - Filling up the DagBag from /home/airflow/.local/lib/python3.7/site-packages/airflow/example_dags/example_params_ui_tutorial.py
[2023-05-18T00:05:12.573+0000] {processor.py:836} INFO - DAG(s) dict_keys(['example_params_ui_tutorial']) retrieved from /home/airflow/.local/lib/python3.7/site-packages/airflow/example_dags/example_params_ui_tutorial.py
[2023-05-18T00:05:12.606+0000] {logging_mixin.py:149} INFO - [2023-05-18T00:05:12.606+0000] {dag.py:2726} INFO - Sync 1 DAGs
[2023-05-18T00:05:12.620+0000] {logging_mixin.py:149} INFO - [2023-05-18T00:05:12.620+0000] {dag.py:3490} INFO - Setting next_dagrun for example_params_ui_tutorial to None, run_after=None
[2023-05-18T00:05:12.633+0000] {processor.py:179} INFO - Processing /home/airflow/.local/lib/python3.7/site-packages/airflow/example_dags/example_params_ui_tutorial.py took 0.088 seconds
[2023-05-18T00:05:43.236+0000] {processor.py:157} INFO - Started process (PID=2225) to work on /home/airflow/.local/lib/python3.7/site-packages/airflow/example_dags/example_params_ui_tutorial.py
[2023-05-18T00:05:43.238+0000] {processor.py:826} INFO - Processing file /home/airflow/.local/lib/python3.7/site-packages/airflow/example_dags/example_params_ui_tutorial.py for tasks to queue
[2023-05-18T00:05:43.239+0000] {logging_mixin.py:149} INFO - [2023-05-18T00:05:43.239+0000] {dagbag.py:541} INFO - Filling up the DagBag from /home/airflow/.local/lib/python3.7/site-packages/airflow/example_dags/example_params_ui_tutorial.py
[2023-05-18T00:05:43.263+0000] {processor.py:836} INFO - DAG(s) dict_keys(['example_params_ui_tutorial']) retrieved from /home/airflow/.local/lib/python3.7/site-packages/airflow/example_dags/example_params_ui_tutorial.py
[2023-05-18T00:05:43.302+0000] {logging_mixin.py:149} INFO - [2023-05-18T00:05:43.302+0000] {dag.py:2726} INFO - Sync 1 DAGs
[2023-05-18T00:05:43.319+0000] {logging_mixin.py:149} INFO - [2023-05-18T00:05:43.319+0000] {dag.py:3490} INFO - Setting next_dagrun for example_params_ui_tutorial to None, run_after=None
[2023-05-18T00:05:43.333+0000] {processor.py:179} INFO - Processing /home/airflow/.local/lib/python3.7/site-packages/airflow/example_dags/example_params_ui_tutorial.py took 0.100 seconds
[2023-05-18T00:06:13.406+0000] {processor.py:157} INFO - Started process (PID=2289) to work on /home/airflow/.local/lib/python3.7/site-packages/airflow/example_dags/example_params_ui_tutorial.py
[2023-05-18T00:06:13.423+0000] {processor.py:826} INFO - Processing file /home/airflow/.local/lib/python3.7/site-packages/airflow/example_dags/example_params_ui_tutorial.py for tasks to queue
[2023-05-18T00:06:13.424+0000] {logging_mixin.py:149} INFO - [2023-05-18T00:06:13.424+0000] {dagbag.py:541} INFO - Filling up the DagBag from /home/airflow/.local/lib/python3.7/site-packages/airflow/example_dags/example_params_ui_tutorial.py
[2023-05-18T00:06:13.446+0000] {processor.py:836} INFO - DAG(s) dict_keys(['example_params_ui_tutorial']) retrieved from /home/airflow/.local/lib/python3.7/site-packages/airflow/example_dags/example_params_ui_tutorial.py
[2023-05-18T00:06:13.481+0000] {logging_mixin.py:149} INFO - [2023-05-18T00:06:13.481+0000] {dag.py:2726} INFO - Sync 1 DAGs
[2023-05-18T00:06:13.495+0000] {logging_mixin.py:149} INFO - [2023-05-18T00:06:13.495+0000] {dag.py:3490} INFO - Setting next_dagrun for example_params_ui_tutorial to None, run_after=None
[2023-05-18T00:06:13.527+0000] {processor.py:179} INFO - Processing /home/airflow/.local/lib/python3.7/site-packages/airflow/example_dags/example_params_ui_tutorial.py took 0.123 seconds
[2023-05-18T00:06:43.619+0000] {processor.py:157} INFO - Started process (PID=2353) to work on /home/airflow/.local/lib/python3.7/site-packages/airflow/example_dags/example_params_ui_tutorial.py
[2023-05-18T00:06:43.636+0000] {processor.py:826} INFO - Processing file /home/airflow/.local/lib/python3.7/site-packages/airflow/example_dags/example_params_ui_tutorial.py for tasks to queue
[2023-05-18T00:06:43.636+0000] {logging_mixin.py:149} INFO - [2023-05-18T00:06:43.636+0000] {dagbag.py:541} INFO - Filling up the DagBag from /home/airflow/.local/lib/python3.7/site-packages/airflow/example_dags/example_params_ui_tutorial.py
[2023-05-18T00:06:43.657+0000] {processor.py:836} INFO - DAG(s) dict_keys(['example_params_ui_tutorial']) retrieved from /home/airflow/.local/lib/python3.7/site-packages/airflow/example_dags/example_params_ui_tutorial.py
[2023-05-18T00:06:43.691+0000] {logging_mixin.py:149} INFO - [2023-05-18T00:06:43.690+0000] {dag.py:2726} INFO - Sync 1 DAGs
[2023-05-18T00:06:43.705+0000] {logging_mixin.py:149} INFO - [2023-05-18T00:06:43.705+0000] {dag.py:3490} INFO - Setting next_dagrun for example_params_ui_tutorial to None, run_after=None
[2023-05-18T00:06:43.718+0000] {processor.py:179} INFO - Processing /home/airflow/.local/lib/python3.7/site-packages/airflow/example_dags/example_params_ui_tutorial.py took 0.101 seconds
[2023-05-18T00:07:14.552+0000] {processor.py:157} INFO - Started process (PID=2417) to work on /home/airflow/.local/lib/python3.7/site-packages/airflow/example_dags/example_params_ui_tutorial.py
[2023-05-18T00:07:14.559+0000] {processor.py:826} INFO - Processing file /home/airflow/.local/lib/python3.7/site-packages/airflow/example_dags/example_params_ui_tutorial.py for tasks to queue
[2023-05-18T00:07:14.559+0000] {logging_mixin.py:149} INFO - [2023-05-18T00:07:14.559+0000] {dagbag.py:541} INFO - Filling up the DagBag from /home/airflow/.local/lib/python3.7/site-packages/airflow/example_dags/example_params_ui_tutorial.py
[2023-05-18T00:07:14.581+0000] {processor.py:836} INFO - DAG(s) dict_keys(['example_params_ui_tutorial']) retrieved from /home/airflow/.local/lib/python3.7/site-packages/airflow/example_dags/example_params_ui_tutorial.py
[2023-05-18T00:07:14.613+0000] {logging_mixin.py:149} INFO - [2023-05-18T00:07:14.613+0000] {dag.py:2726} INFO - Sync 1 DAGs
[2023-05-18T00:07:14.627+0000] {logging_mixin.py:149} INFO - [2023-05-18T00:07:14.627+0000] {dag.py:3490} INFO - Setting next_dagrun for example_params_ui_tutorial to None, run_after=None
[2023-05-18T00:07:14.639+0000] {processor.py:179} INFO - Processing /home/airflow/.local/lib/python3.7/site-packages/airflow/example_dags/example_params_ui_tutorial.py took 0.089 seconds
[2023-05-18T00:07:45.289+0000] {processor.py:157} INFO - Started process (PID=2480) to work on /home/airflow/.local/lib/python3.7/site-packages/airflow/example_dags/example_params_ui_tutorial.py
[2023-05-18T00:07:45.299+0000] {processor.py:826} INFO - Processing file /home/airflow/.local/lib/python3.7/site-packages/airflow/example_dags/example_params_ui_tutorial.py for tasks to queue
[2023-05-18T00:07:45.300+0000] {logging_mixin.py:149} INFO - [2023-05-18T00:07:45.300+0000] {dagbag.py:541} INFO - Filling up the DagBag from /home/airflow/.local/lib/python3.7/site-packages/airflow/example_dags/example_params_ui_tutorial.py
[2023-05-18T00:07:45.322+0000] {processor.py:836} INFO - DAG(s) dict_keys(['example_params_ui_tutorial']) retrieved from /home/airflow/.local/lib/python3.7/site-packages/airflow/example_dags/example_params_ui_tutorial.py
[2023-05-18T00:07:45.358+0000] {logging_mixin.py:149} INFO - [2023-05-18T00:07:45.358+0000] {dag.py:2726} INFO - Sync 1 DAGs
[2023-05-18T00:07:45.378+0000] {logging_mixin.py:149} INFO - [2023-05-18T00:07:45.378+0000] {dag.py:3490} INFO - Setting next_dagrun for example_params_ui_tutorial to None, run_after=None
[2023-05-18T00:07:45.410+0000] {processor.py:179} INFO - Processing /home/airflow/.local/lib/python3.7/site-packages/airflow/example_dags/example_params_ui_tutorial.py took 0.123 seconds
[2023-05-18T00:08:16.127+0000] {processor.py:157} INFO - Started process (PID=2544) to work on /home/airflow/.local/lib/python3.7/site-packages/airflow/example_dags/example_params_ui_tutorial.py
[2023-05-18T00:08:16.132+0000] {processor.py:826} INFO - Processing file /home/airflow/.local/lib/python3.7/site-packages/airflow/example_dags/example_params_ui_tutorial.py for tasks to queue
[2023-05-18T00:08:16.132+0000] {logging_mixin.py:149} INFO - [2023-05-18T00:08:16.132+0000] {dagbag.py:541} INFO - Filling up the DagBag from /home/airflow/.local/lib/python3.7/site-packages/airflow/example_dags/example_params_ui_tutorial.py
[2023-05-18T00:08:16.159+0000] {processor.py:836} INFO - DAG(s) dict_keys(['example_params_ui_tutorial']) retrieved from /home/airflow/.local/lib/python3.7/site-packages/airflow/example_dags/example_params_ui_tutorial.py
[2023-05-18T00:08:16.199+0000] {logging_mixin.py:149} INFO - [2023-05-18T00:08:16.199+0000] {dag.py:2726} INFO - Sync 1 DAGs
[2023-05-18T00:08:16.214+0000] {logging_mixin.py:149} INFO - [2023-05-18T00:08:16.214+0000] {dag.py:3490} INFO - Setting next_dagrun for example_params_ui_tutorial to None, run_after=None
[2023-05-18T00:08:16.230+0000] {processor.py:179} INFO - Processing /home/airflow/.local/lib/python3.7/site-packages/airflow/example_dags/example_params_ui_tutorial.py took 0.105 seconds
[2023-05-18T00:08:46.895+0000] {processor.py:157} INFO - Started process (PID=2608) to work on /home/airflow/.local/lib/python3.7/site-packages/airflow/example_dags/example_params_ui_tutorial.py
[2023-05-18T00:08:46.895+0000] {processor.py:826} INFO - Processing file /home/airflow/.local/lib/python3.7/site-packages/airflow/example_dags/example_params_ui_tutorial.py for tasks to queue
[2023-05-18T00:08:46.896+0000] {logging_mixin.py:149} INFO - [2023-05-18T00:08:46.896+0000] {dagbag.py:541} INFO - Filling up the DagBag from /home/airflow/.local/lib/python3.7/site-packages/airflow/example_dags/example_params_ui_tutorial.py
[2023-05-18T00:08:46.918+0000] {processor.py:836} INFO - DAG(s) dict_keys(['example_params_ui_tutorial']) retrieved from /home/airflow/.local/lib/python3.7/site-packages/airflow/example_dags/example_params_ui_tutorial.py
[2023-05-18T00:08:46.953+0000] {logging_mixin.py:149} INFO - [2023-05-18T00:08:46.953+0000] {dag.py:2726} INFO - Sync 1 DAGs
[2023-05-18T00:08:46.968+0000] {logging_mixin.py:149} INFO - [2023-05-18T00:08:46.967+0000] {dag.py:3490} INFO - Setting next_dagrun for example_params_ui_tutorial to None, run_after=None
[2023-05-18T00:08:46.981+0000] {processor.py:179} INFO - Processing /home/airflow/.local/lib/python3.7/site-packages/airflow/example_dags/example_params_ui_tutorial.py took 0.088 seconds
[2023-05-18T00:09:17.637+0000] {processor.py:157} INFO - Started process (PID=2672) to work on /home/airflow/.local/lib/python3.7/site-packages/airflow/example_dags/example_params_ui_tutorial.py
[2023-05-18T00:09:17.642+0000] {processor.py:826} INFO - Processing file /home/airflow/.local/lib/python3.7/site-packages/airflow/example_dags/example_params_ui_tutorial.py for tasks to queue
[2023-05-18T00:09:17.642+0000] {logging_mixin.py:149} INFO - [2023-05-18T00:09:17.642+0000] {dagbag.py:541} INFO - Filling up the DagBag from /home/airflow/.local/lib/python3.7/site-packages/airflow/example_dags/example_params_ui_tutorial.py
[2023-05-18T00:09:17.671+0000] {processor.py:836} INFO - DAG(s) dict_keys(['example_params_ui_tutorial']) retrieved from /home/airflow/.local/lib/python3.7/site-packages/airflow/example_dags/example_params_ui_tutorial.py
[2023-05-18T00:09:17.707+0000] {logging_mixin.py:149} INFO - [2023-05-18T00:09:17.706+0000] {dag.py:2726} INFO - Sync 1 DAGs
[2023-05-18T00:09:17.721+0000] {logging_mixin.py:149} INFO - [2023-05-18T00:09:17.721+0000] {dag.py:3490} INFO - Setting next_dagrun for example_params_ui_tutorial to None, run_after=None
[2023-05-18T00:09:17.740+0000] {processor.py:179} INFO - Processing /home/airflow/.local/lib/python3.7/site-packages/airflow/example_dags/example_params_ui_tutorial.py took 0.105 seconds
[2023-05-18T00:09:48.384+0000] {processor.py:157} INFO - Started process (PID=2743) to work on /home/airflow/.local/lib/python3.7/site-packages/airflow/example_dags/example_params_ui_tutorial.py
[2023-05-18T00:09:48.390+0000] {processor.py:826} INFO - Processing file /home/airflow/.local/lib/python3.7/site-packages/airflow/example_dags/example_params_ui_tutorial.py for tasks to queue
[2023-05-18T00:09:48.390+0000] {logging_mixin.py:149} INFO - [2023-05-18T00:09:48.390+0000] {dagbag.py:541} INFO - Filling up the DagBag from /home/airflow/.local/lib/python3.7/site-packages/airflow/example_dags/example_params_ui_tutorial.py
[2023-05-18T00:09:48.412+0000] {processor.py:836} INFO - DAG(s) dict_keys(['example_params_ui_tutorial']) retrieved from /home/airflow/.local/lib/python3.7/site-packages/airflow/example_dags/example_params_ui_tutorial.py
[2023-05-18T00:09:48.446+0000] {logging_mixin.py:149} INFO - [2023-05-18T00:09:48.446+0000] {dag.py:2726} INFO - Sync 1 DAGs
[2023-05-18T00:09:48.459+0000] {logging_mixin.py:149} INFO - [2023-05-18T00:09:48.459+0000] {dag.py:3490} INFO - Setting next_dagrun for example_params_ui_tutorial to None, run_after=None
[2023-05-18T00:09:48.472+0000] {processor.py:179} INFO - Processing /home/airflow/.local/lib/python3.7/site-packages/airflow/example_dags/example_params_ui_tutorial.py took 0.091 seconds
[2023-05-18T00:10:19.071+0000] {processor.py:157} INFO - Started process (PID=2807) to work on /home/airflow/.local/lib/python3.7/site-packages/airflow/example_dags/example_params_ui_tutorial.py
[2023-05-18T00:10:19.076+0000] {processor.py:826} INFO - Processing file /home/airflow/.local/lib/python3.7/site-packages/airflow/example_dags/example_params_ui_tutorial.py for tasks to queue
[2023-05-18T00:10:19.077+0000] {logging_mixin.py:149} INFO - [2023-05-18T00:10:19.077+0000] {dagbag.py:541} INFO - Filling up the DagBag from /home/airflow/.local/lib/python3.7/site-packages/airflow/example_dags/example_params_ui_tutorial.py
[2023-05-18T00:10:19.098+0000] {processor.py:836} INFO - DAG(s) dict_keys(['example_params_ui_tutorial']) retrieved from /home/airflow/.local/lib/python3.7/site-packages/airflow/example_dags/example_params_ui_tutorial.py
[2023-05-18T00:10:19.132+0000] {logging_mixin.py:149} INFO - [2023-05-18T00:10:19.132+0000] {dag.py:2726} INFO - Sync 1 DAGs
[2023-05-18T00:10:19.146+0000] {logging_mixin.py:149} INFO - [2023-05-18T00:10:19.146+0000] {dag.py:3490} INFO - Setting next_dagrun for example_params_ui_tutorial to None, run_after=None
[2023-05-18T00:10:19.179+0000] {processor.py:179} INFO - Processing /home/airflow/.local/lib/python3.7/site-packages/airflow/example_dags/example_params_ui_tutorial.py took 0.110 seconds
[2023-05-18T00:10:49.789+0000] {processor.py:157} INFO - Started process (PID=2871) to work on /home/airflow/.local/lib/python3.7/site-packages/airflow/example_dags/example_params_ui_tutorial.py
[2023-05-18T00:10:49.798+0000] {processor.py:826} INFO - Processing file /home/airflow/.local/lib/python3.7/site-packages/airflow/example_dags/example_params_ui_tutorial.py for tasks to queue
[2023-05-18T00:10:49.798+0000] {logging_mixin.py:149} INFO - [2023-05-18T00:10:49.798+0000] {dagbag.py:541} INFO - Filling up the DagBag from /home/airflow/.local/lib/python3.7/site-packages/airflow/example_dags/example_params_ui_tutorial.py
[2023-05-18T00:10:49.820+0000] {processor.py:836} INFO - DAG(s) dict_keys(['example_params_ui_tutorial']) retrieved from /home/airflow/.local/lib/python3.7/site-packages/airflow/example_dags/example_params_ui_tutorial.py
[2023-05-18T00:10:49.855+0000] {logging_mixin.py:149} INFO - [2023-05-18T00:10:49.855+0000] {dag.py:2726} INFO - Sync 1 DAGs
[2023-05-18T00:10:49.870+0000] {logging_mixin.py:149} INFO - [2023-05-18T00:10:49.870+0000] {dag.py:3490} INFO - Setting next_dagrun for example_params_ui_tutorial to None, run_after=None
[2023-05-18T00:10:49.883+0000] {processor.py:179} INFO - Processing /home/airflow/.local/lib/python3.7/site-packages/airflow/example_dags/example_params_ui_tutorial.py took 0.096 seconds
[2023-05-18T00:11:20.502+0000] {processor.py:157} INFO - Started process (PID=2935) to work on /home/airflow/.local/lib/python3.7/site-packages/airflow/example_dags/example_params_ui_tutorial.py
[2023-05-18T00:11:20.507+0000] {processor.py:826} INFO - Processing file /home/airflow/.local/lib/python3.7/site-packages/airflow/example_dags/example_params_ui_tutorial.py for tasks to queue
[2023-05-18T00:11:20.508+0000] {logging_mixin.py:149} INFO - [2023-05-18T00:11:20.508+0000] {dagbag.py:541} INFO - Filling up the DagBag from /home/airflow/.local/lib/python3.7/site-packages/airflow/example_dags/example_params_ui_tutorial.py
[2023-05-18T00:11:20.530+0000] {processor.py:836} INFO - DAG(s) dict_keys(['example_params_ui_tutorial']) retrieved from /home/airflow/.local/lib/python3.7/site-packages/airflow/example_dags/example_params_ui_tutorial.py
[2023-05-18T00:11:20.564+0000] {logging_mixin.py:149} INFO - [2023-05-18T00:11:20.563+0000] {dag.py:2726} INFO - Sync 1 DAGs
[2023-05-18T00:11:20.578+0000] {logging_mixin.py:149} INFO - [2023-05-18T00:11:20.577+0000] {dag.py:3490} INFO - Setting next_dagrun for example_params_ui_tutorial to None, run_after=None
[2023-05-18T00:11:20.611+0000] {processor.py:179} INFO - Processing /home/airflow/.local/lib/python3.7/site-packages/airflow/example_dags/example_params_ui_tutorial.py took 0.111 seconds
[2023-05-18T00:11:51.198+0000] {processor.py:157} INFO - Started process (PID=2999) to work on /home/airflow/.local/lib/python3.7/site-packages/airflow/example_dags/example_params_ui_tutorial.py
[2023-05-18T00:11:51.203+0000] {processor.py:826} INFO - Processing file /home/airflow/.local/lib/python3.7/site-packages/airflow/example_dags/example_params_ui_tutorial.py for tasks to queue
[2023-05-18T00:11:51.203+0000] {logging_mixin.py:149} INFO - [2023-05-18T00:11:51.203+0000] {dagbag.py:541} INFO - Filling up the DagBag from /home/airflow/.local/lib/python3.7/site-packages/airflow/example_dags/example_params_ui_tutorial.py
[2023-05-18T00:11:51.225+0000] {processor.py:836} INFO - DAG(s) dict_keys(['example_params_ui_tutorial']) retrieved from /home/airflow/.local/lib/python3.7/site-packages/airflow/example_dags/example_params_ui_tutorial.py
[2023-05-18T00:11:51.259+0000] {logging_mixin.py:149} INFO - [2023-05-18T00:11:51.259+0000] {dag.py:2726} INFO - Sync 1 DAGs
[2023-05-18T00:11:51.274+0000] {logging_mixin.py:149} INFO - [2023-05-18T00:11:51.274+0000] {dag.py:3490} INFO - Setting next_dagrun for example_params_ui_tutorial to None, run_after=None
[2023-05-18T00:11:51.287+0000] {processor.py:179} INFO - Processing /home/airflow/.local/lib/python3.7/site-packages/airflow/example_dags/example_params_ui_tutorial.py took 0.091 seconds
[2023-05-18T00:12:21.878+0000] {processor.py:157} INFO - Started process (PID=3063) to work on /home/airflow/.local/lib/python3.7/site-packages/airflow/example_dags/example_params_ui_tutorial.py
[2023-05-18T00:12:21.886+0000] {processor.py:826} INFO - Processing file /home/airflow/.local/lib/python3.7/site-packages/airflow/example_dags/example_params_ui_tutorial.py for tasks to queue
[2023-05-18T00:12:21.887+0000] {logging_mixin.py:149} INFO - [2023-05-18T00:12:21.887+0000] {dagbag.py:541} INFO - Filling up the DagBag from /home/airflow/.local/lib/python3.7/site-packages/airflow/example_dags/example_params_ui_tutorial.py
[2023-05-18T00:12:21.908+0000] {processor.py:836} INFO - DAG(s) dict_keys(['example_params_ui_tutorial']) retrieved from /home/airflow/.local/lib/python3.7/site-packages/airflow/example_dags/example_params_ui_tutorial.py
[2023-05-18T00:12:21.943+0000] {logging_mixin.py:149} INFO - [2023-05-18T00:12:21.942+0000] {dag.py:2726} INFO - Sync 1 DAGs
[2023-05-18T00:12:21.956+0000] {logging_mixin.py:149} INFO - [2023-05-18T00:12:21.956+0000] {dag.py:3490} INFO - Setting next_dagrun for example_params_ui_tutorial to None, run_after=None
[2023-05-18T00:12:21.988+0000] {processor.py:179} INFO - Processing /home/airflow/.local/lib/python3.7/site-packages/airflow/example_dags/example_params_ui_tutorial.py took 0.113 seconds
[2023-05-18T00:12:52.598+0000] {processor.py:157} INFO - Started process (PID=3127) to work on /home/airflow/.local/lib/python3.7/site-packages/airflow/example_dags/example_params_ui_tutorial.py
[2023-05-18T00:12:52.605+0000] {processor.py:826} INFO - Processing file /home/airflow/.local/lib/python3.7/site-packages/airflow/example_dags/example_params_ui_tutorial.py for tasks to queue
[2023-05-18T00:12:52.605+0000] {logging_mixin.py:149} INFO - [2023-05-18T00:12:52.605+0000] {dagbag.py:541} INFO - Filling up the DagBag from /home/airflow/.local/lib/python3.7/site-packages/airflow/example_dags/example_params_ui_tutorial.py
[2023-05-18T00:12:52.627+0000] {processor.py:836} INFO - DAG(s) dict_keys(['example_params_ui_tutorial']) retrieved from /home/airflow/.local/lib/python3.7/site-packages/airflow/example_dags/example_params_ui_tutorial.py
[2023-05-18T00:12:52.660+0000] {logging_mixin.py:149} INFO - [2023-05-18T00:12:52.660+0000] {dag.py:2726} INFO - Sync 1 DAGs
[2023-05-18T00:12:52.675+0000] {logging_mixin.py:149} INFO - [2023-05-18T00:12:52.675+0000] {dag.py:3490} INFO - Setting next_dagrun for example_params_ui_tutorial to None, run_after=None
[2023-05-18T00:12:52.707+0000] {processor.py:179} INFO - Processing /home/airflow/.local/lib/python3.7/site-packages/airflow/example_dags/example_params_ui_tutorial.py took 0.111 seconds
[2023-05-18T00:13:23.320+0000] {processor.py:157} INFO - Started process (PID=3191) to work on /home/airflow/.local/lib/python3.7/site-packages/airflow/example_dags/example_params_ui_tutorial.py
[2023-05-18T00:13:23.325+0000] {processor.py:826} INFO - Processing file /home/airflow/.local/lib/python3.7/site-packages/airflow/example_dags/example_params_ui_tutorial.py for tasks to queue
[2023-05-18T00:13:23.326+0000] {logging_mixin.py:149} INFO - [2023-05-18T00:13:23.326+0000] {dagbag.py:541} INFO - Filling up the DagBag from /home/airflow/.local/lib/python3.7/site-packages/airflow/example_dags/example_params_ui_tutorial.py
[2023-05-18T00:13:23.347+0000] {processor.py:836} INFO - DAG(s) dict_keys(['example_params_ui_tutorial']) retrieved from /home/airflow/.local/lib/python3.7/site-packages/airflow/example_dags/example_params_ui_tutorial.py
[2023-05-18T00:13:23.381+0000] {logging_mixin.py:149} INFO - [2023-05-18T00:13:23.381+0000] {dag.py:2726} INFO - Sync 1 DAGs
[2023-05-18T00:13:23.395+0000] {logging_mixin.py:149} INFO - [2023-05-18T00:13:23.395+0000] {dag.py:3490} INFO - Setting next_dagrun for example_params_ui_tutorial to None, run_after=None
[2023-05-18T00:13:23.428+0000] {processor.py:179} INFO - Processing /home/airflow/.local/lib/python3.7/site-packages/airflow/example_dags/example_params_ui_tutorial.py took 0.110 seconds
[2023-05-18T00:13:53.942+0000] {processor.py:157} INFO - Started process (PID=3255) to work on /home/airflow/.local/lib/python3.7/site-packages/airflow/example_dags/example_params_ui_tutorial.py
[2023-05-18T00:13:53.943+0000] {processor.py:826} INFO - Processing file /home/airflow/.local/lib/python3.7/site-packages/airflow/example_dags/example_params_ui_tutorial.py for tasks to queue
[2023-05-18T00:13:53.943+0000] {logging_mixin.py:149} INFO - [2023-05-18T00:13:53.943+0000] {dagbag.py:541} INFO - Filling up the DagBag from /home/airflow/.local/lib/python3.7/site-packages/airflow/example_dags/example_params_ui_tutorial.py
[2023-05-18T00:13:53.964+0000] {processor.py:836} INFO - DAG(s) dict_keys(['example_params_ui_tutorial']) retrieved from /home/airflow/.local/lib/python3.7/site-packages/airflow/example_dags/example_params_ui_tutorial.py
[2023-05-18T00:13:53.997+0000] {logging_mixin.py:149} INFO - [2023-05-18T00:13:53.997+0000] {dag.py:2726} INFO - Sync 1 DAGs
[2023-05-18T00:13:54.010+0000] {logging_mixin.py:149} INFO - [2023-05-18T00:13:54.010+0000] {dag.py:3490} INFO - Setting next_dagrun for example_params_ui_tutorial to None, run_after=None
[2023-05-18T00:13:54.021+0000] {processor.py:179} INFO - Processing /home/airflow/.local/lib/python3.7/site-packages/airflow/example_dags/example_params_ui_tutorial.py took 0.081 seconds
[2023-05-18T00:14:24.549+0000] {processor.py:157} INFO - Started process (PID=3319) to work on /home/airflow/.local/lib/python3.7/site-packages/airflow/example_dags/example_params_ui_tutorial.py
[2023-05-18T00:14:24.556+0000] {processor.py:826} INFO - Processing file /home/airflow/.local/lib/python3.7/site-packages/airflow/example_dags/example_params_ui_tutorial.py for tasks to queue
[2023-05-18T00:14:24.556+0000] {logging_mixin.py:149} INFO - [2023-05-18T00:14:24.556+0000] {dagbag.py:541} INFO - Filling up the DagBag from /home/airflow/.local/lib/python3.7/site-packages/airflow/example_dags/example_params_ui_tutorial.py
[2023-05-18T00:14:24.578+0000] {processor.py:836} INFO - DAG(s) dict_keys(['example_params_ui_tutorial']) retrieved from /home/airflow/.local/lib/python3.7/site-packages/airflow/example_dags/example_params_ui_tutorial.py
[2023-05-18T00:14:24.611+0000] {logging_mixin.py:149} INFO - [2023-05-18T00:14:24.611+0000] {dag.py:2726} INFO - Sync 1 DAGs
[2023-05-18T00:14:24.625+0000] {logging_mixin.py:149} INFO - [2023-05-18T00:14:24.625+0000] {dag.py:3490} INFO - Setting next_dagrun for example_params_ui_tutorial to None, run_after=None
[2023-05-18T00:14:24.637+0000] {processor.py:179} INFO - Processing /home/airflow/.local/lib/python3.7/site-packages/airflow/example_dags/example_params_ui_tutorial.py took 0.090 seconds
[2023-05-18T00:14:55.236+0000] {processor.py:157} INFO - Started process (PID=3383) to work on /home/airflow/.local/lib/python3.7/site-packages/airflow/example_dags/example_params_ui_tutorial.py
[2023-05-18T00:14:55.242+0000] {processor.py:826} INFO - Processing file /home/airflow/.local/lib/python3.7/site-packages/airflow/example_dags/example_params_ui_tutorial.py for tasks to queue
[2023-05-18T00:14:55.242+0000] {logging_mixin.py:149} INFO - [2023-05-18T00:14:55.242+0000] {dagbag.py:541} INFO - Filling up the DagBag from /home/airflow/.local/lib/python3.7/site-packages/airflow/example_dags/example_params_ui_tutorial.py
[2023-05-18T00:14:55.264+0000] {processor.py:836} INFO - DAG(s) dict_keys(['example_params_ui_tutorial']) retrieved from /home/airflow/.local/lib/python3.7/site-packages/airflow/example_dags/example_params_ui_tutorial.py
[2023-05-18T00:14:55.296+0000] {logging_mixin.py:149} INFO - [2023-05-18T00:14:55.296+0000] {dag.py:2726} INFO - Sync 1 DAGs
[2023-05-18T00:14:55.311+0000] {logging_mixin.py:149} INFO - [2023-05-18T00:14:55.311+0000] {dag.py:3490} INFO - Setting next_dagrun for example_params_ui_tutorial to None, run_after=None
[2023-05-18T00:14:55.322+0000] {processor.py:179} INFO - Processing /home/airflow/.local/lib/python3.7/site-packages/airflow/example_dags/example_params_ui_tutorial.py took 0.089 seconds
[2023-05-18T00:15:25.842+0000] {processor.py:157} INFO - Started process (PID=3447) to work on /home/airflow/.local/lib/python3.7/site-packages/airflow/example_dags/example_params_ui_tutorial.py
[2023-05-18T00:15:25.851+0000] {processor.py:826} INFO - Processing file /home/airflow/.local/lib/python3.7/site-packages/airflow/example_dags/example_params_ui_tutorial.py for tasks to queue
[2023-05-18T00:15:25.852+0000] {logging_mixin.py:149} INFO - [2023-05-18T00:15:25.851+0000] {dagbag.py:541} INFO - Filling up the DagBag from /home/airflow/.local/lib/python3.7/site-packages/airflow/example_dags/example_params_ui_tutorial.py
[2023-05-18T00:15:25.873+0000] {processor.py:836} INFO - DAG(s) dict_keys(['example_params_ui_tutorial']) retrieved from /home/airflow/.local/lib/python3.7/site-packages/airflow/example_dags/example_params_ui_tutorial.py
[2023-05-18T00:15:25.908+0000] {logging_mixin.py:149} INFO - [2023-05-18T00:15:25.908+0000] {dag.py:2726} INFO - Sync 1 DAGs
[2023-05-18T00:15:25.923+0000] {logging_mixin.py:149} INFO - [2023-05-18T00:15:25.923+0000] {dag.py:3490} INFO - Setting next_dagrun for example_params_ui_tutorial to None, run_after=None
[2023-05-18T00:15:25.954+0000] {processor.py:179} INFO - Processing /home/airflow/.local/lib/python3.7/site-packages/airflow/example_dags/example_params_ui_tutorial.py took 0.114 seconds
[2023-05-18T00:15:56.500+0000] {processor.py:157} INFO - Started process (PID=3511) to work on /home/airflow/.local/lib/python3.7/site-packages/airflow/example_dags/example_params_ui_tutorial.py
[2023-05-18T00:15:56.511+0000] {processor.py:826} INFO - Processing file /home/airflow/.local/lib/python3.7/site-packages/airflow/example_dags/example_params_ui_tutorial.py for tasks to queue
[2023-05-18T00:15:56.511+0000] {logging_mixin.py:149} INFO - [2023-05-18T00:15:56.511+0000] {dagbag.py:541} INFO - Filling up the DagBag from /home/airflow/.local/lib/python3.7/site-packages/airflow/example_dags/example_params_ui_tutorial.py
[2023-05-18T00:15:56.536+0000] {processor.py:836} INFO - DAG(s) dict_keys(['example_params_ui_tutorial']) retrieved from /home/airflow/.local/lib/python3.7/site-packages/airflow/example_dags/example_params_ui_tutorial.py
[2023-05-18T00:15:56.571+0000] {logging_mixin.py:149} INFO - [2023-05-18T00:15:56.570+0000] {dag.py:2726} INFO - Sync 1 DAGs
[2023-05-18T00:15:56.585+0000] {logging_mixin.py:149} INFO - [2023-05-18T00:15:56.585+0000] {dag.py:3490} INFO - Setting next_dagrun for example_params_ui_tutorial to None, run_after=None
[2023-05-18T00:15:56.597+0000] {processor.py:179} INFO - Processing /home/airflow/.local/lib/python3.7/site-packages/airflow/example_dags/example_params_ui_tutorial.py took 0.100 seconds
[2023-05-18T00:16:27.096+0000] {processor.py:157} INFO - Started process (PID=3575) to work on /home/airflow/.local/lib/python3.7/site-packages/airflow/example_dags/example_params_ui_tutorial.py
[2023-05-18T00:16:27.102+0000] {processor.py:826} INFO - Processing file /home/airflow/.local/lib/python3.7/site-packages/airflow/example_dags/example_params_ui_tutorial.py for tasks to queue
[2023-05-18T00:16:27.102+0000] {logging_mixin.py:149} INFO - [2023-05-18T00:16:27.102+0000] {dagbag.py:541} INFO - Filling up the DagBag from /home/airflow/.local/lib/python3.7/site-packages/airflow/example_dags/example_params_ui_tutorial.py
[2023-05-18T00:16:27.125+0000] {processor.py:836} INFO - DAG(s) dict_keys(['example_params_ui_tutorial']) retrieved from /home/airflow/.local/lib/python3.7/site-packages/airflow/example_dags/example_params_ui_tutorial.py
[2023-05-18T00:16:27.158+0000] {logging_mixin.py:149} INFO - [2023-05-18T00:16:27.158+0000] {dag.py:2726} INFO - Sync 1 DAGs
[2023-05-18T00:16:27.173+0000] {logging_mixin.py:149} INFO - [2023-05-18T00:16:27.172+0000] {dag.py:3490} INFO - Setting next_dagrun for example_params_ui_tutorial to None, run_after=None
[2023-05-18T00:16:27.205+0000] {processor.py:179} INFO - Processing /home/airflow/.local/lib/python3.7/site-packages/airflow/example_dags/example_params_ui_tutorial.py took 0.111 seconds
[2023-05-18T00:16:57.784+0000] {processor.py:157} INFO - Started process (PID=3639) to work on /home/airflow/.local/lib/python3.7/site-packages/airflow/example_dags/example_params_ui_tutorial.py
[2023-05-18T00:16:57.785+0000] {processor.py:826} INFO - Processing file /home/airflow/.local/lib/python3.7/site-packages/airflow/example_dags/example_params_ui_tutorial.py for tasks to queue
[2023-05-18T00:16:57.785+0000] {logging_mixin.py:149} INFO - [2023-05-18T00:16:57.785+0000] {dagbag.py:541} INFO - Filling up the DagBag from /home/airflow/.local/lib/python3.7/site-packages/airflow/example_dags/example_params_ui_tutorial.py
[2023-05-18T00:16:57.809+0000] {processor.py:836} INFO - DAG(s) dict_keys(['example_params_ui_tutorial']) retrieved from /home/airflow/.local/lib/python3.7/site-packages/airflow/example_dags/example_params_ui_tutorial.py
[2023-05-18T00:16:57.842+0000] {logging_mixin.py:149} INFO - [2023-05-18T00:16:57.842+0000] {dag.py:2726} INFO - Sync 1 DAGs
[2023-05-18T00:16:57.857+0000] {logging_mixin.py:149} INFO - [2023-05-18T00:16:57.857+0000] {dag.py:3490} INFO - Setting next_dagrun for example_params_ui_tutorial to None, run_after=None
[2023-05-18T00:16:57.869+0000] {processor.py:179} INFO - Processing /home/airflow/.local/lib/python3.7/site-packages/airflow/example_dags/example_params_ui_tutorial.py took 0.087 seconds
