[2023-05-18T00:00:02.553+0000] {processor.py:157} INFO - Started process (PID=1505) to work on /home/airflow/.local/lib/python3.7/site-packages/airflow/example_dags/example_branch_day_of_week_operator.py
[2023-05-18T00:00:02.554+0000] {processor.py:826} INFO - Processing file /home/airflow/.local/lib/python3.7/site-packages/airflow/example_dags/example_branch_day_of_week_operator.py for tasks to queue
[2023-05-18T00:00:02.554+0000] {logging_mixin.py:149} INFO - [2023-05-18T00:00:02.554+0000] {dagbag.py:541} INFO - Filling up the DagBag from /home/airflow/.local/lib/python3.7/site-packages/airflow/example_dags/example_branch_day_of_week_operator.py
[2023-05-18T00:00:02.558+0000] {processor.py:836} INFO - DAG(s) dict_keys(['example_weekday_branch_operator']) retrieved from /home/airflow/.local/lib/python3.7/site-packages/airflow/example_dags/example_branch_day_of_week_operator.py
[2023-05-18T00:00:02.573+0000] {logging_mixin.py:149} INFO - [2023-05-18T00:00:02.572+0000] {dag.py:2726} INFO - Sync 1 DAGs
[2023-05-18T00:00:02.588+0000] {logging_mixin.py:149} INFO - [2023-05-18T00:00:02.588+0000] {dag.py:3490} INFO - Setting next_dagrun for example_weekday_branch_operator to 2023-05-17T00:00:00+00:00, run_after=2023-05-18T00:00:00+00:00
[2023-05-18T00:00:02.647+0000] {processor.py:179} INFO - Processing /home/airflow/.local/lib/python3.7/site-packages/airflow/example_dags/example_branch_day_of_week_operator.py took 0.096 seconds
[2023-05-18T00:00:33.173+0000] {processor.py:157} INFO - Started process (PID=1569) to work on /home/airflow/.local/lib/python3.7/site-packages/airflow/example_dags/example_branch_day_of_week_operator.py
[2023-05-18T00:00:33.173+0000] {processor.py:826} INFO - Processing file /home/airflow/.local/lib/python3.7/site-packages/airflow/example_dags/example_branch_day_of_week_operator.py for tasks to queue
[2023-05-18T00:00:33.174+0000] {logging_mixin.py:149} INFO - [2023-05-18T00:00:33.174+0000] {dagbag.py:541} INFO - Filling up the DagBag from /home/airflow/.local/lib/python3.7/site-packages/airflow/example_dags/example_branch_day_of_week_operator.py
[2023-05-18T00:00:33.177+0000] {processor.py:836} INFO - DAG(s) dict_keys(['example_weekday_branch_operator']) retrieved from /home/airflow/.local/lib/python3.7/site-packages/airflow/example_dags/example_branch_day_of_week_operator.py
[2023-05-18T00:00:33.191+0000] {logging_mixin.py:149} INFO - [2023-05-18T00:00:33.191+0000] {dag.py:2726} INFO - Sync 1 DAGs
[2023-05-18T00:00:33.205+0000] {logging_mixin.py:149} INFO - [2023-05-18T00:00:33.205+0000] {dag.py:3490} INFO - Setting next_dagrun for example_weekday_branch_operator to 2023-05-17T00:00:00+00:00, run_after=2023-05-18T00:00:00+00:00
[2023-05-18T00:00:33.215+0000] {processor.py:179} INFO - Processing /home/airflow/.local/lib/python3.7/site-packages/airflow/example_dags/example_branch_day_of_week_operator.py took 0.044 seconds
[2023-05-18T00:01:03.829+0000] {processor.py:157} INFO - Started process (PID=1633) to work on /home/airflow/.local/lib/python3.7/site-packages/airflow/example_dags/example_branch_day_of_week_operator.py
[2023-05-18T00:01:03.830+0000] {processor.py:826} INFO - Processing file /home/airflow/.local/lib/python3.7/site-packages/airflow/example_dags/example_branch_day_of_week_operator.py for tasks to queue
[2023-05-18T00:01:03.830+0000] {logging_mixin.py:149} INFO - [2023-05-18T00:01:03.830+0000] {dagbag.py:541} INFO - Filling up the DagBag from /home/airflow/.local/lib/python3.7/site-packages/airflow/example_dags/example_branch_day_of_week_operator.py
[2023-05-18T00:01:03.837+0000] {processor.py:836} INFO - DAG(s) dict_keys(['example_weekday_branch_operator']) retrieved from /home/airflow/.local/lib/python3.7/site-packages/airflow/example_dags/example_branch_day_of_week_operator.py
[2023-05-18T00:01:03.854+0000] {logging_mixin.py:149} INFO - [2023-05-18T00:01:03.854+0000] {dag.py:2726} INFO - Sync 1 DAGs
[2023-05-18T00:01:03.872+0000] {logging_mixin.py:149} INFO - [2023-05-18T00:01:03.872+0000] {dag.py:3490} INFO - Setting next_dagrun for example_weekday_branch_operator to 2023-05-17T00:00:00+00:00, run_after=2023-05-18T00:00:00+00:00
[2023-05-18T00:01:03.888+0000] {processor.py:179} INFO - Processing /home/airflow/.local/lib/python3.7/site-packages/airflow/example_dags/example_branch_day_of_week_operator.py took 0.061 seconds
[2023-05-18T00:01:34.374+0000] {processor.py:157} INFO - Started process (PID=1697) to work on /home/airflow/.local/lib/python3.7/site-packages/airflow/example_dags/example_branch_day_of_week_operator.py
[2023-05-18T00:01:34.375+0000] {processor.py:826} INFO - Processing file /home/airflow/.local/lib/python3.7/site-packages/airflow/example_dags/example_branch_day_of_week_operator.py for tasks to queue
[2023-05-18T00:01:34.375+0000] {logging_mixin.py:149} INFO - [2023-05-18T00:01:34.375+0000] {dagbag.py:541} INFO - Filling up the DagBag from /home/airflow/.local/lib/python3.7/site-packages/airflow/example_dags/example_branch_day_of_week_operator.py
[2023-05-18T00:01:34.379+0000] {processor.py:836} INFO - DAG(s) dict_keys(['example_weekday_branch_operator']) retrieved from /home/airflow/.local/lib/python3.7/site-packages/airflow/example_dags/example_branch_day_of_week_operator.py
[2023-05-18T00:01:34.394+0000] {logging_mixin.py:149} INFO - [2023-05-18T00:01:34.394+0000] {dag.py:2726} INFO - Sync 1 DAGs
[2023-05-18T00:01:34.410+0000] {logging_mixin.py:149} INFO - [2023-05-18T00:01:34.410+0000] {dag.py:3490} INFO - Setting next_dagrun for example_weekday_branch_operator to 2023-05-17T00:00:00+00:00, run_after=2023-05-18T00:00:00+00:00
[2023-05-18T00:01:34.424+0000] {processor.py:179} INFO - Processing /home/airflow/.local/lib/python3.7/site-packages/airflow/example_dags/example_branch_day_of_week_operator.py took 0.052 seconds
[2023-05-18T00:02:04.904+0000] {processor.py:157} INFO - Started process (PID=1761) to work on /home/airflow/.local/lib/python3.7/site-packages/airflow/example_dags/example_branch_day_of_week_operator.py
[2023-05-18T00:02:04.909+0000] {processor.py:826} INFO - Processing file /home/airflow/.local/lib/python3.7/site-packages/airflow/example_dags/example_branch_day_of_week_operator.py for tasks to queue
[2023-05-18T00:02:04.909+0000] {logging_mixin.py:149} INFO - [2023-05-18T00:02:04.909+0000] {dagbag.py:541} INFO - Filling up the DagBag from /home/airflow/.local/lib/python3.7/site-packages/airflow/example_dags/example_branch_day_of_week_operator.py
[2023-05-18T00:02:04.913+0000] {processor.py:836} INFO - DAG(s) dict_keys(['example_weekday_branch_operator']) retrieved from /home/airflow/.local/lib/python3.7/site-packages/airflow/example_dags/example_branch_day_of_week_operator.py
[2023-05-18T00:02:04.932+0000] {logging_mixin.py:149} INFO - [2023-05-18T00:02:04.932+0000] {dag.py:2726} INFO - Sync 1 DAGs
[2023-05-18T00:02:04.946+0000] {logging_mixin.py:149} INFO - [2023-05-18T00:02:04.946+0000] {dag.py:3490} INFO - Setting next_dagrun for example_weekday_branch_operator to 2023-05-17T00:00:00+00:00, run_after=2023-05-18T00:00:00+00:00
[2023-05-18T00:02:04.956+0000] {processor.py:179} INFO - Processing /home/airflow/.local/lib/python3.7/site-packages/airflow/example_dags/example_branch_day_of_week_operator.py took 0.054 seconds
[2023-05-18T00:02:35.574+0000] {processor.py:157} INFO - Started process (PID=1825) to work on /home/airflow/.local/lib/python3.7/site-packages/airflow/example_dags/example_branch_day_of_week_operator.py
[2023-05-18T00:02:35.575+0000] {processor.py:826} INFO - Processing file /home/airflow/.local/lib/python3.7/site-packages/airflow/example_dags/example_branch_day_of_week_operator.py for tasks to queue
[2023-05-18T00:02:35.575+0000] {logging_mixin.py:149} INFO - [2023-05-18T00:02:35.575+0000] {dagbag.py:541} INFO - Filling up the DagBag from /home/airflow/.local/lib/python3.7/site-packages/airflow/example_dags/example_branch_day_of_week_operator.py
[2023-05-18T00:02:35.580+0000] {processor.py:836} INFO - DAG(s) dict_keys(['example_weekday_branch_operator']) retrieved from /home/airflow/.local/lib/python3.7/site-packages/airflow/example_dags/example_branch_day_of_week_operator.py
[2023-05-18T00:02:35.595+0000] {logging_mixin.py:149} INFO - [2023-05-18T00:02:35.595+0000] {dag.py:2726} INFO - Sync 1 DAGs
[2023-05-18T00:02:35.610+0000] {logging_mixin.py:149} INFO - [2023-05-18T00:02:35.610+0000] {dag.py:3490} INFO - Setting next_dagrun for example_weekday_branch_operator to 2023-05-17T00:00:00+00:00, run_after=2023-05-18T00:00:00+00:00
[2023-05-18T00:02:35.624+0000] {processor.py:179} INFO - Processing /home/airflow/.local/lib/python3.7/site-packages/airflow/example_dags/example_branch_day_of_week_operator.py took 0.052 seconds
[2023-05-18T00:03:06.307+0000] {processor.py:157} INFO - Started process (PID=1889) to work on /home/airflow/.local/lib/python3.7/site-packages/airflow/example_dags/example_branch_day_of_week_operator.py
[2023-05-18T00:03:06.315+0000] {processor.py:826} INFO - Processing file /home/airflow/.local/lib/python3.7/site-packages/airflow/example_dags/example_branch_day_of_week_operator.py for tasks to queue
[2023-05-18T00:03:06.315+0000] {logging_mixin.py:149} INFO - [2023-05-18T00:03:06.315+0000] {dagbag.py:541} INFO - Filling up the DagBag from /home/airflow/.local/lib/python3.7/site-packages/airflow/example_dags/example_branch_day_of_week_operator.py
[2023-05-18T00:03:06.320+0000] {processor.py:836} INFO - DAG(s) dict_keys(['example_weekday_branch_operator']) retrieved from /home/airflow/.local/lib/python3.7/site-packages/airflow/example_dags/example_branch_day_of_week_operator.py
[2023-05-18T00:03:06.335+0000] {logging_mixin.py:149} INFO - [2023-05-18T00:03:06.335+0000] {dag.py:2726} INFO - Sync 1 DAGs
[2023-05-18T00:03:06.351+0000] {logging_mixin.py:149} INFO - [2023-05-18T00:03:06.351+0000] {dag.py:3490} INFO - Setting next_dagrun for example_weekday_branch_operator to 2023-05-17T00:00:00+00:00, run_after=2023-05-18T00:00:00+00:00
[2023-05-18T00:03:06.363+0000] {processor.py:179} INFO - Processing /home/airflow/.local/lib/python3.7/site-packages/airflow/example_dags/example_branch_day_of_week_operator.py took 0.058 seconds
[2023-05-18T00:03:36.938+0000] {processor.py:157} INFO - Started process (PID=1953) to work on /home/airflow/.local/lib/python3.7/site-packages/airflow/example_dags/example_branch_day_of_week_operator.py
[2023-05-18T00:03:36.947+0000] {processor.py:826} INFO - Processing file /home/airflow/.local/lib/python3.7/site-packages/airflow/example_dags/example_branch_day_of_week_operator.py for tasks to queue
[2023-05-18T00:03:36.947+0000] {logging_mixin.py:149} INFO - [2023-05-18T00:03:36.947+0000] {dagbag.py:541} INFO - Filling up the DagBag from /home/airflow/.local/lib/python3.7/site-packages/airflow/example_dags/example_branch_day_of_week_operator.py
[2023-05-18T00:03:36.951+0000] {processor.py:836} INFO - DAG(s) dict_keys(['example_weekday_branch_operator']) retrieved from /home/airflow/.local/lib/python3.7/site-packages/airflow/example_dags/example_branch_day_of_week_operator.py
[2023-05-18T00:03:36.966+0000] {logging_mixin.py:149} INFO - [2023-05-18T00:03:36.966+0000] {dag.py:2726} INFO - Sync 1 DAGs
[2023-05-18T00:03:36.982+0000] {logging_mixin.py:149} INFO - [2023-05-18T00:03:36.982+0000] {dag.py:3490} INFO - Setting next_dagrun for example_weekday_branch_operator to 2023-05-17T00:00:00+00:00, run_after=2023-05-18T00:00:00+00:00
[2023-05-18T00:03:36.994+0000] {processor.py:179} INFO - Processing /home/airflow/.local/lib/python3.7/site-packages/airflow/example_dags/example_branch_day_of_week_operator.py took 0.059 seconds
[2023-05-18T00:04:07.567+0000] {processor.py:157} INFO - Started process (PID=2017) to work on /home/airflow/.local/lib/python3.7/site-packages/airflow/example_dags/example_branch_day_of_week_operator.py
[2023-05-18T00:04:07.574+0000] {processor.py:826} INFO - Processing file /home/airflow/.local/lib/python3.7/site-packages/airflow/example_dags/example_branch_day_of_week_operator.py for tasks to queue
[2023-05-18T00:04:07.574+0000] {logging_mixin.py:149} INFO - [2023-05-18T00:04:07.574+0000] {dagbag.py:541} INFO - Filling up the DagBag from /home/airflow/.local/lib/python3.7/site-packages/airflow/example_dags/example_branch_day_of_week_operator.py
[2023-05-18T00:04:07.579+0000] {processor.py:836} INFO - DAG(s) dict_keys(['example_weekday_branch_operator']) retrieved from /home/airflow/.local/lib/python3.7/site-packages/airflow/example_dags/example_branch_day_of_week_operator.py
[2023-05-18T00:04:07.594+0000] {logging_mixin.py:149} INFO - [2023-05-18T00:04:07.593+0000] {dag.py:2726} INFO - Sync 1 DAGs
[2023-05-18T00:04:07.608+0000] {logging_mixin.py:149} INFO - [2023-05-18T00:04:07.608+0000] {dag.py:3490} INFO - Setting next_dagrun for example_weekday_branch_operator to 2023-05-17T00:00:00+00:00, run_after=2023-05-18T00:00:00+00:00
[2023-05-18T00:04:07.621+0000] {processor.py:179} INFO - Processing /home/airflow/.local/lib/python3.7/site-packages/airflow/example_dags/example_branch_day_of_week_operator.py took 0.055 seconds
[2023-05-18T00:04:38.193+0000] {processor.py:157} INFO - Started process (PID=2081) to work on /home/airflow/.local/lib/python3.7/site-packages/airflow/example_dags/example_branch_day_of_week_operator.py
[2023-05-18T00:04:38.194+0000] {processor.py:826} INFO - Processing file /home/airflow/.local/lib/python3.7/site-packages/airflow/example_dags/example_branch_day_of_week_operator.py for tasks to queue
[2023-05-18T00:04:38.195+0000] {logging_mixin.py:149} INFO - [2023-05-18T00:04:38.195+0000] {dagbag.py:541} INFO - Filling up the DagBag from /home/airflow/.local/lib/python3.7/site-packages/airflow/example_dags/example_branch_day_of_week_operator.py
[2023-05-18T00:04:38.199+0000] {processor.py:836} INFO - DAG(s) dict_keys(['example_weekday_branch_operator']) retrieved from /home/airflow/.local/lib/python3.7/site-packages/airflow/example_dags/example_branch_day_of_week_operator.py
[2023-05-18T00:04:38.214+0000] {logging_mixin.py:149} INFO - [2023-05-18T00:04:38.214+0000] {dag.py:2726} INFO - Sync 1 DAGs
[2023-05-18T00:04:38.229+0000] {logging_mixin.py:149} INFO - [2023-05-18T00:04:38.229+0000] {dag.py:3490} INFO - Setting next_dagrun for example_weekday_branch_operator to 2023-05-17T00:00:00+00:00, run_after=2023-05-18T00:00:00+00:00
[2023-05-18T00:04:38.240+0000] {processor.py:179} INFO - Processing /home/airflow/.local/lib/python3.7/site-packages/airflow/example_dags/example_branch_day_of_week_operator.py took 0.049 seconds
[2023-05-18T00:05:08.841+0000] {processor.py:157} INFO - Started process (PID=2145) to work on /home/airflow/.local/lib/python3.7/site-packages/airflow/example_dags/example_branch_day_of_week_operator.py
[2023-05-18T00:05:08.850+0000] {processor.py:826} INFO - Processing file /home/airflow/.local/lib/python3.7/site-packages/airflow/example_dags/example_branch_day_of_week_operator.py for tasks to queue
[2023-05-18T00:05:08.850+0000] {logging_mixin.py:149} INFO - [2023-05-18T00:05:08.850+0000] {dagbag.py:541} INFO - Filling up the DagBag from /home/airflow/.local/lib/python3.7/site-packages/airflow/example_dags/example_branch_day_of_week_operator.py
[2023-05-18T00:05:08.854+0000] {processor.py:836} INFO - DAG(s) dict_keys(['example_weekday_branch_operator']) retrieved from /home/airflow/.local/lib/python3.7/site-packages/airflow/example_dags/example_branch_day_of_week_operator.py
[2023-05-18T00:05:08.870+0000] {logging_mixin.py:149} INFO - [2023-05-18T00:05:08.870+0000] {dag.py:2726} INFO - Sync 1 DAGs
[2023-05-18T00:05:08.886+0000] {logging_mixin.py:149} INFO - [2023-05-18T00:05:08.886+0000] {dag.py:3490} INFO - Setting next_dagrun for example_weekday_branch_operator to 2023-05-17T00:00:00+00:00, run_after=2023-05-18T00:00:00+00:00
[2023-05-18T00:05:08.899+0000] {processor.py:179} INFO - Processing /home/airflow/.local/lib/python3.7/site-packages/airflow/example_dags/example_branch_day_of_week_operator.py took 0.060 seconds
[2023-05-18T00:05:39.466+0000] {processor.py:157} INFO - Started process (PID=2209) to work on /home/airflow/.local/lib/python3.7/site-packages/airflow/example_dags/example_branch_day_of_week_operator.py
[2023-05-18T00:05:39.467+0000] {processor.py:826} INFO - Processing file /home/airflow/.local/lib/python3.7/site-packages/airflow/example_dags/example_branch_day_of_week_operator.py for tasks to queue
[2023-05-18T00:05:39.468+0000] {logging_mixin.py:149} INFO - [2023-05-18T00:05:39.467+0000] {dagbag.py:541} INFO - Filling up the DagBag from /home/airflow/.local/lib/python3.7/site-packages/airflow/example_dags/example_branch_day_of_week_operator.py
[2023-05-18T00:05:39.473+0000] {processor.py:836} INFO - DAG(s) dict_keys(['example_weekday_branch_operator']) retrieved from /home/airflow/.local/lib/python3.7/site-packages/airflow/example_dags/example_branch_day_of_week_operator.py
[2023-05-18T00:05:39.491+0000] {logging_mixin.py:149} INFO - [2023-05-18T00:05:39.490+0000] {dag.py:2726} INFO - Sync 1 DAGs
[2023-05-18T00:05:39.508+0000] {logging_mixin.py:149} INFO - [2023-05-18T00:05:39.508+0000] {dag.py:3490} INFO - Setting next_dagrun for example_weekday_branch_operator to 2023-05-17T00:00:00+00:00, run_after=2023-05-18T00:00:00+00:00
[2023-05-18T00:05:39.520+0000] {processor.py:179} INFO - Processing /home/airflow/.local/lib/python3.7/site-packages/airflow/example_dags/example_branch_day_of_week_operator.py took 0.056 seconds
[2023-05-18T00:06:09.603+0000] {processor.py:157} INFO - Started process (PID=2273) to work on /home/airflow/.local/lib/python3.7/site-packages/airflow/example_dags/example_branch_day_of_week_operator.py
[2023-05-18T00:06:09.604+0000] {processor.py:826} INFO - Processing file /home/airflow/.local/lib/python3.7/site-packages/airflow/example_dags/example_branch_day_of_week_operator.py for tasks to queue
[2023-05-18T00:06:09.604+0000] {logging_mixin.py:149} INFO - [2023-05-18T00:06:09.604+0000] {dagbag.py:541} INFO - Filling up the DagBag from /home/airflow/.local/lib/python3.7/site-packages/airflow/example_dags/example_branch_day_of_week_operator.py
[2023-05-18T00:06:09.609+0000] {processor.py:836} INFO - DAG(s) dict_keys(['example_weekday_branch_operator']) retrieved from /home/airflow/.local/lib/python3.7/site-packages/airflow/example_dags/example_branch_day_of_week_operator.py
[2023-05-18T00:06:09.624+0000] {logging_mixin.py:149} INFO - [2023-05-18T00:06:09.624+0000] {dag.py:2726} INFO - Sync 1 DAGs
[2023-05-18T00:06:09.639+0000] {logging_mixin.py:149} INFO - [2023-05-18T00:06:09.639+0000] {dag.py:3490} INFO - Setting next_dagrun for example_weekday_branch_operator to 2023-05-17T00:00:00+00:00, run_after=2023-05-18T00:00:00+00:00
[2023-05-18T00:06:09.655+0000] {processor.py:179} INFO - Processing /home/airflow/.local/lib/python3.7/site-packages/airflow/example_dags/example_branch_day_of_week_operator.py took 0.053 seconds
[2023-05-18T00:06:39.764+0000] {processor.py:157} INFO - Started process (PID=2337) to work on /home/airflow/.local/lib/python3.7/site-packages/airflow/example_dags/example_branch_day_of_week_operator.py
[2023-05-18T00:06:39.765+0000] {processor.py:826} INFO - Processing file /home/airflow/.local/lib/python3.7/site-packages/airflow/example_dags/example_branch_day_of_week_operator.py for tasks to queue
[2023-05-18T00:06:39.765+0000] {logging_mixin.py:149} INFO - [2023-05-18T00:06:39.765+0000] {dagbag.py:541} INFO - Filling up the DagBag from /home/airflow/.local/lib/python3.7/site-packages/airflow/example_dags/example_branch_day_of_week_operator.py
[2023-05-18T00:06:39.769+0000] {processor.py:836} INFO - DAG(s) dict_keys(['example_weekday_branch_operator']) retrieved from /home/airflow/.local/lib/python3.7/site-packages/airflow/example_dags/example_branch_day_of_week_operator.py
[2023-05-18T00:06:39.785+0000] {logging_mixin.py:149} INFO - [2023-05-18T00:06:39.785+0000] {dag.py:2726} INFO - Sync 1 DAGs
[2023-05-18T00:06:39.800+0000] {logging_mixin.py:149} INFO - [2023-05-18T00:06:39.800+0000] {dag.py:3490} INFO - Setting next_dagrun for example_weekday_branch_operator to 2023-05-17T00:00:00+00:00, run_after=2023-05-18T00:00:00+00:00
[2023-05-18T00:06:39.812+0000] {processor.py:179} INFO - Processing /home/airflow/.local/lib/python3.7/site-packages/airflow/example_dags/example_branch_day_of_week_operator.py took 0.050 seconds
[2023-05-18T00:07:09.896+0000] {processor.py:157} INFO - Started process (PID=2401) to work on /home/airflow/.local/lib/python3.7/site-packages/airflow/example_dags/example_branch_day_of_week_operator.py
[2023-05-18T00:07:09.897+0000] {processor.py:826} INFO - Processing file /home/airflow/.local/lib/python3.7/site-packages/airflow/example_dags/example_branch_day_of_week_operator.py for tasks to queue
[2023-05-18T00:07:09.898+0000] {logging_mixin.py:149} INFO - [2023-05-18T00:07:09.898+0000] {dagbag.py:541} INFO - Filling up the DagBag from /home/airflow/.local/lib/python3.7/site-packages/airflow/example_dags/example_branch_day_of_week_operator.py
[2023-05-18T00:07:09.902+0000] {processor.py:836} INFO - DAG(s) dict_keys(['example_weekday_branch_operator']) retrieved from /home/airflow/.local/lib/python3.7/site-packages/airflow/example_dags/example_branch_day_of_week_operator.py
[2023-05-18T00:07:09.917+0000] {logging_mixin.py:149} INFO - [2023-05-18T00:07:09.917+0000] {dag.py:2726} INFO - Sync 1 DAGs
[2023-05-18T00:07:09.933+0000] {logging_mixin.py:149} INFO - [2023-05-18T00:07:09.933+0000] {dag.py:3490} INFO - Setting next_dagrun for example_weekday_branch_operator to 2023-05-17T00:00:00+00:00, run_after=2023-05-18T00:00:00+00:00
[2023-05-18T00:07:09.944+0000] {processor.py:179} INFO - Processing /home/airflow/.local/lib/python3.7/site-packages/airflow/example_dags/example_branch_day_of_week_operator.py took 0.050 seconds
[2023-05-18T00:07:40.628+0000] {processor.py:157} INFO - Started process (PID=2464) to work on /home/airflow/.local/lib/python3.7/site-packages/airflow/example_dags/example_branch_day_of_week_operator.py
[2023-05-18T00:07:40.634+0000] {processor.py:826} INFO - Processing file /home/airflow/.local/lib/python3.7/site-packages/airflow/example_dags/example_branch_day_of_week_operator.py for tasks to queue
[2023-05-18T00:07:40.634+0000] {logging_mixin.py:149} INFO - [2023-05-18T00:07:40.634+0000] {dagbag.py:541} INFO - Filling up the DagBag from /home/airflow/.local/lib/python3.7/site-packages/airflow/example_dags/example_branch_day_of_week_operator.py
[2023-05-18T00:07:40.639+0000] {processor.py:836} INFO - DAG(s) dict_keys(['example_weekday_branch_operator']) retrieved from /home/airflow/.local/lib/python3.7/site-packages/airflow/example_dags/example_branch_day_of_week_operator.py
[2023-05-18T00:07:40.653+0000] {logging_mixin.py:149} INFO - [2023-05-18T00:07:40.653+0000] {dag.py:2726} INFO - Sync 1 DAGs
[2023-05-18T00:07:40.668+0000] {logging_mixin.py:149} INFO - [2023-05-18T00:07:40.668+0000] {dag.py:3490} INFO - Setting next_dagrun for example_weekday_branch_operator to 2023-05-17T00:00:00+00:00, run_after=2023-05-18T00:00:00+00:00
[2023-05-18T00:07:40.679+0000] {processor.py:179} INFO - Processing /home/airflow/.local/lib/python3.7/site-packages/airflow/example_dags/example_branch_day_of_week_operator.py took 0.053 seconds
[2023-05-18T00:08:11.418+0000] {processor.py:157} INFO - Started process (PID=2528) to work on /home/airflow/.local/lib/python3.7/site-packages/airflow/example_dags/example_branch_day_of_week_operator.py
[2023-05-18T00:08:11.418+0000] {processor.py:826} INFO - Processing file /home/airflow/.local/lib/python3.7/site-packages/airflow/example_dags/example_branch_day_of_week_operator.py for tasks to queue
[2023-05-18T00:08:11.419+0000] {logging_mixin.py:149} INFO - [2023-05-18T00:08:11.419+0000] {dagbag.py:541} INFO - Filling up the DagBag from /home/airflow/.local/lib/python3.7/site-packages/airflow/example_dags/example_branch_day_of_week_operator.py
[2023-05-18T00:08:11.423+0000] {processor.py:836} INFO - DAG(s) dict_keys(['example_weekday_branch_operator']) retrieved from /home/airflow/.local/lib/python3.7/site-packages/airflow/example_dags/example_branch_day_of_week_operator.py
[2023-05-18T00:08:11.438+0000] {logging_mixin.py:149} INFO - [2023-05-18T00:08:11.438+0000] {dag.py:2726} INFO - Sync 1 DAGs
[2023-05-18T00:08:11.453+0000] {logging_mixin.py:149} INFO - [2023-05-18T00:08:11.453+0000] {dag.py:3490} INFO - Setting next_dagrun for example_weekday_branch_operator to 2023-05-17T00:00:00+00:00, run_after=2023-05-18T00:00:00+00:00
[2023-05-18T00:08:11.464+0000] {processor.py:179} INFO - Processing /home/airflow/.local/lib/python3.7/site-packages/airflow/example_dags/example_branch_day_of_week_operator.py took 0.049 seconds
[2023-05-18T00:08:42.237+0000] {processor.py:157} INFO - Started process (PID=2592) to work on /home/airflow/.local/lib/python3.7/site-packages/airflow/example_dags/example_branch_day_of_week_operator.py
[2023-05-18T00:08:42.244+0000] {processor.py:826} INFO - Processing file /home/airflow/.local/lib/python3.7/site-packages/airflow/example_dags/example_branch_day_of_week_operator.py for tasks to queue
[2023-05-18T00:08:42.244+0000] {logging_mixin.py:149} INFO - [2023-05-18T00:08:42.244+0000] {dagbag.py:541} INFO - Filling up the DagBag from /home/airflow/.local/lib/python3.7/site-packages/airflow/example_dags/example_branch_day_of_week_operator.py
[2023-05-18T00:08:42.249+0000] {processor.py:836} INFO - DAG(s) dict_keys(['example_weekday_branch_operator']) retrieved from /home/airflow/.local/lib/python3.7/site-packages/airflow/example_dags/example_branch_day_of_week_operator.py
[2023-05-18T00:08:42.263+0000] {logging_mixin.py:149} INFO - [2023-05-18T00:08:42.263+0000] {dag.py:2726} INFO - Sync 1 DAGs
[2023-05-18T00:08:42.278+0000] {logging_mixin.py:149} INFO - [2023-05-18T00:08:42.278+0000] {dag.py:3490} INFO - Setting next_dagrun for example_weekday_branch_operator to 2023-05-17T00:00:00+00:00, run_after=2023-05-18T00:00:00+00:00
[2023-05-18T00:08:42.289+0000] {processor.py:179} INFO - Processing /home/airflow/.local/lib/python3.7/site-packages/airflow/example_dags/example_branch_day_of_week_operator.py took 0.054 seconds
[2023-05-18T00:09:12.956+0000] {processor.py:157} INFO - Started process (PID=2656) to work on /home/airflow/.local/lib/python3.7/site-packages/airflow/example_dags/example_branch_day_of_week_operator.py
[2023-05-18T00:09:12.956+0000] {processor.py:826} INFO - Processing file /home/airflow/.local/lib/python3.7/site-packages/airflow/example_dags/example_branch_day_of_week_operator.py for tasks to queue
[2023-05-18T00:09:12.956+0000] {logging_mixin.py:149} INFO - [2023-05-18T00:09:12.956+0000] {dagbag.py:541} INFO - Filling up the DagBag from /home/airflow/.local/lib/python3.7/site-packages/airflow/example_dags/example_branch_day_of_week_operator.py
[2023-05-18T00:09:12.961+0000] {processor.py:836} INFO - DAG(s) dict_keys(['example_weekday_branch_operator']) retrieved from /home/airflow/.local/lib/python3.7/site-packages/airflow/example_dags/example_branch_day_of_week_operator.py
[2023-05-18T00:09:12.975+0000] {logging_mixin.py:149} INFO - [2023-05-18T00:09:12.975+0000] {dag.py:2726} INFO - Sync 1 DAGs
[2023-05-18T00:09:12.989+0000] {logging_mixin.py:149} INFO - [2023-05-18T00:09:12.989+0000] {dag.py:3490} INFO - Setting next_dagrun for example_weekday_branch_operator to 2023-05-17T00:00:00+00:00, run_after=2023-05-18T00:00:00+00:00
[2023-05-18T00:09:13.000+0000] {processor.py:179} INFO - Processing /home/airflow/.local/lib/python3.7/site-packages/airflow/example_dags/example_branch_day_of_week_operator.py took 0.046 seconds
[2023-05-18T00:09:43.651+0000] {processor.py:157} INFO - Started process (PID=2720) to work on /home/airflow/.local/lib/python3.7/site-packages/airflow/example_dags/example_branch_day_of_week_operator.py
[2023-05-18T00:09:43.652+0000] {processor.py:826} INFO - Processing file /home/airflow/.local/lib/python3.7/site-packages/airflow/example_dags/example_branch_day_of_week_operator.py for tasks to queue
[2023-05-18T00:09:43.652+0000] {logging_mixin.py:149} INFO - [2023-05-18T00:09:43.652+0000] {dagbag.py:541} INFO - Filling up the DagBag from /home/airflow/.local/lib/python3.7/site-packages/airflow/example_dags/example_branch_day_of_week_operator.py
[2023-05-18T00:09:43.656+0000] {processor.py:836} INFO - DAG(s) dict_keys(['example_weekday_branch_operator']) retrieved from /home/airflow/.local/lib/python3.7/site-packages/airflow/example_dags/example_branch_day_of_week_operator.py
[2023-05-18T00:09:43.670+0000] {logging_mixin.py:149} INFO - [2023-05-18T00:09:43.670+0000] {dag.py:2726} INFO - Sync 1 DAGs
[2023-05-18T00:09:43.689+0000] {logging_mixin.py:149} INFO - [2023-05-18T00:09:43.689+0000] {dag.py:3490} INFO - Setting next_dagrun for example_weekday_branch_operator to 2023-05-17T00:00:00+00:00, run_after=2023-05-18T00:00:00+00:00
[2023-05-18T00:09:43.700+0000] {processor.py:179} INFO - Processing /home/airflow/.local/lib/python3.7/site-packages/airflow/example_dags/example_branch_day_of_week_operator.py took 0.051 seconds
[2023-05-18T00:10:14.403+0000] {processor.py:157} INFO - Started process (PID=2784) to work on /home/airflow/.local/lib/python3.7/site-packages/airflow/example_dags/example_branch_day_of_week_operator.py
[2023-05-18T00:10:14.403+0000] {processor.py:826} INFO - Processing file /home/airflow/.local/lib/python3.7/site-packages/airflow/example_dags/example_branch_day_of_week_operator.py for tasks to queue
[2023-05-18T00:10:14.404+0000] {logging_mixin.py:149} INFO - [2023-05-18T00:10:14.404+0000] {dagbag.py:541} INFO - Filling up the DagBag from /home/airflow/.local/lib/python3.7/site-packages/airflow/example_dags/example_branch_day_of_week_operator.py
[2023-05-18T00:10:14.407+0000] {processor.py:836} INFO - DAG(s) dict_keys(['example_weekday_branch_operator']) retrieved from /home/airflow/.local/lib/python3.7/site-packages/airflow/example_dags/example_branch_day_of_week_operator.py
[2023-05-18T00:10:14.422+0000] {logging_mixin.py:149} INFO - [2023-05-18T00:10:14.422+0000] {dag.py:2726} INFO - Sync 1 DAGs
[2023-05-18T00:10:14.437+0000] {logging_mixin.py:149} INFO - [2023-05-18T00:10:14.437+0000] {dag.py:3490} INFO - Setting next_dagrun for example_weekday_branch_operator to 2023-05-17T00:00:00+00:00, run_after=2023-05-18T00:00:00+00:00
[2023-05-18T00:10:14.449+0000] {processor.py:179} INFO - Processing /home/airflow/.local/lib/python3.7/site-packages/airflow/example_dags/example_branch_day_of_week_operator.py took 0.048 seconds
[2023-05-18T00:10:45.142+0000] {processor.py:157} INFO - Started process (PID=2848) to work on /home/airflow/.local/lib/python3.7/site-packages/airflow/example_dags/example_branch_day_of_week_operator.py
[2023-05-18T00:10:45.151+0000] {processor.py:826} INFO - Processing file /home/airflow/.local/lib/python3.7/site-packages/airflow/example_dags/example_branch_day_of_week_operator.py for tasks to queue
[2023-05-18T00:10:45.151+0000] {logging_mixin.py:149} INFO - [2023-05-18T00:10:45.151+0000] {dagbag.py:541} INFO - Filling up the DagBag from /home/airflow/.local/lib/python3.7/site-packages/airflow/example_dags/example_branch_day_of_week_operator.py
[2023-05-18T00:10:45.156+0000] {processor.py:836} INFO - DAG(s) dict_keys(['example_weekday_branch_operator']) retrieved from /home/airflow/.local/lib/python3.7/site-packages/airflow/example_dags/example_branch_day_of_week_operator.py
[2023-05-18T00:10:45.172+0000] {logging_mixin.py:149} INFO - [2023-05-18T00:10:45.172+0000] {dag.py:2726} INFO - Sync 1 DAGs
[2023-05-18T00:10:45.196+0000] {logging_mixin.py:149} INFO - [2023-05-18T00:10:45.196+0000] {dag.py:3490} INFO - Setting next_dagrun for example_weekday_branch_operator to 2023-05-17T00:00:00+00:00, run_after=2023-05-18T00:00:00+00:00
[2023-05-18T00:10:45.213+0000] {processor.py:179} INFO - Processing /home/airflow/.local/lib/python3.7/site-packages/airflow/example_dags/example_branch_day_of_week_operator.py took 0.073 seconds
[2023-05-18T00:11:15.858+0000] {processor.py:157} INFO - Started process (PID=2912) to work on /home/airflow/.local/lib/python3.7/site-packages/airflow/example_dags/example_branch_day_of_week_operator.py
[2023-05-18T00:11:15.867+0000] {processor.py:826} INFO - Processing file /home/airflow/.local/lib/python3.7/site-packages/airflow/example_dags/example_branch_day_of_week_operator.py for tasks to queue
[2023-05-18T00:11:15.867+0000] {logging_mixin.py:149} INFO - [2023-05-18T00:11:15.867+0000] {dagbag.py:541} INFO - Filling up the DagBag from /home/airflow/.local/lib/python3.7/site-packages/airflow/example_dags/example_branch_day_of_week_operator.py
[2023-05-18T00:11:15.871+0000] {processor.py:836} INFO - DAG(s) dict_keys(['example_weekday_branch_operator']) retrieved from /home/airflow/.local/lib/python3.7/site-packages/airflow/example_dags/example_branch_day_of_week_operator.py
[2023-05-18T00:11:15.886+0000] {logging_mixin.py:149} INFO - [2023-05-18T00:11:15.886+0000] {dag.py:2726} INFO - Sync 1 DAGs
[2023-05-18T00:11:15.901+0000] {logging_mixin.py:149} INFO - [2023-05-18T00:11:15.901+0000] {dag.py:3490} INFO - Setting next_dagrun for example_weekday_branch_operator to 2023-05-17T00:00:00+00:00, run_after=2023-05-18T00:00:00+00:00
[2023-05-18T00:11:15.913+0000] {processor.py:179} INFO - Processing /home/airflow/.local/lib/python3.7/site-packages/airflow/example_dags/example_branch_day_of_week_operator.py took 0.057 seconds
[2023-05-18T00:11:46.560+0000] {processor.py:157} INFO - Started process (PID=2976) to work on /home/airflow/.local/lib/python3.7/site-packages/airflow/example_dags/example_branch_day_of_week_operator.py
[2023-05-18T00:11:46.566+0000] {processor.py:826} INFO - Processing file /home/airflow/.local/lib/python3.7/site-packages/airflow/example_dags/example_branch_day_of_week_operator.py for tasks to queue
[2023-05-18T00:11:46.567+0000] {logging_mixin.py:149} INFO - [2023-05-18T00:11:46.567+0000] {dagbag.py:541} INFO - Filling up the DagBag from /home/airflow/.local/lib/python3.7/site-packages/airflow/example_dags/example_branch_day_of_week_operator.py
[2023-05-18T00:11:46.571+0000] {processor.py:836} INFO - DAG(s) dict_keys(['example_weekday_branch_operator']) retrieved from /home/airflow/.local/lib/python3.7/site-packages/airflow/example_dags/example_branch_day_of_week_operator.py
[2023-05-18T00:11:46.586+0000] {logging_mixin.py:149} INFO - [2023-05-18T00:11:46.586+0000] {dag.py:2726} INFO - Sync 1 DAGs
[2023-05-18T00:11:46.604+0000] {logging_mixin.py:149} INFO - [2023-05-18T00:11:46.604+0000] {dag.py:3490} INFO - Setting next_dagrun for example_weekday_branch_operator to 2023-05-17T00:00:00+00:00, run_after=2023-05-18T00:00:00+00:00
[2023-05-18T00:11:46.617+0000] {processor.py:179} INFO - Processing /home/airflow/.local/lib/python3.7/site-packages/airflow/example_dags/example_branch_day_of_week_operator.py took 0.060 seconds
[2023-05-18T00:12:17.243+0000] {processor.py:157} INFO - Started process (PID=3040) to work on /home/airflow/.local/lib/python3.7/site-packages/airflow/example_dags/example_branch_day_of_week_operator.py
[2023-05-18T00:12:17.247+0000] {processor.py:826} INFO - Processing file /home/airflow/.local/lib/python3.7/site-packages/airflow/example_dags/example_branch_day_of_week_operator.py for tasks to queue
[2023-05-18T00:12:17.247+0000] {logging_mixin.py:149} INFO - [2023-05-18T00:12:17.247+0000] {dagbag.py:541} INFO - Filling up the DagBag from /home/airflow/.local/lib/python3.7/site-packages/airflow/example_dags/example_branch_day_of_week_operator.py
[2023-05-18T00:12:17.253+0000] {processor.py:836} INFO - DAG(s) dict_keys(['example_weekday_branch_operator']) retrieved from /home/airflow/.local/lib/python3.7/site-packages/airflow/example_dags/example_branch_day_of_week_operator.py
[2023-05-18T00:12:17.270+0000] {logging_mixin.py:149} INFO - [2023-05-18T00:12:17.270+0000] {dag.py:2726} INFO - Sync 1 DAGs
[2023-05-18T00:12:17.287+0000] {logging_mixin.py:149} INFO - [2023-05-18T00:12:17.286+0000] {dag.py:3490} INFO - Setting next_dagrun for example_weekday_branch_operator to 2023-05-17T00:00:00+00:00, run_after=2023-05-18T00:00:00+00:00
[2023-05-18T00:12:17.300+0000] {processor.py:179} INFO - Processing /home/airflow/.local/lib/python3.7/site-packages/airflow/example_dags/example_branch_day_of_week_operator.py took 0.059 seconds
[2023-05-18T00:12:47.940+0000] {processor.py:157} INFO - Started process (PID=3104) to work on /home/airflow/.local/lib/python3.7/site-packages/airflow/example_dags/example_branch_day_of_week_operator.py
[2023-05-18T00:12:47.941+0000] {processor.py:826} INFO - Processing file /home/airflow/.local/lib/python3.7/site-packages/airflow/example_dags/example_branch_day_of_week_operator.py for tasks to queue
[2023-05-18T00:12:47.941+0000] {logging_mixin.py:149} INFO - [2023-05-18T00:12:47.941+0000] {dagbag.py:541} INFO - Filling up the DagBag from /home/airflow/.local/lib/python3.7/site-packages/airflow/example_dags/example_branch_day_of_week_operator.py
[2023-05-18T00:12:47.945+0000] {processor.py:836} INFO - DAG(s) dict_keys(['example_weekday_branch_operator']) retrieved from /home/airflow/.local/lib/python3.7/site-packages/airflow/example_dags/example_branch_day_of_week_operator.py
[2023-05-18T00:12:47.961+0000] {logging_mixin.py:149} INFO - [2023-05-18T00:12:47.961+0000] {dag.py:2726} INFO - Sync 1 DAGs
[2023-05-18T00:12:47.976+0000] {logging_mixin.py:149} INFO - [2023-05-18T00:12:47.976+0000] {dag.py:3490} INFO - Setting next_dagrun for example_weekday_branch_operator to 2023-05-17T00:00:00+00:00, run_after=2023-05-18T00:00:00+00:00
[2023-05-18T00:12:47.987+0000] {processor.py:179} INFO - Processing /home/airflow/.local/lib/python3.7/site-packages/airflow/example_dags/example_branch_day_of_week_operator.py took 0.049 seconds
[2023-05-18T00:13:18.674+0000] {processor.py:157} INFO - Started process (PID=3175) to work on /home/airflow/.local/lib/python3.7/site-packages/airflow/example_dags/example_branch_day_of_week_operator.py
[2023-05-18T00:13:18.676+0000] {processor.py:826} INFO - Processing file /home/airflow/.local/lib/python3.7/site-packages/airflow/example_dags/example_branch_day_of_week_operator.py for tasks to queue
[2023-05-18T00:13:18.676+0000] {logging_mixin.py:149} INFO - [2023-05-18T00:13:18.676+0000] {dagbag.py:541} INFO - Filling up the DagBag from /home/airflow/.local/lib/python3.7/site-packages/airflow/example_dags/example_branch_day_of_week_operator.py
[2023-05-18T00:13:18.680+0000] {processor.py:836} INFO - DAG(s) dict_keys(['example_weekday_branch_operator']) retrieved from /home/airflow/.local/lib/python3.7/site-packages/airflow/example_dags/example_branch_day_of_week_operator.py
[2023-05-18T00:13:18.696+0000] {logging_mixin.py:149} INFO - [2023-05-18T00:13:18.696+0000] {dag.py:2726} INFO - Sync 1 DAGs
[2023-05-18T00:13:18.711+0000] {logging_mixin.py:149} INFO - [2023-05-18T00:13:18.711+0000] {dag.py:3490} INFO - Setting next_dagrun for example_weekday_branch_operator to 2023-05-17T00:00:00+00:00, run_after=2023-05-18T00:00:00+00:00
[2023-05-18T00:13:18.724+0000] {processor.py:179} INFO - Processing /home/airflow/.local/lib/python3.7/site-packages/airflow/example_dags/example_branch_day_of_week_operator.py took 0.052 seconds
[2023-05-18T00:13:49.352+0000] {processor.py:157} INFO - Started process (PID=3239) to work on /home/airflow/.local/lib/python3.7/site-packages/airflow/example_dags/example_branch_day_of_week_operator.py
[2023-05-18T00:13:49.359+0000] {processor.py:826} INFO - Processing file /home/airflow/.local/lib/python3.7/site-packages/airflow/example_dags/example_branch_day_of_week_operator.py for tasks to queue
[2023-05-18T00:13:49.360+0000] {logging_mixin.py:149} INFO - [2023-05-18T00:13:49.360+0000] {dagbag.py:541} INFO - Filling up the DagBag from /home/airflow/.local/lib/python3.7/site-packages/airflow/example_dags/example_branch_day_of_week_operator.py
[2023-05-18T00:13:49.364+0000] {processor.py:836} INFO - DAG(s) dict_keys(['example_weekday_branch_operator']) retrieved from /home/airflow/.local/lib/python3.7/site-packages/airflow/example_dags/example_branch_day_of_week_operator.py
[2023-05-18T00:13:49.380+0000] {logging_mixin.py:149} INFO - [2023-05-18T00:13:49.380+0000] {dag.py:2726} INFO - Sync 1 DAGs
[2023-05-18T00:13:49.397+0000] {logging_mixin.py:149} INFO - [2023-05-18T00:13:49.397+0000] {dag.py:3490} INFO - Setting next_dagrun for example_weekday_branch_operator to 2023-05-17T00:00:00+00:00, run_after=2023-05-18T00:00:00+00:00
[2023-05-18T00:13:49.408+0000] {processor.py:179} INFO - Processing /home/airflow/.local/lib/python3.7/site-packages/airflow/example_dags/example_branch_day_of_week_operator.py took 0.058 seconds
[2023-05-18T00:14:19.916+0000] {processor.py:157} INFO - Started process (PID=3303) to work on /home/airflow/.local/lib/python3.7/site-packages/airflow/example_dags/example_branch_day_of_week_operator.py
[2023-05-18T00:14:19.916+0000] {processor.py:826} INFO - Processing file /home/airflow/.local/lib/python3.7/site-packages/airflow/example_dags/example_branch_day_of_week_operator.py for tasks to queue
[2023-05-18T00:14:19.917+0000] {logging_mixin.py:149} INFO - [2023-05-18T00:14:19.917+0000] {dagbag.py:541} INFO - Filling up the DagBag from /home/airflow/.local/lib/python3.7/site-packages/airflow/example_dags/example_branch_day_of_week_operator.py
[2023-05-18T00:14:19.921+0000] {processor.py:836} INFO - DAG(s) dict_keys(['example_weekday_branch_operator']) retrieved from /home/airflow/.local/lib/python3.7/site-packages/airflow/example_dags/example_branch_day_of_week_operator.py
[2023-05-18T00:14:19.935+0000] {logging_mixin.py:149} INFO - [2023-05-18T00:14:19.935+0000] {dag.py:2726} INFO - Sync 1 DAGs
[2023-05-18T00:14:19.950+0000] {logging_mixin.py:149} INFO - [2023-05-18T00:14:19.950+0000] {dag.py:3490} INFO - Setting next_dagrun for example_weekday_branch_operator to 2023-05-17T00:00:00+00:00, run_after=2023-05-18T00:00:00+00:00
[2023-05-18T00:14:19.962+0000] {processor.py:179} INFO - Processing /home/airflow/.local/lib/python3.7/site-packages/airflow/example_dags/example_branch_day_of_week_operator.py took 0.048 seconds
[2023-05-18T00:14:50.604+0000] {processor.py:157} INFO - Started process (PID=3367) to work on /home/airflow/.local/lib/python3.7/site-packages/airflow/example_dags/example_branch_day_of_week_operator.py
[2023-05-18T00:14:50.605+0000] {processor.py:826} INFO - Processing file /home/airflow/.local/lib/python3.7/site-packages/airflow/example_dags/example_branch_day_of_week_operator.py for tasks to queue
[2023-05-18T00:14:50.605+0000] {logging_mixin.py:149} INFO - [2023-05-18T00:14:50.605+0000] {dagbag.py:541} INFO - Filling up the DagBag from /home/airflow/.local/lib/python3.7/site-packages/airflow/example_dags/example_branch_day_of_week_operator.py
[2023-05-18T00:14:50.609+0000] {processor.py:836} INFO - DAG(s) dict_keys(['example_weekday_branch_operator']) retrieved from /home/airflow/.local/lib/python3.7/site-packages/airflow/example_dags/example_branch_day_of_week_operator.py
[2023-05-18T00:14:50.624+0000] {logging_mixin.py:149} INFO - [2023-05-18T00:14:50.624+0000] {dag.py:2726} INFO - Sync 1 DAGs
[2023-05-18T00:14:50.640+0000] {logging_mixin.py:149} INFO - [2023-05-18T00:14:50.639+0000] {dag.py:3490} INFO - Setting next_dagrun for example_weekday_branch_operator to 2023-05-17T00:00:00+00:00, run_after=2023-05-18T00:00:00+00:00
[2023-05-18T00:14:50.653+0000] {processor.py:179} INFO - Processing /home/airflow/.local/lib/python3.7/site-packages/airflow/example_dags/example_branch_day_of_week_operator.py took 0.050 seconds
[2023-05-18T00:15:21.215+0000] {processor.py:157} INFO - Started process (PID=3431) to work on /home/airflow/.local/lib/python3.7/site-packages/airflow/example_dags/example_branch_day_of_week_operator.py
[2023-05-18T00:15:21.215+0000] {processor.py:826} INFO - Processing file /home/airflow/.local/lib/python3.7/site-packages/airflow/example_dags/example_branch_day_of_week_operator.py for tasks to queue
[2023-05-18T00:15:21.215+0000] {logging_mixin.py:149} INFO - [2023-05-18T00:15:21.215+0000] {dagbag.py:541} INFO - Filling up the DagBag from /home/airflow/.local/lib/python3.7/site-packages/airflow/example_dags/example_branch_day_of_week_operator.py
[2023-05-18T00:15:21.219+0000] {processor.py:836} INFO - DAG(s) dict_keys(['example_weekday_branch_operator']) retrieved from /home/airflow/.local/lib/python3.7/site-packages/airflow/example_dags/example_branch_day_of_week_operator.py
[2023-05-18T00:15:21.235+0000] {logging_mixin.py:149} INFO - [2023-05-18T00:15:21.235+0000] {dag.py:2726} INFO - Sync 1 DAGs
[2023-05-18T00:15:21.252+0000] {logging_mixin.py:149} INFO - [2023-05-18T00:15:21.252+0000] {dag.py:3490} INFO - Setting next_dagrun for example_weekday_branch_operator to 2023-05-17T00:00:00+00:00, run_after=2023-05-18T00:00:00+00:00
[2023-05-18T00:15:21.265+0000] {processor.py:179} INFO - Processing /home/airflow/.local/lib/python3.7/site-packages/airflow/example_dags/example_branch_day_of_week_operator.py took 0.052 seconds
[2023-05-18T00:15:51.875+0000] {processor.py:157} INFO - Started process (PID=3495) to work on /home/airflow/.local/lib/python3.7/site-packages/airflow/example_dags/example_branch_day_of_week_operator.py
[2023-05-18T00:15:51.879+0000] {processor.py:826} INFO - Processing file /home/airflow/.local/lib/python3.7/site-packages/airflow/example_dags/example_branch_day_of_week_operator.py for tasks to queue
[2023-05-18T00:15:51.879+0000] {logging_mixin.py:149} INFO - [2023-05-18T00:15:51.879+0000] {dagbag.py:541} INFO - Filling up the DagBag from /home/airflow/.local/lib/python3.7/site-packages/airflow/example_dags/example_branch_day_of_week_operator.py
[2023-05-18T00:15:51.883+0000] {processor.py:836} INFO - DAG(s) dict_keys(['example_weekday_branch_operator']) retrieved from /home/airflow/.local/lib/python3.7/site-packages/airflow/example_dags/example_branch_day_of_week_operator.py
[2023-05-18T00:15:51.898+0000] {logging_mixin.py:149} INFO - [2023-05-18T00:15:51.898+0000] {dag.py:2726} INFO - Sync 1 DAGs
[2023-05-18T00:15:51.914+0000] {logging_mixin.py:149} INFO - [2023-05-18T00:15:51.914+0000] {dag.py:3490} INFO - Setting next_dagrun for example_weekday_branch_operator to 2023-05-17T00:00:00+00:00, run_after=2023-05-18T00:00:00+00:00
[2023-05-18T00:15:51.926+0000] {processor.py:179} INFO - Processing /home/airflow/.local/lib/python3.7/site-packages/airflow/example_dags/example_branch_day_of_week_operator.py took 0.053 seconds
[2023-05-18T00:16:22.468+0000] {processor.py:157} INFO - Started process (PID=3559) to work on /home/airflow/.local/lib/python3.7/site-packages/airflow/example_dags/example_branch_day_of_week_operator.py
[2023-05-18T00:16:22.469+0000] {processor.py:826} INFO - Processing file /home/airflow/.local/lib/python3.7/site-packages/airflow/example_dags/example_branch_day_of_week_operator.py for tasks to queue
[2023-05-18T00:16:22.469+0000] {logging_mixin.py:149} INFO - [2023-05-18T00:16:22.469+0000] {dagbag.py:541} INFO - Filling up the DagBag from /home/airflow/.local/lib/python3.7/site-packages/airflow/example_dags/example_branch_day_of_week_operator.py
[2023-05-18T00:16:22.473+0000] {processor.py:836} INFO - DAG(s) dict_keys(['example_weekday_branch_operator']) retrieved from /home/airflow/.local/lib/python3.7/site-packages/airflow/example_dags/example_branch_day_of_week_operator.py
[2023-05-18T00:16:22.488+0000] {logging_mixin.py:149} INFO - [2023-05-18T00:16:22.488+0000] {dag.py:2726} INFO - Sync 1 DAGs
[2023-05-18T00:16:22.503+0000] {logging_mixin.py:149} INFO - [2023-05-18T00:16:22.503+0000] {dag.py:3490} INFO - Setting next_dagrun for example_weekday_branch_operator to 2023-05-17T00:00:00+00:00, run_after=2023-05-18T00:00:00+00:00
[2023-05-18T00:16:22.517+0000] {processor.py:179} INFO - Processing /home/airflow/.local/lib/python3.7/site-packages/airflow/example_dags/example_branch_day_of_week_operator.py took 0.051 seconds
[2023-05-18T00:16:53.123+0000] {processor.py:157} INFO - Started process (PID=3623) to work on /home/airflow/.local/lib/python3.7/site-packages/airflow/example_dags/example_branch_day_of_week_operator.py
[2023-05-18T00:16:53.124+0000] {processor.py:826} INFO - Processing file /home/airflow/.local/lib/python3.7/site-packages/airflow/example_dags/example_branch_day_of_week_operator.py for tasks to queue
[2023-05-18T00:16:53.124+0000] {logging_mixin.py:149} INFO - [2023-05-18T00:16:53.124+0000] {dagbag.py:541} INFO - Filling up the DagBag from /home/airflow/.local/lib/python3.7/site-packages/airflow/example_dags/example_branch_day_of_week_operator.py
[2023-05-18T00:16:53.130+0000] {processor.py:836} INFO - DAG(s) dict_keys(['example_weekday_branch_operator']) retrieved from /home/airflow/.local/lib/python3.7/site-packages/airflow/example_dags/example_branch_day_of_week_operator.py
[2023-05-18T00:16:53.148+0000] {logging_mixin.py:149} INFO - [2023-05-18T00:16:53.148+0000] {dag.py:2726} INFO - Sync 1 DAGs
[2023-05-18T00:16:53.163+0000] {logging_mixin.py:149} INFO - [2023-05-18T00:16:53.163+0000] {dag.py:3490} INFO - Setting next_dagrun for example_weekday_branch_operator to 2023-05-17T00:00:00+00:00, run_after=2023-05-18T00:00:00+00:00
[2023-05-18T00:16:53.174+0000] {processor.py:179} INFO - Processing /home/airflow/.local/lib/python3.7/site-packages/airflow/example_dags/example_branch_day_of_week_operator.py took 0.053 seconds
