[2023-05-18T00:00:04.696+0000] {processor.py:157} INFO - Started process (PID=1510) to work on /home/airflow/.local/lib/python3.7/site-packages/airflow/example_dags/example_complex.py
[2023-05-18T00:00:04.697+0000] {processor.py:826} INFO - Processing file /home/airflow/.local/lib/python3.7/site-packages/airflow/example_dags/example_complex.py for tasks to queue
[2023-05-18T00:00:04.697+0000] {logging_mixin.py:149} INFO - [2023-05-18T00:00:04.697+0000] {dagbag.py:541} INFO - Filling up the DagBag from /home/airflow/.local/lib/python3.7/site-packages/airflow/example_dags/example_complex.py
[2023-05-18T00:00:04.705+0000] {logging_mixin.py:149} INFO - [2023-05-18T00:00:04.705+0000] {taskmixin.py:211} WARNING - Dependency <Task(BashOperator): create_entry_group>, delete_entry_group already registered for DAG: example_complex
[2023-05-18T00:00:04.706+0000] {logging_mixin.py:149} INFO - [2023-05-18T00:00:04.706+0000] {taskmixin.py:211} WARNING - Dependency <Task(BashOperator): delete_entry_group>, create_entry_group already registered for DAG: example_complex
[2023-05-18T00:00:04.706+0000] {logging_mixin.py:149} INFO - [2023-05-18T00:00:04.706+0000] {taskmixin.py:211} WARNING - Dependency <Task(BashOperator): create_entry_gcs>, delete_entry already registered for DAG: example_complex
[2023-05-18T00:00:04.706+0000] {logging_mixin.py:149} INFO - [2023-05-18T00:00:04.706+0000] {taskmixin.py:211} WARNING - Dependency <Task(BashOperator): delete_entry>, create_entry_gcs already registered for DAG: example_complex
[2023-05-18T00:00:04.706+0000] {logging_mixin.py:149} INFO - [2023-05-18T00:00:04.706+0000] {taskmixin.py:211} WARNING - Dependency <Task(BashOperator): create_tag>, delete_tag already registered for DAG: example_complex
[2023-05-18T00:00:04.706+0000] {logging_mixin.py:149} INFO - [2023-05-18T00:00:04.706+0000] {taskmixin.py:211} WARNING - Dependency <Task(BashOperator): delete_tag>, create_tag already registered for DAG: example_complex
[2023-05-18T00:00:04.707+0000] {processor.py:836} INFO - DAG(s) dict_keys(['example_complex']) retrieved from /home/airflow/.local/lib/python3.7/site-packages/airflow/example_dags/example_complex.py
[2023-05-18T00:00:04.729+0000] {logging_mixin.py:149} INFO - [2023-05-18T00:00:04.729+0000] {dag.py:2726} INFO - Sync 1 DAGs
[2023-05-18T00:00:04.744+0000] {logging_mixin.py:149} INFO - [2023-05-18T00:00:04.744+0000] {dag.py:3490} INFO - Setting next_dagrun for example_complex to None, run_after=None
[2023-05-18T00:00:04.757+0000] {processor.py:179} INFO - Processing /home/airflow/.local/lib/python3.7/site-packages/airflow/example_dags/example_complex.py took 0.063 seconds
[2023-05-18T00:00:35.346+0000] {processor.py:157} INFO - Started process (PID=1574) to work on /home/airflow/.local/lib/python3.7/site-packages/airflow/example_dags/example_complex.py
[2023-05-18T00:00:35.346+0000] {processor.py:826} INFO - Processing file /home/airflow/.local/lib/python3.7/site-packages/airflow/example_dags/example_complex.py for tasks to queue
[2023-05-18T00:00:35.347+0000] {logging_mixin.py:149} INFO - [2023-05-18T00:00:35.347+0000] {dagbag.py:541} INFO - Filling up the DagBag from /home/airflow/.local/lib/python3.7/site-packages/airflow/example_dags/example_complex.py
[2023-05-18T00:00:35.352+0000] {logging_mixin.py:149} INFO - [2023-05-18T00:00:35.352+0000] {taskmixin.py:211} WARNING - Dependency <Task(BashOperator): create_entry_group>, delete_entry_group already registered for DAG: example_complex
[2023-05-18T00:00:35.352+0000] {logging_mixin.py:149} INFO - [2023-05-18T00:00:35.352+0000] {taskmixin.py:211} WARNING - Dependency <Task(BashOperator): delete_entry_group>, create_entry_group already registered for DAG: example_complex
[2023-05-18T00:00:35.352+0000] {logging_mixin.py:149} INFO - [2023-05-18T00:00:35.352+0000] {taskmixin.py:211} WARNING - Dependency <Task(BashOperator): create_entry_gcs>, delete_entry already registered for DAG: example_complex
[2023-05-18T00:00:35.352+0000] {logging_mixin.py:149} INFO - [2023-05-18T00:00:35.352+0000] {taskmixin.py:211} WARNING - Dependency <Task(BashOperator): delete_entry>, create_entry_gcs already registered for DAG: example_complex
[2023-05-18T00:00:35.353+0000] {logging_mixin.py:149} INFO - [2023-05-18T00:00:35.353+0000] {taskmixin.py:211} WARNING - Dependency <Task(BashOperator): create_tag>, delete_tag already registered for DAG: example_complex
[2023-05-18T00:00:35.353+0000] {logging_mixin.py:149} INFO - [2023-05-18T00:00:35.353+0000] {taskmixin.py:211} WARNING - Dependency <Task(BashOperator): delete_tag>, create_tag already registered for DAG: example_complex
[2023-05-18T00:00:35.353+0000] {processor.py:836} INFO - DAG(s) dict_keys(['example_complex']) retrieved from /home/airflow/.local/lib/python3.7/site-packages/airflow/example_dags/example_complex.py
[2023-05-18T00:00:35.378+0000] {logging_mixin.py:149} INFO - [2023-05-18T00:00:35.378+0000] {dag.py:2726} INFO - Sync 1 DAGs
[2023-05-18T00:00:35.394+0000] {logging_mixin.py:149} INFO - [2023-05-18T00:00:35.394+0000] {dag.py:3490} INFO - Setting next_dagrun for example_complex to None, run_after=None
[2023-05-18T00:00:35.412+0000] {processor.py:179} INFO - Processing /home/airflow/.local/lib/python3.7/site-packages/airflow/example_dags/example_complex.py took 0.068 seconds
[2023-05-18T00:01:05.966+0000] {processor.py:157} INFO - Started process (PID=1638) to work on /home/airflow/.local/lib/python3.7/site-packages/airflow/example_dags/example_complex.py
[2023-05-18T00:01:05.967+0000] {processor.py:826} INFO - Processing file /home/airflow/.local/lib/python3.7/site-packages/airflow/example_dags/example_complex.py for tasks to queue
[2023-05-18T00:01:05.967+0000] {logging_mixin.py:149} INFO - [2023-05-18T00:01:05.967+0000] {dagbag.py:541} INFO - Filling up the DagBag from /home/airflow/.local/lib/python3.7/site-packages/airflow/example_dags/example_complex.py
[2023-05-18T00:01:05.972+0000] {logging_mixin.py:149} INFO - [2023-05-18T00:01:05.972+0000] {taskmixin.py:211} WARNING - Dependency <Task(BashOperator): create_entry_group>, delete_entry_group already registered for DAG: example_complex
[2023-05-18T00:01:05.972+0000] {logging_mixin.py:149} INFO - [2023-05-18T00:01:05.972+0000] {taskmixin.py:211} WARNING - Dependency <Task(BashOperator): delete_entry_group>, create_entry_group already registered for DAG: example_complex
[2023-05-18T00:01:05.973+0000] {logging_mixin.py:149} INFO - [2023-05-18T00:01:05.973+0000] {taskmixin.py:211} WARNING - Dependency <Task(BashOperator): create_entry_gcs>, delete_entry already registered for DAG: example_complex
[2023-05-18T00:01:05.973+0000] {logging_mixin.py:149} INFO - [2023-05-18T00:01:05.973+0000] {taskmixin.py:211} WARNING - Dependency <Task(BashOperator): delete_entry>, create_entry_gcs already registered for DAG: example_complex
[2023-05-18T00:01:05.973+0000] {logging_mixin.py:149} INFO - [2023-05-18T00:01:05.973+0000] {taskmixin.py:211} WARNING - Dependency <Task(BashOperator): create_tag>, delete_tag already registered for DAG: example_complex
[2023-05-18T00:01:05.973+0000] {logging_mixin.py:149} INFO - [2023-05-18T00:01:05.973+0000] {taskmixin.py:211} WARNING - Dependency <Task(BashOperator): delete_tag>, create_tag already registered for DAG: example_complex
[2023-05-18T00:01:05.974+0000] {processor.py:836} INFO - DAG(s) dict_keys(['example_complex']) retrieved from /home/airflow/.local/lib/python3.7/site-packages/airflow/example_dags/example_complex.py
[2023-05-18T00:01:05.991+0000] {logging_mixin.py:149} INFO - [2023-05-18T00:01:05.991+0000] {dag.py:2726} INFO - Sync 1 DAGs
[2023-05-18T00:01:06.005+0000] {logging_mixin.py:149} INFO - [2023-05-18T00:01:06.005+0000] {dag.py:3490} INFO - Setting next_dagrun for example_complex to None, run_after=None
[2023-05-18T00:01:06.016+0000] {processor.py:179} INFO - Processing /home/airflow/.local/lib/python3.7/site-packages/airflow/example_dags/example_complex.py took 0.052 seconds
[2023-05-18T00:01:36.517+0000] {processor.py:157} INFO - Started process (PID=1702) to work on /home/airflow/.local/lib/python3.7/site-packages/airflow/example_dags/example_complex.py
[2023-05-18T00:01:36.517+0000] {processor.py:826} INFO - Processing file /home/airflow/.local/lib/python3.7/site-packages/airflow/example_dags/example_complex.py for tasks to queue
[2023-05-18T00:01:36.518+0000] {logging_mixin.py:149} INFO - [2023-05-18T00:01:36.518+0000] {dagbag.py:541} INFO - Filling up the DagBag from /home/airflow/.local/lib/python3.7/site-packages/airflow/example_dags/example_complex.py
[2023-05-18T00:01:36.523+0000] {logging_mixin.py:149} INFO - [2023-05-18T00:01:36.523+0000] {taskmixin.py:211} WARNING - Dependency <Task(BashOperator): create_entry_group>, delete_entry_group already registered for DAG: example_complex
[2023-05-18T00:01:36.523+0000] {logging_mixin.py:149} INFO - [2023-05-18T00:01:36.523+0000] {taskmixin.py:211} WARNING - Dependency <Task(BashOperator): delete_entry_group>, create_entry_group already registered for DAG: example_complex
[2023-05-18T00:01:36.523+0000] {logging_mixin.py:149} INFO - [2023-05-18T00:01:36.523+0000] {taskmixin.py:211} WARNING - Dependency <Task(BashOperator): create_entry_gcs>, delete_entry already registered for DAG: example_complex
[2023-05-18T00:01:36.523+0000] {logging_mixin.py:149} INFO - [2023-05-18T00:01:36.523+0000] {taskmixin.py:211} WARNING - Dependency <Task(BashOperator): delete_entry>, create_entry_gcs already registered for DAG: example_complex
[2023-05-18T00:01:36.523+0000] {logging_mixin.py:149} INFO - [2023-05-18T00:01:36.523+0000] {taskmixin.py:211} WARNING - Dependency <Task(BashOperator): create_tag>, delete_tag already registered for DAG: example_complex
[2023-05-18T00:01:36.524+0000] {logging_mixin.py:149} INFO - [2023-05-18T00:01:36.523+0000] {taskmixin.py:211} WARNING - Dependency <Task(BashOperator): delete_tag>, create_tag already registered for DAG: example_complex
[2023-05-18T00:01:36.524+0000] {processor.py:836} INFO - DAG(s) dict_keys(['example_complex']) retrieved from /home/airflow/.local/lib/python3.7/site-packages/airflow/example_dags/example_complex.py
[2023-05-18T00:01:36.543+0000] {logging_mixin.py:149} INFO - [2023-05-18T00:01:36.543+0000] {dag.py:2726} INFO - Sync 1 DAGs
[2023-05-18T00:01:36.557+0000] {logging_mixin.py:149} INFO - [2023-05-18T00:01:36.557+0000] {dag.py:3490} INFO - Setting next_dagrun for example_complex to None, run_after=None
[2023-05-18T00:01:36.584+0000] {processor.py:179} INFO - Processing /home/airflow/.local/lib/python3.7/site-packages/airflow/example_dags/example_complex.py took 0.069 seconds
[2023-05-18T00:02:07.057+0000] {processor.py:157} INFO - Started process (PID=1766) to work on /home/airflow/.local/lib/python3.7/site-packages/airflow/example_dags/example_complex.py
[2023-05-18T00:02:07.057+0000] {processor.py:826} INFO - Processing file /home/airflow/.local/lib/python3.7/site-packages/airflow/example_dags/example_complex.py for tasks to queue
[2023-05-18T00:02:07.058+0000] {logging_mixin.py:149} INFO - [2023-05-18T00:02:07.058+0000] {dagbag.py:541} INFO - Filling up the DagBag from /home/airflow/.local/lib/python3.7/site-packages/airflow/example_dags/example_complex.py
[2023-05-18T00:02:07.063+0000] {logging_mixin.py:149} INFO - [2023-05-18T00:02:07.063+0000] {taskmixin.py:211} WARNING - Dependency <Task(BashOperator): create_entry_group>, delete_entry_group already registered for DAG: example_complex
[2023-05-18T00:02:07.064+0000] {logging_mixin.py:149} INFO - [2023-05-18T00:02:07.064+0000] {taskmixin.py:211} WARNING - Dependency <Task(BashOperator): delete_entry_group>, create_entry_group already registered for DAG: example_complex
[2023-05-18T00:02:07.064+0000] {logging_mixin.py:149} INFO - [2023-05-18T00:02:07.064+0000] {taskmixin.py:211} WARNING - Dependency <Task(BashOperator): create_entry_gcs>, delete_entry already registered for DAG: example_complex
[2023-05-18T00:02:07.064+0000] {logging_mixin.py:149} INFO - [2023-05-18T00:02:07.064+0000] {taskmixin.py:211} WARNING - Dependency <Task(BashOperator): delete_entry>, create_entry_gcs already registered for DAG: example_complex
[2023-05-18T00:02:07.064+0000] {logging_mixin.py:149} INFO - [2023-05-18T00:02:07.064+0000] {taskmixin.py:211} WARNING - Dependency <Task(BashOperator): create_tag>, delete_tag already registered for DAG: example_complex
[2023-05-18T00:02:07.064+0000] {logging_mixin.py:149} INFO - [2023-05-18T00:02:07.064+0000] {taskmixin.py:211} WARNING - Dependency <Task(BashOperator): delete_tag>, create_tag already registered for DAG: example_complex
[2023-05-18T00:02:07.065+0000] {processor.py:836} INFO - DAG(s) dict_keys(['example_complex']) retrieved from /home/airflow/.local/lib/python3.7/site-packages/airflow/example_dags/example_complex.py
[2023-05-18T00:02:07.084+0000] {logging_mixin.py:149} INFO - [2023-05-18T00:02:07.084+0000] {dag.py:2726} INFO - Sync 1 DAGs
[2023-05-18T00:02:07.098+0000] {logging_mixin.py:149} INFO - [2023-05-18T00:02:07.098+0000] {dag.py:3490} INFO - Setting next_dagrun for example_complex to None, run_after=None
[2023-05-18T00:02:07.125+0000] {processor.py:179} INFO - Processing /home/airflow/.local/lib/python3.7/site-packages/airflow/example_dags/example_complex.py took 0.070 seconds
[2023-05-18T00:02:37.744+0000] {processor.py:157} INFO - Started process (PID=1830) to work on /home/airflow/.local/lib/python3.7/site-packages/airflow/example_dags/example_complex.py
[2023-05-18T00:02:37.752+0000] {processor.py:826} INFO - Processing file /home/airflow/.local/lib/python3.7/site-packages/airflow/example_dags/example_complex.py for tasks to queue
[2023-05-18T00:02:37.753+0000] {logging_mixin.py:149} INFO - [2023-05-18T00:02:37.753+0000] {dagbag.py:541} INFO - Filling up the DagBag from /home/airflow/.local/lib/python3.7/site-packages/airflow/example_dags/example_complex.py
[2023-05-18T00:02:37.759+0000] {logging_mixin.py:149} INFO - [2023-05-18T00:02:37.759+0000] {taskmixin.py:211} WARNING - Dependency <Task(BashOperator): create_entry_group>, delete_entry_group already registered for DAG: example_complex
[2023-05-18T00:02:37.759+0000] {logging_mixin.py:149} INFO - [2023-05-18T00:02:37.759+0000] {taskmixin.py:211} WARNING - Dependency <Task(BashOperator): delete_entry_group>, create_entry_group already registered for DAG: example_complex
[2023-05-18T00:02:37.759+0000] {logging_mixin.py:149} INFO - [2023-05-18T00:02:37.759+0000] {taskmixin.py:211} WARNING - Dependency <Task(BashOperator): create_entry_gcs>, delete_entry already registered for DAG: example_complex
[2023-05-18T00:02:37.759+0000] {logging_mixin.py:149} INFO - [2023-05-18T00:02:37.759+0000] {taskmixin.py:211} WARNING - Dependency <Task(BashOperator): delete_entry>, create_entry_gcs already registered for DAG: example_complex
[2023-05-18T00:02:37.759+0000] {logging_mixin.py:149} INFO - [2023-05-18T00:02:37.759+0000] {taskmixin.py:211} WARNING - Dependency <Task(BashOperator): create_tag>, delete_tag already registered for DAG: example_complex
[2023-05-18T00:02:37.759+0000] {logging_mixin.py:149} INFO - [2023-05-18T00:02:37.759+0000] {taskmixin.py:211} WARNING - Dependency <Task(BashOperator): delete_tag>, create_tag already registered for DAG: example_complex
[2023-05-18T00:02:37.760+0000] {processor.py:836} INFO - DAG(s) dict_keys(['example_complex']) retrieved from /home/airflow/.local/lib/python3.7/site-packages/airflow/example_dags/example_complex.py
[2023-05-18T00:02:37.779+0000] {logging_mixin.py:149} INFO - [2023-05-18T00:02:37.779+0000] {dag.py:2726} INFO - Sync 1 DAGs
[2023-05-18T00:02:37.793+0000] {logging_mixin.py:149} INFO - [2023-05-18T00:02:37.793+0000] {dag.py:3490} INFO - Setting next_dagrun for example_complex to None, run_after=None
[2023-05-18T00:02:37.805+0000] {processor.py:179} INFO - Processing /home/airflow/.local/lib/python3.7/site-packages/airflow/example_dags/example_complex.py took 0.063 seconds
[2023-05-18T00:03:08.460+0000] {processor.py:157} INFO - Started process (PID=1894) to work on /home/airflow/.local/lib/python3.7/site-packages/airflow/example_dags/example_complex.py
[2023-05-18T00:03:08.469+0000] {processor.py:826} INFO - Processing file /home/airflow/.local/lib/python3.7/site-packages/airflow/example_dags/example_complex.py for tasks to queue
[2023-05-18T00:03:08.470+0000] {logging_mixin.py:149} INFO - [2023-05-18T00:03:08.470+0000] {dagbag.py:541} INFO - Filling up the DagBag from /home/airflow/.local/lib/python3.7/site-packages/airflow/example_dags/example_complex.py
[2023-05-18T00:03:08.475+0000] {logging_mixin.py:149} INFO - [2023-05-18T00:03:08.475+0000] {taskmixin.py:211} WARNING - Dependency <Task(BashOperator): create_entry_group>, delete_entry_group already registered for DAG: example_complex
[2023-05-18T00:03:08.475+0000] {logging_mixin.py:149} INFO - [2023-05-18T00:03:08.475+0000] {taskmixin.py:211} WARNING - Dependency <Task(BashOperator): delete_entry_group>, create_entry_group already registered for DAG: example_complex
[2023-05-18T00:03:08.475+0000] {logging_mixin.py:149} INFO - [2023-05-18T00:03:08.475+0000] {taskmixin.py:211} WARNING - Dependency <Task(BashOperator): create_entry_gcs>, delete_entry already registered for DAG: example_complex
[2023-05-18T00:03:08.476+0000] {logging_mixin.py:149} INFO - [2023-05-18T00:03:08.476+0000] {taskmixin.py:211} WARNING - Dependency <Task(BashOperator): delete_entry>, create_entry_gcs already registered for DAG: example_complex
[2023-05-18T00:03:08.476+0000] {logging_mixin.py:149} INFO - [2023-05-18T00:03:08.476+0000] {taskmixin.py:211} WARNING - Dependency <Task(BashOperator): create_tag>, delete_tag already registered for DAG: example_complex
[2023-05-18T00:03:08.476+0000] {logging_mixin.py:149} INFO - [2023-05-18T00:03:08.476+0000] {taskmixin.py:211} WARNING - Dependency <Task(BashOperator): delete_tag>, create_tag already registered for DAG: example_complex
[2023-05-18T00:03:08.477+0000] {processor.py:836} INFO - DAG(s) dict_keys(['example_complex']) retrieved from /home/airflow/.local/lib/python3.7/site-packages/airflow/example_dags/example_complex.py
[2023-05-18T00:03:08.497+0000] {logging_mixin.py:149} INFO - [2023-05-18T00:03:08.497+0000] {dag.py:2726} INFO - Sync 1 DAGs
[2023-05-18T00:03:08.512+0000] {logging_mixin.py:149} INFO - [2023-05-18T00:03:08.511+0000] {dag.py:3490} INFO - Setting next_dagrun for example_complex to None, run_after=None
[2023-05-18T00:03:08.525+0000] {processor.py:179} INFO - Processing /home/airflow/.local/lib/python3.7/site-packages/airflow/example_dags/example_complex.py took 0.067 seconds
[2023-05-18T00:03:39.089+0000] {processor.py:157} INFO - Started process (PID=1958) to work on /home/airflow/.local/lib/python3.7/site-packages/airflow/example_dags/example_complex.py
[2023-05-18T00:03:39.095+0000] {processor.py:826} INFO - Processing file /home/airflow/.local/lib/python3.7/site-packages/airflow/example_dags/example_complex.py for tasks to queue
[2023-05-18T00:03:39.096+0000] {logging_mixin.py:149} INFO - [2023-05-18T00:03:39.096+0000] {dagbag.py:541} INFO - Filling up the DagBag from /home/airflow/.local/lib/python3.7/site-packages/airflow/example_dags/example_complex.py
[2023-05-18T00:03:39.101+0000] {logging_mixin.py:149} INFO - [2023-05-18T00:03:39.101+0000] {taskmixin.py:211} WARNING - Dependency <Task(BashOperator): create_entry_group>, delete_entry_group already registered for DAG: example_complex
[2023-05-18T00:03:39.101+0000] {logging_mixin.py:149} INFO - [2023-05-18T00:03:39.101+0000] {taskmixin.py:211} WARNING - Dependency <Task(BashOperator): delete_entry_group>, create_entry_group already registered for DAG: example_complex
[2023-05-18T00:03:39.102+0000] {logging_mixin.py:149} INFO - [2023-05-18T00:03:39.101+0000] {taskmixin.py:211} WARNING - Dependency <Task(BashOperator): create_entry_gcs>, delete_entry already registered for DAG: example_complex
[2023-05-18T00:03:39.102+0000] {logging_mixin.py:149} INFO - [2023-05-18T00:03:39.102+0000] {taskmixin.py:211} WARNING - Dependency <Task(BashOperator): delete_entry>, create_entry_gcs already registered for DAG: example_complex
[2023-05-18T00:03:39.102+0000] {logging_mixin.py:149} INFO - [2023-05-18T00:03:39.102+0000] {taskmixin.py:211} WARNING - Dependency <Task(BashOperator): create_tag>, delete_tag already registered for DAG: example_complex
[2023-05-18T00:03:39.102+0000] {logging_mixin.py:149} INFO - [2023-05-18T00:03:39.102+0000] {taskmixin.py:211} WARNING - Dependency <Task(BashOperator): delete_tag>, create_tag already registered for DAG: example_complex
[2023-05-18T00:03:39.102+0000] {processor.py:836} INFO - DAG(s) dict_keys(['example_complex']) retrieved from /home/airflow/.local/lib/python3.7/site-packages/airflow/example_dags/example_complex.py
[2023-05-18T00:03:39.122+0000] {logging_mixin.py:149} INFO - [2023-05-18T00:03:39.122+0000] {dag.py:2726} INFO - Sync 1 DAGs
[2023-05-18T00:03:39.136+0000] {logging_mixin.py:149} INFO - [2023-05-18T00:03:39.136+0000] {dag.py:3490} INFO - Setting next_dagrun for example_complex to None, run_after=None
[2023-05-18T00:03:39.149+0000] {processor.py:179} INFO - Processing /home/airflow/.local/lib/python3.7/site-packages/airflow/example_dags/example_complex.py took 0.062 seconds
[2023-05-18T00:04:09.712+0000] {processor.py:157} INFO - Started process (PID=2022) to work on /home/airflow/.local/lib/python3.7/site-packages/airflow/example_dags/example_complex.py
[2023-05-18T00:04:09.713+0000] {processor.py:826} INFO - Processing file /home/airflow/.local/lib/python3.7/site-packages/airflow/example_dags/example_complex.py for tasks to queue
[2023-05-18T00:04:09.714+0000] {logging_mixin.py:149} INFO - [2023-05-18T00:04:09.714+0000] {dagbag.py:541} INFO - Filling up the DagBag from /home/airflow/.local/lib/python3.7/site-packages/airflow/example_dags/example_complex.py
[2023-05-18T00:04:09.719+0000] {logging_mixin.py:149} INFO - [2023-05-18T00:04:09.719+0000] {taskmixin.py:211} WARNING - Dependency <Task(BashOperator): create_entry_group>, delete_entry_group already registered for DAG: example_complex
[2023-05-18T00:04:09.719+0000] {logging_mixin.py:149} INFO - [2023-05-18T00:04:09.719+0000] {taskmixin.py:211} WARNING - Dependency <Task(BashOperator): delete_entry_group>, create_entry_group already registered for DAG: example_complex
[2023-05-18T00:04:09.719+0000] {logging_mixin.py:149} INFO - [2023-05-18T00:04:09.719+0000] {taskmixin.py:211} WARNING - Dependency <Task(BashOperator): create_entry_gcs>, delete_entry already registered for DAG: example_complex
[2023-05-18T00:04:09.719+0000] {logging_mixin.py:149} INFO - [2023-05-18T00:04:09.719+0000] {taskmixin.py:211} WARNING - Dependency <Task(BashOperator): delete_entry>, create_entry_gcs already registered for DAG: example_complex
[2023-05-18T00:04:09.719+0000] {logging_mixin.py:149} INFO - [2023-05-18T00:04:09.719+0000] {taskmixin.py:211} WARNING - Dependency <Task(BashOperator): create_tag>, delete_tag already registered for DAG: example_complex
[2023-05-18T00:04:09.719+0000] {logging_mixin.py:149} INFO - [2023-05-18T00:04:09.719+0000] {taskmixin.py:211} WARNING - Dependency <Task(BashOperator): delete_tag>, create_tag already registered for DAG: example_complex
[2023-05-18T00:04:09.720+0000] {processor.py:836} INFO - DAG(s) dict_keys(['example_complex']) retrieved from /home/airflow/.local/lib/python3.7/site-packages/airflow/example_dags/example_complex.py
[2023-05-18T00:04:09.739+0000] {logging_mixin.py:149} INFO - [2023-05-18T00:04:09.739+0000] {dag.py:2726} INFO - Sync 1 DAGs
[2023-05-18T00:04:09.753+0000] {logging_mixin.py:149} INFO - [2023-05-18T00:04:09.753+0000] {dag.py:3490} INFO - Setting next_dagrun for example_complex to None, run_after=None
[2023-05-18T00:04:09.780+0000] {processor.py:179} INFO - Processing /home/airflow/.local/lib/python3.7/site-packages/airflow/example_dags/example_complex.py took 0.069 seconds
[2023-05-18T00:04:40.341+0000] {processor.py:157} INFO - Started process (PID=2086) to work on /home/airflow/.local/lib/python3.7/site-packages/airflow/example_dags/example_complex.py
[2023-05-18T00:04:40.342+0000] {processor.py:826} INFO - Processing file /home/airflow/.local/lib/python3.7/site-packages/airflow/example_dags/example_complex.py for tasks to queue
[2023-05-18T00:04:40.342+0000] {logging_mixin.py:149} INFO - [2023-05-18T00:04:40.342+0000] {dagbag.py:541} INFO - Filling up the DagBag from /home/airflow/.local/lib/python3.7/site-packages/airflow/example_dags/example_complex.py
[2023-05-18T00:04:40.348+0000] {logging_mixin.py:149} INFO - [2023-05-18T00:04:40.348+0000] {taskmixin.py:211} WARNING - Dependency <Task(BashOperator): create_entry_group>, delete_entry_group already registered for DAG: example_complex
[2023-05-18T00:04:40.349+0000] {logging_mixin.py:149} INFO - [2023-05-18T00:04:40.348+0000] {taskmixin.py:211} WARNING - Dependency <Task(BashOperator): delete_entry_group>, create_entry_group already registered for DAG: example_complex
[2023-05-18T00:04:40.349+0000] {logging_mixin.py:149} INFO - [2023-05-18T00:04:40.349+0000] {taskmixin.py:211} WARNING - Dependency <Task(BashOperator): create_entry_gcs>, delete_entry already registered for DAG: example_complex
[2023-05-18T00:04:40.349+0000] {logging_mixin.py:149} INFO - [2023-05-18T00:04:40.349+0000] {taskmixin.py:211} WARNING - Dependency <Task(BashOperator): delete_entry>, create_entry_gcs already registered for DAG: example_complex
[2023-05-18T00:04:40.349+0000] {logging_mixin.py:149} INFO - [2023-05-18T00:04:40.349+0000] {taskmixin.py:211} WARNING - Dependency <Task(BashOperator): create_tag>, delete_tag already registered for DAG: example_complex
[2023-05-18T00:04:40.349+0000] {logging_mixin.py:149} INFO - [2023-05-18T00:04:40.349+0000] {taskmixin.py:211} WARNING - Dependency <Task(BashOperator): delete_tag>, create_tag already registered for DAG: example_complex
[2023-05-18T00:04:40.350+0000] {processor.py:836} INFO - DAG(s) dict_keys(['example_complex']) retrieved from /home/airflow/.local/lib/python3.7/site-packages/airflow/example_dags/example_complex.py
[2023-05-18T00:04:40.369+0000] {logging_mixin.py:149} INFO - [2023-05-18T00:04:40.369+0000] {dag.py:2726} INFO - Sync 1 DAGs
[2023-05-18T00:04:40.384+0000] {logging_mixin.py:149} INFO - [2023-05-18T00:04:40.384+0000] {dag.py:3490} INFO - Setting next_dagrun for example_complex to None, run_after=None
[2023-05-18T00:04:40.410+0000] {processor.py:179} INFO - Processing /home/airflow/.local/lib/python3.7/site-packages/airflow/example_dags/example_complex.py took 0.071 seconds
[2023-05-18T00:05:10.995+0000] {processor.py:157} INFO - Started process (PID=2150) to work on /home/airflow/.local/lib/python3.7/site-packages/airflow/example_dags/example_complex.py
[2023-05-18T00:05:10.996+0000] {processor.py:826} INFO - Processing file /home/airflow/.local/lib/python3.7/site-packages/airflow/example_dags/example_complex.py for tasks to queue
[2023-05-18T00:05:10.996+0000] {logging_mixin.py:149} INFO - [2023-05-18T00:05:10.996+0000] {dagbag.py:541} INFO - Filling up the DagBag from /home/airflow/.local/lib/python3.7/site-packages/airflow/example_dags/example_complex.py
[2023-05-18T00:05:11.002+0000] {logging_mixin.py:149} INFO - [2023-05-18T00:05:11.002+0000] {taskmixin.py:211} WARNING - Dependency <Task(BashOperator): create_entry_group>, delete_entry_group already registered for DAG: example_complex
[2023-05-18T00:05:11.002+0000] {logging_mixin.py:149} INFO - [2023-05-18T00:05:11.002+0000] {taskmixin.py:211} WARNING - Dependency <Task(BashOperator): delete_entry_group>, create_entry_group already registered for DAG: example_complex
[2023-05-18T00:05:11.003+0000] {logging_mixin.py:149} INFO - [2023-05-18T00:05:11.002+0000] {taskmixin.py:211} WARNING - Dependency <Task(BashOperator): create_entry_gcs>, delete_entry already registered for DAG: example_complex
[2023-05-18T00:05:11.003+0000] {logging_mixin.py:149} INFO - [2023-05-18T00:05:11.003+0000] {taskmixin.py:211} WARNING - Dependency <Task(BashOperator): delete_entry>, create_entry_gcs already registered for DAG: example_complex
[2023-05-18T00:05:11.003+0000] {logging_mixin.py:149} INFO - [2023-05-18T00:05:11.003+0000] {taskmixin.py:211} WARNING - Dependency <Task(BashOperator): create_tag>, delete_tag already registered for DAG: example_complex
[2023-05-18T00:05:11.003+0000] {logging_mixin.py:149} INFO - [2023-05-18T00:05:11.003+0000] {taskmixin.py:211} WARNING - Dependency <Task(BashOperator): delete_tag>, create_tag already registered for DAG: example_complex
[2023-05-18T00:05:11.004+0000] {processor.py:836} INFO - DAG(s) dict_keys(['example_complex']) retrieved from /home/airflow/.local/lib/python3.7/site-packages/airflow/example_dags/example_complex.py
[2023-05-18T00:05:11.025+0000] {logging_mixin.py:149} INFO - [2023-05-18T00:05:11.025+0000] {dag.py:2726} INFO - Sync 1 DAGs
[2023-05-18T00:05:11.041+0000] {logging_mixin.py:149} INFO - [2023-05-18T00:05:11.041+0000] {dag.py:3490} INFO - Setting next_dagrun for example_complex to None, run_after=None
[2023-05-18T00:05:11.065+0000] {processor.py:179} INFO - Processing /home/airflow/.local/lib/python3.7/site-packages/airflow/example_dags/example_complex.py took 0.073 seconds
[2023-05-18T00:05:41.656+0000] {processor.py:157} INFO - Started process (PID=2214) to work on /home/airflow/.local/lib/python3.7/site-packages/airflow/example_dags/example_complex.py
[2023-05-18T00:05:41.657+0000] {processor.py:826} INFO - Processing file /home/airflow/.local/lib/python3.7/site-packages/airflow/example_dags/example_complex.py for tasks to queue
[2023-05-18T00:05:41.657+0000] {logging_mixin.py:149} INFO - [2023-05-18T00:05:41.657+0000] {dagbag.py:541} INFO - Filling up the DagBag from /home/airflow/.local/lib/python3.7/site-packages/airflow/example_dags/example_complex.py
[2023-05-18T00:05:41.663+0000] {logging_mixin.py:149} INFO - [2023-05-18T00:05:41.663+0000] {taskmixin.py:211} WARNING - Dependency <Task(BashOperator): create_entry_group>, delete_entry_group already registered for DAG: example_complex
[2023-05-18T00:05:41.663+0000] {logging_mixin.py:149} INFO - [2023-05-18T00:05:41.663+0000] {taskmixin.py:211} WARNING - Dependency <Task(BashOperator): delete_entry_group>, create_entry_group already registered for DAG: example_complex
[2023-05-18T00:05:41.664+0000] {logging_mixin.py:149} INFO - [2023-05-18T00:05:41.663+0000] {taskmixin.py:211} WARNING - Dependency <Task(BashOperator): create_entry_gcs>, delete_entry already registered for DAG: example_complex
[2023-05-18T00:05:41.664+0000] {logging_mixin.py:149} INFO - [2023-05-18T00:05:41.664+0000] {taskmixin.py:211} WARNING - Dependency <Task(BashOperator): delete_entry>, create_entry_gcs already registered for DAG: example_complex
[2023-05-18T00:05:41.664+0000] {logging_mixin.py:149} INFO - [2023-05-18T00:05:41.664+0000] {taskmixin.py:211} WARNING - Dependency <Task(BashOperator): create_tag>, delete_tag already registered for DAG: example_complex
[2023-05-18T00:05:41.664+0000] {logging_mixin.py:149} INFO - [2023-05-18T00:05:41.664+0000] {taskmixin.py:211} WARNING - Dependency <Task(BashOperator): delete_tag>, create_tag already registered for DAG: example_complex
[2023-05-18T00:05:41.664+0000] {processor.py:836} INFO - DAG(s) dict_keys(['example_complex']) retrieved from /home/airflow/.local/lib/python3.7/site-packages/airflow/example_dags/example_complex.py
[2023-05-18T00:05:41.688+0000] {logging_mixin.py:149} INFO - [2023-05-18T00:05:41.687+0000] {dag.py:2726} INFO - Sync 1 DAGs
[2023-05-18T00:05:41.704+0000] {logging_mixin.py:149} INFO - [2023-05-18T00:05:41.704+0000] {dag.py:3490} INFO - Setting next_dagrun for example_complex to None, run_after=None
[2023-05-18T00:05:41.717+0000] {processor.py:179} INFO - Processing /home/airflow/.local/lib/python3.7/site-packages/airflow/example_dags/example_complex.py took 0.063 seconds
[2023-05-18T00:06:11.759+0000] {processor.py:157} INFO - Started process (PID=2278) to work on /home/airflow/.local/lib/python3.7/site-packages/airflow/example_dags/example_complex.py
[2023-05-18T00:06:11.766+0000] {processor.py:826} INFO - Processing file /home/airflow/.local/lib/python3.7/site-packages/airflow/example_dags/example_complex.py for tasks to queue
[2023-05-18T00:06:11.766+0000] {logging_mixin.py:149} INFO - [2023-05-18T00:06:11.766+0000] {dagbag.py:541} INFO - Filling up the DagBag from /home/airflow/.local/lib/python3.7/site-packages/airflow/example_dags/example_complex.py
[2023-05-18T00:06:11.772+0000] {logging_mixin.py:149} INFO - [2023-05-18T00:06:11.772+0000] {taskmixin.py:211} WARNING - Dependency <Task(BashOperator): create_entry_group>, delete_entry_group already registered for DAG: example_complex
[2023-05-18T00:06:11.772+0000] {logging_mixin.py:149} INFO - [2023-05-18T00:06:11.772+0000] {taskmixin.py:211} WARNING - Dependency <Task(BashOperator): delete_entry_group>, create_entry_group already registered for DAG: example_complex
[2023-05-18T00:06:11.772+0000] {logging_mixin.py:149} INFO - [2023-05-18T00:06:11.772+0000] {taskmixin.py:211} WARNING - Dependency <Task(BashOperator): create_entry_gcs>, delete_entry already registered for DAG: example_complex
[2023-05-18T00:06:11.772+0000] {logging_mixin.py:149} INFO - [2023-05-18T00:06:11.772+0000] {taskmixin.py:211} WARNING - Dependency <Task(BashOperator): delete_entry>, create_entry_gcs already registered for DAG: example_complex
[2023-05-18T00:06:11.773+0000] {logging_mixin.py:149} INFO - [2023-05-18T00:06:11.773+0000] {taskmixin.py:211} WARNING - Dependency <Task(BashOperator): create_tag>, delete_tag already registered for DAG: example_complex
[2023-05-18T00:06:11.773+0000] {logging_mixin.py:149} INFO - [2023-05-18T00:06:11.773+0000] {taskmixin.py:211} WARNING - Dependency <Task(BashOperator): delete_tag>, create_tag already registered for DAG: example_complex
[2023-05-18T00:06:11.773+0000] {processor.py:836} INFO - DAG(s) dict_keys(['example_complex']) retrieved from /home/airflow/.local/lib/python3.7/site-packages/airflow/example_dags/example_complex.py
[2023-05-18T00:06:11.797+0000] {logging_mixin.py:149} INFO - [2023-05-18T00:06:11.797+0000] {dag.py:2726} INFO - Sync 1 DAGs
[2023-05-18T00:06:11.812+0000] {logging_mixin.py:149} INFO - [2023-05-18T00:06:11.812+0000] {dag.py:3490} INFO - Setting next_dagrun for example_complex to None, run_after=None
[2023-05-18T00:06:11.825+0000] {processor.py:179} INFO - Processing /home/airflow/.local/lib/python3.7/site-packages/airflow/example_dags/example_complex.py took 0.069 seconds
[2023-05-18T00:06:41.934+0000] {processor.py:157} INFO - Started process (PID=2342) to work on /home/airflow/.local/lib/python3.7/site-packages/airflow/example_dags/example_complex.py
[2023-05-18T00:06:41.941+0000] {processor.py:826} INFO - Processing file /home/airflow/.local/lib/python3.7/site-packages/airflow/example_dags/example_complex.py for tasks to queue
[2023-05-18T00:06:41.942+0000] {logging_mixin.py:149} INFO - [2023-05-18T00:06:41.942+0000] {dagbag.py:541} INFO - Filling up the DagBag from /home/airflow/.local/lib/python3.7/site-packages/airflow/example_dags/example_complex.py
[2023-05-18T00:06:41.948+0000] {logging_mixin.py:149} INFO - [2023-05-18T00:06:41.948+0000] {taskmixin.py:211} WARNING - Dependency <Task(BashOperator): create_entry_group>, delete_entry_group already registered for DAG: example_complex
[2023-05-18T00:06:41.948+0000] {logging_mixin.py:149} INFO - [2023-05-18T00:06:41.948+0000] {taskmixin.py:211} WARNING - Dependency <Task(BashOperator): delete_entry_group>, create_entry_group already registered for DAG: example_complex
[2023-05-18T00:06:41.948+0000] {logging_mixin.py:149} INFO - [2023-05-18T00:06:41.948+0000] {taskmixin.py:211} WARNING - Dependency <Task(BashOperator): create_entry_gcs>, delete_entry already registered for DAG: example_complex
[2023-05-18T00:06:41.948+0000] {logging_mixin.py:149} INFO - [2023-05-18T00:06:41.948+0000] {taskmixin.py:211} WARNING - Dependency <Task(BashOperator): delete_entry>, create_entry_gcs already registered for DAG: example_complex
[2023-05-18T00:06:41.948+0000] {logging_mixin.py:149} INFO - [2023-05-18T00:06:41.948+0000] {taskmixin.py:211} WARNING - Dependency <Task(BashOperator): create_tag>, delete_tag already registered for DAG: example_complex
[2023-05-18T00:06:41.948+0000] {logging_mixin.py:149} INFO - [2023-05-18T00:06:41.948+0000] {taskmixin.py:211} WARNING - Dependency <Task(BashOperator): delete_tag>, create_tag already registered for DAG: example_complex
[2023-05-18T00:06:41.949+0000] {processor.py:836} INFO - DAG(s) dict_keys(['example_complex']) retrieved from /home/airflow/.local/lib/python3.7/site-packages/airflow/example_dags/example_complex.py
[2023-05-18T00:06:41.969+0000] {logging_mixin.py:149} INFO - [2023-05-18T00:06:41.969+0000] {dag.py:2726} INFO - Sync 1 DAGs
[2023-05-18T00:06:41.983+0000] {logging_mixin.py:149} INFO - [2023-05-18T00:06:41.983+0000] {dag.py:3490} INFO - Setting next_dagrun for example_complex to None, run_after=None
[2023-05-18T00:06:41.996+0000] {processor.py:179} INFO - Processing /home/airflow/.local/lib/python3.7/site-packages/airflow/example_dags/example_complex.py took 0.064 seconds
[2023-05-18T00:07:12.068+0000] {processor.py:157} INFO - Started process (PID=2406) to work on /home/airflow/.local/lib/python3.7/site-packages/airflow/example_dags/example_complex.py
[2023-05-18T00:07:12.074+0000] {processor.py:826} INFO - Processing file /home/airflow/.local/lib/python3.7/site-packages/airflow/example_dags/example_complex.py for tasks to queue
[2023-05-18T00:07:12.074+0000] {logging_mixin.py:149} INFO - [2023-05-18T00:07:12.074+0000] {dagbag.py:541} INFO - Filling up the DagBag from /home/airflow/.local/lib/python3.7/site-packages/airflow/example_dags/example_complex.py
[2023-05-18T00:07:12.080+0000] {logging_mixin.py:149} INFO - [2023-05-18T00:07:12.080+0000] {taskmixin.py:211} WARNING - Dependency <Task(BashOperator): create_entry_group>, delete_entry_group already registered for DAG: example_complex
[2023-05-18T00:07:12.080+0000] {logging_mixin.py:149} INFO - [2023-05-18T00:07:12.080+0000] {taskmixin.py:211} WARNING - Dependency <Task(BashOperator): delete_entry_group>, create_entry_group already registered for DAG: example_complex
[2023-05-18T00:07:12.081+0000] {logging_mixin.py:149} INFO - [2023-05-18T00:07:12.081+0000] {taskmixin.py:211} WARNING - Dependency <Task(BashOperator): create_entry_gcs>, delete_entry already registered for DAG: example_complex
[2023-05-18T00:07:12.081+0000] {logging_mixin.py:149} INFO - [2023-05-18T00:07:12.081+0000] {taskmixin.py:211} WARNING - Dependency <Task(BashOperator): delete_entry>, create_entry_gcs already registered for DAG: example_complex
[2023-05-18T00:07:12.081+0000] {logging_mixin.py:149} INFO - [2023-05-18T00:07:12.081+0000] {taskmixin.py:211} WARNING - Dependency <Task(BashOperator): create_tag>, delete_tag already registered for DAG: example_complex
[2023-05-18T00:07:12.081+0000] {logging_mixin.py:149} INFO - [2023-05-18T00:07:12.081+0000] {taskmixin.py:211} WARNING - Dependency <Task(BashOperator): delete_tag>, create_tag already registered for DAG: example_complex
[2023-05-18T00:07:12.082+0000] {processor.py:836} INFO - DAG(s) dict_keys(['example_complex']) retrieved from /home/airflow/.local/lib/python3.7/site-packages/airflow/example_dags/example_complex.py
[2023-05-18T00:07:12.100+0000] {logging_mixin.py:149} INFO - [2023-05-18T00:07:12.100+0000] {dag.py:2726} INFO - Sync 1 DAGs
[2023-05-18T00:07:12.114+0000] {logging_mixin.py:149} INFO - [2023-05-18T00:07:12.114+0000] {dag.py:3490} INFO - Setting next_dagrun for example_complex to None, run_after=None
[2023-05-18T00:07:12.125+0000] {processor.py:179} INFO - Processing /home/airflow/.local/lib/python3.7/site-packages/airflow/example_dags/example_complex.py took 0.059 seconds
[2023-05-18T00:07:42.775+0000] {processor.py:157} INFO - Started process (PID=2469) to work on /home/airflow/.local/lib/python3.7/site-packages/airflow/example_dags/example_complex.py
[2023-05-18T00:07:42.776+0000] {processor.py:826} INFO - Processing file /home/airflow/.local/lib/python3.7/site-packages/airflow/example_dags/example_complex.py for tasks to queue
[2023-05-18T00:07:42.776+0000] {logging_mixin.py:149} INFO - [2023-05-18T00:07:42.776+0000] {dagbag.py:541} INFO - Filling up the DagBag from /home/airflow/.local/lib/python3.7/site-packages/airflow/example_dags/example_complex.py
[2023-05-18T00:07:42.782+0000] {logging_mixin.py:149} INFO - [2023-05-18T00:07:42.782+0000] {taskmixin.py:211} WARNING - Dependency <Task(BashOperator): create_entry_group>, delete_entry_group already registered for DAG: example_complex
[2023-05-18T00:07:42.782+0000] {logging_mixin.py:149} INFO - [2023-05-18T00:07:42.782+0000] {taskmixin.py:211} WARNING - Dependency <Task(BashOperator): delete_entry_group>, create_entry_group already registered for DAG: example_complex
[2023-05-18T00:07:42.782+0000] {logging_mixin.py:149} INFO - [2023-05-18T00:07:42.782+0000] {taskmixin.py:211} WARNING - Dependency <Task(BashOperator): create_entry_gcs>, delete_entry already registered for DAG: example_complex
[2023-05-18T00:07:42.782+0000] {logging_mixin.py:149} INFO - [2023-05-18T00:07:42.782+0000] {taskmixin.py:211} WARNING - Dependency <Task(BashOperator): delete_entry>, create_entry_gcs already registered for DAG: example_complex
[2023-05-18T00:07:42.782+0000] {logging_mixin.py:149} INFO - [2023-05-18T00:07:42.782+0000] {taskmixin.py:211} WARNING - Dependency <Task(BashOperator): create_tag>, delete_tag already registered for DAG: example_complex
[2023-05-18T00:07:42.782+0000] {logging_mixin.py:149} INFO - [2023-05-18T00:07:42.782+0000] {taskmixin.py:211} WARNING - Dependency <Task(BashOperator): delete_tag>, create_tag already registered for DAG: example_complex
[2023-05-18T00:07:42.783+0000] {processor.py:836} INFO - DAG(s) dict_keys(['example_complex']) retrieved from /home/airflow/.local/lib/python3.7/site-packages/airflow/example_dags/example_complex.py
[2023-05-18T00:07:42.801+0000] {logging_mixin.py:149} INFO - [2023-05-18T00:07:42.801+0000] {dag.py:2726} INFO - Sync 1 DAGs
[2023-05-18T00:07:42.815+0000] {logging_mixin.py:149} INFO - [2023-05-18T00:07:42.815+0000] {dag.py:3490} INFO - Setting next_dagrun for example_complex to None, run_after=None
[2023-05-18T00:07:42.843+0000] {processor.py:179} INFO - Processing /home/airflow/.local/lib/python3.7/site-packages/airflow/example_dags/example_complex.py took 0.070 seconds
[2023-05-18T00:08:13.586+0000] {processor.py:157} INFO - Started process (PID=2533) to work on /home/airflow/.local/lib/python3.7/site-packages/airflow/example_dags/example_complex.py
[2023-05-18T00:08:13.587+0000] {processor.py:826} INFO - Processing file /home/airflow/.local/lib/python3.7/site-packages/airflow/example_dags/example_complex.py for tasks to queue
[2023-05-18T00:08:13.587+0000] {logging_mixin.py:149} INFO - [2023-05-18T00:08:13.587+0000] {dagbag.py:541} INFO - Filling up the DagBag from /home/airflow/.local/lib/python3.7/site-packages/airflow/example_dags/example_complex.py
[2023-05-18T00:08:13.593+0000] {logging_mixin.py:149} INFO - [2023-05-18T00:08:13.593+0000] {taskmixin.py:211} WARNING - Dependency <Task(BashOperator): create_entry_group>, delete_entry_group already registered for DAG: example_complex
[2023-05-18T00:08:13.593+0000] {logging_mixin.py:149} INFO - [2023-05-18T00:08:13.593+0000] {taskmixin.py:211} WARNING - Dependency <Task(BashOperator): delete_entry_group>, create_entry_group already registered for DAG: example_complex
[2023-05-18T00:08:13.593+0000] {logging_mixin.py:149} INFO - [2023-05-18T00:08:13.593+0000] {taskmixin.py:211} WARNING - Dependency <Task(BashOperator): create_entry_gcs>, delete_entry already registered for DAG: example_complex
[2023-05-18T00:08:13.593+0000] {logging_mixin.py:149} INFO - [2023-05-18T00:08:13.593+0000] {taskmixin.py:211} WARNING - Dependency <Task(BashOperator): delete_entry>, create_entry_gcs already registered for DAG: example_complex
[2023-05-18T00:08:13.593+0000] {logging_mixin.py:149} INFO - [2023-05-18T00:08:13.593+0000] {taskmixin.py:211} WARNING - Dependency <Task(BashOperator): create_tag>, delete_tag already registered for DAG: example_complex
[2023-05-18T00:08:13.593+0000] {logging_mixin.py:149} INFO - [2023-05-18T00:08:13.593+0000] {taskmixin.py:211} WARNING - Dependency <Task(BashOperator): delete_tag>, create_tag already registered for DAG: example_complex
[2023-05-18T00:08:13.594+0000] {processor.py:836} INFO - DAG(s) dict_keys(['example_complex']) retrieved from /home/airflow/.local/lib/python3.7/site-packages/airflow/example_dags/example_complex.py
[2023-05-18T00:08:13.612+0000] {logging_mixin.py:149} INFO - [2023-05-18T00:08:13.612+0000] {dag.py:2726} INFO - Sync 1 DAGs
[2023-05-18T00:08:13.626+0000] {logging_mixin.py:149} INFO - [2023-05-18T00:08:13.626+0000] {dag.py:3490} INFO - Setting next_dagrun for example_complex to None, run_after=None
[2023-05-18T00:08:13.638+0000] {processor.py:179} INFO - Processing /home/airflow/.local/lib/python3.7/site-packages/airflow/example_dags/example_complex.py took 0.053 seconds
[2023-05-18T00:08:44.386+0000] {processor.py:157} INFO - Started process (PID=2597) to work on /home/airflow/.local/lib/python3.7/site-packages/airflow/example_dags/example_complex.py
[2023-05-18T00:08:44.387+0000] {processor.py:826} INFO - Processing file /home/airflow/.local/lib/python3.7/site-packages/airflow/example_dags/example_complex.py for tasks to queue
[2023-05-18T00:08:44.387+0000] {logging_mixin.py:149} INFO - [2023-05-18T00:08:44.387+0000] {dagbag.py:541} INFO - Filling up the DagBag from /home/airflow/.local/lib/python3.7/site-packages/airflow/example_dags/example_complex.py
[2023-05-18T00:08:44.393+0000] {logging_mixin.py:149} INFO - [2023-05-18T00:08:44.393+0000] {taskmixin.py:211} WARNING - Dependency <Task(BashOperator): create_entry_group>, delete_entry_group already registered for DAG: example_complex
[2023-05-18T00:08:44.393+0000] {logging_mixin.py:149} INFO - [2023-05-18T00:08:44.393+0000] {taskmixin.py:211} WARNING - Dependency <Task(BashOperator): delete_entry_group>, create_entry_group already registered for DAG: example_complex
[2023-05-18T00:08:44.393+0000] {logging_mixin.py:149} INFO - [2023-05-18T00:08:44.393+0000] {taskmixin.py:211} WARNING - Dependency <Task(BashOperator): create_entry_gcs>, delete_entry already registered for DAG: example_complex
[2023-05-18T00:08:44.393+0000] {logging_mixin.py:149} INFO - [2023-05-18T00:08:44.393+0000] {taskmixin.py:211} WARNING - Dependency <Task(BashOperator): delete_entry>, create_entry_gcs already registered for DAG: example_complex
[2023-05-18T00:08:44.393+0000] {logging_mixin.py:149} INFO - [2023-05-18T00:08:44.393+0000] {taskmixin.py:211} WARNING - Dependency <Task(BashOperator): create_tag>, delete_tag already registered for DAG: example_complex
[2023-05-18T00:08:44.393+0000] {logging_mixin.py:149} INFO - [2023-05-18T00:08:44.393+0000] {taskmixin.py:211} WARNING - Dependency <Task(BashOperator): delete_tag>, create_tag already registered for DAG: example_complex
[2023-05-18T00:08:44.394+0000] {processor.py:836} INFO - DAG(s) dict_keys(['example_complex']) retrieved from /home/airflow/.local/lib/python3.7/site-packages/airflow/example_dags/example_complex.py
[2023-05-18T00:08:44.414+0000] {logging_mixin.py:149} INFO - [2023-05-18T00:08:44.414+0000] {dag.py:2726} INFO - Sync 1 DAGs
[2023-05-18T00:08:44.428+0000] {logging_mixin.py:149} INFO - [2023-05-18T00:08:44.428+0000] {dag.py:3490} INFO - Setting next_dagrun for example_complex to None, run_after=None
[2023-05-18T00:08:44.454+0000] {processor.py:179} INFO - Processing /home/airflow/.local/lib/python3.7/site-packages/airflow/example_dags/example_complex.py took 0.070 seconds
[2023-05-18T00:09:15.107+0000] {processor.py:157} INFO - Started process (PID=2661) to work on /home/airflow/.local/lib/python3.7/site-packages/airflow/example_dags/example_complex.py
[2023-05-18T00:09:15.108+0000] {processor.py:826} INFO - Processing file /home/airflow/.local/lib/python3.7/site-packages/airflow/example_dags/example_complex.py for tasks to queue
[2023-05-18T00:09:15.108+0000] {logging_mixin.py:149} INFO - [2023-05-18T00:09:15.108+0000] {dagbag.py:541} INFO - Filling up the DagBag from /home/airflow/.local/lib/python3.7/site-packages/airflow/example_dags/example_complex.py
[2023-05-18T00:09:15.116+0000] {logging_mixin.py:149} INFO - [2023-05-18T00:09:15.116+0000] {taskmixin.py:211} WARNING - Dependency <Task(BashOperator): create_entry_group>, delete_entry_group already registered for DAG: example_complex
[2023-05-18T00:09:15.116+0000] {logging_mixin.py:149} INFO - [2023-05-18T00:09:15.116+0000] {taskmixin.py:211} WARNING - Dependency <Task(BashOperator): delete_entry_group>, create_entry_group already registered for DAG: example_complex
[2023-05-18T00:09:15.116+0000] {logging_mixin.py:149} INFO - [2023-05-18T00:09:15.116+0000] {taskmixin.py:211} WARNING - Dependency <Task(BashOperator): create_entry_gcs>, delete_entry already registered for DAG: example_complex
[2023-05-18T00:09:15.116+0000] {logging_mixin.py:149} INFO - [2023-05-18T00:09:15.116+0000] {taskmixin.py:211} WARNING - Dependency <Task(BashOperator): delete_entry>, create_entry_gcs already registered for DAG: example_complex
[2023-05-18T00:09:15.117+0000] {logging_mixin.py:149} INFO - [2023-05-18T00:09:15.117+0000] {taskmixin.py:211} WARNING - Dependency <Task(BashOperator): create_tag>, delete_tag already registered for DAG: example_complex
[2023-05-18T00:09:15.117+0000] {logging_mixin.py:149} INFO - [2023-05-18T00:09:15.117+0000] {taskmixin.py:211} WARNING - Dependency <Task(BashOperator): delete_tag>, create_tag already registered for DAG: example_complex
[2023-05-18T00:09:15.118+0000] {processor.py:836} INFO - DAG(s) dict_keys(['example_complex']) retrieved from /home/airflow/.local/lib/python3.7/site-packages/airflow/example_dags/example_complex.py
[2023-05-18T00:09:15.141+0000] {logging_mixin.py:149} INFO - [2023-05-18T00:09:15.141+0000] {dag.py:2726} INFO - Sync 1 DAGs
[2023-05-18T00:09:15.156+0000] {logging_mixin.py:149} INFO - [2023-05-18T00:09:15.156+0000] {dag.py:3490} INFO - Setting next_dagrun for example_complex to None, run_after=None
[2023-05-18T00:09:15.170+0000] {processor.py:179} INFO - Processing /home/airflow/.local/lib/python3.7/site-packages/airflow/example_dags/example_complex.py took 0.065 seconds
[2023-05-18T00:09:45.844+0000] {processor.py:157} INFO - Started process (PID=2725) to work on /home/airflow/.local/lib/python3.7/site-packages/airflow/example_dags/example_complex.py
[2023-05-18T00:09:45.851+0000] {processor.py:826} INFO - Processing file /home/airflow/.local/lib/python3.7/site-packages/airflow/example_dags/example_complex.py for tasks to queue
[2023-05-18T00:09:45.851+0000] {logging_mixin.py:149} INFO - [2023-05-18T00:09:45.851+0000] {dagbag.py:541} INFO - Filling up the DagBag from /home/airflow/.local/lib/python3.7/site-packages/airflow/example_dags/example_complex.py
[2023-05-18T00:09:45.859+0000] {logging_mixin.py:149} INFO - [2023-05-18T00:09:45.859+0000] {taskmixin.py:211} WARNING - Dependency <Task(BashOperator): create_entry_group>, delete_entry_group already registered for DAG: example_complex
[2023-05-18T00:09:45.859+0000] {logging_mixin.py:149} INFO - [2023-05-18T00:09:45.859+0000] {taskmixin.py:211} WARNING - Dependency <Task(BashOperator): delete_entry_group>, create_entry_group already registered for DAG: example_complex
[2023-05-18T00:09:45.859+0000] {logging_mixin.py:149} INFO - [2023-05-18T00:09:45.859+0000] {taskmixin.py:211} WARNING - Dependency <Task(BashOperator): create_entry_gcs>, delete_entry already registered for DAG: example_complex
[2023-05-18T00:09:45.860+0000] {logging_mixin.py:149} INFO - [2023-05-18T00:09:45.859+0000] {taskmixin.py:211} WARNING - Dependency <Task(BashOperator): delete_entry>, create_entry_gcs already registered for DAG: example_complex
[2023-05-18T00:09:45.860+0000] {logging_mixin.py:149} INFO - [2023-05-18T00:09:45.860+0000] {taskmixin.py:211} WARNING - Dependency <Task(BashOperator): create_tag>, delete_tag already registered for DAG: example_complex
[2023-05-18T00:09:45.860+0000] {logging_mixin.py:149} INFO - [2023-05-18T00:09:45.860+0000] {taskmixin.py:211} WARNING - Dependency <Task(BashOperator): delete_tag>, create_tag already registered for DAG: example_complex
[2023-05-18T00:09:45.861+0000] {processor.py:836} INFO - DAG(s) dict_keys(['example_complex']) retrieved from /home/airflow/.local/lib/python3.7/site-packages/airflow/example_dags/example_complex.py
[2023-05-18T00:09:45.893+0000] {logging_mixin.py:149} INFO - [2023-05-18T00:09:45.893+0000] {dag.py:2726} INFO - Sync 1 DAGs
[2023-05-18T00:09:45.911+0000] {logging_mixin.py:149} INFO - [2023-05-18T00:09:45.911+0000] {dag.py:3490} INFO - Setting next_dagrun for example_complex to None, run_after=None
[2023-05-18T00:09:45.927+0000] {processor.py:179} INFO - Processing /home/airflow/.local/lib/python3.7/site-packages/airflow/example_dags/example_complex.py took 0.086 seconds
[2023-05-18T00:10:16.555+0000] {processor.py:157} INFO - Started process (PID=2789) to work on /home/airflow/.local/lib/python3.7/site-packages/airflow/example_dags/example_complex.py
[2023-05-18T00:10:16.562+0000] {processor.py:826} INFO - Processing file /home/airflow/.local/lib/python3.7/site-packages/airflow/example_dags/example_complex.py for tasks to queue
[2023-05-18T00:10:16.562+0000] {logging_mixin.py:149} INFO - [2023-05-18T00:10:16.562+0000] {dagbag.py:541} INFO - Filling up the DagBag from /home/airflow/.local/lib/python3.7/site-packages/airflow/example_dags/example_complex.py
[2023-05-18T00:10:16.568+0000] {logging_mixin.py:149} INFO - [2023-05-18T00:10:16.568+0000] {taskmixin.py:211} WARNING - Dependency <Task(BashOperator): create_entry_group>, delete_entry_group already registered for DAG: example_complex
[2023-05-18T00:10:16.568+0000] {logging_mixin.py:149} INFO - [2023-05-18T00:10:16.568+0000] {taskmixin.py:211} WARNING - Dependency <Task(BashOperator): delete_entry_group>, create_entry_group already registered for DAG: example_complex
[2023-05-18T00:10:16.568+0000] {logging_mixin.py:149} INFO - [2023-05-18T00:10:16.568+0000] {taskmixin.py:211} WARNING - Dependency <Task(BashOperator): create_entry_gcs>, delete_entry already registered for DAG: example_complex
[2023-05-18T00:10:16.568+0000] {logging_mixin.py:149} INFO - [2023-05-18T00:10:16.568+0000] {taskmixin.py:211} WARNING - Dependency <Task(BashOperator): delete_entry>, create_entry_gcs already registered for DAG: example_complex
[2023-05-18T00:10:16.569+0000] {logging_mixin.py:149} INFO - [2023-05-18T00:10:16.568+0000] {taskmixin.py:211} WARNING - Dependency <Task(BashOperator): create_tag>, delete_tag already registered for DAG: example_complex
[2023-05-18T00:10:16.569+0000] {logging_mixin.py:149} INFO - [2023-05-18T00:10:16.569+0000] {taskmixin.py:211} WARNING - Dependency <Task(BashOperator): delete_tag>, create_tag already registered for DAG: example_complex
[2023-05-18T00:10:16.569+0000] {processor.py:836} INFO - DAG(s) dict_keys(['example_complex']) retrieved from /home/airflow/.local/lib/python3.7/site-packages/airflow/example_dags/example_complex.py
[2023-05-18T00:10:16.591+0000] {logging_mixin.py:149} INFO - [2023-05-18T00:10:16.591+0000] {dag.py:2726} INFO - Sync 1 DAGs
[2023-05-18T00:10:16.606+0000] {logging_mixin.py:149} INFO - [2023-05-18T00:10:16.606+0000] {dag.py:3490} INFO - Setting next_dagrun for example_complex to None, run_after=None
[2023-05-18T00:10:16.622+0000] {processor.py:179} INFO - Processing /home/airflow/.local/lib/python3.7/site-packages/airflow/example_dags/example_complex.py took 0.069 seconds
[2023-05-18T00:10:47.303+0000] {processor.py:157} INFO - Started process (PID=2853) to work on /home/airflow/.local/lib/python3.7/site-packages/airflow/example_dags/example_complex.py
[2023-05-18T00:10:47.311+0000] {processor.py:826} INFO - Processing file /home/airflow/.local/lib/python3.7/site-packages/airflow/example_dags/example_complex.py for tasks to queue
[2023-05-18T00:10:47.311+0000] {logging_mixin.py:149} INFO - [2023-05-18T00:10:47.311+0000] {dagbag.py:541} INFO - Filling up the DagBag from /home/airflow/.local/lib/python3.7/site-packages/airflow/example_dags/example_complex.py
[2023-05-18T00:10:47.317+0000] {logging_mixin.py:149} INFO - [2023-05-18T00:10:47.317+0000] {taskmixin.py:211} WARNING - Dependency <Task(BashOperator): create_entry_group>, delete_entry_group already registered for DAG: example_complex
[2023-05-18T00:10:47.317+0000] {logging_mixin.py:149} INFO - [2023-05-18T00:10:47.317+0000] {taskmixin.py:211} WARNING - Dependency <Task(BashOperator): delete_entry_group>, create_entry_group already registered for DAG: example_complex
[2023-05-18T00:10:47.317+0000] {logging_mixin.py:149} INFO - [2023-05-18T00:10:47.317+0000] {taskmixin.py:211} WARNING - Dependency <Task(BashOperator): create_entry_gcs>, delete_entry already registered for DAG: example_complex
[2023-05-18T00:10:47.317+0000] {logging_mixin.py:149} INFO - [2023-05-18T00:10:47.317+0000] {taskmixin.py:211} WARNING - Dependency <Task(BashOperator): delete_entry>, create_entry_gcs already registered for DAG: example_complex
[2023-05-18T00:10:47.317+0000] {logging_mixin.py:149} INFO - [2023-05-18T00:10:47.317+0000] {taskmixin.py:211} WARNING - Dependency <Task(BashOperator): create_tag>, delete_tag already registered for DAG: example_complex
[2023-05-18T00:10:47.317+0000] {logging_mixin.py:149} INFO - [2023-05-18T00:10:47.317+0000] {taskmixin.py:211} WARNING - Dependency <Task(BashOperator): delete_tag>, create_tag already registered for DAG: example_complex
[2023-05-18T00:10:47.318+0000] {processor.py:836} INFO - DAG(s) dict_keys(['example_complex']) retrieved from /home/airflow/.local/lib/python3.7/site-packages/airflow/example_dags/example_complex.py
[2023-05-18T00:10:47.337+0000] {logging_mixin.py:149} INFO - [2023-05-18T00:10:47.337+0000] {dag.py:2726} INFO - Sync 1 DAGs
[2023-05-18T00:10:47.351+0000] {logging_mixin.py:149} INFO - [2023-05-18T00:10:47.351+0000] {dag.py:3490} INFO - Setting next_dagrun for example_complex to None, run_after=None
[2023-05-18T00:10:47.363+0000] {processor.py:179} INFO - Processing /home/airflow/.local/lib/python3.7/site-packages/airflow/example_dags/example_complex.py took 0.062 seconds
[2023-05-18T00:11:18.017+0000] {processor.py:157} INFO - Started process (PID=2924) to work on /home/airflow/.local/lib/python3.7/site-packages/airflow/example_dags/example_complex.py
[2023-05-18T00:11:18.017+0000] {processor.py:826} INFO - Processing file /home/airflow/.local/lib/python3.7/site-packages/airflow/example_dags/example_complex.py for tasks to queue
[2023-05-18T00:11:18.018+0000] {logging_mixin.py:149} INFO - [2023-05-18T00:11:18.018+0000] {dagbag.py:541} INFO - Filling up the DagBag from /home/airflow/.local/lib/python3.7/site-packages/airflow/example_dags/example_complex.py
[2023-05-18T00:11:18.023+0000] {logging_mixin.py:149} INFO - [2023-05-18T00:11:18.023+0000] {taskmixin.py:211} WARNING - Dependency <Task(BashOperator): create_entry_group>, delete_entry_group already registered for DAG: example_complex
[2023-05-18T00:11:18.023+0000] {logging_mixin.py:149} INFO - [2023-05-18T00:11:18.023+0000] {taskmixin.py:211} WARNING - Dependency <Task(BashOperator): delete_entry_group>, create_entry_group already registered for DAG: example_complex
[2023-05-18T00:11:18.023+0000] {logging_mixin.py:149} INFO - [2023-05-18T00:11:18.023+0000] {taskmixin.py:211} WARNING - Dependency <Task(BashOperator): create_entry_gcs>, delete_entry already registered for DAG: example_complex
[2023-05-18T00:11:18.023+0000] {logging_mixin.py:149} INFO - [2023-05-18T00:11:18.023+0000] {taskmixin.py:211} WARNING - Dependency <Task(BashOperator): delete_entry>, create_entry_gcs already registered for DAG: example_complex
[2023-05-18T00:11:18.023+0000] {logging_mixin.py:149} INFO - [2023-05-18T00:11:18.023+0000] {taskmixin.py:211} WARNING - Dependency <Task(BashOperator): create_tag>, delete_tag already registered for DAG: example_complex
[2023-05-18T00:11:18.023+0000] {logging_mixin.py:149} INFO - [2023-05-18T00:11:18.023+0000] {taskmixin.py:211} WARNING - Dependency <Task(BashOperator): delete_tag>, create_tag already registered for DAG: example_complex
[2023-05-18T00:11:18.024+0000] {processor.py:836} INFO - DAG(s) dict_keys(['example_complex']) retrieved from /home/airflow/.local/lib/python3.7/site-packages/airflow/example_dags/example_complex.py
[2023-05-18T00:11:18.044+0000] {logging_mixin.py:149} INFO - [2023-05-18T00:11:18.044+0000] {dag.py:2726} INFO - Sync 1 DAGs
[2023-05-18T00:11:18.058+0000] {logging_mixin.py:149} INFO - [2023-05-18T00:11:18.058+0000] {dag.py:3490} INFO - Setting next_dagrun for example_complex to None, run_after=None
[2023-05-18T00:11:18.071+0000] {processor.py:179} INFO - Processing /home/airflow/.local/lib/python3.7/site-packages/airflow/example_dags/example_complex.py took 0.056 seconds
[2023-05-18T00:11:48.716+0000] {processor.py:157} INFO - Started process (PID=2988) to work on /home/airflow/.local/lib/python3.7/site-packages/airflow/example_dags/example_complex.py
[2023-05-18T00:11:48.721+0000] {processor.py:826} INFO - Processing file /home/airflow/.local/lib/python3.7/site-packages/airflow/example_dags/example_complex.py for tasks to queue
[2023-05-18T00:11:48.721+0000] {logging_mixin.py:149} INFO - [2023-05-18T00:11:48.721+0000] {dagbag.py:541} INFO - Filling up the DagBag from /home/airflow/.local/lib/python3.7/site-packages/airflow/example_dags/example_complex.py
[2023-05-18T00:11:48.727+0000] {logging_mixin.py:149} INFO - [2023-05-18T00:11:48.727+0000] {taskmixin.py:211} WARNING - Dependency <Task(BashOperator): create_entry_group>, delete_entry_group already registered for DAG: example_complex
[2023-05-18T00:11:48.727+0000] {logging_mixin.py:149} INFO - [2023-05-18T00:11:48.727+0000] {taskmixin.py:211} WARNING - Dependency <Task(BashOperator): delete_entry_group>, create_entry_group already registered for DAG: example_complex
[2023-05-18T00:11:48.727+0000] {logging_mixin.py:149} INFO - [2023-05-18T00:11:48.727+0000] {taskmixin.py:211} WARNING - Dependency <Task(BashOperator): create_entry_gcs>, delete_entry already registered for DAG: example_complex
[2023-05-18T00:11:48.727+0000] {logging_mixin.py:149} INFO - [2023-05-18T00:11:48.727+0000] {taskmixin.py:211} WARNING - Dependency <Task(BashOperator): delete_entry>, create_entry_gcs already registered for DAG: example_complex
[2023-05-18T00:11:48.727+0000] {logging_mixin.py:149} INFO - [2023-05-18T00:11:48.727+0000] {taskmixin.py:211} WARNING - Dependency <Task(BashOperator): create_tag>, delete_tag already registered for DAG: example_complex
[2023-05-18T00:11:48.727+0000] {logging_mixin.py:149} INFO - [2023-05-18T00:11:48.727+0000] {taskmixin.py:211} WARNING - Dependency <Task(BashOperator): delete_tag>, create_tag already registered for DAG: example_complex
[2023-05-18T00:11:48.728+0000] {processor.py:836} INFO - DAG(s) dict_keys(['example_complex']) retrieved from /home/airflow/.local/lib/python3.7/site-packages/airflow/example_dags/example_complex.py
[2023-05-18T00:11:48.746+0000] {logging_mixin.py:149} INFO - [2023-05-18T00:11:48.746+0000] {dag.py:2726} INFO - Sync 1 DAGs
[2023-05-18T00:11:48.760+0000] {logging_mixin.py:149} INFO - [2023-05-18T00:11:48.760+0000] {dag.py:3490} INFO - Setting next_dagrun for example_complex to None, run_after=None
[2023-05-18T00:11:48.772+0000] {processor.py:179} INFO - Processing /home/airflow/.local/lib/python3.7/site-packages/airflow/example_dags/example_complex.py took 0.058 seconds
[2023-05-18T00:12:19.395+0000] {processor.py:157} INFO - Started process (PID=3052) to work on /home/airflow/.local/lib/python3.7/site-packages/airflow/example_dags/example_complex.py
[2023-05-18T00:12:19.403+0000] {processor.py:826} INFO - Processing file /home/airflow/.local/lib/python3.7/site-packages/airflow/example_dags/example_complex.py for tasks to queue
[2023-05-18T00:12:19.403+0000] {logging_mixin.py:149} INFO - [2023-05-18T00:12:19.403+0000] {dagbag.py:541} INFO - Filling up the DagBag from /home/airflow/.local/lib/python3.7/site-packages/airflow/example_dags/example_complex.py
[2023-05-18T00:12:19.409+0000] {logging_mixin.py:149} INFO - [2023-05-18T00:12:19.409+0000] {taskmixin.py:211} WARNING - Dependency <Task(BashOperator): create_entry_group>, delete_entry_group already registered for DAG: example_complex
[2023-05-18T00:12:19.409+0000] {logging_mixin.py:149} INFO - [2023-05-18T00:12:19.409+0000] {taskmixin.py:211} WARNING - Dependency <Task(BashOperator): delete_entry_group>, create_entry_group already registered for DAG: example_complex
[2023-05-18T00:12:19.409+0000] {logging_mixin.py:149} INFO - [2023-05-18T00:12:19.409+0000] {taskmixin.py:211} WARNING - Dependency <Task(BashOperator): create_entry_gcs>, delete_entry already registered for DAG: example_complex
[2023-05-18T00:12:19.409+0000] {logging_mixin.py:149} INFO - [2023-05-18T00:12:19.409+0000] {taskmixin.py:211} WARNING - Dependency <Task(BashOperator): delete_entry>, create_entry_gcs already registered for DAG: example_complex
[2023-05-18T00:12:19.409+0000] {logging_mixin.py:149} INFO - [2023-05-18T00:12:19.409+0000] {taskmixin.py:211} WARNING - Dependency <Task(BashOperator): create_tag>, delete_tag already registered for DAG: example_complex
[2023-05-18T00:12:19.410+0000] {logging_mixin.py:149} INFO - [2023-05-18T00:12:19.409+0000] {taskmixin.py:211} WARNING - Dependency <Task(BashOperator): delete_tag>, create_tag already registered for DAG: example_complex
[2023-05-18T00:12:19.410+0000] {processor.py:836} INFO - DAG(s) dict_keys(['example_complex']) retrieved from /home/airflow/.local/lib/python3.7/site-packages/airflow/example_dags/example_complex.py
[2023-05-18T00:12:19.430+0000] {logging_mixin.py:149} INFO - [2023-05-18T00:12:19.430+0000] {dag.py:2726} INFO - Sync 1 DAGs
[2023-05-18T00:12:19.444+0000] {logging_mixin.py:149} INFO - [2023-05-18T00:12:19.444+0000] {dag.py:3490} INFO - Setting next_dagrun for example_complex to None, run_after=None
[2023-05-18T00:12:19.456+0000] {processor.py:179} INFO - Processing /home/airflow/.local/lib/python3.7/site-packages/airflow/example_dags/example_complex.py took 0.063 seconds
[2023-05-18T00:12:50.113+0000] {processor.py:157} INFO - Started process (PID=3116) to work on /home/airflow/.local/lib/python3.7/site-packages/airflow/example_dags/example_complex.py
[2023-05-18T00:12:50.121+0000] {processor.py:826} INFO - Processing file /home/airflow/.local/lib/python3.7/site-packages/airflow/example_dags/example_complex.py for tasks to queue
[2023-05-18T00:12:50.121+0000] {logging_mixin.py:149} INFO - [2023-05-18T00:12:50.121+0000] {dagbag.py:541} INFO - Filling up the DagBag from /home/airflow/.local/lib/python3.7/site-packages/airflow/example_dags/example_complex.py
[2023-05-18T00:12:50.127+0000] {logging_mixin.py:149} INFO - [2023-05-18T00:12:50.127+0000] {taskmixin.py:211} WARNING - Dependency <Task(BashOperator): create_entry_group>, delete_entry_group already registered for DAG: example_complex
[2023-05-18T00:12:50.127+0000] {logging_mixin.py:149} INFO - [2023-05-18T00:12:50.127+0000] {taskmixin.py:211} WARNING - Dependency <Task(BashOperator): delete_entry_group>, create_entry_group already registered for DAG: example_complex
[2023-05-18T00:12:50.127+0000] {logging_mixin.py:149} INFO - [2023-05-18T00:12:50.127+0000] {taskmixin.py:211} WARNING - Dependency <Task(BashOperator): create_entry_gcs>, delete_entry already registered for DAG: example_complex
[2023-05-18T00:12:50.127+0000] {logging_mixin.py:149} INFO - [2023-05-18T00:12:50.127+0000] {taskmixin.py:211} WARNING - Dependency <Task(BashOperator): delete_entry>, create_entry_gcs already registered for DAG: example_complex
[2023-05-18T00:12:50.128+0000] {logging_mixin.py:149} INFO - [2023-05-18T00:12:50.128+0000] {taskmixin.py:211} WARNING - Dependency <Task(BashOperator): create_tag>, delete_tag already registered for DAG: example_complex
[2023-05-18T00:12:50.128+0000] {logging_mixin.py:149} INFO - [2023-05-18T00:12:50.128+0000] {taskmixin.py:211} WARNING - Dependency <Task(BashOperator): delete_tag>, create_tag already registered for DAG: example_complex
[2023-05-18T00:12:50.128+0000] {processor.py:836} INFO - DAG(s) dict_keys(['example_complex']) retrieved from /home/airflow/.local/lib/python3.7/site-packages/airflow/example_dags/example_complex.py
[2023-05-18T00:12:50.149+0000] {logging_mixin.py:149} INFO - [2023-05-18T00:12:50.149+0000] {dag.py:2726} INFO - Sync 1 DAGs
[2023-05-18T00:12:50.164+0000] {logging_mixin.py:149} INFO - [2023-05-18T00:12:50.163+0000] {dag.py:3490} INFO - Setting next_dagrun for example_complex to None, run_after=None
[2023-05-18T00:12:50.175+0000] {processor.py:179} INFO - Processing /home/airflow/.local/lib/python3.7/site-packages/airflow/example_dags/example_complex.py took 0.064 seconds
[2023-05-18T00:13:20.830+0000] {processor.py:157} INFO - Started process (PID=3180) to work on /home/airflow/.local/lib/python3.7/site-packages/airflow/example_dags/example_complex.py
[2023-05-18T00:13:20.838+0000] {processor.py:826} INFO - Processing file /home/airflow/.local/lib/python3.7/site-packages/airflow/example_dags/example_complex.py for tasks to queue
[2023-05-18T00:13:20.838+0000] {logging_mixin.py:149} INFO - [2023-05-18T00:13:20.838+0000] {dagbag.py:541} INFO - Filling up the DagBag from /home/airflow/.local/lib/python3.7/site-packages/airflow/example_dags/example_complex.py
[2023-05-18T00:13:20.844+0000] {logging_mixin.py:149} INFO - [2023-05-18T00:13:20.844+0000] {taskmixin.py:211} WARNING - Dependency <Task(BashOperator): create_entry_group>, delete_entry_group already registered for DAG: example_complex
[2023-05-18T00:13:20.844+0000] {logging_mixin.py:149} INFO - [2023-05-18T00:13:20.844+0000] {taskmixin.py:211} WARNING - Dependency <Task(BashOperator): delete_entry_group>, create_entry_group already registered for DAG: example_complex
[2023-05-18T00:13:20.845+0000] {logging_mixin.py:149} INFO - [2023-05-18T00:13:20.844+0000] {taskmixin.py:211} WARNING - Dependency <Task(BashOperator): create_entry_gcs>, delete_entry already registered for DAG: example_complex
[2023-05-18T00:13:20.845+0000] {logging_mixin.py:149} INFO - [2023-05-18T00:13:20.845+0000] {taskmixin.py:211} WARNING - Dependency <Task(BashOperator): delete_entry>, create_entry_gcs already registered for DAG: example_complex
[2023-05-18T00:13:20.845+0000] {logging_mixin.py:149} INFO - [2023-05-18T00:13:20.845+0000] {taskmixin.py:211} WARNING - Dependency <Task(BashOperator): create_tag>, delete_tag already registered for DAG: example_complex
[2023-05-18T00:13:20.845+0000] {logging_mixin.py:149} INFO - [2023-05-18T00:13:20.845+0000] {taskmixin.py:211} WARNING - Dependency <Task(BashOperator): delete_tag>, create_tag already registered for DAG: example_complex
[2023-05-18T00:13:20.845+0000] {processor.py:836} INFO - DAG(s) dict_keys(['example_complex']) retrieved from /home/airflow/.local/lib/python3.7/site-packages/airflow/example_dags/example_complex.py
[2023-05-18T00:13:20.866+0000] {logging_mixin.py:149} INFO - [2023-05-18T00:13:20.866+0000] {dag.py:2726} INFO - Sync 1 DAGs
[2023-05-18T00:13:20.880+0000] {logging_mixin.py:149} INFO - [2023-05-18T00:13:20.880+0000] {dag.py:3490} INFO - Setting next_dagrun for example_complex to None, run_after=None
[2023-05-18T00:13:20.892+0000] {processor.py:179} INFO - Processing /home/airflow/.local/lib/python3.7/site-packages/airflow/example_dags/example_complex.py took 0.064 seconds
[2023-05-18T00:13:51.501+0000] {processor.py:157} INFO - Started process (PID=3244) to work on /home/airflow/.local/lib/python3.7/site-packages/airflow/example_dags/example_complex.py
[2023-05-18T00:13:51.501+0000] {processor.py:826} INFO - Processing file /home/airflow/.local/lib/python3.7/site-packages/airflow/example_dags/example_complex.py for tasks to queue
[2023-05-18T00:13:51.502+0000] {logging_mixin.py:149} INFO - [2023-05-18T00:13:51.502+0000] {dagbag.py:541} INFO - Filling up the DagBag from /home/airflow/.local/lib/python3.7/site-packages/airflow/example_dags/example_complex.py
[2023-05-18T00:13:51.507+0000] {logging_mixin.py:149} INFO - [2023-05-18T00:13:51.507+0000] {taskmixin.py:211} WARNING - Dependency <Task(BashOperator): create_entry_group>, delete_entry_group already registered for DAG: example_complex
[2023-05-18T00:13:51.507+0000] {logging_mixin.py:149} INFO - [2023-05-18T00:13:51.507+0000] {taskmixin.py:211} WARNING - Dependency <Task(BashOperator): delete_entry_group>, create_entry_group already registered for DAG: example_complex
[2023-05-18T00:13:51.507+0000] {logging_mixin.py:149} INFO - [2023-05-18T00:13:51.507+0000] {taskmixin.py:211} WARNING - Dependency <Task(BashOperator): create_entry_gcs>, delete_entry already registered for DAG: example_complex
[2023-05-18T00:13:51.507+0000] {logging_mixin.py:149} INFO - [2023-05-18T00:13:51.507+0000] {taskmixin.py:211} WARNING - Dependency <Task(BashOperator): delete_entry>, create_entry_gcs already registered for DAG: example_complex
[2023-05-18T00:13:51.508+0000] {logging_mixin.py:149} INFO - [2023-05-18T00:13:51.508+0000] {taskmixin.py:211} WARNING - Dependency <Task(BashOperator): create_tag>, delete_tag already registered for DAG: example_complex
[2023-05-18T00:13:51.508+0000] {logging_mixin.py:149} INFO - [2023-05-18T00:13:51.508+0000] {taskmixin.py:211} WARNING - Dependency <Task(BashOperator): delete_tag>, create_tag already registered for DAG: example_complex
[2023-05-18T00:13:51.508+0000] {processor.py:836} INFO - DAG(s) dict_keys(['example_complex']) retrieved from /home/airflow/.local/lib/python3.7/site-packages/airflow/example_dags/example_complex.py
[2023-05-18T00:13:51.529+0000] {logging_mixin.py:149} INFO - [2023-05-18T00:13:51.528+0000] {dag.py:2726} INFO - Sync 1 DAGs
[2023-05-18T00:13:51.542+0000] {logging_mixin.py:149} INFO - [2023-05-18T00:13:51.542+0000] {dag.py:3490} INFO - Setting next_dagrun for example_complex to None, run_after=None
[2023-05-18T00:13:51.554+0000] {processor.py:179} INFO - Processing /home/airflow/.local/lib/python3.7/site-packages/airflow/example_dags/example_complex.py took 0.055 seconds
[2023-05-18T00:14:22.059+0000] {processor.py:157} INFO - Started process (PID=3308) to work on /home/airflow/.local/lib/python3.7/site-packages/airflow/example_dags/example_complex.py
[2023-05-18T00:14:22.067+0000] {processor.py:826} INFO - Processing file /home/airflow/.local/lib/python3.7/site-packages/airflow/example_dags/example_complex.py for tasks to queue
[2023-05-18T00:14:22.068+0000] {logging_mixin.py:149} INFO - [2023-05-18T00:14:22.067+0000] {dagbag.py:541} INFO - Filling up the DagBag from /home/airflow/.local/lib/python3.7/site-packages/airflow/example_dags/example_complex.py
[2023-05-18T00:14:22.073+0000] {logging_mixin.py:149} INFO - [2023-05-18T00:14:22.073+0000] {taskmixin.py:211} WARNING - Dependency <Task(BashOperator): create_entry_group>, delete_entry_group already registered for DAG: example_complex
[2023-05-18T00:14:22.073+0000] {logging_mixin.py:149} INFO - [2023-05-18T00:14:22.073+0000] {taskmixin.py:211} WARNING - Dependency <Task(BashOperator): delete_entry_group>, create_entry_group already registered for DAG: example_complex
[2023-05-18T00:14:22.073+0000] {logging_mixin.py:149} INFO - [2023-05-18T00:14:22.073+0000] {taskmixin.py:211} WARNING - Dependency <Task(BashOperator): create_entry_gcs>, delete_entry already registered for DAG: example_complex
[2023-05-18T00:14:22.073+0000] {logging_mixin.py:149} INFO - [2023-05-18T00:14:22.073+0000] {taskmixin.py:211} WARNING - Dependency <Task(BashOperator): delete_entry>, create_entry_gcs already registered for DAG: example_complex
[2023-05-18T00:14:22.074+0000] {logging_mixin.py:149} INFO - [2023-05-18T00:14:22.073+0000] {taskmixin.py:211} WARNING - Dependency <Task(BashOperator): create_tag>, delete_tag already registered for DAG: example_complex
[2023-05-18T00:14:22.074+0000] {logging_mixin.py:149} INFO - [2023-05-18T00:14:22.074+0000] {taskmixin.py:211} WARNING - Dependency <Task(BashOperator): delete_tag>, create_tag already registered for DAG: example_complex
[2023-05-18T00:14:22.074+0000] {processor.py:836} INFO - DAG(s) dict_keys(['example_complex']) retrieved from /home/airflow/.local/lib/python3.7/site-packages/airflow/example_dags/example_complex.py
[2023-05-18T00:14:22.093+0000] {logging_mixin.py:149} INFO - [2023-05-18T00:14:22.093+0000] {dag.py:2726} INFO - Sync 1 DAGs
[2023-05-18T00:14:22.107+0000] {logging_mixin.py:149} INFO - [2023-05-18T00:14:22.107+0000] {dag.py:3490} INFO - Setting next_dagrun for example_complex to None, run_after=None
[2023-05-18T00:14:22.120+0000] {processor.py:179} INFO - Processing /home/airflow/.local/lib/python3.7/site-packages/airflow/example_dags/example_complex.py took 0.063 seconds
[2023-05-18T00:14:52.762+0000] {processor.py:157} INFO - Started process (PID=3372) to work on /home/airflow/.local/lib/python3.7/site-packages/airflow/example_dags/example_complex.py
[2023-05-18T00:14:52.769+0000] {processor.py:826} INFO - Processing file /home/airflow/.local/lib/python3.7/site-packages/airflow/example_dags/example_complex.py for tasks to queue
[2023-05-18T00:14:52.769+0000] {logging_mixin.py:149} INFO - [2023-05-18T00:14:52.769+0000] {dagbag.py:541} INFO - Filling up the DagBag from /home/airflow/.local/lib/python3.7/site-packages/airflow/example_dags/example_complex.py
[2023-05-18T00:14:52.776+0000] {logging_mixin.py:149} INFO - [2023-05-18T00:14:52.775+0000] {taskmixin.py:211} WARNING - Dependency <Task(BashOperator): create_entry_group>, delete_entry_group already registered for DAG: example_complex
[2023-05-18T00:14:52.776+0000] {logging_mixin.py:149} INFO - [2023-05-18T00:14:52.776+0000] {taskmixin.py:211} WARNING - Dependency <Task(BashOperator): delete_entry_group>, create_entry_group already registered for DAG: example_complex
[2023-05-18T00:14:52.776+0000] {logging_mixin.py:149} INFO - [2023-05-18T00:14:52.776+0000] {taskmixin.py:211} WARNING - Dependency <Task(BashOperator): create_entry_gcs>, delete_entry already registered for DAG: example_complex
[2023-05-18T00:14:52.776+0000] {logging_mixin.py:149} INFO - [2023-05-18T00:14:52.776+0000] {taskmixin.py:211} WARNING - Dependency <Task(BashOperator): delete_entry>, create_entry_gcs already registered for DAG: example_complex
[2023-05-18T00:14:52.776+0000] {logging_mixin.py:149} INFO - [2023-05-18T00:14:52.776+0000] {taskmixin.py:211} WARNING - Dependency <Task(BashOperator): create_tag>, delete_tag already registered for DAG: example_complex
[2023-05-18T00:14:52.776+0000] {logging_mixin.py:149} INFO - [2023-05-18T00:14:52.776+0000] {taskmixin.py:211} WARNING - Dependency <Task(BashOperator): delete_tag>, create_tag already registered for DAG: example_complex
[2023-05-18T00:14:52.777+0000] {processor.py:836} INFO - DAG(s) dict_keys(['example_complex']) retrieved from /home/airflow/.local/lib/python3.7/site-packages/airflow/example_dags/example_complex.py
[2023-05-18T00:14:52.797+0000] {logging_mixin.py:149} INFO - [2023-05-18T00:14:52.796+0000] {dag.py:2726} INFO - Sync 1 DAGs
[2023-05-18T00:14:52.811+0000] {logging_mixin.py:149} INFO - [2023-05-18T00:14:52.811+0000] {dag.py:3490} INFO - Setting next_dagrun for example_complex to None, run_after=None
[2023-05-18T00:14:52.823+0000] {processor.py:179} INFO - Processing /home/airflow/.local/lib/python3.7/site-packages/airflow/example_dags/example_complex.py took 0.063 seconds
[2023-05-18T00:15:23.352+0000] {processor.py:157} INFO - Started process (PID=3436) to work on /home/airflow/.local/lib/python3.7/site-packages/airflow/example_dags/example_complex.py
[2023-05-18T00:15:23.353+0000] {processor.py:826} INFO - Processing file /home/airflow/.local/lib/python3.7/site-packages/airflow/example_dags/example_complex.py for tasks to queue
[2023-05-18T00:15:23.354+0000] {logging_mixin.py:149} INFO - [2023-05-18T00:15:23.353+0000] {dagbag.py:541} INFO - Filling up the DagBag from /home/airflow/.local/lib/python3.7/site-packages/airflow/example_dags/example_complex.py
[2023-05-18T00:15:23.359+0000] {logging_mixin.py:149} INFO - [2023-05-18T00:15:23.359+0000] {taskmixin.py:211} WARNING - Dependency <Task(BashOperator): create_entry_group>, delete_entry_group already registered for DAG: example_complex
[2023-05-18T00:15:23.359+0000] {logging_mixin.py:149} INFO - [2023-05-18T00:15:23.359+0000] {taskmixin.py:211} WARNING - Dependency <Task(BashOperator): delete_entry_group>, create_entry_group already registered for DAG: example_complex
[2023-05-18T00:15:23.359+0000] {logging_mixin.py:149} INFO - [2023-05-18T00:15:23.359+0000] {taskmixin.py:211} WARNING - Dependency <Task(BashOperator): create_entry_gcs>, delete_entry already registered for DAG: example_complex
[2023-05-18T00:15:23.359+0000] {logging_mixin.py:149} INFO - [2023-05-18T00:15:23.359+0000] {taskmixin.py:211} WARNING - Dependency <Task(BashOperator): delete_entry>, create_entry_gcs already registered for DAG: example_complex
[2023-05-18T00:15:23.359+0000] {logging_mixin.py:149} INFO - [2023-05-18T00:15:23.359+0000] {taskmixin.py:211} WARNING - Dependency <Task(BashOperator): create_tag>, delete_tag already registered for DAG: example_complex
[2023-05-18T00:15:23.360+0000] {logging_mixin.py:149} INFO - [2023-05-18T00:15:23.360+0000] {taskmixin.py:211} WARNING - Dependency <Task(BashOperator): delete_tag>, create_tag already registered for DAG: example_complex
[2023-05-18T00:15:23.360+0000] {processor.py:836} INFO - DAG(s) dict_keys(['example_complex']) retrieved from /home/airflow/.local/lib/python3.7/site-packages/airflow/example_dags/example_complex.py
[2023-05-18T00:15:23.380+0000] {logging_mixin.py:149} INFO - [2023-05-18T00:15:23.380+0000] {dag.py:2726} INFO - Sync 1 DAGs
[2023-05-18T00:15:23.394+0000] {logging_mixin.py:149} INFO - [2023-05-18T00:15:23.394+0000] {dag.py:3490} INFO - Setting next_dagrun for example_complex to None, run_after=None
[2023-05-18T00:15:23.420+0000] {processor.py:179} INFO - Processing /home/airflow/.local/lib/python3.7/site-packages/airflow/example_dags/example_complex.py took 0.070 seconds
[2023-05-18T00:15:54.026+0000] {processor.py:157} INFO - Started process (PID=3500) to work on /home/airflow/.local/lib/python3.7/site-packages/airflow/example_dags/example_complex.py
[2023-05-18T00:15:54.034+0000] {processor.py:826} INFO - Processing file /home/airflow/.local/lib/python3.7/site-packages/airflow/example_dags/example_complex.py for tasks to queue
[2023-05-18T00:15:54.034+0000] {logging_mixin.py:149} INFO - [2023-05-18T00:15:54.034+0000] {dagbag.py:541} INFO - Filling up the DagBag from /home/airflow/.local/lib/python3.7/site-packages/airflow/example_dags/example_complex.py
[2023-05-18T00:15:54.040+0000] {logging_mixin.py:149} INFO - [2023-05-18T00:15:54.039+0000] {taskmixin.py:211} WARNING - Dependency <Task(BashOperator): create_entry_group>, delete_entry_group already registered for DAG: example_complex
[2023-05-18T00:15:54.040+0000] {logging_mixin.py:149} INFO - [2023-05-18T00:15:54.040+0000] {taskmixin.py:211} WARNING - Dependency <Task(BashOperator): delete_entry_group>, create_entry_group already registered for DAG: example_complex
[2023-05-18T00:15:54.040+0000] {logging_mixin.py:149} INFO - [2023-05-18T00:15:54.040+0000] {taskmixin.py:211} WARNING - Dependency <Task(BashOperator): create_entry_gcs>, delete_entry already registered for DAG: example_complex
[2023-05-18T00:15:54.040+0000] {logging_mixin.py:149} INFO - [2023-05-18T00:15:54.040+0000] {taskmixin.py:211} WARNING - Dependency <Task(BashOperator): delete_entry>, create_entry_gcs already registered for DAG: example_complex
[2023-05-18T00:15:54.040+0000] {logging_mixin.py:149} INFO - [2023-05-18T00:15:54.040+0000] {taskmixin.py:211} WARNING - Dependency <Task(BashOperator): create_tag>, delete_tag already registered for DAG: example_complex
[2023-05-18T00:15:54.040+0000] {logging_mixin.py:149} INFO - [2023-05-18T00:15:54.040+0000] {taskmixin.py:211} WARNING - Dependency <Task(BashOperator): delete_tag>, create_tag already registered for DAG: example_complex
[2023-05-18T00:15:54.041+0000] {processor.py:836} INFO - DAG(s) dict_keys(['example_complex']) retrieved from /home/airflow/.local/lib/python3.7/site-packages/airflow/example_dags/example_complex.py
[2023-05-18T00:15:54.059+0000] {logging_mixin.py:149} INFO - [2023-05-18T00:15:54.059+0000] {dag.py:2726} INFO - Sync 1 DAGs
[2023-05-18T00:15:54.073+0000] {logging_mixin.py:149} INFO - [2023-05-18T00:15:54.073+0000] {dag.py:3490} INFO - Setting next_dagrun for example_complex to None, run_after=None
[2023-05-18T00:15:54.085+0000] {processor.py:179} INFO - Processing /home/airflow/.local/lib/python3.7/site-packages/airflow/example_dags/example_complex.py took 0.062 seconds
[2023-05-18T00:16:24.611+0000] {processor.py:157} INFO - Started process (PID=3564) to work on /home/airflow/.local/lib/python3.7/site-packages/airflow/example_dags/example_complex.py
[2023-05-18T00:16:24.619+0000] {processor.py:826} INFO - Processing file /home/airflow/.local/lib/python3.7/site-packages/airflow/example_dags/example_complex.py for tasks to queue
[2023-05-18T00:16:24.620+0000] {logging_mixin.py:149} INFO - [2023-05-18T00:16:24.620+0000] {dagbag.py:541} INFO - Filling up the DagBag from /home/airflow/.local/lib/python3.7/site-packages/airflow/example_dags/example_complex.py
[2023-05-18T00:16:24.625+0000] {logging_mixin.py:149} INFO - [2023-05-18T00:16:24.625+0000] {taskmixin.py:211} WARNING - Dependency <Task(BashOperator): create_entry_group>, delete_entry_group already registered for DAG: example_complex
[2023-05-18T00:16:24.625+0000] {logging_mixin.py:149} INFO - [2023-05-18T00:16:24.625+0000] {taskmixin.py:211} WARNING - Dependency <Task(BashOperator): delete_entry_group>, create_entry_group already registered for DAG: example_complex
[2023-05-18T00:16:24.626+0000] {logging_mixin.py:149} INFO - [2023-05-18T00:16:24.625+0000] {taskmixin.py:211} WARNING - Dependency <Task(BashOperator): create_entry_gcs>, delete_entry already registered for DAG: example_complex
[2023-05-18T00:16:24.626+0000] {logging_mixin.py:149} INFO - [2023-05-18T00:16:24.626+0000] {taskmixin.py:211} WARNING - Dependency <Task(BashOperator): delete_entry>, create_entry_gcs already registered for DAG: example_complex
[2023-05-18T00:16:24.626+0000] {logging_mixin.py:149} INFO - [2023-05-18T00:16:24.626+0000] {taskmixin.py:211} WARNING - Dependency <Task(BashOperator): create_tag>, delete_tag already registered for DAG: example_complex
[2023-05-18T00:16:24.626+0000] {logging_mixin.py:149} INFO - [2023-05-18T00:16:24.626+0000] {taskmixin.py:211} WARNING - Dependency <Task(BashOperator): delete_tag>, create_tag already registered for DAG: example_complex
[2023-05-18T00:16:24.627+0000] {processor.py:836} INFO - DAG(s) dict_keys(['example_complex']) retrieved from /home/airflow/.local/lib/python3.7/site-packages/airflow/example_dags/example_complex.py
[2023-05-18T00:16:24.646+0000] {logging_mixin.py:149} INFO - [2023-05-18T00:16:24.646+0000] {dag.py:2726} INFO - Sync 1 DAGs
[2023-05-18T00:16:24.661+0000] {logging_mixin.py:149} INFO - [2023-05-18T00:16:24.660+0000] {dag.py:3490} INFO - Setting next_dagrun for example_complex to None, run_after=None
[2023-05-18T00:16:24.673+0000] {processor.py:179} INFO - Processing /home/airflow/.local/lib/python3.7/site-packages/airflow/example_dags/example_complex.py took 0.064 seconds
[2023-05-18T00:16:55.296+0000] {processor.py:157} INFO - Started process (PID=3628) to work on /home/airflow/.local/lib/python3.7/site-packages/airflow/example_dags/example_complex.py
[2023-05-18T00:16:55.303+0000] {processor.py:826} INFO - Processing file /home/airflow/.local/lib/python3.7/site-packages/airflow/example_dags/example_complex.py for tasks to queue
[2023-05-18T00:16:55.303+0000] {logging_mixin.py:149} INFO - [2023-05-18T00:16:55.303+0000] {dagbag.py:541} INFO - Filling up the DagBag from /home/airflow/.local/lib/python3.7/site-packages/airflow/example_dags/example_complex.py
[2023-05-18T00:16:55.309+0000] {logging_mixin.py:149} INFO - [2023-05-18T00:16:55.309+0000] {taskmixin.py:211} WARNING - Dependency <Task(BashOperator): create_entry_group>, delete_entry_group already registered for DAG: example_complex
[2023-05-18T00:16:55.309+0000] {logging_mixin.py:149} INFO - [2023-05-18T00:16:55.309+0000] {taskmixin.py:211} WARNING - Dependency <Task(BashOperator): delete_entry_group>, create_entry_group already registered for DAG: example_complex
[2023-05-18T00:16:55.309+0000] {logging_mixin.py:149} INFO - [2023-05-18T00:16:55.309+0000] {taskmixin.py:211} WARNING - Dependency <Task(BashOperator): create_entry_gcs>, delete_entry already registered for DAG: example_complex
[2023-05-18T00:16:55.309+0000] {logging_mixin.py:149} INFO - [2023-05-18T00:16:55.309+0000] {taskmixin.py:211} WARNING - Dependency <Task(BashOperator): delete_entry>, create_entry_gcs already registered for DAG: example_complex
[2023-05-18T00:16:55.309+0000] {logging_mixin.py:149} INFO - [2023-05-18T00:16:55.309+0000] {taskmixin.py:211} WARNING - Dependency <Task(BashOperator): create_tag>, delete_tag already registered for DAG: example_complex
[2023-05-18T00:16:55.310+0000] {logging_mixin.py:149} INFO - [2023-05-18T00:16:55.310+0000] {taskmixin.py:211} WARNING - Dependency <Task(BashOperator): delete_tag>, create_tag already registered for DAG: example_complex
[2023-05-18T00:16:55.310+0000] {processor.py:836} INFO - DAG(s) dict_keys(['example_complex']) retrieved from /home/airflow/.local/lib/python3.7/site-packages/airflow/example_dags/example_complex.py
[2023-05-18T00:16:55.330+0000] {logging_mixin.py:149} INFO - [2023-05-18T00:16:55.330+0000] {dag.py:2726} INFO - Sync 1 DAGs
[2023-05-18T00:16:55.345+0000] {logging_mixin.py:149} INFO - [2023-05-18T00:16:55.344+0000] {dag.py:3490} INFO - Setting next_dagrun for example_complex to None, run_after=None
[2023-05-18T00:16:55.356+0000] {processor.py:179} INFO - Processing /home/airflow/.local/lib/python3.7/site-packages/airflow/example_dags/example_complex.py took 0.063 seconds
