[2023-05-18T00:00:06.052+0000] {processor.py:157} INFO - Started process (PID=1519) to work on /home/airflow/.local/lib/python3.7/site-packages/airflow/example_dags/example_nested_branch_dag.py
[2023-05-18T00:00:06.053+0000] {processor.py:826} INFO - Processing file /home/airflow/.local/lib/python3.7/site-packages/airflow/example_dags/example_nested_branch_dag.py for tasks to queue
[2023-05-18T00:00:06.053+0000] {logging_mixin.py:149} INFO - [2023-05-18T00:00:06.053+0000] {dagbag.py:541} INFO - Filling up the DagBag from /home/airflow/.local/lib/python3.7/site-packages/airflow/example_dags/example_nested_branch_dag.py
[2023-05-18T00:00:06.059+0000] {processor.py:836} INFO - DAG(s) dict_keys(['example_nested_branch_dag']) retrieved from /home/airflow/.local/lib/python3.7/site-packages/airflow/example_dags/example_nested_branch_dag.py
[2023-05-18T00:00:06.074+0000] {logging_mixin.py:149} INFO - [2023-05-18T00:00:06.074+0000] {dag.py:2726} INFO - Sync 1 DAGs
[2023-05-18T00:00:06.090+0000] {logging_mixin.py:149} INFO - [2023-05-18T00:00:06.090+0000] {dag.py:3490} INFO - Setting next_dagrun for example_nested_branch_dag to 2023-05-17T00:00:00+00:00, run_after=2023-05-18T00:00:00+00:00
[2023-05-18T00:00:06.105+0000] {processor.py:179} INFO - Processing /home/airflow/.local/lib/python3.7/site-packages/airflow/example_dags/example_nested_branch_dag.py took 0.055 seconds
[2023-05-18T00:00:36.712+0000] {processor.py:157} INFO - Started process (PID=1583) to work on /home/airflow/.local/lib/python3.7/site-packages/airflow/example_dags/example_nested_branch_dag.py
[2023-05-18T00:00:36.713+0000] {processor.py:826} INFO - Processing file /home/airflow/.local/lib/python3.7/site-packages/airflow/example_dags/example_nested_branch_dag.py for tasks to queue
[2023-05-18T00:00:36.713+0000] {logging_mixin.py:149} INFO - [2023-05-18T00:00:36.713+0000] {dagbag.py:541} INFO - Filling up the DagBag from /home/airflow/.local/lib/python3.7/site-packages/airflow/example_dags/example_nested_branch_dag.py
[2023-05-18T00:00:36.719+0000] {processor.py:836} INFO - DAG(s) dict_keys(['example_nested_branch_dag']) retrieved from /home/airflow/.local/lib/python3.7/site-packages/airflow/example_dags/example_nested_branch_dag.py
[2023-05-18T00:00:36.734+0000] {logging_mixin.py:149} INFO - [2023-05-18T00:00:36.734+0000] {dag.py:2726} INFO - Sync 1 DAGs
[2023-05-18T00:00:36.749+0000] {logging_mixin.py:149} INFO - [2023-05-18T00:00:36.749+0000] {dag.py:3490} INFO - Setting next_dagrun for example_nested_branch_dag to 2023-05-17T00:00:00+00:00, run_after=2023-05-18T00:00:00+00:00
[2023-05-18T00:00:36.762+0000] {processor.py:179} INFO - Processing /home/airflow/.local/lib/python3.7/site-packages/airflow/example_dags/example_nested_branch_dag.py took 0.052 seconds
[2023-05-18T00:01:07.294+0000] {processor.py:157} INFO - Started process (PID=1647) to work on /home/airflow/.local/lib/python3.7/site-packages/airflow/example_dags/example_nested_branch_dag.py
[2023-05-18T00:01:07.294+0000] {processor.py:826} INFO - Processing file /home/airflow/.local/lib/python3.7/site-packages/airflow/example_dags/example_nested_branch_dag.py for tasks to queue
[2023-05-18T00:01:07.295+0000] {logging_mixin.py:149} INFO - [2023-05-18T00:01:07.295+0000] {dagbag.py:541} INFO - Filling up the DagBag from /home/airflow/.local/lib/python3.7/site-packages/airflow/example_dags/example_nested_branch_dag.py
[2023-05-18T00:01:07.301+0000] {processor.py:836} INFO - DAG(s) dict_keys(['example_nested_branch_dag']) retrieved from /home/airflow/.local/lib/python3.7/site-packages/airflow/example_dags/example_nested_branch_dag.py
[2023-05-18T00:01:07.317+0000] {logging_mixin.py:149} INFO - [2023-05-18T00:01:07.317+0000] {dag.py:2726} INFO - Sync 1 DAGs
[2023-05-18T00:01:07.333+0000] {logging_mixin.py:149} INFO - [2023-05-18T00:01:07.333+0000] {dag.py:3490} INFO - Setting next_dagrun for example_nested_branch_dag to 2023-05-17T00:00:00+00:00, run_after=2023-05-18T00:00:00+00:00
[2023-05-18T00:01:07.345+0000] {processor.py:179} INFO - Processing /home/airflow/.local/lib/python3.7/site-packages/airflow/example_dags/example_nested_branch_dag.py took 0.053 seconds
[2023-05-18T00:01:37.858+0000] {processor.py:157} INFO - Started process (PID=1711) to work on /home/airflow/.local/lib/python3.7/site-packages/airflow/example_dags/example_nested_branch_dag.py
[2023-05-18T00:01:37.872+0000] {processor.py:826} INFO - Processing file /home/airflow/.local/lib/python3.7/site-packages/airflow/example_dags/example_nested_branch_dag.py for tasks to queue
[2023-05-18T00:01:37.872+0000] {logging_mixin.py:149} INFO - [2023-05-18T00:01:37.872+0000] {dagbag.py:541} INFO - Filling up the DagBag from /home/airflow/.local/lib/python3.7/site-packages/airflow/example_dags/example_nested_branch_dag.py
[2023-05-18T00:01:37.878+0000] {processor.py:836} INFO - DAG(s) dict_keys(['example_nested_branch_dag']) retrieved from /home/airflow/.local/lib/python3.7/site-packages/airflow/example_dags/example_nested_branch_dag.py
[2023-05-18T00:01:37.892+0000] {logging_mixin.py:149} INFO - [2023-05-18T00:01:37.892+0000] {dag.py:2726} INFO - Sync 1 DAGs
[2023-05-18T00:01:37.907+0000] {logging_mixin.py:149} INFO - [2023-05-18T00:01:37.907+0000] {dag.py:3490} INFO - Setting next_dagrun for example_nested_branch_dag to 2023-05-17T00:00:00+00:00, run_after=2023-05-18T00:00:00+00:00
[2023-05-18T00:01:37.920+0000] {processor.py:179} INFO - Processing /home/airflow/.local/lib/python3.7/site-packages/airflow/example_dags/example_nested_branch_dag.py took 0.064 seconds
[2023-05-18T00:02:08.390+0000] {processor.py:157} INFO - Started process (PID=1775) to work on /home/airflow/.local/lib/python3.7/site-packages/airflow/example_dags/example_nested_branch_dag.py
[2023-05-18T00:02:08.399+0000] {processor.py:826} INFO - Processing file /home/airflow/.local/lib/python3.7/site-packages/airflow/example_dags/example_nested_branch_dag.py for tasks to queue
[2023-05-18T00:02:08.400+0000] {logging_mixin.py:149} INFO - [2023-05-18T00:02:08.400+0000] {dagbag.py:541} INFO - Filling up the DagBag from /home/airflow/.local/lib/python3.7/site-packages/airflow/example_dags/example_nested_branch_dag.py
[2023-05-18T00:02:08.405+0000] {processor.py:836} INFO - DAG(s) dict_keys(['example_nested_branch_dag']) retrieved from /home/airflow/.local/lib/python3.7/site-packages/airflow/example_dags/example_nested_branch_dag.py
[2023-05-18T00:02:08.421+0000] {logging_mixin.py:149} INFO - [2023-05-18T00:02:08.420+0000] {dag.py:2726} INFO - Sync 1 DAGs
[2023-05-18T00:02:08.436+0000] {logging_mixin.py:149} INFO - [2023-05-18T00:02:08.436+0000] {dag.py:3490} INFO - Setting next_dagrun for example_nested_branch_dag to 2023-05-17T00:00:00+00:00, run_after=2023-05-18T00:00:00+00:00
[2023-05-18T00:02:08.448+0000] {processor.py:179} INFO - Processing /home/airflow/.local/lib/python3.7/site-packages/airflow/example_dags/example_nested_branch_dag.py took 0.060 seconds
[2023-05-18T00:02:39.123+0000] {processor.py:157} INFO - Started process (PID=1839) to work on /home/airflow/.local/lib/python3.7/site-packages/airflow/example_dags/example_nested_branch_dag.py
[2023-05-18T00:02:39.124+0000] {processor.py:826} INFO - Processing file /home/airflow/.local/lib/python3.7/site-packages/airflow/example_dags/example_nested_branch_dag.py for tasks to queue
[2023-05-18T00:02:39.125+0000] {logging_mixin.py:149} INFO - [2023-05-18T00:02:39.125+0000] {dagbag.py:541} INFO - Filling up the DagBag from /home/airflow/.local/lib/python3.7/site-packages/airflow/example_dags/example_nested_branch_dag.py
[2023-05-18T00:02:39.133+0000] {processor.py:836} INFO - DAG(s) dict_keys(['example_nested_branch_dag']) retrieved from /home/airflow/.local/lib/python3.7/site-packages/airflow/example_dags/example_nested_branch_dag.py
[2023-05-18T00:02:39.152+0000] {logging_mixin.py:149} INFO - [2023-05-18T00:02:39.152+0000] {dag.py:2726} INFO - Sync 1 DAGs
[2023-05-18T00:02:39.168+0000] {logging_mixin.py:149} INFO - [2023-05-18T00:02:39.168+0000] {dag.py:3490} INFO - Setting next_dagrun for example_nested_branch_dag to 2023-05-17T00:00:00+00:00, run_after=2023-05-18T00:00:00+00:00
[2023-05-18T00:02:39.186+0000] {processor.py:179} INFO - Processing /home/airflow/.local/lib/python3.7/site-packages/airflow/example_dags/example_nested_branch_dag.py took 0.065 seconds
[2023-05-18T00:03:09.829+0000] {processor.py:157} INFO - Started process (PID=1903) to work on /home/airflow/.local/lib/python3.7/site-packages/airflow/example_dags/example_nested_branch_dag.py
[2023-05-18T00:03:09.837+0000] {processor.py:826} INFO - Processing file /home/airflow/.local/lib/python3.7/site-packages/airflow/example_dags/example_nested_branch_dag.py for tasks to queue
[2023-05-18T00:03:09.837+0000] {logging_mixin.py:149} INFO - [2023-05-18T00:03:09.837+0000] {dagbag.py:541} INFO - Filling up the DagBag from /home/airflow/.local/lib/python3.7/site-packages/airflow/example_dags/example_nested_branch_dag.py
[2023-05-18T00:03:09.843+0000] {processor.py:836} INFO - DAG(s) dict_keys(['example_nested_branch_dag']) retrieved from /home/airflow/.local/lib/python3.7/site-packages/airflow/example_dags/example_nested_branch_dag.py
[2023-05-18T00:03:09.860+0000] {logging_mixin.py:149} INFO - [2023-05-18T00:03:09.859+0000] {dag.py:2726} INFO - Sync 1 DAGs
[2023-05-18T00:03:09.875+0000] {logging_mixin.py:149} INFO - [2023-05-18T00:03:09.875+0000] {dag.py:3490} INFO - Setting next_dagrun for example_nested_branch_dag to 2023-05-17T00:00:00+00:00, run_after=2023-05-18T00:00:00+00:00
[2023-05-18T00:03:09.887+0000] {processor.py:179} INFO - Processing /home/airflow/.local/lib/python3.7/site-packages/airflow/example_dags/example_nested_branch_dag.py took 0.060 seconds
[2023-05-18T00:03:40.448+0000] {processor.py:157} INFO - Started process (PID=1967) to work on /home/airflow/.local/lib/python3.7/site-packages/airflow/example_dags/example_nested_branch_dag.py
[2023-05-18T00:03:40.456+0000] {processor.py:826} INFO - Processing file /home/airflow/.local/lib/python3.7/site-packages/airflow/example_dags/example_nested_branch_dag.py for tasks to queue
[2023-05-18T00:03:40.456+0000] {logging_mixin.py:149} INFO - [2023-05-18T00:03:40.456+0000] {dagbag.py:541} INFO - Filling up the DagBag from /home/airflow/.local/lib/python3.7/site-packages/airflow/example_dags/example_nested_branch_dag.py
[2023-05-18T00:03:40.462+0000] {processor.py:836} INFO - DAG(s) dict_keys(['example_nested_branch_dag']) retrieved from /home/airflow/.local/lib/python3.7/site-packages/airflow/example_dags/example_nested_branch_dag.py
[2023-05-18T00:03:40.477+0000] {logging_mixin.py:149} INFO - [2023-05-18T00:03:40.477+0000] {dag.py:2726} INFO - Sync 1 DAGs
[2023-05-18T00:03:40.492+0000] {logging_mixin.py:149} INFO - [2023-05-18T00:03:40.492+0000] {dag.py:3490} INFO - Setting next_dagrun for example_nested_branch_dag to 2023-05-17T00:00:00+00:00, run_after=2023-05-18T00:00:00+00:00
[2023-05-18T00:03:40.503+0000] {processor.py:179} INFO - Processing /home/airflow/.local/lib/python3.7/site-packages/airflow/example_dags/example_nested_branch_dag.py took 0.058 seconds
[2023-05-18T00:04:11.081+0000] {processor.py:157} INFO - Started process (PID=2031) to work on /home/airflow/.local/lib/python3.7/site-packages/airflow/example_dags/example_nested_branch_dag.py
[2023-05-18T00:04:11.086+0000] {processor.py:826} INFO - Processing file /home/airflow/.local/lib/python3.7/site-packages/airflow/example_dags/example_nested_branch_dag.py for tasks to queue
[2023-05-18T00:04:11.087+0000] {logging_mixin.py:149} INFO - [2023-05-18T00:04:11.087+0000] {dagbag.py:541} INFO - Filling up the DagBag from /home/airflow/.local/lib/python3.7/site-packages/airflow/example_dags/example_nested_branch_dag.py
[2023-05-18T00:04:11.092+0000] {processor.py:836} INFO - DAG(s) dict_keys(['example_nested_branch_dag']) retrieved from /home/airflow/.local/lib/python3.7/site-packages/airflow/example_dags/example_nested_branch_dag.py
[2023-05-18T00:04:11.107+0000] {logging_mixin.py:149} INFO - [2023-05-18T00:04:11.107+0000] {dag.py:2726} INFO - Sync 1 DAGs
[2023-05-18T00:04:11.121+0000] {logging_mixin.py:149} INFO - [2023-05-18T00:04:11.121+0000] {dag.py:3490} INFO - Setting next_dagrun for example_nested_branch_dag to 2023-05-17T00:00:00+00:00, run_after=2023-05-18T00:00:00+00:00
[2023-05-18T00:04:11.137+0000] {processor.py:179} INFO - Processing /home/airflow/.local/lib/python3.7/site-packages/airflow/example_dags/example_nested_branch_dag.py took 0.060 seconds
[2023-05-18T00:04:41.710+0000] {processor.py:157} INFO - Started process (PID=2095) to work on /home/airflow/.local/lib/python3.7/site-packages/airflow/example_dags/example_nested_branch_dag.py
[2023-05-18T00:04:41.711+0000] {processor.py:826} INFO - Processing file /home/airflow/.local/lib/python3.7/site-packages/airflow/example_dags/example_nested_branch_dag.py for tasks to queue
[2023-05-18T00:04:41.711+0000] {logging_mixin.py:149} INFO - [2023-05-18T00:04:41.711+0000] {dagbag.py:541} INFO - Filling up the DagBag from /home/airflow/.local/lib/python3.7/site-packages/airflow/example_dags/example_nested_branch_dag.py
[2023-05-18T00:04:41.717+0000] {processor.py:836} INFO - DAG(s) dict_keys(['example_nested_branch_dag']) retrieved from /home/airflow/.local/lib/python3.7/site-packages/airflow/example_dags/example_nested_branch_dag.py
[2023-05-18T00:04:41.734+0000] {logging_mixin.py:149} INFO - [2023-05-18T00:04:41.734+0000] {dag.py:2726} INFO - Sync 1 DAGs
[2023-05-18T00:04:41.749+0000] {logging_mixin.py:149} INFO - [2023-05-18T00:04:41.749+0000] {dag.py:3490} INFO - Setting next_dagrun for example_nested_branch_dag to 2023-05-17T00:00:00+00:00, run_after=2023-05-18T00:00:00+00:00
[2023-05-18T00:04:41.761+0000] {processor.py:179} INFO - Processing /home/airflow/.local/lib/python3.7/site-packages/airflow/example_dags/example_nested_branch_dag.py took 0.053 seconds
[2023-05-18T00:05:12.381+0000] {processor.py:157} INFO - Started process (PID=2159) to work on /home/airflow/.local/lib/python3.7/site-packages/airflow/example_dags/example_nested_branch_dag.py
[2023-05-18T00:05:12.388+0000] {processor.py:826} INFO - Processing file /home/airflow/.local/lib/python3.7/site-packages/airflow/example_dags/example_nested_branch_dag.py for tasks to queue
[2023-05-18T00:05:12.389+0000] {logging_mixin.py:149} INFO - [2023-05-18T00:05:12.389+0000] {dagbag.py:541} INFO - Filling up the DagBag from /home/airflow/.local/lib/python3.7/site-packages/airflow/example_dags/example_nested_branch_dag.py
[2023-05-18T00:05:12.396+0000] {processor.py:836} INFO - DAG(s) dict_keys(['example_nested_branch_dag']) retrieved from /home/airflow/.local/lib/python3.7/site-packages/airflow/example_dags/example_nested_branch_dag.py
[2023-05-18T00:05:12.412+0000] {logging_mixin.py:149} INFO - [2023-05-18T00:05:12.412+0000] {dag.py:2726} INFO - Sync 1 DAGs
[2023-05-18T00:05:12.426+0000] {logging_mixin.py:149} INFO - [2023-05-18T00:05:12.426+0000] {dag.py:3490} INFO - Setting next_dagrun for example_nested_branch_dag to 2023-05-17T00:00:00+00:00, run_after=2023-05-18T00:00:00+00:00
[2023-05-18T00:05:12.438+0000] {processor.py:179} INFO - Processing /home/airflow/.local/lib/python3.7/site-packages/airflow/example_dags/example_nested_branch_dag.py took 0.059 seconds
[2023-05-18T00:05:43.040+0000] {processor.py:157} INFO - Started process (PID=2223) to work on /home/airflow/.local/lib/python3.7/site-packages/airflow/example_dags/example_nested_branch_dag.py
[2023-05-18T00:05:43.052+0000] {processor.py:826} INFO - Processing file /home/airflow/.local/lib/python3.7/site-packages/airflow/example_dags/example_nested_branch_dag.py for tasks to queue
[2023-05-18T00:05:43.052+0000] {logging_mixin.py:149} INFO - [2023-05-18T00:05:43.052+0000] {dagbag.py:541} INFO - Filling up the DagBag from /home/airflow/.local/lib/python3.7/site-packages/airflow/example_dags/example_nested_branch_dag.py
[2023-05-18T00:05:43.058+0000] {processor.py:836} INFO - DAG(s) dict_keys(['example_nested_branch_dag']) retrieved from /home/airflow/.local/lib/python3.7/site-packages/airflow/example_dags/example_nested_branch_dag.py
[2023-05-18T00:05:43.076+0000] {logging_mixin.py:149} INFO - [2023-05-18T00:05:43.076+0000] {dag.py:2726} INFO - Sync 1 DAGs
[2023-05-18T00:05:43.095+0000] {logging_mixin.py:149} INFO - [2023-05-18T00:05:43.095+0000] {dag.py:3490} INFO - Setting next_dagrun for example_nested_branch_dag to 2023-05-17T00:00:00+00:00, run_after=2023-05-18T00:00:00+00:00
[2023-05-18T00:05:43.110+0000] {processor.py:179} INFO - Processing /home/airflow/.local/lib/python3.7/site-packages/airflow/example_dags/example_nested_branch_dag.py took 0.072 seconds
[2023-05-18T00:06:13.143+0000] {processor.py:157} INFO - Started process (PID=2286) to work on /home/airflow/.local/lib/python3.7/site-packages/airflow/example_dags/example_nested_branch_dag.py
[2023-05-18T00:06:13.144+0000] {processor.py:826} INFO - Processing file /home/airflow/.local/lib/python3.7/site-packages/airflow/example_dags/example_nested_branch_dag.py for tasks to queue
[2023-05-18T00:06:13.144+0000] {logging_mixin.py:149} INFO - [2023-05-18T00:06:13.144+0000] {dagbag.py:541} INFO - Filling up the DagBag from /home/airflow/.local/lib/python3.7/site-packages/airflow/example_dags/example_nested_branch_dag.py
[2023-05-18T00:06:13.150+0000] {processor.py:836} INFO - DAG(s) dict_keys(['example_nested_branch_dag']) retrieved from /home/airflow/.local/lib/python3.7/site-packages/airflow/example_dags/example_nested_branch_dag.py
[2023-05-18T00:06:13.166+0000] {logging_mixin.py:149} INFO - [2023-05-18T00:06:13.166+0000] {dag.py:2726} INFO - Sync 1 DAGs
[2023-05-18T00:06:13.181+0000] {logging_mixin.py:149} INFO - [2023-05-18T00:06:13.181+0000] {dag.py:3490} INFO - Setting next_dagrun for example_nested_branch_dag to 2023-05-17T00:00:00+00:00, run_after=2023-05-18T00:00:00+00:00
[2023-05-18T00:06:13.193+0000] {processor.py:179} INFO - Processing /home/airflow/.local/lib/python3.7/site-packages/airflow/example_dags/example_nested_branch_dag.py took 0.053 seconds
[2023-05-18T00:06:43.221+0000] {processor.py:157} INFO - Started process (PID=2349) to work on /home/airflow/.local/lib/python3.7/site-packages/airflow/example_dags/example_nested_branch_dag.py
[2023-05-18T00:06:43.222+0000] {processor.py:826} INFO - Processing file /home/airflow/.local/lib/python3.7/site-packages/airflow/example_dags/example_nested_branch_dag.py for tasks to queue
[2023-05-18T00:06:43.223+0000] {logging_mixin.py:149} INFO - [2023-05-18T00:06:43.223+0000] {dagbag.py:541} INFO - Filling up the DagBag from /home/airflow/.local/lib/python3.7/site-packages/airflow/example_dags/example_nested_branch_dag.py
[2023-05-18T00:06:43.229+0000] {processor.py:836} INFO - DAG(s) dict_keys(['example_nested_branch_dag']) retrieved from /home/airflow/.local/lib/python3.7/site-packages/airflow/example_dags/example_nested_branch_dag.py
[2023-05-18T00:06:43.244+0000] {logging_mixin.py:149} INFO - [2023-05-18T00:06:43.244+0000] {dag.py:2726} INFO - Sync 1 DAGs
[2023-05-18T00:06:43.258+0000] {logging_mixin.py:149} INFO - [2023-05-18T00:06:43.258+0000] {dag.py:3490} INFO - Setting next_dagrun for example_nested_branch_dag to 2023-05-17T00:00:00+00:00, run_after=2023-05-18T00:00:00+00:00
[2023-05-18T00:06:43.270+0000] {processor.py:179} INFO - Processing /home/airflow/.local/lib/python3.7/site-packages/airflow/example_dags/example_nested_branch_dag.py took 0.050 seconds
[2023-05-18T00:07:13.303+0000] {processor.py:157} INFO - Started process (PID=2413) to work on /home/airflow/.local/lib/python3.7/site-packages/airflow/example_dags/example_nested_branch_dag.py
[2023-05-18T00:07:13.311+0000] {processor.py:826} INFO - Processing file /home/airflow/.local/lib/python3.7/site-packages/airflow/example_dags/example_nested_branch_dag.py for tasks to queue
[2023-05-18T00:07:13.311+0000] {logging_mixin.py:149} INFO - [2023-05-18T00:07:13.311+0000] {dagbag.py:541} INFO - Filling up the DagBag from /home/airflow/.local/lib/python3.7/site-packages/airflow/example_dags/example_nested_branch_dag.py
[2023-05-18T00:07:13.318+0000] {processor.py:836} INFO - DAG(s) dict_keys(['example_nested_branch_dag']) retrieved from /home/airflow/.local/lib/python3.7/site-packages/airflow/example_dags/example_nested_branch_dag.py
[2023-05-18T00:07:13.335+0000] {logging_mixin.py:149} INFO - [2023-05-18T00:07:13.335+0000] {dag.py:2726} INFO - Sync 1 DAGs
[2023-05-18T00:07:13.351+0000] {logging_mixin.py:149} INFO - [2023-05-18T00:07:13.351+0000] {dag.py:3490} INFO - Setting next_dagrun for example_nested_branch_dag to 2023-05-17T00:00:00+00:00, run_after=2023-05-18T00:00:00+00:00
[2023-05-18T00:07:13.364+0000] {processor.py:179} INFO - Processing /home/airflow/.local/lib/python3.7/site-packages/airflow/example_dags/example_nested_branch_dag.py took 0.064 seconds
[2023-05-18T00:07:44.025+0000] {processor.py:157} INFO - Started process (PID=2476) to work on /home/airflow/.local/lib/python3.7/site-packages/airflow/example_dags/example_nested_branch_dag.py
[2023-05-18T00:07:44.033+0000] {processor.py:826} INFO - Processing file /home/airflow/.local/lib/python3.7/site-packages/airflow/example_dags/example_nested_branch_dag.py for tasks to queue
[2023-05-18T00:07:44.034+0000] {logging_mixin.py:149} INFO - [2023-05-18T00:07:44.033+0000] {dagbag.py:541} INFO - Filling up the DagBag from /home/airflow/.local/lib/python3.7/site-packages/airflow/example_dags/example_nested_branch_dag.py
[2023-05-18T00:07:44.039+0000] {processor.py:836} INFO - DAG(s) dict_keys(['example_nested_branch_dag']) retrieved from /home/airflow/.local/lib/python3.7/site-packages/airflow/example_dags/example_nested_branch_dag.py
[2023-05-18T00:07:44.055+0000] {logging_mixin.py:149} INFO - [2023-05-18T00:07:44.055+0000] {dag.py:2726} INFO - Sync 1 DAGs
[2023-05-18T00:07:44.072+0000] {logging_mixin.py:149} INFO - [2023-05-18T00:07:44.072+0000] {dag.py:3490} INFO - Setting next_dagrun for example_nested_branch_dag to 2023-05-17T00:00:00+00:00, run_after=2023-05-18T00:00:00+00:00
[2023-05-18T00:07:44.085+0000] {processor.py:179} INFO - Processing /home/airflow/.local/lib/python3.7/site-packages/airflow/example_dags/example_nested_branch_dag.py took 0.062 seconds
[2023-05-18T00:08:14.836+0000] {processor.py:157} INFO - Started process (PID=2540) to work on /home/airflow/.local/lib/python3.7/site-packages/airflow/example_dags/example_nested_branch_dag.py
[2023-05-18T00:08:14.844+0000] {processor.py:826} INFO - Processing file /home/airflow/.local/lib/python3.7/site-packages/airflow/example_dags/example_nested_branch_dag.py for tasks to queue
[2023-05-18T00:08:14.845+0000] {logging_mixin.py:149} INFO - [2023-05-18T00:08:14.845+0000] {dagbag.py:541} INFO - Filling up the DagBag from /home/airflow/.local/lib/python3.7/site-packages/airflow/example_dags/example_nested_branch_dag.py
[2023-05-18T00:08:14.852+0000] {processor.py:836} INFO - DAG(s) dict_keys(['example_nested_branch_dag']) retrieved from /home/airflow/.local/lib/python3.7/site-packages/airflow/example_dags/example_nested_branch_dag.py
[2023-05-18T00:08:14.867+0000] {logging_mixin.py:149} INFO - [2023-05-18T00:08:14.867+0000] {dag.py:2726} INFO - Sync 1 DAGs
[2023-05-18T00:08:14.882+0000] {logging_mixin.py:149} INFO - [2023-05-18T00:08:14.882+0000] {dag.py:3490} INFO - Setting next_dagrun for example_nested_branch_dag to 2023-05-17T00:00:00+00:00, run_after=2023-05-18T00:00:00+00:00
[2023-05-18T00:08:14.895+0000] {processor.py:179} INFO - Processing /home/airflow/.local/lib/python3.7/site-packages/airflow/example_dags/example_nested_branch_dag.py took 0.061 seconds
[2023-05-18T00:08:45.638+0000] {processor.py:157} INFO - Started process (PID=2604) to work on /home/airflow/.local/lib/python3.7/site-packages/airflow/example_dags/example_nested_branch_dag.py
[2023-05-18T00:08:45.644+0000] {processor.py:826} INFO - Processing file /home/airflow/.local/lib/python3.7/site-packages/airflow/example_dags/example_nested_branch_dag.py for tasks to queue
[2023-05-18T00:08:45.644+0000] {logging_mixin.py:149} INFO - [2023-05-18T00:08:45.644+0000] {dagbag.py:541} INFO - Filling up the DagBag from /home/airflow/.local/lib/python3.7/site-packages/airflow/example_dags/example_nested_branch_dag.py
[2023-05-18T00:08:45.650+0000] {processor.py:836} INFO - DAG(s) dict_keys(['example_nested_branch_dag']) retrieved from /home/airflow/.local/lib/python3.7/site-packages/airflow/example_dags/example_nested_branch_dag.py
[2023-05-18T00:08:45.667+0000] {logging_mixin.py:149} INFO - [2023-05-18T00:08:45.667+0000] {dag.py:2726} INFO - Sync 1 DAGs
[2023-05-18T00:08:45.684+0000] {logging_mixin.py:149} INFO - [2023-05-18T00:08:45.683+0000] {dag.py:3490} INFO - Setting next_dagrun for example_nested_branch_dag to 2023-05-17T00:00:00+00:00, run_after=2023-05-18T00:00:00+00:00
[2023-05-18T00:08:45.699+0000] {processor.py:179} INFO - Processing /home/airflow/.local/lib/python3.7/site-packages/airflow/example_dags/example_nested_branch_dag.py took 0.064 seconds
[2023-05-18T00:09:16.372+0000] {processor.py:157} INFO - Started process (PID=2668) to work on /home/airflow/.local/lib/python3.7/site-packages/airflow/example_dags/example_nested_branch_dag.py
[2023-05-18T00:09:16.381+0000] {processor.py:826} INFO - Processing file /home/airflow/.local/lib/python3.7/site-packages/airflow/example_dags/example_nested_branch_dag.py for tasks to queue
[2023-05-18T00:09:16.381+0000] {logging_mixin.py:149} INFO - [2023-05-18T00:09:16.381+0000] {dagbag.py:541} INFO - Filling up the DagBag from /home/airflow/.local/lib/python3.7/site-packages/airflow/example_dags/example_nested_branch_dag.py
[2023-05-18T00:09:16.387+0000] {processor.py:836} INFO - DAG(s) dict_keys(['example_nested_branch_dag']) retrieved from /home/airflow/.local/lib/python3.7/site-packages/airflow/example_dags/example_nested_branch_dag.py
[2023-05-18T00:09:16.402+0000] {logging_mixin.py:149} INFO - [2023-05-18T00:09:16.402+0000] {dag.py:2726} INFO - Sync 1 DAGs
[2023-05-18T00:09:16.418+0000] {logging_mixin.py:149} INFO - [2023-05-18T00:09:16.418+0000] {dag.py:3490} INFO - Setting next_dagrun for example_nested_branch_dag to 2023-05-17T00:00:00+00:00, run_after=2023-05-18T00:00:00+00:00
[2023-05-18T00:09:16.430+0000] {processor.py:179} INFO - Processing /home/airflow/.local/lib/python3.7/site-packages/airflow/example_dags/example_nested_branch_dag.py took 0.059 seconds
[2023-05-18T00:09:47.138+0000] {processor.py:157} INFO - Started process (PID=2732) to work on /home/airflow/.local/lib/python3.7/site-packages/airflow/example_dags/example_nested_branch_dag.py
[2023-05-18T00:09:47.145+0000] {processor.py:826} INFO - Processing file /home/airflow/.local/lib/python3.7/site-packages/airflow/example_dags/example_nested_branch_dag.py for tasks to queue
[2023-05-18T00:09:47.146+0000] {logging_mixin.py:149} INFO - [2023-05-18T00:09:47.146+0000] {dagbag.py:541} INFO - Filling up the DagBag from /home/airflow/.local/lib/python3.7/site-packages/airflow/example_dags/example_nested_branch_dag.py
[2023-05-18T00:09:47.152+0000] {processor.py:836} INFO - DAG(s) dict_keys(['example_nested_branch_dag']) retrieved from /home/airflow/.local/lib/python3.7/site-packages/airflow/example_dags/example_nested_branch_dag.py
[2023-05-18T00:09:47.168+0000] {logging_mixin.py:149} INFO - [2023-05-18T00:09:47.168+0000] {dag.py:2726} INFO - Sync 1 DAGs
[2023-05-18T00:09:47.184+0000] {logging_mixin.py:149} INFO - [2023-05-18T00:09:47.184+0000] {dag.py:3490} INFO - Setting next_dagrun for example_nested_branch_dag to 2023-05-17T00:00:00+00:00, run_after=2023-05-18T00:00:00+00:00
[2023-05-18T00:09:47.196+0000] {processor.py:179} INFO - Processing /home/airflow/.local/lib/python3.7/site-packages/airflow/example_dags/example_nested_branch_dag.py took 0.061 seconds
[2023-05-18T00:10:17.821+0000] {processor.py:157} INFO - Started process (PID=2803) to work on /home/airflow/.local/lib/python3.7/site-packages/airflow/example_dags/example_nested_branch_dag.py
[2023-05-18T00:10:17.830+0000] {processor.py:826} INFO - Processing file /home/airflow/.local/lib/python3.7/site-packages/airflow/example_dags/example_nested_branch_dag.py for tasks to queue
[2023-05-18T00:10:17.830+0000] {logging_mixin.py:149} INFO - [2023-05-18T00:10:17.830+0000] {dagbag.py:541} INFO - Filling up the DagBag from /home/airflow/.local/lib/python3.7/site-packages/airflow/example_dags/example_nested_branch_dag.py
[2023-05-18T00:10:17.836+0000] {processor.py:836} INFO - DAG(s) dict_keys(['example_nested_branch_dag']) retrieved from /home/airflow/.local/lib/python3.7/site-packages/airflow/example_dags/example_nested_branch_dag.py
[2023-05-18T00:10:17.853+0000] {logging_mixin.py:149} INFO - [2023-05-18T00:10:17.853+0000] {dag.py:2726} INFO - Sync 1 DAGs
[2023-05-18T00:10:17.871+0000] {logging_mixin.py:149} INFO - [2023-05-18T00:10:17.871+0000] {dag.py:3490} INFO - Setting next_dagrun for example_nested_branch_dag to 2023-05-17T00:00:00+00:00, run_after=2023-05-18T00:00:00+00:00
[2023-05-18T00:10:17.885+0000] {processor.py:179} INFO - Processing /home/airflow/.local/lib/python3.7/site-packages/airflow/example_dags/example_nested_branch_dag.py took 0.066 seconds
[2023-05-18T00:10:48.541+0000] {processor.py:157} INFO - Started process (PID=2867) to work on /home/airflow/.local/lib/python3.7/site-packages/airflow/example_dags/example_nested_branch_dag.py
[2023-05-18T00:10:48.550+0000] {processor.py:826} INFO - Processing file /home/airflow/.local/lib/python3.7/site-packages/airflow/example_dags/example_nested_branch_dag.py for tasks to queue
[2023-05-18T00:10:48.550+0000] {logging_mixin.py:149} INFO - [2023-05-18T00:10:48.550+0000] {dagbag.py:541} INFO - Filling up the DagBag from /home/airflow/.local/lib/python3.7/site-packages/airflow/example_dags/example_nested_branch_dag.py
[2023-05-18T00:10:48.556+0000] {processor.py:836} INFO - DAG(s) dict_keys(['example_nested_branch_dag']) retrieved from /home/airflow/.local/lib/python3.7/site-packages/airflow/example_dags/example_nested_branch_dag.py
[2023-05-18T00:10:48.572+0000] {logging_mixin.py:149} INFO - [2023-05-18T00:10:48.572+0000] {dag.py:2726} INFO - Sync 1 DAGs
[2023-05-18T00:10:48.587+0000] {logging_mixin.py:149} INFO - [2023-05-18T00:10:48.587+0000] {dag.py:3490} INFO - Setting next_dagrun for example_nested_branch_dag to 2023-05-17T00:00:00+00:00, run_after=2023-05-18T00:00:00+00:00
[2023-05-18T00:10:48.599+0000] {processor.py:179} INFO - Processing /home/airflow/.local/lib/python3.7/site-packages/airflow/example_dags/example_nested_branch_dag.py took 0.060 seconds
[2023-05-18T00:11:19.254+0000] {processor.py:157} INFO - Started process (PID=2931) to work on /home/airflow/.local/lib/python3.7/site-packages/airflow/example_dags/example_nested_branch_dag.py
[2023-05-18T00:11:19.264+0000] {processor.py:826} INFO - Processing file /home/airflow/.local/lib/python3.7/site-packages/airflow/example_dags/example_nested_branch_dag.py for tasks to queue
[2023-05-18T00:11:19.264+0000] {logging_mixin.py:149} INFO - [2023-05-18T00:11:19.264+0000] {dagbag.py:541} INFO - Filling up the DagBag from /home/airflow/.local/lib/python3.7/site-packages/airflow/example_dags/example_nested_branch_dag.py
[2023-05-18T00:11:19.270+0000] {processor.py:836} INFO - DAG(s) dict_keys(['example_nested_branch_dag']) retrieved from /home/airflow/.local/lib/python3.7/site-packages/airflow/example_dags/example_nested_branch_dag.py
[2023-05-18T00:11:19.286+0000] {logging_mixin.py:149} INFO - [2023-05-18T00:11:19.286+0000] {dag.py:2726} INFO - Sync 1 DAGs
[2023-05-18T00:11:19.303+0000] {logging_mixin.py:149} INFO - [2023-05-18T00:11:19.302+0000] {dag.py:3490} INFO - Setting next_dagrun for example_nested_branch_dag to 2023-05-17T00:00:00+00:00, run_after=2023-05-18T00:00:00+00:00
[2023-05-18T00:11:19.316+0000] {processor.py:179} INFO - Processing /home/airflow/.local/lib/python3.7/site-packages/airflow/example_dags/example_nested_branch_dag.py took 0.064 seconds
[2023-05-18T00:11:49.949+0000] {processor.py:157} INFO - Started process (PID=2995) to work on /home/airflow/.local/lib/python3.7/site-packages/airflow/example_dags/example_nested_branch_dag.py
[2023-05-18T00:11:49.958+0000] {processor.py:826} INFO - Processing file /home/airflow/.local/lib/python3.7/site-packages/airflow/example_dags/example_nested_branch_dag.py for tasks to queue
[2023-05-18T00:11:49.958+0000] {logging_mixin.py:149} INFO - [2023-05-18T00:11:49.958+0000] {dagbag.py:541} INFO - Filling up the DagBag from /home/airflow/.local/lib/python3.7/site-packages/airflow/example_dags/example_nested_branch_dag.py
[2023-05-18T00:11:49.964+0000] {processor.py:836} INFO - DAG(s) dict_keys(['example_nested_branch_dag']) retrieved from /home/airflow/.local/lib/python3.7/site-packages/airflow/example_dags/example_nested_branch_dag.py
[2023-05-18T00:11:49.979+0000] {logging_mixin.py:149} INFO - [2023-05-18T00:11:49.979+0000] {dag.py:2726} INFO - Sync 1 DAGs
[2023-05-18T00:11:49.996+0000] {logging_mixin.py:149} INFO - [2023-05-18T00:11:49.996+0000] {dag.py:3490} INFO - Setting next_dagrun for example_nested_branch_dag to 2023-05-17T00:00:00+00:00, run_after=2023-05-18T00:00:00+00:00
[2023-05-18T00:11:50.007+0000] {processor.py:179} INFO - Processing /home/airflow/.local/lib/python3.7/site-packages/airflow/example_dags/example_nested_branch_dag.py took 0.060 seconds
[2023-05-18T00:12:20.636+0000] {processor.py:157} INFO - Started process (PID=3059) to work on /home/airflow/.local/lib/python3.7/site-packages/airflow/example_dags/example_nested_branch_dag.py
[2023-05-18T00:12:20.646+0000] {processor.py:826} INFO - Processing file /home/airflow/.local/lib/python3.7/site-packages/airflow/example_dags/example_nested_branch_dag.py for tasks to queue
[2023-05-18T00:12:20.646+0000] {logging_mixin.py:149} INFO - [2023-05-18T00:12:20.646+0000] {dagbag.py:541} INFO - Filling up the DagBag from /home/airflow/.local/lib/python3.7/site-packages/airflow/example_dags/example_nested_branch_dag.py
[2023-05-18T00:12:20.652+0000] {processor.py:836} INFO - DAG(s) dict_keys(['example_nested_branch_dag']) retrieved from /home/airflow/.local/lib/python3.7/site-packages/airflow/example_dags/example_nested_branch_dag.py
[2023-05-18T00:12:20.668+0000] {logging_mixin.py:149} INFO - [2023-05-18T00:12:20.668+0000] {dag.py:2726} INFO - Sync 1 DAGs
[2023-05-18T00:12:20.683+0000] {logging_mixin.py:149} INFO - [2023-05-18T00:12:20.683+0000] {dag.py:3490} INFO - Setting next_dagrun for example_nested_branch_dag to 2023-05-17T00:00:00+00:00, run_after=2023-05-18T00:00:00+00:00
[2023-05-18T00:12:20.697+0000] {processor.py:179} INFO - Processing /home/airflow/.local/lib/python3.7/site-packages/airflow/example_dags/example_nested_branch_dag.py took 0.062 seconds
[2023-05-18T00:12:51.356+0000] {processor.py:157} INFO - Started process (PID=3123) to work on /home/airflow/.local/lib/python3.7/site-packages/airflow/example_dags/example_nested_branch_dag.py
[2023-05-18T00:12:51.364+0000] {processor.py:826} INFO - Processing file /home/airflow/.local/lib/python3.7/site-packages/airflow/example_dags/example_nested_branch_dag.py for tasks to queue
[2023-05-18T00:12:51.365+0000] {logging_mixin.py:149} INFO - [2023-05-18T00:12:51.365+0000] {dagbag.py:541} INFO - Filling up the DagBag from /home/airflow/.local/lib/python3.7/site-packages/airflow/example_dags/example_nested_branch_dag.py
[2023-05-18T00:12:51.370+0000] {processor.py:836} INFO - DAG(s) dict_keys(['example_nested_branch_dag']) retrieved from /home/airflow/.local/lib/python3.7/site-packages/airflow/example_dags/example_nested_branch_dag.py
[2023-05-18T00:12:51.386+0000] {logging_mixin.py:149} INFO - [2023-05-18T00:12:51.386+0000] {dag.py:2726} INFO - Sync 1 DAGs
[2023-05-18T00:12:51.401+0000] {logging_mixin.py:149} INFO - [2023-05-18T00:12:51.401+0000] {dag.py:3490} INFO - Setting next_dagrun for example_nested_branch_dag to 2023-05-17T00:00:00+00:00, run_after=2023-05-18T00:00:00+00:00
[2023-05-18T00:12:51.413+0000] {processor.py:179} INFO - Processing /home/airflow/.local/lib/python3.7/site-packages/airflow/example_dags/example_nested_branch_dag.py took 0.059 seconds
[2023-05-18T00:13:22.070+0000] {processor.py:157} INFO - Started process (PID=3187) to work on /home/airflow/.local/lib/python3.7/site-packages/airflow/example_dags/example_nested_branch_dag.py
[2023-05-18T00:13:22.081+0000] {processor.py:826} INFO - Processing file /home/airflow/.local/lib/python3.7/site-packages/airflow/example_dags/example_nested_branch_dag.py for tasks to queue
[2023-05-18T00:13:22.082+0000] {logging_mixin.py:149} INFO - [2023-05-18T00:13:22.081+0000] {dagbag.py:541} INFO - Filling up the DagBag from /home/airflow/.local/lib/python3.7/site-packages/airflow/example_dags/example_nested_branch_dag.py
[2023-05-18T00:13:22.087+0000] {processor.py:836} INFO - DAG(s) dict_keys(['example_nested_branch_dag']) retrieved from /home/airflow/.local/lib/python3.7/site-packages/airflow/example_dags/example_nested_branch_dag.py
[2023-05-18T00:13:22.104+0000] {logging_mixin.py:149} INFO - [2023-05-18T00:13:22.104+0000] {dag.py:2726} INFO - Sync 1 DAGs
[2023-05-18T00:13:22.121+0000] {logging_mixin.py:149} INFO - [2023-05-18T00:13:22.121+0000] {dag.py:3490} INFO - Setting next_dagrun for example_nested_branch_dag to 2023-05-17T00:00:00+00:00, run_after=2023-05-18T00:00:00+00:00
[2023-05-18T00:13:22.134+0000] {processor.py:179} INFO - Processing /home/airflow/.local/lib/python3.7/site-packages/airflow/example_dags/example_nested_branch_dag.py took 0.066 seconds
[2023-05-18T00:13:52.719+0000] {processor.py:157} INFO - Started process (PID=3251) to work on /home/airflow/.local/lib/python3.7/site-packages/airflow/example_dags/example_nested_branch_dag.py
[2023-05-18T00:13:52.719+0000] {processor.py:826} INFO - Processing file /home/airflow/.local/lib/python3.7/site-packages/airflow/example_dags/example_nested_branch_dag.py for tasks to queue
[2023-05-18T00:13:52.720+0000] {logging_mixin.py:149} INFO - [2023-05-18T00:13:52.720+0000] {dagbag.py:541} INFO - Filling up the DagBag from /home/airflow/.local/lib/python3.7/site-packages/airflow/example_dags/example_nested_branch_dag.py
[2023-05-18T00:13:52.726+0000] {processor.py:836} INFO - DAG(s) dict_keys(['example_nested_branch_dag']) retrieved from /home/airflow/.local/lib/python3.7/site-packages/airflow/example_dags/example_nested_branch_dag.py
[2023-05-18T00:13:52.741+0000] {logging_mixin.py:149} INFO - [2023-05-18T00:13:52.740+0000] {dag.py:2726} INFO - Sync 1 DAGs
[2023-05-18T00:13:52.755+0000] {logging_mixin.py:149} INFO - [2023-05-18T00:13:52.755+0000] {dag.py:3490} INFO - Setting next_dagrun for example_nested_branch_dag to 2023-05-17T00:00:00+00:00, run_after=2023-05-18T00:00:00+00:00
[2023-05-18T00:13:52.767+0000] {processor.py:179} INFO - Processing /home/airflow/.local/lib/python3.7/site-packages/airflow/example_dags/example_nested_branch_dag.py took 0.050 seconds
[2023-05-18T00:14:23.303+0000] {processor.py:157} INFO - Started process (PID=3315) to work on /home/airflow/.local/lib/python3.7/site-packages/airflow/example_dags/example_nested_branch_dag.py
[2023-05-18T00:14:23.311+0000] {processor.py:826} INFO - Processing file /home/airflow/.local/lib/python3.7/site-packages/airflow/example_dags/example_nested_branch_dag.py for tasks to queue
[2023-05-18T00:14:23.311+0000] {logging_mixin.py:149} INFO - [2023-05-18T00:14:23.311+0000] {dagbag.py:541} INFO - Filling up the DagBag from /home/airflow/.local/lib/python3.7/site-packages/airflow/example_dags/example_nested_branch_dag.py
[2023-05-18T00:14:23.317+0000] {processor.py:836} INFO - DAG(s) dict_keys(['example_nested_branch_dag']) retrieved from /home/airflow/.local/lib/python3.7/site-packages/airflow/example_dags/example_nested_branch_dag.py
[2023-05-18T00:14:23.333+0000] {logging_mixin.py:149} INFO - [2023-05-18T00:14:23.333+0000] {dag.py:2726} INFO - Sync 1 DAGs
[2023-05-18T00:14:23.350+0000] {logging_mixin.py:149} INFO - [2023-05-18T00:14:23.350+0000] {dag.py:3490} INFO - Setting next_dagrun for example_nested_branch_dag to 2023-05-17T00:00:00+00:00, run_after=2023-05-18T00:00:00+00:00
[2023-05-18T00:14:23.364+0000] {processor.py:179} INFO - Processing /home/airflow/.local/lib/python3.7/site-packages/airflow/example_dags/example_nested_branch_dag.py took 0.064 seconds
[2023-05-18T00:14:53.991+0000] {processor.py:157} INFO - Started process (PID=3379) to work on /home/airflow/.local/lib/python3.7/site-packages/airflow/example_dags/example_nested_branch_dag.py
[2023-05-18T00:14:53.991+0000] {processor.py:826} INFO - Processing file /home/airflow/.local/lib/python3.7/site-packages/airflow/example_dags/example_nested_branch_dag.py for tasks to queue
[2023-05-18T00:14:53.992+0000] {logging_mixin.py:149} INFO - [2023-05-18T00:14:53.992+0000] {dagbag.py:541} INFO - Filling up the DagBag from /home/airflow/.local/lib/python3.7/site-packages/airflow/example_dags/example_nested_branch_dag.py
[2023-05-18T00:14:53.997+0000] {processor.py:836} INFO - DAG(s) dict_keys(['example_nested_branch_dag']) retrieved from /home/airflow/.local/lib/python3.7/site-packages/airflow/example_dags/example_nested_branch_dag.py
[2023-05-18T00:14:54.012+0000] {logging_mixin.py:149} INFO - [2023-05-18T00:14:54.012+0000] {dag.py:2726} INFO - Sync 1 DAGs
[2023-05-18T00:14:54.026+0000] {logging_mixin.py:149} INFO - [2023-05-18T00:14:54.026+0000] {dag.py:3490} INFO - Setting next_dagrun for example_nested_branch_dag to 2023-05-17T00:00:00+00:00, run_after=2023-05-18T00:00:00+00:00
[2023-05-18T00:14:54.038+0000] {processor.py:179} INFO - Processing /home/airflow/.local/lib/python3.7/site-packages/airflow/example_dags/example_nested_branch_dag.py took 0.049 seconds
[2023-05-18T00:15:24.601+0000] {processor.py:157} INFO - Started process (PID=3443) to work on /home/airflow/.local/lib/python3.7/site-packages/airflow/example_dags/example_nested_branch_dag.py
[2023-05-18T00:15:24.610+0000] {processor.py:826} INFO - Processing file /home/airflow/.local/lib/python3.7/site-packages/airflow/example_dags/example_nested_branch_dag.py for tasks to queue
[2023-05-18T00:15:24.610+0000] {logging_mixin.py:149} INFO - [2023-05-18T00:15:24.610+0000] {dagbag.py:541} INFO - Filling up the DagBag from /home/airflow/.local/lib/python3.7/site-packages/airflow/example_dags/example_nested_branch_dag.py
[2023-05-18T00:15:24.616+0000] {processor.py:836} INFO - DAG(s) dict_keys(['example_nested_branch_dag']) retrieved from /home/airflow/.local/lib/python3.7/site-packages/airflow/example_dags/example_nested_branch_dag.py
[2023-05-18T00:15:24.632+0000] {logging_mixin.py:149} INFO - [2023-05-18T00:15:24.632+0000] {dag.py:2726} INFO - Sync 1 DAGs
[2023-05-18T00:15:24.647+0000] {logging_mixin.py:149} INFO - [2023-05-18T00:15:24.647+0000] {dag.py:3490} INFO - Setting next_dagrun for example_nested_branch_dag to 2023-05-17T00:00:00+00:00, run_after=2023-05-18T00:00:00+00:00
[2023-05-18T00:15:24.660+0000] {processor.py:179} INFO - Processing /home/airflow/.local/lib/python3.7/site-packages/airflow/example_dags/example_nested_branch_dag.py took 0.060 seconds
[2023-05-18T00:15:55.255+0000] {processor.py:157} INFO - Started process (PID=3507) to work on /home/airflow/.local/lib/python3.7/site-packages/airflow/example_dags/example_nested_branch_dag.py
[2023-05-18T00:15:55.255+0000] {processor.py:826} INFO - Processing file /home/airflow/.local/lib/python3.7/site-packages/airflow/example_dags/example_nested_branch_dag.py for tasks to queue
[2023-05-18T00:15:55.256+0000] {logging_mixin.py:149} INFO - [2023-05-18T00:15:55.256+0000] {dagbag.py:541} INFO - Filling up the DagBag from /home/airflow/.local/lib/python3.7/site-packages/airflow/example_dags/example_nested_branch_dag.py
[2023-05-18T00:15:55.262+0000] {processor.py:836} INFO - DAG(s) dict_keys(['example_nested_branch_dag']) retrieved from /home/airflow/.local/lib/python3.7/site-packages/airflow/example_dags/example_nested_branch_dag.py
[2023-05-18T00:15:55.276+0000] {logging_mixin.py:149} INFO - [2023-05-18T00:15:55.276+0000] {dag.py:2726} INFO - Sync 1 DAGs
[2023-05-18T00:15:55.290+0000] {logging_mixin.py:149} INFO - [2023-05-18T00:15:55.290+0000] {dag.py:3490} INFO - Setting next_dagrun for example_nested_branch_dag to 2023-05-17T00:00:00+00:00, run_after=2023-05-18T00:00:00+00:00
[2023-05-18T00:15:55.301+0000] {processor.py:179} INFO - Processing /home/airflow/.local/lib/python3.7/site-packages/airflow/example_dags/example_nested_branch_dag.py took 0.048 seconds
[2023-05-18T00:16:25.855+0000] {processor.py:157} INFO - Started process (PID=3571) to work on /home/airflow/.local/lib/python3.7/site-packages/airflow/example_dags/example_nested_branch_dag.py
[2023-05-18T00:16:25.865+0000] {processor.py:826} INFO - Processing file /home/airflow/.local/lib/python3.7/site-packages/airflow/example_dags/example_nested_branch_dag.py for tasks to queue
[2023-05-18T00:16:25.865+0000] {logging_mixin.py:149} INFO - [2023-05-18T00:16:25.865+0000] {dagbag.py:541} INFO - Filling up the DagBag from /home/airflow/.local/lib/python3.7/site-packages/airflow/example_dags/example_nested_branch_dag.py
[2023-05-18T00:16:25.871+0000] {processor.py:836} INFO - DAG(s) dict_keys(['example_nested_branch_dag']) retrieved from /home/airflow/.local/lib/python3.7/site-packages/airflow/example_dags/example_nested_branch_dag.py
[2023-05-18T00:16:25.886+0000] {logging_mixin.py:149} INFO - [2023-05-18T00:16:25.886+0000] {dag.py:2726} INFO - Sync 1 DAGs
[2023-05-18T00:16:25.901+0000] {logging_mixin.py:149} INFO - [2023-05-18T00:16:25.901+0000] {dag.py:3490} INFO - Setting next_dagrun for example_nested_branch_dag to 2023-05-17T00:00:00+00:00, run_after=2023-05-18T00:00:00+00:00
[2023-05-18T00:16:25.913+0000] {processor.py:179} INFO - Processing /home/airflow/.local/lib/python3.7/site-packages/airflow/example_dags/example_nested_branch_dag.py took 0.060 seconds
[2023-05-18T00:16:56.530+0000] {processor.py:157} INFO - Started process (PID=3635) to work on /home/airflow/.local/lib/python3.7/site-packages/airflow/example_dags/example_nested_branch_dag.py
[2023-05-18T00:16:56.530+0000] {processor.py:826} INFO - Processing file /home/airflow/.local/lib/python3.7/site-packages/airflow/example_dags/example_nested_branch_dag.py for tasks to queue
[2023-05-18T00:16:56.531+0000] {logging_mixin.py:149} INFO - [2023-05-18T00:16:56.531+0000] {dagbag.py:541} INFO - Filling up the DagBag from /home/airflow/.local/lib/python3.7/site-packages/airflow/example_dags/example_nested_branch_dag.py
[2023-05-18T00:16:56.537+0000] {processor.py:836} INFO - DAG(s) dict_keys(['example_nested_branch_dag']) retrieved from /home/airflow/.local/lib/python3.7/site-packages/airflow/example_dags/example_nested_branch_dag.py
[2023-05-18T00:16:56.552+0000] {logging_mixin.py:149} INFO - [2023-05-18T00:16:56.552+0000] {dag.py:2726} INFO - Sync 1 DAGs
[2023-05-18T00:16:56.568+0000] {logging_mixin.py:149} INFO - [2023-05-18T00:16:56.568+0000] {dag.py:3490} INFO - Setting next_dagrun for example_nested_branch_dag to 2023-05-17T00:00:00+00:00, run_after=2023-05-18T00:00:00+00:00
[2023-05-18T00:16:56.580+0000] {processor.py:179} INFO - Processing /home/airflow/.local/lib/python3.7/site-packages/airflow/example_dags/example_nested_branch_dag.py took 0.052 seconds
