[2023-05-18T00:00:02.485+0000] {processor.py:157} INFO - Started process (PID=1503) to work on /home/airflow/.local/lib/python3.7/site-packages/airflow/example_dags/example_bash_operator.py
[2023-05-18T00:00:02.486+0000] {processor.py:826} INFO - Processing file /home/airflow/.local/lib/python3.7/site-packages/airflow/example_dags/example_bash_operator.py for tasks to queue
[2023-05-18T00:00:02.486+0000] {logging_mixin.py:149} INFO - [2023-05-18T00:00:02.486+0000] {dagbag.py:541} INFO - Filling up the DagBag from /home/airflow/.local/lib/python3.7/site-packages/airflow/example_dags/example_bash_operator.py
[2023-05-18T00:00:02.493+0000] {processor.py:836} INFO - DAG(s) dict_keys(['example_bash_operator']) retrieved from /home/airflow/.local/lib/python3.7/site-packages/airflow/example_dags/example_bash_operator.py
[2023-05-18T00:00:02.514+0000] {logging_mixin.py:149} INFO - [2023-05-18T00:00:02.514+0000] {dag.py:2726} INFO - Sync 1 DAGs
[2023-05-18T00:00:02.527+0000] {logging_mixin.py:149} INFO - [2023-05-18T00:00:02.527+0000] {dag.py:3490} INFO - Setting next_dagrun for example_bash_operator to 2023-05-17T00:00:00+00:00, run_after=2023-05-18T00:00:00+00:00
[2023-05-18T00:00:02.542+0000] {processor.py:179} INFO - Processing /home/airflow/.local/lib/python3.7/site-packages/airflow/example_dags/example_bash_operator.py took 0.058 seconds
[2023-05-18T00:00:33.105+0000] {processor.py:157} INFO - Started process (PID=1567) to work on /home/airflow/.local/lib/python3.7/site-packages/airflow/example_dags/example_bash_operator.py
[2023-05-18T00:00:33.106+0000] {processor.py:826} INFO - Processing file /home/airflow/.local/lib/python3.7/site-packages/airflow/example_dags/example_bash_operator.py for tasks to queue
[2023-05-18T00:00:33.106+0000] {logging_mixin.py:149} INFO - [2023-05-18T00:00:33.106+0000] {dagbag.py:541} INFO - Filling up the DagBag from /home/airflow/.local/lib/python3.7/site-packages/airflow/example_dags/example_bash_operator.py
[2023-05-18T00:00:33.113+0000] {processor.py:836} INFO - DAG(s) dict_keys(['example_bash_operator']) retrieved from /home/airflow/.local/lib/python3.7/site-packages/airflow/example_dags/example_bash_operator.py
[2023-05-18T00:00:33.134+0000] {logging_mixin.py:149} INFO - [2023-05-18T00:00:33.134+0000] {dag.py:2726} INFO - Sync 1 DAGs
[2023-05-18T00:00:33.149+0000] {logging_mixin.py:149} INFO - [2023-05-18T00:00:33.149+0000] {dag.py:3490} INFO - Setting next_dagrun for example_bash_operator to 2023-05-17T00:00:00+00:00, run_after=2023-05-18T00:00:00+00:00
[2023-05-18T00:00:33.161+0000] {processor.py:179} INFO - Processing /home/airflow/.local/lib/python3.7/site-packages/airflow/example_dags/example_bash_operator.py took 0.058 seconds
[2023-05-18T00:01:03.748+0000] {processor.py:157} INFO - Started process (PID=1631) to work on /home/airflow/.local/lib/python3.7/site-packages/airflow/example_dags/example_bash_operator.py
[2023-05-18T00:01:03.749+0000] {processor.py:826} INFO - Processing file /home/airflow/.local/lib/python3.7/site-packages/airflow/example_dags/example_bash_operator.py for tasks to queue
[2023-05-18T00:01:03.749+0000] {logging_mixin.py:149} INFO - [2023-05-18T00:01:03.749+0000] {dagbag.py:541} INFO - Filling up the DagBag from /home/airflow/.local/lib/python3.7/site-packages/airflow/example_dags/example_bash_operator.py
[2023-05-18T00:01:03.757+0000] {processor.py:836} INFO - DAG(s) dict_keys(['example_bash_operator']) retrieved from /home/airflow/.local/lib/python3.7/site-packages/airflow/example_dags/example_bash_operator.py
[2023-05-18T00:01:03.787+0000] {logging_mixin.py:149} INFO - [2023-05-18T00:01:03.787+0000] {dag.py:2726} INFO - Sync 1 DAGs
[2023-05-18T00:01:03.802+0000] {logging_mixin.py:149} INFO - [2023-05-18T00:01:03.802+0000] {dag.py:3490} INFO - Setting next_dagrun for example_bash_operator to 2023-05-17T00:00:00+00:00, run_after=2023-05-18T00:00:00+00:00
[2023-05-18T00:01:03.816+0000] {processor.py:179} INFO - Processing /home/airflow/.local/lib/python3.7/site-packages/airflow/example_dags/example_bash_operator.py took 0.070 seconds
[2023-05-18T00:01:34.305+0000] {processor.py:157} INFO - Started process (PID=1695) to work on /home/airflow/.local/lib/python3.7/site-packages/airflow/example_dags/example_bash_operator.py
[2023-05-18T00:01:34.305+0000] {processor.py:826} INFO - Processing file /home/airflow/.local/lib/python3.7/site-packages/airflow/example_dags/example_bash_operator.py for tasks to queue
[2023-05-18T00:01:34.305+0000] {logging_mixin.py:149} INFO - [2023-05-18T00:01:34.305+0000] {dagbag.py:541} INFO - Filling up the DagBag from /home/airflow/.local/lib/python3.7/site-packages/airflow/example_dags/example_bash_operator.py
[2023-05-18T00:01:34.314+0000] {processor.py:836} INFO - DAG(s) dict_keys(['example_bash_operator']) retrieved from /home/airflow/.local/lib/python3.7/site-packages/airflow/example_dags/example_bash_operator.py
[2023-05-18T00:01:34.335+0000] {logging_mixin.py:149} INFO - [2023-05-18T00:01:34.335+0000] {dag.py:2726} INFO - Sync 1 DAGs
[2023-05-18T00:01:34.349+0000] {logging_mixin.py:149} INFO - [2023-05-18T00:01:34.349+0000] {dag.py:3490} INFO - Setting next_dagrun for example_bash_operator to 2023-05-17T00:00:00+00:00, run_after=2023-05-18T00:00:00+00:00
[2023-05-18T00:01:34.363+0000] {processor.py:179} INFO - Processing /home/airflow/.local/lib/python3.7/site-packages/airflow/example_dags/example_bash_operator.py took 0.060 seconds
[2023-05-18T00:02:04.833+0000] {processor.py:157} INFO - Started process (PID=1759) to work on /home/airflow/.local/lib/python3.7/site-packages/airflow/example_dags/example_bash_operator.py
[2023-05-18T00:02:04.835+0000] {processor.py:826} INFO - Processing file /home/airflow/.local/lib/python3.7/site-packages/airflow/example_dags/example_bash_operator.py for tasks to queue
[2023-05-18T00:02:04.835+0000] {logging_mixin.py:149} INFO - [2023-05-18T00:02:04.835+0000] {dagbag.py:541} INFO - Filling up the DagBag from /home/airflow/.local/lib/python3.7/site-packages/airflow/example_dags/example_bash_operator.py
[2023-05-18T00:02:04.843+0000] {processor.py:836} INFO - DAG(s) dict_keys(['example_bash_operator']) retrieved from /home/airflow/.local/lib/python3.7/site-packages/airflow/example_dags/example_bash_operator.py
[2023-05-18T00:02:04.864+0000] {logging_mixin.py:149} INFO - [2023-05-18T00:02:04.864+0000] {dag.py:2726} INFO - Sync 1 DAGs
[2023-05-18T00:02:04.879+0000] {logging_mixin.py:149} INFO - [2023-05-18T00:02:04.879+0000] {dag.py:3490} INFO - Setting next_dagrun for example_bash_operator to 2023-05-17T00:00:00+00:00, run_after=2023-05-18T00:00:00+00:00
[2023-05-18T00:02:04.892+0000] {processor.py:179} INFO - Processing /home/airflow/.local/lib/python3.7/site-packages/airflow/example_dags/example_bash_operator.py took 0.061 seconds
[2023-05-18T00:02:35.503+0000] {processor.py:157} INFO - Started process (PID=1823) to work on /home/airflow/.local/lib/python3.7/site-packages/airflow/example_dags/example_bash_operator.py
[2023-05-18T00:02:35.504+0000] {processor.py:826} INFO - Processing file /home/airflow/.local/lib/python3.7/site-packages/airflow/example_dags/example_bash_operator.py for tasks to queue
[2023-05-18T00:02:35.504+0000] {logging_mixin.py:149} INFO - [2023-05-18T00:02:35.504+0000] {dagbag.py:541} INFO - Filling up the DagBag from /home/airflow/.local/lib/python3.7/site-packages/airflow/example_dags/example_bash_operator.py
[2023-05-18T00:02:35.513+0000] {processor.py:836} INFO - DAG(s) dict_keys(['example_bash_operator']) retrieved from /home/airflow/.local/lib/python3.7/site-packages/airflow/example_dags/example_bash_operator.py
[2023-05-18T00:02:35.534+0000] {logging_mixin.py:149} INFO - [2023-05-18T00:02:35.534+0000] {dag.py:2726} INFO - Sync 1 DAGs
[2023-05-18T00:02:35.549+0000] {logging_mixin.py:149} INFO - [2023-05-18T00:02:35.549+0000] {dag.py:3490} INFO - Setting next_dagrun for example_bash_operator to 2023-05-17T00:00:00+00:00, run_after=2023-05-18T00:00:00+00:00
[2023-05-18T00:02:35.562+0000] {processor.py:179} INFO - Processing /home/airflow/.local/lib/python3.7/site-packages/airflow/example_dags/example_bash_operator.py took 0.061 seconds
[2023-05-18T00:03:06.236+0000] {processor.py:157} INFO - Started process (PID=1887) to work on /home/airflow/.local/lib/python3.7/site-packages/airflow/example_dags/example_bash_operator.py
[2023-05-18T00:03:06.237+0000] {processor.py:826} INFO - Processing file /home/airflow/.local/lib/python3.7/site-packages/airflow/example_dags/example_bash_operator.py for tasks to queue
[2023-05-18T00:03:06.237+0000] {logging_mixin.py:149} INFO - [2023-05-18T00:03:06.237+0000] {dagbag.py:541} INFO - Filling up the DagBag from /home/airflow/.local/lib/python3.7/site-packages/airflow/example_dags/example_bash_operator.py
[2023-05-18T00:03:06.245+0000] {processor.py:836} INFO - DAG(s) dict_keys(['example_bash_operator']) retrieved from /home/airflow/.local/lib/python3.7/site-packages/airflow/example_dags/example_bash_operator.py
[2023-05-18T00:03:06.267+0000] {logging_mixin.py:149} INFO - [2023-05-18T00:03:06.267+0000] {dag.py:2726} INFO - Sync 1 DAGs
[2023-05-18T00:03:06.282+0000] {logging_mixin.py:149} INFO - [2023-05-18T00:03:06.282+0000] {dag.py:3490} INFO - Setting next_dagrun for example_bash_operator to 2023-05-17T00:00:00+00:00, run_after=2023-05-18T00:00:00+00:00
[2023-05-18T00:03:06.295+0000] {processor.py:179} INFO - Processing /home/airflow/.local/lib/python3.7/site-packages/airflow/example_dags/example_bash_operator.py took 0.060 seconds
[2023-05-18T00:03:36.867+0000] {processor.py:157} INFO - Started process (PID=1951) to work on /home/airflow/.local/lib/python3.7/site-packages/airflow/example_dags/example_bash_operator.py
[2023-05-18T00:03:36.868+0000] {processor.py:826} INFO - Processing file /home/airflow/.local/lib/python3.7/site-packages/airflow/example_dags/example_bash_operator.py for tasks to queue
[2023-05-18T00:03:36.868+0000] {logging_mixin.py:149} INFO - [2023-05-18T00:03:36.868+0000] {dagbag.py:541} INFO - Filling up the DagBag from /home/airflow/.local/lib/python3.7/site-packages/airflow/example_dags/example_bash_operator.py
[2023-05-18T00:03:36.876+0000] {processor.py:836} INFO - DAG(s) dict_keys(['example_bash_operator']) retrieved from /home/airflow/.local/lib/python3.7/site-packages/airflow/example_dags/example_bash_operator.py
[2023-05-18T00:03:36.898+0000] {logging_mixin.py:149} INFO - [2023-05-18T00:03:36.897+0000] {dag.py:2726} INFO - Sync 1 DAGs
[2023-05-18T00:03:36.913+0000] {logging_mixin.py:149} INFO - [2023-05-18T00:03:36.913+0000] {dag.py:3490} INFO - Setting next_dagrun for example_bash_operator to 2023-05-17T00:00:00+00:00, run_after=2023-05-18T00:00:00+00:00
[2023-05-18T00:03:36.925+0000] {processor.py:179} INFO - Processing /home/airflow/.local/lib/python3.7/site-packages/airflow/example_dags/example_bash_operator.py took 0.060 seconds
[2023-05-18T00:04:07.496+0000] {processor.py:157} INFO - Started process (PID=2015) to work on /home/airflow/.local/lib/python3.7/site-packages/airflow/example_dags/example_bash_operator.py
[2023-05-18T00:04:07.497+0000] {processor.py:826} INFO - Processing file /home/airflow/.local/lib/python3.7/site-packages/airflow/example_dags/example_bash_operator.py for tasks to queue
[2023-05-18T00:04:07.498+0000] {logging_mixin.py:149} INFO - [2023-05-18T00:04:07.498+0000] {dagbag.py:541} INFO - Filling up the DagBag from /home/airflow/.local/lib/python3.7/site-packages/airflow/example_dags/example_bash_operator.py
[2023-05-18T00:04:07.505+0000] {processor.py:836} INFO - DAG(s) dict_keys(['example_bash_operator']) retrieved from /home/airflow/.local/lib/python3.7/site-packages/airflow/example_dags/example_bash_operator.py
[2023-05-18T00:04:07.527+0000] {logging_mixin.py:149} INFO - [2023-05-18T00:04:07.527+0000] {dag.py:2726} INFO - Sync 1 DAGs
[2023-05-18T00:04:07.542+0000] {logging_mixin.py:149} INFO - [2023-05-18T00:04:07.542+0000] {dag.py:3490} INFO - Setting next_dagrun for example_bash_operator to 2023-05-17T00:00:00+00:00, run_after=2023-05-18T00:00:00+00:00
[2023-05-18T00:04:07.555+0000] {processor.py:179} INFO - Processing /home/airflow/.local/lib/python3.7/site-packages/airflow/example_dags/example_bash_operator.py took 0.060 seconds
[2023-05-18T00:04:38.120+0000] {processor.py:157} INFO - Started process (PID=2079) to work on /home/airflow/.local/lib/python3.7/site-packages/airflow/example_dags/example_bash_operator.py
[2023-05-18T00:04:38.120+0000] {processor.py:826} INFO - Processing file /home/airflow/.local/lib/python3.7/site-packages/airflow/example_dags/example_bash_operator.py for tasks to queue
[2023-05-18T00:04:38.121+0000] {logging_mixin.py:149} INFO - [2023-05-18T00:04:38.121+0000] {dagbag.py:541} INFO - Filling up the DagBag from /home/airflow/.local/lib/python3.7/site-packages/airflow/example_dags/example_bash_operator.py
[2023-05-18T00:04:38.129+0000] {processor.py:836} INFO - DAG(s) dict_keys(['example_bash_operator']) retrieved from /home/airflow/.local/lib/python3.7/site-packages/airflow/example_dags/example_bash_operator.py
[2023-05-18T00:04:38.150+0000] {logging_mixin.py:149} INFO - [2023-05-18T00:04:38.150+0000] {dag.py:2726} INFO - Sync 1 DAGs
[2023-05-18T00:04:38.165+0000] {logging_mixin.py:149} INFO - [2023-05-18T00:04:38.165+0000] {dag.py:3490} INFO - Setting next_dagrun for example_bash_operator to 2023-05-17T00:00:00+00:00, run_after=2023-05-18T00:00:00+00:00
[2023-05-18T00:04:38.181+0000] {processor.py:179} INFO - Processing /home/airflow/.local/lib/python3.7/site-packages/airflow/example_dags/example_bash_operator.py took 0.063 seconds
[2023-05-18T00:05:08.764+0000] {processor.py:157} INFO - Started process (PID=2143) to work on /home/airflow/.local/lib/python3.7/site-packages/airflow/example_dags/example_bash_operator.py
[2023-05-18T00:05:08.765+0000] {processor.py:826} INFO - Processing file /home/airflow/.local/lib/python3.7/site-packages/airflow/example_dags/example_bash_operator.py for tasks to queue
[2023-05-18T00:05:08.766+0000] {logging_mixin.py:149} INFO - [2023-05-18T00:05:08.766+0000] {dagbag.py:541} INFO - Filling up the DagBag from /home/airflow/.local/lib/python3.7/site-packages/airflow/example_dags/example_bash_operator.py
[2023-05-18T00:05:08.773+0000] {processor.py:836} INFO - DAG(s) dict_keys(['example_bash_operator']) retrieved from /home/airflow/.local/lib/python3.7/site-packages/airflow/example_dags/example_bash_operator.py
[2023-05-18T00:05:08.798+0000] {logging_mixin.py:149} INFO - [2023-05-18T00:05:08.798+0000] {dag.py:2726} INFO - Sync 1 DAGs
[2023-05-18T00:05:08.814+0000] {logging_mixin.py:149} INFO - [2023-05-18T00:05:08.814+0000] {dag.py:3490} INFO - Setting next_dagrun for example_bash_operator to 2023-05-17T00:00:00+00:00, run_after=2023-05-18T00:00:00+00:00
[2023-05-18T00:05:08.829+0000] {processor.py:179} INFO - Processing /home/airflow/.local/lib/python3.7/site-packages/airflow/example_dags/example_bash_operator.py took 0.067 seconds
[2023-05-18T00:05:39.397+0000] {processor.py:157} INFO - Started process (PID=2207) to work on /home/airflow/.local/lib/python3.7/site-packages/airflow/example_dags/example_bash_operator.py
[2023-05-18T00:05:39.398+0000] {processor.py:826} INFO - Processing file /home/airflow/.local/lib/python3.7/site-packages/airflow/example_dags/example_bash_operator.py for tasks to queue
[2023-05-18T00:05:39.399+0000] {logging_mixin.py:149} INFO - [2023-05-18T00:05:39.399+0000] {dagbag.py:541} INFO - Filling up the DagBag from /home/airflow/.local/lib/python3.7/site-packages/airflow/example_dags/example_bash_operator.py
[2023-05-18T00:05:39.406+0000] {processor.py:836} INFO - DAG(s) dict_keys(['example_bash_operator']) retrieved from /home/airflow/.local/lib/python3.7/site-packages/airflow/example_dags/example_bash_operator.py
[2023-05-18T00:05:39.427+0000] {logging_mixin.py:149} INFO - [2023-05-18T00:05:39.426+0000] {dag.py:2726} INFO - Sync 1 DAGs
[2023-05-18T00:05:39.442+0000] {logging_mixin.py:149} INFO - [2023-05-18T00:05:39.442+0000] {dag.py:3490} INFO - Setting next_dagrun for example_bash_operator to 2023-05-17T00:00:00+00:00, run_after=2023-05-18T00:00:00+00:00
[2023-05-18T00:05:39.455+0000] {processor.py:179} INFO - Processing /home/airflow/.local/lib/python3.7/site-packages/airflow/example_dags/example_bash_operator.py took 0.059 seconds
[2023-05-18T00:06:09.528+0000] {processor.py:157} INFO - Started process (PID=2271) to work on /home/airflow/.local/lib/python3.7/site-packages/airflow/example_dags/example_bash_operator.py
[2023-05-18T00:06:09.528+0000] {processor.py:826} INFO - Processing file /home/airflow/.local/lib/python3.7/site-packages/airflow/example_dags/example_bash_operator.py for tasks to queue
[2023-05-18T00:06:09.529+0000] {logging_mixin.py:149} INFO - [2023-05-18T00:06:09.529+0000] {dagbag.py:541} INFO - Filling up the DagBag from /home/airflow/.local/lib/python3.7/site-packages/airflow/example_dags/example_bash_operator.py
[2023-05-18T00:06:09.538+0000] {processor.py:836} INFO - DAG(s) dict_keys(['example_bash_operator']) retrieved from /home/airflow/.local/lib/python3.7/site-packages/airflow/example_dags/example_bash_operator.py
[2023-05-18T00:06:09.559+0000] {logging_mixin.py:149} INFO - [2023-05-18T00:06:09.559+0000] {dag.py:2726} INFO - Sync 1 DAGs
[2023-05-18T00:06:09.575+0000] {logging_mixin.py:149} INFO - [2023-05-18T00:06:09.575+0000] {dag.py:3490} INFO - Setting next_dagrun for example_bash_operator to 2023-05-17T00:00:00+00:00, run_after=2023-05-18T00:00:00+00:00
[2023-05-18T00:06:09.589+0000] {processor.py:179} INFO - Processing /home/airflow/.local/lib/python3.7/site-packages/airflow/example_dags/example_bash_operator.py took 0.063 seconds
[2023-05-18T00:06:39.692+0000] {processor.py:157} INFO - Started process (PID=2335) to work on /home/airflow/.local/lib/python3.7/site-packages/airflow/example_dags/example_bash_operator.py
[2023-05-18T00:06:39.693+0000] {processor.py:826} INFO - Processing file /home/airflow/.local/lib/python3.7/site-packages/airflow/example_dags/example_bash_operator.py for tasks to queue
[2023-05-18T00:06:39.694+0000] {logging_mixin.py:149} INFO - [2023-05-18T00:06:39.694+0000] {dagbag.py:541} INFO - Filling up the DagBag from /home/airflow/.local/lib/python3.7/site-packages/airflow/example_dags/example_bash_operator.py
[2023-05-18T00:06:39.702+0000] {processor.py:836} INFO - DAG(s) dict_keys(['example_bash_operator']) retrieved from /home/airflow/.local/lib/python3.7/site-packages/airflow/example_dags/example_bash_operator.py
[2023-05-18T00:06:39.722+0000] {logging_mixin.py:149} INFO - [2023-05-18T00:06:39.722+0000] {dag.py:2726} INFO - Sync 1 DAGs
[2023-05-18T00:06:39.737+0000] {logging_mixin.py:149} INFO - [2023-05-18T00:06:39.737+0000] {dag.py:3490} INFO - Setting next_dagrun for example_bash_operator to 2023-05-17T00:00:00+00:00, run_after=2023-05-18T00:00:00+00:00
[2023-05-18T00:06:39.751+0000] {processor.py:179} INFO - Processing /home/airflow/.local/lib/python3.7/site-packages/airflow/example_dags/example_bash_operator.py took 0.062 seconds
[2023-05-18T00:07:09.825+0000] {processor.py:157} INFO - Started process (PID=2399) to work on /home/airflow/.local/lib/python3.7/site-packages/airflow/example_dags/example_bash_operator.py
[2023-05-18T00:07:09.827+0000] {processor.py:826} INFO - Processing file /home/airflow/.local/lib/python3.7/site-packages/airflow/example_dags/example_bash_operator.py for tasks to queue
[2023-05-18T00:07:09.828+0000] {logging_mixin.py:149} INFO - [2023-05-18T00:07:09.828+0000] {dagbag.py:541} INFO - Filling up the DagBag from /home/airflow/.local/lib/python3.7/site-packages/airflow/example_dags/example_bash_operator.py
[2023-05-18T00:07:09.835+0000] {processor.py:836} INFO - DAG(s) dict_keys(['example_bash_operator']) retrieved from /home/airflow/.local/lib/python3.7/site-packages/airflow/example_dags/example_bash_operator.py
[2023-05-18T00:07:09.856+0000] {logging_mixin.py:149} INFO - [2023-05-18T00:07:09.856+0000] {dag.py:2726} INFO - Sync 1 DAGs
[2023-05-18T00:07:09.871+0000] {logging_mixin.py:149} INFO - [2023-05-18T00:07:09.871+0000] {dag.py:3490} INFO - Setting next_dagrun for example_bash_operator to 2023-05-17T00:00:00+00:00, run_after=2023-05-18T00:00:00+00:00
[2023-05-18T00:07:09.884+0000] {processor.py:179} INFO - Processing /home/airflow/.local/lib/python3.7/site-packages/airflow/example_dags/example_bash_operator.py took 0.060 seconds
[2023-05-18T00:07:40.557+0000] {processor.py:157} INFO - Started process (PID=2462) to work on /home/airflow/.local/lib/python3.7/site-packages/airflow/example_dags/example_bash_operator.py
[2023-05-18T00:07:40.558+0000] {processor.py:826} INFO - Processing file /home/airflow/.local/lib/python3.7/site-packages/airflow/example_dags/example_bash_operator.py for tasks to queue
[2023-05-18T00:07:40.558+0000] {logging_mixin.py:149} INFO - [2023-05-18T00:07:40.558+0000] {dagbag.py:541} INFO - Filling up the DagBag from /home/airflow/.local/lib/python3.7/site-packages/airflow/example_dags/example_bash_operator.py
[2023-05-18T00:07:40.568+0000] {processor.py:836} INFO - DAG(s) dict_keys(['example_bash_operator']) retrieved from /home/airflow/.local/lib/python3.7/site-packages/airflow/example_dags/example_bash_operator.py
[2023-05-18T00:07:40.588+0000] {logging_mixin.py:149} INFO - [2023-05-18T00:07:40.588+0000] {dag.py:2726} INFO - Sync 1 DAGs
[2023-05-18T00:07:40.604+0000] {logging_mixin.py:149} INFO - [2023-05-18T00:07:40.604+0000] {dag.py:3490} INFO - Setting next_dagrun for example_bash_operator to 2023-05-17T00:00:00+00:00, run_after=2023-05-18T00:00:00+00:00
[2023-05-18T00:07:40.616+0000] {processor.py:179} INFO - Processing /home/airflow/.local/lib/python3.7/site-packages/airflow/example_dags/example_bash_operator.py took 0.061 seconds
[2023-05-18T00:08:11.346+0000] {processor.py:157} INFO - Started process (PID=2526) to work on /home/airflow/.local/lib/python3.7/site-packages/airflow/example_dags/example_bash_operator.py
[2023-05-18T00:08:11.348+0000] {processor.py:826} INFO - Processing file /home/airflow/.local/lib/python3.7/site-packages/airflow/example_dags/example_bash_operator.py for tasks to queue
[2023-05-18T00:08:11.348+0000] {logging_mixin.py:149} INFO - [2023-05-18T00:08:11.348+0000] {dagbag.py:541} INFO - Filling up the DagBag from /home/airflow/.local/lib/python3.7/site-packages/airflow/example_dags/example_bash_operator.py
[2023-05-18T00:08:11.356+0000] {processor.py:836} INFO - DAG(s) dict_keys(['example_bash_operator']) retrieved from /home/airflow/.local/lib/python3.7/site-packages/airflow/example_dags/example_bash_operator.py
[2023-05-18T00:08:11.376+0000] {logging_mixin.py:149} INFO - [2023-05-18T00:08:11.376+0000] {dag.py:2726} INFO - Sync 1 DAGs
[2023-05-18T00:08:11.391+0000] {logging_mixin.py:149} INFO - [2023-05-18T00:08:11.391+0000] {dag.py:3490} INFO - Setting next_dagrun for example_bash_operator to 2023-05-17T00:00:00+00:00, run_after=2023-05-18T00:00:00+00:00
[2023-05-18T00:08:11.404+0000] {processor.py:179} INFO - Processing /home/airflow/.local/lib/python3.7/site-packages/airflow/example_dags/example_bash_operator.py took 0.061 seconds
[2023-05-18T00:08:42.165+0000] {processor.py:157} INFO - Started process (PID=2590) to work on /home/airflow/.local/lib/python3.7/site-packages/airflow/example_dags/example_bash_operator.py
[2023-05-18T00:08:42.167+0000] {processor.py:826} INFO - Processing file /home/airflow/.local/lib/python3.7/site-packages/airflow/example_dags/example_bash_operator.py for tasks to queue
[2023-05-18T00:08:42.167+0000] {logging_mixin.py:149} INFO - [2023-05-18T00:08:42.167+0000] {dagbag.py:541} INFO - Filling up the DagBag from /home/airflow/.local/lib/python3.7/site-packages/airflow/example_dags/example_bash_operator.py
[2023-05-18T00:08:42.175+0000] {processor.py:836} INFO - DAG(s) dict_keys(['example_bash_operator']) retrieved from /home/airflow/.local/lib/python3.7/site-packages/airflow/example_dags/example_bash_operator.py
[2023-05-18T00:08:42.196+0000] {logging_mixin.py:149} INFO - [2023-05-18T00:08:42.196+0000] {dag.py:2726} INFO - Sync 1 DAGs
[2023-05-18T00:08:42.211+0000] {logging_mixin.py:149} INFO - [2023-05-18T00:08:42.211+0000] {dag.py:3490} INFO - Setting next_dagrun for example_bash_operator to 2023-05-17T00:00:00+00:00, run_after=2023-05-18T00:00:00+00:00
[2023-05-18T00:08:42.224+0000] {processor.py:179} INFO - Processing /home/airflow/.local/lib/python3.7/site-packages/airflow/example_dags/example_bash_operator.py took 0.060 seconds
[2023-05-18T00:09:12.889+0000] {processor.py:157} INFO - Started process (PID=2654) to work on /home/airflow/.local/lib/python3.7/site-packages/airflow/example_dags/example_bash_operator.py
[2023-05-18T00:09:12.890+0000] {processor.py:826} INFO - Processing file /home/airflow/.local/lib/python3.7/site-packages/airflow/example_dags/example_bash_operator.py for tasks to queue
[2023-05-18T00:09:12.890+0000] {logging_mixin.py:149} INFO - [2023-05-18T00:09:12.890+0000] {dagbag.py:541} INFO - Filling up the DagBag from /home/airflow/.local/lib/python3.7/site-packages/airflow/example_dags/example_bash_operator.py
[2023-05-18T00:09:12.898+0000] {processor.py:836} INFO - DAG(s) dict_keys(['example_bash_operator']) retrieved from /home/airflow/.local/lib/python3.7/site-packages/airflow/example_dags/example_bash_operator.py
[2023-05-18T00:09:12.918+0000] {logging_mixin.py:149} INFO - [2023-05-18T00:09:12.918+0000] {dag.py:2726} INFO - Sync 1 DAGs
[2023-05-18T00:09:12.932+0000] {logging_mixin.py:149} INFO - [2023-05-18T00:09:12.932+0000] {dag.py:3490} INFO - Setting next_dagrun for example_bash_operator to 2023-05-17T00:00:00+00:00, run_after=2023-05-18T00:00:00+00:00
[2023-05-18T00:09:12.944+0000] {processor.py:179} INFO - Processing /home/airflow/.local/lib/python3.7/site-packages/airflow/example_dags/example_bash_operator.py took 0.056 seconds
[2023-05-18T00:09:43.582+0000] {processor.py:157} INFO - Started process (PID=2718) to work on /home/airflow/.local/lib/python3.7/site-packages/airflow/example_dags/example_bash_operator.py
[2023-05-18T00:09:43.584+0000] {processor.py:826} INFO - Processing file /home/airflow/.local/lib/python3.7/site-packages/airflow/example_dags/example_bash_operator.py for tasks to queue
[2023-05-18T00:09:43.585+0000] {logging_mixin.py:149} INFO - [2023-05-18T00:09:43.584+0000] {dagbag.py:541} INFO - Filling up the DagBag from /home/airflow/.local/lib/python3.7/site-packages/airflow/example_dags/example_bash_operator.py
[2023-05-18T00:09:43.592+0000] {processor.py:836} INFO - DAG(s) dict_keys(['example_bash_operator']) retrieved from /home/airflow/.local/lib/python3.7/site-packages/airflow/example_dags/example_bash_operator.py
[2023-05-18T00:09:43.613+0000] {logging_mixin.py:149} INFO - [2023-05-18T00:09:43.612+0000] {dag.py:2726} INFO - Sync 1 DAGs
[2023-05-18T00:09:43.627+0000] {logging_mixin.py:149} INFO - [2023-05-18T00:09:43.627+0000] {dag.py:3490} INFO - Setting next_dagrun for example_bash_operator to 2023-05-17T00:00:00+00:00, run_after=2023-05-18T00:00:00+00:00
[2023-05-18T00:09:43.639+0000] {processor.py:179} INFO - Processing /home/airflow/.local/lib/python3.7/site-packages/airflow/example_dags/example_bash_operator.py took 0.058 seconds
[2023-05-18T00:10:14.329+0000] {processor.py:157} INFO - Started process (PID=2782) to work on /home/airflow/.local/lib/python3.7/site-packages/airflow/example_dags/example_bash_operator.py
[2023-05-18T00:10:14.330+0000] {processor.py:826} INFO - Processing file /home/airflow/.local/lib/python3.7/site-packages/airflow/example_dags/example_bash_operator.py for tasks to queue
[2023-05-18T00:10:14.330+0000] {logging_mixin.py:149} INFO - [2023-05-18T00:10:14.330+0000] {dagbag.py:541} INFO - Filling up the DagBag from /home/airflow/.local/lib/python3.7/site-packages/airflow/example_dags/example_bash_operator.py
[2023-05-18T00:10:14.341+0000] {processor.py:836} INFO - DAG(s) dict_keys(['example_bash_operator']) retrieved from /home/airflow/.local/lib/python3.7/site-packages/airflow/example_dags/example_bash_operator.py
[2023-05-18T00:10:14.363+0000] {logging_mixin.py:149} INFO - [2023-05-18T00:10:14.363+0000] {dag.py:2726} INFO - Sync 1 DAGs
[2023-05-18T00:10:14.377+0000] {logging_mixin.py:149} INFO - [2023-05-18T00:10:14.377+0000] {dag.py:3490} INFO - Setting next_dagrun for example_bash_operator to 2023-05-17T00:00:00+00:00, run_after=2023-05-18T00:00:00+00:00
[2023-05-18T00:10:14.390+0000] {processor.py:179} INFO - Processing /home/airflow/.local/lib/python3.7/site-packages/airflow/example_dags/example_bash_operator.py took 0.064 seconds
[2023-05-18T00:10:45.051+0000] {processor.py:157} INFO - Started process (PID=2846) to work on /home/airflow/.local/lib/python3.7/site-packages/airflow/example_dags/example_bash_operator.py
[2023-05-18T00:10:45.052+0000] {processor.py:826} INFO - Processing file /home/airflow/.local/lib/python3.7/site-packages/airflow/example_dags/example_bash_operator.py for tasks to queue
[2023-05-18T00:10:45.053+0000] {logging_mixin.py:149} INFO - [2023-05-18T00:10:45.053+0000] {dagbag.py:541} INFO - Filling up the DagBag from /home/airflow/.local/lib/python3.7/site-packages/airflow/example_dags/example_bash_operator.py
[2023-05-18T00:10:45.061+0000] {processor.py:836} INFO - DAG(s) dict_keys(['example_bash_operator']) retrieved from /home/airflow/.local/lib/python3.7/site-packages/airflow/example_dags/example_bash_operator.py
[2023-05-18T00:10:45.095+0000] {logging_mixin.py:149} INFO - [2023-05-18T00:10:45.094+0000] {dag.py:2726} INFO - Sync 1 DAGs
[2023-05-18T00:10:45.111+0000] {logging_mixin.py:149} INFO - [2023-05-18T00:10:45.111+0000] {dag.py:3490} INFO - Setting next_dagrun for example_bash_operator to 2023-05-17T00:00:00+00:00, run_after=2023-05-18T00:00:00+00:00
[2023-05-18T00:10:45.127+0000] {processor.py:179} INFO - Processing /home/airflow/.local/lib/python3.7/site-packages/airflow/example_dags/example_bash_operator.py took 0.077 seconds
[2023-05-18T00:11:15.786+0000] {processor.py:157} INFO - Started process (PID=2910) to work on /home/airflow/.local/lib/python3.7/site-packages/airflow/example_dags/example_bash_operator.py
[2023-05-18T00:11:15.787+0000] {processor.py:826} INFO - Processing file /home/airflow/.local/lib/python3.7/site-packages/airflow/example_dags/example_bash_operator.py for tasks to queue
[2023-05-18T00:11:15.788+0000] {logging_mixin.py:149} INFO - [2023-05-18T00:11:15.788+0000] {dagbag.py:541} INFO - Filling up the DagBag from /home/airflow/.local/lib/python3.7/site-packages/airflow/example_dags/example_bash_operator.py
[2023-05-18T00:11:15.796+0000] {processor.py:836} INFO - DAG(s) dict_keys(['example_bash_operator']) retrieved from /home/airflow/.local/lib/python3.7/site-packages/airflow/example_dags/example_bash_operator.py
[2023-05-18T00:11:15.818+0000] {logging_mixin.py:149} INFO - [2023-05-18T00:11:15.818+0000] {dag.py:2726} INFO - Sync 1 DAGs
[2023-05-18T00:11:15.833+0000] {logging_mixin.py:149} INFO - [2023-05-18T00:11:15.833+0000] {dag.py:3490} INFO - Setting next_dagrun for example_bash_operator to 2023-05-17T00:00:00+00:00, run_after=2023-05-18T00:00:00+00:00
[2023-05-18T00:11:15.845+0000] {processor.py:179} INFO - Processing /home/airflow/.local/lib/python3.7/site-packages/airflow/example_dags/example_bash_operator.py took 0.061 seconds
[2023-05-18T00:11:46.478+0000] {processor.py:157} INFO - Started process (PID=2974) to work on /home/airflow/.local/lib/python3.7/site-packages/airflow/example_dags/example_bash_operator.py
[2023-05-18T00:11:46.479+0000] {processor.py:826} INFO - Processing file /home/airflow/.local/lib/python3.7/site-packages/airflow/example_dags/example_bash_operator.py for tasks to queue
[2023-05-18T00:11:46.479+0000] {logging_mixin.py:149} INFO - [2023-05-18T00:11:46.479+0000] {dagbag.py:541} INFO - Filling up the DagBag from /home/airflow/.local/lib/python3.7/site-packages/airflow/example_dags/example_bash_operator.py
[2023-05-18T00:11:46.488+0000] {processor.py:836} INFO - DAG(s) dict_keys(['example_bash_operator']) retrieved from /home/airflow/.local/lib/python3.7/site-packages/airflow/example_dags/example_bash_operator.py
[2023-05-18T00:11:46.511+0000] {logging_mixin.py:149} INFO - [2023-05-18T00:11:46.511+0000] {dag.py:2726} INFO - Sync 1 DAGs
[2023-05-18T00:11:46.529+0000] {logging_mixin.py:149} INFO - [2023-05-18T00:11:46.529+0000] {dag.py:3490} INFO - Setting next_dagrun for example_bash_operator to 2023-05-17T00:00:00+00:00, run_after=2023-05-18T00:00:00+00:00
[2023-05-18T00:11:46.546+0000] {processor.py:179} INFO - Processing /home/airflow/.local/lib/python3.7/site-packages/airflow/example_dags/example_bash_operator.py took 0.070 seconds
[2023-05-18T00:12:17.165+0000] {processor.py:157} INFO - Started process (PID=3038) to work on /home/airflow/.local/lib/python3.7/site-packages/airflow/example_dags/example_bash_operator.py
[2023-05-18T00:12:17.167+0000] {processor.py:826} INFO - Processing file /home/airflow/.local/lib/python3.7/site-packages/airflow/example_dags/example_bash_operator.py for tasks to queue
[2023-05-18T00:12:17.167+0000] {logging_mixin.py:149} INFO - [2023-05-18T00:12:17.167+0000] {dagbag.py:541} INFO - Filling up the DagBag from /home/airflow/.local/lib/python3.7/site-packages/airflow/example_dags/example_bash_operator.py
[2023-05-18T00:12:17.175+0000] {processor.py:836} INFO - DAG(s) dict_keys(['example_bash_operator']) retrieved from /home/airflow/.local/lib/python3.7/site-packages/airflow/example_dags/example_bash_operator.py
[2023-05-18T00:12:17.199+0000] {logging_mixin.py:149} INFO - [2023-05-18T00:12:17.199+0000] {dag.py:2726} INFO - Sync 1 DAGs
[2023-05-18T00:12:17.214+0000] {logging_mixin.py:149} INFO - [2023-05-18T00:12:17.214+0000] {dag.py:3490} INFO - Setting next_dagrun for example_bash_operator to 2023-05-17T00:00:00+00:00, run_after=2023-05-18T00:00:00+00:00
[2023-05-18T00:12:17.230+0000] {processor.py:179} INFO - Processing /home/airflow/.local/lib/python3.7/site-packages/airflow/example_dags/example_bash_operator.py took 0.066 seconds
[2023-05-18T00:12:47.870+0000] {processor.py:157} INFO - Started process (PID=3102) to work on /home/airflow/.local/lib/python3.7/site-packages/airflow/example_dags/example_bash_operator.py
[2023-05-18T00:12:47.872+0000] {processor.py:826} INFO - Processing file /home/airflow/.local/lib/python3.7/site-packages/airflow/example_dags/example_bash_operator.py for tasks to queue
[2023-05-18T00:12:47.872+0000] {logging_mixin.py:149} INFO - [2023-05-18T00:12:47.872+0000] {dagbag.py:541} INFO - Filling up the DagBag from /home/airflow/.local/lib/python3.7/site-packages/airflow/example_dags/example_bash_operator.py
[2023-05-18T00:12:47.880+0000] {processor.py:836} INFO - DAG(s) dict_keys(['example_bash_operator']) retrieved from /home/airflow/.local/lib/python3.7/site-packages/airflow/example_dags/example_bash_operator.py
[2023-05-18T00:12:47.901+0000] {logging_mixin.py:149} INFO - [2023-05-18T00:12:47.901+0000] {dag.py:2726} INFO - Sync 1 DAGs
[2023-05-18T00:12:47.916+0000] {logging_mixin.py:149} INFO - [2023-05-18T00:12:47.916+0000] {dag.py:3490} INFO - Setting next_dagrun for example_bash_operator to 2023-05-17T00:00:00+00:00, run_after=2023-05-18T00:00:00+00:00
[2023-05-18T00:12:47.927+0000] {processor.py:179} INFO - Processing /home/airflow/.local/lib/python3.7/site-packages/airflow/example_dags/example_bash_operator.py took 0.059 seconds
[2023-05-18T00:13:18.594+0000] {processor.py:157} INFO - Started process (PID=3173) to work on /home/airflow/.local/lib/python3.7/site-packages/airflow/example_dags/example_bash_operator.py
[2023-05-18T00:13:18.595+0000] {processor.py:826} INFO - Processing file /home/airflow/.local/lib/python3.7/site-packages/airflow/example_dags/example_bash_operator.py for tasks to queue
[2023-05-18T00:13:18.596+0000] {logging_mixin.py:149} INFO - [2023-05-18T00:13:18.596+0000] {dagbag.py:541} INFO - Filling up the DagBag from /home/airflow/.local/lib/python3.7/site-packages/airflow/example_dags/example_bash_operator.py
[2023-05-18T00:13:18.606+0000] {processor.py:836} INFO - DAG(s) dict_keys(['example_bash_operator']) retrieved from /home/airflow/.local/lib/python3.7/site-packages/airflow/example_dags/example_bash_operator.py
[2023-05-18T00:13:18.630+0000] {logging_mixin.py:149} INFO - [2023-05-18T00:13:18.630+0000] {dag.py:2726} INFO - Sync 1 DAGs
[2023-05-18T00:13:18.647+0000] {logging_mixin.py:149} INFO - [2023-05-18T00:13:18.647+0000] {dag.py:3490} INFO - Setting next_dagrun for example_bash_operator to 2023-05-17T00:00:00+00:00, run_after=2023-05-18T00:00:00+00:00
[2023-05-18T00:13:18.661+0000] {processor.py:179} INFO - Processing /home/airflow/.local/lib/python3.7/site-packages/airflow/example_dags/example_bash_operator.py took 0.070 seconds
[2023-05-18T00:13:49.283+0000] {processor.py:157} INFO - Started process (PID=3237) to work on /home/airflow/.local/lib/python3.7/site-packages/airflow/example_dags/example_bash_operator.py
[2023-05-18T00:13:49.285+0000] {processor.py:826} INFO - Processing file /home/airflow/.local/lib/python3.7/site-packages/airflow/example_dags/example_bash_operator.py for tasks to queue
[2023-05-18T00:13:49.285+0000] {logging_mixin.py:149} INFO - [2023-05-18T00:13:49.285+0000] {dagbag.py:541} INFO - Filling up the DagBag from /home/airflow/.local/lib/python3.7/site-packages/airflow/example_dags/example_bash_operator.py
[2023-05-18T00:13:49.293+0000] {processor.py:836} INFO - DAG(s) dict_keys(['example_bash_operator']) retrieved from /home/airflow/.local/lib/python3.7/site-packages/airflow/example_dags/example_bash_operator.py
[2023-05-18T00:13:49.314+0000] {logging_mixin.py:149} INFO - [2023-05-18T00:13:49.314+0000] {dag.py:2726} INFO - Sync 1 DAGs
[2023-05-18T00:13:49.328+0000] {logging_mixin.py:149} INFO - [2023-05-18T00:13:49.328+0000] {dag.py:3490} INFO - Setting next_dagrun for example_bash_operator to 2023-05-17T00:00:00+00:00, run_after=2023-05-18T00:00:00+00:00
[2023-05-18T00:13:49.340+0000] {processor.py:179} INFO - Processing /home/airflow/.local/lib/python3.7/site-packages/airflow/example_dags/example_bash_operator.py took 0.058 seconds
[2023-05-18T00:14:19.845+0000] {processor.py:157} INFO - Started process (PID=3301) to work on /home/airflow/.local/lib/python3.7/site-packages/airflow/example_dags/example_bash_operator.py
[2023-05-18T00:14:19.845+0000] {processor.py:826} INFO - Processing file /home/airflow/.local/lib/python3.7/site-packages/airflow/example_dags/example_bash_operator.py for tasks to queue
[2023-05-18T00:14:19.845+0000] {logging_mixin.py:149} INFO - [2023-05-18T00:14:19.845+0000] {dagbag.py:541} INFO - Filling up the DagBag from /home/airflow/.local/lib/python3.7/site-packages/airflow/example_dags/example_bash_operator.py
[2023-05-18T00:14:19.853+0000] {processor.py:836} INFO - DAG(s) dict_keys(['example_bash_operator']) retrieved from /home/airflow/.local/lib/python3.7/site-packages/airflow/example_dags/example_bash_operator.py
[2023-05-18T00:14:19.874+0000] {logging_mixin.py:149} INFO - [2023-05-18T00:14:19.874+0000] {dag.py:2726} INFO - Sync 1 DAGs
[2023-05-18T00:14:19.888+0000] {logging_mixin.py:149} INFO - [2023-05-18T00:14:19.888+0000] {dag.py:3490} INFO - Setting next_dagrun for example_bash_operator to 2023-05-17T00:00:00+00:00, run_after=2023-05-18T00:00:00+00:00
[2023-05-18T00:14:19.903+0000] {processor.py:179} INFO - Processing /home/airflow/.local/lib/python3.7/site-packages/airflow/example_dags/example_bash_operator.py took 0.060 seconds
[2023-05-18T00:14:50.531+0000] {processor.py:157} INFO - Started process (PID=3365) to work on /home/airflow/.local/lib/python3.7/site-packages/airflow/example_dags/example_bash_operator.py
[2023-05-18T00:14:50.533+0000] {processor.py:826} INFO - Processing file /home/airflow/.local/lib/python3.7/site-packages/airflow/example_dags/example_bash_operator.py for tasks to queue
[2023-05-18T00:14:50.533+0000] {logging_mixin.py:149} INFO - [2023-05-18T00:14:50.533+0000] {dagbag.py:541} INFO - Filling up the DagBag from /home/airflow/.local/lib/python3.7/site-packages/airflow/example_dags/example_bash_operator.py
[2023-05-18T00:14:50.541+0000] {processor.py:836} INFO - DAG(s) dict_keys(['example_bash_operator']) retrieved from /home/airflow/.local/lib/python3.7/site-packages/airflow/example_dags/example_bash_operator.py
[2023-05-18T00:14:50.562+0000] {logging_mixin.py:149} INFO - [2023-05-18T00:14:50.562+0000] {dag.py:2726} INFO - Sync 1 DAGs
[2023-05-18T00:14:50.580+0000] {logging_mixin.py:149} INFO - [2023-05-18T00:14:50.580+0000] {dag.py:3490} INFO - Setting next_dagrun for example_bash_operator to 2023-05-17T00:00:00+00:00, run_after=2023-05-18T00:00:00+00:00
[2023-05-18T00:14:50.591+0000] {processor.py:179} INFO - Processing /home/airflow/.local/lib/python3.7/site-packages/airflow/example_dags/example_bash_operator.py took 0.062 seconds
[2023-05-18T00:15:21.145+0000] {processor.py:157} INFO - Started process (PID=3429) to work on /home/airflow/.local/lib/python3.7/site-packages/airflow/example_dags/example_bash_operator.py
[2023-05-18T00:15:21.145+0000] {processor.py:826} INFO - Processing file /home/airflow/.local/lib/python3.7/site-packages/airflow/example_dags/example_bash_operator.py for tasks to queue
[2023-05-18T00:15:21.145+0000] {logging_mixin.py:149} INFO - [2023-05-18T00:15:21.145+0000] {dagbag.py:541} INFO - Filling up the DagBag from /home/airflow/.local/lib/python3.7/site-packages/airflow/example_dags/example_bash_operator.py
[2023-05-18T00:15:21.153+0000] {processor.py:836} INFO - DAG(s) dict_keys(['example_bash_operator']) retrieved from /home/airflow/.local/lib/python3.7/site-packages/airflow/example_dags/example_bash_operator.py
[2023-05-18T00:15:21.174+0000] {logging_mixin.py:149} INFO - [2023-05-18T00:15:21.174+0000] {dag.py:2726} INFO - Sync 1 DAGs
[2023-05-18T00:15:21.189+0000] {logging_mixin.py:149} INFO - [2023-05-18T00:15:21.189+0000] {dag.py:3490} INFO - Setting next_dagrun for example_bash_operator to 2023-05-17T00:00:00+00:00, run_after=2023-05-18T00:00:00+00:00
[2023-05-18T00:15:21.201+0000] {processor.py:179} INFO - Processing /home/airflow/.local/lib/python3.7/site-packages/airflow/example_dags/example_bash_operator.py took 0.059 seconds
[2023-05-18T00:15:51.800+0000] {processor.py:157} INFO - Started process (PID=3493) to work on /home/airflow/.local/lib/python3.7/site-packages/airflow/example_dags/example_bash_operator.py
[2023-05-18T00:15:51.801+0000] {processor.py:826} INFO - Processing file /home/airflow/.local/lib/python3.7/site-packages/airflow/example_dags/example_bash_operator.py for tasks to queue
[2023-05-18T00:15:51.802+0000] {logging_mixin.py:149} INFO - [2023-05-18T00:15:51.801+0000] {dagbag.py:541} INFO - Filling up the DagBag from /home/airflow/.local/lib/python3.7/site-packages/airflow/example_dags/example_bash_operator.py
[2023-05-18T00:15:51.811+0000] {processor.py:836} INFO - DAG(s) dict_keys(['example_bash_operator']) retrieved from /home/airflow/.local/lib/python3.7/site-packages/airflow/example_dags/example_bash_operator.py
[2023-05-18T00:15:51.833+0000] {logging_mixin.py:149} INFO - [2023-05-18T00:15:51.833+0000] {dag.py:2726} INFO - Sync 1 DAGs
[2023-05-18T00:15:51.850+0000] {logging_mixin.py:149} INFO - [2023-05-18T00:15:51.850+0000] {dag.py:3490} INFO - Setting next_dagrun for example_bash_operator to 2023-05-17T00:00:00+00:00, run_after=2023-05-18T00:00:00+00:00
[2023-05-18T00:15:51.863+0000] {processor.py:179} INFO - Processing /home/airflow/.local/lib/python3.7/site-packages/airflow/example_dags/example_bash_operator.py took 0.065 seconds
[2023-05-18T00:16:22.392+0000] {processor.py:157} INFO - Started process (PID=3557) to work on /home/airflow/.local/lib/python3.7/site-packages/airflow/example_dags/example_bash_operator.py
[2023-05-18T00:16:22.392+0000] {processor.py:826} INFO - Processing file /home/airflow/.local/lib/python3.7/site-packages/airflow/example_dags/example_bash_operator.py for tasks to queue
[2023-05-18T00:16:22.393+0000] {logging_mixin.py:149} INFO - [2023-05-18T00:16:22.393+0000] {dagbag.py:541} INFO - Filling up the DagBag from /home/airflow/.local/lib/python3.7/site-packages/airflow/example_dags/example_bash_operator.py
[2023-05-18T00:16:22.401+0000] {processor.py:836} INFO - DAG(s) dict_keys(['example_bash_operator']) retrieved from /home/airflow/.local/lib/python3.7/site-packages/airflow/example_dags/example_bash_operator.py
[2023-05-18T00:16:22.424+0000] {logging_mixin.py:149} INFO - [2023-05-18T00:16:22.424+0000] {dag.py:2726} INFO - Sync 1 DAGs
[2023-05-18T00:16:22.441+0000] {logging_mixin.py:149} INFO - [2023-05-18T00:16:22.441+0000] {dag.py:3490} INFO - Setting next_dagrun for example_bash_operator to 2023-05-17T00:00:00+00:00, run_after=2023-05-18T00:00:00+00:00
[2023-05-18T00:16:22.454+0000] {processor.py:179} INFO - Processing /home/airflow/.local/lib/python3.7/site-packages/airflow/example_dags/example_bash_operator.py took 0.065 seconds
[2023-05-18T00:16:53.055+0000] {processor.py:157} INFO - Started process (PID=3621) to work on /home/airflow/.local/lib/python3.7/site-packages/airflow/example_dags/example_bash_operator.py
[2023-05-18T00:16:53.055+0000] {processor.py:826} INFO - Processing file /home/airflow/.local/lib/python3.7/site-packages/airflow/example_dags/example_bash_operator.py for tasks to queue
[2023-05-18T00:16:53.056+0000] {logging_mixin.py:149} INFO - [2023-05-18T00:16:53.056+0000] {dagbag.py:541} INFO - Filling up the DagBag from /home/airflow/.local/lib/python3.7/site-packages/airflow/example_dags/example_bash_operator.py
[2023-05-18T00:16:53.064+0000] {processor.py:836} INFO - DAG(s) dict_keys(['example_bash_operator']) retrieved from /home/airflow/.local/lib/python3.7/site-packages/airflow/example_dags/example_bash_operator.py
[2023-05-18T00:16:53.084+0000] {logging_mixin.py:149} INFO - [2023-05-18T00:16:53.084+0000] {dag.py:2726} INFO - Sync 1 DAGs
[2023-05-18T00:16:53.099+0000] {logging_mixin.py:149} INFO - [2023-05-18T00:16:53.099+0000] {dag.py:3490} INFO - Setting next_dagrun for example_bash_operator to 2023-05-17T00:00:00+00:00, run_after=2023-05-18T00:00:00+00:00
[2023-05-18T00:16:53.111+0000] {processor.py:179} INFO - Processing /home/airflow/.local/lib/python3.7/site-packages/airflow/example_dags/example_bash_operator.py took 0.058 seconds
