[2023-05-18T00:00:05.853+0000] {processor.py:157} INFO - Started process (PID=1514) to work on /home/airflow/.local/lib/python3.7/site-packages/airflow/example_dags/example_external_task_marker_dag.py
[2023-05-18T00:00:05.853+0000] {processor.py:826} INFO - Processing file /home/airflow/.local/lib/python3.7/site-packages/airflow/example_dags/example_external_task_marker_dag.py for tasks to queue
[2023-05-18T00:00:05.853+0000] {logging_mixin.py:149} INFO - [2023-05-18T00:00:05.853+0000] {dagbag.py:541} INFO - Filling up the DagBag from /home/airflow/.local/lib/python3.7/site-packages/airflow/example_dags/example_external_task_marker_dag.py
[2023-05-18T00:00:05.858+0000] {processor.py:836} INFO - DAG(s) dict_keys(['example_external_task_marker_child', 'example_external_task_marker_parent']) retrieved from /home/airflow/.local/lib/python3.7/site-packages/airflow/example_dags/example_external_task_marker_dag.py
[2023-05-18T00:00:05.878+0000] {logging_mixin.py:149} INFO - [2023-05-18T00:00:05.878+0000] {dag.py:2726} INFO - Sync 2 DAGs
[2023-05-18T00:00:05.894+0000] {logging_mixin.py:149} INFO - [2023-05-18T00:00:05.894+0000] {dag.py:3490} INFO - Setting next_dagrun for example_external_task_marker_child to None, run_after=None
[2023-05-18T00:00:05.896+0000] {logging_mixin.py:149} INFO - [2023-05-18T00:00:05.896+0000] {dag.py:3490} INFO - Setting next_dagrun for example_external_task_marker_parent to None, run_after=None
[2023-05-18T00:00:05.909+0000] {processor.py:179} INFO - Processing /home/airflow/.local/lib/python3.7/site-packages/airflow/example_dags/example_external_task_marker_dag.py took 0.058 seconds
[2023-05-18T00:00:36.537+0000] {processor.py:157} INFO - Started process (PID=1578) to work on /home/airflow/.local/lib/python3.7/site-packages/airflow/example_dags/example_external_task_marker_dag.py
[2023-05-18T00:00:36.538+0000] {processor.py:826} INFO - Processing file /home/airflow/.local/lib/python3.7/site-packages/airflow/example_dags/example_external_task_marker_dag.py for tasks to queue
[2023-05-18T00:00:36.538+0000] {logging_mixin.py:149} INFO - [2023-05-18T00:00:36.538+0000] {dagbag.py:541} INFO - Filling up the DagBag from /home/airflow/.local/lib/python3.7/site-packages/airflow/example_dags/example_external_task_marker_dag.py
[2023-05-18T00:00:36.541+0000] {processor.py:836} INFO - DAG(s) dict_keys(['example_external_task_marker_child', 'example_external_task_marker_parent']) retrieved from /home/airflow/.local/lib/python3.7/site-packages/airflow/example_dags/example_external_task_marker_dag.py
[2023-05-18T00:00:36.558+0000] {logging_mixin.py:149} INFO - [2023-05-18T00:00:36.558+0000] {dag.py:2726} INFO - Sync 2 DAGs
[2023-05-18T00:00:36.571+0000] {logging_mixin.py:149} INFO - [2023-05-18T00:00:36.570+0000] {dag.py:3490} INFO - Setting next_dagrun for example_external_task_marker_child to None, run_after=None
[2023-05-18T00:00:36.572+0000] {logging_mixin.py:149} INFO - [2023-05-18T00:00:36.572+0000] {dag.py:3490} INFO - Setting next_dagrun for example_external_task_marker_parent to None, run_after=None
[2023-05-18T00:00:36.583+0000] {processor.py:179} INFO - Processing /home/airflow/.local/lib/python3.7/site-packages/airflow/example_dags/example_external_task_marker_dag.py took 0.048 seconds
[2023-05-18T00:01:07.112+0000] {processor.py:157} INFO - Started process (PID=1642) to work on /home/airflow/.local/lib/python3.7/site-packages/airflow/example_dags/example_external_task_marker_dag.py
[2023-05-18T00:01:07.113+0000] {processor.py:826} INFO - Processing file /home/airflow/.local/lib/python3.7/site-packages/airflow/example_dags/example_external_task_marker_dag.py for tasks to queue
[2023-05-18T00:01:07.113+0000] {logging_mixin.py:149} INFO - [2023-05-18T00:01:07.113+0000] {dagbag.py:541} INFO - Filling up the DagBag from /home/airflow/.local/lib/python3.7/site-packages/airflow/example_dags/example_external_task_marker_dag.py
[2023-05-18T00:01:07.116+0000] {processor.py:836} INFO - DAG(s) dict_keys(['example_external_task_marker_parent', 'example_external_task_marker_child']) retrieved from /home/airflow/.local/lib/python3.7/site-packages/airflow/example_dags/example_external_task_marker_dag.py
[2023-05-18T00:01:07.134+0000] {logging_mixin.py:149} INFO - [2023-05-18T00:01:07.134+0000] {dag.py:2726} INFO - Sync 2 DAGs
[2023-05-18T00:01:07.147+0000] {logging_mixin.py:149} INFO - [2023-05-18T00:01:07.147+0000] {dag.py:3490} INFO - Setting next_dagrun for example_external_task_marker_child to None, run_after=None
[2023-05-18T00:01:07.149+0000] {logging_mixin.py:149} INFO - [2023-05-18T00:01:07.149+0000] {dag.py:3490} INFO - Setting next_dagrun for example_external_task_marker_parent to None, run_after=None
[2023-05-18T00:01:07.161+0000] {processor.py:179} INFO - Processing /home/airflow/.local/lib/python3.7/site-packages/airflow/example_dags/example_external_task_marker_dag.py took 0.051 seconds
[2023-05-18T00:01:37.685+0000] {processor.py:157} INFO - Started process (PID=1706) to work on /home/airflow/.local/lib/python3.7/site-packages/airflow/example_dags/example_external_task_marker_dag.py
[2023-05-18T00:01:37.687+0000] {processor.py:826} INFO - Processing file /home/airflow/.local/lib/python3.7/site-packages/airflow/example_dags/example_external_task_marker_dag.py for tasks to queue
[2023-05-18T00:01:37.688+0000] {logging_mixin.py:149} INFO - [2023-05-18T00:01:37.687+0000] {dagbag.py:541} INFO - Filling up the DagBag from /home/airflow/.local/lib/python3.7/site-packages/airflow/example_dags/example_external_task_marker_dag.py
[2023-05-18T00:01:37.691+0000] {processor.py:836} INFO - DAG(s) dict_keys(['example_external_task_marker_child', 'example_external_task_marker_parent']) retrieved from /home/airflow/.local/lib/python3.7/site-packages/airflow/example_dags/example_external_task_marker_dag.py
[2023-05-18T00:01:37.707+0000] {logging_mixin.py:149} INFO - [2023-05-18T00:01:37.707+0000] {dag.py:2726} INFO - Sync 2 DAGs
[2023-05-18T00:01:37.721+0000] {logging_mixin.py:149} INFO - [2023-05-18T00:01:37.721+0000] {dag.py:3490} INFO - Setting next_dagrun for example_external_task_marker_child to None, run_after=None
[2023-05-18T00:01:37.723+0000] {logging_mixin.py:149} INFO - [2023-05-18T00:01:37.723+0000] {dag.py:3490} INFO - Setting next_dagrun for example_external_task_marker_parent to None, run_after=None
[2023-05-18T00:01:37.734+0000] {processor.py:179} INFO - Processing /home/airflow/.local/lib/python3.7/site-packages/airflow/example_dags/example_external_task_marker_dag.py took 0.050 seconds
[2023-05-18T00:02:08.197+0000] {processor.py:157} INFO - Started process (PID=1770) to work on /home/airflow/.local/lib/python3.7/site-packages/airflow/example_dags/example_external_task_marker_dag.py
[2023-05-18T00:02:08.218+0000] {processor.py:826} INFO - Processing file /home/airflow/.local/lib/python3.7/site-packages/airflow/example_dags/example_external_task_marker_dag.py for tasks to queue
[2023-05-18T00:02:08.218+0000] {logging_mixin.py:149} INFO - [2023-05-18T00:02:08.218+0000] {dagbag.py:541} INFO - Filling up the DagBag from /home/airflow/.local/lib/python3.7/site-packages/airflow/example_dags/example_external_task_marker_dag.py
[2023-05-18T00:02:08.221+0000] {processor.py:836} INFO - DAG(s) dict_keys(['example_external_task_marker_child', 'example_external_task_marker_parent']) retrieved from /home/airflow/.local/lib/python3.7/site-packages/airflow/example_dags/example_external_task_marker_dag.py
[2023-05-18T00:02:08.238+0000] {logging_mixin.py:149} INFO - [2023-05-18T00:02:08.238+0000] {dag.py:2726} INFO - Sync 2 DAGs
[2023-05-18T00:02:08.251+0000] {logging_mixin.py:149} INFO - [2023-05-18T00:02:08.251+0000] {dag.py:3490} INFO - Setting next_dagrun for example_external_task_marker_child to None, run_after=None
[2023-05-18T00:02:08.253+0000] {logging_mixin.py:149} INFO - [2023-05-18T00:02:08.253+0000] {dag.py:3490} INFO - Setting next_dagrun for example_external_task_marker_parent to None, run_after=None
[2023-05-18T00:02:08.264+0000] {processor.py:179} INFO - Processing /home/airflow/.local/lib/python3.7/site-packages/airflow/example_dags/example_external_task_marker_dag.py took 0.069 seconds
[2023-05-18T00:02:38.911+0000] {processor.py:157} INFO - Started process (PID=1834) to work on /home/airflow/.local/lib/python3.7/site-packages/airflow/example_dags/example_external_task_marker_dag.py
[2023-05-18T00:02:38.912+0000] {processor.py:826} INFO - Processing file /home/airflow/.local/lib/python3.7/site-packages/airflow/example_dags/example_external_task_marker_dag.py for tasks to queue
[2023-05-18T00:02:38.912+0000] {logging_mixin.py:149} INFO - [2023-05-18T00:02:38.912+0000] {dagbag.py:541} INFO - Filling up the DagBag from /home/airflow/.local/lib/python3.7/site-packages/airflow/example_dags/example_external_task_marker_dag.py
[2023-05-18T00:02:38.915+0000] {processor.py:836} INFO - DAG(s) dict_keys(['example_external_task_marker_child', 'example_external_task_marker_parent']) retrieved from /home/airflow/.local/lib/python3.7/site-packages/airflow/example_dags/example_external_task_marker_dag.py
[2023-05-18T00:02:38.932+0000] {logging_mixin.py:149} INFO - [2023-05-18T00:02:38.932+0000] {dag.py:2726} INFO - Sync 2 DAGs
[2023-05-18T00:02:38.946+0000] {logging_mixin.py:149} INFO - [2023-05-18T00:02:38.946+0000] {dag.py:3490} INFO - Setting next_dagrun for example_external_task_marker_child to None, run_after=None
[2023-05-18T00:02:38.948+0000] {logging_mixin.py:149} INFO - [2023-05-18T00:02:38.948+0000] {dag.py:3490} INFO - Setting next_dagrun for example_external_task_marker_parent to None, run_after=None
[2023-05-18T00:02:38.959+0000] {processor.py:179} INFO - Processing /home/airflow/.local/lib/python3.7/site-packages/airflow/example_dags/example_external_task_marker_dag.py took 0.050 seconds
[2023-05-18T00:03:09.630+0000] {processor.py:157} INFO - Started process (PID=1898) to work on /home/airflow/.local/lib/python3.7/site-packages/airflow/example_dags/example_external_task_marker_dag.py
[2023-05-18T00:03:09.632+0000] {processor.py:826} INFO - Processing file /home/airflow/.local/lib/python3.7/site-packages/airflow/example_dags/example_external_task_marker_dag.py for tasks to queue
[2023-05-18T00:03:09.632+0000] {logging_mixin.py:149} INFO - [2023-05-18T00:03:09.632+0000] {dagbag.py:541} INFO - Filling up the DagBag from /home/airflow/.local/lib/python3.7/site-packages/airflow/example_dags/example_external_task_marker_dag.py
[2023-05-18T00:03:09.635+0000] {processor.py:836} INFO - DAG(s) dict_keys(['example_external_task_marker_child', 'example_external_task_marker_parent']) retrieved from /home/airflow/.local/lib/python3.7/site-packages/airflow/example_dags/example_external_task_marker_dag.py
[2023-05-18T00:03:09.653+0000] {logging_mixin.py:149} INFO - [2023-05-18T00:03:09.653+0000] {dag.py:2726} INFO - Sync 2 DAGs
[2023-05-18T00:03:09.667+0000] {logging_mixin.py:149} INFO - [2023-05-18T00:03:09.667+0000] {dag.py:3490} INFO - Setting next_dagrun for example_external_task_marker_child to None, run_after=None
[2023-05-18T00:03:09.668+0000] {logging_mixin.py:149} INFO - [2023-05-18T00:03:09.668+0000] {dag.py:3490} INFO - Setting next_dagrun for example_external_task_marker_parent to None, run_after=None
[2023-05-18T00:03:09.679+0000] {processor.py:179} INFO - Processing /home/airflow/.local/lib/python3.7/site-packages/airflow/example_dags/example_external_task_marker_dag.py took 0.051 seconds
[2023-05-18T00:03:40.251+0000] {processor.py:157} INFO - Started process (PID=1962) to work on /home/airflow/.local/lib/python3.7/site-packages/airflow/example_dags/example_external_task_marker_dag.py
[2023-05-18T00:03:40.252+0000] {processor.py:826} INFO - Processing file /home/airflow/.local/lib/python3.7/site-packages/airflow/example_dags/example_external_task_marker_dag.py for tasks to queue
[2023-05-18T00:03:40.252+0000] {logging_mixin.py:149} INFO - [2023-05-18T00:03:40.252+0000] {dagbag.py:541} INFO - Filling up the DagBag from /home/airflow/.local/lib/python3.7/site-packages/airflow/example_dags/example_external_task_marker_dag.py
[2023-05-18T00:03:40.255+0000] {processor.py:836} INFO - DAG(s) dict_keys(['example_external_task_marker_child', 'example_external_task_marker_parent']) retrieved from /home/airflow/.local/lib/python3.7/site-packages/airflow/example_dags/example_external_task_marker_dag.py
[2023-05-18T00:03:40.272+0000] {logging_mixin.py:149} INFO - [2023-05-18T00:03:40.271+0000] {dag.py:2726} INFO - Sync 2 DAGs
[2023-05-18T00:03:40.287+0000] {logging_mixin.py:149} INFO - [2023-05-18T00:03:40.287+0000] {dag.py:3490} INFO - Setting next_dagrun for example_external_task_marker_child to None, run_after=None
[2023-05-18T00:03:40.289+0000] {logging_mixin.py:149} INFO - [2023-05-18T00:03:40.289+0000] {dag.py:3490} INFO - Setting next_dagrun for example_external_task_marker_parent to None, run_after=None
[2023-05-18T00:03:40.303+0000] {processor.py:179} INFO - Processing /home/airflow/.local/lib/python3.7/site-packages/airflow/example_dags/example_external_task_marker_dag.py took 0.054 seconds
[2023-05-18T00:04:10.884+0000] {processor.py:157} INFO - Started process (PID=2026) to work on /home/airflow/.local/lib/python3.7/site-packages/airflow/example_dags/example_external_task_marker_dag.py
[2023-05-18T00:04:10.885+0000] {processor.py:826} INFO - Processing file /home/airflow/.local/lib/python3.7/site-packages/airflow/example_dags/example_external_task_marker_dag.py for tasks to queue
[2023-05-18T00:04:10.886+0000] {logging_mixin.py:149} INFO - [2023-05-18T00:04:10.886+0000] {dagbag.py:541} INFO - Filling up the DagBag from /home/airflow/.local/lib/python3.7/site-packages/airflow/example_dags/example_external_task_marker_dag.py
[2023-05-18T00:04:10.889+0000] {processor.py:836} INFO - DAG(s) dict_keys(['example_external_task_marker_parent', 'example_external_task_marker_child']) retrieved from /home/airflow/.local/lib/python3.7/site-packages/airflow/example_dags/example_external_task_marker_dag.py
[2023-05-18T00:04:10.907+0000] {logging_mixin.py:149} INFO - [2023-05-18T00:04:10.907+0000] {dag.py:2726} INFO - Sync 2 DAGs
[2023-05-18T00:04:10.923+0000] {logging_mixin.py:149} INFO - [2023-05-18T00:04:10.923+0000] {dag.py:3490} INFO - Setting next_dagrun for example_external_task_marker_child to None, run_after=None
[2023-05-18T00:04:10.925+0000] {logging_mixin.py:149} INFO - [2023-05-18T00:04:10.925+0000] {dag.py:3490} INFO - Setting next_dagrun for example_external_task_marker_parent to None, run_after=None
[2023-05-18T00:04:10.936+0000] {processor.py:179} INFO - Processing /home/airflow/.local/lib/python3.7/site-packages/airflow/example_dags/example_external_task_marker_dag.py took 0.054 seconds
[2023-05-18T00:04:41.511+0000] {processor.py:157} INFO - Started process (PID=2090) to work on /home/airflow/.local/lib/python3.7/site-packages/airflow/example_dags/example_external_task_marker_dag.py
[2023-05-18T00:04:41.512+0000] {processor.py:826} INFO - Processing file /home/airflow/.local/lib/python3.7/site-packages/airflow/example_dags/example_external_task_marker_dag.py for tasks to queue
[2023-05-18T00:04:41.513+0000] {logging_mixin.py:149} INFO - [2023-05-18T00:04:41.513+0000] {dagbag.py:541} INFO - Filling up the DagBag from /home/airflow/.local/lib/python3.7/site-packages/airflow/example_dags/example_external_task_marker_dag.py
[2023-05-18T00:04:41.516+0000] {processor.py:836} INFO - DAG(s) dict_keys(['example_external_task_marker_parent', 'example_external_task_marker_child']) retrieved from /home/airflow/.local/lib/python3.7/site-packages/airflow/example_dags/example_external_task_marker_dag.py
[2023-05-18T00:04:41.533+0000] {logging_mixin.py:149} INFO - [2023-05-18T00:04:41.533+0000] {dag.py:2726} INFO - Sync 2 DAGs
[2023-05-18T00:04:41.547+0000] {logging_mixin.py:149} INFO - [2023-05-18T00:04:41.547+0000] {dag.py:3490} INFO - Setting next_dagrun for example_external_task_marker_child to None, run_after=None
[2023-05-18T00:04:41.548+0000] {logging_mixin.py:149} INFO - [2023-05-18T00:04:41.548+0000] {dag.py:3490} INFO - Setting next_dagrun for example_external_task_marker_parent to None, run_after=None
[2023-05-18T00:04:41.560+0000] {processor.py:179} INFO - Processing /home/airflow/.local/lib/python3.7/site-packages/airflow/example_dags/example_external_task_marker_dag.py took 0.052 seconds
[2023-05-18T00:05:12.173+0000] {processor.py:157} INFO - Started process (PID=2154) to work on /home/airflow/.local/lib/python3.7/site-packages/airflow/example_dags/example_external_task_marker_dag.py
[2023-05-18T00:05:12.175+0000] {processor.py:826} INFO - Processing file /home/airflow/.local/lib/python3.7/site-packages/airflow/example_dags/example_external_task_marker_dag.py for tasks to queue
[2023-05-18T00:05:12.175+0000] {logging_mixin.py:149} INFO - [2023-05-18T00:05:12.175+0000] {dagbag.py:541} INFO - Filling up the DagBag from /home/airflow/.local/lib/python3.7/site-packages/airflow/example_dags/example_external_task_marker_dag.py
[2023-05-18T00:05:12.178+0000] {processor.py:836} INFO - DAG(s) dict_keys(['example_external_task_marker_parent', 'example_external_task_marker_child']) retrieved from /home/airflow/.local/lib/python3.7/site-packages/airflow/example_dags/example_external_task_marker_dag.py
[2023-05-18T00:05:12.195+0000] {logging_mixin.py:149} INFO - [2023-05-18T00:05:12.194+0000] {dag.py:2726} INFO - Sync 2 DAGs
[2023-05-18T00:05:12.209+0000] {logging_mixin.py:149} INFO - [2023-05-18T00:05:12.208+0000] {dag.py:3490} INFO - Setting next_dagrun for example_external_task_marker_child to None, run_after=None
[2023-05-18T00:05:12.211+0000] {logging_mixin.py:149} INFO - [2023-05-18T00:05:12.211+0000] {dag.py:3490} INFO - Setting next_dagrun for example_external_task_marker_parent to None, run_after=None
[2023-05-18T00:05:12.222+0000] {processor.py:179} INFO - Processing /home/airflow/.local/lib/python3.7/site-packages/airflow/example_dags/example_external_task_marker_dag.py took 0.051 seconds
[2023-05-18T00:05:42.828+0000] {processor.py:157} INFO - Started process (PID=2218) to work on /home/airflow/.local/lib/python3.7/site-packages/airflow/example_dags/example_external_task_marker_dag.py
[2023-05-18T00:05:42.829+0000] {processor.py:826} INFO - Processing file /home/airflow/.local/lib/python3.7/site-packages/airflow/example_dags/example_external_task_marker_dag.py for tasks to queue
[2023-05-18T00:05:42.830+0000] {logging_mixin.py:149} INFO - [2023-05-18T00:05:42.830+0000] {dagbag.py:541} INFO - Filling up the DagBag from /home/airflow/.local/lib/python3.7/site-packages/airflow/example_dags/example_external_task_marker_dag.py
[2023-05-18T00:05:42.834+0000] {processor.py:836} INFO - DAG(s) dict_keys(['example_external_task_marker_child', 'example_external_task_marker_parent']) retrieved from /home/airflow/.local/lib/python3.7/site-packages/airflow/example_dags/example_external_task_marker_dag.py
[2023-05-18T00:05:42.852+0000] {logging_mixin.py:149} INFO - [2023-05-18T00:05:42.852+0000] {dag.py:2726} INFO - Sync 2 DAGs
[2023-05-18T00:05:42.868+0000] {logging_mixin.py:149} INFO - [2023-05-18T00:05:42.868+0000] {dag.py:3490} INFO - Setting next_dagrun for example_external_task_marker_child to None, run_after=None
[2023-05-18T00:05:42.870+0000] {logging_mixin.py:149} INFO - [2023-05-18T00:05:42.870+0000] {dag.py:3490} INFO - Setting next_dagrun for example_external_task_marker_parent to None, run_after=None
[2023-05-18T00:05:42.882+0000] {processor.py:179} INFO - Processing /home/airflow/.local/lib/python3.7/site-packages/airflow/example_dags/example_external_task_marker_dag.py took 0.057 seconds
[2023-05-18T00:06:12.932+0000] {processor.py:157} INFO - Started process (PID=2282) to work on /home/airflow/.local/lib/python3.7/site-packages/airflow/example_dags/example_external_task_marker_dag.py
[2023-05-18T00:06:12.934+0000] {processor.py:826} INFO - Processing file /home/airflow/.local/lib/python3.7/site-packages/airflow/example_dags/example_external_task_marker_dag.py for tasks to queue
[2023-05-18T00:06:12.934+0000] {logging_mixin.py:149} INFO - [2023-05-18T00:06:12.934+0000] {dagbag.py:541} INFO - Filling up the DagBag from /home/airflow/.local/lib/python3.7/site-packages/airflow/example_dags/example_external_task_marker_dag.py
[2023-05-18T00:06:12.938+0000] {processor.py:836} INFO - DAG(s) dict_keys(['example_external_task_marker_parent', 'example_external_task_marker_child']) retrieved from /home/airflow/.local/lib/python3.7/site-packages/airflow/example_dags/example_external_task_marker_dag.py
[2023-05-18T00:06:12.955+0000] {logging_mixin.py:149} INFO - [2023-05-18T00:06:12.955+0000] {dag.py:2726} INFO - Sync 2 DAGs
[2023-05-18T00:06:12.971+0000] {logging_mixin.py:149} INFO - [2023-05-18T00:06:12.971+0000] {dag.py:3490} INFO - Setting next_dagrun for example_external_task_marker_child to None, run_after=None
[2023-05-18T00:06:12.973+0000] {logging_mixin.py:149} INFO - [2023-05-18T00:06:12.973+0000] {dag.py:3490} INFO - Setting next_dagrun for example_external_task_marker_parent to None, run_after=None
[2023-05-18T00:06:12.985+0000] {processor.py:179} INFO - Processing /home/airflow/.local/lib/python3.7/site-packages/airflow/example_dags/example_external_task_marker_dag.py took 0.054 seconds
[2023-05-18T00:06:43.096+0000] {processor.py:157} INFO - Started process (PID=2346) to work on /home/airflow/.local/lib/python3.7/site-packages/airflow/example_dags/example_external_task_marker_dag.py
[2023-05-18T00:06:43.097+0000] {processor.py:826} INFO - Processing file /home/airflow/.local/lib/python3.7/site-packages/airflow/example_dags/example_external_task_marker_dag.py for tasks to queue
[2023-05-18T00:06:43.097+0000] {logging_mixin.py:149} INFO - [2023-05-18T00:06:43.097+0000] {dagbag.py:541} INFO - Filling up the DagBag from /home/airflow/.local/lib/python3.7/site-packages/airflow/example_dags/example_external_task_marker_dag.py
[2023-05-18T00:06:43.101+0000] {processor.py:836} INFO - DAG(s) dict_keys(['example_external_task_marker_parent', 'example_external_task_marker_child']) retrieved from /home/airflow/.local/lib/python3.7/site-packages/airflow/example_dags/example_external_task_marker_dag.py
[2023-05-18T00:06:43.118+0000] {logging_mixin.py:149} INFO - [2023-05-18T00:06:43.118+0000] {dag.py:2726} INFO - Sync 2 DAGs
[2023-05-18T00:06:43.133+0000] {logging_mixin.py:149} INFO - [2023-05-18T00:06:43.133+0000] {dag.py:3490} INFO - Setting next_dagrun for example_external_task_marker_child to None, run_after=None
[2023-05-18T00:06:43.135+0000] {logging_mixin.py:149} INFO - [2023-05-18T00:06:43.135+0000] {dag.py:3490} INFO - Setting next_dagrun for example_external_task_marker_parent to None, run_after=None
[2023-05-18T00:06:43.147+0000] {processor.py:179} INFO - Processing /home/airflow/.local/lib/python3.7/site-packages/airflow/example_dags/example_external_task_marker_dag.py took 0.053 seconds
[2023-05-18T00:07:13.223+0000] {processor.py:157} INFO - Started process (PID=2410) to work on /home/airflow/.local/lib/python3.7/site-packages/airflow/example_dags/example_external_task_marker_dag.py
[2023-05-18T00:07:13.224+0000] {processor.py:826} INFO - Processing file /home/airflow/.local/lib/python3.7/site-packages/airflow/example_dags/example_external_task_marker_dag.py for tasks to queue
[2023-05-18T00:07:13.224+0000] {logging_mixin.py:149} INFO - [2023-05-18T00:07:13.224+0000] {dagbag.py:541} INFO - Filling up the DagBag from /home/airflow/.local/lib/python3.7/site-packages/airflow/example_dags/example_external_task_marker_dag.py
[2023-05-18T00:07:13.228+0000] {processor.py:836} INFO - DAG(s) dict_keys(['example_external_task_marker_child', 'example_external_task_marker_parent']) retrieved from /home/airflow/.local/lib/python3.7/site-packages/airflow/example_dags/example_external_task_marker_dag.py
[2023-05-18T00:07:13.246+0000] {logging_mixin.py:149} INFO - [2023-05-18T00:07:13.246+0000] {dag.py:2726} INFO - Sync 2 DAGs
[2023-05-18T00:07:13.260+0000] {logging_mixin.py:149} INFO - [2023-05-18T00:07:13.260+0000] {dag.py:3490} INFO - Setting next_dagrun for example_external_task_marker_child to None, run_after=None
[2023-05-18T00:07:13.262+0000] {logging_mixin.py:149} INFO - [2023-05-18T00:07:13.262+0000] {dag.py:3490} INFO - Setting next_dagrun for example_external_task_marker_parent to None, run_after=None
[2023-05-18T00:07:13.273+0000] {processor.py:179} INFO - Processing /home/airflow/.local/lib/python3.7/site-packages/airflow/example_dags/example_external_task_marker_dag.py took 0.052 seconds
[2023-05-18T00:07:43.944+0000] {processor.py:157} INFO - Started process (PID=2473) to work on /home/airflow/.local/lib/python3.7/site-packages/airflow/example_dags/example_external_task_marker_dag.py
[2023-05-18T00:07:43.944+0000] {processor.py:826} INFO - Processing file /home/airflow/.local/lib/python3.7/site-packages/airflow/example_dags/example_external_task_marker_dag.py for tasks to queue
[2023-05-18T00:07:43.945+0000] {logging_mixin.py:149} INFO - [2023-05-18T00:07:43.945+0000] {dagbag.py:541} INFO - Filling up the DagBag from /home/airflow/.local/lib/python3.7/site-packages/airflow/example_dags/example_external_task_marker_dag.py
[2023-05-18T00:07:43.948+0000] {processor.py:836} INFO - DAG(s) dict_keys(['example_external_task_marker_child', 'example_external_task_marker_parent']) retrieved from /home/airflow/.local/lib/python3.7/site-packages/airflow/example_dags/example_external_task_marker_dag.py
[2023-05-18T00:07:43.965+0000] {logging_mixin.py:149} INFO - [2023-05-18T00:07:43.965+0000] {dag.py:2726} INFO - Sync 2 DAGs
[2023-05-18T00:07:43.979+0000] {logging_mixin.py:149} INFO - [2023-05-18T00:07:43.979+0000] {dag.py:3490} INFO - Setting next_dagrun for example_external_task_marker_child to None, run_after=None
[2023-05-18T00:07:43.981+0000] {logging_mixin.py:149} INFO - [2023-05-18T00:07:43.981+0000] {dag.py:3490} INFO - Setting next_dagrun for example_external_task_marker_parent to None, run_after=None
[2023-05-18T00:07:43.992+0000] {processor.py:179} INFO - Processing /home/airflow/.local/lib/python3.7/site-packages/airflow/example_dags/example_external_task_marker_dag.py took 0.050 seconds
[2023-05-18T00:08:14.753+0000] {processor.py:157} INFO - Started process (PID=2537) to work on /home/airflow/.local/lib/python3.7/site-packages/airflow/example_dags/example_external_task_marker_dag.py
[2023-05-18T00:08:14.755+0000] {processor.py:826} INFO - Processing file /home/airflow/.local/lib/python3.7/site-packages/airflow/example_dags/example_external_task_marker_dag.py for tasks to queue
[2023-05-18T00:08:14.755+0000] {logging_mixin.py:149} INFO - [2023-05-18T00:08:14.755+0000] {dagbag.py:541} INFO - Filling up the DagBag from /home/airflow/.local/lib/python3.7/site-packages/airflow/example_dags/example_external_task_marker_dag.py
[2023-05-18T00:08:14.758+0000] {processor.py:836} INFO - DAG(s) dict_keys(['example_external_task_marker_child', 'example_external_task_marker_parent']) retrieved from /home/airflow/.local/lib/python3.7/site-packages/airflow/example_dags/example_external_task_marker_dag.py
[2023-05-18T00:08:14.774+0000] {logging_mixin.py:149} INFO - [2023-05-18T00:08:14.774+0000] {dag.py:2726} INFO - Sync 2 DAGs
[2023-05-18T00:08:14.788+0000] {logging_mixin.py:149} INFO - [2023-05-18T00:08:14.788+0000] {dag.py:3490} INFO - Setting next_dagrun for example_external_task_marker_child to None, run_after=None
[2023-05-18T00:08:14.790+0000] {logging_mixin.py:149} INFO - [2023-05-18T00:08:14.790+0000] {dag.py:3490} INFO - Setting next_dagrun for example_external_task_marker_parent to None, run_after=None
[2023-05-18T00:08:14.801+0000] {processor.py:179} INFO - Processing /home/airflow/.local/lib/python3.7/site-packages/airflow/example_dags/example_external_task_marker_dag.py took 0.050 seconds
[2023-05-18T00:08:45.557+0000] {processor.py:157} INFO - Started process (PID=2601) to work on /home/airflow/.local/lib/python3.7/site-packages/airflow/example_dags/example_external_task_marker_dag.py
[2023-05-18T00:08:45.558+0000] {processor.py:826} INFO - Processing file /home/airflow/.local/lib/python3.7/site-packages/airflow/example_dags/example_external_task_marker_dag.py for tasks to queue
[2023-05-18T00:08:45.558+0000] {logging_mixin.py:149} INFO - [2023-05-18T00:08:45.558+0000] {dagbag.py:541} INFO - Filling up the DagBag from /home/airflow/.local/lib/python3.7/site-packages/airflow/example_dags/example_external_task_marker_dag.py
[2023-05-18T00:08:45.563+0000] {processor.py:836} INFO - DAG(s) dict_keys(['example_external_task_marker_child', 'example_external_task_marker_parent']) retrieved from /home/airflow/.local/lib/python3.7/site-packages/airflow/example_dags/example_external_task_marker_dag.py
[2023-05-18T00:08:45.580+0000] {logging_mixin.py:149} INFO - [2023-05-18T00:08:45.580+0000] {dag.py:2726} INFO - Sync 2 DAGs
[2023-05-18T00:08:45.595+0000] {logging_mixin.py:149} INFO - [2023-05-18T00:08:45.595+0000] {dag.py:3490} INFO - Setting next_dagrun for example_external_task_marker_child to None, run_after=None
[2023-05-18T00:08:45.597+0000] {logging_mixin.py:149} INFO - [2023-05-18T00:08:45.597+0000] {dag.py:3490} INFO - Setting next_dagrun for example_external_task_marker_parent to None, run_after=None
[2023-05-18T00:08:45.606+0000] {processor.py:179} INFO - Processing /home/airflow/.local/lib/python3.7/site-packages/airflow/example_dags/example_external_task_marker_dag.py took 0.052 seconds
[2023-05-18T00:09:16.290+0000] {processor.py:157} INFO - Started process (PID=2665) to work on /home/airflow/.local/lib/python3.7/site-packages/airflow/example_dags/example_external_task_marker_dag.py
[2023-05-18T00:09:16.291+0000] {processor.py:826} INFO - Processing file /home/airflow/.local/lib/python3.7/site-packages/airflow/example_dags/example_external_task_marker_dag.py for tasks to queue
[2023-05-18T00:09:16.291+0000] {logging_mixin.py:149} INFO - [2023-05-18T00:09:16.291+0000] {dagbag.py:541} INFO - Filling up the DagBag from /home/airflow/.local/lib/python3.7/site-packages/airflow/example_dags/example_external_task_marker_dag.py
[2023-05-18T00:09:16.295+0000] {processor.py:836} INFO - DAG(s) dict_keys(['example_external_task_marker_child', 'example_external_task_marker_parent']) retrieved from /home/airflow/.local/lib/python3.7/site-packages/airflow/example_dags/example_external_task_marker_dag.py
[2023-05-18T00:09:16.312+0000] {logging_mixin.py:149} INFO - [2023-05-18T00:09:16.312+0000] {dag.py:2726} INFO - Sync 2 DAGs
[2023-05-18T00:09:16.327+0000] {logging_mixin.py:149} INFO - [2023-05-18T00:09:16.327+0000] {dag.py:3490} INFO - Setting next_dagrun for example_external_task_marker_child to None, run_after=None
[2023-05-18T00:09:16.329+0000] {logging_mixin.py:149} INFO - [2023-05-18T00:09:16.329+0000] {dag.py:3490} INFO - Setting next_dagrun for example_external_task_marker_parent to None, run_after=None
[2023-05-18T00:09:16.341+0000] {processor.py:179} INFO - Processing /home/airflow/.local/lib/python3.7/site-packages/airflow/example_dags/example_external_task_marker_dag.py took 0.054 seconds
[2023-05-18T00:09:47.053+0000] {processor.py:157} INFO - Started process (PID=2729) to work on /home/airflow/.local/lib/python3.7/site-packages/airflow/example_dags/example_external_task_marker_dag.py
[2023-05-18T00:09:47.055+0000] {processor.py:826} INFO - Processing file /home/airflow/.local/lib/python3.7/site-packages/airflow/example_dags/example_external_task_marker_dag.py for tasks to queue
[2023-05-18T00:09:47.055+0000] {logging_mixin.py:149} INFO - [2023-05-18T00:09:47.055+0000] {dagbag.py:541} INFO - Filling up the DagBag from /home/airflow/.local/lib/python3.7/site-packages/airflow/example_dags/example_external_task_marker_dag.py
[2023-05-18T00:09:47.058+0000] {processor.py:836} INFO - DAG(s) dict_keys(['example_external_task_marker_parent', 'example_external_task_marker_child']) retrieved from /home/airflow/.local/lib/python3.7/site-packages/airflow/example_dags/example_external_task_marker_dag.py
[2023-05-18T00:09:47.076+0000] {logging_mixin.py:149} INFO - [2023-05-18T00:09:47.076+0000] {dag.py:2726} INFO - Sync 2 DAGs
[2023-05-18T00:09:47.092+0000] {logging_mixin.py:149} INFO - [2023-05-18T00:09:47.092+0000] {dag.py:3490} INFO - Setting next_dagrun for example_external_task_marker_child to None, run_after=None
[2023-05-18T00:09:47.094+0000] {logging_mixin.py:149} INFO - [2023-05-18T00:09:47.094+0000] {dag.py:3490} INFO - Setting next_dagrun for example_external_task_marker_parent to None, run_after=None
[2023-05-18T00:09:47.105+0000] {processor.py:179} INFO - Processing /home/airflow/.local/lib/python3.7/site-packages/airflow/example_dags/example_external_task_marker_dag.py took 0.054 seconds
[2023-05-18T00:10:17.738+0000] {processor.py:157} INFO - Started process (PID=2793) to work on /home/airflow/.local/lib/python3.7/site-packages/airflow/example_dags/example_external_task_marker_dag.py
[2023-05-18T00:10:17.739+0000] {processor.py:826} INFO - Processing file /home/airflow/.local/lib/python3.7/site-packages/airflow/example_dags/example_external_task_marker_dag.py for tasks to queue
[2023-05-18T00:10:17.739+0000] {logging_mixin.py:149} INFO - [2023-05-18T00:10:17.739+0000] {dagbag.py:541} INFO - Filling up the DagBag from /home/airflow/.local/lib/python3.7/site-packages/airflow/example_dags/example_external_task_marker_dag.py
[2023-05-18T00:10:17.742+0000] {processor.py:836} INFO - DAG(s) dict_keys(['example_external_task_marker_parent', 'example_external_task_marker_child']) retrieved from /home/airflow/.local/lib/python3.7/site-packages/airflow/example_dags/example_external_task_marker_dag.py
[2023-05-18T00:10:17.760+0000] {logging_mixin.py:149} INFO - [2023-05-18T00:10:17.760+0000] {dag.py:2726} INFO - Sync 2 DAGs
[2023-05-18T00:10:17.776+0000] {logging_mixin.py:149} INFO - [2023-05-18T00:10:17.776+0000] {dag.py:3490} INFO - Setting next_dagrun for example_external_task_marker_child to None, run_after=None
[2023-05-18T00:10:17.778+0000] {logging_mixin.py:149} INFO - [2023-05-18T00:10:17.778+0000] {dag.py:3490} INFO - Setting next_dagrun for example_external_task_marker_parent to None, run_after=None
[2023-05-18T00:10:17.790+0000] {processor.py:179} INFO - Processing /home/airflow/.local/lib/python3.7/site-packages/airflow/example_dags/example_external_task_marker_dag.py took 0.054 seconds
[2023-05-18T00:10:48.462+0000] {processor.py:157} INFO - Started process (PID=2864) to work on /home/airflow/.local/lib/python3.7/site-packages/airflow/example_dags/example_external_task_marker_dag.py
[2023-05-18T00:10:48.463+0000] {processor.py:826} INFO - Processing file /home/airflow/.local/lib/python3.7/site-packages/airflow/example_dags/example_external_task_marker_dag.py for tasks to queue
[2023-05-18T00:10:48.464+0000] {logging_mixin.py:149} INFO - [2023-05-18T00:10:48.463+0000] {dagbag.py:541} INFO - Filling up the DagBag from /home/airflow/.local/lib/python3.7/site-packages/airflow/example_dags/example_external_task_marker_dag.py
[2023-05-18T00:10:48.467+0000] {processor.py:836} INFO - DAG(s) dict_keys(['example_external_task_marker_child', 'example_external_task_marker_parent']) retrieved from /home/airflow/.local/lib/python3.7/site-packages/airflow/example_dags/example_external_task_marker_dag.py
[2023-05-18T00:10:48.485+0000] {logging_mixin.py:149} INFO - [2023-05-18T00:10:48.485+0000] {dag.py:2726} INFO - Sync 2 DAGs
[2023-05-18T00:10:48.499+0000] {logging_mixin.py:149} INFO - [2023-05-18T00:10:48.499+0000] {dag.py:3490} INFO - Setting next_dagrun for example_external_task_marker_child to None, run_after=None
[2023-05-18T00:10:48.501+0000] {logging_mixin.py:149} INFO - [2023-05-18T00:10:48.501+0000] {dag.py:3490} INFO - Setting next_dagrun for example_external_task_marker_parent to None, run_after=None
[2023-05-18T00:10:48.514+0000] {processor.py:179} INFO - Processing /home/airflow/.local/lib/python3.7/site-packages/airflow/example_dags/example_external_task_marker_dag.py took 0.053 seconds
[2023-05-18T00:11:19.173+0000] {processor.py:157} INFO - Started process (PID=2928) to work on /home/airflow/.local/lib/python3.7/site-packages/airflow/example_dags/example_external_task_marker_dag.py
[2023-05-18T00:11:19.174+0000] {processor.py:826} INFO - Processing file /home/airflow/.local/lib/python3.7/site-packages/airflow/example_dags/example_external_task_marker_dag.py for tasks to queue
[2023-05-18T00:11:19.175+0000] {logging_mixin.py:149} INFO - [2023-05-18T00:11:19.175+0000] {dagbag.py:541} INFO - Filling up the DagBag from /home/airflow/.local/lib/python3.7/site-packages/airflow/example_dags/example_external_task_marker_dag.py
[2023-05-18T00:11:19.180+0000] {processor.py:836} INFO - DAG(s) dict_keys(['example_external_task_marker_parent', 'example_external_task_marker_child']) retrieved from /home/airflow/.local/lib/python3.7/site-packages/airflow/example_dags/example_external_task_marker_dag.py
[2023-05-18T00:11:19.201+0000] {logging_mixin.py:149} INFO - [2023-05-18T00:11:19.200+0000] {dag.py:2726} INFO - Sync 2 DAGs
[2023-05-18T00:11:19.217+0000] {logging_mixin.py:149} INFO - [2023-05-18T00:11:19.217+0000] {dag.py:3490} INFO - Setting next_dagrun for example_external_task_marker_child to None, run_after=None
[2023-05-18T00:11:19.219+0000] {logging_mixin.py:149} INFO - [2023-05-18T00:11:19.219+0000] {dag.py:3490} INFO - Setting next_dagrun for example_external_task_marker_parent to None, run_after=None
[2023-05-18T00:11:19.231+0000] {processor.py:179} INFO - Processing /home/airflow/.local/lib/python3.7/site-packages/airflow/example_dags/example_external_task_marker_dag.py took 0.059 seconds
[2023-05-18T00:11:49.870+0000] {processor.py:157} INFO - Started process (PID=2992) to work on /home/airflow/.local/lib/python3.7/site-packages/airflow/example_dags/example_external_task_marker_dag.py
[2023-05-18T00:11:49.872+0000] {processor.py:826} INFO - Processing file /home/airflow/.local/lib/python3.7/site-packages/airflow/example_dags/example_external_task_marker_dag.py for tasks to queue
[2023-05-18T00:11:49.872+0000] {logging_mixin.py:149} INFO - [2023-05-18T00:11:49.872+0000] {dagbag.py:541} INFO - Filling up the DagBag from /home/airflow/.local/lib/python3.7/site-packages/airflow/example_dags/example_external_task_marker_dag.py
[2023-05-18T00:11:49.876+0000] {processor.py:836} INFO - DAG(s) dict_keys(['example_external_task_marker_parent', 'example_external_task_marker_child']) retrieved from /home/airflow/.local/lib/python3.7/site-packages/airflow/example_dags/example_external_task_marker_dag.py
[2023-05-18T00:11:49.893+0000] {logging_mixin.py:149} INFO - [2023-05-18T00:11:49.893+0000] {dag.py:2726} INFO - Sync 2 DAGs
[2023-05-18T00:11:49.908+0000] {logging_mixin.py:149} INFO - [2023-05-18T00:11:49.908+0000] {dag.py:3490} INFO - Setting next_dagrun for example_external_task_marker_child to None, run_after=None
[2023-05-18T00:11:49.910+0000] {logging_mixin.py:149} INFO - [2023-05-18T00:11:49.910+0000] {dag.py:3490} INFO - Setting next_dagrun for example_external_task_marker_parent to None, run_after=None
[2023-05-18T00:11:49.921+0000] {processor.py:179} INFO - Processing /home/airflow/.local/lib/python3.7/site-packages/airflow/example_dags/example_external_task_marker_dag.py took 0.052 seconds
[2023-05-18T00:12:20.555+0000] {processor.py:157} INFO - Started process (PID=3056) to work on /home/airflow/.local/lib/python3.7/site-packages/airflow/example_dags/example_external_task_marker_dag.py
[2023-05-18T00:12:20.556+0000] {processor.py:826} INFO - Processing file /home/airflow/.local/lib/python3.7/site-packages/airflow/example_dags/example_external_task_marker_dag.py for tasks to queue
[2023-05-18T00:12:20.556+0000] {logging_mixin.py:149} INFO - [2023-05-18T00:12:20.556+0000] {dagbag.py:541} INFO - Filling up the DagBag from /home/airflow/.local/lib/python3.7/site-packages/airflow/example_dags/example_external_task_marker_dag.py
[2023-05-18T00:12:20.560+0000] {processor.py:836} INFO - DAG(s) dict_keys(['example_external_task_marker_parent', 'example_external_task_marker_child']) retrieved from /home/airflow/.local/lib/python3.7/site-packages/airflow/example_dags/example_external_task_marker_dag.py
[2023-05-18T00:12:20.578+0000] {logging_mixin.py:149} INFO - [2023-05-18T00:12:20.578+0000] {dag.py:2726} INFO - Sync 2 DAGs
[2023-05-18T00:12:20.597+0000] {logging_mixin.py:149} INFO - [2023-05-18T00:12:20.597+0000] {dag.py:3490} INFO - Setting next_dagrun for example_external_task_marker_child to None, run_after=None
[2023-05-18T00:12:20.599+0000] {logging_mixin.py:149} INFO - [2023-05-18T00:12:20.599+0000] {dag.py:3490} INFO - Setting next_dagrun for example_external_task_marker_parent to None, run_after=None
[2023-05-18T00:12:20.611+0000] {processor.py:179} INFO - Processing /home/airflow/.local/lib/python3.7/site-packages/airflow/example_dags/example_external_task_marker_dag.py took 0.058 seconds
[2023-05-18T00:12:51.278+0000] {processor.py:157} INFO - Started process (PID=3120) to work on /home/airflow/.local/lib/python3.7/site-packages/airflow/example_dags/example_external_task_marker_dag.py
[2023-05-18T00:12:51.278+0000] {processor.py:826} INFO - Processing file /home/airflow/.local/lib/python3.7/site-packages/airflow/example_dags/example_external_task_marker_dag.py for tasks to queue
[2023-05-18T00:12:51.279+0000] {logging_mixin.py:149} INFO - [2023-05-18T00:12:51.279+0000] {dagbag.py:541} INFO - Filling up the DagBag from /home/airflow/.local/lib/python3.7/site-packages/airflow/example_dags/example_external_task_marker_dag.py
[2023-05-18T00:12:51.283+0000] {processor.py:836} INFO - DAG(s) dict_keys(['example_external_task_marker_child', 'example_external_task_marker_parent']) retrieved from /home/airflow/.local/lib/python3.7/site-packages/airflow/example_dags/example_external_task_marker_dag.py
[2023-05-18T00:12:51.301+0000] {logging_mixin.py:149} INFO - [2023-05-18T00:12:51.301+0000] {dag.py:2726} INFO - Sync 2 DAGs
[2023-05-18T00:12:51.315+0000] {logging_mixin.py:149} INFO - [2023-05-18T00:12:51.315+0000] {dag.py:3490} INFO - Setting next_dagrun for example_external_task_marker_child to None, run_after=None
[2023-05-18T00:12:51.317+0000] {logging_mixin.py:149} INFO - [2023-05-18T00:12:51.317+0000] {dag.py:3490} INFO - Setting next_dagrun for example_external_task_marker_parent to None, run_after=None
[2023-05-18T00:12:51.329+0000] {processor.py:179} INFO - Processing /home/airflow/.local/lib/python3.7/site-packages/airflow/example_dags/example_external_task_marker_dag.py took 0.054 seconds
[2023-05-18T00:13:22.002+0000] {processor.py:157} INFO - Started process (PID=3184) to work on /home/airflow/.local/lib/python3.7/site-packages/airflow/example_dags/example_external_task_marker_dag.py
[2023-05-18T00:13:22.003+0000] {processor.py:826} INFO - Processing file /home/airflow/.local/lib/python3.7/site-packages/airflow/example_dags/example_external_task_marker_dag.py for tasks to queue
[2023-05-18T00:13:22.003+0000] {logging_mixin.py:149} INFO - [2023-05-18T00:13:22.003+0000] {dagbag.py:541} INFO - Filling up the DagBag from /home/airflow/.local/lib/python3.7/site-packages/airflow/example_dags/example_external_task_marker_dag.py
[2023-05-18T00:13:22.006+0000] {processor.py:836} INFO - DAG(s) dict_keys(['example_external_task_marker_child', 'example_external_task_marker_parent']) retrieved from /home/airflow/.local/lib/python3.7/site-packages/airflow/example_dags/example_external_task_marker_dag.py
[2023-05-18T00:13:22.023+0000] {logging_mixin.py:149} INFO - [2023-05-18T00:13:22.023+0000] {dag.py:2726} INFO - Sync 2 DAGs
[2023-05-18T00:13:22.037+0000] {logging_mixin.py:149} INFO - [2023-05-18T00:13:22.037+0000] {dag.py:3490} INFO - Setting next_dagrun for example_external_task_marker_child to None, run_after=None
[2023-05-18T00:13:22.039+0000] {logging_mixin.py:149} INFO - [2023-05-18T00:13:22.038+0000] {dag.py:3490} INFO - Setting next_dagrun for example_external_task_marker_parent to None, run_after=None
[2023-05-18T00:13:22.056+0000] {processor.py:179} INFO - Processing /home/airflow/.local/lib/python3.7/site-packages/airflow/example_dags/example_external_task_marker_dag.py took 0.056 seconds
[2023-05-18T00:13:52.651+0000] {processor.py:157} INFO - Started process (PID=3248) to work on /home/airflow/.local/lib/python3.7/site-packages/airflow/example_dags/example_external_task_marker_dag.py
[2023-05-18T00:13:52.651+0000] {processor.py:826} INFO - Processing file /home/airflow/.local/lib/python3.7/site-packages/airflow/example_dags/example_external_task_marker_dag.py for tasks to queue
[2023-05-18T00:13:52.652+0000] {logging_mixin.py:149} INFO - [2023-05-18T00:13:52.652+0000] {dagbag.py:541} INFO - Filling up the DagBag from /home/airflow/.local/lib/python3.7/site-packages/airflow/example_dags/example_external_task_marker_dag.py
[2023-05-18T00:13:52.655+0000] {processor.py:836} INFO - DAG(s) dict_keys(['example_external_task_marker_parent', 'example_external_task_marker_child']) retrieved from /home/airflow/.local/lib/python3.7/site-packages/airflow/example_dags/example_external_task_marker_dag.py
[2023-05-18T00:13:52.671+0000] {logging_mixin.py:149} INFO - [2023-05-18T00:13:52.671+0000] {dag.py:2726} INFO - Sync 2 DAGs
[2023-05-18T00:13:52.684+0000] {logging_mixin.py:149} INFO - [2023-05-18T00:13:52.684+0000] {dag.py:3490} INFO - Setting next_dagrun for example_external_task_marker_child to None, run_after=None
[2023-05-18T00:13:52.686+0000] {logging_mixin.py:149} INFO - [2023-05-18T00:13:52.686+0000] {dag.py:3490} INFO - Setting next_dagrun for example_external_task_marker_parent to None, run_after=None
[2023-05-18T00:13:52.706+0000] {processor.py:179} INFO - Processing /home/airflow/.local/lib/python3.7/site-packages/airflow/example_dags/example_external_task_marker_dag.py took 0.057 seconds
[2023-05-18T00:14:23.220+0000] {processor.py:157} INFO - Started process (PID=3312) to work on /home/airflow/.local/lib/python3.7/site-packages/airflow/example_dags/example_external_task_marker_dag.py
[2023-05-18T00:14:23.222+0000] {processor.py:826} INFO - Processing file /home/airflow/.local/lib/python3.7/site-packages/airflow/example_dags/example_external_task_marker_dag.py for tasks to queue
[2023-05-18T00:14:23.223+0000] {logging_mixin.py:149} INFO - [2023-05-18T00:14:23.222+0000] {dagbag.py:541} INFO - Filling up the DagBag from /home/airflow/.local/lib/python3.7/site-packages/airflow/example_dags/example_external_task_marker_dag.py
[2023-05-18T00:14:23.226+0000] {processor.py:836} INFO - DAG(s) dict_keys(['example_external_task_marker_child', 'example_external_task_marker_parent']) retrieved from /home/airflow/.local/lib/python3.7/site-packages/airflow/example_dags/example_external_task_marker_dag.py
[2023-05-18T00:14:23.244+0000] {logging_mixin.py:149} INFO - [2023-05-18T00:14:23.244+0000] {dag.py:2726} INFO - Sync 2 DAGs
[2023-05-18T00:14:23.259+0000] {logging_mixin.py:149} INFO - [2023-05-18T00:14:23.259+0000] {dag.py:3490} INFO - Setting next_dagrun for example_external_task_marker_child to None, run_after=None
[2023-05-18T00:14:23.262+0000] {logging_mixin.py:149} INFO - [2023-05-18T00:14:23.262+0000] {dag.py:3490} INFO - Setting next_dagrun for example_external_task_marker_parent to None, run_after=None
[2023-05-18T00:14:23.273+0000] {processor.py:179} INFO - Processing /home/airflow/.local/lib/python3.7/site-packages/airflow/example_dags/example_external_task_marker_dag.py took 0.054 seconds
[2023-05-18T00:14:53.924+0000] {processor.py:157} INFO - Started process (PID=3376) to work on /home/airflow/.local/lib/python3.7/site-packages/airflow/example_dags/example_external_task_marker_dag.py
[2023-05-18T00:14:53.925+0000] {processor.py:826} INFO - Processing file /home/airflow/.local/lib/python3.7/site-packages/airflow/example_dags/example_external_task_marker_dag.py for tasks to queue
[2023-05-18T00:14:53.925+0000] {logging_mixin.py:149} INFO - [2023-05-18T00:14:53.925+0000] {dagbag.py:541} INFO - Filling up the DagBag from /home/airflow/.local/lib/python3.7/site-packages/airflow/example_dags/example_external_task_marker_dag.py
[2023-05-18T00:14:53.929+0000] {processor.py:836} INFO - DAG(s) dict_keys(['example_external_task_marker_child', 'example_external_task_marker_parent']) retrieved from /home/airflow/.local/lib/python3.7/site-packages/airflow/example_dags/example_external_task_marker_dag.py
[2023-05-18T00:14:53.946+0000] {logging_mixin.py:149} INFO - [2023-05-18T00:14:53.946+0000] {dag.py:2726} INFO - Sync 2 DAGs
[2023-05-18T00:14:53.959+0000] {logging_mixin.py:149} INFO - [2023-05-18T00:14:53.959+0000] {dag.py:3490} INFO - Setting next_dagrun for example_external_task_marker_child to None, run_after=None
[2023-05-18T00:14:53.961+0000] {logging_mixin.py:149} INFO - [2023-05-18T00:14:53.961+0000] {dag.py:3490} INFO - Setting next_dagrun for example_external_task_marker_parent to None, run_after=None
[2023-05-18T00:14:53.979+0000] {processor.py:179} INFO - Processing /home/airflow/.local/lib/python3.7/site-packages/airflow/example_dags/example_external_task_marker_dag.py took 0.057 seconds
[2023-05-18T00:15:24.521+0000] {processor.py:157} INFO - Started process (PID=3440) to work on /home/airflow/.local/lib/python3.7/site-packages/airflow/example_dags/example_external_task_marker_dag.py
[2023-05-18T00:15:24.522+0000] {processor.py:826} INFO - Processing file /home/airflow/.local/lib/python3.7/site-packages/airflow/example_dags/example_external_task_marker_dag.py for tasks to queue
[2023-05-18T00:15:24.523+0000] {logging_mixin.py:149} INFO - [2023-05-18T00:15:24.523+0000] {dagbag.py:541} INFO - Filling up the DagBag from /home/airflow/.local/lib/python3.7/site-packages/airflow/example_dags/example_external_task_marker_dag.py
[2023-05-18T00:15:24.526+0000] {processor.py:836} INFO - DAG(s) dict_keys(['example_external_task_marker_child', 'example_external_task_marker_parent']) retrieved from /home/airflow/.local/lib/python3.7/site-packages/airflow/example_dags/example_external_task_marker_dag.py
[2023-05-18T00:15:24.544+0000] {logging_mixin.py:149} INFO - [2023-05-18T00:15:24.544+0000] {dag.py:2726} INFO - Sync 2 DAGs
[2023-05-18T00:15:24.558+0000] {logging_mixin.py:149} INFO - [2023-05-18T00:15:24.558+0000] {dag.py:3490} INFO - Setting next_dagrun for example_external_task_marker_child to None, run_after=None
[2023-05-18T00:15:24.561+0000] {logging_mixin.py:149} INFO - [2023-05-18T00:15:24.560+0000] {dag.py:3490} INFO - Setting next_dagrun for example_external_task_marker_parent to None, run_after=None
[2023-05-18T00:15:24.573+0000] {processor.py:179} INFO - Processing /home/airflow/.local/lib/python3.7/site-packages/airflow/example_dags/example_external_task_marker_dag.py took 0.054 seconds
[2023-05-18T00:15:55.187+0000] {processor.py:157} INFO - Started process (PID=3504) to work on /home/airflow/.local/lib/python3.7/site-packages/airflow/example_dags/example_external_task_marker_dag.py
[2023-05-18T00:15:55.187+0000] {processor.py:826} INFO - Processing file /home/airflow/.local/lib/python3.7/site-packages/airflow/example_dags/example_external_task_marker_dag.py for tasks to queue
[2023-05-18T00:15:55.187+0000] {logging_mixin.py:149} INFO - [2023-05-18T00:15:55.187+0000] {dagbag.py:541} INFO - Filling up the DagBag from /home/airflow/.local/lib/python3.7/site-packages/airflow/example_dags/example_external_task_marker_dag.py
[2023-05-18T00:15:55.191+0000] {processor.py:836} INFO - DAG(s) dict_keys(['example_external_task_marker_child', 'example_external_task_marker_parent']) retrieved from /home/airflow/.local/lib/python3.7/site-packages/airflow/example_dags/example_external_task_marker_dag.py
[2023-05-18T00:15:55.208+0000] {logging_mixin.py:149} INFO - [2023-05-18T00:15:55.208+0000] {dag.py:2726} INFO - Sync 2 DAGs
[2023-05-18T00:15:55.222+0000] {logging_mixin.py:149} INFO - [2023-05-18T00:15:55.222+0000] {dag.py:3490} INFO - Setting next_dagrun for example_external_task_marker_child to None, run_after=None
[2023-05-18T00:15:55.223+0000] {logging_mixin.py:149} INFO - [2023-05-18T00:15:55.223+0000] {dag.py:3490} INFO - Setting next_dagrun for example_external_task_marker_parent to None, run_after=None
[2023-05-18T00:15:55.242+0000] {processor.py:179} INFO - Processing /home/airflow/.local/lib/python3.7/site-packages/airflow/example_dags/example_external_task_marker_dag.py took 0.057 seconds
[2023-05-18T00:16:25.779+0000] {processor.py:157} INFO - Started process (PID=3568) to work on /home/airflow/.local/lib/python3.7/site-packages/airflow/example_dags/example_external_task_marker_dag.py
[2023-05-18T00:16:25.780+0000] {processor.py:826} INFO - Processing file /home/airflow/.local/lib/python3.7/site-packages/airflow/example_dags/example_external_task_marker_dag.py for tasks to queue
[2023-05-18T00:16:25.780+0000] {logging_mixin.py:149} INFO - [2023-05-18T00:16:25.780+0000] {dagbag.py:541} INFO - Filling up the DagBag from /home/airflow/.local/lib/python3.7/site-packages/airflow/example_dags/example_external_task_marker_dag.py
[2023-05-18T00:16:25.783+0000] {processor.py:836} INFO - DAG(s) dict_keys(['example_external_task_marker_parent', 'example_external_task_marker_child']) retrieved from /home/airflow/.local/lib/python3.7/site-packages/airflow/example_dags/example_external_task_marker_dag.py
[2023-05-18T00:16:25.800+0000] {logging_mixin.py:149} INFO - [2023-05-18T00:16:25.800+0000] {dag.py:2726} INFO - Sync 2 DAGs
[2023-05-18T00:16:25.815+0000] {logging_mixin.py:149} INFO - [2023-05-18T00:16:25.815+0000] {dag.py:3490} INFO - Setting next_dagrun for example_external_task_marker_child to None, run_after=None
[2023-05-18T00:16:25.817+0000] {logging_mixin.py:149} INFO - [2023-05-18T00:16:25.817+0000] {dag.py:3490} INFO - Setting next_dagrun for example_external_task_marker_parent to None, run_after=None
[2023-05-18T00:16:25.829+0000] {processor.py:179} INFO - Processing /home/airflow/.local/lib/python3.7/site-packages/airflow/example_dags/example_external_task_marker_dag.py took 0.052 seconds
[2023-05-18T00:16:56.457+0000] {processor.py:157} INFO - Started process (PID=3632) to work on /home/airflow/.local/lib/python3.7/site-packages/airflow/example_dags/example_external_task_marker_dag.py
[2023-05-18T00:16:56.458+0000] {processor.py:826} INFO - Processing file /home/airflow/.local/lib/python3.7/site-packages/airflow/example_dags/example_external_task_marker_dag.py for tasks to queue
[2023-05-18T00:16:56.458+0000] {logging_mixin.py:149} INFO - [2023-05-18T00:16:56.458+0000] {dagbag.py:541} INFO - Filling up the DagBag from /home/airflow/.local/lib/python3.7/site-packages/airflow/example_dags/example_external_task_marker_dag.py
[2023-05-18T00:16:56.461+0000] {processor.py:836} INFO - DAG(s) dict_keys(['example_external_task_marker_parent', 'example_external_task_marker_child']) retrieved from /home/airflow/.local/lib/python3.7/site-packages/airflow/example_dags/example_external_task_marker_dag.py
[2023-05-18T00:16:56.478+0000] {logging_mixin.py:149} INFO - [2023-05-18T00:16:56.478+0000] {dag.py:2726} INFO - Sync 2 DAGs
[2023-05-18T00:16:56.492+0000] {logging_mixin.py:149} INFO - [2023-05-18T00:16:56.492+0000] {dag.py:3490} INFO - Setting next_dagrun for example_external_task_marker_child to None, run_after=None
[2023-05-18T00:16:56.495+0000] {logging_mixin.py:149} INFO - [2023-05-18T00:16:56.494+0000] {dag.py:3490} INFO - Setting next_dagrun for example_external_task_marker_parent to None, run_after=None
[2023-05-18T00:16:56.507+0000] {processor.py:179} INFO - Processing /home/airflow/.local/lib/python3.7/site-packages/airflow/example_dags/example_external_task_marker_dag.py took 0.052 seconds
