[2023-05-18T00:00:05.857+0000] {processor.py:157} INFO - Started process (PID=1515) to work on /home/airflow/.local/lib/python3.7/site-packages/airflow/example_dags/example_kubernetes_executor.py
[2023-05-18T00:00:05.857+0000] {processor.py:826} INFO - Processing file /home/airflow/.local/lib/python3.7/site-packages/airflow/example_dags/example_kubernetes_executor.py for tasks to queue
[2023-05-18T00:00:05.858+0000] {logging_mixin.py:149} INFO - [2023-05-18T00:00:05.858+0000] {dagbag.py:541} INFO - Filling up the DagBag from /home/airflow/.local/lib/python3.7/site-packages/airflow/example_dags/example_kubernetes_executor.py
[2023-05-18T00:00:05.975+0000] {processor.py:836} INFO - DAG(s) dict_keys(['example_kubernetes_executor']) retrieved from /home/airflow/.local/lib/python3.7/site-packages/airflow/example_dags/example_kubernetes_executor.py
[2023-05-18T00:00:05.996+0000] {logging_mixin.py:149} INFO - [2023-05-18T00:00:05.996+0000] {dag.py:2726} INFO - Sync 1 DAGs
[2023-05-18T00:00:06.011+0000] {logging_mixin.py:149} INFO - [2023-05-18T00:00:06.011+0000] {dag.py:3490} INFO - Setting next_dagrun for example_kubernetes_executor to None, run_after=None
[2023-05-18T00:00:06.025+0000] {processor.py:179} INFO - Processing /home/airflow/.local/lib/python3.7/site-packages/airflow/example_dags/example_kubernetes_executor.py took 0.170 seconds
[2023-05-18T00:00:36.543+0000] {processor.py:157} INFO - Started process (PID=1579) to work on /home/airflow/.local/lib/python3.7/site-packages/airflow/example_dags/example_kubernetes_executor.py
[2023-05-18T00:00:36.544+0000] {processor.py:826} INFO - Processing file /home/airflow/.local/lib/python3.7/site-packages/airflow/example_dags/example_kubernetes_executor.py for tasks to queue
[2023-05-18T00:00:36.544+0000] {logging_mixin.py:149} INFO - [2023-05-18T00:00:36.544+0000] {dagbag.py:541} INFO - Filling up the DagBag from /home/airflow/.local/lib/python3.7/site-packages/airflow/example_dags/example_kubernetes_executor.py
[2023-05-18T00:00:36.646+0000] {processor.py:836} INFO - DAG(s) dict_keys(['example_kubernetes_executor']) retrieved from /home/airflow/.local/lib/python3.7/site-packages/airflow/example_dags/example_kubernetes_executor.py
[2023-05-18T00:00:36.667+0000] {logging_mixin.py:149} INFO - [2023-05-18T00:00:36.667+0000] {dag.py:2726} INFO - Sync 1 DAGs
[2023-05-18T00:00:36.680+0000] {logging_mixin.py:149} INFO - [2023-05-18T00:00:36.680+0000] {dag.py:3490} INFO - Setting next_dagrun for example_kubernetes_executor to None, run_after=None
[2023-05-18T00:00:36.698+0000] {processor.py:179} INFO - Processing /home/airflow/.local/lib/python3.7/site-packages/airflow/example_dags/example_kubernetes_executor.py took 0.156 seconds
[2023-05-18T00:01:07.116+0000] {processor.py:157} INFO - Started process (PID=1643) to work on /home/airflow/.local/lib/python3.7/site-packages/airflow/example_dags/example_kubernetes_executor.py
[2023-05-18T00:01:07.117+0000] {processor.py:826} INFO - Processing file /home/airflow/.local/lib/python3.7/site-packages/airflow/example_dags/example_kubernetes_executor.py for tasks to queue
[2023-05-18T00:01:07.117+0000] {logging_mixin.py:149} INFO - [2023-05-18T00:01:07.117+0000] {dagbag.py:541} INFO - Filling up the DagBag from /home/airflow/.local/lib/python3.7/site-packages/airflow/example_dags/example_kubernetes_executor.py
[2023-05-18T00:01:07.225+0000] {processor.py:836} INFO - DAG(s) dict_keys(['example_kubernetes_executor']) retrieved from /home/airflow/.local/lib/python3.7/site-packages/airflow/example_dags/example_kubernetes_executor.py
[2023-05-18T00:01:07.248+0000] {logging_mixin.py:149} INFO - [2023-05-18T00:01:07.248+0000] {dag.py:2726} INFO - Sync 1 DAGs
[2023-05-18T00:01:07.262+0000] {logging_mixin.py:149} INFO - [2023-05-18T00:01:07.262+0000] {dag.py:3490} INFO - Setting next_dagrun for example_kubernetes_executor to None, run_after=None
[2023-05-18T00:01:07.274+0000] {processor.py:179} INFO - Processing /home/airflow/.local/lib/python3.7/site-packages/airflow/example_dags/example_kubernetes_executor.py took 0.159 seconds
[2023-05-18T00:01:37.690+0000] {processor.py:157} INFO - Started process (PID=1707) to work on /home/airflow/.local/lib/python3.7/site-packages/airflow/example_dags/example_kubernetes_executor.py
[2023-05-18T00:01:37.690+0000] {processor.py:826} INFO - Processing file /home/airflow/.local/lib/python3.7/site-packages/airflow/example_dags/example_kubernetes_executor.py for tasks to queue
[2023-05-18T00:01:37.690+0000] {logging_mixin.py:149} INFO - [2023-05-18T00:01:37.690+0000] {dagbag.py:541} INFO - Filling up the DagBag from /home/airflow/.local/lib/python3.7/site-packages/airflow/example_dags/example_kubernetes_executor.py
[2023-05-18T00:01:37.793+0000] {processor.py:836} INFO - DAG(s) dict_keys(['example_kubernetes_executor']) retrieved from /home/airflow/.local/lib/python3.7/site-packages/airflow/example_dags/example_kubernetes_executor.py
[2023-05-18T00:01:37.814+0000] {logging_mixin.py:149} INFO - [2023-05-18T00:01:37.814+0000] {dag.py:2726} INFO - Sync 1 DAGs
[2023-05-18T00:01:37.828+0000] {logging_mixin.py:149} INFO - [2023-05-18T00:01:37.828+0000] {dag.py:3490} INFO - Setting next_dagrun for example_kubernetes_executor to None, run_after=None
[2023-05-18T00:01:37.839+0000] {processor.py:179} INFO - Processing /home/airflow/.local/lib/python3.7/site-packages/airflow/example_dags/example_kubernetes_executor.py took 0.151 seconds
[2023-05-18T00:02:08.195+0000] {processor.py:157} INFO - Started process (PID=1771) to work on /home/airflow/.local/lib/python3.7/site-packages/airflow/example_dags/example_kubernetes_executor.py
[2023-05-18T00:02:08.196+0000] {processor.py:826} INFO - Processing file /home/airflow/.local/lib/python3.7/site-packages/airflow/example_dags/example_kubernetes_executor.py for tasks to queue
[2023-05-18T00:02:08.197+0000] {logging_mixin.py:149} INFO - [2023-05-18T00:02:08.197+0000] {dagbag.py:541} INFO - Filling up the DagBag from /home/airflow/.local/lib/python3.7/site-packages/airflow/example_dags/example_kubernetes_executor.py
[2023-05-18T00:02:08.300+0000] {processor.py:836} INFO - DAG(s) dict_keys(['example_kubernetes_executor']) retrieved from /home/airflow/.local/lib/python3.7/site-packages/airflow/example_dags/example_kubernetes_executor.py
[2023-05-18T00:02:08.321+0000] {logging_mixin.py:149} INFO - [2023-05-18T00:02:08.321+0000] {dag.py:2726} INFO - Sync 1 DAGs
[2023-05-18T00:02:08.335+0000] {logging_mixin.py:149} INFO - [2023-05-18T00:02:08.335+0000] {dag.py:3490} INFO - Setting next_dagrun for example_kubernetes_executor to None, run_after=None
[2023-05-18T00:02:08.358+0000] {processor.py:179} INFO - Processing /home/airflow/.local/lib/python3.7/site-packages/airflow/example_dags/example_kubernetes_executor.py took 0.166 seconds
[2023-05-18T00:02:38.910+0000] {processor.py:157} INFO - Started process (PID=1835) to work on /home/airflow/.local/lib/python3.7/site-packages/airflow/example_dags/example_kubernetes_executor.py
[2023-05-18T00:02:38.912+0000] {processor.py:826} INFO - Processing file /home/airflow/.local/lib/python3.7/site-packages/airflow/example_dags/example_kubernetes_executor.py for tasks to queue
[2023-05-18T00:02:38.912+0000] {logging_mixin.py:149} INFO - [2023-05-18T00:02:38.912+0000] {dagbag.py:541} INFO - Filling up the DagBag from /home/airflow/.local/lib/python3.7/site-packages/airflow/example_dags/example_kubernetes_executor.py
[2023-05-18T00:02:39.023+0000] {processor.py:836} INFO - DAG(s) dict_keys(['example_kubernetes_executor']) retrieved from /home/airflow/.local/lib/python3.7/site-packages/airflow/example_dags/example_kubernetes_executor.py
[2023-05-18T00:02:39.058+0000] {logging_mixin.py:149} INFO - [2023-05-18T00:02:39.058+0000] {dag.py:2726} INFO - Sync 1 DAGs
[2023-05-18T00:02:39.077+0000] {logging_mixin.py:149} INFO - [2023-05-18T00:02:39.077+0000] {dag.py:3490} INFO - Setting next_dagrun for example_kubernetes_executor to None, run_after=None
[2023-05-18T00:02:39.094+0000] {processor.py:179} INFO - Processing /home/airflow/.local/lib/python3.7/site-packages/airflow/example_dags/example_kubernetes_executor.py took 0.186 seconds
[2023-05-18T00:03:09.634+0000] {processor.py:157} INFO - Started process (PID=1899) to work on /home/airflow/.local/lib/python3.7/site-packages/airflow/example_dags/example_kubernetes_executor.py
[2023-05-18T00:03:09.652+0000] {processor.py:826} INFO - Processing file /home/airflow/.local/lib/python3.7/site-packages/airflow/example_dags/example_kubernetes_executor.py for tasks to queue
[2023-05-18T00:03:09.652+0000] {logging_mixin.py:149} INFO - [2023-05-18T00:03:09.652+0000] {dagbag.py:541} INFO - Filling up the DagBag from /home/airflow/.local/lib/python3.7/site-packages/airflow/example_dags/example_kubernetes_executor.py
[2023-05-18T00:03:09.765+0000] {processor.py:836} INFO - DAG(s) dict_keys(['example_kubernetes_executor']) retrieved from /home/airflow/.local/lib/python3.7/site-packages/airflow/example_dags/example_kubernetes_executor.py
[2023-05-18T00:03:09.788+0000] {logging_mixin.py:149} INFO - [2023-05-18T00:03:09.788+0000] {dag.py:2726} INFO - Sync 1 DAGs
[2023-05-18T00:03:09.802+0000] {logging_mixin.py:149} INFO - [2023-05-18T00:03:09.802+0000] {dag.py:3490} INFO - Setting next_dagrun for example_kubernetes_executor to None, run_after=None
[2023-05-18T00:03:09.815+0000] {processor.py:179} INFO - Processing /home/airflow/.local/lib/python3.7/site-packages/airflow/example_dags/example_kubernetes_executor.py took 0.182 seconds
[2023-05-18T00:03:40.255+0000] {processor.py:157} INFO - Started process (PID=1963) to work on /home/airflow/.local/lib/python3.7/site-packages/airflow/example_dags/example_kubernetes_executor.py
[2023-05-18T00:03:40.272+0000] {processor.py:826} INFO - Processing file /home/airflow/.local/lib/python3.7/site-packages/airflow/example_dags/example_kubernetes_executor.py for tasks to queue
[2023-05-18T00:03:40.272+0000] {logging_mixin.py:149} INFO - [2023-05-18T00:03:40.272+0000] {dagbag.py:541} INFO - Filling up the DagBag from /home/airflow/.local/lib/python3.7/site-packages/airflow/example_dags/example_kubernetes_executor.py
[2023-05-18T00:03:40.384+0000] {processor.py:836} INFO - DAG(s) dict_keys(['example_kubernetes_executor']) retrieved from /home/airflow/.local/lib/python3.7/site-packages/airflow/example_dags/example_kubernetes_executor.py
[2023-05-18T00:03:40.406+0000] {logging_mixin.py:149} INFO - [2023-05-18T00:03:40.406+0000] {dag.py:2726} INFO - Sync 1 DAGs
[2023-05-18T00:03:40.420+0000] {logging_mixin.py:149} INFO - [2023-05-18T00:03:40.420+0000] {dag.py:3490} INFO - Setting next_dagrun for example_kubernetes_executor to None, run_after=None
[2023-05-18T00:03:40.434+0000] {processor.py:179} INFO - Processing /home/airflow/.local/lib/python3.7/site-packages/airflow/example_dags/example_kubernetes_executor.py took 0.180 seconds
[2023-05-18T00:04:10.888+0000] {processor.py:157} INFO - Started process (PID=2027) to work on /home/airflow/.local/lib/python3.7/site-packages/airflow/example_dags/example_kubernetes_executor.py
[2023-05-18T00:04:10.906+0000] {processor.py:826} INFO - Processing file /home/airflow/.local/lib/python3.7/site-packages/airflow/example_dags/example_kubernetes_executor.py for tasks to queue
[2023-05-18T00:04:10.906+0000] {logging_mixin.py:149} INFO - [2023-05-18T00:04:10.906+0000] {dagbag.py:541} INFO - Filling up the DagBag from /home/airflow/.local/lib/python3.7/site-packages/airflow/example_dags/example_kubernetes_executor.py
[2023-05-18T00:04:11.018+0000] {processor.py:836} INFO - DAG(s) dict_keys(['example_kubernetes_executor']) retrieved from /home/airflow/.local/lib/python3.7/site-packages/airflow/example_dags/example_kubernetes_executor.py
[2023-05-18T00:04:11.038+0000] {logging_mixin.py:149} INFO - [2023-05-18T00:04:11.038+0000] {dag.py:2726} INFO - Sync 1 DAGs
[2023-05-18T00:04:11.051+0000] {logging_mixin.py:149} INFO - [2023-05-18T00:04:11.051+0000] {dag.py:3490} INFO - Setting next_dagrun for example_kubernetes_executor to None, run_after=None
[2023-05-18T00:04:11.065+0000] {processor.py:179} INFO - Processing /home/airflow/.local/lib/python3.7/site-packages/airflow/example_dags/example_kubernetes_executor.py took 0.179 seconds
[2023-05-18T00:04:41.515+0000] {processor.py:157} INFO - Started process (PID=2091) to work on /home/airflow/.local/lib/python3.7/site-packages/airflow/example_dags/example_kubernetes_executor.py
[2023-05-18T00:04:41.533+0000] {processor.py:826} INFO - Processing file /home/airflow/.local/lib/python3.7/site-packages/airflow/example_dags/example_kubernetes_executor.py for tasks to queue
[2023-05-18T00:04:41.533+0000] {logging_mixin.py:149} INFO - [2023-05-18T00:04:41.533+0000] {dagbag.py:541} INFO - Filling up the DagBag from /home/airflow/.local/lib/python3.7/site-packages/airflow/example_dags/example_kubernetes_executor.py
[2023-05-18T00:04:41.646+0000] {processor.py:836} INFO - DAG(s) dict_keys(['example_kubernetes_executor']) retrieved from /home/airflow/.local/lib/python3.7/site-packages/airflow/example_dags/example_kubernetes_executor.py
[2023-05-18T00:04:41.669+0000] {logging_mixin.py:149} INFO - [2023-05-18T00:04:41.669+0000] {dag.py:2726} INFO - Sync 1 DAGs
[2023-05-18T00:04:41.683+0000] {logging_mixin.py:149} INFO - [2023-05-18T00:04:41.683+0000] {dag.py:3490} INFO - Setting next_dagrun for example_kubernetes_executor to None, run_after=None
[2023-05-18T00:04:41.696+0000] {processor.py:179} INFO - Processing /home/airflow/.local/lib/python3.7/site-packages/airflow/example_dags/example_kubernetes_executor.py took 0.182 seconds
[2023-05-18T00:05:12.178+0000] {processor.py:157} INFO - Started process (PID=2155) to work on /home/airflow/.local/lib/python3.7/site-packages/airflow/example_dags/example_kubernetes_executor.py
[2023-05-18T00:05:12.195+0000] {processor.py:826} INFO - Processing file /home/airflow/.local/lib/python3.7/site-packages/airflow/example_dags/example_kubernetes_executor.py for tasks to queue
[2023-05-18T00:05:12.196+0000] {logging_mixin.py:149} INFO - [2023-05-18T00:05:12.196+0000] {dagbag.py:541} INFO - Filling up the DagBag from /home/airflow/.local/lib/python3.7/site-packages/airflow/example_dags/example_kubernetes_executor.py
[2023-05-18T00:05:12.313+0000] {processor.py:836} INFO - DAG(s) dict_keys(['example_kubernetes_executor']) retrieved from /home/airflow/.local/lib/python3.7/site-packages/airflow/example_dags/example_kubernetes_executor.py
[2023-05-18T00:05:12.338+0000] {logging_mixin.py:149} INFO - [2023-05-18T00:05:12.338+0000] {dag.py:2726} INFO - Sync 1 DAGs
[2023-05-18T00:05:12.353+0000] {logging_mixin.py:149} INFO - [2023-05-18T00:05:12.353+0000] {dag.py:3490} INFO - Setting next_dagrun for example_kubernetes_executor to None, run_after=None
[2023-05-18T00:05:12.366+0000] {processor.py:179} INFO - Processing /home/airflow/.local/lib/python3.7/site-packages/airflow/example_dags/example_kubernetes_executor.py took 0.190 seconds
[2023-05-18T00:05:42.836+0000] {processor.py:157} INFO - Started process (PID=2219) to work on /home/airflow/.local/lib/python3.7/site-packages/airflow/example_dags/example_kubernetes_executor.py
[2023-05-18T00:05:42.837+0000] {processor.py:826} INFO - Processing file /home/airflow/.local/lib/python3.7/site-packages/airflow/example_dags/example_kubernetes_executor.py for tasks to queue
[2023-05-18T00:05:42.837+0000] {logging_mixin.py:149} INFO - [2023-05-18T00:05:42.837+0000] {dagbag.py:541} INFO - Filling up the DagBag from /home/airflow/.local/lib/python3.7/site-packages/airflow/example_dags/example_kubernetes_executor.py
[2023-05-18T00:05:42.952+0000] {processor.py:836} INFO - DAG(s) dict_keys(['example_kubernetes_executor']) retrieved from /home/airflow/.local/lib/python3.7/site-packages/airflow/example_dags/example_kubernetes_executor.py
[2023-05-18T00:05:42.977+0000] {logging_mixin.py:149} INFO - [2023-05-18T00:05:42.977+0000] {dag.py:2726} INFO - Sync 1 DAGs
[2023-05-18T00:05:42.997+0000] {logging_mixin.py:149} INFO - [2023-05-18T00:05:42.997+0000] {dag.py:3490} INFO - Setting next_dagrun for example_kubernetes_executor to None, run_after=None
[2023-05-18T00:05:43.014+0000] {processor.py:179} INFO - Processing /home/airflow/.local/lib/python3.7/site-packages/airflow/example_dags/example_kubernetes_executor.py took 0.181 seconds
[2023-05-18T00:06:13.060+0000] {processor.py:157} INFO - Started process (PID=2284) to work on /home/airflow/.local/lib/python3.7/site-packages/airflow/example_dags/example_kubernetes_executor.py
[2023-05-18T00:06:13.061+0000] {processor.py:826} INFO - Processing file /home/airflow/.local/lib/python3.7/site-packages/airflow/example_dags/example_kubernetes_executor.py for tasks to queue
[2023-05-18T00:06:13.061+0000] {logging_mixin.py:149} INFO - [2023-05-18T00:06:13.061+0000] {dagbag.py:541} INFO - Filling up the DagBag from /home/airflow/.local/lib/python3.7/site-packages/airflow/example_dags/example_kubernetes_executor.py
[2023-05-18T00:06:13.173+0000] {processor.py:836} INFO - DAG(s) dict_keys(['example_kubernetes_executor']) retrieved from /home/airflow/.local/lib/python3.7/site-packages/airflow/example_dags/example_kubernetes_executor.py
[2023-05-18T00:06:13.194+0000] {logging_mixin.py:149} INFO - [2023-05-18T00:06:13.194+0000] {dag.py:2726} INFO - Sync 1 DAGs
[2023-05-18T00:06:13.207+0000] {logging_mixin.py:149} INFO - [2023-05-18T00:06:13.207+0000] {dag.py:3490} INFO - Setting next_dagrun for example_kubernetes_executor to None, run_after=None
[2023-05-18T00:06:13.220+0000] {processor.py:179} INFO - Processing /home/airflow/.local/lib/python3.7/site-packages/airflow/example_dags/example_kubernetes_executor.py took 0.163 seconds
[2023-05-18T00:06:43.283+0000] {processor.py:157} INFO - Started process (PID=2350) to work on /home/airflow/.local/lib/python3.7/site-packages/airflow/example_dags/example_kubernetes_executor.py
[2023-05-18T00:06:43.284+0000] {processor.py:826} INFO - Processing file /home/airflow/.local/lib/python3.7/site-packages/airflow/example_dags/example_kubernetes_executor.py for tasks to queue
[2023-05-18T00:06:43.284+0000] {logging_mixin.py:149} INFO - [2023-05-18T00:06:43.284+0000] {dagbag.py:541} INFO - Filling up the DagBag from /home/airflow/.local/lib/python3.7/site-packages/airflow/example_dags/example_kubernetes_executor.py
[2023-05-18T00:06:43.387+0000] {processor.py:836} INFO - DAG(s) dict_keys(['example_kubernetes_executor']) retrieved from /home/airflow/.local/lib/python3.7/site-packages/airflow/example_dags/example_kubernetes_executor.py
[2023-05-18T00:06:43.409+0000] {logging_mixin.py:149} INFO - [2023-05-18T00:06:43.408+0000] {dag.py:2726} INFO - Sync 1 DAGs
[2023-05-18T00:06:43.422+0000] {logging_mixin.py:149} INFO - [2023-05-18T00:06:43.422+0000] {dag.py:3490} INFO - Setting next_dagrun for example_kubernetes_executor to None, run_after=None
[2023-05-18T00:06:43.434+0000] {processor.py:179} INFO - Processing /home/airflow/.local/lib/python3.7/site-packages/airflow/example_dags/example_kubernetes_executor.py took 0.153 seconds
[2023-05-18T00:07:14.358+0000] {processor.py:157} INFO - Started process (PID=2414) to work on /home/airflow/.local/lib/python3.7/site-packages/airflow/example_dags/example_kubernetes_executor.py
[2023-05-18T00:07:14.360+0000] {processor.py:826} INFO - Processing file /home/airflow/.local/lib/python3.7/site-packages/airflow/example_dags/example_kubernetes_executor.py for tasks to queue
[2023-05-18T00:07:14.360+0000] {logging_mixin.py:149} INFO - [2023-05-18T00:07:14.360+0000] {dagbag.py:541} INFO - Filling up the DagBag from /home/airflow/.local/lib/python3.7/site-packages/airflow/example_dags/example_kubernetes_executor.py
[2023-05-18T00:07:14.469+0000] {processor.py:836} INFO - DAG(s) dict_keys(['example_kubernetes_executor']) retrieved from /home/airflow/.local/lib/python3.7/site-packages/airflow/example_dags/example_kubernetes_executor.py
[2023-05-18T00:07:14.491+0000] {logging_mixin.py:149} INFO - [2023-05-18T00:07:14.491+0000] {dag.py:2726} INFO - Sync 1 DAGs
[2023-05-18T00:07:14.506+0000] {logging_mixin.py:149} INFO - [2023-05-18T00:07:14.506+0000] {dag.py:3490} INFO - Setting next_dagrun for example_kubernetes_executor to None, run_after=None
[2023-05-18T00:07:14.520+0000] {processor.py:179} INFO - Processing /home/airflow/.local/lib/python3.7/site-packages/airflow/example_dags/example_kubernetes_executor.py took 0.164 seconds
[2023-05-18T00:07:45.079+0000] {processor.py:157} INFO - Started process (PID=2477) to work on /home/airflow/.local/lib/python3.7/site-packages/airflow/example_dags/example_kubernetes_executor.py
[2023-05-18T00:07:45.080+0000] {processor.py:826} INFO - Processing file /home/airflow/.local/lib/python3.7/site-packages/airflow/example_dags/example_kubernetes_executor.py for tasks to queue
[2023-05-18T00:07:45.080+0000] {logging_mixin.py:149} INFO - [2023-05-18T00:07:45.080+0000] {dagbag.py:541} INFO - Filling up the DagBag from /home/airflow/.local/lib/python3.7/site-packages/airflow/example_dags/example_kubernetes_executor.py
[2023-05-18T00:07:45.202+0000] {processor.py:836} INFO - DAG(s) dict_keys(['example_kubernetes_executor']) retrieved from /home/airflow/.local/lib/python3.7/site-packages/airflow/example_dags/example_kubernetes_executor.py
[2023-05-18T00:07:45.230+0000] {logging_mixin.py:149} INFO - [2023-05-18T00:07:45.230+0000] {dag.py:2726} INFO - Sync 1 DAGs
[2023-05-18T00:07:45.248+0000] {logging_mixin.py:149} INFO - [2023-05-18T00:07:45.248+0000] {dag.py:3490} INFO - Setting next_dagrun for example_kubernetes_executor to None, run_after=None
[2023-05-18T00:07:45.264+0000] {processor.py:179} INFO - Processing /home/airflow/.local/lib/python3.7/site-packages/airflow/example_dags/example_kubernetes_executor.py took 0.186 seconds
[2023-05-18T00:08:15.892+0000] {processor.py:157} INFO - Started process (PID=2541) to work on /home/airflow/.local/lib/python3.7/site-packages/airflow/example_dags/example_kubernetes_executor.py
[2023-05-18T00:08:15.893+0000] {processor.py:826} INFO - Processing file /home/airflow/.local/lib/python3.7/site-packages/airflow/example_dags/example_kubernetes_executor.py for tasks to queue
[2023-05-18T00:08:15.894+0000] {logging_mixin.py:149} INFO - [2023-05-18T00:08:15.894+0000] {dagbag.py:541} INFO - Filling up the DagBag from /home/airflow/.local/lib/python3.7/site-packages/airflow/example_dags/example_kubernetes_executor.py
[2023-05-18T00:08:16.018+0000] {processor.py:836} INFO - DAG(s) dict_keys(['example_kubernetes_executor']) retrieved from /home/airflow/.local/lib/python3.7/site-packages/airflow/example_dags/example_kubernetes_executor.py
[2023-05-18T00:08:16.044+0000] {logging_mixin.py:149} INFO - [2023-05-18T00:08:16.044+0000] {dag.py:2726} INFO - Sync 1 DAGs
[2023-05-18T00:08:16.064+0000] {logging_mixin.py:149} INFO - [2023-05-18T00:08:16.064+0000] {dag.py:3490} INFO - Setting next_dagrun for example_kubernetes_executor to None, run_after=None
[2023-05-18T00:08:16.086+0000] {processor.py:179} INFO - Processing /home/airflow/.local/lib/python3.7/site-packages/airflow/example_dags/example_kubernetes_executor.py took 0.196 seconds
[2023-05-18T00:08:46.699+0000] {processor.py:157} INFO - Started process (PID=2605) to work on /home/airflow/.local/lib/python3.7/site-packages/airflow/example_dags/example_kubernetes_executor.py
[2023-05-18T00:08:46.699+0000] {processor.py:826} INFO - Processing file /home/airflow/.local/lib/python3.7/site-packages/airflow/example_dags/example_kubernetes_executor.py for tasks to queue
[2023-05-18T00:08:46.700+0000] {logging_mixin.py:149} INFO - [2023-05-18T00:08:46.700+0000] {dagbag.py:541} INFO - Filling up the DagBag from /home/airflow/.local/lib/python3.7/site-packages/airflow/example_dags/example_kubernetes_executor.py
[2023-05-18T00:08:46.823+0000] {processor.py:836} INFO - DAG(s) dict_keys(['example_kubernetes_executor']) retrieved from /home/airflow/.local/lib/python3.7/site-packages/airflow/example_dags/example_kubernetes_executor.py
[2023-05-18T00:08:46.845+0000] {logging_mixin.py:149} INFO - [2023-05-18T00:08:46.845+0000] {dag.py:2726} INFO - Sync 1 DAGs
[2023-05-18T00:08:46.859+0000] {logging_mixin.py:149} INFO - [2023-05-18T00:08:46.859+0000] {dag.py:3490} INFO - Setting next_dagrun for example_kubernetes_executor to None, run_after=None
[2023-05-18T00:08:46.879+0000] {processor.py:179} INFO - Processing /home/airflow/.local/lib/python3.7/site-packages/airflow/example_dags/example_kubernetes_executor.py took 0.182 seconds
[2023-05-18T00:09:17.424+0000] {processor.py:157} INFO - Started process (PID=2669) to work on /home/airflow/.local/lib/python3.7/site-packages/airflow/example_dags/example_kubernetes_executor.py
[2023-05-18T00:09:17.426+0000] {processor.py:826} INFO - Processing file /home/airflow/.local/lib/python3.7/site-packages/airflow/example_dags/example_kubernetes_executor.py for tasks to queue
[2023-05-18T00:09:17.426+0000] {logging_mixin.py:149} INFO - [2023-05-18T00:09:17.426+0000] {dagbag.py:541} INFO - Filling up the DagBag from /home/airflow/.local/lib/python3.7/site-packages/airflow/example_dags/example_kubernetes_executor.py
[2023-05-18T00:09:17.548+0000] {processor.py:836} INFO - DAG(s) dict_keys(['example_kubernetes_executor']) retrieved from /home/airflow/.local/lib/python3.7/site-packages/airflow/example_dags/example_kubernetes_executor.py
[2023-05-18T00:09:17.572+0000] {logging_mixin.py:149} INFO - [2023-05-18T00:09:17.572+0000] {dag.py:2726} INFO - Sync 1 DAGs
[2023-05-18T00:09:17.587+0000] {logging_mixin.py:149} INFO - [2023-05-18T00:09:17.587+0000] {dag.py:3490} INFO - Setting next_dagrun for example_kubernetes_executor to None, run_after=None
[2023-05-18T00:09:17.599+0000] {processor.py:179} INFO - Processing /home/airflow/.local/lib/python3.7/site-packages/airflow/example_dags/example_kubernetes_executor.py took 0.177 seconds
[2023-05-18T00:09:48.190+0000] {processor.py:157} INFO - Started process (PID=2740) to work on /home/airflow/.local/lib/python3.7/site-packages/airflow/example_dags/example_kubernetes_executor.py
[2023-05-18T00:09:48.191+0000] {processor.py:826} INFO - Processing file /home/airflow/.local/lib/python3.7/site-packages/airflow/example_dags/example_kubernetes_executor.py for tasks to queue
[2023-05-18T00:09:48.191+0000] {logging_mixin.py:149} INFO - [2023-05-18T00:09:48.191+0000] {dagbag.py:541} INFO - Filling up the DagBag from /home/airflow/.local/lib/python3.7/site-packages/airflow/example_dags/example_kubernetes_executor.py
[2023-05-18T00:09:48.303+0000] {processor.py:836} INFO - DAG(s) dict_keys(['example_kubernetes_executor']) retrieved from /home/airflow/.local/lib/python3.7/site-packages/airflow/example_dags/example_kubernetes_executor.py
[2023-05-18T00:09:48.325+0000] {logging_mixin.py:149} INFO - [2023-05-18T00:09:48.325+0000] {dag.py:2726} INFO - Sync 1 DAGs
[2023-05-18T00:09:48.341+0000] {logging_mixin.py:149} INFO - [2023-05-18T00:09:48.341+0000] {dag.py:3490} INFO - Setting next_dagrun for example_kubernetes_executor to None, run_after=None
[2023-05-18T00:09:48.354+0000] {processor.py:179} INFO - Processing /home/airflow/.local/lib/python3.7/site-packages/airflow/example_dags/example_kubernetes_executor.py took 0.166 seconds
[2023-05-18T00:10:18.877+0000] {processor.py:157} INFO - Started process (PID=2804) to work on /home/airflow/.local/lib/python3.7/site-packages/airflow/example_dags/example_kubernetes_executor.py
[2023-05-18T00:10:18.878+0000] {processor.py:826} INFO - Processing file /home/airflow/.local/lib/python3.7/site-packages/airflow/example_dags/example_kubernetes_executor.py for tasks to queue
[2023-05-18T00:10:18.879+0000] {logging_mixin.py:149} INFO - [2023-05-18T00:10:18.879+0000] {dagbag.py:541} INFO - Filling up the DagBag from /home/airflow/.local/lib/python3.7/site-packages/airflow/example_dags/example_kubernetes_executor.py
[2023-05-18T00:10:18.991+0000] {processor.py:836} INFO - DAG(s) dict_keys(['example_kubernetes_executor']) retrieved from /home/airflow/.local/lib/python3.7/site-packages/airflow/example_dags/example_kubernetes_executor.py
[2023-05-18T00:10:19.013+0000] {logging_mixin.py:149} INFO - [2023-05-18T00:10:19.013+0000] {dag.py:2726} INFO - Sync 1 DAGs
[2023-05-18T00:10:19.026+0000] {logging_mixin.py:149} INFO - [2023-05-18T00:10:19.026+0000] {dag.py:3490} INFO - Setting next_dagrun for example_kubernetes_executor to None, run_after=None
[2023-05-18T00:10:19.040+0000] {processor.py:179} INFO - Processing /home/airflow/.local/lib/python3.7/site-packages/airflow/example_dags/example_kubernetes_executor.py took 0.165 seconds
[2023-05-18T00:10:49.595+0000] {processor.py:157} INFO - Started process (PID=2868) to work on /home/airflow/.local/lib/python3.7/site-packages/airflow/example_dags/example_kubernetes_executor.py
[2023-05-18T00:10:49.596+0000] {processor.py:826} INFO - Processing file /home/airflow/.local/lib/python3.7/site-packages/airflow/example_dags/example_kubernetes_executor.py for tasks to queue
[2023-05-18T00:10:49.597+0000] {logging_mixin.py:149} INFO - [2023-05-18T00:10:49.597+0000] {dagbag.py:541} INFO - Filling up the DagBag from /home/airflow/.local/lib/python3.7/site-packages/airflow/example_dags/example_kubernetes_executor.py
[2023-05-18T00:10:49.712+0000] {processor.py:836} INFO - DAG(s) dict_keys(['example_kubernetes_executor']) retrieved from /home/airflow/.local/lib/python3.7/site-packages/airflow/example_dags/example_kubernetes_executor.py
[2023-05-18T00:10:49.735+0000] {logging_mixin.py:149} INFO - [2023-05-18T00:10:49.735+0000] {dag.py:2726} INFO - Sync 1 DAGs
[2023-05-18T00:10:49.750+0000] {logging_mixin.py:149} INFO - [2023-05-18T00:10:49.749+0000] {dag.py:3490} INFO - Setting next_dagrun for example_kubernetes_executor to None, run_after=None
[2023-05-18T00:10:49.762+0000] {processor.py:179} INFO - Processing /home/airflow/.local/lib/python3.7/site-packages/airflow/example_dags/example_kubernetes_executor.py took 0.170 seconds
[2023-05-18T00:11:20.308+0000] {processor.py:157} INFO - Started process (PID=2932) to work on /home/airflow/.local/lib/python3.7/site-packages/airflow/example_dags/example_kubernetes_executor.py
[2023-05-18T00:11:20.310+0000] {processor.py:826} INFO - Processing file /home/airflow/.local/lib/python3.7/site-packages/airflow/example_dags/example_kubernetes_executor.py for tasks to queue
[2023-05-18T00:11:20.310+0000] {logging_mixin.py:149} INFO - [2023-05-18T00:11:20.310+0000] {dagbag.py:541} INFO - Filling up the DagBag from /home/airflow/.local/lib/python3.7/site-packages/airflow/example_dags/example_kubernetes_executor.py
[2023-05-18T00:11:20.418+0000] {processor.py:836} INFO - DAG(s) dict_keys(['example_kubernetes_executor']) retrieved from /home/airflow/.local/lib/python3.7/site-packages/airflow/example_dags/example_kubernetes_executor.py
[2023-05-18T00:11:20.442+0000] {logging_mixin.py:149} INFO - [2023-05-18T00:11:20.442+0000] {dag.py:2726} INFO - Sync 1 DAGs
[2023-05-18T00:11:20.456+0000] {logging_mixin.py:149} INFO - [2023-05-18T00:11:20.456+0000] {dag.py:3490} INFO - Setting next_dagrun for example_kubernetes_executor to None, run_after=None
[2023-05-18T00:11:20.470+0000] {processor.py:179} INFO - Processing /home/airflow/.local/lib/python3.7/site-packages/airflow/example_dags/example_kubernetes_executor.py took 0.163 seconds
[2023-05-18T00:11:51.001+0000] {processor.py:157} INFO - Started process (PID=2996) to work on /home/airflow/.local/lib/python3.7/site-packages/airflow/example_dags/example_kubernetes_executor.py
[2023-05-18T00:11:51.002+0000] {processor.py:826} INFO - Processing file /home/airflow/.local/lib/python3.7/site-packages/airflow/example_dags/example_kubernetes_executor.py for tasks to queue
[2023-05-18T00:11:51.002+0000] {logging_mixin.py:149} INFO - [2023-05-18T00:11:51.002+0000] {dagbag.py:541} INFO - Filling up the DagBag from /home/airflow/.local/lib/python3.7/site-packages/airflow/example_dags/example_kubernetes_executor.py
[2023-05-18T00:11:51.111+0000] {processor.py:836} INFO - DAG(s) dict_keys(['example_kubernetes_executor']) retrieved from /home/airflow/.local/lib/python3.7/site-packages/airflow/example_dags/example_kubernetes_executor.py
[2023-05-18T00:11:51.134+0000] {logging_mixin.py:149} INFO - [2023-05-18T00:11:51.134+0000] {dag.py:2726} INFO - Sync 1 DAGs
[2023-05-18T00:11:51.149+0000] {logging_mixin.py:149} INFO - [2023-05-18T00:11:51.149+0000] {dag.py:3490} INFO - Setting next_dagrun for example_kubernetes_executor to None, run_after=None
[2023-05-18T00:11:51.162+0000] {processor.py:179} INFO - Processing /home/airflow/.local/lib/python3.7/site-packages/airflow/example_dags/example_kubernetes_executor.py took 0.163 seconds
[2023-05-18T00:12:21.689+0000] {processor.py:157} INFO - Started process (PID=3060) to work on /home/airflow/.local/lib/python3.7/site-packages/airflow/example_dags/example_kubernetes_executor.py
[2023-05-18T00:12:21.691+0000] {processor.py:826} INFO - Processing file /home/airflow/.local/lib/python3.7/site-packages/airflow/example_dags/example_kubernetes_executor.py for tasks to queue
[2023-05-18T00:12:21.691+0000] {logging_mixin.py:149} INFO - [2023-05-18T00:12:21.691+0000] {dagbag.py:541} INFO - Filling up the DagBag from /home/airflow/.local/lib/python3.7/site-packages/airflow/example_dags/example_kubernetes_executor.py
[2023-05-18T00:12:21.798+0000] {processor.py:836} INFO - DAG(s) dict_keys(['example_kubernetes_executor']) retrieved from /home/airflow/.local/lib/python3.7/site-packages/airflow/example_dags/example_kubernetes_executor.py
[2023-05-18T00:12:21.820+0000] {logging_mixin.py:149} INFO - [2023-05-18T00:12:21.820+0000] {dag.py:2726} INFO - Sync 1 DAGs
[2023-05-18T00:12:21.835+0000] {logging_mixin.py:149} INFO - [2023-05-18T00:12:21.835+0000] {dag.py:3490} INFO - Setting next_dagrun for example_kubernetes_executor to None, run_after=None
[2023-05-18T00:12:21.850+0000] {processor.py:179} INFO - Processing /home/airflow/.local/lib/python3.7/site-packages/airflow/example_dags/example_kubernetes_executor.py took 0.163 seconds
[2023-05-18T00:12:52.409+0000] {processor.py:157} INFO - Started process (PID=3124) to work on /home/airflow/.local/lib/python3.7/site-packages/airflow/example_dags/example_kubernetes_executor.py
[2023-05-18T00:12:52.411+0000] {processor.py:826} INFO - Processing file /home/airflow/.local/lib/python3.7/site-packages/airflow/example_dags/example_kubernetes_executor.py for tasks to queue
[2023-05-18T00:12:52.412+0000] {logging_mixin.py:149} INFO - [2023-05-18T00:12:52.412+0000] {dagbag.py:541} INFO - Filling up the DagBag from /home/airflow/.local/lib/python3.7/site-packages/airflow/example_dags/example_kubernetes_executor.py
[2023-05-18T00:12:52.519+0000] {processor.py:836} INFO - DAG(s) dict_keys(['example_kubernetes_executor']) retrieved from /home/airflow/.local/lib/python3.7/site-packages/airflow/example_dags/example_kubernetes_executor.py
[2023-05-18T00:12:52.542+0000] {logging_mixin.py:149} INFO - [2023-05-18T00:12:52.542+0000] {dag.py:2726} INFO - Sync 1 DAGs
[2023-05-18T00:12:52.556+0000] {logging_mixin.py:149} INFO - [2023-05-18T00:12:52.556+0000] {dag.py:3490} INFO - Setting next_dagrun for example_kubernetes_executor to None, run_after=None
[2023-05-18T00:12:52.570+0000] {processor.py:179} INFO - Processing /home/airflow/.local/lib/python3.7/site-packages/airflow/example_dags/example_kubernetes_executor.py took 0.163 seconds
[2023-05-18T00:13:23.130+0000] {processor.py:157} INFO - Started process (PID=3188) to work on /home/airflow/.local/lib/python3.7/site-packages/airflow/example_dags/example_kubernetes_executor.py
[2023-05-18T00:13:23.132+0000] {processor.py:826} INFO - Processing file /home/airflow/.local/lib/python3.7/site-packages/airflow/example_dags/example_kubernetes_executor.py for tasks to queue
[2023-05-18T00:13:23.132+0000] {logging_mixin.py:149} INFO - [2023-05-18T00:13:23.132+0000] {dagbag.py:541} INFO - Filling up the DagBag from /home/airflow/.local/lib/python3.7/site-packages/airflow/example_dags/example_kubernetes_executor.py
[2023-05-18T00:13:23.240+0000] {processor.py:836} INFO - DAG(s) dict_keys(['example_kubernetes_executor']) retrieved from /home/airflow/.local/lib/python3.7/site-packages/airflow/example_dags/example_kubernetes_executor.py
[2023-05-18T00:13:23.262+0000] {logging_mixin.py:149} INFO - [2023-05-18T00:13:23.262+0000] {dag.py:2726} INFO - Sync 1 DAGs
[2023-05-18T00:13:23.275+0000] {logging_mixin.py:149} INFO - [2023-05-18T00:13:23.275+0000] {dag.py:3490} INFO - Setting next_dagrun for example_kubernetes_executor to None, run_after=None
[2023-05-18T00:13:23.289+0000] {processor.py:179} INFO - Processing /home/airflow/.local/lib/python3.7/site-packages/airflow/example_dags/example_kubernetes_executor.py took 0.160 seconds
[2023-05-18T00:13:53.770+0000] {processor.py:157} INFO - Started process (PID=3252) to work on /home/airflow/.local/lib/python3.7/site-packages/airflow/example_dags/example_kubernetes_executor.py
[2023-05-18T00:13:53.770+0000] {processor.py:826} INFO - Processing file /home/airflow/.local/lib/python3.7/site-packages/airflow/example_dags/example_kubernetes_executor.py for tasks to queue
[2023-05-18T00:13:53.770+0000] {logging_mixin.py:149} INFO - [2023-05-18T00:13:53.770+0000] {dagbag.py:541} INFO - Filling up the DagBag from /home/airflow/.local/lib/python3.7/site-packages/airflow/example_dags/example_kubernetes_executor.py
[2023-05-18T00:13:53.875+0000] {processor.py:836} INFO - DAG(s) dict_keys(['example_kubernetes_executor']) retrieved from /home/airflow/.local/lib/python3.7/site-packages/airflow/example_dags/example_kubernetes_executor.py
[2023-05-18T00:13:53.896+0000] {logging_mixin.py:149} INFO - [2023-05-18T00:13:53.896+0000] {dag.py:2726} INFO - Sync 1 DAGs
[2023-05-18T00:13:53.910+0000] {logging_mixin.py:149} INFO - [2023-05-18T00:13:53.910+0000] {dag.py:3490} INFO - Setting next_dagrun for example_kubernetes_executor to None, run_after=None
[2023-05-18T00:13:53.928+0000] {processor.py:179} INFO - Processing /home/airflow/.local/lib/python3.7/site-packages/airflow/example_dags/example_kubernetes_executor.py took 0.160 seconds
[2023-05-18T00:14:24.355+0000] {processor.py:157} INFO - Started process (PID=3316) to work on /home/airflow/.local/lib/python3.7/site-packages/airflow/example_dags/example_kubernetes_executor.py
[2023-05-18T00:14:24.357+0000] {processor.py:826} INFO - Processing file /home/airflow/.local/lib/python3.7/site-packages/airflow/example_dags/example_kubernetes_executor.py for tasks to queue
[2023-05-18T00:14:24.357+0000] {logging_mixin.py:149} INFO - [2023-05-18T00:14:24.357+0000] {dagbag.py:541} INFO - Filling up the DagBag from /home/airflow/.local/lib/python3.7/site-packages/airflow/example_dags/example_kubernetes_executor.py
[2023-05-18T00:14:24.467+0000] {processor.py:836} INFO - DAG(s) dict_keys(['example_kubernetes_executor']) retrieved from /home/airflow/.local/lib/python3.7/site-packages/airflow/example_dags/example_kubernetes_executor.py
[2023-05-18T00:14:24.489+0000] {logging_mixin.py:149} INFO - [2023-05-18T00:14:24.489+0000] {dag.py:2726} INFO - Sync 1 DAGs
[2023-05-18T00:14:24.504+0000] {logging_mixin.py:149} INFO - [2023-05-18T00:14:24.504+0000] {dag.py:3490} INFO - Setting next_dagrun for example_kubernetes_executor to None, run_after=None
[2023-05-18T00:14:24.517+0000] {processor.py:179} INFO - Processing /home/airflow/.local/lib/python3.7/site-packages/airflow/example_dags/example_kubernetes_executor.py took 0.163 seconds
[2023-05-18T00:14:55.043+0000] {processor.py:157} INFO - Started process (PID=3380) to work on /home/airflow/.local/lib/python3.7/site-packages/airflow/example_dags/example_kubernetes_executor.py
[2023-05-18T00:14:55.046+0000] {processor.py:826} INFO - Processing file /home/airflow/.local/lib/python3.7/site-packages/airflow/example_dags/example_kubernetes_executor.py for tasks to queue
[2023-05-18T00:14:55.046+0000] {logging_mixin.py:149} INFO - [2023-05-18T00:14:55.046+0000] {dagbag.py:541} INFO - Filling up the DagBag from /home/airflow/.local/lib/python3.7/site-packages/airflow/example_dags/example_kubernetes_executor.py
[2023-05-18T00:14:55.153+0000] {processor.py:836} INFO - DAG(s) dict_keys(['example_kubernetes_executor']) retrieved from /home/airflow/.local/lib/python3.7/site-packages/airflow/example_dags/example_kubernetes_executor.py
[2023-05-18T00:14:55.177+0000] {logging_mixin.py:149} INFO - [2023-05-18T00:14:55.177+0000] {dag.py:2726} INFO - Sync 1 DAGs
[2023-05-18T00:14:55.191+0000] {logging_mixin.py:149} INFO - [2023-05-18T00:14:55.191+0000] {dag.py:3490} INFO - Setting next_dagrun for example_kubernetes_executor to None, run_after=None
[2023-05-18T00:14:55.203+0000] {processor.py:179} INFO - Processing /home/airflow/.local/lib/python3.7/site-packages/airflow/example_dags/example_kubernetes_executor.py took 0.161 seconds
[2023-05-18T00:15:25.654+0000] {processor.py:157} INFO - Started process (PID=3444) to work on /home/airflow/.local/lib/python3.7/site-packages/airflow/example_dags/example_kubernetes_executor.py
[2023-05-18T00:15:25.655+0000] {processor.py:826} INFO - Processing file /home/airflow/.local/lib/python3.7/site-packages/airflow/example_dags/example_kubernetes_executor.py for tasks to queue
[2023-05-18T00:15:25.656+0000] {logging_mixin.py:149} INFO - [2023-05-18T00:15:25.656+0000] {dagbag.py:541} INFO - Filling up the DagBag from /home/airflow/.local/lib/python3.7/site-packages/airflow/example_dags/example_kubernetes_executor.py
[2023-05-18T00:15:25.765+0000] {processor.py:836} INFO - DAG(s) dict_keys(['example_kubernetes_executor']) retrieved from /home/airflow/.local/lib/python3.7/site-packages/airflow/example_dags/example_kubernetes_executor.py
[2023-05-18T00:15:25.789+0000] {logging_mixin.py:149} INFO - [2023-05-18T00:15:25.789+0000] {dag.py:2726} INFO - Sync 1 DAGs
[2023-05-18T00:15:25.802+0000] {logging_mixin.py:149} INFO - [2023-05-18T00:15:25.802+0000] {dag.py:3490} INFO - Setting next_dagrun for example_kubernetes_executor to None, run_after=None
[2023-05-18T00:15:25.816+0000] {processor.py:179} INFO - Processing /home/airflow/.local/lib/python3.7/site-packages/airflow/example_dags/example_kubernetes_executor.py took 0.164 seconds
[2023-05-18T00:15:56.306+0000] {processor.py:157} INFO - Started process (PID=3508) to work on /home/airflow/.local/lib/python3.7/site-packages/airflow/example_dags/example_kubernetes_executor.py
[2023-05-18T00:15:56.307+0000] {processor.py:826} INFO - Processing file /home/airflow/.local/lib/python3.7/site-packages/airflow/example_dags/example_kubernetes_executor.py for tasks to queue
[2023-05-18T00:15:56.308+0000] {logging_mixin.py:149} INFO - [2023-05-18T00:15:56.308+0000] {dagbag.py:541} INFO - Filling up the DagBag from /home/airflow/.local/lib/python3.7/site-packages/airflow/example_dags/example_kubernetes_executor.py
[2023-05-18T00:15:56.421+0000] {processor.py:836} INFO - DAG(s) dict_keys(['example_kubernetes_executor']) retrieved from /home/airflow/.local/lib/python3.7/site-packages/airflow/example_dags/example_kubernetes_executor.py
[2023-05-18T00:15:56.446+0000] {logging_mixin.py:149} INFO - [2023-05-18T00:15:56.446+0000] {dag.py:2726} INFO - Sync 1 DAGs
[2023-05-18T00:15:56.462+0000] {logging_mixin.py:149} INFO - [2023-05-18T00:15:56.462+0000] {dag.py:3490} INFO - Setting next_dagrun for example_kubernetes_executor to None, run_after=None
[2023-05-18T00:15:56.475+0000] {processor.py:179} INFO - Processing /home/airflow/.local/lib/python3.7/site-packages/airflow/example_dags/example_kubernetes_executor.py took 0.171 seconds
[2023-05-18T00:16:26.907+0000] {processor.py:157} INFO - Started process (PID=3572) to work on /home/airflow/.local/lib/python3.7/site-packages/airflow/example_dags/example_kubernetes_executor.py
[2023-05-18T00:16:26.909+0000] {processor.py:826} INFO - Processing file /home/airflow/.local/lib/python3.7/site-packages/airflow/example_dags/example_kubernetes_executor.py for tasks to queue
[2023-05-18T00:16:26.910+0000] {logging_mixin.py:149} INFO - [2023-05-18T00:16:26.909+0000] {dagbag.py:541} INFO - Filling up the DagBag from /home/airflow/.local/lib/python3.7/site-packages/airflow/example_dags/example_kubernetes_executor.py
[2023-05-18T00:16:27.013+0000] {processor.py:836} INFO - DAG(s) dict_keys(['example_kubernetes_executor']) retrieved from /home/airflow/.local/lib/python3.7/site-packages/airflow/example_dags/example_kubernetes_executor.py
[2023-05-18T00:16:27.035+0000] {logging_mixin.py:149} INFO - [2023-05-18T00:16:27.035+0000] {dag.py:2726} INFO - Sync 1 DAGs
[2023-05-18T00:16:27.051+0000] {logging_mixin.py:149} INFO - [2023-05-18T00:16:27.050+0000] {dag.py:3490} INFO - Setting next_dagrun for example_kubernetes_executor to None, run_after=None
[2023-05-18T00:16:27.064+0000] {processor.py:179} INFO - Processing /home/airflow/.local/lib/python3.7/site-packages/airflow/example_dags/example_kubernetes_executor.py took 0.158 seconds
[2023-05-18T00:16:57.583+0000] {processor.py:157} INFO - Started process (PID=3636) to work on /home/airflow/.local/lib/python3.7/site-packages/airflow/example_dags/example_kubernetes_executor.py
[2023-05-18T00:16:57.584+0000] {processor.py:826} INFO - Processing file /home/airflow/.local/lib/python3.7/site-packages/airflow/example_dags/example_kubernetes_executor.py for tasks to queue
[2023-05-18T00:16:57.585+0000] {logging_mixin.py:149} INFO - [2023-05-18T00:16:57.585+0000] {dagbag.py:541} INFO - Filling up the DagBag from /home/airflow/.local/lib/python3.7/site-packages/airflow/example_dags/example_kubernetes_executor.py
[2023-05-18T00:16:57.693+0000] {processor.py:836} INFO - DAG(s) dict_keys(['example_kubernetes_executor']) retrieved from /home/airflow/.local/lib/python3.7/site-packages/airflow/example_dags/example_kubernetes_executor.py
[2023-05-18T00:16:57.716+0000] {logging_mixin.py:149} INFO - [2023-05-18T00:16:57.716+0000] {dag.py:2726} INFO - Sync 1 DAGs
[2023-05-18T00:16:57.730+0000] {logging_mixin.py:149} INFO - [2023-05-18T00:16:57.730+0000] {dag.py:3490} INFO - Setting next_dagrun for example_kubernetes_executor to None, run_after=None
[2023-05-18T00:16:57.743+0000] {processor.py:179} INFO - Processing /home/airflow/.local/lib/python3.7/site-packages/airflow/example_dags/example_kubernetes_executor.py took 0.162 seconds
