[2023-05-18T00:00:04.636+0000] {processor.py:157} INFO - Started process (PID=1509) to work on /home/airflow/.local/lib/python3.7/site-packages/airflow/example_dags/example_branch_python_dop_operator_3.py
[2023-05-18T00:00:04.636+0000] {processor.py:826} INFO - Processing file /home/airflow/.local/lib/python3.7/site-packages/airflow/example_dags/example_branch_python_dop_operator_3.py for tasks to queue
[2023-05-18T00:00:04.636+0000] {logging_mixin.py:149} INFO - [2023-05-18T00:00:04.636+0000] {dagbag.py:541} INFO - Filling up the DagBag from /home/airflow/.local/lib/python3.7/site-packages/airflow/example_dags/example_branch_python_dop_operator_3.py
[2023-05-18T00:00:04.640+0000] {processor.py:836} INFO - DAG(s) dict_keys(['example_branch_dop_operator_v3']) retrieved from /home/airflow/.local/lib/python3.7/site-packages/airflow/example_dags/example_branch_python_dop_operator_3.py
[2023-05-18T00:00:04.653+0000] {logging_mixin.py:149} INFO - [2023-05-18T00:00:04.653+0000] {dag.py:2726} INFO - Sync 1 DAGs
[2023-05-18T00:00:04.669+0000] {logging_mixin.py:149} INFO - [2023-05-18T00:00:04.669+0000] {dag.py:3490} INFO - Setting next_dagrun for example_branch_dop_operator_v3 to 2023-05-17T23:59:00+00:00, run_after=2023-05-18T00:00:00+00:00
[2023-05-18T00:00:04.693+0000] {processor.py:179} INFO - Processing /home/airflow/.local/lib/python3.7/site-packages/airflow/example_dags/example_branch_python_dop_operator_3.py took 0.060 seconds
[2023-05-18T00:00:35.273+0000] {processor.py:157} INFO - Started process (PID=1573) to work on /home/airflow/.local/lib/python3.7/site-packages/airflow/example_dags/example_branch_python_dop_operator_3.py
[2023-05-18T00:00:35.274+0000] {processor.py:826} INFO - Processing file /home/airflow/.local/lib/python3.7/site-packages/airflow/example_dags/example_branch_python_dop_operator_3.py for tasks to queue
[2023-05-18T00:00:35.274+0000] {logging_mixin.py:149} INFO - [2023-05-18T00:00:35.274+0000] {dagbag.py:541} INFO - Filling up the DagBag from /home/airflow/.local/lib/python3.7/site-packages/airflow/example_dags/example_branch_python_dop_operator_3.py
[2023-05-18T00:00:35.280+0000] {processor.py:836} INFO - DAG(s) dict_keys(['example_branch_dop_operator_v3']) retrieved from /home/airflow/.local/lib/python3.7/site-packages/airflow/example_dags/example_branch_python_dop_operator_3.py
[2023-05-18T00:00:35.299+0000] {logging_mixin.py:149} INFO - [2023-05-18T00:00:35.298+0000] {dag.py:2726} INFO - Sync 1 DAGs
[2023-05-18T00:00:35.318+0000] {logging_mixin.py:149} INFO - [2023-05-18T00:00:35.318+0000] {dag.py:3490} INFO - Setting next_dagrun for example_branch_dop_operator_v3 to 2023-05-17T23:59:00+00:00, run_after=2023-05-18T00:00:00+00:00
[2023-05-18T00:00:35.339+0000] {processor.py:179} INFO - Processing /home/airflow/.local/lib/python3.7/site-packages/airflow/example_dags/example_branch_python_dop_operator_3.py took 0.068 seconds
[2023-05-18T00:01:05.909+0000] {processor.py:157} INFO - Started process (PID=1637) to work on /home/airflow/.local/lib/python3.7/site-packages/airflow/example_dags/example_branch_python_dop_operator_3.py
[2023-05-18T00:01:05.909+0000] {processor.py:826} INFO - Processing file /home/airflow/.local/lib/python3.7/site-packages/airflow/example_dags/example_branch_python_dop_operator_3.py for tasks to queue
[2023-05-18T00:01:05.910+0000] {logging_mixin.py:149} INFO - [2023-05-18T00:01:05.909+0000] {dagbag.py:541} INFO - Filling up the DagBag from /home/airflow/.local/lib/python3.7/site-packages/airflow/example_dags/example_branch_python_dop_operator_3.py
[2023-05-18T00:01:05.914+0000] {processor.py:836} INFO - DAG(s) dict_keys(['example_branch_dop_operator_v3']) retrieved from /home/airflow/.local/lib/python3.7/site-packages/airflow/example_dags/example_branch_python_dop_operator_3.py
[2023-05-18T00:01:05.928+0000] {logging_mixin.py:149} INFO - [2023-05-18T00:01:05.928+0000] {dag.py:2726} INFO - Sync 1 DAGs
[2023-05-18T00:01:05.943+0000] {logging_mixin.py:149} INFO - [2023-05-18T00:01:05.943+0000] {dag.py:3490} INFO - Setting next_dagrun for example_branch_dop_operator_v3 to 2023-05-18T00:00:00+00:00, run_after=2023-05-18T00:01:00+00:00
[2023-05-18T00:01:05.962+0000] {processor.py:179} INFO - Processing /home/airflow/.local/lib/python3.7/site-packages/airflow/example_dags/example_branch_python_dop_operator_3.py took 0.055 seconds
[2023-05-18T00:01:36.458+0000] {processor.py:157} INFO - Started process (PID=1701) to work on /home/airflow/.local/lib/python3.7/site-packages/airflow/example_dags/example_branch_python_dop_operator_3.py
[2023-05-18T00:01:36.477+0000] {processor.py:826} INFO - Processing file /home/airflow/.local/lib/python3.7/site-packages/airflow/example_dags/example_branch_python_dop_operator_3.py for tasks to queue
[2023-05-18T00:01:36.478+0000] {logging_mixin.py:149} INFO - [2023-05-18T00:01:36.478+0000] {dagbag.py:541} INFO - Filling up the DagBag from /home/airflow/.local/lib/python3.7/site-packages/airflow/example_dags/example_branch_python_dop_operator_3.py
[2023-05-18T00:01:36.482+0000] {processor.py:836} INFO - DAG(s) dict_keys(['example_branch_dop_operator_v3']) retrieved from /home/airflow/.local/lib/python3.7/site-packages/airflow/example_dags/example_branch_python_dop_operator_3.py
[2023-05-18T00:01:36.496+0000] {logging_mixin.py:149} INFO - [2023-05-18T00:01:36.496+0000] {dag.py:2726} INFO - Sync 1 DAGs
[2023-05-18T00:01:36.512+0000] {logging_mixin.py:149} INFO - [2023-05-18T00:01:36.512+0000] {dag.py:3490} INFO - Setting next_dagrun for example_branch_dop_operator_v3 to 2023-05-18T00:00:00+00:00, run_after=2023-05-18T00:01:00+00:00
[2023-05-18T00:01:36.544+0000] {processor.py:179} INFO - Processing /home/airflow/.local/lib/python3.7/site-packages/airflow/example_dags/example_branch_python_dop_operator_3.py took 0.088 seconds
[2023-05-18T00:02:06.998+0000] {processor.py:157} INFO - Started process (PID=1765) to work on /home/airflow/.local/lib/python3.7/site-packages/airflow/example_dags/example_branch_python_dop_operator_3.py
[2023-05-18T00:02:07.018+0000] {processor.py:826} INFO - Processing file /home/airflow/.local/lib/python3.7/site-packages/airflow/example_dags/example_branch_python_dop_operator_3.py for tasks to queue
[2023-05-18T00:02:07.018+0000] {logging_mixin.py:149} INFO - [2023-05-18T00:02:07.018+0000] {dagbag.py:541} INFO - Filling up the DagBag from /home/airflow/.local/lib/python3.7/site-packages/airflow/example_dags/example_branch_python_dop_operator_3.py
[2023-05-18T00:02:07.023+0000] {processor.py:836} INFO - DAG(s) dict_keys(['example_branch_dop_operator_v3']) retrieved from /home/airflow/.local/lib/python3.7/site-packages/airflow/example_dags/example_branch_python_dop_operator_3.py
[2023-05-18T00:02:07.037+0000] {logging_mixin.py:149} INFO - [2023-05-18T00:02:07.037+0000] {dag.py:2726} INFO - Sync 1 DAGs
[2023-05-18T00:02:07.053+0000] {logging_mixin.py:149} INFO - [2023-05-18T00:02:07.053+0000] {dag.py:3490} INFO - Setting next_dagrun for example_branch_dop_operator_v3 to 2023-05-18T00:01:00+00:00, run_after=2023-05-18T00:02:00+00:00
[2023-05-18T00:02:07.084+0000] {processor.py:179} INFO - Processing /home/airflow/.local/lib/python3.7/site-packages/airflow/example_dags/example_branch_python_dop_operator_3.py took 0.088 seconds
[2023-05-18T00:02:37.683+0000] {processor.py:157} INFO - Started process (PID=1829) to work on /home/airflow/.local/lib/python3.7/site-packages/airflow/example_dags/example_branch_python_dop_operator_3.py
[2023-05-18T00:02:37.701+0000] {processor.py:826} INFO - Processing file /home/airflow/.local/lib/python3.7/site-packages/airflow/example_dags/example_branch_python_dop_operator_3.py for tasks to queue
[2023-05-18T00:02:37.701+0000] {logging_mixin.py:149} INFO - [2023-05-18T00:02:37.701+0000] {dagbag.py:541} INFO - Filling up the DagBag from /home/airflow/.local/lib/python3.7/site-packages/airflow/example_dags/example_branch_python_dop_operator_3.py
[2023-05-18T00:02:37.705+0000] {processor.py:836} INFO - DAG(s) dict_keys(['example_branch_dop_operator_v3']) retrieved from /home/airflow/.local/lib/python3.7/site-packages/airflow/example_dags/example_branch_python_dop_operator_3.py
[2023-05-18T00:02:37.719+0000] {logging_mixin.py:149} INFO - [2023-05-18T00:02:37.719+0000] {dag.py:2726} INFO - Sync 1 DAGs
[2023-05-18T00:02:37.736+0000] {logging_mixin.py:149} INFO - [2023-05-18T00:02:37.736+0000] {dag.py:3490} INFO - Setting next_dagrun for example_branch_dop_operator_v3 to 2023-05-18T00:01:00+00:00, run_after=2023-05-18T00:02:00+00:00
[2023-05-18T00:02:37.751+0000] {processor.py:179} INFO - Processing /home/airflow/.local/lib/python3.7/site-packages/airflow/example_dags/example_branch_python_dop_operator_3.py took 0.070 seconds
[2023-05-18T00:03:08.399+0000] {processor.py:157} INFO - Started process (PID=1893) to work on /home/airflow/.local/lib/python3.7/site-packages/airflow/example_dags/example_branch_python_dop_operator_3.py
[2023-05-18T00:03:08.417+0000] {processor.py:826} INFO - Processing file /home/airflow/.local/lib/python3.7/site-packages/airflow/example_dags/example_branch_python_dop_operator_3.py for tasks to queue
[2023-05-18T00:03:08.417+0000] {logging_mixin.py:149} INFO - [2023-05-18T00:03:08.417+0000] {dagbag.py:541} INFO - Filling up the DagBag from /home/airflow/.local/lib/python3.7/site-packages/airflow/example_dags/example_branch_python_dop_operator_3.py
[2023-05-18T00:03:08.422+0000] {processor.py:836} INFO - DAG(s) dict_keys(['example_branch_dop_operator_v3']) retrieved from /home/airflow/.local/lib/python3.7/site-packages/airflow/example_dags/example_branch_python_dop_operator_3.py
[2023-05-18T00:03:08.437+0000] {logging_mixin.py:149} INFO - [2023-05-18T00:03:08.436+0000] {dag.py:2726} INFO - Sync 1 DAGs
[2023-05-18T00:03:08.454+0000] {logging_mixin.py:149} INFO - [2023-05-18T00:03:08.454+0000] {dag.py:3490} INFO - Setting next_dagrun for example_branch_dop_operator_v3 to 2023-05-18T00:02:00+00:00, run_after=2023-05-18T00:03:00+00:00
[2023-05-18T00:03:08.467+0000] {processor.py:179} INFO - Processing /home/airflow/.local/lib/python3.7/site-packages/airflow/example_dags/example_branch_python_dop_operator_3.py took 0.071 seconds
[2023-05-18T00:03:39.029+0000] {processor.py:157} INFO - Started process (PID=1957) to work on /home/airflow/.local/lib/python3.7/site-packages/airflow/example_dags/example_branch_python_dop_operator_3.py
[2023-05-18T00:03:39.047+0000] {processor.py:826} INFO - Processing file /home/airflow/.local/lib/python3.7/site-packages/airflow/example_dags/example_branch_python_dop_operator_3.py for tasks to queue
[2023-05-18T00:03:39.047+0000] {logging_mixin.py:149} INFO - [2023-05-18T00:03:39.047+0000] {dagbag.py:541} INFO - Filling up the DagBag from /home/airflow/.local/lib/python3.7/site-packages/airflow/example_dags/example_branch_python_dop_operator_3.py
[2023-05-18T00:03:39.052+0000] {processor.py:836} INFO - DAG(s) dict_keys(['example_branch_dop_operator_v3']) retrieved from /home/airflow/.local/lib/python3.7/site-packages/airflow/example_dags/example_branch_python_dop_operator_3.py
[2023-05-18T00:03:39.066+0000] {logging_mixin.py:149} INFO - [2023-05-18T00:03:39.066+0000] {dag.py:2726} INFO - Sync 1 DAGs
[2023-05-18T00:03:39.082+0000] {logging_mixin.py:149} INFO - [2023-05-18T00:03:39.082+0000] {dag.py:3490} INFO - Setting next_dagrun for example_branch_dop_operator_v3 to 2023-05-18T00:02:00+00:00, run_after=2023-05-18T00:03:00+00:00
[2023-05-18T00:03:39.094+0000] {processor.py:179} INFO - Processing /home/airflow/.local/lib/python3.7/site-packages/airflow/example_dags/example_branch_python_dop_operator_3.py took 0.067 seconds
[2023-05-18T00:04:09.654+0000] {processor.py:157} INFO - Started process (PID=2021) to work on /home/airflow/.local/lib/python3.7/site-packages/airflow/example_dags/example_branch_python_dop_operator_3.py
[2023-05-18T00:04:09.672+0000] {processor.py:826} INFO - Processing file /home/airflow/.local/lib/python3.7/site-packages/airflow/example_dags/example_branch_python_dop_operator_3.py for tasks to queue
[2023-05-18T00:04:09.673+0000] {logging_mixin.py:149} INFO - [2023-05-18T00:04:09.673+0000] {dagbag.py:541} INFO - Filling up the DagBag from /home/airflow/.local/lib/python3.7/site-packages/airflow/example_dags/example_branch_python_dop_operator_3.py
[2023-05-18T00:04:09.677+0000] {processor.py:836} INFO - DAG(s) dict_keys(['example_branch_dop_operator_v3']) retrieved from /home/airflow/.local/lib/python3.7/site-packages/airflow/example_dags/example_branch_python_dop_operator_3.py
[2023-05-18T00:04:09.691+0000] {logging_mixin.py:149} INFO - [2023-05-18T00:04:09.691+0000] {dag.py:2726} INFO - Sync 1 DAGs
[2023-05-18T00:04:09.708+0000] {logging_mixin.py:149} INFO - [2023-05-18T00:04:09.708+0000] {dag.py:3490} INFO - Setting next_dagrun for example_branch_dop_operator_v3 to 2023-05-18T00:03:00+00:00, run_after=2023-05-18T00:04:00+00:00
[2023-05-18T00:04:09.739+0000] {processor.py:179} INFO - Processing /home/airflow/.local/lib/python3.7/site-packages/airflow/example_dags/example_branch_python_dop_operator_3.py took 0.087 seconds
[2023-05-18T00:04:40.281+0000] {processor.py:157} INFO - Started process (PID=2085) to work on /home/airflow/.local/lib/python3.7/site-packages/airflow/example_dags/example_branch_python_dop_operator_3.py
[2023-05-18T00:04:40.300+0000] {processor.py:826} INFO - Processing file /home/airflow/.local/lib/python3.7/site-packages/airflow/example_dags/example_branch_python_dop_operator_3.py for tasks to queue
[2023-05-18T00:04:40.300+0000] {logging_mixin.py:149} INFO - [2023-05-18T00:04:40.300+0000] {dagbag.py:541} INFO - Filling up the DagBag from /home/airflow/.local/lib/python3.7/site-packages/airflow/example_dags/example_branch_python_dop_operator_3.py
[2023-05-18T00:04:40.305+0000] {processor.py:836} INFO - DAG(s) dict_keys(['example_branch_dop_operator_v3']) retrieved from /home/airflow/.local/lib/python3.7/site-packages/airflow/example_dags/example_branch_python_dop_operator_3.py
[2023-05-18T00:04:40.320+0000] {logging_mixin.py:149} INFO - [2023-05-18T00:04:40.319+0000] {dag.py:2726} INFO - Sync 1 DAGs
[2023-05-18T00:04:40.336+0000] {logging_mixin.py:149} INFO - [2023-05-18T00:04:40.336+0000] {dag.py:3490} INFO - Setting next_dagrun for example_branch_dop_operator_v3 to 2023-05-18T00:03:00+00:00, run_after=2023-05-18T00:04:00+00:00
[2023-05-18T00:04:40.369+0000] {processor.py:179} INFO - Processing /home/airflow/.local/lib/python3.7/site-packages/airflow/example_dags/example_branch_python_dop_operator_3.py took 0.089 seconds
[2023-05-18T00:05:10.936+0000] {processor.py:157} INFO - Started process (PID=2149) to work on /home/airflow/.local/lib/python3.7/site-packages/airflow/example_dags/example_branch_python_dop_operator_3.py
[2023-05-18T00:05:10.953+0000] {processor.py:826} INFO - Processing file /home/airflow/.local/lib/python3.7/site-packages/airflow/example_dags/example_branch_python_dop_operator_3.py for tasks to queue
[2023-05-18T00:05:10.953+0000] {logging_mixin.py:149} INFO - [2023-05-18T00:05:10.953+0000] {dagbag.py:541} INFO - Filling up the DagBag from /home/airflow/.local/lib/python3.7/site-packages/airflow/example_dags/example_branch_python_dop_operator_3.py
[2023-05-18T00:05:10.957+0000] {processor.py:836} INFO - DAG(s) dict_keys(['example_branch_dop_operator_v3']) retrieved from /home/airflow/.local/lib/python3.7/site-packages/airflow/example_dags/example_branch_python_dop_operator_3.py
[2023-05-18T00:05:10.973+0000] {logging_mixin.py:149} INFO - [2023-05-18T00:05:10.972+0000] {dag.py:2726} INFO - Sync 1 DAGs
[2023-05-18T00:05:10.990+0000] {logging_mixin.py:149} INFO - [2023-05-18T00:05:10.990+0000] {dag.py:3490} INFO - Setting next_dagrun for example_branch_dop_operator_v3 to 2023-05-18T00:04:00+00:00, run_after=2023-05-18T00:05:00+00:00
[2023-05-18T00:05:11.023+0000] {processor.py:179} INFO - Processing /home/airflow/.local/lib/python3.7/site-packages/airflow/example_dags/example_branch_python_dop_operator_3.py took 0.089 seconds
[2023-05-18T00:05:41.582+0000] {processor.py:157} INFO - Started process (PID=2213) to work on /home/airflow/.local/lib/python3.7/site-packages/airflow/example_dags/example_branch_python_dop_operator_3.py
[2023-05-18T00:05:41.599+0000] {processor.py:826} INFO - Processing file /home/airflow/.local/lib/python3.7/site-packages/airflow/example_dags/example_branch_python_dop_operator_3.py for tasks to queue
[2023-05-18T00:05:41.599+0000] {logging_mixin.py:149} INFO - [2023-05-18T00:05:41.599+0000] {dagbag.py:541} INFO - Filling up the DagBag from /home/airflow/.local/lib/python3.7/site-packages/airflow/example_dags/example_branch_python_dop_operator_3.py
[2023-05-18T00:05:41.606+0000] {processor.py:836} INFO - DAG(s) dict_keys(['example_branch_dop_operator_v3']) retrieved from /home/airflow/.local/lib/python3.7/site-packages/airflow/example_dags/example_branch_python_dop_operator_3.py
[2023-05-18T00:05:41.622+0000] {logging_mixin.py:149} INFO - [2023-05-18T00:05:41.622+0000] {dag.py:2726} INFO - Sync 1 DAGs
[2023-05-18T00:05:41.640+0000] {logging_mixin.py:149} INFO - [2023-05-18T00:05:41.640+0000] {dag.py:3490} INFO - Setting next_dagrun for example_branch_dop_operator_v3 to 2023-05-18T00:04:00+00:00, run_after=2023-05-18T00:05:00+00:00
[2023-05-18T00:05:41.656+0000] {processor.py:179} INFO - Processing /home/airflow/.local/lib/python3.7/site-packages/airflow/example_dags/example_branch_python_dop_operator_3.py took 0.076 seconds
[2023-05-18T00:06:11.695+0000] {processor.py:157} INFO - Started process (PID=2277) to work on /home/airflow/.local/lib/python3.7/site-packages/airflow/example_dags/example_branch_python_dop_operator_3.py
[2023-05-18T00:06:11.713+0000] {processor.py:826} INFO - Processing file /home/airflow/.local/lib/python3.7/site-packages/airflow/example_dags/example_branch_python_dop_operator_3.py for tasks to queue
[2023-05-18T00:06:11.713+0000] {logging_mixin.py:149} INFO - [2023-05-18T00:06:11.713+0000] {dagbag.py:541} INFO - Filling up the DagBag from /home/airflow/.local/lib/python3.7/site-packages/airflow/example_dags/example_branch_python_dop_operator_3.py
[2023-05-18T00:06:11.718+0000] {processor.py:836} INFO - DAG(s) dict_keys(['example_branch_dop_operator_v3']) retrieved from /home/airflow/.local/lib/python3.7/site-packages/airflow/example_dags/example_branch_python_dop_operator_3.py
[2023-05-18T00:06:11.733+0000] {logging_mixin.py:149} INFO - [2023-05-18T00:06:11.733+0000] {dag.py:2726} INFO - Sync 1 DAGs
[2023-05-18T00:06:11.750+0000] {logging_mixin.py:149} INFO - [2023-05-18T00:06:11.750+0000] {dag.py:3490} INFO - Setting next_dagrun for example_branch_dop_operator_v3 to 2023-05-18T00:05:00+00:00, run_after=2023-05-18T00:06:00+00:00
[2023-05-18T00:06:11.764+0000] {processor.py:179} INFO - Processing /home/airflow/.local/lib/python3.7/site-packages/airflow/example_dags/example_branch_python_dop_operator_3.py took 0.071 seconds
[2023-05-18T00:06:41.874+0000] {processor.py:157} INFO - Started process (PID=2341) to work on /home/airflow/.local/lib/python3.7/site-packages/airflow/example_dags/example_branch_python_dop_operator_3.py
[2023-05-18T00:06:41.892+0000] {processor.py:826} INFO - Processing file /home/airflow/.local/lib/python3.7/site-packages/airflow/example_dags/example_branch_python_dop_operator_3.py for tasks to queue
[2023-05-18T00:06:41.892+0000] {logging_mixin.py:149} INFO - [2023-05-18T00:06:41.892+0000] {dagbag.py:541} INFO - Filling up the DagBag from /home/airflow/.local/lib/python3.7/site-packages/airflow/example_dags/example_branch_python_dop_operator_3.py
[2023-05-18T00:06:41.897+0000] {processor.py:836} INFO - DAG(s) dict_keys(['example_branch_dop_operator_v3']) retrieved from /home/airflow/.local/lib/python3.7/site-packages/airflow/example_dags/example_branch_python_dop_operator_3.py
[2023-05-18T00:06:41.912+0000] {logging_mixin.py:149} INFO - [2023-05-18T00:06:41.912+0000] {dag.py:2726} INFO - Sync 1 DAGs
[2023-05-18T00:06:41.928+0000] {logging_mixin.py:149} INFO - [2023-05-18T00:06:41.927+0000] {dag.py:3490} INFO - Setting next_dagrun for example_branch_dop_operator_v3 to 2023-05-18T00:05:00+00:00, run_after=2023-05-18T00:06:00+00:00
[2023-05-18T00:06:41.940+0000] {processor.py:179} INFO - Processing /home/airflow/.local/lib/python3.7/site-packages/airflow/example_dags/example_branch_python_dop_operator_3.py took 0.068 seconds
[2023-05-18T00:07:12.007+0000] {processor.py:157} INFO - Started process (PID=2405) to work on /home/airflow/.local/lib/python3.7/site-packages/airflow/example_dags/example_branch_python_dop_operator_3.py
[2023-05-18T00:07:12.026+0000] {processor.py:826} INFO - Processing file /home/airflow/.local/lib/python3.7/site-packages/airflow/example_dags/example_branch_python_dop_operator_3.py for tasks to queue
[2023-05-18T00:07:12.026+0000] {logging_mixin.py:149} INFO - [2023-05-18T00:07:12.026+0000] {dagbag.py:541} INFO - Filling up the DagBag from /home/airflow/.local/lib/python3.7/site-packages/airflow/example_dags/example_branch_python_dop_operator_3.py
[2023-05-18T00:07:12.030+0000] {processor.py:836} INFO - DAG(s) dict_keys(['example_branch_dop_operator_v3']) retrieved from /home/airflow/.local/lib/python3.7/site-packages/airflow/example_dags/example_branch_python_dop_operator_3.py
[2023-05-18T00:07:12.045+0000] {logging_mixin.py:149} INFO - [2023-05-18T00:07:12.045+0000] {dag.py:2726} INFO - Sync 1 DAGs
[2023-05-18T00:07:12.061+0000] {logging_mixin.py:149} INFO - [2023-05-18T00:07:12.061+0000] {dag.py:3490} INFO - Setting next_dagrun for example_branch_dop_operator_v3 to 2023-05-18T00:06:00+00:00, run_after=2023-05-18T00:07:00+00:00
[2023-05-18T00:07:12.073+0000] {processor.py:179} INFO - Processing /home/airflow/.local/lib/python3.7/site-packages/airflow/example_dags/example_branch_python_dop_operator_3.py took 0.067 seconds
[2023-05-18T00:07:42.717+0000] {processor.py:157} INFO - Started process (PID=2468) to work on /home/airflow/.local/lib/python3.7/site-packages/airflow/example_dags/example_branch_python_dop_operator_3.py
[2023-05-18T00:07:42.736+0000] {processor.py:826} INFO - Processing file /home/airflow/.local/lib/python3.7/site-packages/airflow/example_dags/example_branch_python_dop_operator_3.py for tasks to queue
[2023-05-18T00:07:42.736+0000] {logging_mixin.py:149} INFO - [2023-05-18T00:07:42.736+0000] {dagbag.py:541} INFO - Filling up the DagBag from /home/airflow/.local/lib/python3.7/site-packages/airflow/example_dags/example_branch_python_dop_operator_3.py
[2023-05-18T00:07:42.740+0000] {processor.py:836} INFO - DAG(s) dict_keys(['example_branch_dop_operator_v3']) retrieved from /home/airflow/.local/lib/python3.7/site-packages/airflow/example_dags/example_branch_python_dop_operator_3.py
[2023-05-18T00:07:42.754+0000] {logging_mixin.py:149} INFO - [2023-05-18T00:07:42.754+0000] {dag.py:2726} INFO - Sync 1 DAGs
[2023-05-18T00:07:42.770+0000] {logging_mixin.py:149} INFO - [2023-05-18T00:07:42.770+0000] {dag.py:3490} INFO - Setting next_dagrun for example_branch_dop_operator_v3 to 2023-05-18T00:06:00+00:00, run_after=2023-05-18T00:07:00+00:00
[2023-05-18T00:07:42.803+0000] {processor.py:179} INFO - Processing /home/airflow/.local/lib/python3.7/site-packages/airflow/example_dags/example_branch_python_dop_operator_3.py took 0.087 seconds
[2023-05-18T00:08:13.528+0000] {processor.py:157} INFO - Started process (PID=2532) to work on /home/airflow/.local/lib/python3.7/site-packages/airflow/example_dags/example_branch_python_dop_operator_3.py
[2023-05-18T00:08:13.546+0000] {processor.py:826} INFO - Processing file /home/airflow/.local/lib/python3.7/site-packages/airflow/example_dags/example_branch_python_dop_operator_3.py for tasks to queue
[2023-05-18T00:08:13.547+0000] {logging_mixin.py:149} INFO - [2023-05-18T00:08:13.547+0000] {dagbag.py:541} INFO - Filling up the DagBag from /home/airflow/.local/lib/python3.7/site-packages/airflow/example_dags/example_branch_python_dop_operator_3.py
[2023-05-18T00:08:13.551+0000] {processor.py:836} INFO - DAG(s) dict_keys(['example_branch_dop_operator_v3']) retrieved from /home/airflow/.local/lib/python3.7/site-packages/airflow/example_dags/example_branch_python_dop_operator_3.py
[2023-05-18T00:08:13.566+0000] {logging_mixin.py:149} INFO - [2023-05-18T00:08:13.565+0000] {dag.py:2726} INFO - Sync 1 DAGs
[2023-05-18T00:08:13.581+0000] {logging_mixin.py:149} INFO - [2023-05-18T00:08:13.581+0000] {dag.py:3490} INFO - Setting next_dagrun for example_branch_dop_operator_v3 to 2023-05-18T00:07:00+00:00, run_after=2023-05-18T00:08:00+00:00
[2023-05-18T00:08:13.614+0000] {processor.py:179} INFO - Processing /home/airflow/.local/lib/python3.7/site-packages/airflow/example_dags/example_branch_python_dop_operator_3.py took 0.088 seconds
[2023-05-18T00:08:44.328+0000] {processor.py:157} INFO - Started process (PID=2596) to work on /home/airflow/.local/lib/python3.7/site-packages/airflow/example_dags/example_branch_python_dop_operator_3.py
[2023-05-18T00:08:44.345+0000] {processor.py:826} INFO - Processing file /home/airflow/.local/lib/python3.7/site-packages/airflow/example_dags/example_branch_python_dop_operator_3.py for tasks to queue
[2023-05-18T00:08:44.345+0000] {logging_mixin.py:149} INFO - [2023-05-18T00:08:44.345+0000] {dagbag.py:541} INFO - Filling up the DagBag from /home/airflow/.local/lib/python3.7/site-packages/airflow/example_dags/example_branch_python_dop_operator_3.py
[2023-05-18T00:08:44.350+0000] {processor.py:836} INFO - DAG(s) dict_keys(['example_branch_dop_operator_v3']) retrieved from /home/airflow/.local/lib/python3.7/site-packages/airflow/example_dags/example_branch_python_dop_operator_3.py
[2023-05-18T00:08:44.365+0000] {logging_mixin.py:149} INFO - [2023-05-18T00:08:44.364+0000] {dag.py:2726} INFO - Sync 1 DAGs
[2023-05-18T00:08:44.382+0000] {logging_mixin.py:149} INFO - [2023-05-18T00:08:44.381+0000] {dag.py:3490} INFO - Setting next_dagrun for example_branch_dop_operator_v3 to 2023-05-18T00:07:00+00:00, run_after=2023-05-18T00:08:00+00:00
[2023-05-18T00:08:44.414+0000] {processor.py:179} INFO - Processing /home/airflow/.local/lib/python3.7/site-packages/airflow/example_dags/example_branch_python_dop_operator_3.py took 0.088 seconds
[2023-05-18T00:09:15.036+0000] {processor.py:157} INFO - Started process (PID=2660) to work on /home/airflow/.local/lib/python3.7/site-packages/airflow/example_dags/example_branch_python_dop_operator_3.py
[2023-05-18T00:09:15.037+0000] {processor.py:826} INFO - Processing file /home/airflow/.local/lib/python3.7/site-packages/airflow/example_dags/example_branch_python_dop_operator_3.py for tasks to queue
[2023-05-18T00:09:15.037+0000] {logging_mixin.py:149} INFO - [2023-05-18T00:09:15.037+0000] {dagbag.py:541} INFO - Filling up the DagBag from /home/airflow/.local/lib/python3.7/site-packages/airflow/example_dags/example_branch_python_dop_operator_3.py
[2023-05-18T00:09:15.042+0000] {processor.py:836} INFO - DAG(s) dict_keys(['example_branch_dop_operator_v3']) retrieved from /home/airflow/.local/lib/python3.7/site-packages/airflow/example_dags/example_branch_python_dop_operator_3.py
[2023-05-18T00:09:15.058+0000] {logging_mixin.py:149} INFO - [2023-05-18T00:09:15.058+0000] {dag.py:2726} INFO - Sync 1 DAGs
[2023-05-18T00:09:15.077+0000] {logging_mixin.py:149} INFO - [2023-05-18T00:09:15.077+0000] {dag.py:3490} INFO - Setting next_dagrun for example_branch_dop_operator_v3 to 2023-05-18T00:08:00+00:00, run_after=2023-05-18T00:09:00+00:00
[2023-05-18T00:09:15.102+0000] {processor.py:179} INFO - Processing /home/airflow/.local/lib/python3.7/site-packages/airflow/example_dags/example_branch_python_dop_operator_3.py took 0.068 seconds
[2023-05-18T00:09:45.772+0000] {processor.py:157} INFO - Started process (PID=2724) to work on /home/airflow/.local/lib/python3.7/site-packages/airflow/example_dags/example_branch_python_dop_operator_3.py
[2023-05-18T00:09:45.788+0000] {processor.py:826} INFO - Processing file /home/airflow/.local/lib/python3.7/site-packages/airflow/example_dags/example_branch_python_dop_operator_3.py for tasks to queue
[2023-05-18T00:09:45.789+0000] {logging_mixin.py:149} INFO - [2023-05-18T00:09:45.789+0000] {dagbag.py:541} INFO - Filling up the DagBag from /home/airflow/.local/lib/python3.7/site-packages/airflow/example_dags/example_branch_python_dop_operator_3.py
[2023-05-18T00:09:45.795+0000] {processor.py:836} INFO - DAG(s) dict_keys(['example_branch_dop_operator_v3']) retrieved from /home/airflow/.local/lib/python3.7/site-packages/airflow/example_dags/example_branch_python_dop_operator_3.py
[2023-05-18T00:09:45.814+0000] {logging_mixin.py:149} INFO - [2023-05-18T00:09:45.814+0000] {dag.py:2726} INFO - Sync 1 DAGs
[2023-05-18T00:09:45.833+0000] {logging_mixin.py:149} INFO - [2023-05-18T00:09:45.833+0000] {dag.py:3490} INFO - Setting next_dagrun for example_branch_dop_operator_v3 to 2023-05-18T00:08:00+00:00, run_after=2023-05-18T00:09:00+00:00
[2023-05-18T00:09:45.849+0000] {processor.py:179} INFO - Processing /home/airflow/.local/lib/python3.7/site-packages/airflow/example_dags/example_branch_python_dop_operator_3.py took 0.080 seconds
[2023-05-18T00:10:16.484+0000] {processor.py:157} INFO - Started process (PID=2788) to work on /home/airflow/.local/lib/python3.7/site-packages/airflow/example_dags/example_branch_python_dop_operator_3.py
[2023-05-18T00:10:16.501+0000] {processor.py:826} INFO - Processing file /home/airflow/.local/lib/python3.7/site-packages/airflow/example_dags/example_branch_python_dop_operator_3.py for tasks to queue
[2023-05-18T00:10:16.501+0000] {logging_mixin.py:149} INFO - [2023-05-18T00:10:16.501+0000] {dagbag.py:541} INFO - Filling up the DagBag from /home/airflow/.local/lib/python3.7/site-packages/airflow/example_dags/example_branch_python_dop_operator_3.py
[2023-05-18T00:10:16.505+0000] {processor.py:836} INFO - DAG(s) dict_keys(['example_branch_dop_operator_v3']) retrieved from /home/airflow/.local/lib/python3.7/site-packages/airflow/example_dags/example_branch_python_dop_operator_3.py
[2023-05-18T00:10:16.523+0000] {logging_mixin.py:149} INFO - [2023-05-18T00:10:16.523+0000] {dag.py:2726} INFO - Sync 1 DAGs
[2023-05-18T00:10:16.542+0000] {logging_mixin.py:149} INFO - [2023-05-18T00:10:16.542+0000] {dag.py:3490} INFO - Setting next_dagrun for example_branch_dop_operator_v3 to 2023-05-18T00:09:00+00:00, run_after=2023-05-18T00:10:00+00:00
[2023-05-18T00:10:16.560+0000] {processor.py:179} INFO - Processing /home/airflow/.local/lib/python3.7/site-packages/airflow/example_dags/example_branch_python_dop_operator_3.py took 0.078 seconds
[2023-05-18T00:10:47.240+0000] {processor.py:157} INFO - Started process (PID=2852) to work on /home/airflow/.local/lib/python3.7/site-packages/airflow/example_dags/example_branch_python_dop_operator_3.py
[2023-05-18T00:10:47.259+0000] {processor.py:826} INFO - Processing file /home/airflow/.local/lib/python3.7/site-packages/airflow/example_dags/example_branch_python_dop_operator_3.py for tasks to queue
[2023-05-18T00:10:47.259+0000] {logging_mixin.py:149} INFO - [2023-05-18T00:10:47.259+0000] {dagbag.py:541} INFO - Filling up the DagBag from /home/airflow/.local/lib/python3.7/site-packages/airflow/example_dags/example_branch_python_dop_operator_3.py
[2023-05-18T00:10:47.264+0000] {processor.py:836} INFO - DAG(s) dict_keys(['example_branch_dop_operator_v3']) retrieved from /home/airflow/.local/lib/python3.7/site-packages/airflow/example_dags/example_branch_python_dop_operator_3.py
[2023-05-18T00:10:47.280+0000] {logging_mixin.py:149} INFO - [2023-05-18T00:10:47.280+0000] {dag.py:2726} INFO - Sync 1 DAGs
[2023-05-18T00:10:47.297+0000] {logging_mixin.py:149} INFO - [2023-05-18T00:10:47.297+0000] {dag.py:3490} INFO - Setting next_dagrun for example_branch_dop_operator_v3 to 2023-05-18T00:09:00+00:00, run_after=2023-05-18T00:10:00+00:00
[2023-05-18T00:10:47.309+0000] {processor.py:179} INFO - Processing /home/airflow/.local/lib/python3.7/site-packages/airflow/example_dags/example_branch_python_dop_operator_3.py took 0.071 seconds
[2023-05-18T00:11:17.954+0000] {processor.py:157} INFO - Started process (PID=2923) to work on /home/airflow/.local/lib/python3.7/site-packages/airflow/example_dags/example_branch_python_dop_operator_3.py
[2023-05-18T00:11:17.955+0000] {processor.py:826} INFO - Processing file /home/airflow/.local/lib/python3.7/site-packages/airflow/example_dags/example_branch_python_dop_operator_3.py for tasks to queue
[2023-05-18T00:11:17.955+0000] {logging_mixin.py:149} INFO - [2023-05-18T00:11:17.955+0000] {dagbag.py:541} INFO - Filling up the DagBag from /home/airflow/.local/lib/python3.7/site-packages/airflow/example_dags/example_branch_python_dop_operator_3.py
[2023-05-18T00:11:17.959+0000] {processor.py:836} INFO - DAG(s) dict_keys(['example_branch_dop_operator_v3']) retrieved from /home/airflow/.local/lib/python3.7/site-packages/airflow/example_dags/example_branch_python_dop_operator_3.py
[2023-05-18T00:11:17.975+0000] {logging_mixin.py:149} INFO - [2023-05-18T00:11:17.974+0000] {dag.py:2726} INFO - Sync 1 DAGs
[2023-05-18T00:11:17.992+0000] {logging_mixin.py:149} INFO - [2023-05-18T00:11:17.992+0000] {dag.py:3490} INFO - Setting next_dagrun for example_branch_dop_operator_v3 to 2023-05-18T00:10:00+00:00, run_after=2023-05-18T00:11:00+00:00
[2023-05-18T00:11:18.013+0000] {processor.py:179} INFO - Processing /home/airflow/.local/lib/python3.7/site-packages/airflow/example_dags/example_branch_python_dop_operator_3.py took 0.061 seconds
[2023-05-18T00:11:48.653+0000] {processor.py:157} INFO - Started process (PID=2987) to work on /home/airflow/.local/lib/python3.7/site-packages/airflow/example_dags/example_branch_python_dop_operator_3.py
[2023-05-18T00:11:48.672+0000] {processor.py:826} INFO - Processing file /home/airflow/.local/lib/python3.7/site-packages/airflow/example_dags/example_branch_python_dop_operator_3.py for tasks to queue
[2023-05-18T00:11:48.672+0000] {logging_mixin.py:149} INFO - [2023-05-18T00:11:48.672+0000] {dagbag.py:541} INFO - Filling up the DagBag from /home/airflow/.local/lib/python3.7/site-packages/airflow/example_dags/example_branch_python_dop_operator_3.py
[2023-05-18T00:11:48.676+0000] {processor.py:836} INFO - DAG(s) dict_keys(['example_branch_dop_operator_v3']) retrieved from /home/airflow/.local/lib/python3.7/site-packages/airflow/example_dags/example_branch_python_dop_operator_3.py
[2023-05-18T00:11:48.691+0000] {logging_mixin.py:149} INFO - [2023-05-18T00:11:48.690+0000] {dag.py:2726} INFO - Sync 1 DAGs
[2023-05-18T00:11:48.708+0000] {logging_mixin.py:149} INFO - [2023-05-18T00:11:48.707+0000] {dag.py:3490} INFO - Setting next_dagrun for example_branch_dop_operator_v3 to 2023-05-18T00:10:00+00:00, run_after=2023-05-18T00:11:00+00:00
[2023-05-18T00:11:48.719+0000] {processor.py:179} INFO - Processing /home/airflow/.local/lib/python3.7/site-packages/airflow/example_dags/example_branch_python_dop_operator_3.py took 0.068 seconds
[2023-05-18T00:12:19.335+0000] {processor.py:157} INFO - Started process (PID=3051) to work on /home/airflow/.local/lib/python3.7/site-packages/airflow/example_dags/example_branch_python_dop_operator_3.py
[2023-05-18T00:12:19.353+0000] {processor.py:826} INFO - Processing file /home/airflow/.local/lib/python3.7/site-packages/airflow/example_dags/example_branch_python_dop_operator_3.py for tasks to queue
[2023-05-18T00:12:19.353+0000] {logging_mixin.py:149} INFO - [2023-05-18T00:12:19.353+0000] {dagbag.py:541} INFO - Filling up the DagBag from /home/airflow/.local/lib/python3.7/site-packages/airflow/example_dags/example_branch_python_dop_operator_3.py
[2023-05-18T00:12:19.358+0000] {processor.py:836} INFO - DAG(s) dict_keys(['example_branch_dop_operator_v3']) retrieved from /home/airflow/.local/lib/python3.7/site-packages/airflow/example_dags/example_branch_python_dop_operator_3.py
[2023-05-18T00:12:19.372+0000] {logging_mixin.py:149} INFO - [2023-05-18T00:12:19.372+0000] {dag.py:2726} INFO - Sync 1 DAGs
[2023-05-18T00:12:19.389+0000] {logging_mixin.py:149} INFO - [2023-05-18T00:12:19.388+0000] {dag.py:3490} INFO - Setting next_dagrun for example_branch_dop_operator_v3 to 2023-05-18T00:11:00+00:00, run_after=2023-05-18T00:12:00+00:00
[2023-05-18T00:12:19.402+0000] {processor.py:179} INFO - Processing /home/airflow/.local/lib/python3.7/site-packages/airflow/example_dags/example_branch_python_dop_operator_3.py took 0.068 seconds
[2023-05-18T00:12:50.052+0000] {processor.py:157} INFO - Started process (PID=3115) to work on /home/airflow/.local/lib/python3.7/site-packages/airflow/example_dags/example_branch_python_dop_operator_3.py
[2023-05-18T00:12:50.071+0000] {processor.py:826} INFO - Processing file /home/airflow/.local/lib/python3.7/site-packages/airflow/example_dags/example_branch_python_dop_operator_3.py for tasks to queue
[2023-05-18T00:12:50.072+0000] {logging_mixin.py:149} INFO - [2023-05-18T00:12:50.071+0000] {dagbag.py:541} INFO - Filling up the DagBag from /home/airflow/.local/lib/python3.7/site-packages/airflow/example_dags/example_branch_python_dop_operator_3.py
[2023-05-18T00:12:50.076+0000] {processor.py:836} INFO - DAG(s) dict_keys(['example_branch_dop_operator_v3']) retrieved from /home/airflow/.local/lib/python3.7/site-packages/airflow/example_dags/example_branch_python_dop_operator_3.py
[2023-05-18T00:12:50.091+0000] {logging_mixin.py:149} INFO - [2023-05-18T00:12:50.091+0000] {dag.py:2726} INFO - Sync 1 DAGs
[2023-05-18T00:12:50.107+0000] {logging_mixin.py:149} INFO - [2023-05-18T00:12:50.107+0000] {dag.py:3490} INFO - Setting next_dagrun for example_branch_dop_operator_v3 to 2023-05-18T00:11:00+00:00, run_after=2023-05-18T00:12:00+00:00
[2023-05-18T00:12:50.120+0000] {processor.py:179} INFO - Processing /home/airflow/.local/lib/python3.7/site-packages/airflow/example_dags/example_branch_python_dop_operator_3.py took 0.069 seconds
[2023-05-18T00:13:20.769+0000] {processor.py:157} INFO - Started process (PID=3179) to work on /home/airflow/.local/lib/python3.7/site-packages/airflow/example_dags/example_branch_python_dop_operator_3.py
[2023-05-18T00:13:20.787+0000] {processor.py:826} INFO - Processing file /home/airflow/.local/lib/python3.7/site-packages/airflow/example_dags/example_branch_python_dop_operator_3.py for tasks to queue
[2023-05-18T00:13:20.788+0000] {logging_mixin.py:149} INFO - [2023-05-18T00:13:20.788+0000] {dagbag.py:541} INFO - Filling up the DagBag from /home/airflow/.local/lib/python3.7/site-packages/airflow/example_dags/example_branch_python_dop_operator_3.py
[2023-05-18T00:13:20.792+0000] {processor.py:836} INFO - DAG(s) dict_keys(['example_branch_dop_operator_v3']) retrieved from /home/airflow/.local/lib/python3.7/site-packages/airflow/example_dags/example_branch_python_dop_operator_3.py
[2023-05-18T00:13:20.806+0000] {logging_mixin.py:149} INFO - [2023-05-18T00:13:20.805+0000] {dag.py:2726} INFO - Sync 1 DAGs
[2023-05-18T00:13:20.823+0000] {logging_mixin.py:149} INFO - [2023-05-18T00:13:20.822+0000] {dag.py:3490} INFO - Setting next_dagrun for example_branch_dop_operator_v3 to 2023-05-18T00:12:00+00:00, run_after=2023-05-18T00:13:00+00:00
[2023-05-18T00:13:20.836+0000] {processor.py:179} INFO - Processing /home/airflow/.local/lib/python3.7/site-packages/airflow/example_dags/example_branch_python_dop_operator_3.py took 0.069 seconds
[2023-05-18T00:13:51.440+0000] {processor.py:157} INFO - Started process (PID=3243) to work on /home/airflow/.local/lib/python3.7/site-packages/airflow/example_dags/example_branch_python_dop_operator_3.py
[2023-05-18T00:13:51.440+0000] {processor.py:826} INFO - Processing file /home/airflow/.local/lib/python3.7/site-packages/airflow/example_dags/example_branch_python_dop_operator_3.py for tasks to queue
[2023-05-18T00:13:51.441+0000] {logging_mixin.py:149} INFO - [2023-05-18T00:13:51.441+0000] {dagbag.py:541} INFO - Filling up the DagBag from /home/airflow/.local/lib/python3.7/site-packages/airflow/example_dags/example_branch_python_dop_operator_3.py
[2023-05-18T00:13:51.445+0000] {processor.py:836} INFO - DAG(s) dict_keys(['example_branch_dop_operator_v3']) retrieved from /home/airflow/.local/lib/python3.7/site-packages/airflow/example_dags/example_branch_python_dop_operator_3.py
[2023-05-18T00:13:51.461+0000] {logging_mixin.py:149} INFO - [2023-05-18T00:13:51.461+0000] {dag.py:2726} INFO - Sync 1 DAGs
[2023-05-18T00:13:51.478+0000] {logging_mixin.py:149} INFO - [2023-05-18T00:13:51.478+0000] {dag.py:3490} INFO - Setting next_dagrun for example_branch_dop_operator_v3 to 2023-05-18T00:12:00+00:00, run_after=2023-05-18T00:13:00+00:00
[2023-05-18T00:13:51.497+0000] {processor.py:179} INFO - Processing /home/airflow/.local/lib/python3.7/site-packages/airflow/example_dags/example_branch_python_dop_operator_3.py took 0.058 seconds
[2023-05-18T00:14:21.998+0000] {processor.py:157} INFO - Started process (PID=3307) to work on /home/airflow/.local/lib/python3.7/site-packages/airflow/example_dags/example_branch_python_dop_operator_3.py
[2023-05-18T00:14:22.017+0000] {processor.py:826} INFO - Processing file /home/airflow/.local/lib/python3.7/site-packages/airflow/example_dags/example_branch_python_dop_operator_3.py for tasks to queue
[2023-05-18T00:14:22.017+0000] {logging_mixin.py:149} INFO - [2023-05-18T00:14:22.017+0000] {dagbag.py:541} INFO - Filling up the DagBag from /home/airflow/.local/lib/python3.7/site-packages/airflow/example_dags/example_branch_python_dop_operator_3.py
[2023-05-18T00:14:22.022+0000] {processor.py:836} INFO - DAG(s) dict_keys(['example_branch_dop_operator_v3']) retrieved from /home/airflow/.local/lib/python3.7/site-packages/airflow/example_dags/example_branch_python_dop_operator_3.py
[2023-05-18T00:14:22.036+0000] {logging_mixin.py:149} INFO - [2023-05-18T00:14:22.036+0000] {dag.py:2726} INFO - Sync 1 DAGs
[2023-05-18T00:14:22.052+0000] {logging_mixin.py:149} INFO - [2023-05-18T00:14:22.052+0000] {dag.py:3490} INFO - Setting next_dagrun for example_branch_dop_operator_v3 to 2023-05-18T00:13:00+00:00, run_after=2023-05-18T00:14:00+00:00
[2023-05-18T00:14:22.066+0000] {processor.py:179} INFO - Processing /home/airflow/.local/lib/python3.7/site-packages/airflow/example_dags/example_branch_python_dop_operator_3.py took 0.070 seconds
[2023-05-18T00:14:52.696+0000] {processor.py:157} INFO - Started process (PID=3371) to work on /home/airflow/.local/lib/python3.7/site-packages/airflow/example_dags/example_branch_python_dop_operator_3.py
[2023-05-18T00:14:52.714+0000] {processor.py:826} INFO - Processing file /home/airflow/.local/lib/python3.7/site-packages/airflow/example_dags/example_branch_python_dop_operator_3.py for tasks to queue
[2023-05-18T00:14:52.715+0000] {logging_mixin.py:149} INFO - [2023-05-18T00:14:52.715+0000] {dagbag.py:541} INFO - Filling up the DagBag from /home/airflow/.local/lib/python3.7/site-packages/airflow/example_dags/example_branch_python_dop_operator_3.py
[2023-05-18T00:14:52.719+0000] {processor.py:836} INFO - DAG(s) dict_keys(['example_branch_dop_operator_v3']) retrieved from /home/airflow/.local/lib/python3.7/site-packages/airflow/example_dags/example_branch_python_dop_operator_3.py
[2023-05-18T00:14:52.733+0000] {logging_mixin.py:149} INFO - [2023-05-18T00:14:52.733+0000] {dag.py:2726} INFO - Sync 1 DAGs
[2023-05-18T00:14:52.753+0000] {logging_mixin.py:149} INFO - [2023-05-18T00:14:52.753+0000] {dag.py:3490} INFO - Setting next_dagrun for example_branch_dop_operator_v3 to 2023-05-18T00:13:00+00:00, run_after=2023-05-18T00:14:00+00:00
[2023-05-18T00:14:52.767+0000] {processor.py:179} INFO - Processing /home/airflow/.local/lib/python3.7/site-packages/airflow/example_dags/example_branch_python_dop_operator_3.py took 0.073 seconds
[2023-05-18T00:15:23.293+0000] {processor.py:157} INFO - Started process (PID=3435) to work on /home/airflow/.local/lib/python3.7/site-packages/airflow/example_dags/example_branch_python_dop_operator_3.py
[2023-05-18T00:15:23.311+0000] {processor.py:826} INFO - Processing file /home/airflow/.local/lib/python3.7/site-packages/airflow/example_dags/example_branch_python_dop_operator_3.py for tasks to queue
[2023-05-18T00:15:23.311+0000] {logging_mixin.py:149} INFO - [2023-05-18T00:15:23.311+0000] {dagbag.py:541} INFO - Filling up the DagBag from /home/airflow/.local/lib/python3.7/site-packages/airflow/example_dags/example_branch_python_dop_operator_3.py
[2023-05-18T00:15:23.316+0000] {processor.py:836} INFO - DAG(s) dict_keys(['example_branch_dop_operator_v3']) retrieved from /home/airflow/.local/lib/python3.7/site-packages/airflow/example_dags/example_branch_python_dop_operator_3.py
[2023-05-18T00:15:23.331+0000] {logging_mixin.py:149} INFO - [2023-05-18T00:15:23.331+0000] {dag.py:2726} INFO - Sync 1 DAGs
[2023-05-18T00:15:23.347+0000] {logging_mixin.py:149} INFO - [2023-05-18T00:15:23.347+0000] {dag.py:3490} INFO - Setting next_dagrun for example_branch_dop_operator_v3 to 2023-05-18T00:14:00+00:00, run_after=2023-05-18T00:15:00+00:00
[2023-05-18T00:15:23.380+0000] {processor.py:179} INFO - Processing /home/airflow/.local/lib/python3.7/site-packages/airflow/example_dags/example_branch_python_dop_operator_3.py took 0.089 seconds
[2023-05-18T00:15:53.964+0000] {processor.py:157} INFO - Started process (PID=3499) to work on /home/airflow/.local/lib/python3.7/site-packages/airflow/example_dags/example_branch_python_dop_operator_3.py
[2023-05-18T00:15:53.984+0000] {processor.py:826} INFO - Processing file /home/airflow/.local/lib/python3.7/site-packages/airflow/example_dags/example_branch_python_dop_operator_3.py for tasks to queue
[2023-05-18T00:15:53.984+0000] {logging_mixin.py:149} INFO - [2023-05-18T00:15:53.984+0000] {dagbag.py:541} INFO - Filling up the DagBag from /home/airflow/.local/lib/python3.7/site-packages/airflow/example_dags/example_branch_python_dop_operator_3.py
[2023-05-18T00:15:53.988+0000] {processor.py:836} INFO - DAG(s) dict_keys(['example_branch_dop_operator_v3']) retrieved from /home/airflow/.local/lib/python3.7/site-packages/airflow/example_dags/example_branch_python_dop_operator_3.py
[2023-05-18T00:15:54.004+0000] {logging_mixin.py:149} INFO - [2023-05-18T00:15:54.004+0000] {dag.py:2726} INFO - Sync 1 DAGs
[2023-05-18T00:15:54.020+0000] {logging_mixin.py:149} INFO - [2023-05-18T00:15:54.020+0000] {dag.py:3490} INFO - Setting next_dagrun for example_branch_dop_operator_v3 to 2023-05-18T00:14:00+00:00, run_after=2023-05-18T00:15:00+00:00
[2023-05-18T00:15:54.032+0000] {processor.py:179} INFO - Processing /home/airflow/.local/lib/python3.7/site-packages/airflow/example_dags/example_branch_python_dop_operator_3.py took 0.070 seconds
[2023-05-18T00:16:24.551+0000] {processor.py:157} INFO - Started process (PID=3563) to work on /home/airflow/.local/lib/python3.7/site-packages/airflow/example_dags/example_branch_python_dop_operator_3.py
[2023-05-18T00:16:24.568+0000] {processor.py:826} INFO - Processing file /home/airflow/.local/lib/python3.7/site-packages/airflow/example_dags/example_branch_python_dop_operator_3.py for tasks to queue
[2023-05-18T00:16:24.569+0000] {logging_mixin.py:149} INFO - [2023-05-18T00:16:24.569+0000] {dagbag.py:541} INFO - Filling up the DagBag from /home/airflow/.local/lib/python3.7/site-packages/airflow/example_dags/example_branch_python_dop_operator_3.py
[2023-05-18T00:16:24.573+0000] {processor.py:836} INFO - DAG(s) dict_keys(['example_branch_dop_operator_v3']) retrieved from /home/airflow/.local/lib/python3.7/site-packages/airflow/example_dags/example_branch_python_dop_operator_3.py
[2023-05-18T00:16:24.588+0000] {logging_mixin.py:149} INFO - [2023-05-18T00:16:24.588+0000] {dag.py:2726} INFO - Sync 1 DAGs
[2023-05-18T00:16:24.605+0000] {logging_mixin.py:149} INFO - [2023-05-18T00:16:24.604+0000] {dag.py:3490} INFO - Setting next_dagrun for example_branch_dop_operator_v3 to 2023-05-18T00:15:00+00:00, run_after=2023-05-18T00:16:00+00:00
[2023-05-18T00:16:24.618+0000] {processor.py:179} INFO - Processing /home/airflow/.local/lib/python3.7/site-packages/airflow/example_dags/example_branch_python_dop_operator_3.py took 0.069 seconds
[2023-05-18T00:16:55.235+0000] {processor.py:157} INFO - Started process (PID=3627) to work on /home/airflow/.local/lib/python3.7/site-packages/airflow/example_dags/example_branch_python_dop_operator_3.py
[2023-05-18T00:16:55.254+0000] {processor.py:826} INFO - Processing file /home/airflow/.local/lib/python3.7/site-packages/airflow/example_dags/example_branch_python_dop_operator_3.py for tasks to queue
[2023-05-18T00:16:55.254+0000] {logging_mixin.py:149} INFO - [2023-05-18T00:16:55.254+0000] {dagbag.py:541} INFO - Filling up the DagBag from /home/airflow/.local/lib/python3.7/site-packages/airflow/example_dags/example_branch_python_dop_operator_3.py
[2023-05-18T00:16:55.259+0000] {processor.py:836} INFO - DAG(s) dict_keys(['example_branch_dop_operator_v3']) retrieved from /home/airflow/.local/lib/python3.7/site-packages/airflow/example_dags/example_branch_python_dop_operator_3.py
[2023-05-18T00:16:55.273+0000] {logging_mixin.py:149} INFO - [2023-05-18T00:16:55.273+0000] {dag.py:2726} INFO - Sync 1 DAGs
[2023-05-18T00:16:55.289+0000] {logging_mixin.py:149} INFO - [2023-05-18T00:16:55.289+0000] {dag.py:3490} INFO - Setting next_dagrun for example_branch_dop_operator_v3 to 2023-05-18T00:15:00+00:00, run_after=2023-05-18T00:16:00+00:00
[2023-05-18T00:16:55.301+0000] {processor.py:179} INFO - Processing /home/airflow/.local/lib/python3.7/site-packages/airflow/example_dags/example_branch_python_dop_operator_3.py took 0.068 seconds
