[2023-05-18T00:00:06.720+0000] {processor.py:157} INFO - Started process (PID=1537) to work on /home/airflow/.local/lib/python3.7/site-packages/airflow/example_dags/example_trigger_target_dag.py
[2023-05-18T00:00:06.721+0000] {processor.py:826} INFO - Processing file /home/airflow/.local/lib/python3.7/site-packages/airflow/example_dags/example_trigger_target_dag.py for tasks to queue
[2023-05-18T00:00:06.721+0000] {logging_mixin.py:149} INFO - [2023-05-18T00:00:06.721+0000] {dagbag.py:541} INFO - Filling up the DagBag from /home/airflow/.local/lib/python3.7/site-packages/airflow/example_dags/example_trigger_target_dag.py
[2023-05-18T00:00:06.728+0000] {processor.py:836} INFO - DAG(s) dict_keys(['example_trigger_target_dag']) retrieved from /home/airflow/.local/lib/python3.7/site-packages/airflow/example_dags/example_trigger_target_dag.py
[2023-05-18T00:00:06.748+0000] {logging_mixin.py:149} INFO - [2023-05-18T00:00:06.748+0000] {dag.py:2726} INFO - Sync 1 DAGs
[2023-05-18T00:00:06.769+0000] {logging_mixin.py:149} INFO - [2023-05-18T00:00:06.769+0000] {dag.py:3490} INFO - Setting next_dagrun for example_trigger_target_dag to None, run_after=None
[2023-05-18T00:00:06.784+0000] {processor.py:179} INFO - Processing /home/airflow/.local/lib/python3.7/site-packages/airflow/example_dags/example_trigger_target_dag.py took 0.065 seconds
[2023-05-18T00:00:37.375+0000] {processor.py:157} INFO - Started process (PID=1601) to work on /home/airflow/.local/lib/python3.7/site-packages/airflow/example_dags/example_trigger_target_dag.py
[2023-05-18T00:00:37.376+0000] {processor.py:826} INFO - Processing file /home/airflow/.local/lib/python3.7/site-packages/airflow/example_dags/example_trigger_target_dag.py for tasks to queue
[2023-05-18T00:00:37.376+0000] {logging_mixin.py:149} INFO - [2023-05-18T00:00:37.376+0000] {dagbag.py:541} INFO - Filling up the DagBag from /home/airflow/.local/lib/python3.7/site-packages/airflow/example_dags/example_trigger_target_dag.py
[2023-05-18T00:00:37.380+0000] {processor.py:836} INFO - DAG(s) dict_keys(['example_trigger_target_dag']) retrieved from /home/airflow/.local/lib/python3.7/site-packages/airflow/example_dags/example_trigger_target_dag.py
[2023-05-18T00:00:37.393+0000] {logging_mixin.py:149} INFO - [2023-05-18T00:00:37.393+0000] {dag.py:2726} INFO - Sync 1 DAGs
[2023-05-18T00:00:37.413+0000] {logging_mixin.py:149} INFO - [2023-05-18T00:00:37.413+0000] {dag.py:3490} INFO - Setting next_dagrun for example_trigger_target_dag to None, run_after=None
[2023-05-18T00:00:37.428+0000] {processor.py:179} INFO - Processing /home/airflow/.local/lib/python3.7/site-packages/airflow/example_dags/example_trigger_target_dag.py took 0.054 seconds
[2023-05-18T00:01:07.969+0000] {processor.py:157} INFO - Started process (PID=1665) to work on /home/airflow/.local/lib/python3.7/site-packages/airflow/example_dags/example_trigger_target_dag.py
[2023-05-18T00:01:07.969+0000] {processor.py:826} INFO - Processing file /home/airflow/.local/lib/python3.7/site-packages/airflow/example_dags/example_trigger_target_dag.py for tasks to queue
[2023-05-18T00:01:07.970+0000] {logging_mixin.py:149} INFO - [2023-05-18T00:01:07.970+0000] {dagbag.py:541} INFO - Filling up the DagBag from /home/airflow/.local/lib/python3.7/site-packages/airflow/example_dags/example_trigger_target_dag.py
[2023-05-18T00:01:07.973+0000] {processor.py:836} INFO - DAG(s) dict_keys(['example_trigger_target_dag']) retrieved from /home/airflow/.local/lib/python3.7/site-packages/airflow/example_dags/example_trigger_target_dag.py
[2023-05-18T00:01:07.989+0000] {logging_mixin.py:149} INFO - [2023-05-18T00:01:07.989+0000] {dag.py:2726} INFO - Sync 1 DAGs
[2023-05-18T00:01:08.005+0000] {logging_mixin.py:149} INFO - [2023-05-18T00:01:08.005+0000] {dag.py:3490} INFO - Setting next_dagrun for example_trigger_target_dag to None, run_after=None
[2023-05-18T00:01:08.016+0000] {processor.py:179} INFO - Processing /home/airflow/.local/lib/python3.7/site-packages/airflow/example_dags/example_trigger_target_dag.py took 0.049 seconds
[2023-05-18T00:01:38.498+0000] {processor.py:157} INFO - Started process (PID=1729) to work on /home/airflow/.local/lib/python3.7/site-packages/airflow/example_dags/example_trigger_target_dag.py
[2023-05-18T00:01:38.499+0000] {processor.py:826} INFO - Processing file /home/airflow/.local/lib/python3.7/site-packages/airflow/example_dags/example_trigger_target_dag.py for tasks to queue
[2023-05-18T00:01:38.499+0000] {logging_mixin.py:149} INFO - [2023-05-18T00:01:38.499+0000] {dagbag.py:541} INFO - Filling up the DagBag from /home/airflow/.local/lib/python3.7/site-packages/airflow/example_dags/example_trigger_target_dag.py
[2023-05-18T00:01:38.502+0000] {processor.py:836} INFO - DAG(s) dict_keys(['example_trigger_target_dag']) retrieved from /home/airflow/.local/lib/python3.7/site-packages/airflow/example_dags/example_trigger_target_dag.py
[2023-05-18T00:01:38.515+0000] {logging_mixin.py:149} INFO - [2023-05-18T00:01:38.515+0000] {dag.py:2726} INFO - Sync 1 DAGs
[2023-05-18T00:01:38.528+0000] {logging_mixin.py:149} INFO - [2023-05-18T00:01:38.528+0000] {dag.py:3490} INFO - Setting next_dagrun for example_trigger_target_dag to None, run_after=None
[2023-05-18T00:01:38.540+0000] {processor.py:179} INFO - Processing /home/airflow/.local/lib/python3.7/site-packages/airflow/example_dags/example_trigger_target_dag.py took 0.044 seconds
[2023-05-18T00:02:09.107+0000] {processor.py:157} INFO - Started process (PID=1793) to work on /home/airflow/.local/lib/python3.7/site-packages/airflow/example_dags/example_trigger_target_dag.py
[2023-05-18T00:02:09.115+0000] {processor.py:826} INFO - Processing file /home/airflow/.local/lib/python3.7/site-packages/airflow/example_dags/example_trigger_target_dag.py for tasks to queue
[2023-05-18T00:02:09.116+0000] {logging_mixin.py:149} INFO - [2023-05-18T00:02:09.116+0000] {dagbag.py:541} INFO - Filling up the DagBag from /home/airflow/.local/lib/python3.7/site-packages/airflow/example_dags/example_trigger_target_dag.py
[2023-05-18T00:02:09.119+0000] {processor.py:836} INFO - DAG(s) dict_keys(['example_trigger_target_dag']) retrieved from /home/airflow/.local/lib/python3.7/site-packages/airflow/example_dags/example_trigger_target_dag.py
[2023-05-18T00:02:09.133+0000] {logging_mixin.py:149} INFO - [2023-05-18T00:02:09.133+0000] {dag.py:2726} INFO - Sync 1 DAGs
[2023-05-18T00:02:09.147+0000] {logging_mixin.py:149} INFO - [2023-05-18T00:02:09.147+0000] {dag.py:3490} INFO - Setting next_dagrun for example_trigger_target_dag to None, run_after=None
[2023-05-18T00:02:09.159+0000] {processor.py:179} INFO - Processing /home/airflow/.local/lib/python3.7/site-packages/airflow/example_dags/example_trigger_target_dag.py took 0.054 seconds
[2023-05-18T00:02:39.825+0000] {processor.py:157} INFO - Started process (PID=1857) to work on /home/airflow/.local/lib/python3.7/site-packages/airflow/example_dags/example_trigger_target_dag.py
[2023-05-18T00:02:39.834+0000] {processor.py:826} INFO - Processing file /home/airflow/.local/lib/python3.7/site-packages/airflow/example_dags/example_trigger_target_dag.py for tasks to queue
[2023-05-18T00:02:39.835+0000] {logging_mixin.py:149} INFO - [2023-05-18T00:02:39.835+0000] {dagbag.py:541} INFO - Filling up the DagBag from /home/airflow/.local/lib/python3.7/site-packages/airflow/example_dags/example_trigger_target_dag.py
[2023-05-18T00:02:39.838+0000] {processor.py:836} INFO - DAG(s) dict_keys(['example_trigger_target_dag']) retrieved from /home/airflow/.local/lib/python3.7/site-packages/airflow/example_dags/example_trigger_target_dag.py
[2023-05-18T00:02:39.852+0000] {logging_mixin.py:149} INFO - [2023-05-18T00:02:39.852+0000] {dag.py:2726} INFO - Sync 1 DAGs
[2023-05-18T00:02:39.866+0000] {logging_mixin.py:149} INFO - [2023-05-18T00:02:39.866+0000] {dag.py:3490} INFO - Setting next_dagrun for example_trigger_target_dag to None, run_after=None
[2023-05-18T00:02:39.878+0000] {processor.py:179} INFO - Processing /home/airflow/.local/lib/python3.7/site-packages/airflow/example_dags/example_trigger_target_dag.py took 0.054 seconds
[2023-05-18T00:03:10.500+0000] {processor.py:157} INFO - Started process (PID=1921) to work on /home/airflow/.local/lib/python3.7/site-packages/airflow/example_dags/example_trigger_target_dag.py
[2023-05-18T00:03:10.501+0000] {processor.py:826} INFO - Processing file /home/airflow/.local/lib/python3.7/site-packages/airflow/example_dags/example_trigger_target_dag.py for tasks to queue
[2023-05-18T00:03:10.501+0000] {logging_mixin.py:149} INFO - [2023-05-18T00:03:10.501+0000] {dagbag.py:541} INFO - Filling up the DagBag from /home/airflow/.local/lib/python3.7/site-packages/airflow/example_dags/example_trigger_target_dag.py
[2023-05-18T00:03:10.504+0000] {processor.py:836} INFO - DAG(s) dict_keys(['example_trigger_target_dag']) retrieved from /home/airflow/.local/lib/python3.7/site-packages/airflow/example_dags/example_trigger_target_dag.py
[2023-05-18T00:03:10.519+0000] {logging_mixin.py:149} INFO - [2023-05-18T00:03:10.519+0000] {dag.py:2726} INFO - Sync 1 DAGs
[2023-05-18T00:03:10.533+0000] {logging_mixin.py:149} INFO - [2023-05-18T00:03:10.533+0000] {dag.py:3490} INFO - Setting next_dagrun for example_trigger_target_dag to None, run_after=None
[2023-05-18T00:03:10.545+0000] {processor.py:179} INFO - Processing /home/airflow/.local/lib/python3.7/site-packages/airflow/example_dags/example_trigger_target_dag.py took 0.046 seconds
[2023-05-18T00:03:41.111+0000] {processor.py:157} INFO - Started process (PID=1985) to work on /home/airflow/.local/lib/python3.7/site-packages/airflow/example_dags/example_trigger_target_dag.py
[2023-05-18T00:03:41.119+0000] {processor.py:826} INFO - Processing file /home/airflow/.local/lib/python3.7/site-packages/airflow/example_dags/example_trigger_target_dag.py for tasks to queue
[2023-05-18T00:03:41.120+0000] {logging_mixin.py:149} INFO - [2023-05-18T00:03:41.120+0000] {dagbag.py:541} INFO - Filling up the DagBag from /home/airflow/.local/lib/python3.7/site-packages/airflow/example_dags/example_trigger_target_dag.py
[2023-05-18T00:03:41.123+0000] {processor.py:836} INFO - DAG(s) dict_keys(['example_trigger_target_dag']) retrieved from /home/airflow/.local/lib/python3.7/site-packages/airflow/example_dags/example_trigger_target_dag.py
[2023-05-18T00:03:41.137+0000] {logging_mixin.py:149} INFO - [2023-05-18T00:03:41.137+0000] {dag.py:2726} INFO - Sync 1 DAGs
[2023-05-18T00:03:41.150+0000] {logging_mixin.py:149} INFO - [2023-05-18T00:03:41.150+0000] {dag.py:3490} INFO - Setting next_dagrun for example_trigger_target_dag to None, run_after=None
[2023-05-18T00:03:41.161+0000] {processor.py:179} INFO - Processing /home/airflow/.local/lib/python3.7/site-packages/airflow/example_dags/example_trigger_target_dag.py took 0.052 seconds
[2023-05-18T00:04:11.728+0000] {processor.py:157} INFO - Started process (PID=2049) to work on /home/airflow/.local/lib/python3.7/site-packages/airflow/example_dags/example_trigger_target_dag.py
[2023-05-18T00:04:11.737+0000] {processor.py:826} INFO - Processing file /home/airflow/.local/lib/python3.7/site-packages/airflow/example_dags/example_trigger_target_dag.py for tasks to queue
[2023-05-18T00:04:11.737+0000] {logging_mixin.py:149} INFO - [2023-05-18T00:04:11.737+0000] {dagbag.py:541} INFO - Filling up the DagBag from /home/airflow/.local/lib/python3.7/site-packages/airflow/example_dags/example_trigger_target_dag.py
[2023-05-18T00:04:11.740+0000] {processor.py:836} INFO - DAG(s) dict_keys(['example_trigger_target_dag']) retrieved from /home/airflow/.local/lib/python3.7/site-packages/airflow/example_dags/example_trigger_target_dag.py
[2023-05-18T00:04:11.755+0000] {logging_mixin.py:149} INFO - [2023-05-18T00:04:11.755+0000] {dag.py:2726} INFO - Sync 1 DAGs
[2023-05-18T00:04:11.769+0000] {logging_mixin.py:149} INFO - [2023-05-18T00:04:11.769+0000] {dag.py:3490} INFO - Setting next_dagrun for example_trigger_target_dag to None, run_after=None
[2023-05-18T00:04:11.781+0000] {processor.py:179} INFO - Processing /home/airflow/.local/lib/python3.7/site-packages/airflow/example_dags/example_trigger_target_dag.py took 0.055 seconds
[2023-05-18T00:04:42.371+0000] {processor.py:157} INFO - Started process (PID=2113) to work on /home/airflow/.local/lib/python3.7/site-packages/airflow/example_dags/example_trigger_target_dag.py
[2023-05-18T00:04:42.380+0000] {processor.py:826} INFO - Processing file /home/airflow/.local/lib/python3.7/site-packages/airflow/example_dags/example_trigger_target_dag.py for tasks to queue
[2023-05-18T00:04:42.380+0000] {logging_mixin.py:149} INFO - [2023-05-18T00:04:42.380+0000] {dagbag.py:541} INFO - Filling up the DagBag from /home/airflow/.local/lib/python3.7/site-packages/airflow/example_dags/example_trigger_target_dag.py
[2023-05-18T00:04:42.384+0000] {processor.py:836} INFO - DAG(s) dict_keys(['example_trigger_target_dag']) retrieved from /home/airflow/.local/lib/python3.7/site-packages/airflow/example_dags/example_trigger_target_dag.py
[2023-05-18T00:04:42.399+0000] {logging_mixin.py:149} INFO - [2023-05-18T00:04:42.399+0000] {dag.py:2726} INFO - Sync 1 DAGs
[2023-05-18T00:04:42.413+0000] {logging_mixin.py:149} INFO - [2023-05-18T00:04:42.413+0000] {dag.py:3490} INFO - Setting next_dagrun for example_trigger_target_dag to None, run_after=None
[2023-05-18T00:04:42.425+0000] {processor.py:179} INFO - Processing /home/airflow/.local/lib/python3.7/site-packages/airflow/example_dags/example_trigger_target_dag.py took 0.056 seconds
[2023-05-18T00:05:13.035+0000] {processor.py:157} INFO - Started process (PID=2177) to work on /home/airflow/.local/lib/python3.7/site-packages/airflow/example_dags/example_trigger_target_dag.py
[2023-05-18T00:05:13.035+0000] {processor.py:826} INFO - Processing file /home/airflow/.local/lib/python3.7/site-packages/airflow/example_dags/example_trigger_target_dag.py for tasks to queue
[2023-05-18T00:05:13.035+0000] {logging_mixin.py:149} INFO - [2023-05-18T00:05:13.035+0000] {dagbag.py:541} INFO - Filling up the DagBag from /home/airflow/.local/lib/python3.7/site-packages/airflow/example_dags/example_trigger_target_dag.py
[2023-05-18T00:05:13.039+0000] {processor.py:836} INFO - DAG(s) dict_keys(['example_trigger_target_dag']) retrieved from /home/airflow/.local/lib/python3.7/site-packages/airflow/example_dags/example_trigger_target_dag.py
[2023-05-18T00:05:13.053+0000] {logging_mixin.py:149} INFO - [2023-05-18T00:05:13.053+0000] {dag.py:2726} INFO - Sync 1 DAGs
[2023-05-18T00:05:13.066+0000] {logging_mixin.py:149} INFO - [2023-05-18T00:05:13.066+0000] {dag.py:3490} INFO - Setting next_dagrun for example_trigger_target_dag to None, run_after=None
[2023-05-18T00:05:13.078+0000] {processor.py:179} INFO - Processing /home/airflow/.local/lib/python3.7/site-packages/airflow/example_dags/example_trigger_target_dag.py took 0.045 seconds
[2023-05-18T00:05:43.847+0000] {processor.py:157} INFO - Started process (PID=2241) to work on /home/airflow/.local/lib/python3.7/site-packages/airflow/example_dags/example_trigger_target_dag.py
[2023-05-18T00:05:43.848+0000] {processor.py:826} INFO - Processing file /home/airflow/.local/lib/python3.7/site-packages/airflow/example_dags/example_trigger_target_dag.py for tasks to queue
[2023-05-18T00:05:43.849+0000] {logging_mixin.py:149} INFO - [2023-05-18T00:05:43.849+0000] {dagbag.py:541} INFO - Filling up the DagBag from /home/airflow/.local/lib/python3.7/site-packages/airflow/example_dags/example_trigger_target_dag.py
[2023-05-18T00:05:43.855+0000] {processor.py:836} INFO - DAG(s) dict_keys(['example_trigger_target_dag']) retrieved from /home/airflow/.local/lib/python3.7/site-packages/airflow/example_dags/example_trigger_target_dag.py
[2023-05-18T00:05:43.875+0000] {logging_mixin.py:149} INFO - [2023-05-18T00:05:43.875+0000] {dag.py:2726} INFO - Sync 1 DAGs
[2023-05-18T00:05:43.894+0000] {logging_mixin.py:149} INFO - [2023-05-18T00:05:43.894+0000] {dag.py:3490} INFO - Setting next_dagrun for example_trigger_target_dag to None, run_after=None
[2023-05-18T00:05:43.924+0000] {processor.py:179} INFO - Processing /home/airflow/.local/lib/python3.7/site-packages/airflow/example_dags/example_trigger_target_dag.py took 0.079 seconds
[2023-05-18T00:06:14.021+0000] {processor.py:157} INFO - Started process (PID=2305) to work on /home/airflow/.local/lib/python3.7/site-packages/airflow/example_dags/example_trigger_target_dag.py
[2023-05-18T00:06:14.029+0000] {processor.py:826} INFO - Processing file /home/airflow/.local/lib/python3.7/site-packages/airflow/example_dags/example_trigger_target_dag.py for tasks to queue
[2023-05-18T00:06:14.030+0000] {logging_mixin.py:149} INFO - [2023-05-18T00:06:14.030+0000] {dagbag.py:541} INFO - Filling up the DagBag from /home/airflow/.local/lib/python3.7/site-packages/airflow/example_dags/example_trigger_target_dag.py
[2023-05-18T00:06:14.033+0000] {processor.py:836} INFO - DAG(s) dict_keys(['example_trigger_target_dag']) retrieved from /home/airflow/.local/lib/python3.7/site-packages/airflow/example_dags/example_trigger_target_dag.py
[2023-05-18T00:06:14.048+0000] {logging_mixin.py:149} INFO - [2023-05-18T00:06:14.048+0000] {dag.py:2726} INFO - Sync 1 DAGs
[2023-05-18T00:06:14.064+0000] {logging_mixin.py:149} INFO - [2023-05-18T00:06:14.064+0000] {dag.py:3490} INFO - Setting next_dagrun for example_trigger_target_dag to None, run_after=None
[2023-05-18T00:06:14.077+0000] {processor.py:179} INFO - Processing /home/airflow/.local/lib/python3.7/site-packages/airflow/example_dags/example_trigger_target_dag.py took 0.057 seconds
[2023-05-18T00:06:44.190+0000] {processor.py:157} INFO - Started process (PID=2369) to work on /home/airflow/.local/lib/python3.7/site-packages/airflow/example_dags/example_trigger_target_dag.py
[2023-05-18T00:06:44.198+0000] {processor.py:826} INFO - Processing file /home/airflow/.local/lib/python3.7/site-packages/airflow/example_dags/example_trigger_target_dag.py for tasks to queue
[2023-05-18T00:06:44.199+0000] {logging_mixin.py:149} INFO - [2023-05-18T00:06:44.199+0000] {dagbag.py:541} INFO - Filling up the DagBag from /home/airflow/.local/lib/python3.7/site-packages/airflow/example_dags/example_trigger_target_dag.py
[2023-05-18T00:06:44.202+0000] {processor.py:836} INFO - DAG(s) dict_keys(['example_trigger_target_dag']) retrieved from /home/airflow/.local/lib/python3.7/site-packages/airflow/example_dags/example_trigger_target_dag.py
[2023-05-18T00:06:44.217+0000] {logging_mixin.py:149} INFO - [2023-05-18T00:06:44.217+0000] {dag.py:2726} INFO - Sync 1 DAGs
[2023-05-18T00:06:44.231+0000] {logging_mixin.py:149} INFO - [2023-05-18T00:06:44.231+0000] {dag.py:3490} INFO - Setting next_dagrun for example_trigger_target_dag to None, run_after=None
[2023-05-18T00:06:44.247+0000] {processor.py:179} INFO - Processing /home/airflow/.local/lib/python3.7/site-packages/airflow/example_dags/example_trigger_target_dag.py took 0.060 seconds
[2023-05-18T00:07:15.157+0000] {processor.py:157} INFO - Started process (PID=2433) to work on /home/airflow/.local/lib/python3.7/site-packages/airflow/example_dags/example_trigger_target_dag.py
[2023-05-18T00:07:15.158+0000] {processor.py:826} INFO - Processing file /home/airflow/.local/lib/python3.7/site-packages/airflow/example_dags/example_trigger_target_dag.py for tasks to queue
[2023-05-18T00:07:15.158+0000] {logging_mixin.py:149} INFO - [2023-05-18T00:07:15.158+0000] {dagbag.py:541} INFO - Filling up the DagBag from /home/airflow/.local/lib/python3.7/site-packages/airflow/example_dags/example_trigger_target_dag.py
[2023-05-18T00:07:15.162+0000] {processor.py:836} INFO - DAG(s) dict_keys(['example_trigger_target_dag']) retrieved from /home/airflow/.local/lib/python3.7/site-packages/airflow/example_dags/example_trigger_target_dag.py
[2023-05-18T00:07:15.177+0000] {logging_mixin.py:149} INFO - [2023-05-18T00:07:15.176+0000] {dag.py:2726} INFO - Sync 1 DAGs
[2023-05-18T00:07:15.191+0000] {logging_mixin.py:149} INFO - [2023-05-18T00:07:15.191+0000] {dag.py:3490} INFO - Setting next_dagrun for example_trigger_target_dag to None, run_after=None
[2023-05-18T00:07:15.204+0000] {processor.py:179} INFO - Processing /home/airflow/.local/lib/python3.7/site-packages/airflow/example_dags/example_trigger_target_dag.py took 0.050 seconds
[2023-05-18T00:07:45.905+0000] {processor.py:157} INFO - Started process (PID=2496) to work on /home/airflow/.local/lib/python3.7/site-packages/airflow/example_dags/example_trigger_target_dag.py
[2023-05-18T00:07:45.913+0000] {processor.py:826} INFO - Processing file /home/airflow/.local/lib/python3.7/site-packages/airflow/example_dags/example_trigger_target_dag.py for tasks to queue
[2023-05-18T00:07:45.913+0000] {logging_mixin.py:149} INFO - [2023-05-18T00:07:45.913+0000] {dagbag.py:541} INFO - Filling up the DagBag from /home/airflow/.local/lib/python3.7/site-packages/airflow/example_dags/example_trigger_target_dag.py
[2023-05-18T00:07:45.917+0000] {processor.py:836} INFO - DAG(s) dict_keys(['example_trigger_target_dag']) retrieved from /home/airflow/.local/lib/python3.7/site-packages/airflow/example_dags/example_trigger_target_dag.py
[2023-05-18T00:07:45.931+0000] {logging_mixin.py:149} INFO - [2023-05-18T00:07:45.931+0000] {dag.py:2726} INFO - Sync 1 DAGs
[2023-05-18T00:07:45.946+0000] {logging_mixin.py:149} INFO - [2023-05-18T00:07:45.946+0000] {dag.py:3490} INFO - Setting next_dagrun for example_trigger_target_dag to None, run_after=None
[2023-05-18T00:07:45.961+0000] {processor.py:179} INFO - Processing /home/airflow/.local/lib/python3.7/site-packages/airflow/example_dags/example_trigger_target_dag.py took 0.058 seconds
[2023-05-18T00:08:16.757+0000] {processor.py:157} INFO - Started process (PID=2560) to work on /home/airflow/.local/lib/python3.7/site-packages/airflow/example_dags/example_trigger_target_dag.py
[2023-05-18T00:08:16.766+0000] {processor.py:826} INFO - Processing file /home/airflow/.local/lib/python3.7/site-packages/airflow/example_dags/example_trigger_target_dag.py for tasks to queue
[2023-05-18T00:08:16.766+0000] {logging_mixin.py:149} INFO - [2023-05-18T00:08:16.766+0000] {dagbag.py:541} INFO - Filling up the DagBag from /home/airflow/.local/lib/python3.7/site-packages/airflow/example_dags/example_trigger_target_dag.py
[2023-05-18T00:08:16.770+0000] {processor.py:836} INFO - DAG(s) dict_keys(['example_trigger_target_dag']) retrieved from /home/airflow/.local/lib/python3.7/site-packages/airflow/example_dags/example_trigger_target_dag.py
[2023-05-18T00:08:16.785+0000] {logging_mixin.py:149} INFO - [2023-05-18T00:08:16.785+0000] {dag.py:2726} INFO - Sync 1 DAGs
[2023-05-18T00:08:16.800+0000] {logging_mixin.py:149} INFO - [2023-05-18T00:08:16.800+0000] {dag.py:3490} INFO - Setting next_dagrun for example_trigger_target_dag to None, run_after=None
[2023-05-18T00:08:16.812+0000] {processor.py:179} INFO - Processing /home/airflow/.local/lib/python3.7/site-packages/airflow/example_dags/example_trigger_target_dag.py took 0.057 seconds
[2023-05-18T00:08:47.465+0000] {processor.py:157} INFO - Started process (PID=2624) to work on /home/airflow/.local/lib/python3.7/site-packages/airflow/example_dags/example_trigger_target_dag.py
[2023-05-18T00:08:47.465+0000] {processor.py:826} INFO - Processing file /home/airflow/.local/lib/python3.7/site-packages/airflow/example_dags/example_trigger_target_dag.py for tasks to queue
[2023-05-18T00:08:47.465+0000] {logging_mixin.py:149} INFO - [2023-05-18T00:08:47.465+0000] {dagbag.py:541} INFO - Filling up the DagBag from /home/airflow/.local/lib/python3.7/site-packages/airflow/example_dags/example_trigger_target_dag.py
[2023-05-18T00:08:47.469+0000] {processor.py:836} INFO - DAG(s) dict_keys(['example_trigger_target_dag']) retrieved from /home/airflow/.local/lib/python3.7/site-packages/airflow/example_dags/example_trigger_target_dag.py
[2023-05-18T00:08:47.487+0000] {logging_mixin.py:149} INFO - [2023-05-18T00:08:47.486+0000] {dag.py:2726} INFO - Sync 1 DAGs
[2023-05-18T00:08:47.501+0000] {logging_mixin.py:149} INFO - [2023-05-18T00:08:47.501+0000] {dag.py:3490} INFO - Setting next_dagrun for example_trigger_target_dag to None, run_after=None
[2023-05-18T00:08:47.516+0000] {processor.py:179} INFO - Processing /home/airflow/.local/lib/python3.7/site-packages/airflow/example_dags/example_trigger_target_dag.py took 0.053 seconds
[2023-05-18T00:09:18.197+0000] {processor.py:157} INFO - Started process (PID=2695) to work on /home/airflow/.local/lib/python3.7/site-packages/airflow/example_dags/example_trigger_target_dag.py
[2023-05-18T00:09:18.205+0000] {processor.py:826} INFO - Processing file /home/airflow/.local/lib/python3.7/site-packages/airflow/example_dags/example_trigger_target_dag.py for tasks to queue
[2023-05-18T00:09:18.206+0000] {logging_mixin.py:149} INFO - [2023-05-18T00:09:18.206+0000] {dagbag.py:541} INFO - Filling up the DagBag from /home/airflow/.local/lib/python3.7/site-packages/airflow/example_dags/example_trigger_target_dag.py
[2023-05-18T00:09:18.209+0000] {processor.py:836} INFO - DAG(s) dict_keys(['example_trigger_target_dag']) retrieved from /home/airflow/.local/lib/python3.7/site-packages/airflow/example_dags/example_trigger_target_dag.py
[2023-05-18T00:09:18.223+0000] {logging_mixin.py:149} INFO - [2023-05-18T00:09:18.223+0000] {dag.py:2726} INFO - Sync 1 DAGs
[2023-05-18T00:09:18.237+0000] {logging_mixin.py:149} INFO - [2023-05-18T00:09:18.237+0000] {dag.py:3490} INFO - Setting next_dagrun for example_trigger_target_dag to None, run_after=None
[2023-05-18T00:09:18.249+0000] {processor.py:179} INFO - Processing /home/airflow/.local/lib/python3.7/site-packages/airflow/example_dags/example_trigger_target_dag.py took 0.054 seconds
[2023-05-18T00:09:48.931+0000] {processor.py:157} INFO - Started process (PID=2759) to work on /home/airflow/.local/lib/python3.7/site-packages/airflow/example_dags/example_trigger_target_dag.py
[2023-05-18T00:09:48.932+0000] {processor.py:826} INFO - Processing file /home/airflow/.local/lib/python3.7/site-packages/airflow/example_dags/example_trigger_target_dag.py for tasks to queue
[2023-05-18T00:09:48.932+0000] {logging_mixin.py:149} INFO - [2023-05-18T00:09:48.932+0000] {dagbag.py:541} INFO - Filling up the DagBag from /home/airflow/.local/lib/python3.7/site-packages/airflow/example_dags/example_trigger_target_dag.py
[2023-05-18T00:09:48.936+0000] {processor.py:836} INFO - DAG(s) dict_keys(['example_trigger_target_dag']) retrieved from /home/airflow/.local/lib/python3.7/site-packages/airflow/example_dags/example_trigger_target_dag.py
[2023-05-18T00:09:48.950+0000] {logging_mixin.py:149} INFO - [2023-05-18T00:09:48.950+0000] {dag.py:2726} INFO - Sync 1 DAGs
[2023-05-18T00:09:48.965+0000] {logging_mixin.py:149} INFO - [2023-05-18T00:09:48.964+0000] {dag.py:3490} INFO - Setting next_dagrun for example_trigger_target_dag to None, run_after=None
[2023-05-18T00:09:48.977+0000] {processor.py:179} INFO - Processing /home/airflow/.local/lib/python3.7/site-packages/airflow/example_dags/example_trigger_target_dag.py took 0.048 seconds
[2023-05-18T00:10:19.662+0000] {processor.py:157} INFO - Started process (PID=2823) to work on /home/airflow/.local/lib/python3.7/site-packages/airflow/example_dags/example_trigger_target_dag.py
[2023-05-18T00:10:19.671+0000] {processor.py:826} INFO - Processing file /home/airflow/.local/lib/python3.7/site-packages/airflow/example_dags/example_trigger_target_dag.py for tasks to queue
[2023-05-18T00:10:19.672+0000] {logging_mixin.py:149} INFO - [2023-05-18T00:10:19.671+0000] {dagbag.py:541} INFO - Filling up the DagBag from /home/airflow/.local/lib/python3.7/site-packages/airflow/example_dags/example_trigger_target_dag.py
[2023-05-18T00:10:19.675+0000] {processor.py:836} INFO - DAG(s) dict_keys(['example_trigger_target_dag']) retrieved from /home/airflow/.local/lib/python3.7/site-packages/airflow/example_dags/example_trigger_target_dag.py
[2023-05-18T00:10:19.689+0000] {logging_mixin.py:149} INFO - [2023-05-18T00:10:19.689+0000] {dag.py:2726} INFO - Sync 1 DAGs
[2023-05-18T00:10:19.703+0000] {logging_mixin.py:149} INFO - [2023-05-18T00:10:19.703+0000] {dag.py:3490} INFO - Setting next_dagrun for example_trigger_target_dag to None, run_after=None
[2023-05-18T00:10:19.715+0000] {processor.py:179} INFO - Processing /home/airflow/.local/lib/python3.7/site-packages/airflow/example_dags/example_trigger_target_dag.py took 0.055 seconds
[2023-05-18T00:10:50.366+0000] {processor.py:157} INFO - Started process (PID=2887) to work on /home/airflow/.local/lib/python3.7/site-packages/airflow/example_dags/example_trigger_target_dag.py
[2023-05-18T00:10:50.375+0000] {processor.py:826} INFO - Processing file /home/airflow/.local/lib/python3.7/site-packages/airflow/example_dags/example_trigger_target_dag.py for tasks to queue
[2023-05-18T00:10:50.375+0000] {logging_mixin.py:149} INFO - [2023-05-18T00:10:50.375+0000] {dagbag.py:541} INFO - Filling up the DagBag from /home/airflow/.local/lib/python3.7/site-packages/airflow/example_dags/example_trigger_target_dag.py
[2023-05-18T00:10:50.380+0000] {processor.py:836} INFO - DAG(s) dict_keys(['example_trigger_target_dag']) retrieved from /home/airflow/.local/lib/python3.7/site-packages/airflow/example_dags/example_trigger_target_dag.py
[2023-05-18T00:10:50.395+0000] {logging_mixin.py:149} INFO - [2023-05-18T00:10:50.395+0000] {dag.py:2726} INFO - Sync 1 DAGs
[2023-05-18T00:10:50.410+0000] {logging_mixin.py:149} INFO - [2023-05-18T00:10:50.410+0000] {dag.py:3490} INFO - Setting next_dagrun for example_trigger_target_dag to None, run_after=None
[2023-05-18T00:10:50.444+0000] {processor.py:179} INFO - Processing /home/airflow/.local/lib/python3.7/site-packages/airflow/example_dags/example_trigger_target_dag.py took 0.080 seconds
[2023-05-18T00:11:21.085+0000] {processor.py:157} INFO - Started process (PID=2951) to work on /home/airflow/.local/lib/python3.7/site-packages/airflow/example_dags/example_trigger_target_dag.py
[2023-05-18T00:11:21.094+0000] {processor.py:826} INFO - Processing file /home/airflow/.local/lib/python3.7/site-packages/airflow/example_dags/example_trigger_target_dag.py for tasks to queue
[2023-05-18T00:11:21.094+0000] {logging_mixin.py:149} INFO - [2023-05-18T00:11:21.094+0000] {dagbag.py:541} INFO - Filling up the DagBag from /home/airflow/.local/lib/python3.7/site-packages/airflow/example_dags/example_trigger_target_dag.py
[2023-05-18T00:11:21.098+0000] {processor.py:836} INFO - DAG(s) dict_keys(['example_trigger_target_dag']) retrieved from /home/airflow/.local/lib/python3.7/site-packages/airflow/example_dags/example_trigger_target_dag.py
[2023-05-18T00:11:21.113+0000] {logging_mixin.py:149} INFO - [2023-05-18T00:11:21.113+0000] {dag.py:2726} INFO - Sync 1 DAGs
[2023-05-18T00:11:21.126+0000] {logging_mixin.py:149} INFO - [2023-05-18T00:11:21.126+0000] {dag.py:3490} INFO - Setting next_dagrun for example_trigger_target_dag to None, run_after=None
[2023-05-18T00:11:21.139+0000] {processor.py:179} INFO - Processing /home/airflow/.local/lib/python3.7/site-packages/airflow/example_dags/example_trigger_target_dag.py took 0.055 seconds
[2023-05-18T00:11:51.772+0000] {processor.py:157} INFO - Started process (PID=3015) to work on /home/airflow/.local/lib/python3.7/site-packages/airflow/example_dags/example_trigger_target_dag.py
[2023-05-18T00:11:51.781+0000] {processor.py:826} INFO - Processing file /home/airflow/.local/lib/python3.7/site-packages/airflow/example_dags/example_trigger_target_dag.py for tasks to queue
[2023-05-18T00:11:51.781+0000] {logging_mixin.py:149} INFO - [2023-05-18T00:11:51.781+0000] {dagbag.py:541} INFO - Filling up the DagBag from /home/airflow/.local/lib/python3.7/site-packages/airflow/example_dags/example_trigger_target_dag.py
[2023-05-18T00:11:51.785+0000] {processor.py:836} INFO - DAG(s) dict_keys(['example_trigger_target_dag']) retrieved from /home/airflow/.local/lib/python3.7/site-packages/airflow/example_dags/example_trigger_target_dag.py
[2023-05-18T00:11:51.800+0000] {logging_mixin.py:149} INFO - [2023-05-18T00:11:51.800+0000] {dag.py:2726} INFO - Sync 1 DAGs
[2023-05-18T00:11:51.814+0000] {logging_mixin.py:149} INFO - [2023-05-18T00:11:51.814+0000] {dag.py:3490} INFO - Setting next_dagrun for example_trigger_target_dag to None, run_after=None
[2023-05-18T00:11:51.826+0000] {processor.py:179} INFO - Processing /home/airflow/.local/lib/python3.7/site-packages/airflow/example_dags/example_trigger_target_dag.py took 0.056 seconds
[2023-05-18T00:12:22.474+0000] {processor.py:157} INFO - Started process (PID=3079) to work on /home/airflow/.local/lib/python3.7/site-packages/airflow/example_dags/example_trigger_target_dag.py
[2023-05-18T00:12:22.484+0000] {processor.py:826} INFO - Processing file /home/airflow/.local/lib/python3.7/site-packages/airflow/example_dags/example_trigger_target_dag.py for tasks to queue
[2023-05-18T00:12:22.484+0000] {logging_mixin.py:149} INFO - [2023-05-18T00:12:22.484+0000] {dagbag.py:541} INFO - Filling up the DagBag from /home/airflow/.local/lib/python3.7/site-packages/airflow/example_dags/example_trigger_target_dag.py
[2023-05-18T00:12:22.488+0000] {processor.py:836} INFO - DAG(s) dict_keys(['example_trigger_target_dag']) retrieved from /home/airflow/.local/lib/python3.7/site-packages/airflow/example_dags/example_trigger_target_dag.py
[2023-05-18T00:12:22.501+0000] {logging_mixin.py:149} INFO - [2023-05-18T00:12:22.501+0000] {dag.py:2726} INFO - Sync 1 DAGs
[2023-05-18T00:12:22.515+0000] {logging_mixin.py:149} INFO - [2023-05-18T00:12:22.515+0000] {dag.py:3490} INFO - Setting next_dagrun for example_trigger_target_dag to None, run_after=None
[2023-05-18T00:12:22.528+0000] {processor.py:179} INFO - Processing /home/airflow/.local/lib/python3.7/site-packages/airflow/example_dags/example_trigger_target_dag.py took 0.055 seconds
[2023-05-18T00:12:53.199+0000] {processor.py:157} INFO - Started process (PID=3143) to work on /home/airflow/.local/lib/python3.7/site-packages/airflow/example_dags/example_trigger_target_dag.py
[2023-05-18T00:12:53.207+0000] {processor.py:826} INFO - Processing file /home/airflow/.local/lib/python3.7/site-packages/airflow/example_dags/example_trigger_target_dag.py for tasks to queue
[2023-05-18T00:12:53.207+0000] {logging_mixin.py:149} INFO - [2023-05-18T00:12:53.207+0000] {dagbag.py:541} INFO - Filling up the DagBag from /home/airflow/.local/lib/python3.7/site-packages/airflow/example_dags/example_trigger_target_dag.py
[2023-05-18T00:12:53.211+0000] {processor.py:836} INFO - DAG(s) dict_keys(['example_trigger_target_dag']) retrieved from /home/airflow/.local/lib/python3.7/site-packages/airflow/example_dags/example_trigger_target_dag.py
[2023-05-18T00:12:53.225+0000] {logging_mixin.py:149} INFO - [2023-05-18T00:12:53.225+0000] {dag.py:2726} INFO - Sync 1 DAGs
[2023-05-18T00:12:53.239+0000] {logging_mixin.py:149} INFO - [2023-05-18T00:12:53.239+0000] {dag.py:3490} INFO - Setting next_dagrun for example_trigger_target_dag to None, run_after=None
[2023-05-18T00:12:53.251+0000] {processor.py:179} INFO - Processing /home/airflow/.local/lib/python3.7/site-packages/airflow/example_dags/example_trigger_target_dag.py took 0.055 seconds
[2023-05-18T00:13:23.893+0000] {processor.py:157} INFO - Started process (PID=3207) to work on /home/airflow/.local/lib/python3.7/site-packages/airflow/example_dags/example_trigger_target_dag.py
[2023-05-18T00:13:23.902+0000] {processor.py:826} INFO - Processing file /home/airflow/.local/lib/python3.7/site-packages/airflow/example_dags/example_trigger_target_dag.py for tasks to queue
[2023-05-18T00:13:23.902+0000] {logging_mixin.py:149} INFO - [2023-05-18T00:13:23.902+0000] {dagbag.py:541} INFO - Filling up the DagBag from /home/airflow/.local/lib/python3.7/site-packages/airflow/example_dags/example_trigger_target_dag.py
[2023-05-18T00:13:23.906+0000] {processor.py:836} INFO - DAG(s) dict_keys(['example_trigger_target_dag']) retrieved from /home/airflow/.local/lib/python3.7/site-packages/airflow/example_dags/example_trigger_target_dag.py
[2023-05-18T00:13:23.920+0000] {logging_mixin.py:149} INFO - [2023-05-18T00:13:23.920+0000] {dag.py:2726} INFO - Sync 1 DAGs
[2023-05-18T00:13:23.934+0000] {logging_mixin.py:149} INFO - [2023-05-18T00:13:23.934+0000] {dag.py:3490} INFO - Setting next_dagrun for example_trigger_target_dag to None, run_after=None
[2023-05-18T00:13:23.946+0000] {processor.py:179} INFO - Processing /home/airflow/.local/lib/python3.7/site-packages/airflow/example_dags/example_trigger_target_dag.py took 0.056 seconds
[2023-05-18T00:13:54.440+0000] {processor.py:157} INFO - Started process (PID=3271) to work on /home/airflow/.local/lib/python3.7/site-packages/airflow/example_dags/example_trigger_target_dag.py
[2023-05-18T00:13:54.449+0000] {processor.py:826} INFO - Processing file /home/airflow/.local/lib/python3.7/site-packages/airflow/example_dags/example_trigger_target_dag.py for tasks to queue
[2023-05-18T00:13:54.449+0000] {logging_mixin.py:149} INFO - [2023-05-18T00:13:54.449+0000] {dagbag.py:541} INFO - Filling up the DagBag from /home/airflow/.local/lib/python3.7/site-packages/airflow/example_dags/example_trigger_target_dag.py
[2023-05-18T00:13:54.453+0000] {processor.py:836} INFO - DAG(s) dict_keys(['example_trigger_target_dag']) retrieved from /home/airflow/.local/lib/python3.7/site-packages/airflow/example_dags/example_trigger_target_dag.py
[2023-05-18T00:13:54.467+0000] {logging_mixin.py:149} INFO - [2023-05-18T00:13:54.467+0000] {dag.py:2726} INFO - Sync 1 DAGs
[2023-05-18T00:13:54.481+0000] {logging_mixin.py:149} INFO - [2023-05-18T00:13:54.481+0000] {dag.py:3490} INFO - Setting next_dagrun for example_trigger_target_dag to None, run_after=None
[2023-05-18T00:13:54.493+0000] {processor.py:179} INFO - Processing /home/airflow/.local/lib/python3.7/site-packages/airflow/example_dags/example_trigger_target_dag.py took 0.055 seconds
[2023-05-18T00:14:25.123+0000] {processor.py:157} INFO - Started process (PID=3335) to work on /home/airflow/.local/lib/python3.7/site-packages/airflow/example_dags/example_trigger_target_dag.py
[2023-05-18T00:14:25.135+0000] {processor.py:826} INFO - Processing file /home/airflow/.local/lib/python3.7/site-packages/airflow/example_dags/example_trigger_target_dag.py for tasks to queue
[2023-05-18T00:14:25.136+0000] {logging_mixin.py:149} INFO - [2023-05-18T00:14:25.135+0000] {dagbag.py:541} INFO - Filling up the DagBag from /home/airflow/.local/lib/python3.7/site-packages/airflow/example_dags/example_trigger_target_dag.py
[2023-05-18T00:14:25.139+0000] {processor.py:836} INFO - DAG(s) dict_keys(['example_trigger_target_dag']) retrieved from /home/airflow/.local/lib/python3.7/site-packages/airflow/example_dags/example_trigger_target_dag.py
[2023-05-18T00:14:25.155+0000] {logging_mixin.py:149} INFO - [2023-05-18T00:14:25.155+0000] {dag.py:2726} INFO - Sync 1 DAGs
[2023-05-18T00:14:25.170+0000] {logging_mixin.py:149} INFO - [2023-05-18T00:14:25.170+0000] {dag.py:3490} INFO - Setting next_dagrun for example_trigger_target_dag to None, run_after=None
[2023-05-18T00:14:25.183+0000] {processor.py:179} INFO - Processing /home/airflow/.local/lib/python3.7/site-packages/airflow/example_dags/example_trigger_target_dag.py took 0.062 seconds
[2023-05-18T00:14:55.763+0000] {processor.py:157} INFO - Started process (PID=3399) to work on /home/airflow/.local/lib/python3.7/site-packages/airflow/example_dags/example_trigger_target_dag.py
[2023-05-18T00:14:55.763+0000] {processor.py:826} INFO - Processing file /home/airflow/.local/lib/python3.7/site-packages/airflow/example_dags/example_trigger_target_dag.py for tasks to queue
[2023-05-18T00:14:55.764+0000] {logging_mixin.py:149} INFO - [2023-05-18T00:14:55.764+0000] {dagbag.py:541} INFO - Filling up the DagBag from /home/airflow/.local/lib/python3.7/site-packages/airflow/example_dags/example_trigger_target_dag.py
[2023-05-18T00:14:55.767+0000] {processor.py:836} INFO - DAG(s) dict_keys(['example_trigger_target_dag']) retrieved from /home/airflow/.local/lib/python3.7/site-packages/airflow/example_dags/example_trigger_target_dag.py
[2023-05-18T00:14:55.782+0000] {logging_mixin.py:149} INFO - [2023-05-18T00:14:55.781+0000] {dag.py:2726} INFO - Sync 1 DAGs
[2023-05-18T00:14:55.796+0000] {logging_mixin.py:149} INFO - [2023-05-18T00:14:55.796+0000] {dag.py:3490} INFO - Setting next_dagrun for example_trigger_target_dag to None, run_after=None
[2023-05-18T00:14:55.808+0000] {processor.py:179} INFO - Processing /home/airflow/.local/lib/python3.7/site-packages/airflow/example_dags/example_trigger_target_dag.py took 0.047 seconds
[2023-05-18T00:15:26.430+0000] {processor.py:157} INFO - Started process (PID=3463) to work on /home/airflow/.local/lib/python3.7/site-packages/airflow/example_dags/example_trigger_target_dag.py
[2023-05-18T00:15:26.431+0000] {processor.py:826} INFO - Processing file /home/airflow/.local/lib/python3.7/site-packages/airflow/example_dags/example_trigger_target_dag.py for tasks to queue
[2023-05-18T00:15:26.431+0000] {logging_mixin.py:149} INFO - [2023-05-18T00:15:26.431+0000] {dagbag.py:541} INFO - Filling up the DagBag from /home/airflow/.local/lib/python3.7/site-packages/airflow/example_dags/example_trigger_target_dag.py
[2023-05-18T00:15:26.434+0000] {processor.py:836} INFO - DAG(s) dict_keys(['example_trigger_target_dag']) retrieved from /home/airflow/.local/lib/python3.7/site-packages/airflow/example_dags/example_trigger_target_dag.py
[2023-05-18T00:15:26.448+0000] {logging_mixin.py:149} INFO - [2023-05-18T00:15:26.448+0000] {dag.py:2726} INFO - Sync 1 DAGs
[2023-05-18T00:15:26.462+0000] {logging_mixin.py:149} INFO - [2023-05-18T00:15:26.462+0000] {dag.py:3490} INFO - Setting next_dagrun for example_trigger_target_dag to None, run_after=None
[2023-05-18T00:15:26.473+0000] {processor.py:179} INFO - Processing /home/airflow/.local/lib/python3.7/site-packages/airflow/example_dags/example_trigger_target_dag.py took 0.045 seconds
[2023-05-18T00:15:57.032+0000] {processor.py:157} INFO - Started process (PID=3527) to work on /home/airflow/.local/lib/python3.7/site-packages/airflow/example_dags/example_trigger_target_dag.py
[2023-05-18T00:15:57.041+0000] {processor.py:826} INFO - Processing file /home/airflow/.local/lib/python3.7/site-packages/airflow/example_dags/example_trigger_target_dag.py for tasks to queue
[2023-05-18T00:15:57.041+0000] {logging_mixin.py:149} INFO - [2023-05-18T00:15:57.041+0000] {dagbag.py:541} INFO - Filling up the DagBag from /home/airflow/.local/lib/python3.7/site-packages/airflow/example_dags/example_trigger_target_dag.py
[2023-05-18T00:15:57.045+0000] {processor.py:836} INFO - DAG(s) dict_keys(['example_trigger_target_dag']) retrieved from /home/airflow/.local/lib/python3.7/site-packages/airflow/example_dags/example_trigger_target_dag.py
[2023-05-18T00:15:57.060+0000] {logging_mixin.py:149} INFO - [2023-05-18T00:15:57.059+0000] {dag.py:2726} INFO - Sync 1 DAGs
[2023-05-18T00:15:57.074+0000] {logging_mixin.py:149} INFO - [2023-05-18T00:15:57.074+0000] {dag.py:3490} INFO - Setting next_dagrun for example_trigger_target_dag to None, run_after=None
[2023-05-18T00:15:57.089+0000] {processor.py:179} INFO - Processing /home/airflow/.local/lib/python3.7/site-packages/airflow/example_dags/example_trigger_target_dag.py took 0.059 seconds
[2023-05-18T00:16:27.688+0000] {processor.py:157} INFO - Started process (PID=3591) to work on /home/airflow/.local/lib/python3.7/site-packages/airflow/example_dags/example_trigger_target_dag.py
[2023-05-18T00:16:27.689+0000] {processor.py:826} INFO - Processing file /home/airflow/.local/lib/python3.7/site-packages/airflow/example_dags/example_trigger_target_dag.py for tasks to queue
[2023-05-18T00:16:27.689+0000] {logging_mixin.py:149} INFO - [2023-05-18T00:16:27.689+0000] {dagbag.py:541} INFO - Filling up the DagBag from /home/airflow/.local/lib/python3.7/site-packages/airflow/example_dags/example_trigger_target_dag.py
[2023-05-18T00:16:27.692+0000] {processor.py:836} INFO - DAG(s) dict_keys(['example_trigger_target_dag']) retrieved from /home/airflow/.local/lib/python3.7/site-packages/airflow/example_dags/example_trigger_target_dag.py
[2023-05-18T00:16:27.707+0000] {logging_mixin.py:149} INFO - [2023-05-18T00:16:27.706+0000] {dag.py:2726} INFO - Sync 1 DAGs
[2023-05-18T00:16:27.721+0000] {logging_mixin.py:149} INFO - [2023-05-18T00:16:27.721+0000] {dag.py:3490} INFO - Setting next_dagrun for example_trigger_target_dag to None, run_after=None
[2023-05-18T00:16:27.733+0000] {processor.py:179} INFO - Processing /home/airflow/.local/lib/python3.7/site-packages/airflow/example_dags/example_trigger_target_dag.py took 0.047 seconds
[2023-05-18T00:16:58.320+0000] {processor.py:157} INFO - Started process (PID=3655) to work on /home/airflow/.local/lib/python3.7/site-packages/airflow/example_dags/example_trigger_target_dag.py
[2023-05-18T00:16:58.329+0000] {processor.py:826} INFO - Processing file /home/airflow/.local/lib/python3.7/site-packages/airflow/example_dags/example_trigger_target_dag.py for tasks to queue
[2023-05-18T00:16:58.330+0000] {logging_mixin.py:149} INFO - [2023-05-18T00:16:58.330+0000] {dagbag.py:541} INFO - Filling up the DagBag from /home/airflow/.local/lib/python3.7/site-packages/airflow/example_dags/example_trigger_target_dag.py
[2023-05-18T00:16:58.334+0000] {processor.py:836} INFO - DAG(s) dict_keys(['example_trigger_target_dag']) retrieved from /home/airflow/.local/lib/python3.7/site-packages/airflow/example_dags/example_trigger_target_dag.py
[2023-05-18T00:16:58.349+0000] {logging_mixin.py:149} INFO - [2023-05-18T00:16:58.349+0000] {dag.py:2726} INFO - Sync 1 DAGs
[2023-05-18T00:16:58.363+0000] {logging_mixin.py:149} INFO - [2023-05-18T00:16:58.363+0000] {dag.py:3490} INFO - Setting next_dagrun for example_trigger_target_dag to None, run_after=None
[2023-05-18T00:16:58.375+0000] {processor.py:179} INFO - Processing /home/airflow/.local/lib/python3.7/site-packages/airflow/example_dags/example_trigger_target_dag.py took 0.057 seconds
