[2023-05-18T00:00:06.641+0000] {processor.py:157} INFO - Started process (PID=1534) to work on /home/airflow/.local/lib/python3.7/site-packages/airflow/example_dags/example_task_group_decorator.py
[2023-05-18T00:00:06.641+0000] {processor.py:826} INFO - Processing file /home/airflow/.local/lib/python3.7/site-packages/airflow/example_dags/example_task_group_decorator.py for tasks to queue
[2023-05-18T00:00:06.642+0000] {logging_mixin.py:149} INFO - [2023-05-18T00:00:06.642+0000] {dagbag.py:541} INFO - Filling up the DagBag from /home/airflow/.local/lib/python3.7/site-packages/airflow/example_dags/example_task_group_decorator.py
[2023-05-18T00:00:06.650+0000] {processor.py:836} INFO - DAG(s) dict_keys(['example_task_group_decorator']) retrieved from /home/airflow/.local/lib/python3.7/site-packages/airflow/example_dags/example_task_group_decorator.py
[2023-05-18T00:00:06.665+0000] {logging_mixin.py:149} INFO - [2023-05-18T00:00:06.665+0000] {dag.py:2726} INFO - Sync 1 DAGs
[2023-05-18T00:00:06.680+0000] {logging_mixin.py:149} INFO - [2023-05-18T00:00:06.680+0000] {dag.py:3490} INFO - Setting next_dagrun for example_task_group_decorator to 2023-05-17T00:00:06.680262+00:00, run_after=2023-05-18T00:00:06.680262+00:00
[2023-05-18T00:00:06.692+0000] {processor.py:179} INFO - Processing /home/airflow/.local/lib/python3.7/site-packages/airflow/example_dags/example_task_group_decorator.py took 0.053 seconds
[2023-05-18T00:00:37.300+0000] {processor.py:157} INFO - Started process (PID=1598) to work on /home/airflow/.local/lib/python3.7/site-packages/airflow/example_dags/example_task_group_decorator.py
[2023-05-18T00:00:37.301+0000] {processor.py:826} INFO - Processing file /home/airflow/.local/lib/python3.7/site-packages/airflow/example_dags/example_task_group_decorator.py for tasks to queue
[2023-05-18T00:00:37.301+0000] {logging_mixin.py:149} INFO - [2023-05-18T00:00:37.301+0000] {dagbag.py:541} INFO - Filling up the DagBag from /home/airflow/.local/lib/python3.7/site-packages/airflow/example_dags/example_task_group_decorator.py
[2023-05-18T00:00:37.308+0000] {processor.py:836} INFO - DAG(s) dict_keys(['example_task_group_decorator']) retrieved from /home/airflow/.local/lib/python3.7/site-packages/airflow/example_dags/example_task_group_decorator.py
[2023-05-18T00:00:37.323+0000] {logging_mixin.py:149} INFO - [2023-05-18T00:00:37.323+0000] {dag.py:2726} INFO - Sync 1 DAGs
[2023-05-18T00:00:37.342+0000] {logging_mixin.py:149} INFO - [2023-05-18T00:00:37.342+0000] {dag.py:3490} INFO - Setting next_dagrun for example_task_group_decorator to 2023-05-17T00:00:37.342361+00:00, run_after=2023-05-18T00:00:37.342361+00:00
[2023-05-18T00:00:37.364+0000] {processor.py:179} INFO - Processing /home/airflow/.local/lib/python3.7/site-packages/airflow/example_dags/example_task_group_decorator.py took 0.065 seconds
[2023-05-18T00:01:07.845+0000] {processor.py:157} INFO - Started process (PID=1662) to work on /home/airflow/.local/lib/python3.7/site-packages/airflow/example_dags/example_task_group_decorator.py
[2023-05-18T00:01:07.845+0000] {processor.py:826} INFO - Processing file /home/airflow/.local/lib/python3.7/site-packages/airflow/example_dags/example_task_group_decorator.py for tasks to queue
[2023-05-18T00:01:07.846+0000] {logging_mixin.py:149} INFO - [2023-05-18T00:01:07.846+0000] {dagbag.py:541} INFO - Filling up the DagBag from /home/airflow/.local/lib/python3.7/site-packages/airflow/example_dags/example_task_group_decorator.py
[2023-05-18T00:01:07.853+0000] {processor.py:836} INFO - DAG(s) dict_keys(['example_task_group_decorator']) retrieved from /home/airflow/.local/lib/python3.7/site-packages/airflow/example_dags/example_task_group_decorator.py
[2023-05-18T00:01:07.870+0000] {logging_mixin.py:149} INFO - [2023-05-18T00:01:07.870+0000] {dag.py:2726} INFO - Sync 1 DAGs
[2023-05-18T00:01:07.888+0000] {logging_mixin.py:149} INFO - [2023-05-18T00:01:07.888+0000] {dag.py:3490} INFO - Setting next_dagrun for example_task_group_decorator to 2023-05-17T00:01:07.888191+00:00, run_after=2023-05-18T00:01:07.888191+00:00
[2023-05-18T00:01:07.901+0000] {processor.py:179} INFO - Processing /home/airflow/.local/lib/python3.7/site-packages/airflow/example_dags/example_task_group_decorator.py took 0.058 seconds
[2023-05-18T00:01:38.406+0000] {processor.py:157} INFO - Started process (PID=1726) to work on /home/airflow/.local/lib/python3.7/site-packages/airflow/example_dags/example_task_group_decorator.py
[2023-05-18T00:01:38.407+0000] {processor.py:826} INFO - Processing file /home/airflow/.local/lib/python3.7/site-packages/airflow/example_dags/example_task_group_decorator.py for tasks to queue
[2023-05-18T00:01:38.407+0000] {logging_mixin.py:149} INFO - [2023-05-18T00:01:38.407+0000] {dagbag.py:541} INFO - Filling up the DagBag from /home/airflow/.local/lib/python3.7/site-packages/airflow/example_dags/example_task_group_decorator.py
[2023-05-18T00:01:38.415+0000] {processor.py:836} INFO - DAG(s) dict_keys(['example_task_group_decorator']) retrieved from /home/airflow/.local/lib/python3.7/site-packages/airflow/example_dags/example_task_group_decorator.py
[2023-05-18T00:01:38.430+0000] {logging_mixin.py:149} INFO - [2023-05-18T00:01:38.430+0000] {dag.py:2726} INFO - Sync 1 DAGs
[2023-05-18T00:01:38.444+0000] {logging_mixin.py:149} INFO - [2023-05-18T00:01:38.443+0000] {dag.py:3490} INFO - Setting next_dagrun for example_task_group_decorator to 2023-05-17T00:01:38.443780+00:00, run_after=2023-05-18T00:01:38.443780+00:00
[2023-05-18T00:01:38.471+0000] {processor.py:179} INFO - Processing /home/airflow/.local/lib/python3.7/site-packages/airflow/example_dags/example_task_group_decorator.py took 0.067 seconds
[2023-05-18T00:02:09.016+0000] {processor.py:157} INFO - Started process (PID=1790) to work on /home/airflow/.local/lib/python3.7/site-packages/airflow/example_dags/example_task_group_decorator.py
[2023-05-18T00:02:09.023+0000] {processor.py:826} INFO - Processing file /home/airflow/.local/lib/python3.7/site-packages/airflow/example_dags/example_task_group_decorator.py for tasks to queue
[2023-05-18T00:02:09.023+0000] {logging_mixin.py:149} INFO - [2023-05-18T00:02:09.023+0000] {dagbag.py:541} INFO - Filling up the DagBag from /home/airflow/.local/lib/python3.7/site-packages/airflow/example_dags/example_task_group_decorator.py
[2023-05-18T00:02:09.030+0000] {processor.py:836} INFO - DAG(s) dict_keys(['example_task_group_decorator']) retrieved from /home/airflow/.local/lib/python3.7/site-packages/airflow/example_dags/example_task_group_decorator.py
[2023-05-18T00:02:09.045+0000] {logging_mixin.py:149} INFO - [2023-05-18T00:02:09.045+0000] {dag.py:2726} INFO - Sync 1 DAGs
[2023-05-18T00:02:09.059+0000] {logging_mixin.py:149} INFO - [2023-05-18T00:02:09.059+0000] {dag.py:3490} INFO - Setting next_dagrun for example_task_group_decorator to 2023-05-17T00:02:09.059230+00:00, run_after=2023-05-18T00:02:09.059230+00:00
[2023-05-18T00:02:09.075+0000] {processor.py:179} INFO - Processing /home/airflow/.local/lib/python3.7/site-packages/airflow/example_dags/example_task_group_decorator.py took 0.061 seconds
[2023-05-18T00:02:39.727+0000] {processor.py:157} INFO - Started process (PID=1854) to work on /home/airflow/.local/lib/python3.7/site-packages/airflow/example_dags/example_task_group_decorator.py
[2023-05-18T00:02:39.728+0000] {processor.py:826} INFO - Processing file /home/airflow/.local/lib/python3.7/site-packages/airflow/example_dags/example_task_group_decorator.py for tasks to queue
[2023-05-18T00:02:39.729+0000] {logging_mixin.py:149} INFO - [2023-05-18T00:02:39.729+0000] {dagbag.py:541} INFO - Filling up the DagBag from /home/airflow/.local/lib/python3.7/site-packages/airflow/example_dags/example_task_group_decorator.py
[2023-05-18T00:02:39.737+0000] {processor.py:836} INFO - DAG(s) dict_keys(['example_task_group_decorator']) retrieved from /home/airflow/.local/lib/python3.7/site-packages/airflow/example_dags/example_task_group_decorator.py
[2023-05-18T00:02:39.754+0000] {logging_mixin.py:149} INFO - [2023-05-18T00:02:39.753+0000] {dag.py:2726} INFO - Sync 1 DAGs
[2023-05-18T00:02:39.769+0000] {logging_mixin.py:149} INFO - [2023-05-18T00:02:39.769+0000] {dag.py:3490} INFO - Setting next_dagrun for example_task_group_decorator to 2023-05-17T00:02:39.769040+00:00, run_after=2023-05-18T00:02:39.769040+00:00
[2023-05-18T00:02:39.796+0000] {processor.py:179} INFO - Processing /home/airflow/.local/lib/python3.7/site-packages/airflow/example_dags/example_task_group_decorator.py took 0.070 seconds
[2023-05-18T00:03:10.417+0000] {processor.py:157} INFO - Started process (PID=1918) to work on /home/airflow/.local/lib/python3.7/site-packages/airflow/example_dags/example_task_group_decorator.py
[2023-05-18T00:03:10.418+0000] {processor.py:826} INFO - Processing file /home/airflow/.local/lib/python3.7/site-packages/airflow/example_dags/example_task_group_decorator.py for tasks to queue
[2023-05-18T00:03:10.418+0000] {logging_mixin.py:149} INFO - [2023-05-18T00:03:10.418+0000] {dagbag.py:541} INFO - Filling up the DagBag from /home/airflow/.local/lib/python3.7/site-packages/airflow/example_dags/example_task_group_decorator.py
[2023-05-18T00:03:10.426+0000] {processor.py:836} INFO - DAG(s) dict_keys(['example_task_group_decorator']) retrieved from /home/airflow/.local/lib/python3.7/site-packages/airflow/example_dags/example_task_group_decorator.py
[2023-05-18T00:03:10.442+0000] {logging_mixin.py:149} INFO - [2023-05-18T00:03:10.442+0000] {dag.py:2726} INFO - Sync 1 DAGs
[2023-05-18T00:03:10.458+0000] {logging_mixin.py:149} INFO - [2023-05-18T00:03:10.458+0000] {dag.py:3490} INFO - Setting next_dagrun for example_task_group_decorator to 2023-05-17T00:03:10.458406+00:00, run_after=2023-05-18T00:03:10.458406+00:00
[2023-05-18T00:03:10.471+0000] {processor.py:179} INFO - Processing /home/airflow/.local/lib/python3.7/site-packages/airflow/example_dags/example_task_group_decorator.py took 0.056 seconds
[2023-05-18T00:03:41.027+0000] {processor.py:157} INFO - Started process (PID=1982) to work on /home/airflow/.local/lib/python3.7/site-packages/airflow/example_dags/example_task_group_decorator.py
[2023-05-18T00:03:41.035+0000] {processor.py:826} INFO - Processing file /home/airflow/.local/lib/python3.7/site-packages/airflow/example_dags/example_task_group_decorator.py for tasks to queue
[2023-05-18T00:03:41.035+0000] {logging_mixin.py:149} INFO - [2023-05-18T00:03:41.035+0000] {dagbag.py:541} INFO - Filling up the DagBag from /home/airflow/.local/lib/python3.7/site-packages/airflow/example_dags/example_task_group_decorator.py
[2023-05-18T00:03:41.043+0000] {processor.py:836} INFO - DAG(s) dict_keys(['example_task_group_decorator']) retrieved from /home/airflow/.local/lib/python3.7/site-packages/airflow/example_dags/example_task_group_decorator.py
[2023-05-18T00:03:41.058+0000] {logging_mixin.py:149} INFO - [2023-05-18T00:03:41.058+0000] {dag.py:2726} INFO - Sync 1 DAGs
[2023-05-18T00:03:41.071+0000] {logging_mixin.py:149} INFO - [2023-05-18T00:03:41.071+0000] {dag.py:3490} INFO - Setting next_dagrun for example_task_group_decorator to 2023-05-17T00:03:41.071579+00:00, run_after=2023-05-18T00:03:41.071579+00:00
[2023-05-18T00:03:41.082+0000] {processor.py:179} INFO - Processing /home/airflow/.local/lib/python3.7/site-packages/airflow/example_dags/example_task_group_decorator.py took 0.058 seconds
[2023-05-18T00:04:11.630+0000] {processor.py:157} INFO - Started process (PID=2046) to work on /home/airflow/.local/lib/python3.7/site-packages/airflow/example_dags/example_task_group_decorator.py
[2023-05-18T00:04:11.631+0000] {processor.py:826} INFO - Processing file /home/airflow/.local/lib/python3.7/site-packages/airflow/example_dags/example_task_group_decorator.py for tasks to queue
[2023-05-18T00:04:11.631+0000] {logging_mixin.py:149} INFO - [2023-05-18T00:04:11.631+0000] {dagbag.py:541} INFO - Filling up the DagBag from /home/airflow/.local/lib/python3.7/site-packages/airflow/example_dags/example_task_group_decorator.py
[2023-05-18T00:04:11.639+0000] {processor.py:836} INFO - DAG(s) dict_keys(['example_task_group_decorator']) retrieved from /home/airflow/.local/lib/python3.7/site-packages/airflow/example_dags/example_task_group_decorator.py
[2023-05-18T00:04:11.656+0000] {logging_mixin.py:149} INFO - [2023-05-18T00:04:11.656+0000] {dag.py:2726} INFO - Sync 1 DAGs
[2023-05-18T00:04:11.672+0000] {logging_mixin.py:149} INFO - [2023-05-18T00:04:11.672+0000] {dag.py:3490} INFO - Setting next_dagrun for example_task_group_decorator to 2023-05-17T00:04:11.672714+00:00, run_after=2023-05-18T00:04:11.672714+00:00
[2023-05-18T00:04:11.698+0000] {processor.py:179} INFO - Processing /home/airflow/.local/lib/python3.7/site-packages/airflow/example_dags/example_task_group_decorator.py took 0.070 seconds
[2023-05-18T00:04:42.274+0000] {processor.py:157} INFO - Started process (PID=2110) to work on /home/airflow/.local/lib/python3.7/site-packages/airflow/example_dags/example_task_group_decorator.py
[2023-05-18T00:04:42.275+0000] {processor.py:826} INFO - Processing file /home/airflow/.local/lib/python3.7/site-packages/airflow/example_dags/example_task_group_decorator.py for tasks to queue
[2023-05-18T00:04:42.276+0000] {logging_mixin.py:149} INFO - [2023-05-18T00:04:42.276+0000] {dagbag.py:541} INFO - Filling up the DagBag from /home/airflow/.local/lib/python3.7/site-packages/airflow/example_dags/example_task_group_decorator.py
[2023-05-18T00:04:42.284+0000] {processor.py:836} INFO - DAG(s) dict_keys(['example_task_group_decorator']) retrieved from /home/airflow/.local/lib/python3.7/site-packages/airflow/example_dags/example_task_group_decorator.py
[2023-05-18T00:04:42.299+0000] {logging_mixin.py:149} INFO - [2023-05-18T00:04:42.299+0000] {dag.py:2726} INFO - Sync 1 DAGs
[2023-05-18T00:04:42.314+0000] {logging_mixin.py:149} INFO - [2023-05-18T00:04:42.313+0000] {dag.py:3490} INFO - Setting next_dagrun for example_task_group_decorator to 2023-05-17T00:04:42.313814+00:00, run_after=2023-05-18T00:04:42.313814+00:00
[2023-05-18T00:04:42.342+0000] {processor.py:179} INFO - Processing /home/airflow/.local/lib/python3.7/site-packages/airflow/example_dags/example_task_group_decorator.py took 0.069 seconds
[2023-05-18T00:05:12.958+0000] {processor.py:157} INFO - Started process (PID=2174) to work on /home/airflow/.local/lib/python3.7/site-packages/airflow/example_dags/example_task_group_decorator.py
[2023-05-18T00:05:12.959+0000] {processor.py:826} INFO - Processing file /home/airflow/.local/lib/python3.7/site-packages/airflow/example_dags/example_task_group_decorator.py for tasks to queue
[2023-05-18T00:05:12.960+0000] {logging_mixin.py:149} INFO - [2023-05-18T00:05:12.960+0000] {dagbag.py:541} INFO - Filling up the DagBag from /home/airflow/.local/lib/python3.7/site-packages/airflow/example_dags/example_task_group_decorator.py
[2023-05-18T00:05:12.968+0000] {processor.py:836} INFO - DAG(s) dict_keys(['example_task_group_decorator']) retrieved from /home/airflow/.local/lib/python3.7/site-packages/airflow/example_dags/example_task_group_decorator.py
[2023-05-18T00:05:12.984+0000] {logging_mixin.py:149} INFO - [2023-05-18T00:05:12.984+0000] {dag.py:2726} INFO - Sync 1 DAGs
[2023-05-18T00:05:12.999+0000] {logging_mixin.py:149} INFO - [2023-05-18T00:05:12.999+0000] {dag.py:3490} INFO - Setting next_dagrun for example_task_group_decorator to 2023-05-17T00:05:12.999096+00:00, run_after=2023-05-18T00:05:12.999096+00:00
[2023-05-18T00:05:13.013+0000] {processor.py:179} INFO - Processing /home/airflow/.local/lib/python3.7/site-packages/airflow/example_dags/example_task_group_decorator.py took 0.057 seconds
[2023-05-18T00:05:43.717+0000] {processor.py:157} INFO - Started process (PID=2238) to work on /home/airflow/.local/lib/python3.7/site-packages/airflow/example_dags/example_task_group_decorator.py
[2023-05-18T00:05:43.718+0000] {processor.py:826} INFO - Processing file /home/airflow/.local/lib/python3.7/site-packages/airflow/example_dags/example_task_group_decorator.py for tasks to queue
[2023-05-18T00:05:43.718+0000] {logging_mixin.py:149} INFO - [2023-05-18T00:05:43.718+0000] {dagbag.py:541} INFO - Filling up the DagBag from /home/airflow/.local/lib/python3.7/site-packages/airflow/example_dags/example_task_group_decorator.py
[2023-05-18T00:05:43.726+0000] {processor.py:836} INFO - DAG(s) dict_keys(['example_task_group_decorator']) retrieved from /home/airflow/.local/lib/python3.7/site-packages/airflow/example_dags/example_task_group_decorator.py
[2023-05-18T00:05:43.745+0000] {logging_mixin.py:149} INFO - [2023-05-18T00:05:43.745+0000] {dag.py:2726} INFO - Sync 1 DAGs
[2023-05-18T00:05:43.760+0000] {logging_mixin.py:149} INFO - [2023-05-18T00:05:43.760+0000] {dag.py:3490} INFO - Setting next_dagrun for example_task_group_decorator to 2023-05-17T00:05:43.759832+00:00, run_after=2023-05-18T00:05:43.759832+00:00
[2023-05-18T00:05:43.787+0000] {processor.py:179} INFO - Processing /home/airflow/.local/lib/python3.7/site-packages/airflow/example_dags/example_task_group_decorator.py took 0.072 seconds
[2023-05-18T00:06:13.918+0000] {processor.py:157} INFO - Started process (PID=2302) to work on /home/airflow/.local/lib/python3.7/site-packages/airflow/example_dags/example_task_group_decorator.py
[2023-05-18T00:06:13.918+0000] {processor.py:826} INFO - Processing file /home/airflow/.local/lib/python3.7/site-packages/airflow/example_dags/example_task_group_decorator.py for tasks to queue
[2023-05-18T00:06:13.919+0000] {logging_mixin.py:149} INFO - [2023-05-18T00:06:13.919+0000] {dagbag.py:541} INFO - Filling up the DagBag from /home/airflow/.local/lib/python3.7/site-packages/airflow/example_dags/example_task_group_decorator.py
[2023-05-18T00:06:13.926+0000] {processor.py:836} INFO - DAG(s) dict_keys(['example_task_group_decorator']) retrieved from /home/airflow/.local/lib/python3.7/site-packages/airflow/example_dags/example_task_group_decorator.py
[2023-05-18T00:06:13.943+0000] {logging_mixin.py:149} INFO - [2023-05-18T00:06:13.942+0000] {dag.py:2726} INFO - Sync 1 DAGs
[2023-05-18T00:06:13.958+0000] {logging_mixin.py:149} INFO - [2023-05-18T00:06:13.958+0000] {dag.py:3490} INFO - Setting next_dagrun for example_task_group_decorator to 2023-05-17T00:06:13.958192+00:00, run_after=2023-05-18T00:06:13.958192+00:00
[2023-05-18T00:06:13.988+0000] {processor.py:179} INFO - Processing /home/airflow/.local/lib/python3.7/site-packages/airflow/example_dags/example_task_group_decorator.py took 0.072 seconds
[2023-05-18T00:06:44.111+0000] {processor.py:157} INFO - Started process (PID=2366) to work on /home/airflow/.local/lib/python3.7/site-packages/airflow/example_dags/example_task_group_decorator.py
[2023-05-18T00:06:44.112+0000] {processor.py:826} INFO - Processing file /home/airflow/.local/lib/python3.7/site-packages/airflow/example_dags/example_task_group_decorator.py for tasks to queue
[2023-05-18T00:06:44.113+0000] {logging_mixin.py:149} INFO - [2023-05-18T00:06:44.112+0000] {dagbag.py:541} INFO - Filling up the DagBag from /home/airflow/.local/lib/python3.7/site-packages/airflow/example_dags/example_task_group_decorator.py
[2023-05-18T00:06:44.120+0000] {processor.py:836} INFO - DAG(s) dict_keys(['example_task_group_decorator']) retrieved from /home/airflow/.local/lib/python3.7/site-packages/airflow/example_dags/example_task_group_decorator.py
[2023-05-18T00:06:44.136+0000] {logging_mixin.py:149} INFO - [2023-05-18T00:06:44.136+0000] {dag.py:2726} INFO - Sync 1 DAGs
[2023-05-18T00:06:44.151+0000] {logging_mixin.py:149} INFO - [2023-05-18T00:06:44.150+0000] {dag.py:3490} INFO - Setting next_dagrun for example_task_group_decorator to 2023-05-17T00:06:44.150793+00:00, run_after=2023-05-18T00:06:44.150793+00:00
[2023-05-18T00:06:44.163+0000] {processor.py:179} INFO - Processing /home/airflow/.local/lib/python3.7/site-packages/airflow/example_dags/example_task_group_decorator.py took 0.053 seconds
[2023-05-18T00:07:15.049+0000] {processor.py:157} INFO - Started process (PID=2430) to work on /home/airflow/.local/lib/python3.7/site-packages/airflow/example_dags/example_task_group_decorator.py
[2023-05-18T00:07:15.049+0000] {processor.py:826} INFO - Processing file /home/airflow/.local/lib/python3.7/site-packages/airflow/example_dags/example_task_group_decorator.py for tasks to queue
[2023-05-18T00:07:15.050+0000] {logging_mixin.py:149} INFO - [2023-05-18T00:07:15.050+0000] {dagbag.py:541} INFO - Filling up the DagBag from /home/airflow/.local/lib/python3.7/site-packages/airflow/example_dags/example_task_group_decorator.py
[2023-05-18T00:07:15.057+0000] {processor.py:836} INFO - DAG(s) dict_keys(['example_task_group_decorator']) retrieved from /home/airflow/.local/lib/python3.7/site-packages/airflow/example_dags/example_task_group_decorator.py
[2023-05-18T00:07:15.084+0000] {logging_mixin.py:149} INFO - [2023-05-18T00:07:15.084+0000] {dag.py:2726} INFO - Sync 1 DAGs
[2023-05-18T00:07:15.098+0000] {logging_mixin.py:149} INFO - [2023-05-18T00:07:15.098+0000] {dag.py:3490} INFO - Setting next_dagrun for example_task_group_decorator to 2023-05-17T00:07:15.098339+00:00, run_after=2023-05-18T00:07:15.098339+00:00
[2023-05-18T00:07:15.111+0000] {processor.py:179} INFO - Processing /home/airflow/.local/lib/python3.7/site-packages/airflow/example_dags/example_task_group_decorator.py took 0.064 seconds
[2023-05-18T00:07:45.819+0000] {processor.py:157} INFO - Started process (PID=2493) to work on /home/airflow/.local/lib/python3.7/site-packages/airflow/example_dags/example_task_group_decorator.py
[2023-05-18T00:07:45.820+0000] {processor.py:826} INFO - Processing file /home/airflow/.local/lib/python3.7/site-packages/airflow/example_dags/example_task_group_decorator.py for tasks to queue
[2023-05-18T00:07:45.820+0000] {logging_mixin.py:149} INFO - [2023-05-18T00:07:45.820+0000] {dagbag.py:541} INFO - Filling up the DagBag from /home/airflow/.local/lib/python3.7/site-packages/airflow/example_dags/example_task_group_decorator.py
[2023-05-18T00:07:45.828+0000] {processor.py:836} INFO - DAG(s) dict_keys(['example_task_group_decorator']) retrieved from /home/airflow/.local/lib/python3.7/site-packages/airflow/example_dags/example_task_group_decorator.py
[2023-05-18T00:07:45.847+0000] {logging_mixin.py:149} INFO - [2023-05-18T00:07:45.847+0000] {dag.py:2726} INFO - Sync 1 DAGs
[2023-05-18T00:07:45.864+0000] {logging_mixin.py:149} INFO - [2023-05-18T00:07:45.864+0000] {dag.py:3490} INFO - Setting next_dagrun for example_task_group_decorator to 2023-05-17T00:07:45.864676+00:00, run_after=2023-05-18T00:07:45.864676+00:00
[2023-05-18T00:07:45.879+0000] {processor.py:179} INFO - Processing /home/airflow/.local/lib/python3.7/site-packages/airflow/example_dags/example_task_group_decorator.py took 0.062 seconds
[2023-05-18T00:08:16.657+0000] {processor.py:157} INFO - Started process (PID=2557) to work on /home/airflow/.local/lib/python3.7/site-packages/airflow/example_dags/example_task_group_decorator.py
[2023-05-18T00:08:16.657+0000] {processor.py:826} INFO - Processing file /home/airflow/.local/lib/python3.7/site-packages/airflow/example_dags/example_task_group_decorator.py for tasks to queue
[2023-05-18T00:08:16.658+0000] {logging_mixin.py:149} INFO - [2023-05-18T00:08:16.658+0000] {dagbag.py:541} INFO - Filling up the DagBag from /home/airflow/.local/lib/python3.7/site-packages/airflow/example_dags/example_task_group_decorator.py
[2023-05-18T00:08:16.666+0000] {processor.py:836} INFO - DAG(s) dict_keys(['example_task_group_decorator']) retrieved from /home/airflow/.local/lib/python3.7/site-packages/airflow/example_dags/example_task_group_decorator.py
[2023-05-18T00:08:16.682+0000] {logging_mixin.py:149} INFO - [2023-05-18T00:08:16.682+0000] {dag.py:2726} INFO - Sync 1 DAGs
[2023-05-18T00:08:16.698+0000] {logging_mixin.py:149} INFO - [2023-05-18T00:08:16.698+0000] {dag.py:3490} INFO - Setting next_dagrun for example_task_group_decorator to 2023-05-17T00:08:16.698467+00:00, run_after=2023-05-18T00:08:16.698467+00:00
[2023-05-18T00:08:16.726+0000] {processor.py:179} INFO - Processing /home/airflow/.local/lib/python3.7/site-packages/airflow/example_dags/example_task_group_decorator.py took 0.071 seconds
[2023-05-18T00:08:47.339+0000] {processor.py:157} INFO - Started process (PID=2621) to work on /home/airflow/.local/lib/python3.7/site-packages/airflow/example_dags/example_task_group_decorator.py
[2023-05-18T00:08:47.339+0000] {processor.py:826} INFO - Processing file /home/airflow/.local/lib/python3.7/site-packages/airflow/example_dags/example_task_group_decorator.py for tasks to queue
[2023-05-18T00:08:47.339+0000] {logging_mixin.py:149} INFO - [2023-05-18T00:08:47.339+0000] {dagbag.py:541} INFO - Filling up the DagBag from /home/airflow/.local/lib/python3.7/site-packages/airflow/example_dags/example_task_group_decorator.py
[2023-05-18T00:08:47.348+0000] {processor.py:836} INFO - DAG(s) dict_keys(['example_task_group_decorator']) retrieved from /home/airflow/.local/lib/python3.7/site-packages/airflow/example_dags/example_task_group_decorator.py
[2023-05-18T00:08:47.365+0000] {logging_mixin.py:149} INFO - [2023-05-18T00:08:47.365+0000] {dag.py:2726} INFO - Sync 1 DAGs
[2023-05-18T00:08:47.380+0000] {logging_mixin.py:149} INFO - [2023-05-18T00:08:47.380+0000] {dag.py:3490} INFO - Setting next_dagrun for example_task_group_decorator to 2023-05-17T00:08:47.379987+00:00, run_after=2023-05-18T00:08:47.379987+00:00
[2023-05-18T00:08:47.392+0000] {processor.py:179} INFO - Processing /home/airflow/.local/lib/python3.7/site-packages/airflow/example_dags/example_task_group_decorator.py took 0.056 seconds
[2023-05-18T00:09:18.109+0000] {processor.py:157} INFO - Started process (PID=2692) to work on /home/airflow/.local/lib/python3.7/site-packages/airflow/example_dags/example_task_group_decorator.py
[2023-05-18T00:09:18.118+0000] {processor.py:826} INFO - Processing file /home/airflow/.local/lib/python3.7/site-packages/airflow/example_dags/example_task_group_decorator.py for tasks to queue
[2023-05-18T00:09:18.118+0000] {logging_mixin.py:149} INFO - [2023-05-18T00:09:18.118+0000] {dagbag.py:541} INFO - Filling up the DagBag from /home/airflow/.local/lib/python3.7/site-packages/airflow/example_dags/example_task_group_decorator.py
[2023-05-18T00:09:18.126+0000] {processor.py:836} INFO - DAG(s) dict_keys(['example_task_group_decorator']) retrieved from /home/airflow/.local/lib/python3.7/site-packages/airflow/example_dags/example_task_group_decorator.py
[2023-05-18T00:09:18.142+0000] {logging_mixin.py:149} INFO - [2023-05-18T00:09:18.142+0000] {dag.py:2726} INFO - Sync 1 DAGs
[2023-05-18T00:09:18.157+0000] {logging_mixin.py:149} INFO - [2023-05-18T00:09:18.157+0000] {dag.py:3490} INFO - Setting next_dagrun for example_task_group_decorator to 2023-05-17T00:09:18.157083+00:00, run_after=2023-05-18T00:09:18.157083+00:00
[2023-05-18T00:09:18.170+0000] {processor.py:179} INFO - Processing /home/airflow/.local/lib/python3.7/site-packages/airflow/example_dags/example_task_group_decorator.py took 0.062 seconds
[2023-05-18T00:09:48.849+0000] {processor.py:157} INFO - Started process (PID=2756) to work on /home/airflow/.local/lib/python3.7/site-packages/airflow/example_dags/example_task_group_decorator.py
[2023-05-18T00:09:48.849+0000] {processor.py:826} INFO - Processing file /home/airflow/.local/lib/python3.7/site-packages/airflow/example_dags/example_task_group_decorator.py for tasks to queue
[2023-05-18T00:09:48.850+0000] {logging_mixin.py:149} INFO - [2023-05-18T00:09:48.850+0000] {dagbag.py:541} INFO - Filling up the DagBag from /home/airflow/.local/lib/python3.7/site-packages/airflow/example_dags/example_task_group_decorator.py
[2023-05-18T00:09:48.857+0000] {processor.py:836} INFO - DAG(s) dict_keys(['example_task_group_decorator']) retrieved from /home/airflow/.local/lib/python3.7/site-packages/airflow/example_dags/example_task_group_decorator.py
[2023-05-18T00:09:48.874+0000] {logging_mixin.py:149} INFO - [2023-05-18T00:09:48.874+0000] {dag.py:2726} INFO - Sync 1 DAGs
[2023-05-18T00:09:48.889+0000] {logging_mixin.py:149} INFO - [2023-05-18T00:09:48.889+0000] {dag.py:3490} INFO - Setting next_dagrun for example_task_group_decorator to 2023-05-17T00:09:48.888866+00:00, run_after=2023-05-18T00:09:48.888866+00:00
[2023-05-18T00:09:48.902+0000] {processor.py:179} INFO - Processing /home/airflow/.local/lib/python3.7/site-packages/airflow/example_dags/example_task_group_decorator.py took 0.055 seconds
[2023-05-18T00:10:19.560+0000] {processor.py:157} INFO - Started process (PID=2820) to work on /home/airflow/.local/lib/python3.7/site-packages/airflow/example_dags/example_task_group_decorator.py
[2023-05-18T00:10:19.561+0000] {processor.py:826} INFO - Processing file /home/airflow/.local/lib/python3.7/site-packages/airflow/example_dags/example_task_group_decorator.py for tasks to queue
[2023-05-18T00:10:19.562+0000] {logging_mixin.py:149} INFO - [2023-05-18T00:10:19.562+0000] {dagbag.py:541} INFO - Filling up the DagBag from /home/airflow/.local/lib/python3.7/site-packages/airflow/example_dags/example_task_group_decorator.py
[2023-05-18T00:10:19.569+0000] {processor.py:836} INFO - DAG(s) dict_keys(['example_task_group_decorator']) retrieved from /home/airflow/.local/lib/python3.7/site-packages/airflow/example_dags/example_task_group_decorator.py
[2023-05-18T00:10:19.591+0000] {logging_mixin.py:149} INFO - [2023-05-18T00:10:19.591+0000] {dag.py:2726} INFO - Sync 1 DAGs
[2023-05-18T00:10:19.607+0000] {logging_mixin.py:149} INFO - [2023-05-18T00:10:19.607+0000] {dag.py:3490} INFO - Setting next_dagrun for example_task_group_decorator to 2023-05-17T00:10:19.607293+00:00, run_after=2023-05-18T00:10:19.607293+00:00
[2023-05-18T00:10:19.631+0000] {processor.py:179} INFO - Processing /home/airflow/.local/lib/python3.7/site-packages/airflow/example_dags/example_task_group_decorator.py took 0.073 seconds
[2023-05-18T00:10:50.267+0000] {processor.py:157} INFO - Started process (PID=2884) to work on /home/airflow/.local/lib/python3.7/site-packages/airflow/example_dags/example_task_group_decorator.py
[2023-05-18T00:10:50.268+0000] {processor.py:826} INFO - Processing file /home/airflow/.local/lib/python3.7/site-packages/airflow/example_dags/example_task_group_decorator.py for tasks to queue
[2023-05-18T00:10:50.268+0000] {logging_mixin.py:149} INFO - [2023-05-18T00:10:50.268+0000] {dagbag.py:541} INFO - Filling up the DagBag from /home/airflow/.local/lib/python3.7/site-packages/airflow/example_dags/example_task_group_decorator.py
[2023-05-18T00:10:50.276+0000] {processor.py:836} INFO - DAG(s) dict_keys(['example_task_group_decorator']) retrieved from /home/airflow/.local/lib/python3.7/site-packages/airflow/example_dags/example_task_group_decorator.py
[2023-05-18T00:10:50.293+0000] {logging_mixin.py:149} INFO - [2023-05-18T00:10:50.292+0000] {dag.py:2726} INFO - Sync 1 DAGs
[2023-05-18T00:10:50.307+0000] {logging_mixin.py:149} INFO - [2023-05-18T00:10:50.307+0000] {dag.py:3490} INFO - Setting next_dagrun for example_task_group_decorator to 2023-05-17T00:10:50.307141+00:00, run_after=2023-05-18T00:10:50.307141+00:00
[2023-05-18T00:10:50.335+0000] {processor.py:179} INFO - Processing /home/airflow/.local/lib/python3.7/site-packages/airflow/example_dags/example_task_group_decorator.py took 0.070 seconds
[2023-05-18T00:11:20.985+0000] {processor.py:157} INFO - Started process (PID=2948) to work on /home/airflow/.local/lib/python3.7/site-packages/airflow/example_dags/example_task_group_decorator.py
[2023-05-18T00:11:20.986+0000] {processor.py:826} INFO - Processing file /home/airflow/.local/lib/python3.7/site-packages/airflow/example_dags/example_task_group_decorator.py for tasks to queue
[2023-05-18T00:11:20.986+0000] {logging_mixin.py:149} INFO - [2023-05-18T00:11:20.986+0000] {dagbag.py:541} INFO - Filling up the DagBag from /home/airflow/.local/lib/python3.7/site-packages/airflow/example_dags/example_task_group_decorator.py
[2023-05-18T00:11:20.994+0000] {processor.py:836} INFO - DAG(s) dict_keys(['example_task_group_decorator']) retrieved from /home/airflow/.local/lib/python3.7/site-packages/airflow/example_dags/example_task_group_decorator.py
[2023-05-18T00:11:21.011+0000] {logging_mixin.py:149} INFO - [2023-05-18T00:11:21.010+0000] {dag.py:2726} INFO - Sync 1 DAGs
[2023-05-18T00:11:21.024+0000] {logging_mixin.py:149} INFO - [2023-05-18T00:11:21.024+0000] {dag.py:3490} INFO - Setting next_dagrun for example_task_group_decorator to 2023-05-17T00:11:21.024682+00:00, run_after=2023-05-18T00:11:21.024682+00:00
[2023-05-18T00:11:21.052+0000] {processor.py:179} INFO - Processing /home/airflow/.local/lib/python3.7/site-packages/airflow/example_dags/example_task_group_decorator.py took 0.070 seconds
[2023-05-18T00:11:51.671+0000] {processor.py:157} INFO - Started process (PID=3012) to work on /home/airflow/.local/lib/python3.7/site-packages/airflow/example_dags/example_task_group_decorator.py
[2023-05-18T00:11:51.672+0000] {processor.py:826} INFO - Processing file /home/airflow/.local/lib/python3.7/site-packages/airflow/example_dags/example_task_group_decorator.py for tasks to queue
[2023-05-18T00:11:51.672+0000] {logging_mixin.py:149} INFO - [2023-05-18T00:11:51.672+0000] {dagbag.py:541} INFO - Filling up the DagBag from /home/airflow/.local/lib/python3.7/site-packages/airflow/example_dags/example_task_group_decorator.py
[2023-05-18T00:11:51.680+0000] {processor.py:836} INFO - DAG(s) dict_keys(['example_task_group_decorator']) retrieved from /home/airflow/.local/lib/python3.7/site-packages/airflow/example_dags/example_task_group_decorator.py
[2023-05-18T00:11:51.697+0000] {logging_mixin.py:149} INFO - [2023-05-18T00:11:51.697+0000] {dag.py:2726} INFO - Sync 1 DAGs
[2023-05-18T00:11:51.712+0000] {logging_mixin.py:149} INFO - [2023-05-18T00:11:51.712+0000] {dag.py:3490} INFO - Setting next_dagrun for example_task_group_decorator to 2023-05-17T00:11:51.712708+00:00, run_after=2023-05-18T00:11:51.712708+00:00
[2023-05-18T00:11:51.740+0000] {processor.py:179} INFO - Processing /home/airflow/.local/lib/python3.7/site-packages/airflow/example_dags/example_task_group_decorator.py took 0.071 seconds
[2023-05-18T00:12:22.377+0000] {processor.py:157} INFO - Started process (PID=3076) to work on /home/airflow/.local/lib/python3.7/site-packages/airflow/example_dags/example_task_group_decorator.py
[2023-05-18T00:12:22.378+0000] {processor.py:826} INFO - Processing file /home/airflow/.local/lib/python3.7/site-packages/airflow/example_dags/example_task_group_decorator.py for tasks to queue
[2023-05-18T00:12:22.378+0000] {logging_mixin.py:149} INFO - [2023-05-18T00:12:22.378+0000] {dagbag.py:541} INFO - Filling up the DagBag from /home/airflow/.local/lib/python3.7/site-packages/airflow/example_dags/example_task_group_decorator.py
[2023-05-18T00:12:22.388+0000] {processor.py:836} INFO - DAG(s) dict_keys(['example_task_group_decorator']) retrieved from /home/airflow/.local/lib/python3.7/site-packages/airflow/example_dags/example_task_group_decorator.py
[2023-05-18T00:12:22.405+0000] {logging_mixin.py:149} INFO - [2023-05-18T00:12:22.405+0000] {dag.py:2726} INFO - Sync 1 DAGs
[2023-05-18T00:12:22.419+0000] {logging_mixin.py:149} INFO - [2023-05-18T00:12:22.419+0000] {dag.py:3490} INFO - Setting next_dagrun for example_task_group_decorator to 2023-05-17T00:12:22.419568+00:00, run_after=2023-05-18T00:12:22.419568+00:00
[2023-05-18T00:12:22.446+0000] {processor.py:179} INFO - Processing /home/airflow/.local/lib/python3.7/site-packages/airflow/example_dags/example_task_group_decorator.py took 0.071 seconds
[2023-05-18T00:12:53.099+0000] {processor.py:157} INFO - Started process (PID=3140) to work on /home/airflow/.local/lib/python3.7/site-packages/airflow/example_dags/example_task_group_decorator.py
[2023-05-18T00:12:53.100+0000] {processor.py:826} INFO - Processing file /home/airflow/.local/lib/python3.7/site-packages/airflow/example_dags/example_task_group_decorator.py for tasks to queue
[2023-05-18T00:12:53.101+0000] {logging_mixin.py:149} INFO - [2023-05-18T00:12:53.100+0000] {dagbag.py:541} INFO - Filling up the DagBag from /home/airflow/.local/lib/python3.7/site-packages/airflow/example_dags/example_task_group_decorator.py
[2023-05-18T00:12:53.108+0000] {processor.py:836} INFO - DAG(s) dict_keys(['example_task_group_decorator']) retrieved from /home/airflow/.local/lib/python3.7/site-packages/airflow/example_dags/example_task_group_decorator.py
[2023-05-18T00:12:53.126+0000] {logging_mixin.py:149} INFO - [2023-05-18T00:12:53.126+0000] {dag.py:2726} INFO - Sync 1 DAGs
[2023-05-18T00:12:53.140+0000] {logging_mixin.py:149} INFO - [2023-05-18T00:12:53.140+0000] {dag.py:3490} INFO - Setting next_dagrun for example_task_group_decorator to 2023-05-17T00:12:53.140404+00:00, run_after=2023-05-18T00:12:53.140404+00:00
[2023-05-18T00:12:53.167+0000] {processor.py:179} INFO - Processing /home/airflow/.local/lib/python3.7/site-packages/airflow/example_dags/example_task_group_decorator.py took 0.070 seconds
[2023-05-18T00:13:23.797+0000] {processor.py:157} INFO - Started process (PID=3204) to work on /home/airflow/.local/lib/python3.7/site-packages/airflow/example_dags/example_task_group_decorator.py
[2023-05-18T00:13:23.798+0000] {processor.py:826} INFO - Processing file /home/airflow/.local/lib/python3.7/site-packages/airflow/example_dags/example_task_group_decorator.py for tasks to queue
[2023-05-18T00:13:23.798+0000] {logging_mixin.py:149} INFO - [2023-05-18T00:13:23.798+0000] {dagbag.py:541} INFO - Filling up the DagBag from /home/airflow/.local/lib/python3.7/site-packages/airflow/example_dags/example_task_group_decorator.py
[2023-05-18T00:13:23.806+0000] {processor.py:836} INFO - DAG(s) dict_keys(['example_task_group_decorator']) retrieved from /home/airflow/.local/lib/python3.7/site-packages/airflow/example_dags/example_task_group_decorator.py
[2023-05-18T00:13:23.821+0000] {logging_mixin.py:149} INFO - [2023-05-18T00:13:23.821+0000] {dag.py:2726} INFO - Sync 1 DAGs
[2023-05-18T00:13:23.836+0000] {logging_mixin.py:149} INFO - [2023-05-18T00:13:23.836+0000] {dag.py:3490} INFO - Setting next_dagrun for example_task_group_decorator to 2023-05-17T00:13:23.836215+00:00, run_after=2023-05-18T00:13:23.836215+00:00
[2023-05-18T00:13:23.864+0000] {processor.py:179} INFO - Processing /home/airflow/.local/lib/python3.7/site-packages/airflow/example_dags/example_task_group_decorator.py took 0.069 seconds
[2023-05-18T00:13:54.362+0000] {processor.py:157} INFO - Started process (PID=3268) to work on /home/airflow/.local/lib/python3.7/site-packages/airflow/example_dags/example_task_group_decorator.py
[2023-05-18T00:13:54.362+0000] {processor.py:826} INFO - Processing file /home/airflow/.local/lib/python3.7/site-packages/airflow/example_dags/example_task_group_decorator.py for tasks to queue
[2023-05-18T00:13:54.363+0000] {logging_mixin.py:149} INFO - [2023-05-18T00:13:54.363+0000] {dagbag.py:541} INFO - Filling up the DagBag from /home/airflow/.local/lib/python3.7/site-packages/airflow/example_dags/example_task_group_decorator.py
[2023-05-18T00:13:54.372+0000] {processor.py:836} INFO - DAG(s) dict_keys(['example_task_group_decorator']) retrieved from /home/airflow/.local/lib/python3.7/site-packages/airflow/example_dags/example_task_group_decorator.py
[2023-05-18T00:13:54.389+0000] {logging_mixin.py:149} INFO - [2023-05-18T00:13:54.389+0000] {dag.py:2726} INFO - Sync 1 DAGs
[2023-05-18T00:13:54.403+0000] {logging_mixin.py:149} INFO - [2023-05-18T00:13:54.403+0000] {dag.py:3490} INFO - Setting next_dagrun for example_task_group_decorator to 2023-05-17T00:13:54.403283+00:00, run_after=2023-05-18T00:13:54.403283+00:00
[2023-05-18T00:13:54.415+0000] {processor.py:179} INFO - Processing /home/airflow/.local/lib/python3.7/site-packages/airflow/example_dags/example_task_group_decorator.py took 0.056 seconds
[2023-05-18T00:14:25.043+0000] {processor.py:157} INFO - Started process (PID=3332) to work on /home/airflow/.local/lib/python3.7/site-packages/airflow/example_dags/example_task_group_decorator.py
[2023-05-18T00:14:25.044+0000] {processor.py:826} INFO - Processing file /home/airflow/.local/lib/python3.7/site-packages/airflow/example_dags/example_task_group_decorator.py for tasks to queue
[2023-05-18T00:14:25.044+0000] {logging_mixin.py:149} INFO - [2023-05-18T00:14:25.044+0000] {dagbag.py:541} INFO - Filling up the DagBag from /home/airflow/.local/lib/python3.7/site-packages/airflow/example_dags/example_task_group_decorator.py
[2023-05-18T00:14:25.053+0000] {processor.py:836} INFO - DAG(s) dict_keys(['example_task_group_decorator']) retrieved from /home/airflow/.local/lib/python3.7/site-packages/airflow/example_dags/example_task_group_decorator.py
[2023-05-18T00:14:25.071+0000] {logging_mixin.py:149} INFO - [2023-05-18T00:14:25.070+0000] {dag.py:2726} INFO - Sync 1 DAGs
[2023-05-18T00:14:25.087+0000] {logging_mixin.py:149} INFO - [2023-05-18T00:14:25.087+0000] {dag.py:3490} INFO - Setting next_dagrun for example_task_group_decorator to 2023-05-17T00:14:25.087623+00:00, run_after=2023-05-18T00:14:25.087623+00:00
[2023-05-18T00:14:25.101+0000] {processor.py:179} INFO - Processing /home/airflow/.local/lib/python3.7/site-packages/airflow/example_dags/example_task_group_decorator.py took 0.060 seconds
[2023-05-18T00:14:55.685+0000] {processor.py:157} INFO - Started process (PID=3396) to work on /home/airflow/.local/lib/python3.7/site-packages/airflow/example_dags/example_task_group_decorator.py
[2023-05-18T00:14:55.685+0000] {processor.py:826} INFO - Processing file /home/airflow/.local/lib/python3.7/site-packages/airflow/example_dags/example_task_group_decorator.py for tasks to queue
[2023-05-18T00:14:55.686+0000] {logging_mixin.py:149} INFO - [2023-05-18T00:14:55.686+0000] {dagbag.py:541} INFO - Filling up the DagBag from /home/airflow/.local/lib/python3.7/site-packages/airflow/example_dags/example_task_group_decorator.py
[2023-05-18T00:14:55.694+0000] {processor.py:836} INFO - DAG(s) dict_keys(['example_task_group_decorator']) retrieved from /home/airflow/.local/lib/python3.7/site-packages/airflow/example_dags/example_task_group_decorator.py
[2023-05-18T00:14:55.710+0000] {logging_mixin.py:149} INFO - [2023-05-18T00:14:55.709+0000] {dag.py:2726} INFO - Sync 1 DAGs
[2023-05-18T00:14:55.724+0000] {logging_mixin.py:149} INFO - [2023-05-18T00:14:55.724+0000] {dag.py:3490} INFO - Setting next_dagrun for example_task_group_decorator to 2023-05-17T00:14:55.724112+00:00, run_after=2023-05-18T00:14:55.724112+00:00
[2023-05-18T00:14:55.736+0000] {processor.py:179} INFO - Processing /home/airflow/.local/lib/python3.7/site-packages/airflow/example_dags/example_task_group_decorator.py took 0.052 seconds
[2023-05-18T00:15:26.344+0000] {processor.py:157} INFO - Started process (PID=3460) to work on /home/airflow/.local/lib/python3.7/site-packages/airflow/example_dags/example_task_group_decorator.py
[2023-05-18T00:15:26.352+0000] {processor.py:826} INFO - Processing file /home/airflow/.local/lib/python3.7/site-packages/airflow/example_dags/example_task_group_decorator.py for tasks to queue
[2023-05-18T00:15:26.352+0000] {logging_mixin.py:149} INFO - [2023-05-18T00:15:26.352+0000] {dagbag.py:541} INFO - Filling up the DagBag from /home/airflow/.local/lib/python3.7/site-packages/airflow/example_dags/example_task_group_decorator.py
[2023-05-18T00:15:26.360+0000] {processor.py:836} INFO - DAG(s) dict_keys(['example_task_group_decorator']) retrieved from /home/airflow/.local/lib/python3.7/site-packages/airflow/example_dags/example_task_group_decorator.py
[2023-05-18T00:15:26.376+0000] {logging_mixin.py:149} INFO - [2023-05-18T00:15:26.376+0000] {dag.py:2726} INFO - Sync 1 DAGs
[2023-05-18T00:15:26.390+0000] {logging_mixin.py:149} INFO - [2023-05-18T00:15:26.390+0000] {dag.py:3490} INFO - Setting next_dagrun for example_task_group_decorator to 2023-05-17T00:15:26.390058+00:00, run_after=2023-05-18T00:15:26.390058+00:00
[2023-05-18T00:15:26.402+0000] {processor.py:179} INFO - Processing /home/airflow/.local/lib/python3.7/site-packages/airflow/example_dags/example_task_group_decorator.py took 0.060 seconds
[2023-05-18T00:15:56.956+0000] {processor.py:157} INFO - Started process (PID=3524) to work on /home/airflow/.local/lib/python3.7/site-packages/airflow/example_dags/example_task_group_decorator.py
[2023-05-18T00:15:56.957+0000] {processor.py:826} INFO - Processing file /home/airflow/.local/lib/python3.7/site-packages/airflow/example_dags/example_task_group_decorator.py for tasks to queue
[2023-05-18T00:15:56.957+0000] {logging_mixin.py:149} INFO - [2023-05-18T00:15:56.957+0000] {dagbag.py:541} INFO - Filling up the DagBag from /home/airflow/.local/lib/python3.7/site-packages/airflow/example_dags/example_task_group_decorator.py
[2023-05-18T00:15:56.965+0000] {processor.py:836} INFO - DAG(s) dict_keys(['example_task_group_decorator']) retrieved from /home/airflow/.local/lib/python3.7/site-packages/airflow/example_dags/example_task_group_decorator.py
[2023-05-18T00:15:56.980+0000] {logging_mixin.py:149} INFO - [2023-05-18T00:15:56.980+0000] {dag.py:2726} INFO - Sync 1 DAGs
[2023-05-18T00:15:56.994+0000] {logging_mixin.py:149} INFO - [2023-05-18T00:15:56.994+0000] {dag.py:3490} INFO - Setting next_dagrun for example_task_group_decorator to 2023-05-17T00:15:56.994690+00:00, run_after=2023-05-18T00:15:56.994690+00:00
[2023-05-18T00:15:57.006+0000] {processor.py:179} INFO - Processing /home/airflow/.local/lib/python3.7/site-packages/airflow/example_dags/example_task_group_decorator.py took 0.052 seconds
[2023-05-18T00:16:27.585+0000] {processor.py:157} INFO - Started process (PID=3588) to work on /home/airflow/.local/lib/python3.7/site-packages/airflow/example_dags/example_task_group_decorator.py
[2023-05-18T00:16:27.586+0000] {processor.py:826} INFO - Processing file /home/airflow/.local/lib/python3.7/site-packages/airflow/example_dags/example_task_group_decorator.py for tasks to queue
[2023-05-18T00:16:27.586+0000] {logging_mixin.py:149} INFO - [2023-05-18T00:16:27.586+0000] {dagbag.py:541} INFO - Filling up the DagBag from /home/airflow/.local/lib/python3.7/site-packages/airflow/example_dags/example_task_group_decorator.py
[2023-05-18T00:16:27.594+0000] {processor.py:836} INFO - DAG(s) dict_keys(['example_task_group_decorator']) retrieved from /home/airflow/.local/lib/python3.7/site-packages/airflow/example_dags/example_task_group_decorator.py
[2023-05-18T00:16:27.612+0000] {logging_mixin.py:149} INFO - [2023-05-18T00:16:27.612+0000] {dag.py:2726} INFO - Sync 1 DAGs
[2023-05-18T00:16:27.626+0000] {logging_mixin.py:149} INFO - [2023-05-18T00:16:27.626+0000] {dag.py:3490} INFO - Setting next_dagrun for example_task_group_decorator to 2023-05-17T00:16:27.626399+00:00, run_after=2023-05-18T00:16:27.626399+00:00
[2023-05-18T00:16:27.654+0000] {processor.py:179} INFO - Processing /home/airflow/.local/lib/python3.7/site-packages/airflow/example_dags/example_task_group_decorator.py took 0.071 seconds
[2023-05-18T00:16:58.245+0000] {processor.py:157} INFO - Started process (PID=3652) to work on /home/airflow/.local/lib/python3.7/site-packages/airflow/example_dags/example_task_group_decorator.py
[2023-05-18T00:16:58.245+0000] {processor.py:826} INFO - Processing file /home/airflow/.local/lib/python3.7/site-packages/airflow/example_dags/example_task_group_decorator.py for tasks to queue
[2023-05-18T00:16:58.246+0000] {logging_mixin.py:149} INFO - [2023-05-18T00:16:58.245+0000] {dagbag.py:541} INFO - Filling up the DagBag from /home/airflow/.local/lib/python3.7/site-packages/airflow/example_dags/example_task_group_decorator.py
[2023-05-18T00:16:58.253+0000] {processor.py:836} INFO - DAG(s) dict_keys(['example_task_group_decorator']) retrieved from /home/airflow/.local/lib/python3.7/site-packages/airflow/example_dags/example_task_group_decorator.py
[2023-05-18T00:16:58.270+0000] {logging_mixin.py:149} INFO - [2023-05-18T00:16:58.269+0000] {dag.py:2726} INFO - Sync 1 DAGs
[2023-05-18T00:16:58.284+0000] {logging_mixin.py:149} INFO - [2023-05-18T00:16:58.284+0000] {dag.py:3490} INFO - Setting next_dagrun for example_task_group_decorator to 2023-05-17T00:16:58.284228+00:00, run_after=2023-05-18T00:16:58.284228+00:00
[2023-05-18T00:16:58.295+0000] {processor.py:179} INFO - Processing /home/airflow/.local/lib/python3.7/site-packages/airflow/example_dags/example_task_group_decorator.py took 0.053 seconds
