[2023-05-18T00:00:03.568+0000] {processor.py:157} INFO - Started process (PID=1507) to work on /home/airflow/.local/lib/python3.7/site-packages/airflow/example_dags/example_branch_operator.py
[2023-05-18T00:00:03.569+0000] {processor.py:826} INFO - Processing file /home/airflow/.local/lib/python3.7/site-packages/airflow/example_dags/example_branch_operator.py for tasks to queue
[2023-05-18T00:00:03.569+0000] {logging_mixin.py:149} INFO - [2023-05-18T00:00:03.569+0000] {dagbag.py:541} INFO - Filling up the DagBag from /home/airflow/.local/lib/python3.7/site-packages/airflow/example_dags/example_branch_operator.py
[2023-05-18T00:00:03.574+0000] {processor.py:836} INFO - DAG(s) dict_keys(['example_branch_operator']) retrieved from /home/airflow/.local/lib/python3.7/site-packages/airflow/example_dags/example_branch_operator.py
[2023-05-18T00:00:03.590+0000] {logging_mixin.py:149} INFO - [2023-05-18T00:00:03.590+0000] {dag.py:2726} INFO - Sync 1 DAGs
[2023-05-18T00:00:03.605+0000] {logging_mixin.py:149} INFO - [2023-05-18T00:00:03.605+0000] {dag.py:3490} INFO - Setting next_dagrun for example_branch_operator to 2023-05-17T00:00:00+00:00, run_after=2023-05-18T00:00:00+00:00
[2023-05-18T00:00:03.625+0000] {processor.py:179} INFO - Processing /home/airflow/.local/lib/python3.7/site-packages/airflow/example_dags/example_branch_operator.py took 0.058 seconds
[2023-05-18T00:00:34.199+0000] {processor.py:157} INFO - Started process (PID=1571) to work on /home/airflow/.local/lib/python3.7/site-packages/airflow/example_dags/example_branch_operator.py
[2023-05-18T00:00:34.199+0000] {processor.py:826} INFO - Processing file /home/airflow/.local/lib/python3.7/site-packages/airflow/example_dags/example_branch_operator.py for tasks to queue
[2023-05-18T00:00:34.199+0000] {logging_mixin.py:149} INFO - [2023-05-18T00:00:34.199+0000] {dagbag.py:541} INFO - Filling up the DagBag from /home/airflow/.local/lib/python3.7/site-packages/airflow/example_dags/example_branch_operator.py
[2023-05-18T00:00:34.205+0000] {processor.py:836} INFO - DAG(s) dict_keys(['example_branch_operator']) retrieved from /home/airflow/.local/lib/python3.7/site-packages/airflow/example_dags/example_branch_operator.py
[2023-05-18T00:00:34.224+0000] {logging_mixin.py:149} INFO - [2023-05-18T00:00:34.224+0000] {dag.py:2726} INFO - Sync 1 DAGs
[2023-05-18T00:00:34.241+0000] {logging_mixin.py:149} INFO - [2023-05-18T00:00:34.240+0000] {dag.py:3490} INFO - Setting next_dagrun for example_branch_operator to 2023-05-17T00:00:00+00:00, run_after=2023-05-18T00:00:00+00:00
[2023-05-18T00:00:34.256+0000] {processor.py:179} INFO - Processing /home/airflow/.local/lib/python3.7/site-packages/airflow/example_dags/example_branch_operator.py took 0.059 seconds
[2023-05-18T00:01:04.845+0000] {processor.py:157} INFO - Started process (PID=1635) to work on /home/airflow/.local/lib/python3.7/site-packages/airflow/example_dags/example_branch_operator.py
[2023-05-18T00:01:04.845+0000] {processor.py:826} INFO - Processing file /home/airflow/.local/lib/python3.7/site-packages/airflow/example_dags/example_branch_operator.py for tasks to queue
[2023-05-18T00:01:04.845+0000] {logging_mixin.py:149} INFO - [2023-05-18T00:01:04.845+0000] {dagbag.py:541} INFO - Filling up the DagBag from /home/airflow/.local/lib/python3.7/site-packages/airflow/example_dags/example_branch_operator.py
[2023-05-18T00:01:04.851+0000] {processor.py:836} INFO - DAG(s) dict_keys(['example_branch_operator']) retrieved from /home/airflow/.local/lib/python3.7/site-packages/airflow/example_dags/example_branch_operator.py
[2023-05-18T00:01:04.866+0000] {logging_mixin.py:149} INFO - [2023-05-18T00:01:04.866+0000] {dag.py:2726} INFO - Sync 1 DAGs
[2023-05-18T00:01:04.880+0000] {logging_mixin.py:149} INFO - [2023-05-18T00:01:04.880+0000] {dag.py:3490} INFO - Setting next_dagrun for example_branch_operator to 2023-05-17T00:00:00+00:00, run_after=2023-05-18T00:00:00+00:00
[2023-05-18T00:01:04.898+0000] {processor.py:179} INFO - Processing /home/airflow/.local/lib/python3.7/site-packages/airflow/example_dags/example_branch_operator.py took 0.055 seconds
[2023-05-18T00:01:35.391+0000] {processor.py:157} INFO - Started process (PID=1699) to work on /home/airflow/.local/lib/python3.7/site-packages/airflow/example_dags/example_branch_operator.py
[2023-05-18T00:01:35.393+0000] {processor.py:826} INFO - Processing file /home/airflow/.local/lib/python3.7/site-packages/airflow/example_dags/example_branch_operator.py for tasks to queue
[2023-05-18T00:01:35.393+0000] {logging_mixin.py:149} INFO - [2023-05-18T00:01:35.393+0000] {dagbag.py:541} INFO - Filling up the DagBag from /home/airflow/.local/lib/python3.7/site-packages/airflow/example_dags/example_branch_operator.py
[2023-05-18T00:01:35.399+0000] {processor.py:836} INFO - DAG(s) dict_keys(['example_branch_operator']) retrieved from /home/airflow/.local/lib/python3.7/site-packages/airflow/example_dags/example_branch_operator.py
[2023-05-18T00:01:35.415+0000] {logging_mixin.py:149} INFO - [2023-05-18T00:01:35.415+0000] {dag.py:2726} INFO - Sync 1 DAGs
[2023-05-18T00:01:35.431+0000] {logging_mixin.py:149} INFO - [2023-05-18T00:01:35.431+0000] {dag.py:3490} INFO - Setting next_dagrun for example_branch_operator to 2023-05-17T00:00:00+00:00, run_after=2023-05-18T00:00:00+00:00
[2023-05-18T00:01:35.446+0000] {processor.py:179} INFO - Processing /home/airflow/.local/lib/python3.7/site-packages/airflow/example_dags/example_branch_operator.py took 0.057 seconds
[2023-05-18T00:02:05.927+0000] {processor.py:157} INFO - Started process (PID=1763) to work on /home/airflow/.local/lib/python3.7/site-packages/airflow/example_dags/example_branch_operator.py
[2023-05-18T00:02:05.946+0000] {processor.py:826} INFO - Processing file /home/airflow/.local/lib/python3.7/site-packages/airflow/example_dags/example_branch_operator.py for tasks to queue
[2023-05-18T00:02:05.946+0000] {logging_mixin.py:149} INFO - [2023-05-18T00:02:05.946+0000] {dagbag.py:541} INFO - Filling up the DagBag from /home/airflow/.local/lib/python3.7/site-packages/airflow/example_dags/example_branch_operator.py
[2023-05-18T00:02:05.952+0000] {processor.py:836} INFO - DAG(s) dict_keys(['example_branch_operator']) retrieved from /home/airflow/.local/lib/python3.7/site-packages/airflow/example_dags/example_branch_operator.py
[2023-05-18T00:02:05.970+0000] {logging_mixin.py:149} INFO - [2023-05-18T00:02:05.970+0000] {dag.py:2726} INFO - Sync 1 DAGs
[2023-05-18T00:02:05.987+0000] {logging_mixin.py:149} INFO - [2023-05-18T00:02:05.987+0000] {dag.py:3490} INFO - Setting next_dagrun for example_branch_operator to 2023-05-17T00:00:00+00:00, run_after=2023-05-18T00:00:00+00:00
[2023-05-18T00:02:06.001+0000] {processor.py:179} INFO - Processing /home/airflow/.local/lib/python3.7/site-packages/airflow/example_dags/example_branch_operator.py took 0.076 seconds
[2023-05-18T00:02:36.620+0000] {processor.py:157} INFO - Started process (PID=1827) to work on /home/airflow/.local/lib/python3.7/site-packages/airflow/example_dags/example_branch_operator.py
[2023-05-18T00:02:36.639+0000] {processor.py:826} INFO - Processing file /home/airflow/.local/lib/python3.7/site-packages/airflow/example_dags/example_branch_operator.py for tasks to queue
[2023-05-18T00:02:36.639+0000] {logging_mixin.py:149} INFO - [2023-05-18T00:02:36.639+0000] {dagbag.py:541} INFO - Filling up the DagBag from /home/airflow/.local/lib/python3.7/site-packages/airflow/example_dags/example_branch_operator.py
[2023-05-18T00:02:36.644+0000] {processor.py:836} INFO - DAG(s) dict_keys(['example_branch_operator']) retrieved from /home/airflow/.local/lib/python3.7/site-packages/airflow/example_dags/example_branch_operator.py
[2023-05-18T00:02:36.658+0000] {logging_mixin.py:149} INFO - [2023-05-18T00:02:36.657+0000] {dag.py:2726} INFO - Sync 1 DAGs
[2023-05-18T00:02:36.672+0000] {logging_mixin.py:149} INFO - [2023-05-18T00:02:36.672+0000] {dag.py:3490} INFO - Setting next_dagrun for example_branch_operator to 2023-05-17T00:00:00+00:00, run_after=2023-05-18T00:00:00+00:00
[2023-05-18T00:02:36.683+0000] {processor.py:179} INFO - Processing /home/airflow/.local/lib/python3.7/site-packages/airflow/example_dags/example_branch_operator.py took 0.065 seconds
[2023-05-18T00:03:07.333+0000] {processor.py:157} INFO - Started process (PID=1891) to work on /home/airflow/.local/lib/python3.7/site-packages/airflow/example_dags/example_branch_operator.py
[2023-05-18T00:03:07.351+0000] {processor.py:826} INFO - Processing file /home/airflow/.local/lib/python3.7/site-packages/airflow/example_dags/example_branch_operator.py for tasks to queue
[2023-05-18T00:03:07.351+0000] {logging_mixin.py:149} INFO - [2023-05-18T00:03:07.351+0000] {dagbag.py:541} INFO - Filling up the DagBag from /home/airflow/.local/lib/python3.7/site-packages/airflow/example_dags/example_branch_operator.py
[2023-05-18T00:03:07.357+0000] {processor.py:836} INFO - DAG(s) dict_keys(['example_branch_operator']) retrieved from /home/airflow/.local/lib/python3.7/site-packages/airflow/example_dags/example_branch_operator.py
[2023-05-18T00:03:07.374+0000] {logging_mixin.py:149} INFO - [2023-05-18T00:03:07.374+0000] {dag.py:2726} INFO - Sync 1 DAGs
[2023-05-18T00:03:07.389+0000] {logging_mixin.py:149} INFO - [2023-05-18T00:03:07.389+0000] {dag.py:3490} INFO - Setting next_dagrun for example_branch_operator to 2023-05-17T00:00:00+00:00, run_after=2023-05-18T00:00:00+00:00
[2023-05-18T00:03:07.402+0000] {processor.py:179} INFO - Processing /home/airflow/.local/lib/python3.7/site-packages/airflow/example_dags/example_branch_operator.py took 0.071 seconds
[2023-05-18T00:03:37.965+0000] {processor.py:157} INFO - Started process (PID=1955) to work on /home/airflow/.local/lib/python3.7/site-packages/airflow/example_dags/example_branch_operator.py
[2023-05-18T00:03:37.983+0000] {processor.py:826} INFO - Processing file /home/airflow/.local/lib/python3.7/site-packages/airflow/example_dags/example_branch_operator.py for tasks to queue
[2023-05-18T00:03:37.983+0000] {logging_mixin.py:149} INFO - [2023-05-18T00:03:37.983+0000] {dagbag.py:541} INFO - Filling up the DagBag from /home/airflow/.local/lib/python3.7/site-packages/airflow/example_dags/example_branch_operator.py
[2023-05-18T00:03:37.989+0000] {processor.py:836} INFO - DAG(s) dict_keys(['example_branch_operator']) retrieved from /home/airflow/.local/lib/python3.7/site-packages/airflow/example_dags/example_branch_operator.py
[2023-05-18T00:03:38.005+0000] {logging_mixin.py:149} INFO - [2023-05-18T00:03:38.005+0000] {dag.py:2726} INFO - Sync 1 DAGs
[2023-05-18T00:03:38.022+0000] {logging_mixin.py:149} INFO - [2023-05-18T00:03:38.021+0000] {dag.py:3490} INFO - Setting next_dagrun for example_branch_operator to 2023-05-17T00:00:00+00:00, run_after=2023-05-18T00:00:00+00:00
[2023-05-18T00:03:38.034+0000] {processor.py:179} INFO - Processing /home/airflow/.local/lib/python3.7/site-packages/airflow/example_dags/example_branch_operator.py took 0.071 seconds
[2023-05-18T00:04:08.592+0000] {processor.py:157} INFO - Started process (PID=2019) to work on /home/airflow/.local/lib/python3.7/site-packages/airflow/example_dags/example_branch_operator.py
[2023-05-18T00:04:08.612+0000] {processor.py:826} INFO - Processing file /home/airflow/.local/lib/python3.7/site-packages/airflow/example_dags/example_branch_operator.py for tasks to queue
[2023-05-18T00:04:08.612+0000] {logging_mixin.py:149} INFO - [2023-05-18T00:04:08.612+0000] {dagbag.py:541} INFO - Filling up the DagBag from /home/airflow/.local/lib/python3.7/site-packages/airflow/example_dags/example_branch_operator.py
[2023-05-18T00:04:08.618+0000] {processor.py:836} INFO - DAG(s) dict_keys(['example_branch_operator']) retrieved from /home/airflow/.local/lib/python3.7/site-packages/airflow/example_dags/example_branch_operator.py
[2023-05-18T00:04:08.634+0000] {logging_mixin.py:149} INFO - [2023-05-18T00:04:08.633+0000] {dag.py:2726} INFO - Sync 1 DAGs
[2023-05-18T00:04:08.648+0000] {logging_mixin.py:149} INFO - [2023-05-18T00:04:08.648+0000] {dag.py:3490} INFO - Setting next_dagrun for example_branch_operator to 2023-05-17T00:00:00+00:00, run_after=2023-05-18T00:00:00+00:00
[2023-05-18T00:04:08.659+0000] {processor.py:179} INFO - Processing /home/airflow/.local/lib/python3.7/site-packages/airflow/example_dags/example_branch_operator.py took 0.068 seconds
[2023-05-18T00:04:39.219+0000] {processor.py:157} INFO - Started process (PID=2083) to work on /home/airflow/.local/lib/python3.7/site-packages/airflow/example_dags/example_branch_operator.py
[2023-05-18T00:04:39.238+0000] {processor.py:826} INFO - Processing file /home/airflow/.local/lib/python3.7/site-packages/airflow/example_dags/example_branch_operator.py for tasks to queue
[2023-05-18T00:04:39.238+0000] {logging_mixin.py:149} INFO - [2023-05-18T00:04:39.238+0000] {dagbag.py:541} INFO - Filling up the DagBag from /home/airflow/.local/lib/python3.7/site-packages/airflow/example_dags/example_branch_operator.py
[2023-05-18T00:04:39.244+0000] {processor.py:836} INFO - DAG(s) dict_keys(['example_branch_operator']) retrieved from /home/airflow/.local/lib/python3.7/site-packages/airflow/example_dags/example_branch_operator.py
[2023-05-18T00:04:39.258+0000] {logging_mixin.py:149} INFO - [2023-05-18T00:04:39.258+0000] {dag.py:2726} INFO - Sync 1 DAGs
[2023-05-18T00:04:39.272+0000] {logging_mixin.py:149} INFO - [2023-05-18T00:04:39.272+0000] {dag.py:3490} INFO - Setting next_dagrun for example_branch_operator to 2023-05-17T00:00:00+00:00, run_after=2023-05-18T00:00:00+00:00
[2023-05-18T00:04:39.282+0000] {processor.py:179} INFO - Processing /home/airflow/.local/lib/python3.7/site-packages/airflow/example_dags/example_branch_operator.py took 0.065 seconds
[2023-05-18T00:05:09.868+0000] {processor.py:157} INFO - Started process (PID=2147) to work on /home/airflow/.local/lib/python3.7/site-packages/airflow/example_dags/example_branch_operator.py
[2023-05-18T00:05:09.886+0000] {processor.py:826} INFO - Processing file /home/airflow/.local/lib/python3.7/site-packages/airflow/example_dags/example_branch_operator.py for tasks to queue
[2023-05-18T00:05:09.887+0000] {logging_mixin.py:149} INFO - [2023-05-18T00:05:09.886+0000] {dagbag.py:541} INFO - Filling up the DagBag from /home/airflow/.local/lib/python3.7/site-packages/airflow/example_dags/example_branch_operator.py
[2023-05-18T00:05:09.892+0000] {processor.py:836} INFO - DAG(s) dict_keys(['example_branch_operator']) retrieved from /home/airflow/.local/lib/python3.7/site-packages/airflow/example_dags/example_branch_operator.py
[2023-05-18T00:05:09.908+0000] {logging_mixin.py:149} INFO - [2023-05-18T00:05:09.908+0000] {dag.py:2726} INFO - Sync 1 DAGs
[2023-05-18T00:05:09.923+0000] {logging_mixin.py:149} INFO - [2023-05-18T00:05:09.923+0000] {dag.py:3490} INFO - Setting next_dagrun for example_branch_operator to 2023-05-17T00:00:00+00:00, run_after=2023-05-18T00:00:00+00:00
[2023-05-18T00:05:09.935+0000] {processor.py:179} INFO - Processing /home/airflow/.local/lib/python3.7/site-packages/airflow/example_dags/example_branch_operator.py took 0.069 seconds
[2023-05-18T00:05:40.514+0000] {processor.py:157} INFO - Started process (PID=2211) to work on /home/airflow/.local/lib/python3.7/site-packages/airflow/example_dags/example_branch_operator.py
[2023-05-18T00:05:40.531+0000] {processor.py:826} INFO - Processing file /home/airflow/.local/lib/python3.7/site-packages/airflow/example_dags/example_branch_operator.py for tasks to queue
[2023-05-18T00:05:40.532+0000] {logging_mixin.py:149} INFO - [2023-05-18T00:05:40.532+0000] {dagbag.py:541} INFO - Filling up the DagBag from /home/airflow/.local/lib/python3.7/site-packages/airflow/example_dags/example_branch_operator.py
[2023-05-18T00:05:40.537+0000] {processor.py:836} INFO - DAG(s) dict_keys(['example_branch_operator']) retrieved from /home/airflow/.local/lib/python3.7/site-packages/airflow/example_dags/example_branch_operator.py
[2023-05-18T00:05:40.553+0000] {logging_mixin.py:149} INFO - [2023-05-18T00:05:40.553+0000] {dag.py:2726} INFO - Sync 1 DAGs
[2023-05-18T00:05:40.570+0000] {logging_mixin.py:149} INFO - [2023-05-18T00:05:40.569+0000] {dag.py:3490} INFO - Setting next_dagrun for example_branch_operator to 2023-05-17T00:00:00+00:00, run_after=2023-05-18T00:00:00+00:00
[2023-05-18T00:05:40.582+0000] {processor.py:179} INFO - Processing /home/airflow/.local/lib/python3.7/site-packages/airflow/example_dags/example_branch_operator.py took 0.070 seconds
[2023-05-18T00:06:10.630+0000] {processor.py:157} INFO - Started process (PID=2275) to work on /home/airflow/.local/lib/python3.7/site-packages/airflow/example_dags/example_branch_operator.py
[2023-05-18T00:06:10.648+0000] {processor.py:826} INFO - Processing file /home/airflow/.local/lib/python3.7/site-packages/airflow/example_dags/example_branch_operator.py for tasks to queue
[2023-05-18T00:06:10.648+0000] {logging_mixin.py:149} INFO - [2023-05-18T00:06:10.648+0000] {dagbag.py:541} INFO - Filling up the DagBag from /home/airflow/.local/lib/python3.7/site-packages/airflow/example_dags/example_branch_operator.py
[2023-05-18T00:06:10.653+0000] {processor.py:836} INFO - DAG(s) dict_keys(['example_branch_operator']) retrieved from /home/airflow/.local/lib/python3.7/site-packages/airflow/example_dags/example_branch_operator.py
[2023-05-18T00:06:10.669+0000] {logging_mixin.py:149} INFO - [2023-05-18T00:06:10.669+0000] {dag.py:2726} INFO - Sync 1 DAGs
[2023-05-18T00:06:10.684+0000] {logging_mixin.py:149} INFO - [2023-05-18T00:06:10.684+0000] {dag.py:3490} INFO - Setting next_dagrun for example_branch_operator to 2023-05-17T00:00:00+00:00, run_after=2023-05-18T00:00:00+00:00
[2023-05-18T00:06:10.696+0000] {processor.py:179} INFO - Processing /home/airflow/.local/lib/python3.7/site-packages/airflow/example_dags/example_branch_operator.py took 0.069 seconds
[2023-05-18T00:06:40.811+0000] {processor.py:157} INFO - Started process (PID=2339) to work on /home/airflow/.local/lib/python3.7/site-packages/airflow/example_dags/example_branch_operator.py
[2023-05-18T00:06:40.828+0000] {processor.py:826} INFO - Processing file /home/airflow/.local/lib/python3.7/site-packages/airflow/example_dags/example_branch_operator.py for tasks to queue
[2023-05-18T00:06:40.829+0000] {logging_mixin.py:149} INFO - [2023-05-18T00:06:40.829+0000] {dagbag.py:541} INFO - Filling up the DagBag from /home/airflow/.local/lib/python3.7/site-packages/airflow/example_dags/example_branch_operator.py
[2023-05-18T00:06:40.834+0000] {processor.py:836} INFO - DAG(s) dict_keys(['example_branch_operator']) retrieved from /home/airflow/.local/lib/python3.7/site-packages/airflow/example_dags/example_branch_operator.py
[2023-05-18T00:06:40.849+0000] {logging_mixin.py:149} INFO - [2023-05-18T00:06:40.849+0000] {dag.py:2726} INFO - Sync 1 DAGs
[2023-05-18T00:06:40.863+0000] {logging_mixin.py:149} INFO - [2023-05-18T00:06:40.863+0000] {dag.py:3490} INFO - Setting next_dagrun for example_branch_operator to 2023-05-17T00:00:00+00:00, run_after=2023-05-18T00:00:00+00:00
[2023-05-18T00:06:40.876+0000] {processor.py:179} INFO - Processing /home/airflow/.local/lib/python3.7/site-packages/airflow/example_dags/example_branch_operator.py took 0.067 seconds
[2023-05-18T00:07:10.945+0000] {processor.py:157} INFO - Started process (PID=2403) to work on /home/airflow/.local/lib/python3.7/site-packages/airflow/example_dags/example_branch_operator.py
[2023-05-18T00:07:10.962+0000] {processor.py:826} INFO - Processing file /home/airflow/.local/lib/python3.7/site-packages/airflow/example_dags/example_branch_operator.py for tasks to queue
[2023-05-18T00:07:10.962+0000] {logging_mixin.py:149} INFO - [2023-05-18T00:07:10.962+0000] {dagbag.py:541} INFO - Filling up the DagBag from /home/airflow/.local/lib/python3.7/site-packages/airflow/example_dags/example_branch_operator.py
[2023-05-18T00:07:10.967+0000] {processor.py:836} INFO - DAG(s) dict_keys(['example_branch_operator']) retrieved from /home/airflow/.local/lib/python3.7/site-packages/airflow/example_dags/example_branch_operator.py
[2023-05-18T00:07:10.981+0000] {logging_mixin.py:149} INFO - [2023-05-18T00:07:10.981+0000] {dag.py:2726} INFO - Sync 1 DAGs
[2023-05-18T00:07:10.995+0000] {logging_mixin.py:149} INFO - [2023-05-18T00:07:10.995+0000] {dag.py:3490} INFO - Setting next_dagrun for example_branch_operator to 2023-05-17T00:00:00+00:00, run_after=2023-05-18T00:00:00+00:00
[2023-05-18T00:07:11.006+0000] {processor.py:179} INFO - Processing /home/airflow/.local/lib/python3.7/site-packages/airflow/example_dags/example_branch_operator.py took 0.064 seconds
[2023-05-18T00:07:41.652+0000] {processor.py:157} INFO - Started process (PID=2466) to work on /home/airflow/.local/lib/python3.7/site-packages/airflow/example_dags/example_branch_operator.py
[2023-05-18T00:07:41.671+0000] {processor.py:826} INFO - Processing file /home/airflow/.local/lib/python3.7/site-packages/airflow/example_dags/example_branch_operator.py for tasks to queue
[2023-05-18T00:07:41.671+0000] {logging_mixin.py:149} INFO - [2023-05-18T00:07:41.671+0000] {dagbag.py:541} INFO - Filling up the DagBag from /home/airflow/.local/lib/python3.7/site-packages/airflow/example_dags/example_branch_operator.py
[2023-05-18T00:07:41.676+0000] {processor.py:836} INFO - DAG(s) dict_keys(['example_branch_operator']) retrieved from /home/airflow/.local/lib/python3.7/site-packages/airflow/example_dags/example_branch_operator.py
[2023-05-18T00:07:41.692+0000] {logging_mixin.py:149} INFO - [2023-05-18T00:07:41.692+0000] {dag.py:2726} INFO - Sync 1 DAGs
[2023-05-18T00:07:41.707+0000] {logging_mixin.py:149} INFO - [2023-05-18T00:07:41.707+0000] {dag.py:3490} INFO - Setting next_dagrun for example_branch_operator to 2023-05-17T00:00:00+00:00, run_after=2023-05-18T00:00:00+00:00
[2023-05-18T00:07:41.718+0000] {processor.py:179} INFO - Processing /home/airflow/.local/lib/python3.7/site-packages/airflow/example_dags/example_branch_operator.py took 0.068 seconds
[2023-05-18T00:08:12.465+0000] {processor.py:157} INFO - Started process (PID=2530) to work on /home/airflow/.local/lib/python3.7/site-packages/airflow/example_dags/example_branch_operator.py
[2023-05-18T00:08:12.483+0000] {processor.py:826} INFO - Processing file /home/airflow/.local/lib/python3.7/site-packages/airflow/example_dags/example_branch_operator.py for tasks to queue
[2023-05-18T00:08:12.484+0000] {logging_mixin.py:149} INFO - [2023-05-18T00:08:12.484+0000] {dagbag.py:541} INFO - Filling up the DagBag from /home/airflow/.local/lib/python3.7/site-packages/airflow/example_dags/example_branch_operator.py
[2023-05-18T00:08:12.489+0000] {processor.py:836} INFO - DAG(s) dict_keys(['example_branch_operator']) retrieved from /home/airflow/.local/lib/python3.7/site-packages/airflow/example_dags/example_branch_operator.py
[2023-05-18T00:08:12.503+0000] {logging_mixin.py:149} INFO - [2023-05-18T00:08:12.503+0000] {dag.py:2726} INFO - Sync 1 DAGs
[2023-05-18T00:08:12.517+0000] {logging_mixin.py:149} INFO - [2023-05-18T00:08:12.517+0000] {dag.py:3490} INFO - Setting next_dagrun for example_branch_operator to 2023-05-17T00:00:00+00:00, run_after=2023-05-18T00:00:00+00:00
[2023-05-18T00:08:12.528+0000] {processor.py:179} INFO - Processing /home/airflow/.local/lib/python3.7/site-packages/airflow/example_dags/example_branch_operator.py took 0.066 seconds
[2023-05-18T00:08:43.263+0000] {processor.py:157} INFO - Started process (PID=2594) to work on /home/airflow/.local/lib/python3.7/site-packages/airflow/example_dags/example_branch_operator.py
[2023-05-18T00:08:43.281+0000] {processor.py:826} INFO - Processing file /home/airflow/.local/lib/python3.7/site-packages/airflow/example_dags/example_branch_operator.py for tasks to queue
[2023-05-18T00:08:43.282+0000] {logging_mixin.py:149} INFO - [2023-05-18T00:08:43.282+0000] {dagbag.py:541} INFO - Filling up the DagBag from /home/airflow/.local/lib/python3.7/site-packages/airflow/example_dags/example_branch_operator.py
[2023-05-18T00:08:43.287+0000] {processor.py:836} INFO - DAG(s) dict_keys(['example_branch_operator']) retrieved from /home/airflow/.local/lib/python3.7/site-packages/airflow/example_dags/example_branch_operator.py
[2023-05-18T00:08:43.303+0000] {logging_mixin.py:149} INFO - [2023-05-18T00:08:43.303+0000] {dag.py:2726} INFO - Sync 1 DAGs
[2023-05-18T00:08:43.318+0000] {logging_mixin.py:149} INFO - [2023-05-18T00:08:43.318+0000] {dag.py:3490} INFO - Setting next_dagrun for example_branch_operator to 2023-05-17T00:00:00+00:00, run_after=2023-05-18T00:00:00+00:00
[2023-05-18T00:08:43.329+0000] {processor.py:179} INFO - Processing /home/airflow/.local/lib/python3.7/site-packages/airflow/example_dags/example_branch_operator.py took 0.068 seconds
[2023-05-18T00:09:13.973+0000] {processor.py:157} INFO - Started process (PID=2658) to work on /home/airflow/.local/lib/python3.7/site-packages/airflow/example_dags/example_branch_operator.py
[2023-05-18T00:09:13.974+0000] {processor.py:826} INFO - Processing file /home/airflow/.local/lib/python3.7/site-packages/airflow/example_dags/example_branch_operator.py for tasks to queue
[2023-05-18T00:09:13.974+0000] {logging_mixin.py:149} INFO - [2023-05-18T00:09:13.974+0000] {dagbag.py:541} INFO - Filling up the DagBag from /home/airflow/.local/lib/python3.7/site-packages/airflow/example_dags/example_branch_operator.py
[2023-05-18T00:09:13.980+0000] {processor.py:836} INFO - DAG(s) dict_keys(['example_branch_operator']) retrieved from /home/airflow/.local/lib/python3.7/site-packages/airflow/example_dags/example_branch_operator.py
[2023-05-18T00:09:13.995+0000] {logging_mixin.py:149} INFO - [2023-05-18T00:09:13.995+0000] {dag.py:2726} INFO - Sync 1 DAGs
[2023-05-18T00:09:14.011+0000] {logging_mixin.py:149} INFO - [2023-05-18T00:09:14.010+0000] {dag.py:3490} INFO - Setting next_dagrun for example_branch_operator to 2023-05-17T00:00:00+00:00, run_after=2023-05-18T00:00:00+00:00
[2023-05-18T00:09:14.026+0000] {processor.py:179} INFO - Processing /home/airflow/.local/lib/python3.7/site-packages/airflow/example_dags/example_branch_operator.py took 0.054 seconds
[2023-05-18T00:09:44.704+0000] {processor.py:157} INFO - Started process (PID=2722) to work on /home/airflow/.local/lib/python3.7/site-packages/airflow/example_dags/example_branch_operator.py
[2023-05-18T00:09:44.722+0000] {processor.py:826} INFO - Processing file /home/airflow/.local/lib/python3.7/site-packages/airflow/example_dags/example_branch_operator.py for tasks to queue
[2023-05-18T00:09:44.722+0000] {logging_mixin.py:149} INFO - [2023-05-18T00:09:44.722+0000] {dagbag.py:541} INFO - Filling up the DagBag from /home/airflow/.local/lib/python3.7/site-packages/airflow/example_dags/example_branch_operator.py
[2023-05-18T00:09:44.727+0000] {processor.py:836} INFO - DAG(s) dict_keys(['example_branch_operator']) retrieved from /home/airflow/.local/lib/python3.7/site-packages/airflow/example_dags/example_branch_operator.py
[2023-05-18T00:09:44.742+0000] {logging_mixin.py:149} INFO - [2023-05-18T00:09:44.742+0000] {dag.py:2726} INFO - Sync 1 DAGs
[2023-05-18T00:09:44.757+0000] {logging_mixin.py:149} INFO - [2023-05-18T00:09:44.757+0000] {dag.py:3490} INFO - Setting next_dagrun for example_branch_operator to 2023-05-17T00:00:00+00:00, run_after=2023-05-18T00:00:00+00:00
[2023-05-18T00:09:44.772+0000] {processor.py:179} INFO - Processing /home/airflow/.local/lib/python3.7/site-packages/airflow/example_dags/example_branch_operator.py took 0.070 seconds
[2023-05-18T00:10:15.419+0000] {processor.py:157} INFO - Started process (PID=2786) to work on /home/airflow/.local/lib/python3.7/site-packages/airflow/example_dags/example_branch_operator.py
[2023-05-18T00:10:15.419+0000] {processor.py:826} INFO - Processing file /home/airflow/.local/lib/python3.7/site-packages/airflow/example_dags/example_branch_operator.py for tasks to queue
[2023-05-18T00:10:15.420+0000] {logging_mixin.py:149} INFO - [2023-05-18T00:10:15.420+0000] {dagbag.py:541} INFO - Filling up the DagBag from /home/airflow/.local/lib/python3.7/site-packages/airflow/example_dags/example_branch_operator.py
[2023-05-18T00:10:15.425+0000] {processor.py:836} INFO - DAG(s) dict_keys(['example_branch_operator']) retrieved from /home/airflow/.local/lib/python3.7/site-packages/airflow/example_dags/example_branch_operator.py
[2023-05-18T00:10:15.441+0000] {logging_mixin.py:149} INFO - [2023-05-18T00:10:15.441+0000] {dag.py:2726} INFO - Sync 1 DAGs
[2023-05-18T00:10:15.456+0000] {logging_mixin.py:149} INFO - [2023-05-18T00:10:15.456+0000] {dag.py:3490} INFO - Setting next_dagrun for example_branch_operator to 2023-05-17T00:00:00+00:00, run_after=2023-05-18T00:00:00+00:00
[2023-05-18T00:10:15.471+0000] {processor.py:179} INFO - Processing /home/airflow/.local/lib/python3.7/site-packages/airflow/example_dags/example_branch_operator.py took 0.055 seconds
[2023-05-18T00:10:46.171+0000] {processor.py:157} INFO - Started process (PID=2850) to work on /home/airflow/.local/lib/python3.7/site-packages/airflow/example_dags/example_branch_operator.py
[2023-05-18T00:10:46.189+0000] {processor.py:826} INFO - Processing file /home/airflow/.local/lib/python3.7/site-packages/airflow/example_dags/example_branch_operator.py for tasks to queue
[2023-05-18T00:10:46.189+0000] {logging_mixin.py:149} INFO - [2023-05-18T00:10:46.189+0000] {dagbag.py:541} INFO - Filling up the DagBag from /home/airflow/.local/lib/python3.7/site-packages/airflow/example_dags/example_branch_operator.py
[2023-05-18T00:10:46.195+0000] {processor.py:836} INFO - DAG(s) dict_keys(['example_branch_operator']) retrieved from /home/airflow/.local/lib/python3.7/site-packages/airflow/example_dags/example_branch_operator.py
[2023-05-18T00:10:46.212+0000] {logging_mixin.py:149} INFO - [2023-05-18T00:10:46.212+0000] {dag.py:2726} INFO - Sync 1 DAGs
[2023-05-18T00:10:46.227+0000] {logging_mixin.py:149} INFO - [2023-05-18T00:10:46.227+0000] {dag.py:3490} INFO - Setting next_dagrun for example_branch_operator to 2023-05-17T00:00:00+00:00, run_after=2023-05-18T00:00:00+00:00
[2023-05-18T00:10:46.239+0000] {processor.py:179} INFO - Processing /home/airflow/.local/lib/python3.7/site-packages/airflow/example_dags/example_branch_operator.py took 0.070 seconds
[2023-05-18T00:11:16.886+0000] {processor.py:157} INFO - Started process (PID=2914) to work on /home/airflow/.local/lib/python3.7/site-packages/airflow/example_dags/example_branch_operator.py
[2023-05-18T00:11:16.904+0000] {processor.py:826} INFO - Processing file /home/airflow/.local/lib/python3.7/site-packages/airflow/example_dags/example_branch_operator.py for tasks to queue
[2023-05-18T00:11:16.905+0000] {logging_mixin.py:149} INFO - [2023-05-18T00:11:16.905+0000] {dagbag.py:541} INFO - Filling up the DagBag from /home/airflow/.local/lib/python3.7/site-packages/airflow/example_dags/example_branch_operator.py
[2023-05-18T00:11:16.911+0000] {processor.py:836} INFO - DAG(s) dict_keys(['example_branch_operator']) retrieved from /home/airflow/.local/lib/python3.7/site-packages/airflow/example_dags/example_branch_operator.py
[2023-05-18T00:11:16.927+0000] {logging_mixin.py:149} INFO - [2023-05-18T00:11:16.927+0000] {dag.py:2726} INFO - Sync 1 DAGs
[2023-05-18T00:11:16.942+0000] {logging_mixin.py:149} INFO - [2023-05-18T00:11:16.942+0000] {dag.py:3490} INFO - Setting next_dagrun for example_branch_operator to 2023-05-17T00:00:00+00:00, run_after=2023-05-18T00:00:00+00:00
[2023-05-18T00:11:16.956+0000] {processor.py:179} INFO - Processing /home/airflow/.local/lib/python3.7/site-packages/airflow/example_dags/example_branch_operator.py took 0.071 seconds
[2023-05-18T00:11:47.587+0000] {processor.py:157} INFO - Started process (PID=2978) to work on /home/airflow/.local/lib/python3.7/site-packages/airflow/example_dags/example_branch_operator.py
[2023-05-18T00:11:47.605+0000] {processor.py:826} INFO - Processing file /home/airflow/.local/lib/python3.7/site-packages/airflow/example_dags/example_branch_operator.py for tasks to queue
[2023-05-18T00:11:47.605+0000] {logging_mixin.py:149} INFO - [2023-05-18T00:11:47.605+0000] {dagbag.py:541} INFO - Filling up the DagBag from /home/airflow/.local/lib/python3.7/site-packages/airflow/example_dags/example_branch_operator.py
[2023-05-18T00:11:47.611+0000] {processor.py:836} INFO - DAG(s) dict_keys(['example_branch_operator']) retrieved from /home/airflow/.local/lib/python3.7/site-packages/airflow/example_dags/example_branch_operator.py
[2023-05-18T00:11:47.627+0000] {logging_mixin.py:149} INFO - [2023-05-18T00:11:47.627+0000] {dag.py:2726} INFO - Sync 1 DAGs
[2023-05-18T00:11:47.642+0000] {logging_mixin.py:149} INFO - [2023-05-18T00:11:47.642+0000] {dag.py:3490} INFO - Setting next_dagrun for example_branch_operator to 2023-05-17T00:00:00+00:00, run_after=2023-05-18T00:00:00+00:00
[2023-05-18T00:11:47.654+0000] {processor.py:179} INFO - Processing /home/airflow/.local/lib/python3.7/site-packages/airflow/example_dags/example_branch_operator.py took 0.069 seconds
[2023-05-18T00:12:18.266+0000] {processor.py:157} INFO - Started process (PID=3049) to work on /home/airflow/.local/lib/python3.7/site-packages/airflow/example_dags/example_branch_operator.py
[2023-05-18T00:12:18.286+0000] {processor.py:826} INFO - Processing file /home/airflow/.local/lib/python3.7/site-packages/airflow/example_dags/example_branch_operator.py for tasks to queue
[2023-05-18T00:12:18.286+0000] {logging_mixin.py:149} INFO - [2023-05-18T00:12:18.286+0000] {dagbag.py:541} INFO - Filling up the DagBag from /home/airflow/.local/lib/python3.7/site-packages/airflow/example_dags/example_branch_operator.py
[2023-05-18T00:12:18.292+0000] {processor.py:836} INFO - DAG(s) dict_keys(['example_branch_operator']) retrieved from /home/airflow/.local/lib/python3.7/site-packages/airflow/example_dags/example_branch_operator.py
[2023-05-18T00:12:18.308+0000] {logging_mixin.py:149} INFO - [2023-05-18T00:12:18.308+0000] {dag.py:2726} INFO - Sync 1 DAGs
[2023-05-18T00:12:18.325+0000] {logging_mixin.py:149} INFO - [2023-05-18T00:12:18.325+0000] {dag.py:3490} INFO - Setting next_dagrun for example_branch_operator to 2023-05-17T00:00:00+00:00, run_after=2023-05-18T00:00:00+00:00
[2023-05-18T00:12:18.337+0000] {processor.py:179} INFO - Processing /home/airflow/.local/lib/python3.7/site-packages/airflow/example_dags/example_branch_operator.py took 0.073 seconds
[2023-05-18T00:12:48.986+0000] {processor.py:157} INFO - Started process (PID=3113) to work on /home/airflow/.local/lib/python3.7/site-packages/airflow/example_dags/example_branch_operator.py
[2023-05-18T00:12:49.005+0000] {processor.py:826} INFO - Processing file /home/airflow/.local/lib/python3.7/site-packages/airflow/example_dags/example_branch_operator.py for tasks to queue
[2023-05-18T00:12:49.005+0000] {logging_mixin.py:149} INFO - [2023-05-18T00:12:49.005+0000] {dagbag.py:541} INFO - Filling up the DagBag from /home/airflow/.local/lib/python3.7/site-packages/airflow/example_dags/example_branch_operator.py
[2023-05-18T00:12:49.011+0000] {processor.py:836} INFO - DAG(s) dict_keys(['example_branch_operator']) retrieved from /home/airflow/.local/lib/python3.7/site-packages/airflow/example_dags/example_branch_operator.py
[2023-05-18T00:12:49.025+0000] {logging_mixin.py:149} INFO - [2023-05-18T00:12:49.025+0000] {dag.py:2726} INFO - Sync 1 DAGs
[2023-05-18T00:12:49.040+0000] {logging_mixin.py:149} INFO - [2023-05-18T00:12:49.040+0000] {dag.py:3490} INFO - Setting next_dagrun for example_branch_operator to 2023-05-17T00:00:00+00:00, run_after=2023-05-18T00:00:00+00:00
[2023-05-18T00:12:49.053+0000] {processor.py:179} INFO - Processing /home/airflow/.local/lib/python3.7/site-packages/airflow/example_dags/example_branch_operator.py took 0.069 seconds
[2023-05-18T00:13:19.695+0000] {processor.py:157} INFO - Started process (PID=3177) to work on /home/airflow/.local/lib/python3.7/site-packages/airflow/example_dags/example_branch_operator.py
[2023-05-18T00:13:19.713+0000] {processor.py:826} INFO - Processing file /home/airflow/.local/lib/python3.7/site-packages/airflow/example_dags/example_branch_operator.py for tasks to queue
[2023-05-18T00:13:19.714+0000] {logging_mixin.py:149} INFO - [2023-05-18T00:13:19.713+0000] {dagbag.py:541} INFO - Filling up the DagBag from /home/airflow/.local/lib/python3.7/site-packages/airflow/example_dags/example_branch_operator.py
[2023-05-18T00:13:19.719+0000] {processor.py:836} INFO - DAG(s) dict_keys(['example_branch_operator']) retrieved from /home/airflow/.local/lib/python3.7/site-packages/airflow/example_dags/example_branch_operator.py
[2023-05-18T00:13:19.742+0000] {logging_mixin.py:149} INFO - [2023-05-18T00:13:19.742+0000] {dag.py:2726} INFO - Sync 1 DAGs
[2023-05-18T00:13:19.759+0000] {logging_mixin.py:149} INFO - [2023-05-18T00:13:19.758+0000] {dag.py:3490} INFO - Setting next_dagrun for example_branch_operator to 2023-05-17T00:00:00+00:00, run_after=2023-05-18T00:00:00+00:00
[2023-05-18T00:13:19.773+0000] {processor.py:179} INFO - Processing /home/airflow/.local/lib/python3.7/site-packages/airflow/example_dags/example_branch_operator.py took 0.080 seconds
[2023-05-18T00:13:50.378+0000] {processor.py:157} INFO - Started process (PID=3241) to work on /home/airflow/.local/lib/python3.7/site-packages/airflow/example_dags/example_branch_operator.py
[2023-05-18T00:13:50.378+0000] {processor.py:826} INFO - Processing file /home/airflow/.local/lib/python3.7/site-packages/airflow/example_dags/example_branch_operator.py for tasks to queue
[2023-05-18T00:13:50.379+0000] {logging_mixin.py:149} INFO - [2023-05-18T00:13:50.379+0000] {dagbag.py:541} INFO - Filling up the DagBag from /home/airflow/.local/lib/python3.7/site-packages/airflow/example_dags/example_branch_operator.py
[2023-05-18T00:13:50.384+0000] {processor.py:836} INFO - DAG(s) dict_keys(['example_branch_operator']) retrieved from /home/airflow/.local/lib/python3.7/site-packages/airflow/example_dags/example_branch_operator.py
[2023-05-18T00:13:50.398+0000] {logging_mixin.py:149} INFO - [2023-05-18T00:13:50.398+0000] {dag.py:2726} INFO - Sync 1 DAGs
[2023-05-18T00:13:50.413+0000] {logging_mixin.py:149} INFO - [2023-05-18T00:13:50.413+0000] {dag.py:3490} INFO - Setting next_dagrun for example_branch_operator to 2023-05-17T00:00:00+00:00, run_after=2023-05-18T00:00:00+00:00
[2023-05-18T00:13:50.429+0000] {processor.py:179} INFO - Processing /home/airflow/.local/lib/python3.7/site-packages/airflow/example_dags/example_branch_operator.py took 0.054 seconds
[2023-05-18T00:14:20.933+0000] {processor.py:157} INFO - Started process (PID=3305) to work on /home/airflow/.local/lib/python3.7/site-packages/airflow/example_dags/example_branch_operator.py
[2023-05-18T00:14:20.950+0000] {processor.py:826} INFO - Processing file /home/airflow/.local/lib/python3.7/site-packages/airflow/example_dags/example_branch_operator.py for tasks to queue
[2023-05-18T00:14:20.950+0000] {logging_mixin.py:149} INFO - [2023-05-18T00:14:20.950+0000] {dagbag.py:541} INFO - Filling up the DagBag from /home/airflow/.local/lib/python3.7/site-packages/airflow/example_dags/example_branch_operator.py
[2023-05-18T00:14:20.956+0000] {processor.py:836} INFO - DAG(s) dict_keys(['example_branch_operator']) retrieved from /home/airflow/.local/lib/python3.7/site-packages/airflow/example_dags/example_branch_operator.py
[2023-05-18T00:14:20.972+0000] {logging_mixin.py:149} INFO - [2023-05-18T00:14:20.972+0000] {dag.py:2726} INFO - Sync 1 DAGs
[2023-05-18T00:14:20.988+0000] {logging_mixin.py:149} INFO - [2023-05-18T00:14:20.987+0000] {dag.py:3490} INFO - Setting next_dagrun for example_branch_operator to 2023-05-17T00:00:00+00:00, run_after=2023-05-18T00:00:00+00:00
[2023-05-18T00:14:21.001+0000] {processor.py:179} INFO - Processing /home/airflow/.local/lib/python3.7/site-packages/airflow/example_dags/example_branch_operator.py took 0.070 seconds
[2023-05-18T00:14:51.633+0000] {processor.py:157} INFO - Started process (PID=3369) to work on /home/airflow/.local/lib/python3.7/site-packages/airflow/example_dags/example_branch_operator.py
[2023-05-18T00:14:51.633+0000] {processor.py:826} INFO - Processing file /home/airflow/.local/lib/python3.7/site-packages/airflow/example_dags/example_branch_operator.py for tasks to queue
[2023-05-18T00:14:51.634+0000] {logging_mixin.py:149} INFO - [2023-05-18T00:14:51.634+0000] {dagbag.py:541} INFO - Filling up the DagBag from /home/airflow/.local/lib/python3.7/site-packages/airflow/example_dags/example_branch_operator.py
[2023-05-18T00:14:51.639+0000] {processor.py:836} INFO - DAG(s) dict_keys(['example_branch_operator']) retrieved from /home/airflow/.local/lib/python3.7/site-packages/airflow/example_dags/example_branch_operator.py
[2023-05-18T00:14:51.654+0000] {logging_mixin.py:149} INFO - [2023-05-18T00:14:51.654+0000] {dag.py:2726} INFO - Sync 1 DAGs
[2023-05-18T00:14:51.669+0000] {logging_mixin.py:149} INFO - [2023-05-18T00:14:51.668+0000] {dag.py:3490} INFO - Setting next_dagrun for example_branch_operator to 2023-05-17T00:00:00+00:00, run_after=2023-05-18T00:00:00+00:00
[2023-05-18T00:14:51.687+0000] {processor.py:179} INFO - Processing /home/airflow/.local/lib/python3.7/site-packages/airflow/example_dags/example_branch_operator.py took 0.057 seconds
[2023-05-18T00:15:22.230+0000] {processor.py:157} INFO - Started process (PID=3433) to work on /home/airflow/.local/lib/python3.7/site-packages/airflow/example_dags/example_branch_operator.py
[2023-05-18T00:15:22.248+0000] {processor.py:826} INFO - Processing file /home/airflow/.local/lib/python3.7/site-packages/airflow/example_dags/example_branch_operator.py for tasks to queue
[2023-05-18T00:15:22.248+0000] {logging_mixin.py:149} INFO - [2023-05-18T00:15:22.248+0000] {dagbag.py:541} INFO - Filling up the DagBag from /home/airflow/.local/lib/python3.7/site-packages/airflow/example_dags/example_branch_operator.py
[2023-05-18T00:15:22.253+0000] {processor.py:836} INFO - DAG(s) dict_keys(['example_branch_operator']) retrieved from /home/airflow/.local/lib/python3.7/site-packages/airflow/example_dags/example_branch_operator.py
[2023-05-18T00:15:22.269+0000] {logging_mixin.py:149} INFO - [2023-05-18T00:15:22.269+0000] {dag.py:2726} INFO - Sync 1 DAGs
[2023-05-18T00:15:22.283+0000] {logging_mixin.py:149} INFO - [2023-05-18T00:15:22.283+0000] {dag.py:3490} INFO - Setting next_dagrun for example_branch_operator to 2023-05-17T00:00:00+00:00, run_after=2023-05-18T00:00:00+00:00
[2023-05-18T00:15:22.295+0000] {processor.py:179} INFO - Processing /home/airflow/.local/lib/python3.7/site-packages/airflow/example_dags/example_branch_operator.py took 0.067 seconds
[2023-05-18T00:15:52.898+0000] {processor.py:157} INFO - Started process (PID=3497) to work on /home/airflow/.local/lib/python3.7/site-packages/airflow/example_dags/example_branch_operator.py
[2023-05-18T00:15:52.899+0000] {processor.py:826} INFO - Processing file /home/airflow/.local/lib/python3.7/site-packages/airflow/example_dags/example_branch_operator.py for tasks to queue
[2023-05-18T00:15:52.899+0000] {logging_mixin.py:149} INFO - [2023-05-18T00:15:52.899+0000] {dagbag.py:541} INFO - Filling up the DagBag from /home/airflow/.local/lib/python3.7/site-packages/airflow/example_dags/example_branch_operator.py
[2023-05-18T00:15:52.904+0000] {processor.py:836} INFO - DAG(s) dict_keys(['example_branch_operator']) retrieved from /home/airflow/.local/lib/python3.7/site-packages/airflow/example_dags/example_branch_operator.py
[2023-05-18T00:15:52.920+0000] {logging_mixin.py:149} INFO - [2023-05-18T00:15:52.919+0000] {dag.py:2726} INFO - Sync 1 DAGs
[2023-05-18T00:15:52.935+0000] {logging_mixin.py:149} INFO - [2023-05-18T00:15:52.935+0000] {dag.py:3490} INFO - Setting next_dagrun for example_branch_operator to 2023-05-17T00:00:00+00:00, run_after=2023-05-18T00:00:00+00:00
[2023-05-18T00:15:52.952+0000] {processor.py:179} INFO - Processing /home/airflow/.local/lib/python3.7/site-packages/airflow/example_dags/example_branch_operator.py took 0.056 seconds
[2023-05-18T00:16:23.485+0000] {processor.py:157} INFO - Started process (PID=3561) to work on /home/airflow/.local/lib/python3.7/site-packages/airflow/example_dags/example_branch_operator.py
[2023-05-18T00:16:23.504+0000] {processor.py:826} INFO - Processing file /home/airflow/.local/lib/python3.7/site-packages/airflow/example_dags/example_branch_operator.py for tasks to queue
[2023-05-18T00:16:23.504+0000] {logging_mixin.py:149} INFO - [2023-05-18T00:16:23.504+0000] {dagbag.py:541} INFO - Filling up the DagBag from /home/airflow/.local/lib/python3.7/site-packages/airflow/example_dags/example_branch_operator.py
[2023-05-18T00:16:23.510+0000] {processor.py:836} INFO - DAG(s) dict_keys(['example_branch_operator']) retrieved from /home/airflow/.local/lib/python3.7/site-packages/airflow/example_dags/example_branch_operator.py
[2023-05-18T00:16:23.526+0000] {logging_mixin.py:149} INFO - [2023-05-18T00:16:23.526+0000] {dag.py:2726} INFO - Sync 1 DAGs
[2023-05-18T00:16:23.541+0000] {logging_mixin.py:149} INFO - [2023-05-18T00:16:23.541+0000] {dag.py:3490} INFO - Setting next_dagrun for example_branch_operator to 2023-05-17T00:00:00+00:00, run_after=2023-05-18T00:00:00+00:00
[2023-05-18T00:16:23.553+0000] {processor.py:179} INFO - Processing /home/airflow/.local/lib/python3.7/site-packages/airflow/example_dags/example_branch_operator.py took 0.070 seconds
[2023-05-18T00:16:54.170+0000] {processor.py:157} INFO - Started process (PID=3625) to work on /home/airflow/.local/lib/python3.7/site-packages/airflow/example_dags/example_branch_operator.py
[2023-05-18T00:16:54.188+0000] {processor.py:826} INFO - Processing file /home/airflow/.local/lib/python3.7/site-packages/airflow/example_dags/example_branch_operator.py for tasks to queue
[2023-05-18T00:16:54.189+0000] {logging_mixin.py:149} INFO - [2023-05-18T00:16:54.189+0000] {dagbag.py:541} INFO - Filling up the DagBag from /home/airflow/.local/lib/python3.7/site-packages/airflow/example_dags/example_branch_operator.py
[2023-05-18T00:16:54.194+0000] {processor.py:836} INFO - DAG(s) dict_keys(['example_branch_operator']) retrieved from /home/airflow/.local/lib/python3.7/site-packages/airflow/example_dags/example_branch_operator.py
[2023-05-18T00:16:54.210+0000] {logging_mixin.py:149} INFO - [2023-05-18T00:16:54.210+0000] {dag.py:2726} INFO - Sync 1 DAGs
[2023-05-18T00:16:54.225+0000] {logging_mixin.py:149} INFO - [2023-05-18T00:16:54.225+0000] {dag.py:3490} INFO - Setting next_dagrun for example_branch_operator to 2023-05-17T00:00:00+00:00, run_after=2023-05-18T00:00:00+00:00
[2023-05-18T00:16:54.237+0000] {processor.py:179} INFO - Processing /home/airflow/.local/lib/python3.7/site-packages/airflow/example_dags/example_branch_operator.py took 0.069 seconds
