[2023-05-17T23:27:45.341+0000] {processor.py:157} INFO - Started process (PID=38) to work on /home/airflow/.local/lib/python3.7/site-packages/airflow/example_dags/example_dag_decorator.py
[2023-05-17T23:27:45.341+0000] {processor.py:826} INFO - Processing file /home/airflow/.local/lib/python3.7/site-packages/airflow/example_dags/example_dag_decorator.py for tasks to queue
[2023-05-17T23:27:45.342+0000] {logging_mixin.py:149} INFO - [2023-05-17T23:27:45.342+0000] {dagbag.py:541} INFO - Filling up the DagBag from /home/airflow/.local/lib/python3.7/site-packages/airflow/example_dags/example_dag_decorator.py
[2023-05-17T23:27:45.345+0000] {logging_mixin.py:149} INFO - [2023-05-17T23:27:45.345+0000] {taskmixin.py:211} WARNING - Dependency <Task(_PythonDecoratedOperator): prepare_email>, send_email already registered for DAG: example_dag_decorator
[2023-05-17T23:27:45.346+0000] {logging_mixin.py:149} INFO - [2023-05-17T23:27:45.346+0000] {taskmixin.py:211} WARNING - Dependency <Task(EmailOperator): send_email>, prepare_email already registered for DAG: example_dag_decorator
[2023-05-17T23:27:45.353+0000] {processor.py:836} INFO - DAG(s) dict_keys(['example_dag_decorator']) retrieved from /home/airflow/.local/lib/python3.7/site-packages/airflow/example_dags/example_dag_decorator.py
[2023-05-17T23:27:45.361+0000] {logging_mixin.py:149} INFO - [2023-05-17T23:27:45.361+0000] {dag.py:2726} INFO - Sync 1 DAGs
[2023-05-17T23:27:45.374+0000] {logging_mixin.py:149} INFO - [2023-05-17T23:27:45.374+0000] {dag.py:3490} INFO - Setting next_dagrun for example_dag_decorator to None, run_after=None
[2023-05-17T23:27:45.385+0000] {processor.py:179} INFO - Processing /home/airflow/.local/lib/python3.7/site-packages/airflow/example_dags/example_dag_decorator.py took 0.046 seconds
[2023-05-17T23:28:16.332+0000] {processor.py:157} INFO - Started process (PID=102) to work on /home/airflow/.local/lib/python3.7/site-packages/airflow/example_dags/example_dag_decorator.py
[2023-05-17T23:28:16.333+0000] {processor.py:826} INFO - Processing file /home/airflow/.local/lib/python3.7/site-packages/airflow/example_dags/example_dag_decorator.py for tasks to queue
[2023-05-17T23:28:16.333+0000] {logging_mixin.py:149} INFO - [2023-05-17T23:28:16.333+0000] {dagbag.py:541} INFO - Filling up the DagBag from /home/airflow/.local/lib/python3.7/site-packages/airflow/example_dags/example_dag_decorator.py
[2023-05-17T23:28:16.336+0000] {logging_mixin.py:149} INFO - [2023-05-17T23:28:16.336+0000] {taskmixin.py:211} WARNING - Dependency <Task(_PythonDecoratedOperator): prepare_email>, send_email already registered for DAG: example_dag_decorator
[2023-05-17T23:28:16.336+0000] {logging_mixin.py:149} INFO - [2023-05-17T23:28:16.336+0000] {taskmixin.py:211} WARNING - Dependency <Task(EmailOperator): send_email>, prepare_email already registered for DAG: example_dag_decorator
[2023-05-17T23:28:16.341+0000] {processor.py:836} INFO - DAG(s) dict_keys(['example_dag_decorator']) retrieved from /home/airflow/.local/lib/python3.7/site-packages/airflow/example_dags/example_dag_decorator.py
[2023-05-17T23:28:16.374+0000] {logging_mixin.py:149} INFO - [2023-05-17T23:28:16.374+0000] {dag.py:2726} INFO - Sync 1 DAGs
[2023-05-17T23:28:16.386+0000] {logging_mixin.py:149} INFO - [2023-05-17T23:28:16.386+0000] {dag.py:3490} INFO - Setting next_dagrun for example_dag_decorator to None, run_after=None
[2023-05-17T23:28:16.397+0000] {processor.py:179} INFO - Processing /home/airflow/.local/lib/python3.7/site-packages/airflow/example_dags/example_dag_decorator.py took 0.067 seconds
[2023-05-17T23:28:46.793+0000] {processor.py:157} INFO - Started process (PID=166) to work on /home/airflow/.local/lib/python3.7/site-packages/airflow/example_dags/example_dag_decorator.py
[2023-05-17T23:28:46.793+0000] {processor.py:826} INFO - Processing file /home/airflow/.local/lib/python3.7/site-packages/airflow/example_dags/example_dag_decorator.py for tasks to queue
[2023-05-17T23:28:46.793+0000] {logging_mixin.py:149} INFO - [2023-05-17T23:28:46.793+0000] {dagbag.py:541} INFO - Filling up the DagBag from /home/airflow/.local/lib/python3.7/site-packages/airflow/example_dags/example_dag_decorator.py
[2023-05-17T23:28:46.797+0000] {logging_mixin.py:149} INFO - [2023-05-17T23:28:46.797+0000] {taskmixin.py:211} WARNING - Dependency <Task(_PythonDecoratedOperator): prepare_email>, send_email already registered for DAG: example_dag_decorator
[2023-05-17T23:28:46.797+0000] {logging_mixin.py:149} INFO - [2023-05-17T23:28:46.797+0000] {taskmixin.py:211} WARNING - Dependency <Task(EmailOperator): send_email>, prepare_email already registered for DAG: example_dag_decorator
[2023-05-17T23:28:46.801+0000] {processor.py:836} INFO - DAG(s) dict_keys(['example_dag_decorator']) retrieved from /home/airflow/.local/lib/python3.7/site-packages/airflow/example_dags/example_dag_decorator.py
[2023-05-17T23:28:46.835+0000] {logging_mixin.py:149} INFO - [2023-05-17T23:28:46.835+0000] {dag.py:2726} INFO - Sync 1 DAGs
[2023-05-17T23:28:46.847+0000] {logging_mixin.py:149} INFO - [2023-05-17T23:28:46.847+0000] {dag.py:3490} INFO - Setting next_dagrun for example_dag_decorator to None, run_after=None
[2023-05-17T23:28:46.859+0000] {processor.py:179} INFO - Processing /home/airflow/.local/lib/python3.7/site-packages/airflow/example_dags/example_dag_decorator.py took 0.068 seconds
[2023-05-17T23:29:17.252+0000] {processor.py:157} INFO - Started process (PID=230) to work on /home/airflow/.local/lib/python3.7/site-packages/airflow/example_dags/example_dag_decorator.py
[2023-05-17T23:29:17.253+0000] {processor.py:826} INFO - Processing file /home/airflow/.local/lib/python3.7/site-packages/airflow/example_dags/example_dag_decorator.py for tasks to queue
[2023-05-17T23:29:17.253+0000] {logging_mixin.py:149} INFO - [2023-05-17T23:29:17.253+0000] {dagbag.py:541} INFO - Filling up the DagBag from /home/airflow/.local/lib/python3.7/site-packages/airflow/example_dags/example_dag_decorator.py
[2023-05-17T23:29:17.258+0000] {logging_mixin.py:149} INFO - [2023-05-17T23:29:17.258+0000] {taskmixin.py:211} WARNING - Dependency <Task(_PythonDecoratedOperator): prepare_email>, send_email already registered for DAG: example_dag_decorator
[2023-05-17T23:29:17.258+0000] {logging_mixin.py:149} INFO - [2023-05-17T23:29:17.258+0000] {taskmixin.py:211} WARNING - Dependency <Task(EmailOperator): send_email>, prepare_email already registered for DAG: example_dag_decorator
[2023-05-17T23:29:17.264+0000] {processor.py:836} INFO - DAG(s) dict_keys(['example_dag_decorator']) retrieved from /home/airflow/.local/lib/python3.7/site-packages/airflow/example_dags/example_dag_decorator.py
[2023-05-17T23:29:17.301+0000] {logging_mixin.py:149} INFO - [2023-05-17T23:29:17.301+0000] {dag.py:2726} INFO - Sync 1 DAGs
[2023-05-17T23:29:17.313+0000] {logging_mixin.py:149} INFO - [2023-05-17T23:29:17.313+0000] {dag.py:3490} INFO - Setting next_dagrun for example_dag_decorator to None, run_after=None
[2023-05-17T23:29:17.327+0000] {processor.py:179} INFO - Processing /home/airflow/.local/lib/python3.7/site-packages/airflow/example_dags/example_dag_decorator.py took 0.077 seconds
[2023-05-17T23:29:47.771+0000] {processor.py:157} INFO - Started process (PID=294) to work on /home/airflow/.local/lib/python3.7/site-packages/airflow/example_dags/example_dag_decorator.py
[2023-05-17T23:29:47.772+0000] {processor.py:826} INFO - Processing file /home/airflow/.local/lib/python3.7/site-packages/airflow/example_dags/example_dag_decorator.py for tasks to queue
[2023-05-17T23:29:47.772+0000] {logging_mixin.py:149} INFO - [2023-05-17T23:29:47.772+0000] {dagbag.py:541} INFO - Filling up the DagBag from /home/airflow/.local/lib/python3.7/site-packages/airflow/example_dags/example_dag_decorator.py
[2023-05-17T23:29:47.776+0000] {logging_mixin.py:149} INFO - [2023-05-17T23:29:47.776+0000] {taskmixin.py:211} WARNING - Dependency <Task(_PythonDecoratedOperator): prepare_email>, send_email already registered for DAG: example_dag_decorator
[2023-05-17T23:29:47.776+0000] {logging_mixin.py:149} INFO - [2023-05-17T23:29:47.776+0000] {taskmixin.py:211} WARNING - Dependency <Task(EmailOperator): send_email>, prepare_email already registered for DAG: example_dag_decorator
[2023-05-17T23:29:47.780+0000] {processor.py:836} INFO - DAG(s) dict_keys(['example_dag_decorator']) retrieved from /home/airflow/.local/lib/python3.7/site-packages/airflow/example_dags/example_dag_decorator.py
[2023-05-17T23:29:47.816+0000] {logging_mixin.py:149} INFO - [2023-05-17T23:29:47.816+0000] {dag.py:2726} INFO - Sync 1 DAGs
[2023-05-17T23:29:47.828+0000] {logging_mixin.py:149} INFO - [2023-05-17T23:29:47.828+0000] {dag.py:3490} INFO - Setting next_dagrun for example_dag_decorator to None, run_after=None
[2023-05-17T23:29:47.840+0000] {processor.py:179} INFO - Processing /home/airflow/.local/lib/python3.7/site-packages/airflow/example_dags/example_dag_decorator.py took 0.070 seconds
[2023-05-17T23:30:31.002+0000] {processor.py:157} INFO - Started process (PID=39) to work on /home/airflow/.local/lib/python3.7/site-packages/airflow/example_dags/example_dag_decorator.py
[2023-05-17T23:30:31.010+0000] {processor.py:826} INFO - Processing file /home/airflow/.local/lib/python3.7/site-packages/airflow/example_dags/example_dag_decorator.py for tasks to queue
[2023-05-17T23:30:31.010+0000] {logging_mixin.py:149} INFO - [2023-05-17T23:30:31.010+0000] {dagbag.py:541} INFO - Filling up the DagBag from /home/airflow/.local/lib/python3.7/site-packages/airflow/example_dags/example_dag_decorator.py
[2023-05-17T23:30:31.014+0000] {logging_mixin.py:149} INFO - [2023-05-17T23:30:31.013+0000] {taskmixin.py:211} WARNING - Dependency <Task(_PythonDecoratedOperator): prepare_email>, send_email already registered for DAG: example_dag_decorator
[2023-05-17T23:30:31.014+0000] {logging_mixin.py:149} INFO - [2023-05-17T23:30:31.014+0000] {taskmixin.py:211} WARNING - Dependency <Task(EmailOperator): send_email>, prepare_email already registered for DAG: example_dag_decorator
[2023-05-17T23:30:31.019+0000] {processor.py:836} INFO - DAG(s) dict_keys(['example_dag_decorator']) retrieved from /home/airflow/.local/lib/python3.7/site-packages/airflow/example_dags/example_dag_decorator.py
[2023-05-17T23:30:31.027+0000] {logging_mixin.py:149} INFO - [2023-05-17T23:30:31.027+0000] {dag.py:2726} INFO - Sync 1 DAGs
[2023-05-17T23:30:31.041+0000] {logging_mixin.py:149} INFO - [2023-05-17T23:30:31.041+0000] {dag.py:3490} INFO - Setting next_dagrun for example_dag_decorator to None, run_after=None
[2023-05-17T23:30:31.078+0000] {processor.py:179} INFO - Processing /home/airflow/.local/lib/python3.7/site-packages/airflow/example_dags/example_dag_decorator.py took 0.077 seconds
[2023-05-17T23:31:01.680+0000] {processor.py:157} INFO - Started process (PID=103) to work on /home/airflow/.local/lib/python3.7/site-packages/airflow/example_dags/example_dag_decorator.py
[2023-05-17T23:31:01.681+0000] {processor.py:826} INFO - Processing file /home/airflow/.local/lib/python3.7/site-packages/airflow/example_dags/example_dag_decorator.py for tasks to queue
[2023-05-17T23:31:01.681+0000] {logging_mixin.py:149} INFO - [2023-05-17T23:31:01.681+0000] {dagbag.py:541} INFO - Filling up the DagBag from /home/airflow/.local/lib/python3.7/site-packages/airflow/example_dags/example_dag_decorator.py
[2023-05-17T23:31:01.685+0000] {logging_mixin.py:149} INFO - [2023-05-17T23:31:01.685+0000] {taskmixin.py:211} WARNING - Dependency <Task(_PythonDecoratedOperator): prepare_email>, send_email already registered for DAG: example_dag_decorator
[2023-05-17T23:31:01.685+0000] {logging_mixin.py:149} INFO - [2023-05-17T23:31:01.685+0000] {taskmixin.py:211} WARNING - Dependency <Task(EmailOperator): send_email>, prepare_email already registered for DAG: example_dag_decorator
[2023-05-17T23:31:01.689+0000] {processor.py:836} INFO - DAG(s) dict_keys(['example_dag_decorator']) retrieved from /home/airflow/.local/lib/python3.7/site-packages/airflow/example_dags/example_dag_decorator.py
[2023-05-17T23:31:01.724+0000] {logging_mixin.py:149} INFO - [2023-05-17T23:31:01.724+0000] {dag.py:2726} INFO - Sync 1 DAGs
[2023-05-17T23:31:01.736+0000] {logging_mixin.py:149} INFO - [2023-05-17T23:31:01.736+0000] {dag.py:3490} INFO - Setting next_dagrun for example_dag_decorator to None, run_after=None
[2023-05-17T23:31:01.812+0000] {processor.py:179} INFO - Processing /home/airflow/.local/lib/python3.7/site-packages/airflow/example_dags/example_dag_decorator.py took 0.133 seconds
[2023-05-17T23:31:32.074+0000] {processor.py:157} INFO - Started process (PID=167) to work on /home/airflow/.local/lib/python3.7/site-packages/airflow/example_dags/example_dag_decorator.py
[2023-05-17T23:31:32.075+0000] {processor.py:826} INFO - Processing file /home/airflow/.local/lib/python3.7/site-packages/airflow/example_dags/example_dag_decorator.py for tasks to queue
[2023-05-17T23:31:32.076+0000] {logging_mixin.py:149} INFO - [2023-05-17T23:31:32.076+0000] {dagbag.py:541} INFO - Filling up the DagBag from /home/airflow/.local/lib/python3.7/site-packages/airflow/example_dags/example_dag_decorator.py
[2023-05-17T23:31:32.080+0000] {logging_mixin.py:149} INFO - [2023-05-17T23:31:32.079+0000] {taskmixin.py:211} WARNING - Dependency <Task(_PythonDecoratedOperator): prepare_email>, send_email already registered for DAG: example_dag_decorator
[2023-05-17T23:31:32.080+0000] {logging_mixin.py:149} INFO - [2023-05-17T23:31:32.080+0000] {taskmixin.py:211} WARNING - Dependency <Task(EmailOperator): send_email>, prepare_email already registered for DAG: example_dag_decorator
[2023-05-17T23:31:32.084+0000] {processor.py:836} INFO - DAG(s) dict_keys(['example_dag_decorator']) retrieved from /home/airflow/.local/lib/python3.7/site-packages/airflow/example_dags/example_dag_decorator.py
[2023-05-17T23:31:32.188+0000] {logging_mixin.py:149} INFO - [2023-05-17T23:31:32.188+0000] {dag.py:2726} INFO - Sync 1 DAGs
[2023-05-17T23:31:32.200+0000] {logging_mixin.py:149} INFO - [2023-05-17T23:31:32.200+0000] {dag.py:3490} INFO - Setting next_dagrun for example_dag_decorator to None, run_after=None
[2023-05-17T23:31:32.214+0000] {processor.py:179} INFO - Processing /home/airflow/.local/lib/python3.7/site-packages/airflow/example_dags/example_dag_decorator.py took 0.142 seconds
[2023-05-17T23:34:32.718+0000] {processor.py:157} INFO - Started process (PID=39) to work on /home/airflow/.local/lib/python3.7/site-packages/airflow/example_dags/example_dag_decorator.py
[2023-05-17T23:34:32.727+0000] {processor.py:826} INFO - Processing file /home/airflow/.local/lib/python3.7/site-packages/airflow/example_dags/example_dag_decorator.py for tasks to queue
[2023-05-17T23:34:32.727+0000] {logging_mixin.py:149} INFO - [2023-05-17T23:34:32.727+0000] {dagbag.py:541} INFO - Filling up the DagBag from /home/airflow/.local/lib/python3.7/site-packages/airflow/example_dags/example_dag_decorator.py
[2023-05-17T23:34:32.731+0000] {logging_mixin.py:149} INFO - [2023-05-17T23:34:32.731+0000] {taskmixin.py:211} WARNING - Dependency <Task(_PythonDecoratedOperator): prepare_email>, send_email already registered for DAG: example_dag_decorator
[2023-05-17T23:34:32.731+0000] {logging_mixin.py:149} INFO - [2023-05-17T23:34:32.731+0000] {taskmixin.py:211} WARNING - Dependency <Task(EmailOperator): send_email>, prepare_email already registered for DAG: example_dag_decorator
[2023-05-17T23:34:32.737+0000] {processor.py:836} INFO - DAG(s) dict_keys(['example_dag_decorator']) retrieved from /home/airflow/.local/lib/python3.7/site-packages/airflow/example_dags/example_dag_decorator.py
[2023-05-17T23:34:32.746+0000] {logging_mixin.py:149} INFO - [2023-05-17T23:34:32.745+0000] {dag.py:2726} INFO - Sync 1 DAGs
[2023-05-17T23:34:32.760+0000] {logging_mixin.py:149} INFO - [2023-05-17T23:34:32.760+0000] {dag.py:3490} INFO - Setting next_dagrun for example_dag_decorator to None, run_after=None
[2023-05-17T23:34:32.773+0000] {processor.py:179} INFO - Processing /home/airflow/.local/lib/python3.7/site-packages/airflow/example_dags/example_dag_decorator.py took 0.057 seconds
[2023-05-17T23:35:02.838+0000] {processor.py:157} INFO - Started process (PID=103) to work on /home/airflow/.local/lib/python3.7/site-packages/airflow/example_dags/example_dag_decorator.py
[2023-05-17T23:35:02.848+0000] {processor.py:826} INFO - Processing file /home/airflow/.local/lib/python3.7/site-packages/airflow/example_dags/example_dag_decorator.py for tasks to queue
[2023-05-17T23:35:02.848+0000] {logging_mixin.py:149} INFO - [2023-05-17T23:35:02.848+0000] {dagbag.py:541} INFO - Filling up the DagBag from /home/airflow/.local/lib/python3.7/site-packages/airflow/example_dags/example_dag_decorator.py
[2023-05-17T23:35:02.852+0000] {logging_mixin.py:149} INFO - [2023-05-17T23:35:02.852+0000] {taskmixin.py:211} WARNING - Dependency <Task(_PythonDecoratedOperator): prepare_email>, send_email already registered for DAG: example_dag_decorator
[2023-05-17T23:35:02.852+0000] {logging_mixin.py:149} INFO - [2023-05-17T23:35:02.852+0000] {taskmixin.py:211} WARNING - Dependency <Task(EmailOperator): send_email>, prepare_email already registered for DAG: example_dag_decorator
[2023-05-17T23:35:02.856+0000] {processor.py:836} INFO - DAG(s) dict_keys(['example_dag_decorator']) retrieved from /home/airflow/.local/lib/python3.7/site-packages/airflow/example_dags/example_dag_decorator.py
[2023-05-17T23:35:02.891+0000] {logging_mixin.py:149} INFO - [2023-05-17T23:35:02.891+0000] {dag.py:2726} INFO - Sync 1 DAGs
[2023-05-17T23:35:02.903+0000] {logging_mixin.py:149} INFO - [2023-05-17T23:35:02.903+0000] {dag.py:3490} INFO - Setting next_dagrun for example_dag_decorator to None, run_after=None
[2023-05-17T23:35:02.977+0000] {processor.py:179} INFO - Processing /home/airflow/.local/lib/python3.7/site-packages/airflow/example_dags/example_dag_decorator.py took 0.140 seconds
[2023-05-17T23:35:33.212+0000] {processor.py:157} INFO - Started process (PID=167) to work on /home/airflow/.local/lib/python3.7/site-packages/airflow/example_dags/example_dag_decorator.py
[2023-05-17T23:35:33.213+0000] {processor.py:826} INFO - Processing file /home/airflow/.local/lib/python3.7/site-packages/airflow/example_dags/example_dag_decorator.py for tasks to queue
[2023-05-17T23:35:33.213+0000] {logging_mixin.py:149} INFO - [2023-05-17T23:35:33.213+0000] {dagbag.py:541} INFO - Filling up the DagBag from /home/airflow/.local/lib/python3.7/site-packages/airflow/example_dags/example_dag_decorator.py
[2023-05-17T23:35:33.216+0000] {logging_mixin.py:149} INFO - [2023-05-17T23:35:33.216+0000] {taskmixin.py:211} WARNING - Dependency <Task(_PythonDecoratedOperator): prepare_email>, send_email already registered for DAG: example_dag_decorator
[2023-05-17T23:35:33.216+0000] {logging_mixin.py:149} INFO - [2023-05-17T23:35:33.216+0000] {taskmixin.py:211} WARNING - Dependency <Task(EmailOperator): send_email>, prepare_email already registered for DAG: example_dag_decorator
[2023-05-17T23:35:33.221+0000] {processor.py:836} INFO - DAG(s) dict_keys(['example_dag_decorator']) retrieved from /home/airflow/.local/lib/python3.7/site-packages/airflow/example_dags/example_dag_decorator.py
[2023-05-17T23:35:33.319+0000] {logging_mixin.py:149} INFO - [2023-05-17T23:35:33.319+0000] {dag.py:2726} INFO - Sync 1 DAGs
[2023-05-17T23:35:33.330+0000] {logging_mixin.py:149} INFO - [2023-05-17T23:35:33.330+0000] {dag.py:3490} INFO - Setting next_dagrun for example_dag_decorator to None, run_after=None
[2023-05-17T23:35:33.340+0000] {processor.py:179} INFO - Processing /home/airflow/.local/lib/python3.7/site-packages/airflow/example_dags/example_dag_decorator.py took 0.130 seconds
[2023-05-17T23:36:04.032+0000] {processor.py:157} INFO - Started process (PID=231) to work on /home/airflow/.local/lib/python3.7/site-packages/airflow/example_dags/example_dag_decorator.py
[2023-05-17T23:36:04.039+0000] {processor.py:826} INFO - Processing file /home/airflow/.local/lib/python3.7/site-packages/airflow/example_dags/example_dag_decorator.py for tasks to queue
[2023-05-17T23:36:04.039+0000] {logging_mixin.py:149} INFO - [2023-05-17T23:36:04.039+0000] {dagbag.py:541} INFO - Filling up the DagBag from /home/airflow/.local/lib/python3.7/site-packages/airflow/example_dags/example_dag_decorator.py
[2023-05-17T23:36:04.043+0000] {logging_mixin.py:149} INFO - [2023-05-17T23:36:04.043+0000] {taskmixin.py:211} WARNING - Dependency <Task(_PythonDecoratedOperator): prepare_email>, send_email already registered for DAG: example_dag_decorator
[2023-05-17T23:36:04.043+0000] {logging_mixin.py:149} INFO - [2023-05-17T23:36:04.043+0000] {taskmixin.py:211} WARNING - Dependency <Task(EmailOperator): send_email>, prepare_email already registered for DAG: example_dag_decorator
[2023-05-17T23:36:04.048+0000] {processor.py:836} INFO - DAG(s) dict_keys(['example_dag_decorator']) retrieved from /home/airflow/.local/lib/python3.7/site-packages/airflow/example_dags/example_dag_decorator.py
[2023-05-17T23:36:04.084+0000] {logging_mixin.py:149} INFO - [2023-05-17T23:36:04.084+0000] {dag.py:2726} INFO - Sync 1 DAGs
[2023-05-17T23:36:04.097+0000] {logging_mixin.py:149} INFO - [2023-05-17T23:36:04.097+0000] {dag.py:3490} INFO - Setting next_dagrun for example_dag_decorator to None, run_after=None
[2023-05-17T23:36:04.109+0000] {processor.py:179} INFO - Processing /home/airflow/.local/lib/python3.7/site-packages/airflow/example_dags/example_dag_decorator.py took 0.079 seconds
[2023-05-17T23:36:34.830+0000] {processor.py:157} INFO - Started process (PID=294) to work on /home/airflow/.local/lib/python3.7/site-packages/airflow/example_dags/example_dag_decorator.py
[2023-05-17T23:36:34.831+0000] {processor.py:826} INFO - Processing file /home/airflow/.local/lib/python3.7/site-packages/airflow/example_dags/example_dag_decorator.py for tasks to queue
[2023-05-17T23:36:34.831+0000] {logging_mixin.py:149} INFO - [2023-05-17T23:36:34.831+0000] {dagbag.py:541} INFO - Filling up the DagBag from /home/airflow/.local/lib/python3.7/site-packages/airflow/example_dags/example_dag_decorator.py
[2023-05-17T23:36:34.835+0000] {logging_mixin.py:149} INFO - [2023-05-17T23:36:34.835+0000] {taskmixin.py:211} WARNING - Dependency <Task(_PythonDecoratedOperator): prepare_email>, send_email already registered for DAG: example_dag_decorator
[2023-05-17T23:36:34.835+0000] {logging_mixin.py:149} INFO - [2023-05-17T23:36:34.835+0000] {taskmixin.py:211} WARNING - Dependency <Task(EmailOperator): send_email>, prepare_email already registered for DAG: example_dag_decorator
[2023-05-17T23:36:34.840+0000] {processor.py:836} INFO - DAG(s) dict_keys(['example_dag_decorator']) retrieved from /home/airflow/.local/lib/python3.7/site-packages/airflow/example_dags/example_dag_decorator.py
[2023-05-17T23:36:34.879+0000] {logging_mixin.py:149} INFO - [2023-05-17T23:36:34.879+0000] {dag.py:2726} INFO - Sync 1 DAGs
[2023-05-17T23:36:34.896+0000] {logging_mixin.py:149} INFO - [2023-05-17T23:36:34.896+0000] {dag.py:3490} INFO - Setting next_dagrun for example_dag_decorator to None, run_after=None
[2023-05-17T23:36:34.909+0000] {processor.py:179} INFO - Processing /home/airflow/.local/lib/python3.7/site-packages/airflow/example_dags/example_dag_decorator.py took 0.081 seconds
[2023-05-17T23:37:05.525+0000] {processor.py:157} INFO - Started process (PID=358) to work on /home/airflow/.local/lib/python3.7/site-packages/airflow/example_dags/example_dag_decorator.py
[2023-05-17T23:37:05.526+0000] {processor.py:826} INFO - Processing file /home/airflow/.local/lib/python3.7/site-packages/airflow/example_dags/example_dag_decorator.py for tasks to queue
[2023-05-17T23:37:05.526+0000] {logging_mixin.py:149} INFO - [2023-05-17T23:37:05.526+0000] {dagbag.py:541} INFO - Filling up the DagBag from /home/airflow/.local/lib/python3.7/site-packages/airflow/example_dags/example_dag_decorator.py
[2023-05-17T23:37:05.530+0000] {logging_mixin.py:149} INFO - [2023-05-17T23:37:05.530+0000] {taskmixin.py:211} WARNING - Dependency <Task(_PythonDecoratedOperator): prepare_email>, send_email already registered for DAG: example_dag_decorator
[2023-05-17T23:37:05.530+0000] {logging_mixin.py:149} INFO - [2023-05-17T23:37:05.530+0000] {taskmixin.py:211} WARNING - Dependency <Task(EmailOperator): send_email>, prepare_email already registered for DAG: example_dag_decorator
[2023-05-17T23:37:05.535+0000] {processor.py:836} INFO - DAG(s) dict_keys(['example_dag_decorator']) retrieved from /home/airflow/.local/lib/python3.7/site-packages/airflow/example_dags/example_dag_decorator.py
[2023-05-17T23:37:05.572+0000] {logging_mixin.py:149} INFO - [2023-05-17T23:37:05.572+0000] {dag.py:2726} INFO - Sync 1 DAGs
[2023-05-17T23:37:05.584+0000] {logging_mixin.py:149} INFO - [2023-05-17T23:37:05.584+0000] {dag.py:3490} INFO - Setting next_dagrun for example_dag_decorator to None, run_after=None
[2023-05-17T23:37:05.596+0000] {processor.py:179} INFO - Processing /home/airflow/.local/lib/python3.7/site-packages/airflow/example_dags/example_dag_decorator.py took 0.073 seconds
[2023-05-17T23:37:36.229+0000] {processor.py:157} INFO - Started process (PID=422) to work on /home/airflow/.local/lib/python3.7/site-packages/airflow/example_dags/example_dag_decorator.py
[2023-05-17T23:37:36.230+0000] {processor.py:826} INFO - Processing file /home/airflow/.local/lib/python3.7/site-packages/airflow/example_dags/example_dag_decorator.py for tasks to queue
[2023-05-17T23:37:36.230+0000] {logging_mixin.py:149} INFO - [2023-05-17T23:37:36.230+0000] {dagbag.py:541} INFO - Filling up the DagBag from /home/airflow/.local/lib/python3.7/site-packages/airflow/example_dags/example_dag_decorator.py
[2023-05-17T23:37:36.234+0000] {logging_mixin.py:149} INFO - [2023-05-17T23:37:36.234+0000] {taskmixin.py:211} WARNING - Dependency <Task(_PythonDecoratedOperator): prepare_email>, send_email already registered for DAG: example_dag_decorator
[2023-05-17T23:37:36.234+0000] {logging_mixin.py:149} INFO - [2023-05-17T23:37:36.234+0000] {taskmixin.py:211} WARNING - Dependency <Task(EmailOperator): send_email>, prepare_email already registered for DAG: example_dag_decorator
[2023-05-17T23:37:36.238+0000] {processor.py:836} INFO - DAG(s) dict_keys(['example_dag_decorator']) retrieved from /home/airflow/.local/lib/python3.7/site-packages/airflow/example_dags/example_dag_decorator.py
[2023-05-17T23:37:36.277+0000] {logging_mixin.py:149} INFO - [2023-05-17T23:37:36.277+0000] {dag.py:2726} INFO - Sync 1 DAGs
[2023-05-17T23:37:36.290+0000] {logging_mixin.py:149} INFO - [2023-05-17T23:37:36.290+0000] {dag.py:3490} INFO - Setting next_dagrun for example_dag_decorator to None, run_after=None
[2023-05-17T23:37:36.302+0000] {processor.py:179} INFO - Processing /home/airflow/.local/lib/python3.7/site-packages/airflow/example_dags/example_dag_decorator.py took 0.075 seconds
[2023-05-17T23:38:06.836+0000] {processor.py:157} INFO - Started process (PID=486) to work on /home/airflow/.local/lib/python3.7/site-packages/airflow/example_dags/example_dag_decorator.py
[2023-05-17T23:38:06.846+0000] {processor.py:826} INFO - Processing file /home/airflow/.local/lib/python3.7/site-packages/airflow/example_dags/example_dag_decorator.py for tasks to queue
[2023-05-17T23:38:06.846+0000] {logging_mixin.py:149} INFO - [2023-05-17T23:38:06.846+0000] {dagbag.py:541} INFO - Filling up the DagBag from /home/airflow/.local/lib/python3.7/site-packages/airflow/example_dags/example_dag_decorator.py
[2023-05-17T23:38:06.850+0000] {logging_mixin.py:149} INFO - [2023-05-17T23:38:06.849+0000] {taskmixin.py:211} WARNING - Dependency <Task(_PythonDecoratedOperator): prepare_email>, send_email already registered for DAG: example_dag_decorator
[2023-05-17T23:38:06.850+0000] {logging_mixin.py:149} INFO - [2023-05-17T23:38:06.850+0000] {taskmixin.py:211} WARNING - Dependency <Task(EmailOperator): send_email>, prepare_email already registered for DAG: example_dag_decorator
[2023-05-17T23:38:06.854+0000] {processor.py:836} INFO - DAG(s) dict_keys(['example_dag_decorator']) retrieved from /home/airflow/.local/lib/python3.7/site-packages/airflow/example_dags/example_dag_decorator.py
[2023-05-17T23:38:06.890+0000] {logging_mixin.py:149} INFO - [2023-05-17T23:38:06.890+0000] {dag.py:2726} INFO - Sync 1 DAGs
[2023-05-17T23:38:06.904+0000] {logging_mixin.py:149} INFO - [2023-05-17T23:38:06.904+0000] {dag.py:3490} INFO - Setting next_dagrun for example_dag_decorator to None, run_after=None
[2023-05-17T23:38:06.917+0000] {processor.py:179} INFO - Processing /home/airflow/.local/lib/python3.7/site-packages/airflow/example_dags/example_dag_decorator.py took 0.083 seconds
[2023-05-17T23:40:47.555+0000] {processor.py:157} INFO - Started process (PID=39) to work on /home/airflow/.local/lib/python3.7/site-packages/airflow/example_dags/example_dag_decorator.py
[2023-05-17T23:40:47.556+0000] {processor.py:826} INFO - Processing file /home/airflow/.local/lib/python3.7/site-packages/airflow/example_dags/example_dag_decorator.py for tasks to queue
[2023-05-17T23:40:47.556+0000] {logging_mixin.py:149} INFO - [2023-05-17T23:40:47.556+0000] {dagbag.py:541} INFO - Filling up the DagBag from /home/airflow/.local/lib/python3.7/site-packages/airflow/example_dags/example_dag_decorator.py
[2023-05-17T23:40:47.561+0000] {logging_mixin.py:149} INFO - [2023-05-17T23:40:47.561+0000] {taskmixin.py:211} WARNING - Dependency <Task(_PythonDecoratedOperator): prepare_email>, send_email already registered for DAG: example_dag_decorator
[2023-05-17T23:40:47.561+0000] {logging_mixin.py:149} INFO - [2023-05-17T23:40:47.561+0000] {taskmixin.py:211} WARNING - Dependency <Task(EmailOperator): send_email>, prepare_email already registered for DAG: example_dag_decorator
[2023-05-17T23:40:47.567+0000] {processor.py:836} INFO - DAG(s) dict_keys(['example_dag_decorator']) retrieved from /home/airflow/.local/lib/python3.7/site-packages/airflow/example_dags/example_dag_decorator.py
[2023-05-17T23:40:47.610+0000] {logging_mixin.py:149} INFO - [2023-05-17T23:40:47.609+0000] {dag.py:2726} INFO - Sync 1 DAGs
[2023-05-17T23:40:47.628+0000] {logging_mixin.py:149} INFO - [2023-05-17T23:40:47.628+0000] {dag.py:3490} INFO - Setting next_dagrun for example_dag_decorator to None, run_after=None
[2023-05-17T23:40:47.643+0000] {processor.py:179} INFO - Processing /home/airflow/.local/lib/python3.7/site-packages/airflow/example_dags/example_dag_decorator.py took 0.090 seconds
[2023-05-17T23:41:18.813+0000] {processor.py:157} INFO - Started process (PID=103) to work on /home/airflow/.local/lib/python3.7/site-packages/airflow/example_dags/example_dag_decorator.py
[2023-05-17T23:41:18.814+0000] {processor.py:826} INFO - Processing file /home/airflow/.local/lib/python3.7/site-packages/airflow/example_dags/example_dag_decorator.py for tasks to queue
[2023-05-17T23:41:18.815+0000] {logging_mixin.py:149} INFO - [2023-05-17T23:41:18.815+0000] {dagbag.py:541} INFO - Filling up the DagBag from /home/airflow/.local/lib/python3.7/site-packages/airflow/example_dags/example_dag_decorator.py
[2023-05-17T23:41:18.822+0000] {logging_mixin.py:149} INFO - [2023-05-17T23:41:18.821+0000] {taskmixin.py:211} WARNING - Dependency <Task(_PythonDecoratedOperator): prepare_email>, send_email already registered for DAG: example_dag_decorator
[2023-05-17T23:41:18.822+0000] {logging_mixin.py:149} INFO - [2023-05-17T23:41:18.822+0000] {taskmixin.py:211} WARNING - Dependency <Task(EmailOperator): send_email>, prepare_email already registered for DAG: example_dag_decorator
[2023-05-17T23:41:18.829+0000] {processor.py:836} INFO - DAG(s) dict_keys(['example_dag_decorator']) retrieved from /home/airflow/.local/lib/python3.7/site-packages/airflow/example_dags/example_dag_decorator.py
[2023-05-17T23:41:18.885+0000] {logging_mixin.py:149} INFO - [2023-05-17T23:41:18.885+0000] {dag.py:2726} INFO - Sync 1 DAGs
[2023-05-17T23:41:18.903+0000] {logging_mixin.py:149} INFO - [2023-05-17T23:41:18.903+0000] {dag.py:3490} INFO - Setting next_dagrun for example_dag_decorator to None, run_after=None
[2023-05-17T23:41:19.074+0000] {processor.py:179} INFO - Processing /home/airflow/.local/lib/python3.7/site-packages/airflow/example_dags/example_dag_decorator.py took 0.263 seconds
[2023-05-17T23:41:49.571+0000] {processor.py:157} INFO - Started process (PID=168) to work on /home/airflow/.local/lib/python3.7/site-packages/airflow/example_dags/example_dag_decorator.py
[2023-05-17T23:41:49.572+0000] {processor.py:826} INFO - Processing file /home/airflow/.local/lib/python3.7/site-packages/airflow/example_dags/example_dag_decorator.py for tasks to queue
[2023-05-17T23:41:49.572+0000] {logging_mixin.py:149} INFO - [2023-05-17T23:41:49.572+0000] {dagbag.py:541} INFO - Filling up the DagBag from /home/airflow/.local/lib/python3.7/site-packages/airflow/example_dags/example_dag_decorator.py
[2023-05-17T23:41:49.576+0000] {logging_mixin.py:149} INFO - [2023-05-17T23:41:49.576+0000] {taskmixin.py:211} WARNING - Dependency <Task(_PythonDecoratedOperator): prepare_email>, send_email already registered for DAG: example_dag_decorator
[2023-05-17T23:41:49.576+0000] {logging_mixin.py:149} INFO - [2023-05-17T23:41:49.576+0000] {taskmixin.py:211} WARNING - Dependency <Task(EmailOperator): send_email>, prepare_email already registered for DAG: example_dag_decorator
[2023-05-17T23:41:49.582+0000] {processor.py:836} INFO - DAG(s) dict_keys(['example_dag_decorator']) retrieved from /home/airflow/.local/lib/python3.7/site-packages/airflow/example_dags/example_dag_decorator.py
[2023-05-17T23:41:49.690+0000] {logging_mixin.py:149} INFO - [2023-05-17T23:41:49.690+0000] {dag.py:2726} INFO - Sync 1 DAGs
[2023-05-17T23:41:49.704+0000] {logging_mixin.py:149} INFO - [2023-05-17T23:41:49.703+0000] {dag.py:3490} INFO - Setting next_dagrun for example_dag_decorator to None, run_after=None
[2023-05-17T23:41:49.726+0000] {processor.py:179} INFO - Processing /home/airflow/.local/lib/python3.7/site-packages/airflow/example_dags/example_dag_decorator.py took 0.157 seconds
[2023-05-17T23:42:20.250+0000] {processor.py:157} INFO - Started process (PID=231) to work on /home/airflow/.local/lib/python3.7/site-packages/airflow/example_dags/example_dag_decorator.py
[2023-05-17T23:42:20.257+0000] {processor.py:826} INFO - Processing file /home/airflow/.local/lib/python3.7/site-packages/airflow/example_dags/example_dag_decorator.py for tasks to queue
[2023-05-17T23:42:20.258+0000] {logging_mixin.py:149} INFO - [2023-05-17T23:42:20.258+0000] {dagbag.py:541} INFO - Filling up the DagBag from /home/airflow/.local/lib/python3.7/site-packages/airflow/example_dags/example_dag_decorator.py
[2023-05-17T23:42:20.261+0000] {logging_mixin.py:149} INFO - [2023-05-17T23:42:20.261+0000] {taskmixin.py:211} WARNING - Dependency <Task(_PythonDecoratedOperator): prepare_email>, send_email already registered for DAG: example_dag_decorator
[2023-05-17T23:42:20.261+0000] {logging_mixin.py:149} INFO - [2023-05-17T23:42:20.261+0000] {taskmixin.py:211} WARNING - Dependency <Task(EmailOperator): send_email>, prepare_email already registered for DAG: example_dag_decorator
[2023-05-17T23:42:20.266+0000] {processor.py:836} INFO - DAG(s) dict_keys(['example_dag_decorator']) retrieved from /home/airflow/.local/lib/python3.7/site-packages/airflow/example_dags/example_dag_decorator.py
[2023-05-17T23:42:20.273+0000] {logging_mixin.py:149} INFO - [2023-05-17T23:42:20.273+0000] {dag.py:2726} INFO - Sync 1 DAGs
[2023-05-17T23:42:20.287+0000] {logging_mixin.py:149} INFO - [2023-05-17T23:42:20.286+0000] {dag.py:3490} INFO - Setting next_dagrun for example_dag_decorator to None, run_after=None
[2023-05-17T23:42:20.297+0000] {processor.py:179} INFO - Processing /home/airflow/.local/lib/python3.7/site-packages/airflow/example_dags/example_dag_decorator.py took 0.050 seconds
[2023-05-17T23:42:50.868+0000] {processor.py:157} INFO - Started process (PID=295) to work on /home/airflow/.local/lib/python3.7/site-packages/airflow/example_dags/example_dag_decorator.py
[2023-05-17T23:42:50.869+0000] {processor.py:826} INFO - Processing file /home/airflow/.local/lib/python3.7/site-packages/airflow/example_dags/example_dag_decorator.py for tasks to queue
[2023-05-17T23:42:50.869+0000] {logging_mixin.py:149} INFO - [2023-05-17T23:42:50.869+0000] {dagbag.py:541} INFO - Filling up the DagBag from /home/airflow/.local/lib/python3.7/site-packages/airflow/example_dags/example_dag_decorator.py
[2023-05-17T23:42:50.872+0000] {logging_mixin.py:149} INFO - [2023-05-17T23:42:50.872+0000] {taskmixin.py:211} WARNING - Dependency <Task(_PythonDecoratedOperator): prepare_email>, send_email already registered for DAG: example_dag_decorator
[2023-05-17T23:42:50.873+0000] {logging_mixin.py:149} INFO - [2023-05-17T23:42:50.873+0000] {taskmixin.py:211} WARNING - Dependency <Task(EmailOperator): send_email>, prepare_email already registered for DAG: example_dag_decorator
[2023-05-17T23:42:50.877+0000] {processor.py:836} INFO - DAG(s) dict_keys(['example_dag_decorator']) retrieved from /home/airflow/.local/lib/python3.7/site-packages/airflow/example_dags/example_dag_decorator.py
[2023-05-17T23:42:50.912+0000] {logging_mixin.py:149} INFO - [2023-05-17T23:42:50.912+0000] {dag.py:2726} INFO - Sync 1 DAGs
[2023-05-17T23:42:50.924+0000] {logging_mixin.py:149} INFO - [2023-05-17T23:42:50.924+0000] {dag.py:3490} INFO - Setting next_dagrun for example_dag_decorator to None, run_after=None
[2023-05-17T23:42:50.935+0000] {processor.py:179} INFO - Processing /home/airflow/.local/lib/python3.7/site-packages/airflow/example_dags/example_dag_decorator.py took 0.070 seconds
[2023-05-17T23:43:21.488+0000] {processor.py:157} INFO - Started process (PID=359) to work on /home/airflow/.local/lib/python3.7/site-packages/airflow/example_dags/example_dag_decorator.py
[2023-05-17T23:43:21.489+0000] {processor.py:826} INFO - Processing file /home/airflow/.local/lib/python3.7/site-packages/airflow/example_dags/example_dag_decorator.py for tasks to queue
[2023-05-17T23:43:21.489+0000] {logging_mixin.py:149} INFO - [2023-05-17T23:43:21.489+0000] {dagbag.py:541} INFO - Filling up the DagBag from /home/airflow/.local/lib/python3.7/site-packages/airflow/example_dags/example_dag_decorator.py
[2023-05-17T23:43:21.493+0000] {logging_mixin.py:149} INFO - [2023-05-17T23:43:21.493+0000] {taskmixin.py:211} WARNING - Dependency <Task(_PythonDecoratedOperator): prepare_email>, send_email already registered for DAG: example_dag_decorator
[2023-05-17T23:43:21.493+0000] {logging_mixin.py:149} INFO - [2023-05-17T23:43:21.493+0000] {taskmixin.py:211} WARNING - Dependency <Task(EmailOperator): send_email>, prepare_email already registered for DAG: example_dag_decorator
[2023-05-17T23:43:21.497+0000] {processor.py:836} INFO - DAG(s) dict_keys(['example_dag_decorator']) retrieved from /home/airflow/.local/lib/python3.7/site-packages/airflow/example_dags/example_dag_decorator.py
[2023-05-17T23:43:21.534+0000] {logging_mixin.py:149} INFO - [2023-05-17T23:43:21.534+0000] {dag.py:2726} INFO - Sync 1 DAGs
[2023-05-17T23:43:21.546+0000] {logging_mixin.py:149} INFO - [2023-05-17T23:43:21.546+0000] {dag.py:3490} INFO - Setting next_dagrun for example_dag_decorator to None, run_after=None
[2023-05-17T23:43:21.558+0000] {processor.py:179} INFO - Processing /home/airflow/.local/lib/python3.7/site-packages/airflow/example_dags/example_dag_decorator.py took 0.072 seconds
[2023-05-17T23:43:52.019+0000] {processor.py:157} INFO - Started process (PID=423) to work on /home/airflow/.local/lib/python3.7/site-packages/airflow/example_dags/example_dag_decorator.py
[2023-05-17T23:43:52.020+0000] {processor.py:826} INFO - Processing file /home/airflow/.local/lib/python3.7/site-packages/airflow/example_dags/example_dag_decorator.py for tasks to queue
[2023-05-17T23:43:52.020+0000] {logging_mixin.py:149} INFO - [2023-05-17T23:43:52.020+0000] {dagbag.py:541} INFO - Filling up the DagBag from /home/airflow/.local/lib/python3.7/site-packages/airflow/example_dags/example_dag_decorator.py
[2023-05-17T23:43:52.023+0000] {logging_mixin.py:149} INFO - [2023-05-17T23:43:52.023+0000] {taskmixin.py:211} WARNING - Dependency <Task(_PythonDecoratedOperator): prepare_email>, send_email already registered for DAG: example_dag_decorator
[2023-05-17T23:43:52.023+0000] {logging_mixin.py:149} INFO - [2023-05-17T23:43:52.023+0000] {taskmixin.py:211} WARNING - Dependency <Task(EmailOperator): send_email>, prepare_email already registered for DAG: example_dag_decorator
[2023-05-17T23:43:52.028+0000] {processor.py:836} INFO - DAG(s) dict_keys(['example_dag_decorator']) retrieved from /home/airflow/.local/lib/python3.7/site-packages/airflow/example_dags/example_dag_decorator.py
[2023-05-17T23:43:52.062+0000] {logging_mixin.py:149} INFO - [2023-05-17T23:43:52.062+0000] {dag.py:2726} INFO - Sync 1 DAGs
[2023-05-17T23:43:52.074+0000] {logging_mixin.py:149} INFO - [2023-05-17T23:43:52.074+0000] {dag.py:3490} INFO - Setting next_dagrun for example_dag_decorator to None, run_after=None
[2023-05-17T23:43:52.085+0000] {processor.py:179} INFO - Processing /home/airflow/.local/lib/python3.7/site-packages/airflow/example_dags/example_dag_decorator.py took 0.067 seconds
[2023-05-17T23:44:22.801+0000] {processor.py:157} INFO - Started process (PID=487) to work on /home/airflow/.local/lib/python3.7/site-packages/airflow/example_dags/example_dag_decorator.py
[2023-05-17T23:44:22.802+0000] {processor.py:826} INFO - Processing file /home/airflow/.local/lib/python3.7/site-packages/airflow/example_dags/example_dag_decorator.py for tasks to queue
[2023-05-17T23:44:22.802+0000] {logging_mixin.py:149} INFO - [2023-05-17T23:44:22.802+0000] {dagbag.py:541} INFO - Filling up the DagBag from /home/airflow/.local/lib/python3.7/site-packages/airflow/example_dags/example_dag_decorator.py
[2023-05-17T23:44:22.805+0000] {logging_mixin.py:149} INFO - [2023-05-17T23:44:22.805+0000] {taskmixin.py:211} WARNING - Dependency <Task(_PythonDecoratedOperator): prepare_email>, send_email already registered for DAG: example_dag_decorator
[2023-05-17T23:44:22.806+0000] {logging_mixin.py:149} INFO - [2023-05-17T23:44:22.806+0000] {taskmixin.py:211} WARNING - Dependency <Task(EmailOperator): send_email>, prepare_email already registered for DAG: example_dag_decorator
[2023-05-17T23:44:22.810+0000] {processor.py:836} INFO - DAG(s) dict_keys(['example_dag_decorator']) retrieved from /home/airflow/.local/lib/python3.7/site-packages/airflow/example_dags/example_dag_decorator.py
[2023-05-17T23:44:22.845+0000] {logging_mixin.py:149} INFO - [2023-05-17T23:44:22.844+0000] {dag.py:2726} INFO - Sync 1 DAGs
[2023-05-17T23:44:22.858+0000] {logging_mixin.py:149} INFO - [2023-05-17T23:44:22.857+0000] {dag.py:3490} INFO - Setting next_dagrun for example_dag_decorator to None, run_after=None
[2023-05-17T23:44:22.869+0000] {processor.py:179} INFO - Processing /home/airflow/.local/lib/python3.7/site-packages/airflow/example_dags/example_dag_decorator.py took 0.069 seconds
[2023-05-17T23:44:53.407+0000] {processor.py:157} INFO - Started process (PID=551) to work on /home/airflow/.local/lib/python3.7/site-packages/airflow/example_dags/example_dag_decorator.py
[2023-05-17T23:44:53.412+0000] {processor.py:826} INFO - Processing file /home/airflow/.local/lib/python3.7/site-packages/airflow/example_dags/example_dag_decorator.py for tasks to queue
[2023-05-17T23:44:53.412+0000] {logging_mixin.py:149} INFO - [2023-05-17T23:44:53.412+0000] {dagbag.py:541} INFO - Filling up the DagBag from /home/airflow/.local/lib/python3.7/site-packages/airflow/example_dags/example_dag_decorator.py
[2023-05-17T23:44:53.416+0000] {logging_mixin.py:149} INFO - [2023-05-17T23:44:53.416+0000] {taskmixin.py:211} WARNING - Dependency <Task(_PythonDecoratedOperator): prepare_email>, send_email already registered for DAG: example_dag_decorator
[2023-05-17T23:44:53.416+0000] {logging_mixin.py:149} INFO - [2023-05-17T23:44:53.416+0000] {taskmixin.py:211} WARNING - Dependency <Task(EmailOperator): send_email>, prepare_email already registered for DAG: example_dag_decorator
[2023-05-17T23:44:53.420+0000] {processor.py:836} INFO - DAG(s) dict_keys(['example_dag_decorator']) retrieved from /home/airflow/.local/lib/python3.7/site-packages/airflow/example_dags/example_dag_decorator.py
[2023-05-17T23:44:53.456+0000] {logging_mixin.py:149} INFO - [2023-05-17T23:44:53.456+0000] {dag.py:2726} INFO - Sync 1 DAGs
[2023-05-17T23:44:53.469+0000] {logging_mixin.py:149} INFO - [2023-05-17T23:44:53.469+0000] {dag.py:3490} INFO - Setting next_dagrun for example_dag_decorator to None, run_after=None
[2023-05-17T23:44:53.481+0000] {processor.py:179} INFO - Processing /home/airflow/.local/lib/python3.7/site-packages/airflow/example_dags/example_dag_decorator.py took 0.075 seconds
[2023-05-17T23:45:23.951+0000] {processor.py:157} INFO - Started process (PID=615) to work on /home/airflow/.local/lib/python3.7/site-packages/airflow/example_dags/example_dag_decorator.py
[2023-05-17T23:45:23.952+0000] {processor.py:826} INFO - Processing file /home/airflow/.local/lib/python3.7/site-packages/airflow/example_dags/example_dag_decorator.py for tasks to queue
[2023-05-17T23:45:23.952+0000] {logging_mixin.py:149} INFO - [2023-05-17T23:45:23.952+0000] {dagbag.py:541} INFO - Filling up the DagBag from /home/airflow/.local/lib/python3.7/site-packages/airflow/example_dags/example_dag_decorator.py
[2023-05-17T23:45:23.956+0000] {logging_mixin.py:149} INFO - [2023-05-17T23:45:23.955+0000] {taskmixin.py:211} WARNING - Dependency <Task(_PythonDecoratedOperator): prepare_email>, send_email already registered for DAG: example_dag_decorator
[2023-05-17T23:45:23.956+0000] {logging_mixin.py:149} INFO - [2023-05-17T23:45:23.956+0000] {taskmixin.py:211} WARNING - Dependency <Task(EmailOperator): send_email>, prepare_email already registered for DAG: example_dag_decorator
[2023-05-17T23:45:23.960+0000] {processor.py:836} INFO - DAG(s) dict_keys(['example_dag_decorator']) retrieved from /home/airflow/.local/lib/python3.7/site-packages/airflow/example_dags/example_dag_decorator.py
[2023-05-17T23:45:23.996+0000] {logging_mixin.py:149} INFO - [2023-05-17T23:45:23.996+0000] {dag.py:2726} INFO - Sync 1 DAGs
[2023-05-17T23:45:24.007+0000] {logging_mixin.py:149} INFO - [2023-05-17T23:45:24.007+0000] {dag.py:3490} INFO - Setting next_dagrun for example_dag_decorator to None, run_after=None
[2023-05-17T23:45:24.018+0000] {processor.py:179} INFO - Processing /home/airflow/.local/lib/python3.7/site-packages/airflow/example_dags/example_dag_decorator.py took 0.069 seconds
[2023-05-17T23:45:54.748+0000] {processor.py:157} INFO - Started process (PID=679) to work on /home/airflow/.local/lib/python3.7/site-packages/airflow/example_dags/example_dag_decorator.py
[2023-05-17T23:45:54.748+0000] {processor.py:826} INFO - Processing file /home/airflow/.local/lib/python3.7/site-packages/airflow/example_dags/example_dag_decorator.py for tasks to queue
[2023-05-17T23:45:54.749+0000] {logging_mixin.py:149} INFO - [2023-05-17T23:45:54.749+0000] {dagbag.py:541} INFO - Filling up the DagBag from /home/airflow/.local/lib/python3.7/site-packages/airflow/example_dags/example_dag_decorator.py
[2023-05-17T23:45:54.753+0000] {logging_mixin.py:149} INFO - [2023-05-17T23:45:54.752+0000] {taskmixin.py:211} WARNING - Dependency <Task(_PythonDecoratedOperator): prepare_email>, send_email already registered for DAG: example_dag_decorator
[2023-05-17T23:45:54.753+0000] {logging_mixin.py:149} INFO - [2023-05-17T23:45:54.753+0000] {taskmixin.py:211} WARNING - Dependency <Task(EmailOperator): send_email>, prepare_email already registered for DAG: example_dag_decorator
[2023-05-17T23:45:54.759+0000] {processor.py:836} INFO - DAG(s) dict_keys(['example_dag_decorator']) retrieved from /home/airflow/.local/lib/python3.7/site-packages/airflow/example_dags/example_dag_decorator.py
[2023-05-17T23:45:54.803+0000] {logging_mixin.py:149} INFO - [2023-05-17T23:45:54.803+0000] {dag.py:2726} INFO - Sync 1 DAGs
[2023-05-17T23:45:54.820+0000] {logging_mixin.py:149} INFO - [2023-05-17T23:45:54.820+0000] {dag.py:3490} INFO - Setting next_dagrun for example_dag_decorator to None, run_after=None
[2023-05-17T23:45:54.841+0000] {processor.py:179} INFO - Processing /home/airflow/.local/lib/python3.7/site-packages/airflow/example_dags/example_dag_decorator.py took 0.095 seconds
[2023-05-17T23:46:25.334+0000] {processor.py:157} INFO - Started process (PID=743) to work on /home/airflow/.local/lib/python3.7/site-packages/airflow/example_dags/example_dag_decorator.py
[2023-05-17T23:46:25.335+0000] {processor.py:826} INFO - Processing file /home/airflow/.local/lib/python3.7/site-packages/airflow/example_dags/example_dag_decorator.py for tasks to queue
[2023-05-17T23:46:25.335+0000] {logging_mixin.py:149} INFO - [2023-05-17T23:46:25.335+0000] {dagbag.py:541} INFO - Filling up the DagBag from /home/airflow/.local/lib/python3.7/site-packages/airflow/example_dags/example_dag_decorator.py
[2023-05-17T23:46:25.338+0000] {logging_mixin.py:149} INFO - [2023-05-17T23:46:25.338+0000] {taskmixin.py:211} WARNING - Dependency <Task(_PythonDecoratedOperator): prepare_email>, send_email already registered for DAG: example_dag_decorator
[2023-05-17T23:46:25.339+0000] {logging_mixin.py:149} INFO - [2023-05-17T23:46:25.339+0000] {taskmixin.py:211} WARNING - Dependency <Task(EmailOperator): send_email>, prepare_email already registered for DAG: example_dag_decorator
[2023-05-17T23:46:25.343+0000] {processor.py:836} INFO - DAG(s) dict_keys(['example_dag_decorator']) retrieved from /home/airflow/.local/lib/python3.7/site-packages/airflow/example_dags/example_dag_decorator.py
[2023-05-17T23:46:25.378+0000] {logging_mixin.py:149} INFO - [2023-05-17T23:46:25.378+0000] {dag.py:2726} INFO - Sync 1 DAGs
[2023-05-17T23:46:25.391+0000] {logging_mixin.py:149} INFO - [2023-05-17T23:46:25.390+0000] {dag.py:3490} INFO - Setting next_dagrun for example_dag_decorator to None, run_after=None
[2023-05-17T23:46:25.409+0000] {processor.py:179} INFO - Processing /home/airflow/.local/lib/python3.7/site-packages/airflow/example_dags/example_dag_decorator.py took 0.077 seconds
[2023-05-17T23:46:55.901+0000] {processor.py:157} INFO - Started process (PID=807) to work on /home/airflow/.local/lib/python3.7/site-packages/airflow/example_dags/example_dag_decorator.py
[2023-05-17T23:46:55.902+0000] {processor.py:826} INFO - Processing file /home/airflow/.local/lib/python3.7/site-packages/airflow/example_dags/example_dag_decorator.py for tasks to queue
[2023-05-17T23:46:55.902+0000] {logging_mixin.py:149} INFO - [2023-05-17T23:46:55.902+0000] {dagbag.py:541} INFO - Filling up the DagBag from /home/airflow/.local/lib/python3.7/site-packages/airflow/example_dags/example_dag_decorator.py
[2023-05-17T23:46:55.905+0000] {logging_mixin.py:149} INFO - [2023-05-17T23:46:55.905+0000] {taskmixin.py:211} WARNING - Dependency <Task(_PythonDecoratedOperator): prepare_email>, send_email already registered for DAG: example_dag_decorator
[2023-05-17T23:46:55.905+0000] {logging_mixin.py:149} INFO - [2023-05-17T23:46:55.905+0000] {taskmixin.py:211} WARNING - Dependency <Task(EmailOperator): send_email>, prepare_email already registered for DAG: example_dag_decorator
[2023-05-17T23:46:55.910+0000] {processor.py:836} INFO - DAG(s) dict_keys(['example_dag_decorator']) retrieved from /home/airflow/.local/lib/python3.7/site-packages/airflow/example_dags/example_dag_decorator.py
[2023-05-17T23:46:55.944+0000] {logging_mixin.py:149} INFO - [2023-05-17T23:46:55.944+0000] {dag.py:2726} INFO - Sync 1 DAGs
[2023-05-17T23:46:55.955+0000] {logging_mixin.py:149} INFO - [2023-05-17T23:46:55.955+0000] {dag.py:3490} INFO - Setting next_dagrun for example_dag_decorator to None, run_after=None
[2023-05-17T23:46:55.966+0000] {processor.py:179} INFO - Processing /home/airflow/.local/lib/python3.7/site-packages/airflow/example_dags/example_dag_decorator.py took 0.066 seconds
[2023-05-17T23:48:20.420+0000] {processor.py:157} INFO - Started process (PID=39) to work on /home/airflow/.local/lib/python3.7/site-packages/airflow/example_dags/example_dag_decorator.py
[2023-05-17T23:48:20.421+0000] {processor.py:826} INFO - Processing file /home/airflow/.local/lib/python3.7/site-packages/airflow/example_dags/example_dag_decorator.py for tasks to queue
[2023-05-17T23:48:20.421+0000] {logging_mixin.py:149} INFO - [2023-05-17T23:48:20.421+0000] {dagbag.py:541} INFO - Filling up the DagBag from /home/airflow/.local/lib/python3.7/site-packages/airflow/example_dags/example_dag_decorator.py
[2023-05-17T23:48:20.425+0000] {logging_mixin.py:149} INFO - [2023-05-17T23:48:20.425+0000] {taskmixin.py:211} WARNING - Dependency <Task(_PythonDecoratedOperator): prepare_email>, send_email already registered for DAG: example_dag_decorator
[2023-05-17T23:48:20.425+0000] {logging_mixin.py:149} INFO - [2023-05-17T23:48:20.425+0000] {taskmixin.py:211} WARNING - Dependency <Task(EmailOperator): send_email>, prepare_email already registered for DAG: example_dag_decorator
[2023-05-17T23:48:20.430+0000] {processor.py:836} INFO - DAG(s) dict_keys(['example_dag_decorator']) retrieved from /home/airflow/.local/lib/python3.7/site-packages/airflow/example_dags/example_dag_decorator.py
[2023-05-17T23:48:20.439+0000] {logging_mixin.py:149} INFO - [2023-05-17T23:48:20.439+0000] {dag.py:2726} INFO - Sync 1 DAGs
[2023-05-17T23:48:20.452+0000] {logging_mixin.py:149} INFO - [2023-05-17T23:48:20.452+0000] {dag.py:3490} INFO - Setting next_dagrun for example_dag_decorator to None, run_after=None
[2023-05-17T23:48:20.465+0000] {processor.py:179} INFO - Processing /home/airflow/.local/lib/python3.7/site-packages/airflow/example_dags/example_dag_decorator.py took 0.046 seconds
[2023-05-17T23:48:51.467+0000] {processor.py:157} INFO - Started process (PID=103) to work on /home/airflow/.local/lib/python3.7/site-packages/airflow/example_dags/example_dag_decorator.py
[2023-05-17T23:48:51.467+0000] {processor.py:826} INFO - Processing file /home/airflow/.local/lib/python3.7/site-packages/airflow/example_dags/example_dag_decorator.py for tasks to queue
[2023-05-17T23:48:51.468+0000] {logging_mixin.py:149} INFO - [2023-05-17T23:48:51.468+0000] {dagbag.py:541} INFO - Filling up the DagBag from /home/airflow/.local/lib/python3.7/site-packages/airflow/example_dags/example_dag_decorator.py
[2023-05-17T23:48:51.471+0000] {logging_mixin.py:149} INFO - [2023-05-17T23:48:51.471+0000] {taskmixin.py:211} WARNING - Dependency <Task(_PythonDecoratedOperator): prepare_email>, send_email already registered for DAG: example_dag_decorator
[2023-05-17T23:48:51.471+0000] {logging_mixin.py:149} INFO - [2023-05-17T23:48:51.471+0000] {taskmixin.py:211} WARNING - Dependency <Task(EmailOperator): send_email>, prepare_email already registered for DAG: example_dag_decorator
[2023-05-17T23:48:51.475+0000] {processor.py:836} INFO - DAG(s) dict_keys(['example_dag_decorator']) retrieved from /home/airflow/.local/lib/python3.7/site-packages/airflow/example_dags/example_dag_decorator.py
[2023-05-17T23:48:51.511+0000] {logging_mixin.py:149} INFO - [2023-05-17T23:48:51.511+0000] {dag.py:2726} INFO - Sync 1 DAGs
[2023-05-17T23:48:51.523+0000] {logging_mixin.py:149} INFO - [2023-05-17T23:48:51.523+0000] {dag.py:3490} INFO - Setting next_dagrun for example_dag_decorator to None, run_after=None
[2023-05-17T23:48:51.597+0000] {processor.py:179} INFO - Processing /home/airflow/.local/lib/python3.7/site-packages/airflow/example_dags/example_dag_decorator.py took 0.132 seconds
[2023-05-17T23:49:21.822+0000] {processor.py:157} INFO - Started process (PID=167) to work on /home/airflow/.local/lib/python3.7/site-packages/airflow/example_dags/example_dag_decorator.py
[2023-05-17T23:49:21.830+0000] {processor.py:826} INFO - Processing file /home/airflow/.local/lib/python3.7/site-packages/airflow/example_dags/example_dag_decorator.py for tasks to queue
[2023-05-17T23:49:21.830+0000] {logging_mixin.py:149} INFO - [2023-05-17T23:49:21.830+0000] {dagbag.py:541} INFO - Filling up the DagBag from /home/airflow/.local/lib/python3.7/site-packages/airflow/example_dags/example_dag_decorator.py
[2023-05-17T23:49:21.834+0000] {logging_mixin.py:149} INFO - [2023-05-17T23:49:21.834+0000] {taskmixin.py:211} WARNING - Dependency <Task(_PythonDecoratedOperator): prepare_email>, send_email already registered for DAG: example_dag_decorator
[2023-05-17T23:49:21.834+0000] {logging_mixin.py:149} INFO - [2023-05-17T23:49:21.834+0000] {taskmixin.py:211} WARNING - Dependency <Task(EmailOperator): send_email>, prepare_email already registered for DAG: example_dag_decorator
[2023-05-17T23:49:21.838+0000] {processor.py:836} INFO - DAG(s) dict_keys(['example_dag_decorator']) retrieved from /home/airflow/.local/lib/python3.7/site-packages/airflow/example_dags/example_dag_decorator.py
[2023-05-17T23:49:21.958+0000] {logging_mixin.py:149} INFO - [2023-05-17T23:49:21.958+0000] {dag.py:2726} INFO - Sync 1 DAGs
[2023-05-17T23:49:21.972+0000] {logging_mixin.py:149} INFO - [2023-05-17T23:49:21.972+0000] {dag.py:3490} INFO - Setting next_dagrun for example_dag_decorator to None, run_after=None
[2023-05-17T23:49:21.997+0000] {processor.py:179} INFO - Processing /home/airflow/.local/lib/python3.7/site-packages/airflow/example_dags/example_dag_decorator.py took 0.176 seconds
[2023-05-17T23:49:52.104+0000] {processor.py:157} INFO - Started process (PID=231) to work on /home/airflow/.local/lib/python3.7/site-packages/airflow/example_dags/example_dag_decorator.py
[2023-05-17T23:49:52.105+0000] {processor.py:826} INFO - Processing file /home/airflow/.local/lib/python3.7/site-packages/airflow/example_dags/example_dag_decorator.py for tasks to queue
[2023-05-17T23:49:52.105+0000] {logging_mixin.py:149} INFO - [2023-05-17T23:49:52.105+0000] {dagbag.py:541} INFO - Filling up the DagBag from /home/airflow/.local/lib/python3.7/site-packages/airflow/example_dags/example_dag_decorator.py
[2023-05-17T23:49:52.109+0000] {logging_mixin.py:149} INFO - [2023-05-17T23:49:52.109+0000] {taskmixin.py:211} WARNING - Dependency <Task(_PythonDecoratedOperator): prepare_email>, send_email already registered for DAG: example_dag_decorator
[2023-05-17T23:49:52.109+0000] {logging_mixin.py:149} INFO - [2023-05-17T23:49:52.109+0000] {taskmixin.py:211} WARNING - Dependency <Task(EmailOperator): send_email>, prepare_email already registered for DAG: example_dag_decorator
[2023-05-17T23:49:52.114+0000] {processor.py:836} INFO - DAG(s) dict_keys(['example_dag_decorator']) retrieved from /home/airflow/.local/lib/python3.7/site-packages/airflow/example_dags/example_dag_decorator.py
[2023-05-17T23:49:52.152+0000] {logging_mixin.py:149} INFO - [2023-05-17T23:49:52.151+0000] {dag.py:2726} INFO - Sync 1 DAGs
[2023-05-17T23:49:52.166+0000] {logging_mixin.py:149} INFO - [2023-05-17T23:49:52.166+0000] {dag.py:3490} INFO - Setting next_dagrun for example_dag_decorator to None, run_after=None
[2023-05-17T23:49:52.180+0000] {processor.py:179} INFO - Processing /home/airflow/.local/lib/python3.7/site-packages/airflow/example_dags/example_dag_decorator.py took 0.078 seconds
[2023-05-17T23:50:22.952+0000] {processor.py:157} INFO - Started process (PID=295) to work on /home/airflow/.local/lib/python3.7/site-packages/airflow/example_dags/example_dag_decorator.py
[2023-05-17T23:50:22.961+0000] {processor.py:826} INFO - Processing file /home/airflow/.local/lib/python3.7/site-packages/airflow/example_dags/example_dag_decorator.py for tasks to queue
[2023-05-17T23:50:22.961+0000] {logging_mixin.py:149} INFO - [2023-05-17T23:50:22.961+0000] {dagbag.py:541} INFO - Filling up the DagBag from /home/airflow/.local/lib/python3.7/site-packages/airflow/example_dags/example_dag_decorator.py
[2023-05-17T23:50:22.965+0000] {logging_mixin.py:149} INFO - [2023-05-17T23:50:22.965+0000] {taskmixin.py:211} WARNING - Dependency <Task(_PythonDecoratedOperator): prepare_email>, send_email already registered for DAG: example_dag_decorator
[2023-05-17T23:50:22.965+0000] {logging_mixin.py:149} INFO - [2023-05-17T23:50:22.965+0000] {taskmixin.py:211} WARNING - Dependency <Task(EmailOperator): send_email>, prepare_email already registered for DAG: example_dag_decorator
[2023-05-17T23:50:22.969+0000] {processor.py:836} INFO - DAG(s) dict_keys(['example_dag_decorator']) retrieved from /home/airflow/.local/lib/python3.7/site-packages/airflow/example_dags/example_dag_decorator.py
[2023-05-17T23:50:23.007+0000] {logging_mixin.py:149} INFO - [2023-05-17T23:50:23.007+0000] {dag.py:2726} INFO - Sync 1 DAGs
[2023-05-17T23:50:23.020+0000] {logging_mixin.py:149} INFO - [2023-05-17T23:50:23.020+0000] {dag.py:3490} INFO - Setting next_dagrun for example_dag_decorator to None, run_after=None
[2023-05-17T23:50:23.034+0000] {processor.py:179} INFO - Processing /home/airflow/.local/lib/python3.7/site-packages/airflow/example_dags/example_dag_decorator.py took 0.084 seconds
[2023-05-17T23:50:53.524+0000] {processor.py:157} INFO - Started process (PID=359) to work on /home/airflow/.local/lib/python3.7/site-packages/airflow/example_dags/example_dag_decorator.py
[2023-05-17T23:50:53.525+0000] {processor.py:826} INFO - Processing file /home/airflow/.local/lib/python3.7/site-packages/airflow/example_dags/example_dag_decorator.py for tasks to queue
[2023-05-17T23:50:53.525+0000] {logging_mixin.py:149} INFO - [2023-05-17T23:50:53.525+0000] {dagbag.py:541} INFO - Filling up the DagBag from /home/airflow/.local/lib/python3.7/site-packages/airflow/example_dags/example_dag_decorator.py
[2023-05-17T23:50:53.529+0000] {logging_mixin.py:149} INFO - [2023-05-17T23:50:53.528+0000] {taskmixin.py:211} WARNING - Dependency <Task(_PythonDecoratedOperator): prepare_email>, send_email already registered for DAG: example_dag_decorator
[2023-05-17T23:50:53.529+0000] {logging_mixin.py:149} INFO - [2023-05-17T23:50:53.529+0000] {taskmixin.py:211} WARNING - Dependency <Task(EmailOperator): send_email>, prepare_email already registered for DAG: example_dag_decorator
[2023-05-17T23:50:53.533+0000] {processor.py:836} INFO - DAG(s) dict_keys(['example_dag_decorator']) retrieved from /home/airflow/.local/lib/python3.7/site-packages/airflow/example_dags/example_dag_decorator.py
[2023-05-17T23:50:53.568+0000] {logging_mixin.py:149} INFO - [2023-05-17T23:50:53.568+0000] {dag.py:2726} INFO - Sync 1 DAGs
[2023-05-17T23:50:53.580+0000] {logging_mixin.py:149} INFO - [2023-05-17T23:50:53.580+0000] {dag.py:3490} INFO - Setting next_dagrun for example_dag_decorator to None, run_after=None
[2023-05-17T23:50:53.592+0000] {processor.py:179} INFO - Processing /home/airflow/.local/lib/python3.7/site-packages/airflow/example_dags/example_dag_decorator.py took 0.070 seconds
[2023-05-17T23:51:24.123+0000] {processor.py:157} INFO - Started process (PID=423) to work on /home/airflow/.local/lib/python3.7/site-packages/airflow/example_dags/example_dag_decorator.py
[2023-05-17T23:51:24.123+0000] {processor.py:826} INFO - Processing file /home/airflow/.local/lib/python3.7/site-packages/airflow/example_dags/example_dag_decorator.py for tasks to queue
[2023-05-17T23:51:24.124+0000] {logging_mixin.py:149} INFO - [2023-05-17T23:51:24.124+0000] {dagbag.py:541} INFO - Filling up the DagBag from /home/airflow/.local/lib/python3.7/site-packages/airflow/example_dags/example_dag_decorator.py
[2023-05-17T23:51:24.127+0000] {logging_mixin.py:149} INFO - [2023-05-17T23:51:24.127+0000] {taskmixin.py:211} WARNING - Dependency <Task(_PythonDecoratedOperator): prepare_email>, send_email already registered for DAG: example_dag_decorator
[2023-05-17T23:51:24.127+0000] {logging_mixin.py:149} INFO - [2023-05-17T23:51:24.127+0000] {taskmixin.py:211} WARNING - Dependency <Task(EmailOperator): send_email>, prepare_email already registered for DAG: example_dag_decorator
[2023-05-17T23:51:24.132+0000] {processor.py:836} INFO - DAG(s) dict_keys(['example_dag_decorator']) retrieved from /home/airflow/.local/lib/python3.7/site-packages/airflow/example_dags/example_dag_decorator.py
[2023-05-17T23:51:24.168+0000] {logging_mixin.py:149} INFO - [2023-05-17T23:51:24.168+0000] {dag.py:2726} INFO - Sync 1 DAGs
[2023-05-17T23:51:24.181+0000] {logging_mixin.py:149} INFO - [2023-05-17T23:51:24.180+0000] {dag.py:3490} INFO - Setting next_dagrun for example_dag_decorator to None, run_after=None
[2023-05-17T23:51:24.192+0000] {processor.py:179} INFO - Processing /home/airflow/.local/lib/python3.7/site-packages/airflow/example_dags/example_dag_decorator.py took 0.072 seconds
[2023-05-17T23:51:54.697+0000] {processor.py:157} INFO - Started process (PID=487) to work on /home/airflow/.local/lib/python3.7/site-packages/airflow/example_dags/example_dag_decorator.py
[2023-05-17T23:51:54.704+0000] {processor.py:826} INFO - Processing file /home/airflow/.local/lib/python3.7/site-packages/airflow/example_dags/example_dag_decorator.py for tasks to queue
[2023-05-17T23:51:54.704+0000] {logging_mixin.py:149} INFO - [2023-05-17T23:51:54.704+0000] {dagbag.py:541} INFO - Filling up the DagBag from /home/airflow/.local/lib/python3.7/site-packages/airflow/example_dags/example_dag_decorator.py
[2023-05-17T23:51:54.708+0000] {logging_mixin.py:149} INFO - [2023-05-17T23:51:54.708+0000] {taskmixin.py:211} WARNING - Dependency <Task(_PythonDecoratedOperator): prepare_email>, send_email already registered for DAG: example_dag_decorator
[2023-05-17T23:51:54.708+0000] {logging_mixin.py:149} INFO - [2023-05-17T23:51:54.708+0000] {taskmixin.py:211} WARNING - Dependency <Task(EmailOperator): send_email>, prepare_email already registered for DAG: example_dag_decorator
[2023-05-17T23:51:54.715+0000] {processor.py:836} INFO - DAG(s) dict_keys(['example_dag_decorator']) retrieved from /home/airflow/.local/lib/python3.7/site-packages/airflow/example_dags/example_dag_decorator.py
[2023-05-17T23:51:54.760+0000] {logging_mixin.py:149} INFO - [2023-05-17T23:51:54.760+0000] {dag.py:2726} INFO - Sync 1 DAGs
[2023-05-17T23:51:54.776+0000] {logging_mixin.py:149} INFO - [2023-05-17T23:51:54.776+0000] {dag.py:3490} INFO - Setting next_dagrun for example_dag_decorator to None, run_after=None
[2023-05-17T23:51:54.796+0000] {processor.py:179} INFO - Processing /home/airflow/.local/lib/python3.7/site-packages/airflow/example_dags/example_dag_decorator.py took 0.101 seconds
[2023-05-17T23:52:25.454+0000] {processor.py:157} INFO - Started process (PID=551) to work on /home/airflow/.local/lib/python3.7/site-packages/airflow/example_dags/example_dag_decorator.py
[2023-05-17T23:52:25.463+0000] {processor.py:826} INFO - Processing file /home/airflow/.local/lib/python3.7/site-packages/airflow/example_dags/example_dag_decorator.py for tasks to queue
[2023-05-17T23:52:25.463+0000] {logging_mixin.py:149} INFO - [2023-05-17T23:52:25.463+0000] {dagbag.py:541} INFO - Filling up the DagBag from /home/airflow/.local/lib/python3.7/site-packages/airflow/example_dags/example_dag_decorator.py
[2023-05-17T23:52:25.467+0000] {logging_mixin.py:149} INFO - [2023-05-17T23:52:25.467+0000] {taskmixin.py:211} WARNING - Dependency <Task(_PythonDecoratedOperator): prepare_email>, send_email already registered for DAG: example_dag_decorator
[2023-05-17T23:52:25.467+0000] {logging_mixin.py:149} INFO - [2023-05-17T23:52:25.467+0000] {taskmixin.py:211} WARNING - Dependency <Task(EmailOperator): send_email>, prepare_email already registered for DAG: example_dag_decorator
[2023-05-17T23:52:25.472+0000] {processor.py:836} INFO - DAG(s) dict_keys(['example_dag_decorator']) retrieved from /home/airflow/.local/lib/python3.7/site-packages/airflow/example_dags/example_dag_decorator.py
[2023-05-17T23:52:25.510+0000] {logging_mixin.py:149} INFO - [2023-05-17T23:52:25.510+0000] {dag.py:2726} INFO - Sync 1 DAGs
[2023-05-17T23:52:25.522+0000] {logging_mixin.py:149} INFO - [2023-05-17T23:52:25.522+0000] {dag.py:3490} INFO - Setting next_dagrun for example_dag_decorator to None, run_after=None
[2023-05-17T23:52:25.535+0000] {processor.py:179} INFO - Processing /home/airflow/.local/lib/python3.7/site-packages/airflow/example_dags/example_dag_decorator.py took 0.083 seconds
[2023-05-17T23:52:56.163+0000] {processor.py:157} INFO - Started process (PID=615) to work on /home/airflow/.local/lib/python3.7/site-packages/airflow/example_dags/example_dag_decorator.py
[2023-05-17T23:52:56.164+0000] {processor.py:826} INFO - Processing file /home/airflow/.local/lib/python3.7/site-packages/airflow/example_dags/example_dag_decorator.py for tasks to queue
[2023-05-17T23:52:56.165+0000] {logging_mixin.py:149} INFO - [2023-05-17T23:52:56.165+0000] {dagbag.py:541} INFO - Filling up the DagBag from /home/airflow/.local/lib/python3.7/site-packages/airflow/example_dags/example_dag_decorator.py
[2023-05-17T23:52:56.168+0000] {logging_mixin.py:149} INFO - [2023-05-17T23:52:56.168+0000] {taskmixin.py:211} WARNING - Dependency <Task(_PythonDecoratedOperator): prepare_email>, send_email already registered for DAG: example_dag_decorator
[2023-05-17T23:52:56.168+0000] {logging_mixin.py:149} INFO - [2023-05-17T23:52:56.168+0000] {taskmixin.py:211} WARNING - Dependency <Task(EmailOperator): send_email>, prepare_email already registered for DAG: example_dag_decorator
[2023-05-17T23:52:56.173+0000] {processor.py:836} INFO - DAG(s) dict_keys(['example_dag_decorator']) retrieved from /home/airflow/.local/lib/python3.7/site-packages/airflow/example_dags/example_dag_decorator.py
[2023-05-17T23:52:56.215+0000] {logging_mixin.py:149} INFO - [2023-05-17T23:52:56.215+0000] {dag.py:2726} INFO - Sync 1 DAGs
[2023-05-17T23:52:56.228+0000] {logging_mixin.py:149} INFO - [2023-05-17T23:52:56.228+0000] {dag.py:3490} INFO - Setting next_dagrun for example_dag_decorator to None, run_after=None
[2023-05-17T23:52:56.241+0000] {processor.py:179} INFO - Processing /home/airflow/.local/lib/python3.7/site-packages/airflow/example_dags/example_dag_decorator.py took 0.080 seconds
[2023-05-17T23:53:26.275+0000] {processor.py:157} INFO - Started process (PID=679) to work on /home/airflow/.local/lib/python3.7/site-packages/airflow/example_dags/example_dag_decorator.py
[2023-05-17T23:53:26.276+0000] {processor.py:826} INFO - Processing file /home/airflow/.local/lib/python3.7/site-packages/airflow/example_dags/example_dag_decorator.py for tasks to queue
[2023-05-17T23:53:26.277+0000] {logging_mixin.py:149} INFO - [2023-05-17T23:53:26.276+0000] {dagbag.py:541} INFO - Filling up the DagBag from /home/airflow/.local/lib/python3.7/site-packages/airflow/example_dags/example_dag_decorator.py
[2023-05-17T23:53:26.280+0000] {logging_mixin.py:149} INFO - [2023-05-17T23:53:26.280+0000] {taskmixin.py:211} WARNING - Dependency <Task(_PythonDecoratedOperator): prepare_email>, send_email already registered for DAG: example_dag_decorator
[2023-05-17T23:53:26.280+0000] {logging_mixin.py:149} INFO - [2023-05-17T23:53:26.280+0000] {taskmixin.py:211} WARNING - Dependency <Task(EmailOperator): send_email>, prepare_email already registered for DAG: example_dag_decorator
[2023-05-17T23:53:26.284+0000] {processor.py:836} INFO - DAG(s) dict_keys(['example_dag_decorator']) retrieved from /home/airflow/.local/lib/python3.7/site-packages/airflow/example_dags/example_dag_decorator.py
[2023-05-17T23:53:26.322+0000] {logging_mixin.py:149} INFO - [2023-05-17T23:53:26.322+0000] {dag.py:2726} INFO - Sync 1 DAGs
[2023-05-17T23:53:26.334+0000] {logging_mixin.py:149} INFO - [2023-05-17T23:53:26.334+0000] {dag.py:3490} INFO - Setting next_dagrun for example_dag_decorator to None, run_after=None
[2023-05-17T23:53:26.348+0000] {processor.py:179} INFO - Processing /home/airflow/.local/lib/python3.7/site-packages/airflow/example_dags/example_dag_decorator.py took 0.074 seconds
[2023-05-17T23:53:57.110+0000] {processor.py:157} INFO - Started process (PID=743) to work on /home/airflow/.local/lib/python3.7/site-packages/airflow/example_dags/example_dag_decorator.py
[2023-05-17T23:53:57.111+0000] {processor.py:826} INFO - Processing file /home/airflow/.local/lib/python3.7/site-packages/airflow/example_dags/example_dag_decorator.py for tasks to queue
[2023-05-17T23:53:57.112+0000] {logging_mixin.py:149} INFO - [2023-05-17T23:53:57.112+0000] {dagbag.py:541} INFO - Filling up the DagBag from /home/airflow/.local/lib/python3.7/site-packages/airflow/example_dags/example_dag_decorator.py
[2023-05-17T23:53:57.115+0000] {logging_mixin.py:149} INFO - [2023-05-17T23:53:57.115+0000] {taskmixin.py:211} WARNING - Dependency <Task(_PythonDecoratedOperator): prepare_email>, send_email already registered for DAG: example_dag_decorator
[2023-05-17T23:53:57.115+0000] {logging_mixin.py:149} INFO - [2023-05-17T23:53:57.115+0000] {taskmixin.py:211} WARNING - Dependency <Task(EmailOperator): send_email>, prepare_email already registered for DAG: example_dag_decorator
[2023-05-17T23:53:57.120+0000] {processor.py:836} INFO - DAG(s) dict_keys(['example_dag_decorator']) retrieved from /home/airflow/.local/lib/python3.7/site-packages/airflow/example_dags/example_dag_decorator.py
[2023-05-17T23:53:57.158+0000] {logging_mixin.py:149} INFO - [2023-05-17T23:53:57.158+0000] {dag.py:2726} INFO - Sync 1 DAGs
[2023-05-17T23:53:57.172+0000] {logging_mixin.py:149} INFO - [2023-05-17T23:53:57.172+0000] {dag.py:3490} INFO - Setting next_dagrun for example_dag_decorator to None, run_after=None
[2023-05-17T23:53:57.185+0000] {processor.py:179} INFO - Processing /home/airflow/.local/lib/python3.7/site-packages/airflow/example_dags/example_dag_decorator.py took 0.076 seconds
[2023-05-17T23:54:27.745+0000] {processor.py:157} INFO - Started process (PID=807) to work on /home/airflow/.local/lib/python3.7/site-packages/airflow/example_dags/example_dag_decorator.py
[2023-05-17T23:54:27.762+0000] {processor.py:826} INFO - Processing file /home/airflow/.local/lib/python3.7/site-packages/airflow/example_dags/example_dag_decorator.py for tasks to queue
[2023-05-17T23:54:27.762+0000] {logging_mixin.py:149} INFO - [2023-05-17T23:54:27.762+0000] {dagbag.py:541} INFO - Filling up the DagBag from /home/airflow/.local/lib/python3.7/site-packages/airflow/example_dags/example_dag_decorator.py
[2023-05-17T23:54:27.766+0000] {logging_mixin.py:149} INFO - [2023-05-17T23:54:27.766+0000] {taskmixin.py:211} WARNING - Dependency <Task(_PythonDecoratedOperator): prepare_email>, send_email already registered for DAG: example_dag_decorator
[2023-05-17T23:54:27.766+0000] {logging_mixin.py:149} INFO - [2023-05-17T23:54:27.766+0000] {taskmixin.py:211} WARNING - Dependency <Task(EmailOperator): send_email>, prepare_email already registered for DAG: example_dag_decorator
[2023-05-17T23:54:27.771+0000] {processor.py:836} INFO - DAG(s) dict_keys(['example_dag_decorator']) retrieved from /home/airflow/.local/lib/python3.7/site-packages/airflow/example_dags/example_dag_decorator.py
[2023-05-17T23:54:27.808+0000] {logging_mixin.py:149} INFO - [2023-05-17T23:54:27.808+0000] {dag.py:2726} INFO - Sync 1 DAGs
[2023-05-17T23:54:27.820+0000] {logging_mixin.py:149} INFO - [2023-05-17T23:54:27.820+0000] {dag.py:3490} INFO - Setting next_dagrun for example_dag_decorator to None, run_after=None
[2023-05-17T23:54:27.837+0000] {processor.py:179} INFO - Processing /home/airflow/.local/lib/python3.7/site-packages/airflow/example_dags/example_dag_decorator.py took 0.093 seconds
[2023-05-17T23:54:58.352+0000] {processor.py:157} INFO - Started process (PID=871) to work on /home/airflow/.local/lib/python3.7/site-packages/airflow/example_dags/example_dag_decorator.py
[2023-05-17T23:54:58.353+0000] {processor.py:826} INFO - Processing file /home/airflow/.local/lib/python3.7/site-packages/airflow/example_dags/example_dag_decorator.py for tasks to queue
[2023-05-17T23:54:58.353+0000] {logging_mixin.py:149} INFO - [2023-05-17T23:54:58.353+0000] {dagbag.py:541} INFO - Filling up the DagBag from /home/airflow/.local/lib/python3.7/site-packages/airflow/example_dags/example_dag_decorator.py
[2023-05-17T23:54:58.357+0000] {logging_mixin.py:149} INFO - [2023-05-17T23:54:58.357+0000] {taskmixin.py:211} WARNING - Dependency <Task(_PythonDecoratedOperator): prepare_email>, send_email already registered for DAG: example_dag_decorator
[2023-05-17T23:54:58.357+0000] {logging_mixin.py:149} INFO - [2023-05-17T23:54:58.357+0000] {taskmixin.py:211} WARNING - Dependency <Task(EmailOperator): send_email>, prepare_email already registered for DAG: example_dag_decorator
[2023-05-17T23:54:58.362+0000] {processor.py:836} INFO - DAG(s) dict_keys(['example_dag_decorator']) retrieved from /home/airflow/.local/lib/python3.7/site-packages/airflow/example_dags/example_dag_decorator.py
[2023-05-17T23:54:58.399+0000] {logging_mixin.py:149} INFO - [2023-05-17T23:54:58.399+0000] {dag.py:2726} INFO - Sync 1 DAGs
[2023-05-17T23:54:58.411+0000] {logging_mixin.py:149} INFO - [2023-05-17T23:54:58.411+0000] {dag.py:3490} INFO - Setting next_dagrun for example_dag_decorator to None, run_after=None
[2023-05-17T23:54:58.423+0000] {processor.py:179} INFO - Processing /home/airflow/.local/lib/python3.7/site-packages/airflow/example_dags/example_dag_decorator.py took 0.073 seconds
[2023-05-17T23:55:28.962+0000] {processor.py:157} INFO - Started process (PID=935) to work on /home/airflow/.local/lib/python3.7/site-packages/airflow/example_dags/example_dag_decorator.py
[2023-05-17T23:55:28.963+0000] {processor.py:826} INFO - Processing file /home/airflow/.local/lib/python3.7/site-packages/airflow/example_dags/example_dag_decorator.py for tasks to queue
[2023-05-17T23:55:28.963+0000] {logging_mixin.py:149} INFO - [2023-05-17T23:55:28.963+0000] {dagbag.py:541} INFO - Filling up the DagBag from /home/airflow/.local/lib/python3.7/site-packages/airflow/example_dags/example_dag_decorator.py
[2023-05-17T23:55:28.967+0000] {logging_mixin.py:149} INFO - [2023-05-17T23:55:28.966+0000] {taskmixin.py:211} WARNING - Dependency <Task(_PythonDecoratedOperator): prepare_email>, send_email already registered for DAG: example_dag_decorator
[2023-05-17T23:55:28.967+0000] {logging_mixin.py:149} INFO - [2023-05-17T23:55:28.967+0000] {taskmixin.py:211} WARNING - Dependency <Task(EmailOperator): send_email>, prepare_email already registered for DAG: example_dag_decorator
[2023-05-17T23:55:28.972+0000] {processor.py:836} INFO - DAG(s) dict_keys(['example_dag_decorator']) retrieved from /home/airflow/.local/lib/python3.7/site-packages/airflow/example_dags/example_dag_decorator.py
[2023-05-17T23:55:29.009+0000] {logging_mixin.py:149} INFO - [2023-05-17T23:55:29.009+0000] {dag.py:2726} INFO - Sync 1 DAGs
[2023-05-17T23:55:29.022+0000] {logging_mixin.py:149} INFO - [2023-05-17T23:55:29.022+0000] {dag.py:3490} INFO - Setting next_dagrun for example_dag_decorator to None, run_after=None
[2023-05-17T23:55:29.034+0000] {processor.py:179} INFO - Processing /home/airflow/.local/lib/python3.7/site-packages/airflow/example_dags/example_dag_decorator.py took 0.074 seconds
[2023-05-17T23:55:59.591+0000] {processor.py:157} INFO - Started process (PID=999) to work on /home/airflow/.local/lib/python3.7/site-packages/airflow/example_dags/example_dag_decorator.py
[2023-05-17T23:55:59.599+0000] {processor.py:826} INFO - Processing file /home/airflow/.local/lib/python3.7/site-packages/airflow/example_dags/example_dag_decorator.py for tasks to queue
[2023-05-17T23:55:59.599+0000] {logging_mixin.py:149} INFO - [2023-05-17T23:55:59.599+0000] {dagbag.py:541} INFO - Filling up the DagBag from /home/airflow/.local/lib/python3.7/site-packages/airflow/example_dags/example_dag_decorator.py
[2023-05-17T23:55:59.603+0000] {logging_mixin.py:149} INFO - [2023-05-17T23:55:59.603+0000] {taskmixin.py:211} WARNING - Dependency <Task(_PythonDecoratedOperator): prepare_email>, send_email already registered for DAG: example_dag_decorator
[2023-05-17T23:55:59.603+0000] {logging_mixin.py:149} INFO - [2023-05-17T23:55:59.603+0000] {taskmixin.py:211} WARNING - Dependency <Task(EmailOperator): send_email>, prepare_email already registered for DAG: example_dag_decorator
[2023-05-17T23:55:59.608+0000] {processor.py:836} INFO - DAG(s) dict_keys(['example_dag_decorator']) retrieved from /home/airflow/.local/lib/python3.7/site-packages/airflow/example_dags/example_dag_decorator.py
[2023-05-17T23:55:59.650+0000] {logging_mixin.py:149} INFO - [2023-05-17T23:55:59.650+0000] {dag.py:2726} INFO - Sync 1 DAGs
[2023-05-17T23:55:59.667+0000] {logging_mixin.py:149} INFO - [2023-05-17T23:55:59.667+0000] {dag.py:3490} INFO - Setting next_dagrun for example_dag_decorator to None, run_after=None
[2023-05-17T23:55:59.683+0000] {processor.py:179} INFO - Processing /home/airflow/.local/lib/python3.7/site-packages/airflow/example_dags/example_dag_decorator.py took 0.094 seconds
[2023-05-17T23:56:30.314+0000] {processor.py:157} INFO - Started process (PID=1063) to work on /home/airflow/.local/lib/python3.7/site-packages/airflow/example_dags/example_dag_decorator.py
[2023-05-17T23:56:30.314+0000] {processor.py:826} INFO - Processing file /home/airflow/.local/lib/python3.7/site-packages/airflow/example_dags/example_dag_decorator.py for tasks to queue
[2023-05-17T23:56:30.314+0000] {logging_mixin.py:149} INFO - [2023-05-17T23:56:30.314+0000] {dagbag.py:541} INFO - Filling up the DagBag from /home/airflow/.local/lib/python3.7/site-packages/airflow/example_dags/example_dag_decorator.py
[2023-05-17T23:56:30.318+0000] {logging_mixin.py:149} INFO - [2023-05-17T23:56:30.318+0000] {taskmixin.py:211} WARNING - Dependency <Task(_PythonDecoratedOperator): prepare_email>, send_email already registered for DAG: example_dag_decorator
[2023-05-17T23:56:30.318+0000] {logging_mixin.py:149} INFO - [2023-05-17T23:56:30.318+0000] {taskmixin.py:211} WARNING - Dependency <Task(EmailOperator): send_email>, prepare_email already registered for DAG: example_dag_decorator
[2023-05-17T23:56:30.322+0000] {processor.py:836} INFO - DAG(s) dict_keys(['example_dag_decorator']) retrieved from /home/airflow/.local/lib/python3.7/site-packages/airflow/example_dags/example_dag_decorator.py
[2023-05-17T23:56:30.356+0000] {logging_mixin.py:149} INFO - [2023-05-17T23:56:30.356+0000] {dag.py:2726} INFO - Sync 1 DAGs
[2023-05-17T23:56:30.369+0000] {logging_mixin.py:149} INFO - [2023-05-17T23:56:30.369+0000] {dag.py:3490} INFO - Setting next_dagrun for example_dag_decorator to None, run_after=None
[2023-05-17T23:56:30.382+0000] {processor.py:179} INFO - Processing /home/airflow/.local/lib/python3.7/site-packages/airflow/example_dags/example_dag_decorator.py took 0.070 seconds
[2023-05-17T23:57:00.932+0000] {processor.py:157} INFO - Started process (PID=1127) to work on /home/airflow/.local/lib/python3.7/site-packages/airflow/example_dags/example_dag_decorator.py
[2023-05-17T23:57:00.932+0000] {processor.py:826} INFO - Processing file /home/airflow/.local/lib/python3.7/site-packages/airflow/example_dags/example_dag_decorator.py for tasks to queue
[2023-05-17T23:57:00.933+0000] {logging_mixin.py:149} INFO - [2023-05-17T23:57:00.933+0000] {dagbag.py:541} INFO - Filling up the DagBag from /home/airflow/.local/lib/python3.7/site-packages/airflow/example_dags/example_dag_decorator.py
[2023-05-17T23:57:00.936+0000] {logging_mixin.py:149} INFO - [2023-05-17T23:57:00.936+0000] {taskmixin.py:211} WARNING - Dependency <Task(_PythonDecoratedOperator): prepare_email>, send_email already registered for DAG: example_dag_decorator
[2023-05-17T23:57:00.937+0000] {logging_mixin.py:149} INFO - [2023-05-17T23:57:00.937+0000] {taskmixin.py:211} WARNING - Dependency <Task(EmailOperator): send_email>, prepare_email already registered for DAG: example_dag_decorator
[2023-05-17T23:57:00.941+0000] {processor.py:836} INFO - DAG(s) dict_keys(['example_dag_decorator']) retrieved from /home/airflow/.local/lib/python3.7/site-packages/airflow/example_dags/example_dag_decorator.py
[2023-05-17T23:57:00.979+0000] {logging_mixin.py:149} INFO - [2023-05-17T23:57:00.979+0000] {dag.py:2726} INFO - Sync 1 DAGs
[2023-05-17T23:57:00.993+0000] {logging_mixin.py:149} INFO - [2023-05-17T23:57:00.993+0000] {dag.py:3490} INFO - Setting next_dagrun for example_dag_decorator to None, run_after=None
[2023-05-17T23:57:01.005+0000] {processor.py:179} INFO - Processing /home/airflow/.local/lib/python3.7/site-packages/airflow/example_dags/example_dag_decorator.py took 0.075 seconds
[2023-05-17T23:57:31.540+0000] {processor.py:157} INFO - Started process (PID=1191) to work on /home/airflow/.local/lib/python3.7/site-packages/airflow/example_dags/example_dag_decorator.py
[2023-05-17T23:57:31.540+0000] {processor.py:826} INFO - Processing file /home/airflow/.local/lib/python3.7/site-packages/airflow/example_dags/example_dag_decorator.py for tasks to queue
[2023-05-17T23:57:31.540+0000] {logging_mixin.py:149} INFO - [2023-05-17T23:57:31.540+0000] {dagbag.py:541} INFO - Filling up the DagBag from /home/airflow/.local/lib/python3.7/site-packages/airflow/example_dags/example_dag_decorator.py
[2023-05-17T23:57:31.544+0000] {logging_mixin.py:149} INFO - [2023-05-17T23:57:31.544+0000] {taskmixin.py:211} WARNING - Dependency <Task(_PythonDecoratedOperator): prepare_email>, send_email already registered for DAG: example_dag_decorator
[2023-05-17T23:57:31.544+0000] {logging_mixin.py:149} INFO - [2023-05-17T23:57:31.544+0000] {taskmixin.py:211} WARNING - Dependency <Task(EmailOperator): send_email>, prepare_email already registered for DAG: example_dag_decorator
[2023-05-17T23:57:31.548+0000] {processor.py:836} INFO - DAG(s) dict_keys(['example_dag_decorator']) retrieved from /home/airflow/.local/lib/python3.7/site-packages/airflow/example_dags/example_dag_decorator.py
[2023-05-17T23:57:31.584+0000] {logging_mixin.py:149} INFO - [2023-05-17T23:57:31.584+0000] {dag.py:2726} INFO - Sync 1 DAGs
[2023-05-17T23:57:31.597+0000] {logging_mixin.py:149} INFO - [2023-05-17T23:57:31.597+0000] {dag.py:3490} INFO - Setting next_dagrun for example_dag_decorator to None, run_after=None
[2023-05-17T23:57:31.609+0000] {processor.py:179} INFO - Processing /home/airflow/.local/lib/python3.7/site-packages/airflow/example_dags/example_dag_decorator.py took 0.071 seconds
[2023-05-17T23:58:02.327+0000] {processor.py:157} INFO - Started process (PID=1255) to work on /home/airflow/.local/lib/python3.7/site-packages/airflow/example_dags/example_dag_decorator.py
[2023-05-17T23:58:02.328+0000] {processor.py:826} INFO - Processing file /home/airflow/.local/lib/python3.7/site-packages/airflow/example_dags/example_dag_decorator.py for tasks to queue
[2023-05-17T23:58:02.328+0000] {logging_mixin.py:149} INFO - [2023-05-17T23:58:02.328+0000] {dagbag.py:541} INFO - Filling up the DagBag from /home/airflow/.local/lib/python3.7/site-packages/airflow/example_dags/example_dag_decorator.py
[2023-05-17T23:58:02.333+0000] {logging_mixin.py:149} INFO - [2023-05-17T23:58:02.333+0000] {taskmixin.py:211} WARNING - Dependency <Task(_PythonDecoratedOperator): prepare_email>, send_email already registered for DAG: example_dag_decorator
[2023-05-17T23:58:02.333+0000] {logging_mixin.py:149} INFO - [2023-05-17T23:58:02.333+0000] {taskmixin.py:211} WARNING - Dependency <Task(EmailOperator): send_email>, prepare_email already registered for DAG: example_dag_decorator
[2023-05-17T23:58:02.338+0000] {processor.py:836} INFO - DAG(s) dict_keys(['example_dag_decorator']) retrieved from /home/airflow/.local/lib/python3.7/site-packages/airflow/example_dags/example_dag_decorator.py
[2023-05-17T23:58:02.387+0000] {logging_mixin.py:149} INFO - [2023-05-17T23:58:02.387+0000] {dag.py:2726} INFO - Sync 1 DAGs
[2023-05-17T23:58:02.407+0000] {logging_mixin.py:149} INFO - [2023-05-17T23:58:02.407+0000] {dag.py:3490} INFO - Setting next_dagrun for example_dag_decorator to None, run_after=None
[2023-05-17T23:58:02.425+0000] {processor.py:179} INFO - Processing /home/airflow/.local/lib/python3.7/site-packages/airflow/example_dags/example_dag_decorator.py took 0.100 seconds
[2023-05-17T23:58:32.992+0000] {processor.py:157} INFO - Started process (PID=1319) to work on /home/airflow/.local/lib/python3.7/site-packages/airflow/example_dags/example_dag_decorator.py
[2023-05-17T23:58:32.993+0000] {processor.py:826} INFO - Processing file /home/airflow/.local/lib/python3.7/site-packages/airflow/example_dags/example_dag_decorator.py for tasks to queue
[2023-05-17T23:58:32.993+0000] {logging_mixin.py:149} INFO - [2023-05-17T23:58:32.993+0000] {dagbag.py:541} INFO - Filling up the DagBag from /home/airflow/.local/lib/python3.7/site-packages/airflow/example_dags/example_dag_decorator.py
[2023-05-17T23:58:32.997+0000] {logging_mixin.py:149} INFO - [2023-05-17T23:58:32.997+0000] {taskmixin.py:211} WARNING - Dependency <Task(_PythonDecoratedOperator): prepare_email>, send_email already registered for DAG: example_dag_decorator
[2023-05-17T23:58:32.997+0000] {logging_mixin.py:149} INFO - [2023-05-17T23:58:32.997+0000] {taskmixin.py:211} WARNING - Dependency <Task(EmailOperator): send_email>, prepare_email already registered for DAG: example_dag_decorator
[2023-05-17T23:58:33.001+0000] {processor.py:836} INFO - DAG(s) dict_keys(['example_dag_decorator']) retrieved from /home/airflow/.local/lib/python3.7/site-packages/airflow/example_dags/example_dag_decorator.py
[2023-05-17T23:58:33.037+0000] {logging_mixin.py:149} INFO - [2023-05-17T23:58:33.037+0000] {dag.py:2726} INFO - Sync 1 DAGs
[2023-05-17T23:58:33.049+0000] {logging_mixin.py:149} INFO - [2023-05-17T23:58:33.049+0000] {dag.py:3490} INFO - Setting next_dagrun for example_dag_decorator to None, run_after=None
[2023-05-17T23:58:33.063+0000] {processor.py:179} INFO - Processing /home/airflow/.local/lib/python3.7/site-packages/airflow/example_dags/example_dag_decorator.py took 0.072 seconds
[2023-05-17T23:59:03.529+0000] {processor.py:157} INFO - Started process (PID=1383) to work on /home/airflow/.local/lib/python3.7/site-packages/airflow/example_dags/example_dag_decorator.py
[2023-05-17T23:59:03.543+0000] {processor.py:826} INFO - Processing file /home/airflow/.local/lib/python3.7/site-packages/airflow/example_dags/example_dag_decorator.py for tasks to queue
[2023-05-17T23:59:03.544+0000] {logging_mixin.py:149} INFO - [2023-05-17T23:59:03.544+0000] {dagbag.py:541} INFO - Filling up the DagBag from /home/airflow/.local/lib/python3.7/site-packages/airflow/example_dags/example_dag_decorator.py
[2023-05-17T23:59:03.547+0000] {logging_mixin.py:149} INFO - [2023-05-17T23:59:03.547+0000] {taskmixin.py:211} WARNING - Dependency <Task(_PythonDecoratedOperator): prepare_email>, send_email already registered for DAG: example_dag_decorator
[2023-05-17T23:59:03.547+0000] {logging_mixin.py:149} INFO - [2023-05-17T23:59:03.547+0000] {taskmixin.py:211} WARNING - Dependency <Task(EmailOperator): send_email>, prepare_email already registered for DAG: example_dag_decorator
[2023-05-17T23:59:03.551+0000] {processor.py:836} INFO - DAG(s) dict_keys(['example_dag_decorator']) retrieved from /home/airflow/.local/lib/python3.7/site-packages/airflow/example_dags/example_dag_decorator.py
[2023-05-17T23:59:03.591+0000] {logging_mixin.py:149} INFO - [2023-05-17T23:59:03.591+0000] {dag.py:2726} INFO - Sync 1 DAGs
[2023-05-17T23:59:03.604+0000] {logging_mixin.py:149} INFO - [2023-05-17T23:59:03.603+0000] {dag.py:3490} INFO - Setting next_dagrun for example_dag_decorator to None, run_after=None
[2023-05-17T23:59:03.623+0000] {processor.py:179} INFO - Processing /home/airflow/.local/lib/python3.7/site-packages/airflow/example_dags/example_dag_decorator.py took 0.095 seconds
[2023-05-17T23:59:34.129+0000] {processor.py:157} INFO - Started process (PID=1447) to work on /home/airflow/.local/lib/python3.7/site-packages/airflow/example_dags/example_dag_decorator.py
[2023-05-17T23:59:34.140+0000] {processor.py:826} INFO - Processing file /home/airflow/.local/lib/python3.7/site-packages/airflow/example_dags/example_dag_decorator.py for tasks to queue
[2023-05-17T23:59:34.140+0000] {logging_mixin.py:149} INFO - [2023-05-17T23:59:34.140+0000] {dagbag.py:541} INFO - Filling up the DagBag from /home/airflow/.local/lib/python3.7/site-packages/airflow/example_dags/example_dag_decorator.py
[2023-05-17T23:59:34.143+0000] {logging_mixin.py:149} INFO - [2023-05-17T23:59:34.143+0000] {taskmixin.py:211} WARNING - Dependency <Task(_PythonDecoratedOperator): prepare_email>, send_email already registered for DAG: example_dag_decorator
[2023-05-17T23:59:34.143+0000] {logging_mixin.py:149} INFO - [2023-05-17T23:59:34.143+0000] {taskmixin.py:211} WARNING - Dependency <Task(EmailOperator): send_email>, prepare_email already registered for DAG: example_dag_decorator
[2023-05-17T23:59:34.148+0000] {processor.py:836} INFO - DAG(s) dict_keys(['example_dag_decorator']) retrieved from /home/airflow/.local/lib/python3.7/site-packages/airflow/example_dags/example_dag_decorator.py
[2023-05-17T23:59:34.183+0000] {logging_mixin.py:149} INFO - [2023-05-17T23:59:34.183+0000] {dag.py:2726} INFO - Sync 1 DAGs
[2023-05-17T23:59:34.195+0000] {logging_mixin.py:149} INFO - [2023-05-17T23:59:34.195+0000] {dag.py:3490} INFO - Setting next_dagrun for example_dag_decorator to None, run_after=None
[2023-05-17T23:59:34.206+0000] {processor.py:179} INFO - Processing /home/airflow/.local/lib/python3.7/site-packages/airflow/example_dags/example_dag_decorator.py took 0.079 seconds
