[2023-05-17T23:27:46.601+0000] {processor.py:157} INFO - Started process (PID=61) to work on /home/airflow/.local/lib/python3.7/site-packages/airflow/example_dags/example_task_group_decorator.py
[2023-05-17T23:27:46.601+0000] {processor.py:826} INFO - Processing file /home/airflow/.local/lib/python3.7/site-packages/airflow/example_dags/example_task_group_decorator.py for tasks to queue
[2023-05-17T23:27:46.602+0000] {logging_mixin.py:149} INFO - [2023-05-17T23:27:46.602+0000] {dagbag.py:541} INFO - Filling up the DagBag from /home/airflow/.local/lib/python3.7/site-packages/airflow/example_dags/example_task_group_decorator.py
[2023-05-17T23:27:46.610+0000] {processor.py:836} INFO - DAG(s) dict_keys(['example_task_group_decorator']) retrieved from /home/airflow/.local/lib/python3.7/site-packages/airflow/example_dags/example_task_group_decorator.py
[2023-05-17T23:27:46.617+0000] {logging_mixin.py:149} INFO - [2023-05-17T23:27:46.617+0000] {dag.py:2726} INFO - Sync 1 DAGs
[2023-05-17T23:27:46.632+0000] {logging_mixin.py:149} INFO - [2023-05-17T23:27:46.632+0000] {dag.py:3490} INFO - Setting next_dagrun for example_task_group_decorator to 2023-05-16T23:27:46.632657+00:00, run_after=2023-05-17T23:27:46.632657+00:00
[2023-05-17T23:27:46.646+0000] {processor.py:179} INFO - Processing /home/airflow/.local/lib/python3.7/site-packages/airflow/example_dags/example_task_group_decorator.py took 0.047 seconds
[2023-05-17T23:28:17.148+0000] {processor.py:157} INFO - Started process (PID=125) to work on /home/airflow/.local/lib/python3.7/site-packages/airflow/example_dags/example_task_group_decorator.py
[2023-05-17T23:28:17.149+0000] {processor.py:826} INFO - Processing file /home/airflow/.local/lib/python3.7/site-packages/airflow/example_dags/example_task_group_decorator.py for tasks to queue
[2023-05-17T23:28:17.149+0000] {logging_mixin.py:149} INFO - [2023-05-17T23:28:17.149+0000] {dagbag.py:541} INFO - Filling up the DagBag from /home/airflow/.local/lib/python3.7/site-packages/airflow/example_dags/example_task_group_decorator.py
[2023-05-17T23:28:17.156+0000] {processor.py:836} INFO - DAG(s) dict_keys(['example_task_group_decorator']) retrieved from /home/airflow/.local/lib/python3.7/site-packages/airflow/example_dags/example_task_group_decorator.py
[2023-05-17T23:28:17.170+0000] {logging_mixin.py:149} INFO - [2023-05-17T23:28:17.170+0000] {dag.py:2726} INFO - Sync 1 DAGs
[2023-05-17T23:28:17.184+0000] {logging_mixin.py:149} INFO - [2023-05-17T23:28:17.184+0000] {dag.py:3490} INFO - Setting next_dagrun for example_task_group_decorator to 2023-05-16T23:28:17.183906+00:00, run_after=2023-05-17T23:28:17.183906+00:00
[2023-05-17T23:28:17.201+0000] {processor.py:179} INFO - Processing /home/airflow/.local/lib/python3.7/site-packages/airflow/example_dags/example_task_group_decorator.py took 0.054 seconds
[2023-05-17T23:28:47.589+0000] {processor.py:157} INFO - Started process (PID=189) to work on /home/airflow/.local/lib/python3.7/site-packages/airflow/example_dags/example_task_group_decorator.py
[2023-05-17T23:28:47.589+0000] {processor.py:826} INFO - Processing file /home/airflow/.local/lib/python3.7/site-packages/airflow/example_dags/example_task_group_decorator.py for tasks to queue
[2023-05-17T23:28:47.589+0000] {logging_mixin.py:149} INFO - [2023-05-17T23:28:47.589+0000] {dagbag.py:541} INFO - Filling up the DagBag from /home/airflow/.local/lib/python3.7/site-packages/airflow/example_dags/example_task_group_decorator.py
[2023-05-17T23:28:47.597+0000] {processor.py:836} INFO - DAG(s) dict_keys(['example_task_group_decorator']) retrieved from /home/airflow/.local/lib/python3.7/site-packages/airflow/example_dags/example_task_group_decorator.py
[2023-05-17T23:28:47.611+0000] {logging_mixin.py:149} INFO - [2023-05-17T23:28:47.611+0000] {dag.py:2726} INFO - Sync 1 DAGs
[2023-05-17T23:28:47.625+0000] {logging_mixin.py:149} INFO - [2023-05-17T23:28:47.625+0000] {dag.py:3490} INFO - Setting next_dagrun for example_task_group_decorator to 2023-05-16T23:28:47.624938+00:00, run_after=2023-05-17T23:28:47.624938+00:00
[2023-05-17T23:28:47.646+0000] {processor.py:179} INFO - Processing /home/airflow/.local/lib/python3.7/site-packages/airflow/example_dags/example_task_group_decorator.py took 0.059 seconds
[2023-05-17T23:29:18.056+0000] {processor.py:157} INFO - Started process (PID=253) to work on /home/airflow/.local/lib/python3.7/site-packages/airflow/example_dags/example_task_group_decorator.py
[2023-05-17T23:29:18.056+0000] {processor.py:826} INFO - Processing file /home/airflow/.local/lib/python3.7/site-packages/airflow/example_dags/example_task_group_decorator.py for tasks to queue
[2023-05-17T23:29:18.057+0000] {logging_mixin.py:149} INFO - [2023-05-17T23:29:18.057+0000] {dagbag.py:541} INFO - Filling up the DagBag from /home/airflow/.local/lib/python3.7/site-packages/airflow/example_dags/example_task_group_decorator.py
[2023-05-17T23:29:18.064+0000] {processor.py:836} INFO - DAG(s) dict_keys(['example_task_group_decorator']) retrieved from /home/airflow/.local/lib/python3.7/site-packages/airflow/example_dags/example_task_group_decorator.py
[2023-05-17T23:29:18.079+0000] {logging_mixin.py:149} INFO - [2023-05-17T23:29:18.079+0000] {dag.py:2726} INFO - Sync 1 DAGs
[2023-05-17T23:29:18.092+0000] {logging_mixin.py:149} INFO - [2023-05-17T23:29:18.092+0000] {dag.py:3490} INFO - Setting next_dagrun for example_task_group_decorator to 2023-05-16T23:29:18.091948+00:00, run_after=2023-05-17T23:29:18.091948+00:00
[2023-05-17T23:29:18.119+0000] {processor.py:179} INFO - Processing /home/airflow/.local/lib/python3.7/site-packages/airflow/example_dags/example_task_group_decorator.py took 0.065 seconds
[2023-05-17T23:29:48.698+0000] {processor.py:157} INFO - Started process (PID=317) to work on /home/airflow/.local/lib/python3.7/site-packages/airflow/example_dags/example_task_group_decorator.py
[2023-05-17T23:29:48.700+0000] {processor.py:826} INFO - Processing file /home/airflow/.local/lib/python3.7/site-packages/airflow/example_dags/example_task_group_decorator.py for tasks to queue
[2023-05-17T23:29:48.700+0000] {logging_mixin.py:149} INFO - [2023-05-17T23:29:48.700+0000] {dagbag.py:541} INFO - Filling up the DagBag from /home/airflow/.local/lib/python3.7/site-packages/airflow/example_dags/example_task_group_decorator.py
[2023-05-17T23:29:48.709+0000] {processor.py:836} INFO - DAG(s) dict_keys(['example_task_group_decorator']) retrieved from /home/airflow/.local/lib/python3.7/site-packages/airflow/example_dags/example_task_group_decorator.py
[2023-05-17T23:29:48.729+0000] {logging_mixin.py:149} INFO - [2023-05-17T23:29:48.729+0000] {dag.py:2726} INFO - Sync 1 DAGs
[2023-05-17T23:29:48.745+0000] {logging_mixin.py:149} INFO - [2023-05-17T23:29:48.745+0000] {dag.py:3490} INFO - Setting next_dagrun for example_task_group_decorator to 2023-05-16T23:29:48.745151+00:00, run_after=2023-05-17T23:29:48.745151+00:00
[2023-05-17T23:29:48.769+0000] {processor.py:179} INFO - Processing /home/airflow/.local/lib/python3.7/site-packages/airflow/example_dags/example_task_group_decorator.py took 0.073 seconds
[2023-05-17T23:30:31.887+0000] {processor.py:157} INFO - Started process (PID=62) to work on /home/airflow/.local/lib/python3.7/site-packages/airflow/example_dags/example_task_group_decorator.py
[2023-05-17T23:30:31.892+0000] {processor.py:826} INFO - Processing file /home/airflow/.local/lib/python3.7/site-packages/airflow/example_dags/example_task_group_decorator.py for tasks to queue
[2023-05-17T23:30:31.892+0000] {logging_mixin.py:149} INFO - [2023-05-17T23:30:31.892+0000] {dagbag.py:541} INFO - Filling up the DagBag from /home/airflow/.local/lib/python3.7/site-packages/airflow/example_dags/example_task_group_decorator.py
[2023-05-17T23:30:31.899+0000] {processor.py:836} INFO - DAG(s) dict_keys(['example_task_group_decorator']) retrieved from /home/airflow/.local/lib/python3.7/site-packages/airflow/example_dags/example_task_group_decorator.py
[2023-05-17T23:30:31.906+0000] {logging_mixin.py:149} INFO - [2023-05-17T23:30:31.906+0000] {dag.py:2726} INFO - Sync 1 DAGs
[2023-05-17T23:30:31.929+0000] {logging_mixin.py:149} INFO - [2023-05-17T23:30:31.929+0000] {dag.py:3490} INFO - Setting next_dagrun for example_task_group_decorator to 2023-05-16T23:30:31.929116+00:00, run_after=2023-05-17T23:30:31.929116+00:00
[2023-05-17T23:30:31.949+0000] {processor.py:179} INFO - Processing /home/airflow/.local/lib/python3.7/site-packages/airflow/example_dags/example_task_group_decorator.py took 0.064 seconds
[2023-05-17T23:31:02.786+0000] {processor.py:157} INFO - Started process (PID=126) to work on /home/airflow/.local/lib/python3.7/site-packages/airflow/example_dags/example_task_group_decorator.py
[2023-05-17T23:31:02.787+0000] {processor.py:826} INFO - Processing file /home/airflow/.local/lib/python3.7/site-packages/airflow/example_dags/example_task_group_decorator.py for tasks to queue
[2023-05-17T23:31:02.787+0000] {logging_mixin.py:149} INFO - [2023-05-17T23:31:02.787+0000] {dagbag.py:541} INFO - Filling up the DagBag from /home/airflow/.local/lib/python3.7/site-packages/airflow/example_dags/example_task_group_decorator.py
[2023-05-17T23:31:02.794+0000] {processor.py:836} INFO - DAG(s) dict_keys(['example_task_group_decorator']) retrieved from /home/airflow/.local/lib/python3.7/site-packages/airflow/example_dags/example_task_group_decorator.py
[2023-05-17T23:31:02.809+0000] {logging_mixin.py:149} INFO - [2023-05-17T23:31:02.809+0000] {dag.py:2726} INFO - Sync 1 DAGs
[2023-05-17T23:31:02.822+0000] {logging_mixin.py:149} INFO - [2023-05-17T23:31:02.822+0000] {dag.py:3490} INFO - Setting next_dagrun for example_task_group_decorator to 2023-05-16T23:31:02.821857+00:00, run_after=2023-05-17T23:31:02.821857+00:00
[2023-05-17T23:31:02.849+0000] {processor.py:179} INFO - Processing /home/airflow/.local/lib/python3.7/site-packages/airflow/example_dags/example_task_group_decorator.py took 0.065 seconds
[2023-05-17T23:31:33.587+0000] {processor.py:157} INFO - Started process (PID=190) to work on /home/airflow/.local/lib/python3.7/site-packages/airflow/example_dags/example_task_group_decorator.py
[2023-05-17T23:31:33.588+0000] {processor.py:826} INFO - Processing file /home/airflow/.local/lib/python3.7/site-packages/airflow/example_dags/example_task_group_decorator.py for tasks to queue
[2023-05-17T23:31:33.588+0000] {logging_mixin.py:149} INFO - [2023-05-17T23:31:33.588+0000] {dagbag.py:541} INFO - Filling up the DagBag from /home/airflow/.local/lib/python3.7/site-packages/airflow/example_dags/example_task_group_decorator.py
[2023-05-17T23:31:33.596+0000] {processor.py:836} INFO - DAG(s) dict_keys(['example_task_group_decorator']) retrieved from /home/airflow/.local/lib/python3.7/site-packages/airflow/example_dags/example_task_group_decorator.py
[2023-05-17T23:31:33.680+0000] {logging_mixin.py:149} INFO - [2023-05-17T23:31:33.680+0000] {dag.py:2726} INFO - Sync 1 DAGs
[2023-05-17T23:31:33.692+0000] {logging_mixin.py:149} INFO - [2023-05-17T23:31:33.692+0000] {dag.py:3490} INFO - Setting next_dagrun for example_task_group_decorator to 2023-05-16T23:31:33.692543+00:00, run_after=2023-05-17T23:31:33.692543+00:00
[2023-05-17T23:31:33.704+0000] {processor.py:179} INFO - Processing /home/airflow/.local/lib/python3.7/site-packages/airflow/example_dags/example_task_group_decorator.py took 0.119 seconds
[2023-05-17T23:34:33.770+0000] {processor.py:157} INFO - Started process (PID=62) to work on /home/airflow/.local/lib/python3.7/site-packages/airflow/example_dags/example_task_group_decorator.py
[2023-05-17T23:34:33.771+0000] {processor.py:826} INFO - Processing file /home/airflow/.local/lib/python3.7/site-packages/airflow/example_dags/example_task_group_decorator.py for tasks to queue
[2023-05-17T23:34:33.771+0000] {logging_mixin.py:149} INFO - [2023-05-17T23:34:33.771+0000] {dagbag.py:541} INFO - Filling up the DagBag from /home/airflow/.local/lib/python3.7/site-packages/airflow/example_dags/example_task_group_decorator.py
[2023-05-17T23:34:33.779+0000] {processor.py:836} INFO - DAG(s) dict_keys(['example_task_group_decorator']) retrieved from /home/airflow/.local/lib/python3.7/site-packages/airflow/example_dags/example_task_group_decorator.py
[2023-05-17T23:34:33.787+0000] {logging_mixin.py:149} INFO - [2023-05-17T23:34:33.787+0000] {dag.py:2726} INFO - Sync 1 DAGs
[2023-05-17T23:34:33.801+0000] {logging_mixin.py:149} INFO - [2023-05-17T23:34:33.801+0000] {dag.py:3490} INFO - Setting next_dagrun for example_task_group_decorator to 2023-05-16T23:34:33.801727+00:00, run_after=2023-05-17T23:34:33.801727+00:00
[2023-05-17T23:34:33.819+0000] {processor.py:179} INFO - Processing /home/airflow/.local/lib/python3.7/site-packages/airflow/example_dags/example_task_group_decorator.py took 0.051 seconds
[2023-05-17T23:35:04.937+0000] {processor.py:157} INFO - Started process (PID=126) to work on /home/airflow/.local/lib/python3.7/site-packages/airflow/example_dags/example_task_group_decorator.py
[2023-05-17T23:35:04.938+0000] {processor.py:826} INFO - Processing file /home/airflow/.local/lib/python3.7/site-packages/airflow/example_dags/example_task_group_decorator.py for tasks to queue
[2023-05-17T23:35:04.938+0000] {logging_mixin.py:149} INFO - [2023-05-17T23:35:04.938+0000] {dagbag.py:541} INFO - Filling up the DagBag from /home/airflow/.local/lib/python3.7/site-packages/airflow/example_dags/example_task_group_decorator.py
[2023-05-17T23:35:04.946+0000] {processor.py:836} INFO - DAG(s) dict_keys(['example_task_group_decorator']) retrieved from /home/airflow/.local/lib/python3.7/site-packages/airflow/example_dags/example_task_group_decorator.py
[2023-05-17T23:35:04.960+0000] {logging_mixin.py:149} INFO - [2023-05-17T23:35:04.960+0000] {dag.py:2726} INFO - Sync 1 DAGs
[2023-05-17T23:35:04.974+0000] {logging_mixin.py:149} INFO - [2023-05-17T23:35:04.974+0000] {dag.py:3490} INFO - Setting next_dagrun for example_task_group_decorator to 2023-05-16T23:35:04.974678+00:00, run_after=2023-05-17T23:35:04.974678+00:00
[2023-05-17T23:35:05.001+0000] {processor.py:179} INFO - Processing /home/airflow/.local/lib/python3.7/site-packages/airflow/example_dags/example_task_group_decorator.py took 0.066 seconds
[2023-05-17T23:35:35.722+0000] {processor.py:157} INFO - Started process (PID=190) to work on /home/airflow/.local/lib/python3.7/site-packages/airflow/example_dags/example_task_group_decorator.py
[2023-05-17T23:35:35.723+0000] {processor.py:826} INFO - Processing file /home/airflow/.local/lib/python3.7/site-packages/airflow/example_dags/example_task_group_decorator.py for tasks to queue
[2023-05-17T23:35:35.723+0000] {logging_mixin.py:149} INFO - [2023-05-17T23:35:35.723+0000] {dagbag.py:541} INFO - Filling up the DagBag from /home/airflow/.local/lib/python3.7/site-packages/airflow/example_dags/example_task_group_decorator.py
[2023-05-17T23:35:35.730+0000] {processor.py:836} INFO - DAG(s) dict_keys(['example_task_group_decorator']) retrieved from /home/airflow/.local/lib/python3.7/site-packages/airflow/example_dags/example_task_group_decorator.py
[2023-05-17T23:35:35.808+0000] {logging_mixin.py:149} INFO - [2023-05-17T23:35:35.808+0000] {dag.py:2726} INFO - Sync 1 DAGs
[2023-05-17T23:35:35.820+0000] {logging_mixin.py:149} INFO - [2023-05-17T23:35:35.819+0000] {dag.py:3490} INFO - Setting next_dagrun for example_task_group_decorator to 2023-05-16T23:35:35.819830+00:00, run_after=2023-05-17T23:35:35.819830+00:00
[2023-05-17T23:35:35.831+0000] {processor.py:179} INFO - Processing /home/airflow/.local/lib/python3.7/site-packages/airflow/example_dags/example_task_group_decorator.py took 0.111 seconds
[2023-05-17T23:36:05.924+0000] {processor.py:157} INFO - Started process (PID=254) to work on /home/airflow/.local/lib/python3.7/site-packages/airflow/example_dags/example_task_group_decorator.py
[2023-05-17T23:36:05.931+0000] {processor.py:826} INFO - Processing file /home/airflow/.local/lib/python3.7/site-packages/airflow/example_dags/example_task_group_decorator.py for tasks to queue
[2023-05-17T23:36:05.931+0000] {logging_mixin.py:149} INFO - [2023-05-17T23:36:05.931+0000] {dagbag.py:541} INFO - Filling up the DagBag from /home/airflow/.local/lib/python3.7/site-packages/airflow/example_dags/example_task_group_decorator.py
[2023-05-17T23:36:05.939+0000] {processor.py:836} INFO - DAG(s) dict_keys(['example_task_group_decorator']) retrieved from /home/airflow/.local/lib/python3.7/site-packages/airflow/example_dags/example_task_group_decorator.py
[2023-05-17T23:36:05.953+0000] {logging_mixin.py:149} INFO - [2023-05-17T23:36:05.953+0000] {dag.py:2726} INFO - Sync 1 DAGs
[2023-05-17T23:36:05.969+0000] {logging_mixin.py:149} INFO - [2023-05-17T23:36:05.969+0000] {dag.py:3490} INFO - Setting next_dagrun for example_task_group_decorator to 2023-05-16T23:36:05.969231+00:00, run_after=2023-05-17T23:36:05.969231+00:00
[2023-05-17T23:36:05.980+0000] {processor.py:179} INFO - Processing /home/airflow/.local/lib/python3.7/site-packages/airflow/example_dags/example_task_group_decorator.py took 0.058 seconds
[2023-05-17T23:36:36.706+0000] {processor.py:157} INFO - Started process (PID=317) to work on /home/airflow/.local/lib/python3.7/site-packages/airflow/example_dags/example_task_group_decorator.py
[2023-05-17T23:36:36.707+0000] {processor.py:826} INFO - Processing file /home/airflow/.local/lib/python3.7/site-packages/airflow/example_dags/example_task_group_decorator.py for tasks to queue
[2023-05-17T23:36:36.707+0000] {logging_mixin.py:149} INFO - [2023-05-17T23:36:36.707+0000] {dagbag.py:541} INFO - Filling up the DagBag from /home/airflow/.local/lib/python3.7/site-packages/airflow/example_dags/example_task_group_decorator.py
[2023-05-17T23:36:36.715+0000] {processor.py:836} INFO - DAG(s) dict_keys(['example_task_group_decorator']) retrieved from /home/airflow/.local/lib/python3.7/site-packages/airflow/example_dags/example_task_group_decorator.py
[2023-05-17T23:36:36.730+0000] {logging_mixin.py:149} INFO - [2023-05-17T23:36:36.730+0000] {dag.py:2726} INFO - Sync 1 DAGs
[2023-05-17T23:36:36.744+0000] {logging_mixin.py:149} INFO - [2023-05-17T23:36:36.743+0000] {dag.py:3490} INFO - Setting next_dagrun for example_task_group_decorator to 2023-05-16T23:36:36.743791+00:00, run_after=2023-05-17T23:36:36.743791+00:00
[2023-05-17T23:36:36.773+0000] {processor.py:179} INFO - Processing /home/airflow/.local/lib/python3.7/site-packages/airflow/example_dags/example_task_group_decorator.py took 0.069 seconds
[2023-05-17T23:37:07.445+0000] {processor.py:157} INFO - Started process (PID=381) to work on /home/airflow/.local/lib/python3.7/site-packages/airflow/example_dags/example_task_group_decorator.py
[2023-05-17T23:37:07.445+0000] {processor.py:826} INFO - Processing file /home/airflow/.local/lib/python3.7/site-packages/airflow/example_dags/example_task_group_decorator.py for tasks to queue
[2023-05-17T23:37:07.446+0000] {logging_mixin.py:149} INFO - [2023-05-17T23:37:07.446+0000] {dagbag.py:541} INFO - Filling up the DagBag from /home/airflow/.local/lib/python3.7/site-packages/airflow/example_dags/example_task_group_decorator.py
[2023-05-17T23:37:07.454+0000] {processor.py:836} INFO - DAG(s) dict_keys(['example_task_group_decorator']) retrieved from /home/airflow/.local/lib/python3.7/site-packages/airflow/example_dags/example_task_group_decorator.py
[2023-05-17T23:37:07.471+0000] {logging_mixin.py:149} INFO - [2023-05-17T23:37:07.471+0000] {dag.py:2726} INFO - Sync 1 DAGs
[2023-05-17T23:37:07.486+0000] {logging_mixin.py:149} INFO - [2023-05-17T23:37:07.486+0000] {dag.py:3490} INFO - Setting next_dagrun for example_task_group_decorator to 2023-05-16T23:37:07.486001+00:00, run_after=2023-05-17T23:37:07.486001+00:00
[2023-05-17T23:37:07.514+0000] {processor.py:179} INFO - Processing /home/airflow/.local/lib/python3.7/site-packages/airflow/example_dags/example_task_group_decorator.py took 0.071 seconds
[2023-05-17T23:37:38.110+0000] {processor.py:157} INFO - Started process (PID=445) to work on /home/airflow/.local/lib/python3.7/site-packages/airflow/example_dags/example_task_group_decorator.py
[2023-05-17T23:37:38.116+0000] {processor.py:826} INFO - Processing file /home/airflow/.local/lib/python3.7/site-packages/airflow/example_dags/example_task_group_decorator.py for tasks to queue
[2023-05-17T23:37:38.117+0000] {logging_mixin.py:149} INFO - [2023-05-17T23:37:38.117+0000] {dagbag.py:541} INFO - Filling up the DagBag from /home/airflow/.local/lib/python3.7/site-packages/airflow/example_dags/example_task_group_decorator.py
[2023-05-17T23:37:38.124+0000] {processor.py:836} INFO - DAG(s) dict_keys(['example_task_group_decorator']) retrieved from /home/airflow/.local/lib/python3.7/site-packages/airflow/example_dags/example_task_group_decorator.py
[2023-05-17T23:37:38.139+0000] {logging_mixin.py:149} INFO - [2023-05-17T23:37:38.139+0000] {dag.py:2726} INFO - Sync 1 DAGs
[2023-05-17T23:37:38.153+0000] {logging_mixin.py:149} INFO - [2023-05-17T23:37:38.153+0000] {dag.py:3490} INFO - Setting next_dagrun for example_task_group_decorator to 2023-05-16T23:37:38.153067+00:00, run_after=2023-05-17T23:37:38.153067+00:00
[2023-05-17T23:37:38.163+0000] {processor.py:179} INFO - Processing /home/airflow/.local/lib/python3.7/site-packages/airflow/example_dags/example_task_group_decorator.py took 0.055 seconds
[2023-05-17T23:38:08.756+0000] {processor.py:157} INFO - Started process (PID=509) to work on /home/airflow/.local/lib/python3.7/site-packages/airflow/example_dags/example_task_group_decorator.py
[2023-05-17T23:38:08.763+0000] {processor.py:826} INFO - Processing file /home/airflow/.local/lib/python3.7/site-packages/airflow/example_dags/example_task_group_decorator.py for tasks to queue
[2023-05-17T23:38:08.764+0000] {logging_mixin.py:149} INFO - [2023-05-17T23:38:08.764+0000] {dagbag.py:541} INFO - Filling up the DagBag from /home/airflow/.local/lib/python3.7/site-packages/airflow/example_dags/example_task_group_decorator.py
[2023-05-17T23:38:08.772+0000] {processor.py:836} INFO - DAG(s) dict_keys(['example_task_group_decorator']) retrieved from /home/airflow/.local/lib/python3.7/site-packages/airflow/example_dags/example_task_group_decorator.py
[2023-05-17T23:38:08.789+0000] {logging_mixin.py:149} INFO - [2023-05-17T23:38:08.788+0000] {dag.py:2726} INFO - Sync 1 DAGs
[2023-05-17T23:38:08.802+0000] {logging_mixin.py:149} INFO - [2023-05-17T23:38:08.802+0000] {dag.py:3490} INFO - Setting next_dagrun for example_task_group_decorator to 2023-05-16T23:38:08.802743+00:00, run_after=2023-05-17T23:38:08.802743+00:00
[2023-05-17T23:38:08.814+0000] {processor.py:179} INFO - Processing /home/airflow/.local/lib/python3.7/site-packages/airflow/example_dags/example_task_group_decorator.py took 0.061 seconds
[2023-05-17T23:40:48.840+0000] {processor.py:157} INFO - Started process (PID=62) to work on /home/airflow/.local/lib/python3.7/site-packages/airflow/example_dags/example_task_group_decorator.py
[2023-05-17T23:40:48.841+0000] {processor.py:826} INFO - Processing file /home/airflow/.local/lib/python3.7/site-packages/airflow/example_dags/example_task_group_decorator.py for tasks to queue
[2023-05-17T23:40:48.841+0000] {logging_mixin.py:149} INFO - [2023-05-17T23:40:48.841+0000] {dagbag.py:541} INFO - Filling up the DagBag from /home/airflow/.local/lib/python3.7/site-packages/airflow/example_dags/example_task_group_decorator.py
[2023-05-17T23:40:48.850+0000] {processor.py:836} INFO - DAG(s) dict_keys(['example_task_group_decorator']) retrieved from /home/airflow/.local/lib/python3.7/site-packages/airflow/example_dags/example_task_group_decorator.py
[2023-05-17T23:40:48.872+0000] {logging_mixin.py:149} INFO - [2023-05-17T23:40:48.871+0000] {dag.py:2726} INFO - Sync 1 DAGs
[2023-05-17T23:40:48.889+0000] {logging_mixin.py:149} INFO - [2023-05-17T23:40:48.889+0000] {dag.py:3490} INFO - Setting next_dagrun for example_task_group_decorator to 2023-05-16T23:40:48.889522+00:00, run_after=2023-05-17T23:40:48.889522+00:00
[2023-05-17T23:40:48.904+0000] {processor.py:179} INFO - Processing /home/airflow/.local/lib/python3.7/site-packages/airflow/example_dags/example_task_group_decorator.py took 0.066 seconds
[2023-05-17T23:41:20.703+0000] {processor.py:157} INFO - Started process (PID=126) to work on /home/airflow/.local/lib/python3.7/site-packages/airflow/example_dags/example_task_group_decorator.py
[2023-05-17T23:41:20.703+0000] {processor.py:826} INFO - Processing file /home/airflow/.local/lib/python3.7/site-packages/airflow/example_dags/example_task_group_decorator.py for tasks to queue
[2023-05-17T23:41:20.704+0000] {logging_mixin.py:149} INFO - [2023-05-17T23:41:20.704+0000] {dagbag.py:541} INFO - Filling up the DagBag from /home/airflow/.local/lib/python3.7/site-packages/airflow/example_dags/example_task_group_decorator.py
[2023-05-17T23:41:20.715+0000] {processor.py:836} INFO - DAG(s) dict_keys(['example_task_group_decorator']) retrieved from /home/airflow/.local/lib/python3.7/site-packages/airflow/example_dags/example_task_group_decorator.py
[2023-05-17T23:41:20.737+0000] {logging_mixin.py:149} INFO - [2023-05-17T23:41:20.737+0000] {dag.py:2726} INFO - Sync 1 DAGs
[2023-05-17T23:41:20.757+0000] {logging_mixin.py:149} INFO - [2023-05-17T23:41:20.757+0000] {dag.py:3490} INFO - Setting next_dagrun for example_task_group_decorator to 2023-05-16T23:41:20.757020+00:00, run_after=2023-05-17T23:41:20.757020+00:00
[2023-05-17T23:41:20.774+0000] {processor.py:179} INFO - Processing /home/airflow/.local/lib/python3.7/site-packages/airflow/example_dags/example_task_group_decorator.py took 0.074 seconds
[2023-05-17T23:41:51.814+0000] {processor.py:157} INFO - Started process (PID=190) to work on /home/airflow/.local/lib/python3.7/site-packages/airflow/example_dags/example_task_group_decorator.py
[2023-05-17T23:41:51.815+0000] {processor.py:826} INFO - Processing file /home/airflow/.local/lib/python3.7/site-packages/airflow/example_dags/example_task_group_decorator.py for tasks to queue
[2023-05-17T23:41:51.815+0000] {logging_mixin.py:149} INFO - [2023-05-17T23:41:51.815+0000] {dagbag.py:541} INFO - Filling up the DagBag from /home/airflow/.local/lib/python3.7/site-packages/airflow/example_dags/example_task_group_decorator.py
[2023-05-17T23:41:51.823+0000] {processor.py:836} INFO - DAG(s) dict_keys(['example_task_group_decorator']) retrieved from /home/airflow/.local/lib/python3.7/site-packages/airflow/example_dags/example_task_group_decorator.py
[2023-05-17T23:41:51.912+0000] {logging_mixin.py:149} INFO - [2023-05-17T23:41:51.912+0000] {dag.py:2726} INFO - Sync 1 DAGs
[2023-05-17T23:41:51.937+0000] {logging_mixin.py:149} INFO - [2023-05-17T23:41:51.936+0000] {dag.py:3490} INFO - Setting next_dagrun for example_task_group_decorator to 2023-05-16T23:41:51.936693+00:00, run_after=2023-05-17T23:41:51.936693+00:00
[2023-05-17T23:41:51.952+0000] {processor.py:179} INFO - Processing /home/airflow/.local/lib/python3.7/site-packages/airflow/example_dags/example_task_group_decorator.py took 0.139 seconds
[2023-05-17T23:42:22.113+0000] {processor.py:157} INFO - Started process (PID=254) to work on /home/airflow/.local/lib/python3.7/site-packages/airflow/example_dags/example_task_group_decorator.py
[2023-05-17T23:42:22.114+0000] {processor.py:826} INFO - Processing file /home/airflow/.local/lib/python3.7/site-packages/airflow/example_dags/example_task_group_decorator.py for tasks to queue
[2023-05-17T23:42:22.114+0000] {logging_mixin.py:149} INFO - [2023-05-17T23:42:22.114+0000] {dagbag.py:541} INFO - Filling up the DagBag from /home/airflow/.local/lib/python3.7/site-packages/airflow/example_dags/example_task_group_decorator.py
[2023-05-17T23:42:22.122+0000] {processor.py:836} INFO - DAG(s) dict_keys(['example_task_group_decorator']) retrieved from /home/airflow/.local/lib/python3.7/site-packages/airflow/example_dags/example_task_group_decorator.py
[2023-05-17T23:42:22.129+0000] {logging_mixin.py:149} INFO - [2023-05-17T23:42:22.129+0000] {dag.py:2726} INFO - Sync 1 DAGs
[2023-05-17T23:42:22.143+0000] {logging_mixin.py:149} INFO - [2023-05-17T23:42:22.143+0000] {dag.py:3490} INFO - Setting next_dagrun for example_task_group_decorator to 2023-05-16T23:42:22.143256+00:00, run_after=2023-05-17T23:42:22.143256+00:00
[2023-05-17T23:42:22.160+0000] {processor.py:179} INFO - Processing /home/airflow/.local/lib/python3.7/site-packages/airflow/example_dags/example_task_group_decorator.py took 0.049 seconds
[2023-05-17T23:42:52.734+0000] {processor.py:157} INFO - Started process (PID=318) to work on /home/airflow/.local/lib/python3.7/site-packages/airflow/example_dags/example_task_group_decorator.py
[2023-05-17T23:42:52.735+0000] {processor.py:826} INFO - Processing file /home/airflow/.local/lib/python3.7/site-packages/airflow/example_dags/example_task_group_decorator.py for tasks to queue
[2023-05-17T23:42:52.735+0000] {logging_mixin.py:149} INFO - [2023-05-17T23:42:52.735+0000] {dagbag.py:541} INFO - Filling up the DagBag from /home/airflow/.local/lib/python3.7/site-packages/airflow/example_dags/example_task_group_decorator.py
[2023-05-17T23:42:52.743+0000] {processor.py:836} INFO - DAG(s) dict_keys(['example_task_group_decorator']) retrieved from /home/airflow/.local/lib/python3.7/site-packages/airflow/example_dags/example_task_group_decorator.py
[2023-05-17T23:42:52.757+0000] {logging_mixin.py:149} INFO - [2023-05-17T23:42:52.757+0000] {dag.py:2726} INFO - Sync 1 DAGs
[2023-05-17T23:42:52.770+0000] {logging_mixin.py:149} INFO - [2023-05-17T23:42:52.770+0000] {dag.py:3490} INFO - Setting next_dagrun for example_task_group_decorator to 2023-05-16T23:42:52.770299+00:00, run_after=2023-05-17T23:42:52.770299+00:00
[2023-05-17T23:42:52.799+0000] {processor.py:179} INFO - Processing /home/airflow/.local/lib/python3.7/site-packages/airflow/example_dags/example_task_group_decorator.py took 0.066 seconds
[2023-05-17T23:43:23.322+0000] {processor.py:157} INFO - Started process (PID=382) to work on /home/airflow/.local/lib/python3.7/site-packages/airflow/example_dags/example_task_group_decorator.py
[2023-05-17T23:43:23.329+0000] {processor.py:826} INFO - Processing file /home/airflow/.local/lib/python3.7/site-packages/airflow/example_dags/example_task_group_decorator.py for tasks to queue
[2023-05-17T23:43:23.330+0000] {logging_mixin.py:149} INFO - [2023-05-17T23:43:23.330+0000] {dagbag.py:541} INFO - Filling up the DagBag from /home/airflow/.local/lib/python3.7/site-packages/airflow/example_dags/example_task_group_decorator.py
[2023-05-17T23:43:23.338+0000] {processor.py:836} INFO - DAG(s) dict_keys(['example_task_group_decorator']) retrieved from /home/airflow/.local/lib/python3.7/site-packages/airflow/example_dags/example_task_group_decorator.py
[2023-05-17T23:43:23.353+0000] {logging_mixin.py:149} INFO - [2023-05-17T23:43:23.353+0000] {dag.py:2726} INFO - Sync 1 DAGs
[2023-05-17T23:43:23.367+0000] {logging_mixin.py:149} INFO - [2023-05-17T23:43:23.367+0000] {dag.py:3490} INFO - Setting next_dagrun for example_task_group_decorator to 2023-05-16T23:43:23.366946+00:00, run_after=2023-05-17T23:43:23.366946+00:00
[2023-05-17T23:43:23.377+0000] {processor.py:179} INFO - Processing /home/airflow/.local/lib/python3.7/site-packages/airflow/example_dags/example_task_group_decorator.py took 0.057 seconds
[2023-05-17T23:43:53.868+0000] {processor.py:157} INFO - Started process (PID=446) to work on /home/airflow/.local/lib/python3.7/site-packages/airflow/example_dags/example_task_group_decorator.py
[2023-05-17T23:43:53.869+0000] {processor.py:826} INFO - Processing file /home/airflow/.local/lib/python3.7/site-packages/airflow/example_dags/example_task_group_decorator.py for tasks to queue
[2023-05-17T23:43:53.869+0000] {logging_mixin.py:149} INFO - [2023-05-17T23:43:53.869+0000] {dagbag.py:541} INFO - Filling up the DagBag from /home/airflow/.local/lib/python3.7/site-packages/airflow/example_dags/example_task_group_decorator.py
[2023-05-17T23:43:53.877+0000] {processor.py:836} INFO - DAG(s) dict_keys(['example_task_group_decorator']) retrieved from /home/airflow/.local/lib/python3.7/site-packages/airflow/example_dags/example_task_group_decorator.py
[2023-05-17T23:43:53.893+0000] {logging_mixin.py:149} INFO - [2023-05-17T23:43:53.893+0000] {dag.py:2726} INFO - Sync 1 DAGs
[2023-05-17T23:43:53.907+0000] {logging_mixin.py:149} INFO - [2023-05-17T23:43:53.907+0000] {dag.py:3490} INFO - Setting next_dagrun for example_task_group_decorator to 2023-05-16T23:43:53.906964+00:00, run_after=2023-05-17T23:43:53.906964+00:00
[2023-05-17T23:43:53.917+0000] {processor.py:179} INFO - Processing /home/airflow/.local/lib/python3.7/site-packages/airflow/example_dags/example_task_group_decorator.py took 0.051 seconds
[2023-05-17T23:44:24.647+0000] {processor.py:157} INFO - Started process (PID=510) to work on /home/airflow/.local/lib/python3.7/site-packages/airflow/example_dags/example_task_group_decorator.py
[2023-05-17T23:44:24.648+0000] {processor.py:826} INFO - Processing file /home/airflow/.local/lib/python3.7/site-packages/airflow/example_dags/example_task_group_decorator.py for tasks to queue
[2023-05-17T23:44:24.649+0000] {logging_mixin.py:149} INFO - [2023-05-17T23:44:24.649+0000] {dagbag.py:541} INFO - Filling up the DagBag from /home/airflow/.local/lib/python3.7/site-packages/airflow/example_dags/example_task_group_decorator.py
[2023-05-17T23:44:24.658+0000] {processor.py:836} INFO - DAG(s) dict_keys(['example_task_group_decorator']) retrieved from /home/airflow/.local/lib/python3.7/site-packages/airflow/example_dags/example_task_group_decorator.py
[2023-05-17T23:44:24.674+0000] {logging_mixin.py:149} INFO - [2023-05-17T23:44:24.674+0000] {dag.py:2726} INFO - Sync 1 DAGs
[2023-05-17T23:44:24.689+0000] {logging_mixin.py:149} INFO - [2023-05-17T23:44:24.689+0000] {dag.py:3490} INFO - Setting next_dagrun for example_task_group_decorator to 2023-05-16T23:44:24.689120+00:00, run_after=2023-05-17T23:44:24.689120+00:00
[2023-05-17T23:44:24.701+0000] {processor.py:179} INFO - Processing /home/airflow/.local/lib/python3.7/site-packages/airflow/example_dags/example_task_group_decorator.py took 0.055 seconds
[2023-05-17T23:44:55.211+0000] {processor.py:157} INFO - Started process (PID=574) to work on /home/airflow/.local/lib/python3.7/site-packages/airflow/example_dags/example_task_group_decorator.py
[2023-05-17T23:44:55.211+0000] {processor.py:826} INFO - Processing file /home/airflow/.local/lib/python3.7/site-packages/airflow/example_dags/example_task_group_decorator.py for tasks to queue
[2023-05-17T23:44:55.212+0000] {logging_mixin.py:149} INFO - [2023-05-17T23:44:55.212+0000] {dagbag.py:541} INFO - Filling up the DagBag from /home/airflow/.local/lib/python3.7/site-packages/airflow/example_dags/example_task_group_decorator.py
[2023-05-17T23:44:55.219+0000] {processor.py:836} INFO - DAG(s) dict_keys(['example_task_group_decorator']) retrieved from /home/airflow/.local/lib/python3.7/site-packages/airflow/example_dags/example_task_group_decorator.py
[2023-05-17T23:44:55.234+0000] {logging_mixin.py:149} INFO - [2023-05-17T23:44:55.234+0000] {dag.py:2726} INFO - Sync 1 DAGs
[2023-05-17T23:44:55.247+0000] {logging_mixin.py:149} INFO - [2023-05-17T23:44:55.247+0000] {dag.py:3490} INFO - Setting next_dagrun for example_task_group_decorator to 2023-05-16T23:44:55.247597+00:00, run_after=2023-05-17T23:44:55.247597+00:00
[2023-05-17T23:44:55.259+0000] {processor.py:179} INFO - Processing /home/airflow/.local/lib/python3.7/site-packages/airflow/example_dags/example_task_group_decorator.py took 0.050 seconds
[2023-05-17T23:45:25.791+0000] {processor.py:157} INFO - Started process (PID=638) to work on /home/airflow/.local/lib/python3.7/site-packages/airflow/example_dags/example_task_group_decorator.py
[2023-05-17T23:45:25.792+0000] {processor.py:826} INFO - Processing file /home/airflow/.local/lib/python3.7/site-packages/airflow/example_dags/example_task_group_decorator.py for tasks to queue
[2023-05-17T23:45:25.792+0000] {logging_mixin.py:149} INFO - [2023-05-17T23:45:25.792+0000] {dagbag.py:541} INFO - Filling up the DagBag from /home/airflow/.local/lib/python3.7/site-packages/airflow/example_dags/example_task_group_decorator.py
[2023-05-17T23:45:25.799+0000] {processor.py:836} INFO - DAG(s) dict_keys(['example_task_group_decorator']) retrieved from /home/airflow/.local/lib/python3.7/site-packages/airflow/example_dags/example_task_group_decorator.py
[2023-05-17T23:45:25.813+0000] {logging_mixin.py:149} INFO - [2023-05-17T23:45:25.813+0000] {dag.py:2726} INFO - Sync 1 DAGs
[2023-05-17T23:45:25.827+0000] {logging_mixin.py:149} INFO - [2023-05-17T23:45:25.827+0000] {dag.py:3490} INFO - Setting next_dagrun for example_task_group_decorator to 2023-05-16T23:45:25.827258+00:00, run_after=2023-05-17T23:45:25.827258+00:00
[2023-05-17T23:45:25.839+0000] {processor.py:179} INFO - Processing /home/airflow/.local/lib/python3.7/site-packages/airflow/example_dags/example_task_group_decorator.py took 0.050 seconds
[2023-05-17T23:45:56.578+0000] {processor.py:157} INFO - Started process (PID=702) to work on /home/airflow/.local/lib/python3.7/site-packages/airflow/example_dags/example_task_group_decorator.py
[2023-05-17T23:45:56.579+0000] {processor.py:826} INFO - Processing file /home/airflow/.local/lib/python3.7/site-packages/airflow/example_dags/example_task_group_decorator.py for tasks to queue
[2023-05-17T23:45:56.579+0000] {logging_mixin.py:149} INFO - [2023-05-17T23:45:56.579+0000] {dagbag.py:541} INFO - Filling up the DagBag from /home/airflow/.local/lib/python3.7/site-packages/airflow/example_dags/example_task_group_decorator.py
[2023-05-17T23:45:56.587+0000] {processor.py:836} INFO - DAG(s) dict_keys(['example_task_group_decorator']) retrieved from /home/airflow/.local/lib/python3.7/site-packages/airflow/example_dags/example_task_group_decorator.py
[2023-05-17T23:45:56.601+0000] {logging_mixin.py:149} INFO - [2023-05-17T23:45:56.601+0000] {dag.py:2726} INFO - Sync 1 DAGs
[2023-05-17T23:45:56.615+0000] {logging_mixin.py:149} INFO - [2023-05-17T23:45:56.615+0000] {dag.py:3490} INFO - Setting next_dagrun for example_task_group_decorator to 2023-05-16T23:45:56.615630+00:00, run_after=2023-05-17T23:45:56.615630+00:00
[2023-05-17T23:45:56.642+0000] {processor.py:179} INFO - Processing /home/airflow/.local/lib/python3.7/site-packages/airflow/example_dags/example_task_group_decorator.py took 0.066 seconds
[2023-05-17T23:46:27.165+0000] {processor.py:157} INFO - Started process (PID=766) to work on /home/airflow/.local/lib/python3.7/site-packages/airflow/example_dags/example_task_group_decorator.py
[2023-05-17T23:46:27.165+0000] {processor.py:826} INFO - Processing file /home/airflow/.local/lib/python3.7/site-packages/airflow/example_dags/example_task_group_decorator.py for tasks to queue
[2023-05-17T23:46:27.166+0000] {logging_mixin.py:149} INFO - [2023-05-17T23:46:27.166+0000] {dagbag.py:541} INFO - Filling up the DagBag from /home/airflow/.local/lib/python3.7/site-packages/airflow/example_dags/example_task_group_decorator.py
[2023-05-17T23:46:27.173+0000] {processor.py:836} INFO - DAG(s) dict_keys(['example_task_group_decorator']) retrieved from /home/airflow/.local/lib/python3.7/site-packages/airflow/example_dags/example_task_group_decorator.py
[2023-05-17T23:46:27.188+0000] {logging_mixin.py:149} INFO - [2023-05-17T23:46:27.188+0000] {dag.py:2726} INFO - Sync 1 DAGs
[2023-05-17T23:46:27.201+0000] {logging_mixin.py:149} INFO - [2023-05-17T23:46:27.201+0000] {dag.py:3490} INFO - Setting next_dagrun for example_task_group_decorator to 2023-05-16T23:46:27.201392+00:00, run_after=2023-05-17T23:46:27.201392+00:00
[2023-05-17T23:46:27.214+0000] {processor.py:179} INFO - Processing /home/airflow/.local/lib/python3.7/site-packages/airflow/example_dags/example_task_group_decorator.py took 0.051 seconds
[2023-05-17T23:46:57.730+0000] {processor.py:157} INFO - Started process (PID=830) to work on /home/airflow/.local/lib/python3.7/site-packages/airflow/example_dags/example_task_group_decorator.py
[2023-05-17T23:46:57.730+0000] {processor.py:826} INFO - Processing file /home/airflow/.local/lib/python3.7/site-packages/airflow/example_dags/example_task_group_decorator.py for tasks to queue
[2023-05-17T23:46:57.731+0000] {logging_mixin.py:149} INFO - [2023-05-17T23:46:57.731+0000] {dagbag.py:541} INFO - Filling up the DagBag from /home/airflow/.local/lib/python3.7/site-packages/airflow/example_dags/example_task_group_decorator.py
[2023-05-17T23:46:57.738+0000] {processor.py:836} INFO - DAG(s) dict_keys(['example_task_group_decorator']) retrieved from /home/airflow/.local/lib/python3.7/site-packages/airflow/example_dags/example_task_group_decorator.py
[2023-05-17T23:46:57.759+0000] {logging_mixin.py:149} INFO - [2023-05-17T23:46:57.759+0000] {dag.py:2726} INFO - Sync 1 DAGs
[2023-05-17T23:46:57.773+0000] {logging_mixin.py:149} INFO - [2023-05-17T23:46:57.773+0000] {dag.py:3490} INFO - Setting next_dagrun for example_task_group_decorator to 2023-05-16T23:46:57.773081+00:00, run_after=2023-05-17T23:46:57.773081+00:00
[2023-05-17T23:46:57.797+0000] {processor.py:179} INFO - Processing /home/airflow/.local/lib/python3.7/site-packages/airflow/example_dags/example_task_group_decorator.py took 0.069 seconds
[2023-05-17T23:48:21.344+0000] {processor.py:157} INFO - Started process (PID=62) to work on /home/airflow/.local/lib/python3.7/site-packages/airflow/example_dags/example_task_group_decorator.py
[2023-05-17T23:48:21.346+0000] {processor.py:826} INFO - Processing file /home/airflow/.local/lib/python3.7/site-packages/airflow/example_dags/example_task_group_decorator.py for tasks to queue
[2023-05-17T23:48:21.347+0000] {logging_mixin.py:149} INFO - [2023-05-17T23:48:21.347+0000] {dagbag.py:541} INFO - Filling up the DagBag from /home/airflow/.local/lib/python3.7/site-packages/airflow/example_dags/example_task_group_decorator.py
[2023-05-17T23:48:21.355+0000] {processor.py:836} INFO - DAG(s) dict_keys(['example_task_group_decorator']) retrieved from /home/airflow/.local/lib/python3.7/site-packages/airflow/example_dags/example_task_group_decorator.py
[2023-05-17T23:48:21.363+0000] {logging_mixin.py:149} INFO - [2023-05-17T23:48:21.363+0000] {dag.py:2726} INFO - Sync 1 DAGs
[2023-05-17T23:48:21.378+0000] {logging_mixin.py:149} INFO - [2023-05-17T23:48:21.378+0000] {dag.py:3490} INFO - Setting next_dagrun for example_task_group_decorator to 2023-05-16T23:48:21.378102+00:00, run_after=2023-05-17T23:48:21.378102+00:00
[2023-05-17T23:48:21.394+0000] {processor.py:179} INFO - Processing /home/airflow/.local/lib/python3.7/site-packages/airflow/example_dags/example_task_group_decorator.py took 0.052 seconds
[2023-05-17T23:48:52.767+0000] {processor.py:157} INFO - Started process (PID=126) to work on /home/airflow/.local/lib/python3.7/site-packages/airflow/example_dags/example_task_group_decorator.py
[2023-05-17T23:48:52.767+0000] {processor.py:826} INFO - Processing file /home/airflow/.local/lib/python3.7/site-packages/airflow/example_dags/example_task_group_decorator.py for tasks to queue
[2023-05-17T23:48:52.768+0000] {logging_mixin.py:149} INFO - [2023-05-17T23:48:52.768+0000] {dagbag.py:541} INFO - Filling up the DagBag from /home/airflow/.local/lib/python3.7/site-packages/airflow/example_dags/example_task_group_decorator.py
[2023-05-17T23:48:52.775+0000] {processor.py:836} INFO - DAG(s) dict_keys(['example_task_group_decorator']) retrieved from /home/airflow/.local/lib/python3.7/site-packages/airflow/example_dags/example_task_group_decorator.py
[2023-05-17T23:48:52.797+0000] {logging_mixin.py:149} INFO - [2023-05-17T23:48:52.797+0000] {dag.py:2726} INFO - Sync 1 DAGs
[2023-05-17T23:48:52.815+0000] {logging_mixin.py:149} INFO - [2023-05-17T23:48:52.815+0000] {dag.py:3490} INFO - Setting next_dagrun for example_task_group_decorator to 2023-05-16T23:48:52.814772+00:00, run_after=2023-05-17T23:48:52.814772+00:00
[2023-05-17T23:48:52.830+0000] {processor.py:179} INFO - Processing /home/airflow/.local/lib/python3.7/site-packages/airflow/example_dags/example_task_group_decorator.py took 0.065 seconds
[2023-05-17T23:49:23.594+0000] {processor.py:157} INFO - Started process (PID=190) to work on /home/airflow/.local/lib/python3.7/site-packages/airflow/example_dags/example_task_group_decorator.py
[2023-05-17T23:49:23.594+0000] {processor.py:826} INFO - Processing file /home/airflow/.local/lib/python3.7/site-packages/airflow/example_dags/example_task_group_decorator.py for tasks to queue
[2023-05-17T23:49:23.595+0000] {logging_mixin.py:149} INFO - [2023-05-17T23:49:23.595+0000] {dagbag.py:541} INFO - Filling up the DagBag from /home/airflow/.local/lib/python3.7/site-packages/airflow/example_dags/example_task_group_decorator.py
[2023-05-17T23:49:23.603+0000] {processor.py:836} INFO - DAG(s) dict_keys(['example_task_group_decorator']) retrieved from /home/airflow/.local/lib/python3.7/site-packages/airflow/example_dags/example_task_group_decorator.py
[2023-05-17T23:49:23.692+0000] {logging_mixin.py:149} INFO - [2023-05-17T23:49:23.692+0000] {dag.py:2726} INFO - Sync 1 DAGs
[2023-05-17T23:49:23.706+0000] {logging_mixin.py:149} INFO - [2023-05-17T23:49:23.706+0000] {dag.py:3490} INFO - Setting next_dagrun for example_task_group_decorator to 2023-05-16T23:49:23.706329+00:00, run_after=2023-05-17T23:49:23.706329+00:00
[2023-05-17T23:49:23.721+0000] {processor.py:179} INFO - Processing /home/airflow/.local/lib/python3.7/site-packages/airflow/example_dags/example_task_group_decorator.py took 0.129 seconds
[2023-05-17T23:49:54.019+0000] {processor.py:157} INFO - Started process (PID=254) to work on /home/airflow/.local/lib/python3.7/site-packages/airflow/example_dags/example_task_group_decorator.py
[2023-05-17T23:49:54.025+0000] {processor.py:826} INFO - Processing file /home/airflow/.local/lib/python3.7/site-packages/airflow/example_dags/example_task_group_decorator.py for tasks to queue
[2023-05-17T23:49:54.026+0000] {logging_mixin.py:149} INFO - [2023-05-17T23:49:54.026+0000] {dagbag.py:541} INFO - Filling up the DagBag from /home/airflow/.local/lib/python3.7/site-packages/airflow/example_dags/example_task_group_decorator.py
[2023-05-17T23:49:54.033+0000] {processor.py:836} INFO - DAG(s) dict_keys(['example_task_group_decorator']) retrieved from /home/airflow/.local/lib/python3.7/site-packages/airflow/example_dags/example_task_group_decorator.py
[2023-05-17T23:49:54.048+0000] {logging_mixin.py:149} INFO - [2023-05-17T23:49:54.048+0000] {dag.py:2726} INFO - Sync 1 DAGs
[2023-05-17T23:49:54.061+0000] {logging_mixin.py:149} INFO - [2023-05-17T23:49:54.061+0000] {dag.py:3490} INFO - Setting next_dagrun for example_task_group_decorator to 2023-05-16T23:49:54.061481+00:00, run_after=2023-05-17T23:49:54.061481+00:00
[2023-05-17T23:49:54.072+0000] {processor.py:179} INFO - Processing /home/airflow/.local/lib/python3.7/site-packages/airflow/example_dags/example_task_group_decorator.py took 0.054 seconds
[2023-05-17T23:50:24.809+0000] {processor.py:157} INFO - Started process (PID=318) to work on /home/airflow/.local/lib/python3.7/site-packages/airflow/example_dags/example_task_group_decorator.py
[2023-05-17T23:50:24.810+0000] {processor.py:826} INFO - Processing file /home/airflow/.local/lib/python3.7/site-packages/airflow/example_dags/example_task_group_decorator.py for tasks to queue
[2023-05-17T23:50:24.810+0000] {logging_mixin.py:149} INFO - [2023-05-17T23:50:24.810+0000] {dagbag.py:541} INFO - Filling up the DagBag from /home/airflow/.local/lib/python3.7/site-packages/airflow/example_dags/example_task_group_decorator.py
[2023-05-17T23:50:24.817+0000] {processor.py:836} INFO - DAG(s) dict_keys(['example_task_group_decorator']) retrieved from /home/airflow/.local/lib/python3.7/site-packages/airflow/example_dags/example_task_group_decorator.py
[2023-05-17T23:50:24.831+0000] {logging_mixin.py:149} INFO - [2023-05-17T23:50:24.831+0000] {dag.py:2726} INFO - Sync 1 DAGs
[2023-05-17T23:50:24.844+0000] {logging_mixin.py:149} INFO - [2023-05-17T23:50:24.844+0000] {dag.py:3490} INFO - Setting next_dagrun for example_task_group_decorator to 2023-05-16T23:50:24.844690+00:00, run_after=2023-05-17T23:50:24.844690+00:00
[2023-05-17T23:50:24.855+0000] {processor.py:179} INFO - Processing /home/airflow/.local/lib/python3.7/site-packages/airflow/example_dags/example_task_group_decorator.py took 0.048 seconds
[2023-05-17T23:50:55.390+0000] {processor.py:157} INFO - Started process (PID=382) to work on /home/airflow/.local/lib/python3.7/site-packages/airflow/example_dags/example_task_group_decorator.py
[2023-05-17T23:50:55.397+0000] {processor.py:826} INFO - Processing file /home/airflow/.local/lib/python3.7/site-packages/airflow/example_dags/example_task_group_decorator.py for tasks to queue
[2023-05-17T23:50:55.398+0000] {logging_mixin.py:149} INFO - [2023-05-17T23:50:55.398+0000] {dagbag.py:541} INFO - Filling up the DagBag from /home/airflow/.local/lib/python3.7/site-packages/airflow/example_dags/example_task_group_decorator.py
[2023-05-17T23:50:55.406+0000] {processor.py:836} INFO - DAG(s) dict_keys(['example_task_group_decorator']) retrieved from /home/airflow/.local/lib/python3.7/site-packages/airflow/example_dags/example_task_group_decorator.py
[2023-05-17T23:50:55.421+0000] {logging_mixin.py:149} INFO - [2023-05-17T23:50:55.421+0000] {dag.py:2726} INFO - Sync 1 DAGs
[2023-05-17T23:50:55.434+0000] {logging_mixin.py:149} INFO - [2023-05-17T23:50:55.434+0000] {dag.py:3490} INFO - Setting next_dagrun for example_task_group_decorator to 2023-05-16T23:50:55.434432+00:00, run_after=2023-05-17T23:50:55.434432+00:00
[2023-05-17T23:50:55.446+0000] {processor.py:179} INFO - Processing /home/airflow/.local/lib/python3.7/site-packages/airflow/example_dags/example_task_group_decorator.py took 0.058 seconds
[2023-05-17T23:51:25.969+0000] {processor.py:157} INFO - Started process (PID=446) to work on /home/airflow/.local/lib/python3.7/site-packages/airflow/example_dags/example_task_group_decorator.py
[2023-05-17T23:51:25.975+0000] {processor.py:826} INFO - Processing file /home/airflow/.local/lib/python3.7/site-packages/airflow/example_dags/example_task_group_decorator.py for tasks to queue
[2023-05-17T23:51:25.976+0000] {logging_mixin.py:149} INFO - [2023-05-17T23:51:25.976+0000] {dagbag.py:541} INFO - Filling up the DagBag from /home/airflow/.local/lib/python3.7/site-packages/airflow/example_dags/example_task_group_decorator.py
[2023-05-17T23:51:25.983+0000] {processor.py:836} INFO - DAG(s) dict_keys(['example_task_group_decorator']) retrieved from /home/airflow/.local/lib/python3.7/site-packages/airflow/example_dags/example_task_group_decorator.py
[2023-05-17T23:51:25.998+0000] {logging_mixin.py:149} INFO - [2023-05-17T23:51:25.998+0000] {dag.py:2726} INFO - Sync 1 DAGs
[2023-05-17T23:51:26.011+0000] {logging_mixin.py:149} INFO - [2023-05-17T23:51:26.010+0000] {dag.py:3490} INFO - Setting next_dagrun for example_task_group_decorator to 2023-05-16T23:51:26.010748+00:00, run_after=2023-05-17T23:51:26.010748+00:00
[2023-05-17T23:51:26.021+0000] {processor.py:179} INFO - Processing /home/airflow/.local/lib/python3.7/site-packages/airflow/example_dags/example_task_group_decorator.py took 0.054 seconds
[2023-05-17T23:51:56.712+0000] {processor.py:157} INFO - Started process (PID=510) to work on /home/airflow/.local/lib/python3.7/site-packages/airflow/example_dags/example_task_group_decorator.py
[2023-05-17T23:51:56.713+0000] {processor.py:826} INFO - Processing file /home/airflow/.local/lib/python3.7/site-packages/airflow/example_dags/example_task_group_decorator.py for tasks to queue
[2023-05-17T23:51:56.713+0000] {logging_mixin.py:149} INFO - [2023-05-17T23:51:56.713+0000] {dagbag.py:541} INFO - Filling up the DagBag from /home/airflow/.local/lib/python3.7/site-packages/airflow/example_dags/example_task_group_decorator.py
[2023-05-17T23:51:56.721+0000] {processor.py:836} INFO - DAG(s) dict_keys(['example_task_group_decorator']) retrieved from /home/airflow/.local/lib/python3.7/site-packages/airflow/example_dags/example_task_group_decorator.py
[2023-05-17T23:51:56.738+0000] {logging_mixin.py:149} INFO - [2023-05-17T23:51:56.738+0000] {dag.py:2726} INFO - Sync 1 DAGs
[2023-05-17T23:51:56.753+0000] {logging_mixin.py:149} INFO - [2023-05-17T23:51:56.753+0000] {dag.py:3490} INFO - Setting next_dagrun for example_task_group_decorator to 2023-05-16T23:51:56.753623+00:00, run_after=2023-05-17T23:51:56.753623+00:00
[2023-05-17T23:51:56.781+0000] {processor.py:179} INFO - Processing /home/airflow/.local/lib/python3.7/site-packages/airflow/example_dags/example_task_group_decorator.py took 0.071 seconds
[2023-05-17T23:52:27.391+0000] {processor.py:157} INFO - Started process (PID=574) to work on /home/airflow/.local/lib/python3.7/site-packages/airflow/example_dags/example_task_group_decorator.py
[2023-05-17T23:52:27.399+0000] {processor.py:826} INFO - Processing file /home/airflow/.local/lib/python3.7/site-packages/airflow/example_dags/example_task_group_decorator.py for tasks to queue
[2023-05-17T23:52:27.399+0000] {logging_mixin.py:149} INFO - [2023-05-17T23:52:27.399+0000] {dagbag.py:541} INFO - Filling up the DagBag from /home/airflow/.local/lib/python3.7/site-packages/airflow/example_dags/example_task_group_decorator.py
[2023-05-17T23:52:27.408+0000] {processor.py:836} INFO - DAG(s) dict_keys(['example_task_group_decorator']) retrieved from /home/airflow/.local/lib/python3.7/site-packages/airflow/example_dags/example_task_group_decorator.py
[2023-05-17T23:52:27.424+0000] {logging_mixin.py:149} INFO - [2023-05-17T23:52:27.424+0000] {dag.py:2726} INFO - Sync 1 DAGs
[2023-05-17T23:52:27.438+0000] {logging_mixin.py:149} INFO - [2023-05-17T23:52:27.438+0000] {dag.py:3490} INFO - Setting next_dagrun for example_task_group_decorator to 2023-05-16T23:52:27.438034+00:00, run_after=2023-05-17T23:52:27.438034+00:00
[2023-05-17T23:52:27.450+0000] {processor.py:179} INFO - Processing /home/airflow/.local/lib/python3.7/site-packages/airflow/example_dags/example_task_group_decorator.py took 0.061 seconds
[2023-05-17T23:52:58.196+0000] {processor.py:157} INFO - Started process (PID=638) to work on /home/airflow/.local/lib/python3.7/site-packages/airflow/example_dags/example_task_group_decorator.py
[2023-05-17T23:52:58.197+0000] {processor.py:826} INFO - Processing file /home/airflow/.local/lib/python3.7/site-packages/airflow/example_dags/example_task_group_decorator.py for tasks to queue
[2023-05-17T23:52:58.198+0000] {logging_mixin.py:149} INFO - [2023-05-17T23:52:58.198+0000] {dagbag.py:541} INFO - Filling up the DagBag from /home/airflow/.local/lib/python3.7/site-packages/airflow/example_dags/example_task_group_decorator.py
[2023-05-17T23:52:58.206+0000] {processor.py:836} INFO - DAG(s) dict_keys(['example_task_group_decorator']) retrieved from /home/airflow/.local/lib/python3.7/site-packages/airflow/example_dags/example_task_group_decorator.py
[2023-05-17T23:52:58.224+0000] {logging_mixin.py:149} INFO - [2023-05-17T23:52:58.224+0000] {dag.py:2726} INFO - Sync 1 DAGs
[2023-05-17T23:52:58.244+0000] {logging_mixin.py:149} INFO - [2023-05-17T23:52:58.244+0000] {dag.py:3490} INFO - Setting next_dagrun for example_task_group_decorator to 2023-05-16T23:52:58.244201+00:00, run_after=2023-05-17T23:52:58.244201+00:00
[2023-05-17T23:52:58.263+0000] {processor.py:179} INFO - Processing /home/airflow/.local/lib/python3.7/site-packages/airflow/example_dags/example_task_group_decorator.py took 0.068 seconds
[2023-05-17T23:53:28.327+0000] {processor.py:157} INFO - Started process (PID=702) to work on /home/airflow/.local/lib/python3.7/site-packages/airflow/example_dags/example_task_group_decorator.py
[2023-05-17T23:53:28.328+0000] {processor.py:826} INFO - Processing file /home/airflow/.local/lib/python3.7/site-packages/airflow/example_dags/example_task_group_decorator.py for tasks to queue
[2023-05-17T23:53:28.328+0000] {logging_mixin.py:149} INFO - [2023-05-17T23:53:28.328+0000] {dagbag.py:541} INFO - Filling up the DagBag from /home/airflow/.local/lib/python3.7/site-packages/airflow/example_dags/example_task_group_decorator.py
[2023-05-17T23:53:28.335+0000] {processor.py:836} INFO - DAG(s) dict_keys(['example_task_group_decorator']) retrieved from /home/airflow/.local/lib/python3.7/site-packages/airflow/example_dags/example_task_group_decorator.py
[2023-05-17T23:53:28.350+0000] {logging_mixin.py:149} INFO - [2023-05-17T23:53:28.350+0000] {dag.py:2726} INFO - Sync 1 DAGs
[2023-05-17T23:53:28.364+0000] {logging_mixin.py:149} INFO - [2023-05-17T23:53:28.364+0000] {dag.py:3490} INFO - Setting next_dagrun for example_task_group_decorator to 2023-05-16T23:53:28.364049+00:00, run_after=2023-05-17T23:53:28.364049+00:00
[2023-05-17T23:53:28.375+0000] {processor.py:179} INFO - Processing /home/airflow/.local/lib/python3.7/site-packages/airflow/example_dags/example_task_group_decorator.py took 0.050 seconds
[2023-05-17T23:53:59.019+0000] {processor.py:157} INFO - Started process (PID=766) to work on /home/airflow/.local/lib/python3.7/site-packages/airflow/example_dags/example_task_group_decorator.py
[2023-05-17T23:53:59.023+0000] {processor.py:826} INFO - Processing file /home/airflow/.local/lib/python3.7/site-packages/airflow/example_dags/example_task_group_decorator.py for tasks to queue
[2023-05-17T23:53:59.023+0000] {logging_mixin.py:149} INFO - [2023-05-17T23:53:59.023+0000] {dagbag.py:541} INFO - Filling up the DagBag from /home/airflow/.local/lib/python3.7/site-packages/airflow/example_dags/example_task_group_decorator.py
[2023-05-17T23:53:59.031+0000] {processor.py:836} INFO - DAG(s) dict_keys(['example_task_group_decorator']) retrieved from /home/airflow/.local/lib/python3.7/site-packages/airflow/example_dags/example_task_group_decorator.py
[2023-05-17T23:53:59.047+0000] {logging_mixin.py:149} INFO - [2023-05-17T23:53:59.046+0000] {dag.py:2726} INFO - Sync 1 DAGs
[2023-05-17T23:53:59.060+0000] {logging_mixin.py:149} INFO - [2023-05-17T23:53:59.060+0000] {dag.py:3490} INFO - Setting next_dagrun for example_task_group_decorator to 2023-05-16T23:53:59.060588+00:00, run_after=2023-05-17T23:53:59.060588+00:00
[2023-05-17T23:53:59.073+0000] {processor.py:179} INFO - Processing /home/airflow/.local/lib/python3.7/site-packages/airflow/example_dags/example_task_group_decorator.py took 0.055 seconds
[2023-05-17T23:54:29.641+0000] {processor.py:157} INFO - Started process (PID=830) to work on /home/airflow/.local/lib/python3.7/site-packages/airflow/example_dags/example_task_group_decorator.py
[2023-05-17T23:54:29.642+0000] {processor.py:826} INFO - Processing file /home/airflow/.local/lib/python3.7/site-packages/airflow/example_dags/example_task_group_decorator.py for tasks to queue
[2023-05-17T23:54:29.643+0000] {logging_mixin.py:149} INFO - [2023-05-17T23:54:29.642+0000] {dagbag.py:541} INFO - Filling up the DagBag from /home/airflow/.local/lib/python3.7/site-packages/airflow/example_dags/example_task_group_decorator.py
[2023-05-17T23:54:29.651+0000] {processor.py:836} INFO - DAG(s) dict_keys(['example_task_group_decorator']) retrieved from /home/airflow/.local/lib/python3.7/site-packages/airflow/example_dags/example_task_group_decorator.py
[2023-05-17T23:54:29.668+0000] {logging_mixin.py:149} INFO - [2023-05-17T23:54:29.668+0000] {dag.py:2726} INFO - Sync 1 DAGs
[2023-05-17T23:54:29.682+0000] {logging_mixin.py:149} INFO - [2023-05-17T23:54:29.682+0000] {dag.py:3490} INFO - Setting next_dagrun for example_task_group_decorator to 2023-05-16T23:54:29.681999+00:00, run_after=2023-05-17T23:54:29.681999+00:00
[2023-05-17T23:54:29.694+0000] {processor.py:179} INFO - Processing /home/airflow/.local/lib/python3.7/site-packages/airflow/example_dags/example_task_group_decorator.py took 0.054 seconds
[2023-05-17T23:55:00.243+0000] {processor.py:157} INFO - Started process (PID=894) to work on /home/airflow/.local/lib/python3.7/site-packages/airflow/example_dags/example_task_group_decorator.py
[2023-05-17T23:55:00.244+0000] {processor.py:826} INFO - Processing file /home/airflow/.local/lib/python3.7/site-packages/airflow/example_dags/example_task_group_decorator.py for tasks to queue
[2023-05-17T23:55:00.244+0000] {logging_mixin.py:149} INFO - [2023-05-17T23:55:00.244+0000] {dagbag.py:541} INFO - Filling up the DagBag from /home/airflow/.local/lib/python3.7/site-packages/airflow/example_dags/example_task_group_decorator.py
[2023-05-17T23:55:00.253+0000] {processor.py:836} INFO - DAG(s) dict_keys(['example_task_group_decorator']) retrieved from /home/airflow/.local/lib/python3.7/site-packages/airflow/example_dags/example_task_group_decorator.py
[2023-05-17T23:55:00.270+0000] {logging_mixin.py:149} INFO - [2023-05-17T23:55:00.270+0000] {dag.py:2726} INFO - Sync 1 DAGs
[2023-05-17T23:55:00.284+0000] {logging_mixin.py:149} INFO - [2023-05-17T23:55:00.284+0000] {dag.py:3490} INFO - Setting next_dagrun for example_task_group_decorator to 2023-05-16T23:55:00.284444+00:00, run_after=2023-05-17T23:55:00.284444+00:00
[2023-05-17T23:55:00.296+0000] {processor.py:179} INFO - Processing /home/airflow/.local/lib/python3.7/site-packages/airflow/example_dags/example_task_group_decorator.py took 0.055 seconds
[2023-05-17T23:55:30.837+0000] {processor.py:157} INFO - Started process (PID=958) to work on /home/airflow/.local/lib/python3.7/site-packages/airflow/example_dags/example_task_group_decorator.py
[2023-05-17T23:55:30.838+0000] {processor.py:826} INFO - Processing file /home/airflow/.local/lib/python3.7/site-packages/airflow/example_dags/example_task_group_decorator.py for tasks to queue
[2023-05-17T23:55:30.838+0000] {logging_mixin.py:149} INFO - [2023-05-17T23:55:30.838+0000] {dagbag.py:541} INFO - Filling up the DagBag from /home/airflow/.local/lib/python3.7/site-packages/airflow/example_dags/example_task_group_decorator.py
[2023-05-17T23:55:30.846+0000] {processor.py:836} INFO - DAG(s) dict_keys(['example_task_group_decorator']) retrieved from /home/airflow/.local/lib/python3.7/site-packages/airflow/example_dags/example_task_group_decorator.py
[2023-05-17T23:55:30.863+0000] {logging_mixin.py:149} INFO - [2023-05-17T23:55:30.863+0000] {dag.py:2726} INFO - Sync 1 DAGs
[2023-05-17T23:55:30.877+0000] {logging_mixin.py:149} INFO - [2023-05-17T23:55:30.876+0000] {dag.py:3490} INFO - Setting next_dagrun for example_task_group_decorator to 2023-05-16T23:55:30.876832+00:00, run_after=2023-05-17T23:55:30.876832+00:00
[2023-05-17T23:55:30.903+0000] {processor.py:179} INFO - Processing /home/airflow/.local/lib/python3.7/site-packages/airflow/example_dags/example_task_group_decorator.py took 0.068 seconds
[2023-05-17T23:56:01.542+0000] {processor.py:157} INFO - Started process (PID=1022) to work on /home/airflow/.local/lib/python3.7/site-packages/airflow/example_dags/example_task_group_decorator.py
[2023-05-17T23:56:01.542+0000] {processor.py:826} INFO - Processing file /home/airflow/.local/lib/python3.7/site-packages/airflow/example_dags/example_task_group_decorator.py for tasks to queue
[2023-05-17T23:56:01.543+0000] {logging_mixin.py:149} INFO - [2023-05-17T23:56:01.543+0000] {dagbag.py:541} INFO - Filling up the DagBag from /home/airflow/.local/lib/python3.7/site-packages/airflow/example_dags/example_task_group_decorator.py
[2023-05-17T23:56:01.553+0000] {processor.py:836} INFO - DAG(s) dict_keys(['example_task_group_decorator']) retrieved from /home/airflow/.local/lib/python3.7/site-packages/airflow/example_dags/example_task_group_decorator.py
[2023-05-17T23:56:01.571+0000] {logging_mixin.py:149} INFO - [2023-05-17T23:56:01.571+0000] {dag.py:2726} INFO - Sync 1 DAGs
[2023-05-17T23:56:01.586+0000] {logging_mixin.py:149} INFO - [2023-05-17T23:56:01.586+0000] {dag.py:3490} INFO - Setting next_dagrun for example_task_group_decorator to 2023-05-16T23:56:01.586717+00:00, run_after=2023-05-17T23:56:01.586717+00:00
[2023-05-17T23:56:01.614+0000] {processor.py:179} INFO - Processing /home/airflow/.local/lib/python3.7/site-packages/airflow/example_dags/example_task_group_decorator.py took 0.075 seconds
[2023-05-17T23:56:32.210+0000] {processor.py:157} INFO - Started process (PID=1086) to work on /home/airflow/.local/lib/python3.7/site-packages/airflow/example_dags/example_task_group_decorator.py
[2023-05-17T23:56:32.210+0000] {processor.py:826} INFO - Processing file /home/airflow/.local/lib/python3.7/site-packages/airflow/example_dags/example_task_group_decorator.py for tasks to queue
[2023-05-17T23:56:32.211+0000] {logging_mixin.py:149} INFO - [2023-05-17T23:56:32.211+0000] {dagbag.py:541} INFO - Filling up the DagBag from /home/airflow/.local/lib/python3.7/site-packages/airflow/example_dags/example_task_group_decorator.py
[2023-05-17T23:56:32.219+0000] {processor.py:836} INFO - DAG(s) dict_keys(['example_task_group_decorator']) retrieved from /home/airflow/.local/lib/python3.7/site-packages/airflow/example_dags/example_task_group_decorator.py
[2023-05-17T23:56:32.235+0000] {logging_mixin.py:149} INFO - [2023-05-17T23:56:32.234+0000] {dag.py:2726} INFO - Sync 1 DAGs
[2023-05-17T23:56:32.249+0000] {logging_mixin.py:149} INFO - [2023-05-17T23:56:32.249+0000] {dag.py:3490} INFO - Setting next_dagrun for example_task_group_decorator to 2023-05-16T23:56:32.249448+00:00, run_after=2023-05-17T23:56:32.249448+00:00
[2023-05-17T23:56:32.262+0000] {processor.py:179} INFO - Processing /home/airflow/.local/lib/python3.7/site-packages/airflow/example_dags/example_task_group_decorator.py took 0.054 seconds
[2023-05-17T23:57:02.836+0000] {processor.py:157} INFO - Started process (PID=1150) to work on /home/airflow/.local/lib/python3.7/site-packages/airflow/example_dags/example_task_group_decorator.py
[2023-05-17T23:57:02.837+0000] {processor.py:826} INFO - Processing file /home/airflow/.local/lib/python3.7/site-packages/airflow/example_dags/example_task_group_decorator.py for tasks to queue
[2023-05-17T23:57:02.837+0000] {logging_mixin.py:149} INFO - [2023-05-17T23:57:02.837+0000] {dagbag.py:541} INFO - Filling up the DagBag from /home/airflow/.local/lib/python3.7/site-packages/airflow/example_dags/example_task_group_decorator.py
[2023-05-17T23:57:02.845+0000] {processor.py:836} INFO - DAG(s) dict_keys(['example_task_group_decorator']) retrieved from /home/airflow/.local/lib/python3.7/site-packages/airflow/example_dags/example_task_group_decorator.py
[2023-05-17T23:57:02.860+0000] {logging_mixin.py:149} INFO - [2023-05-17T23:57:02.860+0000] {dag.py:2726} INFO - Sync 1 DAGs
[2023-05-17T23:57:02.875+0000] {logging_mixin.py:149} INFO - [2023-05-17T23:57:02.875+0000] {dag.py:3490} INFO - Setting next_dagrun for example_task_group_decorator to 2023-05-16T23:57:02.874913+00:00, run_after=2023-05-17T23:57:02.874913+00:00
[2023-05-17T23:57:02.886+0000] {processor.py:179} INFO - Processing /home/airflow/.local/lib/python3.7/site-packages/airflow/example_dags/example_task_group_decorator.py took 0.052 seconds
[2023-05-17T23:57:33.438+0000] {processor.py:157} INFO - Started process (PID=1214) to work on /home/airflow/.local/lib/python3.7/site-packages/airflow/example_dags/example_task_group_decorator.py
[2023-05-17T23:57:33.438+0000] {processor.py:826} INFO - Processing file /home/airflow/.local/lib/python3.7/site-packages/airflow/example_dags/example_task_group_decorator.py for tasks to queue
[2023-05-17T23:57:33.439+0000] {logging_mixin.py:149} INFO - [2023-05-17T23:57:33.439+0000] {dagbag.py:541} INFO - Filling up the DagBag from /home/airflow/.local/lib/python3.7/site-packages/airflow/example_dags/example_task_group_decorator.py
[2023-05-17T23:57:33.447+0000] {processor.py:836} INFO - DAG(s) dict_keys(['example_task_group_decorator']) retrieved from /home/airflow/.local/lib/python3.7/site-packages/airflow/example_dags/example_task_group_decorator.py
[2023-05-17T23:57:33.464+0000] {logging_mixin.py:149} INFO - [2023-05-17T23:57:33.464+0000] {dag.py:2726} INFO - Sync 1 DAGs
[2023-05-17T23:57:33.479+0000] {logging_mixin.py:149} INFO - [2023-05-17T23:57:33.479+0000] {dag.py:3490} INFO - Setting next_dagrun for example_task_group_decorator to 2023-05-16T23:57:33.478978+00:00, run_after=2023-05-17T23:57:33.478978+00:00
[2023-05-17T23:57:33.491+0000] {processor.py:179} INFO - Processing /home/airflow/.local/lib/python3.7/site-packages/airflow/example_dags/example_task_group_decorator.py took 0.055 seconds
[2023-05-17T23:58:04.250+0000] {processor.py:157} INFO - Started process (PID=1278) to work on /home/airflow/.local/lib/python3.7/site-packages/airflow/example_dags/example_task_group_decorator.py
[2023-05-17T23:58:04.257+0000] {processor.py:826} INFO - Processing file /home/airflow/.local/lib/python3.7/site-packages/airflow/example_dags/example_task_group_decorator.py for tasks to queue
[2023-05-17T23:58:04.258+0000] {logging_mixin.py:149} INFO - [2023-05-17T23:58:04.258+0000] {dagbag.py:541} INFO - Filling up the DagBag from /home/airflow/.local/lib/python3.7/site-packages/airflow/example_dags/example_task_group_decorator.py
[2023-05-17T23:58:04.265+0000] {processor.py:836} INFO - DAG(s) dict_keys(['example_task_group_decorator']) retrieved from /home/airflow/.local/lib/python3.7/site-packages/airflow/example_dags/example_task_group_decorator.py
[2023-05-17T23:58:04.281+0000] {logging_mixin.py:149} INFO - [2023-05-17T23:58:04.281+0000] {dag.py:2726} INFO - Sync 1 DAGs
[2023-05-17T23:58:04.295+0000] {logging_mixin.py:149} INFO - [2023-05-17T23:58:04.295+0000] {dag.py:3490} INFO - Setting next_dagrun for example_task_group_decorator to 2023-05-16T23:58:04.294947+00:00, run_after=2023-05-17T23:58:04.294947+00:00
[2023-05-17T23:58:04.306+0000] {processor.py:179} INFO - Processing /home/airflow/.local/lib/python3.7/site-packages/airflow/example_dags/example_task_group_decorator.py took 0.058 seconds
[2023-05-17T23:58:34.846+0000] {processor.py:157} INFO - Started process (PID=1342) to work on /home/airflow/.local/lib/python3.7/site-packages/airflow/example_dags/example_task_group_decorator.py
[2023-05-17T23:58:34.847+0000] {processor.py:826} INFO - Processing file /home/airflow/.local/lib/python3.7/site-packages/airflow/example_dags/example_task_group_decorator.py for tasks to queue
[2023-05-17T23:58:34.847+0000] {logging_mixin.py:149} INFO - [2023-05-17T23:58:34.847+0000] {dagbag.py:541} INFO - Filling up the DagBag from /home/airflow/.local/lib/python3.7/site-packages/airflow/example_dags/example_task_group_decorator.py
[2023-05-17T23:58:34.856+0000] {processor.py:836} INFO - DAG(s) dict_keys(['example_task_group_decorator']) retrieved from /home/airflow/.local/lib/python3.7/site-packages/airflow/example_dags/example_task_group_decorator.py
[2023-05-17T23:58:34.870+0000] {logging_mixin.py:149} INFO - [2023-05-17T23:58:34.870+0000] {dag.py:2726} INFO - Sync 1 DAGs
[2023-05-17T23:58:34.885+0000] {logging_mixin.py:149} INFO - [2023-05-17T23:58:34.885+0000] {dag.py:3490} INFO - Setting next_dagrun for example_task_group_decorator to 2023-05-16T23:58:34.885225+00:00, run_after=2023-05-17T23:58:34.885225+00:00
[2023-05-17T23:58:34.898+0000] {processor.py:179} INFO - Processing /home/airflow/.local/lib/python3.7/site-packages/airflow/example_dags/example_task_group_decorator.py took 0.054 seconds
[2023-05-17T23:59:05.407+0000] {processor.py:157} INFO - Started process (PID=1406) to work on /home/airflow/.local/lib/python3.7/site-packages/airflow/example_dags/example_task_group_decorator.py
[2023-05-17T23:59:05.408+0000] {processor.py:826} INFO - Processing file /home/airflow/.local/lib/python3.7/site-packages/airflow/example_dags/example_task_group_decorator.py for tasks to queue
[2023-05-17T23:59:05.408+0000] {logging_mixin.py:149} INFO - [2023-05-17T23:59:05.408+0000] {dagbag.py:541} INFO - Filling up the DagBag from /home/airflow/.local/lib/python3.7/site-packages/airflow/example_dags/example_task_group_decorator.py
[2023-05-17T23:59:05.417+0000] {processor.py:836} INFO - DAG(s) dict_keys(['example_task_group_decorator']) retrieved from /home/airflow/.local/lib/python3.7/site-packages/airflow/example_dags/example_task_group_decorator.py
[2023-05-17T23:59:05.433+0000] {logging_mixin.py:149} INFO - [2023-05-17T23:59:05.433+0000] {dag.py:2726} INFO - Sync 1 DAGs
[2023-05-17T23:59:05.447+0000] {logging_mixin.py:149} INFO - [2023-05-17T23:59:05.446+0000] {dag.py:3490} INFO - Setting next_dagrun for example_task_group_decorator to 2023-05-16T23:59:05.446765+00:00, run_after=2023-05-17T23:59:05.446765+00:00
[2023-05-17T23:59:05.473+0000] {processor.py:179} INFO - Processing /home/airflow/.local/lib/python3.7/site-packages/airflow/example_dags/example_task_group_decorator.py took 0.068 seconds
[2023-05-17T23:59:36.033+0000] {processor.py:157} INFO - Started process (PID=1470) to work on /home/airflow/.local/lib/python3.7/site-packages/airflow/example_dags/example_task_group_decorator.py
[2023-05-17T23:59:36.033+0000] {processor.py:826} INFO - Processing file /home/airflow/.local/lib/python3.7/site-packages/airflow/example_dags/example_task_group_decorator.py for tasks to queue
[2023-05-17T23:59:36.033+0000] {logging_mixin.py:149} INFO - [2023-05-17T23:59:36.033+0000] {dagbag.py:541} INFO - Filling up the DagBag from /home/airflow/.local/lib/python3.7/site-packages/airflow/example_dags/example_task_group_decorator.py
[2023-05-17T23:59:36.042+0000] {processor.py:836} INFO - DAG(s) dict_keys(['example_task_group_decorator']) retrieved from /home/airflow/.local/lib/python3.7/site-packages/airflow/example_dags/example_task_group_decorator.py
[2023-05-17T23:59:36.058+0000] {logging_mixin.py:149} INFO - [2023-05-17T23:59:36.058+0000] {dag.py:2726} INFO - Sync 1 DAGs
[2023-05-17T23:59:36.072+0000] {logging_mixin.py:149} INFO - [2023-05-17T23:59:36.072+0000] {dag.py:3490} INFO - Setting next_dagrun for example_task_group_decorator to 2023-05-16T23:59:36.072198+00:00, run_after=2023-05-17T23:59:36.072198+00:00
[2023-05-17T23:59:36.083+0000] {processor.py:179} INFO - Processing /home/airflow/.local/lib/python3.7/site-packages/airflow/example_dags/example_task_group_decorator.py took 0.053 seconds
