[2023-05-17T23:27:46.551+0000] {processor.py:157} INFO - Started process (PID=60) to work on /home/airflow/.local/lib/python3.7/site-packages/airflow/example_dags/example_task_group.py
[2023-05-17T23:27:46.552+0000] {processor.py:826} INFO - Processing file /home/airflow/.local/lib/python3.7/site-packages/airflow/example_dags/example_task_group.py for tasks to queue
[2023-05-17T23:27:46.552+0000] {logging_mixin.py:149} INFO - [2023-05-17T23:27:46.552+0000] {dagbag.py:541} INFO - Filling up the DagBag from /home/airflow/.local/lib/python3.7/site-packages/airflow/example_dags/example_task_group.py
[2023-05-17T23:27:46.557+0000] {processor.py:836} INFO - DAG(s) dict_keys(['example_task_group']) retrieved from /home/airflow/.local/lib/python3.7/site-packages/airflow/example_dags/example_task_group.py
[2023-05-17T23:27:46.565+0000] {logging_mixin.py:149} INFO - [2023-05-17T23:27:46.565+0000] {dag.py:2726} INFO - Sync 1 DAGs
[2023-05-17T23:27:46.580+0000] {logging_mixin.py:149} INFO - [2023-05-17T23:27:46.579+0000] {dag.py:3490} INFO - Setting next_dagrun for example_task_group to 2023-05-16T23:27:46.579799+00:00, run_after=2023-05-17T23:27:46.579799+00:00
[2023-05-17T23:27:46.598+0000] {processor.py:179} INFO - Processing /home/airflow/.local/lib/python3.7/site-packages/airflow/example_dags/example_task_group.py took 0.049 seconds
[2023-05-17T23:28:17.098+0000] {processor.py:157} INFO - Started process (PID=124) to work on /home/airflow/.local/lib/python3.7/site-packages/airflow/example_dags/example_task_group.py
[2023-05-17T23:28:17.099+0000] {processor.py:826} INFO - Processing file /home/airflow/.local/lib/python3.7/site-packages/airflow/example_dags/example_task_group.py for tasks to queue
[2023-05-17T23:28:17.099+0000] {logging_mixin.py:149} INFO - [2023-05-17T23:28:17.099+0000] {dagbag.py:541} INFO - Filling up the DagBag from /home/airflow/.local/lib/python3.7/site-packages/airflow/example_dags/example_task_group.py
[2023-05-17T23:28:17.103+0000] {processor.py:836} INFO - DAG(s) dict_keys(['example_task_group']) retrieved from /home/airflow/.local/lib/python3.7/site-packages/airflow/example_dags/example_task_group.py
[2023-05-17T23:28:17.116+0000] {logging_mixin.py:149} INFO - [2023-05-17T23:28:17.116+0000] {dag.py:2726} INFO - Sync 1 DAGs
[2023-05-17T23:28:17.129+0000] {logging_mixin.py:149} INFO - [2023-05-17T23:28:17.129+0000] {dag.py:3490} INFO - Setting next_dagrun for example_task_group to 2023-05-16T23:28:17.129594+00:00, run_after=2023-05-17T23:28:17.129594+00:00
[2023-05-17T23:28:17.145+0000] {processor.py:179} INFO - Processing /home/airflow/.local/lib/python3.7/site-packages/airflow/example_dags/example_task_group.py took 0.048 seconds
[2023-05-17T23:28:47.533+0000] {processor.py:157} INFO - Started process (PID=188) to work on /home/airflow/.local/lib/python3.7/site-packages/airflow/example_dags/example_task_group.py
[2023-05-17T23:28:47.534+0000] {processor.py:826} INFO - Processing file /home/airflow/.local/lib/python3.7/site-packages/airflow/example_dags/example_task_group.py for tasks to queue
[2023-05-17T23:28:47.534+0000] {logging_mixin.py:149} INFO - [2023-05-17T23:28:47.534+0000] {dagbag.py:541} INFO - Filling up the DagBag from /home/airflow/.local/lib/python3.7/site-packages/airflow/example_dags/example_task_group.py
[2023-05-17T23:28:47.538+0000] {processor.py:836} INFO - DAG(s) dict_keys(['example_task_group']) retrieved from /home/airflow/.local/lib/python3.7/site-packages/airflow/example_dags/example_task_group.py
[2023-05-17T23:28:47.552+0000] {logging_mixin.py:149} INFO - [2023-05-17T23:28:47.552+0000] {dag.py:2726} INFO - Sync 1 DAGs
[2023-05-17T23:28:47.566+0000] {logging_mixin.py:149} INFO - [2023-05-17T23:28:47.566+0000] {dag.py:3490} INFO - Setting next_dagrun for example_task_group to 2023-05-16T23:28:47.565872+00:00, run_after=2023-05-17T23:28:47.565872+00:00
[2023-05-17T23:28:47.578+0000] {processor.py:179} INFO - Processing /home/airflow/.local/lib/python3.7/site-packages/airflow/example_dags/example_task_group.py took 0.046 seconds
[2023-05-17T23:29:18.029+0000] {processor.py:157} INFO - Started process (PID=252) to work on /home/airflow/.local/lib/python3.7/site-packages/airflow/example_dags/example_task_group.py
[2023-05-17T23:29:18.029+0000] {processor.py:826} INFO - Processing file /home/airflow/.local/lib/python3.7/site-packages/airflow/example_dags/example_task_group.py for tasks to queue
[2023-05-17T23:29:18.030+0000] {logging_mixin.py:149} INFO - [2023-05-17T23:29:18.030+0000] {dagbag.py:541} INFO - Filling up the DagBag from /home/airflow/.local/lib/python3.7/site-packages/airflow/example_dags/example_task_group.py
[2023-05-17T23:29:18.034+0000] {processor.py:836} INFO - DAG(s) dict_keys(['example_task_group']) retrieved from /home/airflow/.local/lib/python3.7/site-packages/airflow/example_dags/example_task_group.py
[2023-05-17T23:29:18.047+0000] {logging_mixin.py:149} INFO - [2023-05-17T23:29:18.047+0000] {dag.py:2726} INFO - Sync 1 DAGs
[2023-05-17T23:29:18.061+0000] {logging_mixin.py:149} INFO - [2023-05-17T23:29:18.061+0000] {dag.py:3490} INFO - Setting next_dagrun for example_task_group to 2023-05-16T23:29:18.060946+00:00, run_after=2023-05-17T23:29:18.060946+00:00
[2023-05-17T23:29:18.082+0000] {processor.py:179} INFO - Processing /home/airflow/.local/lib/python3.7/site-packages/airflow/example_dags/example_task_group.py took 0.055 seconds
[2023-05-17T23:29:48.657+0000] {processor.py:157} INFO - Started process (PID=316) to work on /home/airflow/.local/lib/python3.7/site-packages/airflow/example_dags/example_task_group.py
[2023-05-17T23:29:48.658+0000] {processor.py:826} INFO - Processing file /home/airflow/.local/lib/python3.7/site-packages/airflow/example_dags/example_task_group.py for tasks to queue
[2023-05-17T23:29:48.659+0000] {logging_mixin.py:149} INFO - [2023-05-17T23:29:48.659+0000] {dagbag.py:541} INFO - Filling up the DagBag from /home/airflow/.local/lib/python3.7/site-packages/airflow/example_dags/example_task_group.py
[2023-05-17T23:29:48.664+0000] {processor.py:836} INFO - DAG(s) dict_keys(['example_task_group']) retrieved from /home/airflow/.local/lib/python3.7/site-packages/airflow/example_dags/example_task_group.py
[2023-05-17T23:29:48.679+0000] {logging_mixin.py:149} INFO - [2023-05-17T23:29:48.678+0000] {dag.py:2726} INFO - Sync 1 DAGs
[2023-05-17T23:29:48.693+0000] {logging_mixin.py:149} INFO - [2023-05-17T23:29:48.693+0000] {dag.py:3490} INFO - Setting next_dagrun for example_task_group to 2023-05-16T23:29:48.693445+00:00, run_after=2023-05-17T23:29:48.693445+00:00
[2023-05-17T23:29:48.728+0000] {processor.py:179} INFO - Processing /home/airflow/.local/lib/python3.7/site-packages/airflow/example_dags/example_task_group.py took 0.073 seconds
[2023-05-17T23:30:31.849+0000] {processor.py:157} INFO - Started process (PID=61) to work on /home/airflow/.local/lib/python3.7/site-packages/airflow/example_dags/example_task_group.py
[2023-05-17T23:30:31.850+0000] {processor.py:826} INFO - Processing file /home/airflow/.local/lib/python3.7/site-packages/airflow/example_dags/example_task_group.py for tasks to queue
[2023-05-17T23:30:31.850+0000] {logging_mixin.py:149} INFO - [2023-05-17T23:30:31.850+0000] {dagbag.py:541} INFO - Filling up the DagBag from /home/airflow/.local/lib/python3.7/site-packages/airflow/example_dags/example_task_group.py
[2023-05-17T23:30:31.855+0000] {processor.py:836} INFO - DAG(s) dict_keys(['example_task_group']) retrieved from /home/airflow/.local/lib/python3.7/site-packages/airflow/example_dags/example_task_group.py
[2023-05-17T23:30:31.863+0000] {logging_mixin.py:149} INFO - [2023-05-17T23:30:31.863+0000] {dag.py:2726} INFO - Sync 1 DAGs
[2023-05-17T23:30:31.877+0000] {logging_mixin.py:149} INFO - [2023-05-17T23:30:31.877+0000] {dag.py:3490} INFO - Setting next_dagrun for example_task_group to 2023-05-16T23:30:31.877638+00:00, run_after=2023-05-17T23:30:31.877638+00:00
[2023-05-17T23:30:31.890+0000] {processor.py:179} INFO - Processing /home/airflow/.local/lib/python3.7/site-packages/airflow/example_dags/example_task_group.py took 0.043 seconds
[2023-05-17T23:31:02.750+0000] {processor.py:157} INFO - Started process (PID=125) to work on /home/airflow/.local/lib/python3.7/site-packages/airflow/example_dags/example_task_group.py
[2023-05-17T23:31:02.750+0000] {processor.py:826} INFO - Processing file /home/airflow/.local/lib/python3.7/site-packages/airflow/example_dags/example_task_group.py for tasks to queue
[2023-05-17T23:31:02.751+0000] {logging_mixin.py:149} INFO - [2023-05-17T23:31:02.751+0000] {dagbag.py:541} INFO - Filling up the DagBag from /home/airflow/.local/lib/python3.7/site-packages/airflow/example_dags/example_task_group.py
[2023-05-17T23:31:02.755+0000] {processor.py:836} INFO - DAG(s) dict_keys(['example_task_group']) retrieved from /home/airflow/.local/lib/python3.7/site-packages/airflow/example_dags/example_task_group.py
[2023-05-17T23:31:02.768+0000] {logging_mixin.py:149} INFO - [2023-05-17T23:31:02.768+0000] {dag.py:2726} INFO - Sync 1 DAGs
[2023-05-17T23:31:02.782+0000] {logging_mixin.py:149} INFO - [2023-05-17T23:31:02.782+0000] {dag.py:3490} INFO - Setting next_dagrun for example_task_group to 2023-05-16T23:31:02.782174+00:00, run_after=2023-05-17T23:31:02.782174+00:00
[2023-05-17T23:31:02.813+0000] {processor.py:179} INFO - Processing /home/airflow/.local/lib/python3.7/site-packages/airflow/example_dags/example_task_group.py took 0.065 seconds
[2023-05-17T23:31:33.466+0000] {processor.py:157} INFO - Started process (PID=189) to work on /home/airflow/.local/lib/python3.7/site-packages/airflow/example_dags/example_task_group.py
[2023-05-17T23:31:33.476+0000] {processor.py:826} INFO - Processing file /home/airflow/.local/lib/python3.7/site-packages/airflow/example_dags/example_task_group.py for tasks to queue
[2023-05-17T23:31:33.476+0000] {logging_mixin.py:149} INFO - [2023-05-17T23:31:33.476+0000] {dagbag.py:541} INFO - Filling up the DagBag from /home/airflow/.local/lib/python3.7/site-packages/airflow/example_dags/example_task_group.py
[2023-05-17T23:31:33.480+0000] {processor.py:836} INFO - DAG(s) dict_keys(['example_task_group']) retrieved from /home/airflow/.local/lib/python3.7/site-packages/airflow/example_dags/example_task_group.py
[2023-05-17T23:31:33.494+0000] {logging_mixin.py:149} INFO - [2023-05-17T23:31:33.494+0000] {dag.py:2726} INFO - Sync 1 DAGs
[2023-05-17T23:31:33.571+0000] {logging_mixin.py:149} INFO - [2023-05-17T23:31:33.571+0000] {dag.py:3490} INFO - Setting next_dagrun for example_task_group to 2023-05-16T23:31:33.571019+00:00, run_after=2023-05-17T23:31:33.571019+00:00
[2023-05-17T23:31:33.581+0000] {processor.py:179} INFO - Processing /home/airflow/.local/lib/python3.7/site-packages/airflow/example_dags/example_task_group.py took 0.117 seconds
[2023-05-17T23:34:33.719+0000] {processor.py:157} INFO - Started process (PID=61) to work on /home/airflow/.local/lib/python3.7/site-packages/airflow/example_dags/example_task_group.py
[2023-05-17T23:34:33.727+0000] {processor.py:826} INFO - Processing file /home/airflow/.local/lib/python3.7/site-packages/airflow/example_dags/example_task_group.py for tasks to queue
[2023-05-17T23:34:33.728+0000] {logging_mixin.py:149} INFO - [2023-05-17T23:34:33.728+0000] {dagbag.py:541} INFO - Filling up the DagBag from /home/airflow/.local/lib/python3.7/site-packages/airflow/example_dags/example_task_group.py
[2023-05-17T23:34:33.734+0000] {processor.py:836} INFO - DAG(s) dict_keys(['example_task_group']) retrieved from /home/airflow/.local/lib/python3.7/site-packages/airflow/example_dags/example_task_group.py
[2023-05-17T23:34:33.742+0000] {logging_mixin.py:149} INFO - [2023-05-17T23:34:33.742+0000] {dag.py:2726} INFO - Sync 1 DAGs
[2023-05-17T23:34:33.757+0000] {logging_mixin.py:149} INFO - [2023-05-17T23:34:33.756+0000] {dag.py:3490} INFO - Setting next_dagrun for example_task_group to 2023-05-16T23:34:33.756816+00:00, run_after=2023-05-17T23:34:33.756816+00:00
[2023-05-17T23:34:33.769+0000] {processor.py:179} INFO - Processing /home/airflow/.local/lib/python3.7/site-packages/airflow/example_dags/example_task_group.py took 0.053 seconds
[2023-05-17T23:35:04.901+0000] {processor.py:157} INFO - Started process (PID=125) to work on /home/airflow/.local/lib/python3.7/site-packages/airflow/example_dags/example_task_group.py
[2023-05-17T23:35:04.901+0000] {processor.py:826} INFO - Processing file /home/airflow/.local/lib/python3.7/site-packages/airflow/example_dags/example_task_group.py for tasks to queue
[2023-05-17T23:35:04.902+0000] {logging_mixin.py:149} INFO - [2023-05-17T23:35:04.902+0000] {dagbag.py:541} INFO - Filling up the DagBag from /home/airflow/.local/lib/python3.7/site-packages/airflow/example_dags/example_task_group.py
[2023-05-17T23:35:04.906+0000] {processor.py:836} INFO - DAG(s) dict_keys(['example_task_group']) retrieved from /home/airflow/.local/lib/python3.7/site-packages/airflow/example_dags/example_task_group.py
[2023-05-17T23:35:04.919+0000] {logging_mixin.py:149} INFO - [2023-05-17T23:35:04.919+0000] {dag.py:2726} INFO - Sync 1 DAGs
[2023-05-17T23:35:04.932+0000] {logging_mixin.py:149} INFO - [2023-05-17T23:35:04.932+0000] {dag.py:3490} INFO - Setting next_dagrun for example_task_group to 2023-05-16T23:35:04.932302+00:00, run_after=2023-05-17T23:35:04.932302+00:00
[2023-05-17T23:35:04.964+0000] {processor.py:179} INFO - Processing /home/airflow/.local/lib/python3.7/site-packages/airflow/example_dags/example_task_group.py took 0.065 seconds
[2023-05-17T23:35:35.657+0000] {processor.py:157} INFO - Started process (PID=189) to work on /home/airflow/.local/lib/python3.7/site-packages/airflow/example_dags/example_task_group.py
[2023-05-17T23:35:35.658+0000] {processor.py:826} INFO - Processing file /home/airflow/.local/lib/python3.7/site-packages/airflow/example_dags/example_task_group.py for tasks to queue
[2023-05-17T23:35:35.659+0000] {logging_mixin.py:149} INFO - [2023-05-17T23:35:35.658+0000] {dagbag.py:541} INFO - Filling up the DagBag from /home/airflow/.local/lib/python3.7/site-packages/airflow/example_dags/example_task_group.py
[2023-05-17T23:35:35.663+0000] {processor.py:836} INFO - DAG(s) dict_keys(['example_task_group']) retrieved from /home/airflow/.local/lib/python3.7/site-packages/airflow/example_dags/example_task_group.py
[2023-05-17T23:35:35.677+0000] {logging_mixin.py:149} INFO - [2023-05-17T23:35:35.677+0000] {dag.py:2726} INFO - Sync 1 DAGs
[2023-05-17T23:35:35.751+0000] {logging_mixin.py:149} INFO - [2023-05-17T23:35:35.751+0000] {dag.py:3490} INFO - Setting next_dagrun for example_task_group to 2023-05-16T23:35:35.751450+00:00, run_after=2023-05-17T23:35:35.751450+00:00
[2023-05-17T23:35:35.761+0000] {processor.py:179} INFO - Processing /home/airflow/.local/lib/python3.7/site-packages/airflow/example_dags/example_task_group.py took 0.106 seconds
[2023-05-17T23:36:05.887+0000] {processor.py:157} INFO - Started process (PID=253) to work on /home/airflow/.local/lib/python3.7/site-packages/airflow/example_dags/example_task_group.py
[2023-05-17T23:36:05.887+0000] {processor.py:826} INFO - Processing file /home/airflow/.local/lib/python3.7/site-packages/airflow/example_dags/example_task_group.py for tasks to queue
[2023-05-17T23:36:05.888+0000] {logging_mixin.py:149} INFO - [2023-05-17T23:36:05.888+0000] {dagbag.py:541} INFO - Filling up the DagBag from /home/airflow/.local/lib/python3.7/site-packages/airflow/example_dags/example_task_group.py
[2023-05-17T23:36:05.892+0000] {processor.py:836} INFO - DAG(s) dict_keys(['example_task_group']) retrieved from /home/airflow/.local/lib/python3.7/site-packages/airflow/example_dags/example_task_group.py
[2023-05-17T23:36:05.905+0000] {logging_mixin.py:149} INFO - [2023-05-17T23:36:05.905+0000] {dag.py:2726} INFO - Sync 1 DAGs
[2023-05-17T23:36:05.918+0000] {logging_mixin.py:149} INFO - [2023-05-17T23:36:05.918+0000] {dag.py:3490} INFO - Setting next_dagrun for example_task_group to 2023-05-16T23:36:05.918739+00:00, run_after=2023-05-17T23:36:05.918739+00:00
[2023-05-17T23:36:05.929+0000] {processor.py:179} INFO - Processing /home/airflow/.local/lib/python3.7/site-packages/airflow/example_dags/example_task_group.py took 0.045 seconds
[2023-05-17T23:36:36.667+0000] {processor.py:157} INFO - Started process (PID=316) to work on /home/airflow/.local/lib/python3.7/site-packages/airflow/example_dags/example_task_group.py
[2023-05-17T23:36:36.668+0000] {processor.py:826} INFO - Processing file /home/airflow/.local/lib/python3.7/site-packages/airflow/example_dags/example_task_group.py for tasks to queue
[2023-05-17T23:36:36.668+0000] {logging_mixin.py:149} INFO - [2023-05-17T23:36:36.668+0000] {dagbag.py:541} INFO - Filling up the DagBag from /home/airflow/.local/lib/python3.7/site-packages/airflow/example_dags/example_task_group.py
[2023-05-17T23:36:36.673+0000] {processor.py:836} INFO - DAG(s) dict_keys(['example_task_group']) retrieved from /home/airflow/.local/lib/python3.7/site-packages/airflow/example_dags/example_task_group.py
[2023-05-17T23:36:36.687+0000] {logging_mixin.py:149} INFO - [2023-05-17T23:36:36.687+0000] {dag.py:2726} INFO - Sync 1 DAGs
[2023-05-17T23:36:36.701+0000] {logging_mixin.py:149} INFO - [2023-05-17T23:36:36.701+0000] {dag.py:3490} INFO - Setting next_dagrun for example_task_group to 2023-05-16T23:36:36.701221+00:00, run_after=2023-05-17T23:36:36.701221+00:00
[2023-05-17T23:36:36.734+0000] {processor.py:179} INFO - Processing /home/airflow/.local/lib/python3.7/site-packages/airflow/example_dags/example_task_group.py took 0.068 seconds
[2023-05-17T23:37:07.404+0000] {processor.py:157} INFO - Started process (PID=380) to work on /home/airflow/.local/lib/python3.7/site-packages/airflow/example_dags/example_task_group.py
[2023-05-17T23:37:07.404+0000] {processor.py:826} INFO - Processing file /home/airflow/.local/lib/python3.7/site-packages/airflow/example_dags/example_task_group.py for tasks to queue
[2023-05-17T23:37:07.405+0000] {logging_mixin.py:149} INFO - [2023-05-17T23:37:07.405+0000] {dagbag.py:541} INFO - Filling up the DagBag from /home/airflow/.local/lib/python3.7/site-packages/airflow/example_dags/example_task_group.py
[2023-05-17T23:37:07.410+0000] {processor.py:836} INFO - DAG(s) dict_keys(['example_task_group']) retrieved from /home/airflow/.local/lib/python3.7/site-packages/airflow/example_dags/example_task_group.py
[2023-05-17T23:37:07.425+0000] {logging_mixin.py:149} INFO - [2023-05-17T23:37:07.425+0000] {dag.py:2726} INFO - Sync 1 DAGs
[2023-05-17T23:37:07.440+0000] {logging_mixin.py:149} INFO - [2023-05-17T23:37:07.440+0000] {dag.py:3490} INFO - Setting next_dagrun for example_task_group to 2023-05-16T23:37:07.440634+00:00, run_after=2023-05-17T23:37:07.440634+00:00
[2023-05-17T23:37:07.473+0000] {processor.py:179} INFO - Processing /home/airflow/.local/lib/python3.7/site-packages/airflow/example_dags/example_task_group.py took 0.071 seconds
[2023-05-17T23:37:38.072+0000] {processor.py:157} INFO - Started process (PID=444) to work on /home/airflow/.local/lib/python3.7/site-packages/airflow/example_dags/example_task_group.py
[2023-05-17T23:37:38.073+0000] {processor.py:826} INFO - Processing file /home/airflow/.local/lib/python3.7/site-packages/airflow/example_dags/example_task_group.py for tasks to queue
[2023-05-17T23:37:38.073+0000] {logging_mixin.py:149} INFO - [2023-05-17T23:37:38.073+0000] {dagbag.py:541} INFO - Filling up the DagBag from /home/airflow/.local/lib/python3.7/site-packages/airflow/example_dags/example_task_group.py
[2023-05-17T23:37:38.078+0000] {processor.py:836} INFO - DAG(s) dict_keys(['example_task_group']) retrieved from /home/airflow/.local/lib/python3.7/site-packages/airflow/example_dags/example_task_group.py
[2023-05-17T23:37:38.091+0000] {logging_mixin.py:149} INFO - [2023-05-17T23:37:38.091+0000] {dag.py:2726} INFO - Sync 1 DAGs
[2023-05-17T23:37:38.104+0000] {logging_mixin.py:149} INFO - [2023-05-17T23:37:38.104+0000] {dag.py:3490} INFO - Setting next_dagrun for example_task_group to 2023-05-16T23:37:38.104383+00:00, run_after=2023-05-17T23:37:38.104383+00:00
[2023-05-17T23:37:38.115+0000] {processor.py:179} INFO - Processing /home/airflow/.local/lib/python3.7/site-packages/airflow/example_dags/example_task_group.py took 0.045 seconds
[2023-05-17T23:38:08.715+0000] {processor.py:157} INFO - Started process (PID=508) to work on /home/airflow/.local/lib/python3.7/site-packages/airflow/example_dags/example_task_group.py
[2023-05-17T23:38:08.716+0000] {processor.py:826} INFO - Processing file /home/airflow/.local/lib/python3.7/site-packages/airflow/example_dags/example_task_group.py for tasks to queue
[2023-05-17T23:38:08.716+0000] {logging_mixin.py:149} INFO - [2023-05-17T23:38:08.716+0000] {dagbag.py:541} INFO - Filling up the DagBag from /home/airflow/.local/lib/python3.7/site-packages/airflow/example_dags/example_task_group.py
[2023-05-17T23:38:08.721+0000] {processor.py:836} INFO - DAG(s) dict_keys(['example_task_group']) retrieved from /home/airflow/.local/lib/python3.7/site-packages/airflow/example_dags/example_task_group.py
[2023-05-17T23:38:08.735+0000] {logging_mixin.py:149} INFO - [2023-05-17T23:38:08.735+0000] {dag.py:2726} INFO - Sync 1 DAGs
[2023-05-17T23:38:08.749+0000] {logging_mixin.py:149} INFO - [2023-05-17T23:38:08.749+0000] {dag.py:3490} INFO - Setting next_dagrun for example_task_group to 2023-05-16T23:38:08.749448+00:00, run_after=2023-05-17T23:38:08.749448+00:00
[2023-05-17T23:38:08.762+0000] {processor.py:179} INFO - Processing /home/airflow/.local/lib/python3.7/site-packages/airflow/example_dags/example_task_group.py took 0.049 seconds
[2023-05-17T23:40:48.767+0000] {processor.py:157} INFO - Started process (PID=61) to work on /home/airflow/.local/lib/python3.7/site-packages/airflow/example_dags/example_task_group.py
[2023-05-17T23:40:48.767+0000] {processor.py:826} INFO - Processing file /home/airflow/.local/lib/python3.7/site-packages/airflow/example_dags/example_task_group.py for tasks to queue
[2023-05-17T23:40:48.768+0000] {logging_mixin.py:149} INFO - [2023-05-17T23:40:48.768+0000] {dagbag.py:541} INFO - Filling up the DagBag from /home/airflow/.local/lib/python3.7/site-packages/airflow/example_dags/example_task_group.py
[2023-05-17T23:40:48.772+0000] {processor.py:836} INFO - DAG(s) dict_keys(['example_task_group']) retrieved from /home/airflow/.local/lib/python3.7/site-packages/airflow/example_dags/example_task_group.py
[2023-05-17T23:40:48.793+0000] {logging_mixin.py:149} INFO - [2023-05-17T23:40:48.793+0000] {dag.py:2726} INFO - Sync 1 DAGs
[2023-05-17T23:40:48.812+0000] {logging_mixin.py:149} INFO - [2023-05-17T23:40:48.812+0000] {dag.py:3490} INFO - Setting next_dagrun for example_task_group to 2023-05-16T23:40:48.812236+00:00, run_after=2023-05-17T23:40:48.812236+00:00
[2023-05-17T23:40:48.828+0000] {processor.py:179} INFO - Processing /home/airflow/.local/lib/python3.7/site-packages/airflow/example_dags/example_task_group.py took 0.063 seconds
[2023-05-17T23:41:20.656+0000] {processor.py:157} INFO - Started process (PID=125) to work on /home/airflow/.local/lib/python3.7/site-packages/airflow/example_dags/example_task_group.py
[2023-05-17T23:41:20.657+0000] {processor.py:826} INFO - Processing file /home/airflow/.local/lib/python3.7/site-packages/airflow/example_dags/example_task_group.py for tasks to queue
[2023-05-17T23:41:20.658+0000] {logging_mixin.py:149} INFO - [2023-05-17T23:41:20.658+0000] {dagbag.py:541} INFO - Filling up the DagBag from /home/airflow/.local/lib/python3.7/site-packages/airflow/example_dags/example_task_group.py
[2023-05-17T23:41:20.665+0000] {processor.py:836} INFO - DAG(s) dict_keys(['example_task_group']) retrieved from /home/airflow/.local/lib/python3.7/site-packages/airflow/example_dags/example_task_group.py
[2023-05-17T23:41:20.686+0000] {logging_mixin.py:149} INFO - [2023-05-17T23:41:20.686+0000] {dag.py:2726} INFO - Sync 1 DAGs
[2023-05-17T23:41:20.707+0000] {logging_mixin.py:149} INFO - [2023-05-17T23:41:20.706+0000] {dag.py:3490} INFO - Setting next_dagrun for example_task_group to 2023-05-16T23:41:20.706737+00:00, run_after=2023-05-17T23:41:20.706737+00:00
[2023-05-17T23:41:20.724+0000] {processor.py:179} INFO - Processing /home/airflow/.local/lib/python3.7/site-packages/airflow/example_dags/example_task_group.py took 0.071 seconds
[2023-05-17T23:41:51.689+0000] {processor.py:157} INFO - Started process (PID=189) to work on /home/airflow/.local/lib/python3.7/site-packages/airflow/example_dags/example_task_group.py
[2023-05-17T23:41:51.690+0000] {processor.py:826} INFO - Processing file /home/airflow/.local/lib/python3.7/site-packages/airflow/example_dags/example_task_group.py for tasks to queue
[2023-05-17T23:41:51.690+0000] {logging_mixin.py:149} INFO - [2023-05-17T23:41:51.690+0000] {dagbag.py:541} INFO - Filling up the DagBag from /home/airflow/.local/lib/python3.7/site-packages/airflow/example_dags/example_task_group.py
[2023-05-17T23:41:51.695+0000] {processor.py:836} INFO - DAG(s) dict_keys(['example_task_group']) retrieved from /home/airflow/.local/lib/python3.7/site-packages/airflow/example_dags/example_task_group.py
[2023-05-17T23:41:51.710+0000] {logging_mixin.py:149} INFO - [2023-05-17T23:41:51.710+0000] {dag.py:2726} INFO - Sync 1 DAGs
[2023-05-17T23:41:51.793+0000] {logging_mixin.py:149} INFO - [2023-05-17T23:41:51.792+0000] {dag.py:3490} INFO - Setting next_dagrun for example_task_group to 2023-05-16T23:41:51.792827+00:00, run_after=2023-05-17T23:41:51.792827+00:00
[2023-05-17T23:41:51.803+0000] {processor.py:179} INFO - Processing /home/airflow/.local/lib/python3.7/site-packages/airflow/example_dags/example_task_group.py took 0.115 seconds
[2023-05-17T23:42:22.064+0000] {processor.py:157} INFO - Started process (PID=253) to work on /home/airflow/.local/lib/python3.7/site-packages/airflow/example_dags/example_task_group.py
[2023-05-17T23:42:22.075+0000] {processor.py:826} INFO - Processing file /home/airflow/.local/lib/python3.7/site-packages/airflow/example_dags/example_task_group.py for tasks to queue
[2023-05-17T23:42:22.075+0000] {logging_mixin.py:149} INFO - [2023-05-17T23:42:22.075+0000] {dagbag.py:541} INFO - Filling up the DagBag from /home/airflow/.local/lib/python3.7/site-packages/airflow/example_dags/example_task_group.py
[2023-05-17T23:42:22.080+0000] {processor.py:836} INFO - DAG(s) dict_keys(['example_task_group']) retrieved from /home/airflow/.local/lib/python3.7/site-packages/airflow/example_dags/example_task_group.py
[2023-05-17T23:42:22.087+0000] {logging_mixin.py:149} INFO - [2023-05-17T23:42:22.087+0000] {dag.py:2726} INFO - Sync 1 DAGs
[2023-05-17T23:42:22.101+0000] {logging_mixin.py:149} INFO - [2023-05-17T23:42:22.101+0000] {dag.py:3490} INFO - Setting next_dagrun for example_task_group to 2023-05-16T23:42:22.101039+00:00, run_after=2023-05-17T23:42:22.101039+00:00
[2023-05-17T23:42:22.112+0000] {processor.py:179} INFO - Processing /home/airflow/.local/lib/python3.7/site-packages/airflow/example_dags/example_task_group.py took 0.050 seconds
[2023-05-17T23:42:52.699+0000] {processor.py:157} INFO - Started process (PID=317) to work on /home/airflow/.local/lib/python3.7/site-packages/airflow/example_dags/example_task_group.py
[2023-05-17T23:42:52.699+0000] {processor.py:826} INFO - Processing file /home/airflow/.local/lib/python3.7/site-packages/airflow/example_dags/example_task_group.py for tasks to queue
[2023-05-17T23:42:52.699+0000] {logging_mixin.py:149} INFO - [2023-05-17T23:42:52.699+0000] {dagbag.py:541} INFO - Filling up the DagBag from /home/airflow/.local/lib/python3.7/site-packages/airflow/example_dags/example_task_group.py
[2023-05-17T23:42:52.704+0000] {processor.py:836} INFO - DAG(s) dict_keys(['example_task_group']) retrieved from /home/airflow/.local/lib/python3.7/site-packages/airflow/example_dags/example_task_group.py
[2023-05-17T23:42:52.717+0000] {logging_mixin.py:149} INFO - [2023-05-17T23:42:52.717+0000] {dag.py:2726} INFO - Sync 1 DAGs
[2023-05-17T23:42:52.730+0000] {logging_mixin.py:149} INFO - [2023-05-17T23:42:52.730+0000] {dag.py:3490} INFO - Setting next_dagrun for example_task_group to 2023-05-16T23:42:52.730410+00:00, run_after=2023-05-17T23:42:52.730410+00:00
[2023-05-17T23:42:52.761+0000] {processor.py:179} INFO - Processing /home/airflow/.local/lib/python3.7/site-packages/airflow/example_dags/example_task_group.py took 0.065 seconds
[2023-05-17T23:43:23.270+0000] {processor.py:157} INFO - Started process (PID=381) to work on /home/airflow/.local/lib/python3.7/site-packages/airflow/example_dags/example_task_group.py
[2023-05-17T23:43:23.280+0000] {processor.py:826} INFO - Processing file /home/airflow/.local/lib/python3.7/site-packages/airflow/example_dags/example_task_group.py for tasks to queue
[2023-05-17T23:43:23.281+0000] {logging_mixin.py:149} INFO - [2023-05-17T23:43:23.281+0000] {dagbag.py:541} INFO - Filling up the DagBag from /home/airflow/.local/lib/python3.7/site-packages/airflow/example_dags/example_task_group.py
[2023-05-17T23:43:23.285+0000] {processor.py:836} INFO - DAG(s) dict_keys(['example_task_group']) retrieved from /home/airflow/.local/lib/python3.7/site-packages/airflow/example_dags/example_task_group.py
[2023-05-17T23:43:23.304+0000] {logging_mixin.py:149} INFO - [2023-05-17T23:43:23.304+0000] {dag.py:2726} INFO - Sync 1 DAGs
[2023-05-17T23:43:23.316+0000] {logging_mixin.py:149} INFO - [2023-05-17T23:43:23.316+0000] {dag.py:3490} INFO - Setting next_dagrun for example_task_group to 2023-05-16T23:43:23.316492+00:00, run_after=2023-05-17T23:43:23.316492+00:00
[2023-05-17T23:43:23.328+0000] {processor.py:179} INFO - Processing /home/airflow/.local/lib/python3.7/site-packages/airflow/example_dags/example_task_group.py took 0.060 seconds
[2023-05-17T23:43:53.831+0000] {processor.py:157} INFO - Started process (PID=445) to work on /home/airflow/.local/lib/python3.7/site-packages/airflow/example_dags/example_task_group.py
[2023-05-17T23:43:53.832+0000] {processor.py:826} INFO - Processing file /home/airflow/.local/lib/python3.7/site-packages/airflow/example_dags/example_task_group.py for tasks to queue
[2023-05-17T23:43:53.832+0000] {logging_mixin.py:149} INFO - [2023-05-17T23:43:53.832+0000] {dagbag.py:541} INFO - Filling up the DagBag from /home/airflow/.local/lib/python3.7/site-packages/airflow/example_dags/example_task_group.py
[2023-05-17T23:43:53.837+0000] {processor.py:836} INFO - DAG(s) dict_keys(['example_task_group']) retrieved from /home/airflow/.local/lib/python3.7/site-packages/airflow/example_dags/example_task_group.py
[2023-05-17T23:43:53.849+0000] {logging_mixin.py:149} INFO - [2023-05-17T23:43:53.849+0000] {dag.py:2726} INFO - Sync 1 DAGs
[2023-05-17T23:43:53.863+0000] {logging_mixin.py:149} INFO - [2023-05-17T23:43:53.863+0000] {dag.py:3490} INFO - Setting next_dagrun for example_task_group to 2023-05-16T23:43:53.863342+00:00, run_after=2023-05-17T23:43:53.863342+00:00
[2023-05-17T23:43:53.874+0000] {processor.py:179} INFO - Processing /home/airflow/.local/lib/python3.7/site-packages/airflow/example_dags/example_task_group.py took 0.045 seconds
[2023-05-17T23:44:24.609+0000] {processor.py:157} INFO - Started process (PID=509) to work on /home/airflow/.local/lib/python3.7/site-packages/airflow/example_dags/example_task_group.py
[2023-05-17T23:44:24.610+0000] {processor.py:826} INFO - Processing file /home/airflow/.local/lib/python3.7/site-packages/airflow/example_dags/example_task_group.py for tasks to queue
[2023-05-17T23:44:24.610+0000] {logging_mixin.py:149} INFO - [2023-05-17T23:44:24.610+0000] {dagbag.py:541} INFO - Filling up the DagBag from /home/airflow/.local/lib/python3.7/site-packages/airflow/example_dags/example_task_group.py
[2023-05-17T23:44:24.615+0000] {processor.py:836} INFO - DAG(s) dict_keys(['example_task_group']) retrieved from /home/airflow/.local/lib/python3.7/site-packages/airflow/example_dags/example_task_group.py
[2023-05-17T23:44:24.629+0000] {logging_mixin.py:149} INFO - [2023-05-17T23:44:24.629+0000] {dag.py:2726} INFO - Sync 1 DAGs
[2023-05-17T23:44:24.643+0000] {logging_mixin.py:149} INFO - [2023-05-17T23:44:24.643+0000] {dag.py:3490} INFO - Setting next_dagrun for example_task_group to 2023-05-16T23:44:24.643353+00:00, run_after=2023-05-17T23:44:24.643353+00:00
[2023-05-17T23:44:24.675+0000] {processor.py:179} INFO - Processing /home/airflow/.local/lib/python3.7/site-packages/airflow/example_dags/example_task_group.py took 0.068 seconds
[2023-05-17T23:44:55.163+0000] {processor.py:157} INFO - Started process (PID=573) to work on /home/airflow/.local/lib/python3.7/site-packages/airflow/example_dags/example_task_group.py
[2023-05-17T23:44:55.163+0000] {processor.py:826} INFO - Processing file /home/airflow/.local/lib/python3.7/site-packages/airflow/example_dags/example_task_group.py for tasks to queue
[2023-05-17T23:44:55.164+0000] {logging_mixin.py:149} INFO - [2023-05-17T23:44:55.164+0000] {dagbag.py:541} INFO - Filling up the DagBag from /home/airflow/.local/lib/python3.7/site-packages/airflow/example_dags/example_task_group.py
[2023-05-17T23:44:55.168+0000] {processor.py:836} INFO - DAG(s) dict_keys(['example_task_group']) retrieved from /home/airflow/.local/lib/python3.7/site-packages/airflow/example_dags/example_task_group.py
[2023-05-17T23:44:55.182+0000] {logging_mixin.py:149} INFO - [2023-05-17T23:44:55.182+0000] {dag.py:2726} INFO - Sync 1 DAGs
[2023-05-17T23:44:55.195+0000] {logging_mixin.py:149} INFO - [2023-05-17T23:44:55.195+0000] {dag.py:3490} INFO - Setting next_dagrun for example_task_group to 2023-05-16T23:44:55.195210+00:00, run_after=2023-05-17T23:44:55.195210+00:00
[2023-05-17T23:44:55.208+0000] {processor.py:179} INFO - Processing /home/airflow/.local/lib/python3.7/site-packages/airflow/example_dags/example_task_group.py took 0.047 seconds
[2023-05-17T23:45:25.735+0000] {processor.py:157} INFO - Started process (PID=637) to work on /home/airflow/.local/lib/python3.7/site-packages/airflow/example_dags/example_task_group.py
[2023-05-17T23:45:25.744+0000] {processor.py:826} INFO - Processing file /home/airflow/.local/lib/python3.7/site-packages/airflow/example_dags/example_task_group.py for tasks to queue
[2023-05-17T23:45:25.745+0000] {logging_mixin.py:149} INFO - [2023-05-17T23:45:25.745+0000] {dagbag.py:541} INFO - Filling up the DagBag from /home/airflow/.local/lib/python3.7/site-packages/airflow/example_dags/example_task_group.py
[2023-05-17T23:45:25.749+0000] {processor.py:836} INFO - DAG(s) dict_keys(['example_task_group']) retrieved from /home/airflow/.local/lib/python3.7/site-packages/airflow/example_dags/example_task_group.py
[2023-05-17T23:45:25.762+0000] {logging_mixin.py:149} INFO - [2023-05-17T23:45:25.762+0000] {dag.py:2726} INFO - Sync 1 DAGs
[2023-05-17T23:45:25.776+0000] {logging_mixin.py:149} INFO - [2023-05-17T23:45:25.776+0000] {dag.py:3490} INFO - Setting next_dagrun for example_task_group to 2023-05-16T23:45:25.775813+00:00, run_after=2023-05-17T23:45:25.775813+00:00
[2023-05-17T23:45:25.786+0000] {processor.py:179} INFO - Processing /home/airflow/.local/lib/python3.7/site-packages/airflow/example_dags/example_task_group.py took 0.054 seconds
[2023-05-17T23:45:56.540+0000] {processor.py:157} INFO - Started process (PID=701) to work on /home/airflow/.local/lib/python3.7/site-packages/airflow/example_dags/example_task_group.py
[2023-05-17T23:45:56.541+0000] {processor.py:826} INFO - Processing file /home/airflow/.local/lib/python3.7/site-packages/airflow/example_dags/example_task_group.py for tasks to queue
[2023-05-17T23:45:56.541+0000] {logging_mixin.py:149} INFO - [2023-05-17T23:45:56.541+0000] {dagbag.py:541} INFO - Filling up the DagBag from /home/airflow/.local/lib/python3.7/site-packages/airflow/example_dags/example_task_group.py
[2023-05-17T23:45:56.546+0000] {processor.py:836} INFO - DAG(s) dict_keys(['example_task_group']) retrieved from /home/airflow/.local/lib/python3.7/site-packages/airflow/example_dags/example_task_group.py
[2023-05-17T23:45:56.560+0000] {logging_mixin.py:149} INFO - [2023-05-17T23:45:56.560+0000] {dag.py:2726} INFO - Sync 1 DAGs
[2023-05-17T23:45:56.573+0000] {logging_mixin.py:149} INFO - [2023-05-17T23:45:56.573+0000] {dag.py:3490} INFO - Setting next_dagrun for example_task_group to 2023-05-16T23:45:56.573578+00:00, run_after=2023-05-17T23:45:56.573578+00:00
[2023-05-17T23:45:56.605+0000] {processor.py:179} INFO - Processing /home/airflow/.local/lib/python3.7/site-packages/airflow/example_dags/example_task_group.py took 0.067 seconds
[2023-05-17T23:46:27.109+0000] {processor.py:157} INFO - Started process (PID=765) to work on /home/airflow/.local/lib/python3.7/site-packages/airflow/example_dags/example_task_group.py
[2023-05-17T23:46:27.121+0000] {processor.py:826} INFO - Processing file /home/airflow/.local/lib/python3.7/site-packages/airflow/example_dags/example_task_group.py for tasks to queue
[2023-05-17T23:46:27.121+0000] {logging_mixin.py:149} INFO - [2023-05-17T23:46:27.121+0000] {dagbag.py:541} INFO - Filling up the DagBag from /home/airflow/.local/lib/python3.7/site-packages/airflow/example_dags/example_task_group.py
[2023-05-17T23:46:27.126+0000] {processor.py:836} INFO - DAG(s) dict_keys(['example_task_group']) retrieved from /home/airflow/.local/lib/python3.7/site-packages/airflow/example_dags/example_task_group.py
[2023-05-17T23:46:27.139+0000] {logging_mixin.py:149} INFO - [2023-05-17T23:46:27.139+0000] {dag.py:2726} INFO - Sync 1 DAGs
[2023-05-17T23:46:27.152+0000] {logging_mixin.py:149} INFO - [2023-05-17T23:46:27.152+0000] {dag.py:3490} INFO - Setting next_dagrun for example_task_group to 2023-05-16T23:46:27.152146+00:00, run_after=2023-05-17T23:46:27.152146+00:00
[2023-05-17T23:46:27.163+0000] {processor.py:179} INFO - Processing /home/airflow/.local/lib/python3.7/site-packages/airflow/example_dags/example_task_group.py took 0.056 seconds
[2023-05-17T23:46:57.692+0000] {processor.py:157} INFO - Started process (PID=829) to work on /home/airflow/.local/lib/python3.7/site-packages/airflow/example_dags/example_task_group.py
[2023-05-17T23:46:57.693+0000] {processor.py:826} INFO - Processing file /home/airflow/.local/lib/python3.7/site-packages/airflow/example_dags/example_task_group.py for tasks to queue
[2023-05-17T23:46:57.694+0000] {logging_mixin.py:149} INFO - [2023-05-17T23:46:57.694+0000] {dagbag.py:541} INFO - Filling up the DagBag from /home/airflow/.local/lib/python3.7/site-packages/airflow/example_dags/example_task_group.py
[2023-05-17T23:46:57.699+0000] {processor.py:836} INFO - DAG(s) dict_keys(['example_task_group']) retrieved from /home/airflow/.local/lib/python3.7/site-packages/airflow/example_dags/example_task_group.py
[2023-05-17T23:46:57.713+0000] {logging_mixin.py:149} INFO - [2023-05-17T23:46:57.713+0000] {dag.py:2726} INFO - Sync 1 DAGs
[2023-05-17T23:46:57.727+0000] {logging_mixin.py:149} INFO - [2023-05-17T23:46:57.727+0000] {dag.py:3490} INFO - Setting next_dagrun for example_task_group to 2023-05-16T23:46:57.726825+00:00, run_after=2023-05-17T23:46:57.726825+00:00
[2023-05-17T23:46:57.759+0000] {processor.py:179} INFO - Processing /home/airflow/.local/lib/python3.7/site-packages/airflow/example_dags/example_task_group.py took 0.068 seconds
[2023-05-17T23:48:21.295+0000] {processor.py:157} INFO - Started process (PID=61) to work on /home/airflow/.local/lib/python3.7/site-packages/airflow/example_dags/example_task_group.py
[2023-05-17T23:48:21.306+0000] {processor.py:826} INFO - Processing file /home/airflow/.local/lib/python3.7/site-packages/airflow/example_dags/example_task_group.py for tasks to queue
[2023-05-17T23:48:21.306+0000] {logging_mixin.py:149} INFO - [2023-05-17T23:48:21.306+0000] {dagbag.py:541} INFO - Filling up the DagBag from /home/airflow/.local/lib/python3.7/site-packages/airflow/example_dags/example_task_group.py
[2023-05-17T23:48:21.310+0000] {processor.py:836} INFO - DAG(s) dict_keys(['example_task_group']) retrieved from /home/airflow/.local/lib/python3.7/site-packages/airflow/example_dags/example_task_group.py
[2023-05-17T23:48:21.318+0000] {logging_mixin.py:149} INFO - [2023-05-17T23:48:21.318+0000] {dag.py:2726} INFO - Sync 1 DAGs
[2023-05-17T23:48:21.332+0000] {logging_mixin.py:149} INFO - [2023-05-17T23:48:21.332+0000] {dag.py:3490} INFO - Setting next_dagrun for example_task_group to 2023-05-16T23:48:21.332362+00:00, run_after=2023-05-17T23:48:21.332362+00:00
[2023-05-17T23:48:21.345+0000] {processor.py:179} INFO - Processing /home/airflow/.local/lib/python3.7/site-packages/airflow/example_dags/example_task_group.py took 0.052 seconds
[2023-05-17T23:48:52.674+0000] {processor.py:157} INFO - Started process (PID=125) to work on /home/airflow/.local/lib/python3.7/site-packages/airflow/example_dags/example_task_group.py
[2023-05-17T23:48:52.675+0000] {processor.py:826} INFO - Processing file /home/airflow/.local/lib/python3.7/site-packages/airflow/example_dags/example_task_group.py for tasks to queue
[2023-05-17T23:48:52.676+0000] {logging_mixin.py:149} INFO - [2023-05-17T23:48:52.676+0000] {dagbag.py:541} INFO - Filling up the DagBag from /home/airflow/.local/lib/python3.7/site-packages/airflow/example_dags/example_task_group.py
[2023-05-17T23:48:52.682+0000] {processor.py:836} INFO - DAG(s) dict_keys(['example_task_group']) retrieved from /home/airflow/.local/lib/python3.7/site-packages/airflow/example_dags/example_task_group.py
[2023-05-17T23:48:52.707+0000] {logging_mixin.py:149} INFO - [2023-05-17T23:48:52.707+0000] {dag.py:2726} INFO - Sync 1 DAGs
[2023-05-17T23:48:52.730+0000] {logging_mixin.py:149} INFO - [2023-05-17T23:48:52.730+0000] {dag.py:3490} INFO - Setting next_dagrun for example_task_group to 2023-05-16T23:48:52.730169+00:00, run_after=2023-05-17T23:48:52.730169+00:00
[2023-05-17T23:48:52.750+0000] {processor.py:179} INFO - Processing /home/airflow/.local/lib/python3.7/site-packages/airflow/example_dags/example_task_group.py took 0.077 seconds
[2023-05-17T23:49:23.490+0000] {processor.py:157} INFO - Started process (PID=189) to work on /home/airflow/.local/lib/python3.7/site-packages/airflow/example_dags/example_task_group.py
[2023-05-17T23:49:23.491+0000] {processor.py:826} INFO - Processing file /home/airflow/.local/lib/python3.7/site-packages/airflow/example_dags/example_task_group.py for tasks to queue
[2023-05-17T23:49:23.491+0000] {logging_mixin.py:149} INFO - [2023-05-17T23:49:23.491+0000] {dagbag.py:541} INFO - Filling up the DagBag from /home/airflow/.local/lib/python3.7/site-packages/airflow/example_dags/example_task_group.py
[2023-05-17T23:49:23.496+0000] {processor.py:836} INFO - DAG(s) dict_keys(['example_task_group']) retrieved from /home/airflow/.local/lib/python3.7/site-packages/airflow/example_dags/example_task_group.py
[2023-05-17T23:49:23.512+0000] {logging_mixin.py:149} INFO - [2023-05-17T23:49:23.512+0000] {dag.py:2726} INFO - Sync 1 DAGs
[2023-05-17T23:49:23.596+0000] {logging_mixin.py:149} INFO - [2023-05-17T23:49:23.596+0000] {dag.py:3490} INFO - Setting next_dagrun for example_task_group to 2023-05-16T23:49:23.596407+00:00, run_after=2023-05-17T23:49:23.596407+00:00
[2023-05-17T23:49:23.621+0000] {processor.py:179} INFO - Processing /home/airflow/.local/lib/python3.7/site-packages/airflow/example_dags/example_task_group.py took 0.133 seconds
[2023-05-17T23:49:53.980+0000] {processor.py:157} INFO - Started process (PID=253) to work on /home/airflow/.local/lib/python3.7/site-packages/airflow/example_dags/example_task_group.py
[2023-05-17T23:49:53.981+0000] {processor.py:826} INFO - Processing file /home/airflow/.local/lib/python3.7/site-packages/airflow/example_dags/example_task_group.py for tasks to queue
[2023-05-17T23:49:53.981+0000] {logging_mixin.py:149} INFO - [2023-05-17T23:49:53.981+0000] {dagbag.py:541} INFO - Filling up the DagBag from /home/airflow/.local/lib/python3.7/site-packages/airflow/example_dags/example_task_group.py
[2023-05-17T23:49:53.986+0000] {processor.py:836} INFO - DAG(s) dict_keys(['example_task_group']) retrieved from /home/airflow/.local/lib/python3.7/site-packages/airflow/example_dags/example_task_group.py
[2023-05-17T23:49:54.000+0000] {logging_mixin.py:149} INFO - [2023-05-17T23:49:54.000+0000] {dag.py:2726} INFO - Sync 1 DAGs
[2023-05-17T23:49:54.013+0000] {logging_mixin.py:149} INFO - [2023-05-17T23:49:54.013+0000] {dag.py:3490} INFO - Setting next_dagrun for example_task_group to 2023-05-16T23:49:54.013662+00:00, run_after=2023-05-17T23:49:54.013662+00:00
[2023-05-17T23:49:54.024+0000] {processor.py:179} INFO - Processing /home/airflow/.local/lib/python3.7/site-packages/airflow/example_dags/example_task_group.py took 0.046 seconds
[2023-05-17T23:50:24.751+0000] {processor.py:157} INFO - Started process (PID=317) to work on /home/airflow/.local/lib/python3.7/site-packages/airflow/example_dags/example_task_group.py
[2023-05-17T23:50:24.760+0000] {processor.py:826} INFO - Processing file /home/airflow/.local/lib/python3.7/site-packages/airflow/example_dags/example_task_group.py for tasks to queue
[2023-05-17T23:50:24.761+0000] {logging_mixin.py:149} INFO - [2023-05-17T23:50:24.760+0000] {dagbag.py:541} INFO - Filling up the DagBag from /home/airflow/.local/lib/python3.7/site-packages/airflow/example_dags/example_task_group.py
[2023-05-17T23:50:24.765+0000] {processor.py:836} INFO - DAG(s) dict_keys(['example_task_group']) retrieved from /home/airflow/.local/lib/python3.7/site-packages/airflow/example_dags/example_task_group.py
[2023-05-17T23:50:24.780+0000] {logging_mixin.py:149} INFO - [2023-05-17T23:50:24.780+0000] {dag.py:2726} INFO - Sync 1 DAGs
[2023-05-17T23:50:24.793+0000] {logging_mixin.py:149} INFO - [2023-05-17T23:50:24.793+0000] {dag.py:3490} INFO - Setting next_dagrun for example_task_group to 2023-05-16T23:50:24.792965+00:00, run_after=2023-05-17T23:50:24.792965+00:00
[2023-05-17T23:50:24.806+0000] {processor.py:179} INFO - Processing /home/airflow/.local/lib/python3.7/site-packages/airflow/example_dags/example_task_group.py took 0.057 seconds
[2023-05-17T23:50:55.353+0000] {processor.py:157} INFO - Started process (PID=381) to work on /home/airflow/.local/lib/python3.7/site-packages/airflow/example_dags/example_task_group.py
[2023-05-17T23:50:55.354+0000] {processor.py:826} INFO - Processing file /home/airflow/.local/lib/python3.7/site-packages/airflow/example_dags/example_task_group.py for tasks to queue
[2023-05-17T23:50:55.354+0000] {logging_mixin.py:149} INFO - [2023-05-17T23:50:55.354+0000] {dagbag.py:541} INFO - Filling up the DagBag from /home/airflow/.local/lib/python3.7/site-packages/airflow/example_dags/example_task_group.py
[2023-05-17T23:50:55.358+0000] {processor.py:836} INFO - DAG(s) dict_keys(['example_task_group']) retrieved from /home/airflow/.local/lib/python3.7/site-packages/airflow/example_dags/example_task_group.py
[2023-05-17T23:50:55.372+0000] {logging_mixin.py:149} INFO - [2023-05-17T23:50:55.372+0000] {dag.py:2726} INFO - Sync 1 DAGs
[2023-05-17T23:50:55.385+0000] {logging_mixin.py:149} INFO - [2023-05-17T23:50:55.385+0000] {dag.py:3490} INFO - Setting next_dagrun for example_task_group to 2023-05-16T23:50:55.385148+00:00, run_after=2023-05-17T23:50:55.385148+00:00
[2023-05-17T23:50:55.396+0000] {processor.py:179} INFO - Processing /home/airflow/.local/lib/python3.7/site-packages/airflow/example_dags/example_task_group.py took 0.045 seconds
[2023-05-17T23:51:25.931+0000] {processor.py:157} INFO - Started process (PID=445) to work on /home/airflow/.local/lib/python3.7/site-packages/airflow/example_dags/example_task_group.py
[2023-05-17T23:51:25.931+0000] {processor.py:826} INFO - Processing file /home/airflow/.local/lib/python3.7/site-packages/airflow/example_dags/example_task_group.py for tasks to queue
[2023-05-17T23:51:25.932+0000] {logging_mixin.py:149} INFO - [2023-05-17T23:51:25.932+0000] {dagbag.py:541} INFO - Filling up the DagBag from /home/airflow/.local/lib/python3.7/site-packages/airflow/example_dags/example_task_group.py
[2023-05-17T23:51:25.936+0000] {processor.py:836} INFO - DAG(s) dict_keys(['example_task_group']) retrieved from /home/airflow/.local/lib/python3.7/site-packages/airflow/example_dags/example_task_group.py
[2023-05-17T23:51:25.950+0000] {logging_mixin.py:149} INFO - [2023-05-17T23:51:25.950+0000] {dag.py:2726} INFO - Sync 1 DAGs
[2023-05-17T23:51:25.963+0000] {logging_mixin.py:149} INFO - [2023-05-17T23:51:25.963+0000] {dag.py:3490} INFO - Setting next_dagrun for example_task_group to 2023-05-16T23:51:25.963427+00:00, run_after=2023-05-17T23:51:25.963427+00:00
[2023-05-17T23:51:25.974+0000] {processor.py:179} INFO - Processing /home/airflow/.local/lib/python3.7/site-packages/airflow/example_dags/example_task_group.py took 0.045 seconds
[2023-05-17T23:51:56.671+0000] {processor.py:157} INFO - Started process (PID=509) to work on /home/airflow/.local/lib/python3.7/site-packages/airflow/example_dags/example_task_group.py
[2023-05-17T23:51:56.672+0000] {processor.py:826} INFO - Processing file /home/airflow/.local/lib/python3.7/site-packages/airflow/example_dags/example_task_group.py for tasks to queue
[2023-05-17T23:51:56.672+0000] {logging_mixin.py:149} INFO - [2023-05-17T23:51:56.672+0000] {dagbag.py:541} INFO - Filling up the DagBag from /home/airflow/.local/lib/python3.7/site-packages/airflow/example_dags/example_task_group.py
[2023-05-17T23:51:56.678+0000] {processor.py:836} INFO - DAG(s) dict_keys(['example_task_group']) retrieved from /home/airflow/.local/lib/python3.7/site-packages/airflow/example_dags/example_task_group.py
[2023-05-17T23:51:56.694+0000] {logging_mixin.py:149} INFO - [2023-05-17T23:51:56.694+0000] {dag.py:2726} INFO - Sync 1 DAGs
[2023-05-17T23:51:56.712+0000] {logging_mixin.py:149} INFO - [2023-05-17T23:51:56.711+0000] {dag.py:3490} INFO - Setting next_dagrun for example_task_group to 2023-05-16T23:51:56.711673+00:00, run_after=2023-05-17T23:51:56.711673+00:00
[2023-05-17T23:51:56.740+0000] {processor.py:179} INFO - Processing /home/airflow/.local/lib/python3.7/site-packages/airflow/example_dags/example_task_group.py took 0.072 seconds
[2023-05-17T23:52:27.351+0000] {processor.py:157} INFO - Started process (PID=573) to work on /home/airflow/.local/lib/python3.7/site-packages/airflow/example_dags/example_task_group.py
[2023-05-17T23:52:27.352+0000] {processor.py:826} INFO - Processing file /home/airflow/.local/lib/python3.7/site-packages/airflow/example_dags/example_task_group.py for tasks to queue
[2023-05-17T23:52:27.352+0000] {logging_mixin.py:149} INFO - [2023-05-17T23:52:27.352+0000] {dagbag.py:541} INFO - Filling up the DagBag from /home/airflow/.local/lib/python3.7/site-packages/airflow/example_dags/example_task_group.py
[2023-05-17T23:52:27.357+0000] {processor.py:836} INFO - DAG(s) dict_keys(['example_task_group']) retrieved from /home/airflow/.local/lib/python3.7/site-packages/airflow/example_dags/example_task_group.py
[2023-05-17T23:52:27.371+0000] {logging_mixin.py:149} INFO - [2023-05-17T23:52:27.371+0000] {dag.py:2726} INFO - Sync 1 DAGs
[2023-05-17T23:52:27.386+0000] {logging_mixin.py:149} INFO - [2023-05-17T23:52:27.385+0000] {dag.py:3490} INFO - Setting next_dagrun for example_task_group to 2023-05-16T23:52:27.385772+00:00, run_after=2023-05-17T23:52:27.385772+00:00
[2023-05-17T23:52:27.397+0000] {processor.py:179} INFO - Processing /home/airflow/.local/lib/python3.7/site-packages/airflow/example_dags/example_task_group.py took 0.049 seconds
[2023-05-17T23:52:58.121+0000] {processor.py:157} INFO - Started process (PID=637) to work on /home/airflow/.local/lib/python3.7/site-packages/airflow/example_dags/example_task_group.py
[2023-05-17T23:52:58.127+0000] {processor.py:826} INFO - Processing file /home/airflow/.local/lib/python3.7/site-packages/airflow/example_dags/example_task_group.py for tasks to queue
[2023-05-17T23:52:58.128+0000] {logging_mixin.py:149} INFO - [2023-05-17T23:52:58.128+0000] {dagbag.py:541} INFO - Filling up the DagBag from /home/airflow/.local/lib/python3.7/site-packages/airflow/example_dags/example_task_group.py
[2023-05-17T23:52:58.133+0000] {processor.py:836} INFO - DAG(s) dict_keys(['example_task_group']) retrieved from /home/airflow/.local/lib/python3.7/site-packages/airflow/example_dags/example_task_group.py
[2023-05-17T23:52:58.153+0000] {logging_mixin.py:149} INFO - [2023-05-17T23:52:58.153+0000] {dag.py:2726} INFO - Sync 1 DAGs
[2023-05-17T23:52:58.170+0000] {logging_mixin.py:149} INFO - [2023-05-17T23:52:58.170+0000] {dag.py:3490} INFO - Setting next_dagrun for example_task_group to 2023-05-16T23:52:58.170240+00:00, run_after=2023-05-17T23:52:58.170240+00:00
[2023-05-17T23:52:58.193+0000] {processor.py:179} INFO - Processing /home/airflow/.local/lib/python3.7/site-packages/airflow/example_dags/example_task_group.py took 0.073 seconds
[2023-05-17T23:53:28.274+0000] {processor.py:157} INFO - Started process (PID=701) to work on /home/airflow/.local/lib/python3.7/site-packages/airflow/example_dags/example_task_group.py
[2023-05-17T23:53:28.275+0000] {processor.py:826} INFO - Processing file /home/airflow/.local/lib/python3.7/site-packages/airflow/example_dags/example_task_group.py for tasks to queue
[2023-05-17T23:53:28.275+0000] {logging_mixin.py:149} INFO - [2023-05-17T23:53:28.275+0000] {dagbag.py:541} INFO - Filling up the DagBag from /home/airflow/.local/lib/python3.7/site-packages/airflow/example_dags/example_task_group.py
[2023-05-17T23:53:28.280+0000] {processor.py:836} INFO - DAG(s) dict_keys(['example_task_group']) retrieved from /home/airflow/.local/lib/python3.7/site-packages/airflow/example_dags/example_task_group.py
[2023-05-17T23:53:28.293+0000] {logging_mixin.py:149} INFO - [2023-05-17T23:53:28.293+0000] {dag.py:2726} INFO - Sync 1 DAGs
[2023-05-17T23:53:28.305+0000] {logging_mixin.py:149} INFO - [2023-05-17T23:53:28.305+0000] {dag.py:3490} INFO - Setting next_dagrun for example_task_group to 2023-05-16T23:53:28.305386+00:00, run_after=2023-05-17T23:53:28.305386+00:00
[2023-05-17T23:53:28.316+0000] {processor.py:179} INFO - Processing /home/airflow/.local/lib/python3.7/site-packages/airflow/example_dags/example_task_group.py took 0.043 seconds
[2023-05-17T23:53:58.977+0000] {processor.py:157} INFO - Started process (PID=765) to work on /home/airflow/.local/lib/python3.7/site-packages/airflow/example_dags/example_task_group.py
[2023-05-17T23:53:58.978+0000] {processor.py:826} INFO - Processing file /home/airflow/.local/lib/python3.7/site-packages/airflow/example_dags/example_task_group.py for tasks to queue
[2023-05-17T23:53:58.978+0000] {logging_mixin.py:149} INFO - [2023-05-17T23:53:58.978+0000] {dagbag.py:541} INFO - Filling up the DagBag from /home/airflow/.local/lib/python3.7/site-packages/airflow/example_dags/example_task_group.py
[2023-05-17T23:53:58.982+0000] {processor.py:836} INFO - DAG(s) dict_keys(['example_task_group']) retrieved from /home/airflow/.local/lib/python3.7/site-packages/airflow/example_dags/example_task_group.py
[2023-05-17T23:53:58.996+0000] {logging_mixin.py:149} INFO - [2023-05-17T23:53:58.996+0000] {dag.py:2726} INFO - Sync 1 DAGs
[2023-05-17T23:53:59.010+0000] {logging_mixin.py:149} INFO - [2023-05-17T23:53:59.010+0000] {dag.py:3490} INFO - Setting next_dagrun for example_task_group to 2023-05-16T23:53:59.010585+00:00, run_after=2023-05-17T23:53:59.010585+00:00
[2023-05-17T23:53:59.022+0000] {processor.py:179} INFO - Processing /home/airflow/.local/lib/python3.7/site-packages/airflow/example_dags/example_task_group.py took 0.046 seconds
[2023-05-17T23:54:29.585+0000] {processor.py:157} INFO - Started process (PID=829) to work on /home/airflow/.local/lib/python3.7/site-packages/airflow/example_dags/example_task_group.py
[2023-05-17T23:54:29.595+0000] {processor.py:826} INFO - Processing file /home/airflow/.local/lib/python3.7/site-packages/airflow/example_dags/example_task_group.py for tasks to queue
[2023-05-17T23:54:29.595+0000] {logging_mixin.py:149} INFO - [2023-05-17T23:54:29.595+0000] {dagbag.py:541} INFO - Filling up the DagBag from /home/airflow/.local/lib/python3.7/site-packages/airflow/example_dags/example_task_group.py
[2023-05-17T23:54:29.599+0000] {processor.py:836} INFO - DAG(s) dict_keys(['example_task_group']) retrieved from /home/airflow/.local/lib/python3.7/site-packages/airflow/example_dags/example_task_group.py
[2023-05-17T23:54:29.613+0000] {logging_mixin.py:149} INFO - [2023-05-17T23:54:29.613+0000] {dag.py:2726} INFO - Sync 1 DAGs
[2023-05-17T23:54:29.627+0000] {logging_mixin.py:149} INFO - [2023-05-17T23:54:29.627+0000] {dag.py:3490} INFO - Setting next_dagrun for example_task_group to 2023-05-16T23:54:29.626845+00:00, run_after=2023-05-17T23:54:29.626845+00:00
[2023-05-17T23:54:29.638+0000] {processor.py:179} INFO - Processing /home/airflow/.local/lib/python3.7/site-packages/airflow/example_dags/example_task_group.py took 0.056 seconds
[2023-05-17T23:55:00.204+0000] {processor.py:157} INFO - Started process (PID=893) to work on /home/airflow/.local/lib/python3.7/site-packages/airflow/example_dags/example_task_group.py
[2023-05-17T23:55:00.205+0000] {processor.py:826} INFO - Processing file /home/airflow/.local/lib/python3.7/site-packages/airflow/example_dags/example_task_group.py for tasks to queue
[2023-05-17T23:55:00.205+0000] {logging_mixin.py:149} INFO - [2023-05-17T23:55:00.205+0000] {dagbag.py:541} INFO - Filling up the DagBag from /home/airflow/.local/lib/python3.7/site-packages/airflow/example_dags/example_task_group.py
[2023-05-17T23:55:00.210+0000] {processor.py:836} INFO - DAG(s) dict_keys(['example_task_group']) retrieved from /home/airflow/.local/lib/python3.7/site-packages/airflow/example_dags/example_task_group.py
[2023-05-17T23:55:00.224+0000] {logging_mixin.py:149} INFO - [2023-05-17T23:55:00.224+0000] {dag.py:2726} INFO - Sync 1 DAGs
[2023-05-17T23:55:00.238+0000] {logging_mixin.py:149} INFO - [2023-05-17T23:55:00.238+0000] {dag.py:3490} INFO - Setting next_dagrun for example_task_group to 2023-05-16T23:55:00.238051+00:00, run_after=2023-05-17T23:55:00.238051+00:00
[2023-05-17T23:55:00.252+0000] {processor.py:179} INFO - Processing /home/airflow/.local/lib/python3.7/site-packages/airflow/example_dags/example_task_group.py took 0.049 seconds
[2023-05-17T23:55:30.799+0000] {processor.py:157} INFO - Started process (PID=957) to work on /home/airflow/.local/lib/python3.7/site-packages/airflow/example_dags/example_task_group.py
[2023-05-17T23:55:30.800+0000] {processor.py:826} INFO - Processing file /home/airflow/.local/lib/python3.7/site-packages/airflow/example_dags/example_task_group.py for tasks to queue
[2023-05-17T23:55:30.800+0000] {logging_mixin.py:149} INFO - [2023-05-17T23:55:30.800+0000] {dagbag.py:541} INFO - Filling up the DagBag from /home/airflow/.local/lib/python3.7/site-packages/airflow/example_dags/example_task_group.py
[2023-05-17T23:55:30.804+0000] {processor.py:836} INFO - DAG(s) dict_keys(['example_task_group']) retrieved from /home/airflow/.local/lib/python3.7/site-packages/airflow/example_dags/example_task_group.py
[2023-05-17T23:55:30.820+0000] {logging_mixin.py:149} INFO - [2023-05-17T23:55:30.820+0000] {dag.py:2726} INFO - Sync 1 DAGs
[2023-05-17T23:55:30.834+0000] {logging_mixin.py:149} INFO - [2023-05-17T23:55:30.833+0000] {dag.py:3490} INFO - Setting next_dagrun for example_task_group to 2023-05-16T23:55:30.833750+00:00, run_after=2023-05-17T23:55:30.833750+00:00
[2023-05-17T23:55:30.865+0000] {processor.py:179} INFO - Processing /home/airflow/.local/lib/python3.7/site-packages/airflow/example_dags/example_task_group.py took 0.068 seconds
[2023-05-17T23:56:01.500+0000] {processor.py:157} INFO - Started process (PID=1021) to work on /home/airflow/.local/lib/python3.7/site-packages/airflow/example_dags/example_task_group.py
[2023-05-17T23:56:01.501+0000] {processor.py:826} INFO - Processing file /home/airflow/.local/lib/python3.7/site-packages/airflow/example_dags/example_task_group.py for tasks to queue
[2023-05-17T23:56:01.501+0000] {logging_mixin.py:149} INFO - [2023-05-17T23:56:01.501+0000] {dagbag.py:541} INFO - Filling up the DagBag from /home/airflow/.local/lib/python3.7/site-packages/airflow/example_dags/example_task_group.py
[2023-05-17T23:56:01.506+0000] {processor.py:836} INFO - DAG(s) dict_keys(['example_task_group']) retrieved from /home/airflow/.local/lib/python3.7/site-packages/airflow/example_dags/example_task_group.py
[2023-05-17T23:56:01.522+0000] {logging_mixin.py:149} INFO - [2023-05-17T23:56:01.522+0000] {dag.py:2726} INFO - Sync 1 DAGs
[2023-05-17T23:56:01.536+0000] {logging_mixin.py:149} INFO - [2023-05-17T23:56:01.536+0000] {dag.py:3490} INFO - Setting next_dagrun for example_task_group to 2023-05-16T23:56:01.536519+00:00, run_after=2023-05-17T23:56:01.536519+00:00
[2023-05-17T23:56:01.572+0000] {processor.py:179} INFO - Processing /home/airflow/.local/lib/python3.7/site-packages/airflow/example_dags/example_task_group.py took 0.075 seconds
[2023-05-17T23:56:32.157+0000] {processor.py:157} INFO - Started process (PID=1085) to work on /home/airflow/.local/lib/python3.7/site-packages/airflow/example_dags/example_task_group.py
[2023-05-17T23:56:32.158+0000] {processor.py:826} INFO - Processing file /home/airflow/.local/lib/python3.7/site-packages/airflow/example_dags/example_task_group.py for tasks to queue
[2023-05-17T23:56:32.159+0000] {logging_mixin.py:149} INFO - [2023-05-17T23:56:32.159+0000] {dagbag.py:541} INFO - Filling up the DagBag from /home/airflow/.local/lib/python3.7/site-packages/airflow/example_dags/example_task_group.py
[2023-05-17T23:56:32.164+0000] {processor.py:836} INFO - DAG(s) dict_keys(['example_task_group']) retrieved from /home/airflow/.local/lib/python3.7/site-packages/airflow/example_dags/example_task_group.py
[2023-05-17T23:56:32.180+0000] {logging_mixin.py:149} INFO - [2023-05-17T23:56:32.180+0000] {dag.py:2726} INFO - Sync 1 DAGs
[2023-05-17T23:56:32.194+0000] {logging_mixin.py:149} INFO - [2023-05-17T23:56:32.194+0000] {dag.py:3490} INFO - Setting next_dagrun for example_task_group to 2023-05-16T23:56:32.194132+00:00, run_after=2023-05-17T23:56:32.194132+00:00
[2023-05-17T23:56:32.206+0000] {processor.py:179} INFO - Processing /home/airflow/.local/lib/python3.7/site-packages/airflow/example_dags/example_task_group.py took 0.050 seconds
[2023-05-17T23:57:02.825+0000] {processor.py:157} INFO - Started process (PID=1149) to work on /home/airflow/.local/lib/python3.7/site-packages/airflow/example_dags/example_task_group.py
[2023-05-17T23:57:02.826+0000] {processor.py:826} INFO - Processing file /home/airflow/.local/lib/python3.7/site-packages/airflow/example_dags/example_task_group.py for tasks to queue
[2023-05-17T23:57:02.827+0000] {logging_mixin.py:149} INFO - [2023-05-17T23:57:02.827+0000] {dagbag.py:541} INFO - Filling up the DagBag from /home/airflow/.local/lib/python3.7/site-packages/airflow/example_dags/example_task_group.py
[2023-05-17T23:57:02.831+0000] {processor.py:836} INFO - DAG(s) dict_keys(['example_task_group']) retrieved from /home/airflow/.local/lib/python3.7/site-packages/airflow/example_dags/example_task_group.py
[2023-05-17T23:57:02.845+0000] {logging_mixin.py:149} INFO - [2023-05-17T23:57:02.845+0000] {dag.py:2726} INFO - Sync 1 DAGs
[2023-05-17T23:57:02.858+0000] {logging_mixin.py:149} INFO - [2023-05-17T23:57:02.858+0000] {dag.py:3490} INFO - Setting next_dagrun for example_task_group to 2023-05-16T23:57:02.858648+00:00, run_after=2023-05-17T23:57:02.858648+00:00
[2023-05-17T23:57:02.870+0000] {processor.py:179} INFO - Processing /home/airflow/.local/lib/python3.7/site-packages/airflow/example_dags/example_task_group.py took 0.047 seconds
[2023-05-17T23:57:33.385+0000] {processor.py:157} INFO - Started process (PID=1213) to work on /home/airflow/.local/lib/python3.7/site-packages/airflow/example_dags/example_task_group.py
[2023-05-17T23:57:33.386+0000] {processor.py:826} INFO - Processing file /home/airflow/.local/lib/python3.7/site-packages/airflow/example_dags/example_task_group.py for tasks to queue
[2023-05-17T23:57:33.386+0000] {logging_mixin.py:149} INFO - [2023-05-17T23:57:33.386+0000] {dagbag.py:541} INFO - Filling up the DagBag from /home/airflow/.local/lib/python3.7/site-packages/airflow/example_dags/example_task_group.py
[2023-05-17T23:57:33.391+0000] {processor.py:836} INFO - DAG(s) dict_keys(['example_task_group']) retrieved from /home/airflow/.local/lib/python3.7/site-packages/airflow/example_dags/example_task_group.py
[2023-05-17T23:57:33.406+0000] {logging_mixin.py:149} INFO - [2023-05-17T23:57:33.406+0000] {dag.py:2726} INFO - Sync 1 DAGs
[2023-05-17T23:57:33.421+0000] {logging_mixin.py:149} INFO - [2023-05-17T23:57:33.421+0000] {dag.py:3490} INFO - Setting next_dagrun for example_task_group to 2023-05-16T23:57:33.420844+00:00, run_after=2023-05-17T23:57:33.420844+00:00
[2023-05-17T23:57:33.434+0000] {processor.py:179} INFO - Processing /home/airflow/.local/lib/python3.7/site-packages/airflow/example_dags/example_task_group.py took 0.051 seconds
[2023-05-17T23:58:04.212+0000] {processor.py:157} INFO - Started process (PID=1277) to work on /home/airflow/.local/lib/python3.7/site-packages/airflow/example_dags/example_task_group.py
[2023-05-17T23:58:04.213+0000] {processor.py:826} INFO - Processing file /home/airflow/.local/lib/python3.7/site-packages/airflow/example_dags/example_task_group.py for tasks to queue
[2023-05-17T23:58:04.213+0000] {logging_mixin.py:149} INFO - [2023-05-17T23:58:04.213+0000] {dagbag.py:541} INFO - Filling up the DagBag from /home/airflow/.local/lib/python3.7/site-packages/airflow/example_dags/example_task_group.py
[2023-05-17T23:58:04.217+0000] {processor.py:836} INFO - DAG(s) dict_keys(['example_task_group']) retrieved from /home/airflow/.local/lib/python3.7/site-packages/airflow/example_dags/example_task_group.py
[2023-05-17T23:58:04.231+0000] {logging_mixin.py:149} INFO - [2023-05-17T23:58:04.231+0000] {dag.py:2726} INFO - Sync 1 DAGs
[2023-05-17T23:58:04.245+0000] {logging_mixin.py:149} INFO - [2023-05-17T23:58:04.245+0000] {dag.py:3490} INFO - Setting next_dagrun for example_task_group to 2023-05-16T23:58:04.245042+00:00, run_after=2023-05-17T23:58:04.245042+00:00
[2023-05-17T23:58:04.256+0000] {processor.py:179} INFO - Processing /home/airflow/.local/lib/python3.7/site-packages/airflow/example_dags/example_task_group.py took 0.046 seconds
[2023-05-17T23:58:34.800+0000] {processor.py:157} INFO - Started process (PID=1341) to work on /home/airflow/.local/lib/python3.7/site-packages/airflow/example_dags/example_task_group.py
[2023-05-17T23:58:34.800+0000] {processor.py:826} INFO - Processing file /home/airflow/.local/lib/python3.7/site-packages/airflow/example_dags/example_task_group.py for tasks to queue
[2023-05-17T23:58:34.801+0000] {logging_mixin.py:149} INFO - [2023-05-17T23:58:34.801+0000] {dagbag.py:541} INFO - Filling up the DagBag from /home/airflow/.local/lib/python3.7/site-packages/airflow/example_dags/example_task_group.py
[2023-05-17T23:58:34.805+0000] {processor.py:836} INFO - DAG(s) dict_keys(['example_task_group']) retrieved from /home/airflow/.local/lib/python3.7/site-packages/airflow/example_dags/example_task_group.py
[2023-05-17T23:58:34.819+0000] {logging_mixin.py:149} INFO - [2023-05-17T23:58:34.819+0000] {dag.py:2726} INFO - Sync 1 DAGs
[2023-05-17T23:58:34.832+0000] {logging_mixin.py:149} INFO - [2023-05-17T23:58:34.832+0000] {dag.py:3490} INFO - Setting next_dagrun for example_task_group to 2023-05-16T23:58:34.831875+00:00, run_after=2023-05-17T23:58:34.831875+00:00
[2023-05-17T23:58:34.843+0000] {processor.py:179} INFO - Processing /home/airflow/.local/lib/python3.7/site-packages/airflow/example_dags/example_task_group.py took 0.045 seconds
[2023-05-17T23:59:05.369+0000] {processor.py:157} INFO - Started process (PID=1405) to work on /home/airflow/.local/lib/python3.7/site-packages/airflow/example_dags/example_task_group.py
[2023-05-17T23:59:05.369+0000] {processor.py:826} INFO - Processing file /home/airflow/.local/lib/python3.7/site-packages/airflow/example_dags/example_task_group.py for tasks to queue
[2023-05-17T23:59:05.370+0000] {logging_mixin.py:149} INFO - [2023-05-17T23:59:05.370+0000] {dagbag.py:541} INFO - Filling up the DagBag from /home/airflow/.local/lib/python3.7/site-packages/airflow/example_dags/example_task_group.py
[2023-05-17T23:59:05.374+0000] {processor.py:836} INFO - DAG(s) dict_keys(['example_task_group']) retrieved from /home/airflow/.local/lib/python3.7/site-packages/airflow/example_dags/example_task_group.py
[2023-05-17T23:59:05.388+0000] {logging_mixin.py:149} INFO - [2023-05-17T23:59:05.388+0000] {dag.py:2726} INFO - Sync 1 DAGs
[2023-05-17T23:59:05.402+0000] {logging_mixin.py:149} INFO - [2023-05-17T23:59:05.402+0000] {dag.py:3490} INFO - Setting next_dagrun for example_task_group to 2023-05-16T23:59:05.402111+00:00, run_after=2023-05-17T23:59:05.402111+00:00
[2023-05-17T23:59:05.434+0000] {processor.py:179} INFO - Processing /home/airflow/.local/lib/python3.7/site-packages/airflow/example_dags/example_task_group.py took 0.067 seconds
[2023-05-17T23:59:35.993+0000] {processor.py:157} INFO - Started process (PID=1469) to work on /home/airflow/.local/lib/python3.7/site-packages/airflow/example_dags/example_task_group.py
[2023-05-17T23:59:35.994+0000] {processor.py:826} INFO - Processing file /home/airflow/.local/lib/python3.7/site-packages/airflow/example_dags/example_task_group.py for tasks to queue
[2023-05-17T23:59:35.994+0000] {logging_mixin.py:149} INFO - [2023-05-17T23:59:35.994+0000] {dagbag.py:541} INFO - Filling up the DagBag from /home/airflow/.local/lib/python3.7/site-packages/airflow/example_dags/example_task_group.py
[2023-05-17T23:59:35.999+0000] {processor.py:836} INFO - DAG(s) dict_keys(['example_task_group']) retrieved from /home/airflow/.local/lib/python3.7/site-packages/airflow/example_dags/example_task_group.py
[2023-05-17T23:59:36.013+0000] {logging_mixin.py:149} INFO - [2023-05-17T23:59:36.013+0000] {dag.py:2726} INFO - Sync 1 DAGs
[2023-05-17T23:59:36.028+0000] {logging_mixin.py:149} INFO - [2023-05-17T23:59:36.028+0000] {dag.py:3490} INFO - Setting next_dagrun for example_task_group to 2023-05-16T23:59:36.028292+00:00, run_after=2023-05-17T23:59:36.028292+00:00
[2023-05-17T23:59:36.041+0000] {processor.py:179} INFO - Processing /home/airflow/.local/lib/python3.7/site-packages/airflow/example_dags/example_task_group.py took 0.050 seconds
