[2023-05-17T23:27:45.283+0000] {processor.py:157} INFO - Started process (PID=36) to work on /home/airflow/.local/lib/python3.7/site-packages/airflow/example_dags/example_branch_python_dop_operator_3.py
[2023-05-17T23:27:45.284+0000] {processor.py:826} INFO - Processing file /home/airflow/.local/lib/python3.7/site-packages/airflow/example_dags/example_branch_python_dop_operator_3.py for tasks to queue
[2023-05-17T23:27:45.284+0000] {logging_mixin.py:149} INFO - [2023-05-17T23:27:45.284+0000] {dagbag.py:541} INFO - Filling up the DagBag from /home/airflow/.local/lib/python3.7/site-packages/airflow/example_dags/example_branch_python_dop_operator_3.py
[2023-05-17T23:27:45.292+0000] {processor.py:836} INFO - DAG(s) dict_keys(['example_branch_dop_operator_v3']) retrieved from /home/airflow/.local/lib/python3.7/site-packages/airflow/example_dags/example_branch_python_dop_operator_3.py
[2023-05-17T23:27:45.300+0000] {logging_mixin.py:149} INFO - [2023-05-17T23:27:45.300+0000] {dag.py:2726} INFO - Sync 1 DAGs
[2023-05-17T23:27:45.317+0000] {logging_mixin.py:149} INFO - [2023-05-17T23:27:45.316+0000] {dag.py:3490} INFO - Setting next_dagrun for example_branch_dop_operator_v3 to 2023-05-17T23:26:00+00:00, run_after=2023-05-17T23:27:00+00:00
[2023-05-17T23:27:45.330+0000] {processor.py:179} INFO - Processing /home/airflow/.local/lib/python3.7/site-packages/airflow/example_dags/example_branch_python_dop_operator_3.py took 0.048 seconds
[2023-05-17T23:28:16.276+0000] {processor.py:157} INFO - Started process (PID=100) to work on /home/airflow/.local/lib/python3.7/site-packages/airflow/example_dags/example_branch_python_dop_operator_3.py
[2023-05-17T23:28:16.277+0000] {processor.py:826} INFO - Processing file /home/airflow/.local/lib/python3.7/site-packages/airflow/example_dags/example_branch_python_dop_operator_3.py for tasks to queue
[2023-05-17T23:28:16.277+0000] {logging_mixin.py:149} INFO - [2023-05-17T23:28:16.277+0000] {dagbag.py:541} INFO - Filling up the DagBag from /home/airflow/.local/lib/python3.7/site-packages/airflow/example_dags/example_branch_python_dop_operator_3.py
[2023-05-17T23:28:16.281+0000] {processor.py:836} INFO - DAG(s) dict_keys(['example_branch_dop_operator_v3']) retrieved from /home/airflow/.local/lib/python3.7/site-packages/airflow/example_dags/example_branch_python_dop_operator_3.py
[2023-05-17T23:28:16.294+0000] {logging_mixin.py:149} INFO - [2023-05-17T23:28:16.294+0000] {dag.py:2726} INFO - Sync 1 DAGs
[2023-05-17T23:28:16.309+0000] {logging_mixin.py:149} INFO - [2023-05-17T23:28:16.309+0000] {dag.py:3490} INFO - Setting next_dagrun for example_branch_dop_operator_v3 to 2023-05-17T23:27:00+00:00, run_after=2023-05-17T23:28:00+00:00
[2023-05-17T23:28:16.319+0000] {processor.py:179} INFO - Processing /home/airflow/.local/lib/python3.7/site-packages/airflow/example_dags/example_branch_python_dop_operator_3.py took 0.045 seconds
[2023-05-17T23:28:46.737+0000] {processor.py:157} INFO - Started process (PID=164) to work on /home/airflow/.local/lib/python3.7/site-packages/airflow/example_dags/example_branch_python_dop_operator_3.py
[2023-05-17T23:28:46.738+0000] {processor.py:826} INFO - Processing file /home/airflow/.local/lib/python3.7/site-packages/airflow/example_dags/example_branch_python_dop_operator_3.py for tasks to queue
[2023-05-17T23:28:46.738+0000] {logging_mixin.py:149} INFO - [2023-05-17T23:28:46.738+0000] {dagbag.py:541} INFO - Filling up the DagBag from /home/airflow/.local/lib/python3.7/site-packages/airflow/example_dags/example_branch_python_dop_operator_3.py
[2023-05-17T23:28:46.742+0000] {processor.py:836} INFO - DAG(s) dict_keys(['example_branch_dop_operator_v3']) retrieved from /home/airflow/.local/lib/python3.7/site-packages/airflow/example_dags/example_branch_python_dop_operator_3.py
[2023-05-17T23:28:46.756+0000] {logging_mixin.py:149} INFO - [2023-05-17T23:28:46.756+0000] {dag.py:2726} INFO - Sync 1 DAGs
[2023-05-17T23:28:46.771+0000] {logging_mixin.py:149} INFO - [2023-05-17T23:28:46.771+0000] {dag.py:3490} INFO - Setting next_dagrun for example_branch_dop_operator_v3 to 2023-05-17T23:27:00+00:00, run_after=2023-05-17T23:28:00+00:00
[2023-05-17T23:28:46.782+0000] {processor.py:179} INFO - Processing /home/airflow/.local/lib/python3.7/site-packages/airflow/example_dags/example_branch_python_dop_operator_3.py took 0.047 seconds
[2023-05-17T23:29:17.175+0000] {processor.py:157} INFO - Started process (PID=228) to work on /home/airflow/.local/lib/python3.7/site-packages/airflow/example_dags/example_branch_python_dop_operator_3.py
[2023-05-17T23:29:17.175+0000] {processor.py:826} INFO - Processing file /home/airflow/.local/lib/python3.7/site-packages/airflow/example_dags/example_branch_python_dop_operator_3.py for tasks to queue
[2023-05-17T23:29:17.176+0000] {logging_mixin.py:149} INFO - [2023-05-17T23:29:17.175+0000] {dagbag.py:541} INFO - Filling up the DagBag from /home/airflow/.local/lib/python3.7/site-packages/airflow/example_dags/example_branch_python_dop_operator_3.py
[2023-05-17T23:29:17.180+0000] {processor.py:836} INFO - DAG(s) dict_keys(['example_branch_dop_operator_v3']) retrieved from /home/airflow/.local/lib/python3.7/site-packages/airflow/example_dags/example_branch_python_dop_operator_3.py
[2023-05-17T23:29:17.193+0000] {logging_mixin.py:149} INFO - [2023-05-17T23:29:17.193+0000] {dag.py:2726} INFO - Sync 1 DAGs
[2023-05-17T23:29:17.208+0000] {logging_mixin.py:149} INFO - [2023-05-17T23:29:17.208+0000] {dag.py:3490} INFO - Setting next_dagrun for example_branch_dop_operator_v3 to 2023-05-17T23:28:00+00:00, run_after=2023-05-17T23:29:00+00:00
[2023-05-17T23:29:17.241+0000] {processor.py:179} INFO - Processing /home/airflow/.local/lib/python3.7/site-packages/airflow/example_dags/example_branch_python_dop_operator_3.py took 0.068 seconds
[2023-05-17T23:29:47.708+0000] {processor.py:157} INFO - Started process (PID=292) to work on /home/airflow/.local/lib/python3.7/site-packages/airflow/example_dags/example_branch_python_dop_operator_3.py
[2023-05-17T23:29:47.712+0000] {processor.py:826} INFO - Processing file /home/airflow/.local/lib/python3.7/site-packages/airflow/example_dags/example_branch_python_dop_operator_3.py for tasks to queue
[2023-05-17T23:29:47.713+0000] {logging_mixin.py:149} INFO - [2023-05-17T23:29:47.713+0000] {dagbag.py:541} INFO - Filling up the DagBag from /home/airflow/.local/lib/python3.7/site-packages/airflow/example_dags/example_branch_python_dop_operator_3.py
[2023-05-17T23:29:47.717+0000] {processor.py:836} INFO - DAG(s) dict_keys(['example_branch_dop_operator_v3']) retrieved from /home/airflow/.local/lib/python3.7/site-packages/airflow/example_dags/example_branch_python_dop_operator_3.py
[2023-05-17T23:29:47.732+0000] {logging_mixin.py:149} INFO - [2023-05-17T23:29:47.732+0000] {dag.py:2726} INFO - Sync 1 DAGs
[2023-05-17T23:29:47.749+0000] {logging_mixin.py:149} INFO - [2023-05-17T23:29:47.749+0000] {dag.py:3490} INFO - Setting next_dagrun for example_branch_dop_operator_v3 to 2023-05-17T23:28:00+00:00, run_after=2023-05-17T23:29:00+00:00
[2023-05-17T23:29:47.760+0000] {processor.py:179} INFO - Processing /home/airflow/.local/lib/python3.7/site-packages/airflow/example_dags/example_branch_python_dop_operator_3.py took 0.054 seconds
[2023-05-17T23:30:30.937+0000] {processor.py:157} INFO - Started process (PID=37) to work on /home/airflow/.local/lib/python3.7/site-packages/airflow/example_dags/example_branch_python_dop_operator_3.py
[2023-05-17T23:30:30.944+0000] {processor.py:826} INFO - Processing file /home/airflow/.local/lib/python3.7/site-packages/airflow/example_dags/example_branch_python_dop_operator_3.py for tasks to queue
[2023-05-17T23:30:30.944+0000] {logging_mixin.py:149} INFO - [2023-05-17T23:30:30.944+0000] {dagbag.py:541} INFO - Filling up the DagBag from /home/airflow/.local/lib/python3.7/site-packages/airflow/example_dags/example_branch_python_dop_operator_3.py
[2023-05-17T23:30:30.950+0000] {processor.py:836} INFO - DAG(s) dict_keys(['example_branch_dop_operator_v3']) retrieved from /home/airflow/.local/lib/python3.7/site-packages/airflow/example_dags/example_branch_python_dop_operator_3.py
[2023-05-17T23:30:30.959+0000] {logging_mixin.py:149} INFO - [2023-05-17T23:30:30.959+0000] {dag.py:2726} INFO - Sync 1 DAGs
[2023-05-17T23:30:30.977+0000] {logging_mixin.py:149} INFO - [2023-05-17T23:30:30.977+0000] {dag.py:3490} INFO - Setting next_dagrun for example_branch_dop_operator_v3 to 2023-05-17T23:29:00+00:00, run_after=2023-05-17T23:30:00+00:00
[2023-05-17T23:30:30.991+0000] {processor.py:179} INFO - Processing /home/airflow/.local/lib/python3.7/site-packages/airflow/example_dags/example_branch_python_dop_operator_3.py took 0.056 seconds
[2023-05-17T23:31:01.605+0000] {processor.py:157} INFO - Started process (PID=101) to work on /home/airflow/.local/lib/python3.7/site-packages/airflow/example_dags/example_branch_python_dop_operator_3.py
[2023-05-17T23:31:01.606+0000] {processor.py:826} INFO - Processing file /home/airflow/.local/lib/python3.7/site-packages/airflow/example_dags/example_branch_python_dop_operator_3.py for tasks to queue
[2023-05-17T23:31:01.606+0000] {logging_mixin.py:149} INFO - [2023-05-17T23:31:01.606+0000] {dagbag.py:541} INFO - Filling up the DagBag from /home/airflow/.local/lib/python3.7/site-packages/airflow/example_dags/example_branch_python_dop_operator_3.py
[2023-05-17T23:31:01.610+0000] {processor.py:836} INFO - DAG(s) dict_keys(['example_branch_dop_operator_v3']) retrieved from /home/airflow/.local/lib/python3.7/site-packages/airflow/example_dags/example_branch_python_dop_operator_3.py
[2023-05-17T23:31:01.623+0000] {logging_mixin.py:149} INFO - [2023-05-17T23:31:01.623+0000] {dag.py:2726} INFO - Sync 1 DAGs
[2023-05-17T23:31:01.639+0000] {logging_mixin.py:149} INFO - [2023-05-17T23:31:01.639+0000] {dag.py:3490} INFO - Setting next_dagrun for example_branch_dop_operator_v3 to 2023-05-17T23:30:00+00:00, run_after=2023-05-17T23:31:00+00:00
[2023-05-17T23:31:01.670+0000] {processor.py:179} INFO - Processing /home/airflow/.local/lib/python3.7/site-packages/airflow/example_dags/example_branch_python_dop_operator_3.py took 0.066 seconds
[2023-05-17T23:31:31.950+0000] {processor.py:157} INFO - Started process (PID=165) to work on /home/airflow/.local/lib/python3.7/site-packages/airflow/example_dags/example_branch_python_dop_operator_3.py
[2023-05-17T23:31:31.951+0000] {processor.py:826} INFO - Processing file /home/airflow/.local/lib/python3.7/site-packages/airflow/example_dags/example_branch_python_dop_operator_3.py for tasks to queue
[2023-05-17T23:31:31.952+0000] {logging_mixin.py:149} INFO - [2023-05-17T23:31:31.951+0000] {dagbag.py:541} INFO - Filling up the DagBag from /home/airflow/.local/lib/python3.7/site-packages/airflow/example_dags/example_branch_python_dop_operator_3.py
[2023-05-17T23:31:31.956+0000] {processor.py:836} INFO - DAG(s) dict_keys(['example_branch_dop_operator_v3']) retrieved from /home/airflow/.local/lib/python3.7/site-packages/airflow/example_dags/example_branch_python_dop_operator_3.py
[2023-05-17T23:31:31.970+0000] {logging_mixin.py:149} INFO - [2023-05-17T23:31:31.970+0000] {dag.py:2726} INFO - Sync 1 DAGs
[2023-05-17T23:31:31.985+0000] {logging_mixin.py:149} INFO - [2023-05-17T23:31:31.985+0000] {dag.py:3490} INFO - Setting next_dagrun for example_branch_dop_operator_v3 to 2023-05-17T23:30:00+00:00, run_after=2023-05-17T23:31:00+00:00
[2023-05-17T23:31:32.061+0000] {processor.py:179} INFO - Processing /home/airflow/.local/lib/python3.7/site-packages/airflow/example_dags/example_branch_python_dop_operator_3.py took 0.112 seconds
[2023-05-17T23:34:32.660+0000] {processor.py:157} INFO - Started process (PID=37) to work on /home/airflow/.local/lib/python3.7/site-packages/airflow/example_dags/example_branch_python_dop_operator_3.py
[2023-05-17T23:34:32.661+0000] {processor.py:826} INFO - Processing file /home/airflow/.local/lib/python3.7/site-packages/airflow/example_dags/example_branch_python_dop_operator_3.py for tasks to queue
[2023-05-17T23:34:32.661+0000] {logging_mixin.py:149} INFO - [2023-05-17T23:34:32.661+0000] {dagbag.py:541} INFO - Filling up the DagBag from /home/airflow/.local/lib/python3.7/site-packages/airflow/example_dags/example_branch_python_dop_operator_3.py
[2023-05-17T23:34:32.667+0000] {processor.py:836} INFO - DAG(s) dict_keys(['example_branch_dop_operator_v3']) retrieved from /home/airflow/.local/lib/python3.7/site-packages/airflow/example_dags/example_branch_python_dop_operator_3.py
[2023-05-17T23:34:32.674+0000] {logging_mixin.py:149} INFO - [2023-05-17T23:34:32.674+0000] {dag.py:2726} INFO - Sync 1 DAGs
[2023-05-17T23:34:32.692+0000] {logging_mixin.py:149} INFO - [2023-05-17T23:34:32.691+0000] {dag.py:3490} INFO - Setting next_dagrun for example_branch_dop_operator_v3 to 2023-05-17T23:33:00+00:00, run_after=2023-05-17T23:34:00+00:00
[2023-05-17T23:34:32.703+0000] {processor.py:179} INFO - Processing /home/airflow/.local/lib/python3.7/site-packages/airflow/example_dags/example_branch_python_dop_operator_3.py took 0.045 seconds
[2023-05-17T23:35:02.779+0000] {processor.py:157} INFO - Started process (PID=101) to work on /home/airflow/.local/lib/python3.7/site-packages/airflow/example_dags/example_branch_python_dop_operator_3.py
[2023-05-17T23:35:02.779+0000] {processor.py:826} INFO - Processing file /home/airflow/.local/lib/python3.7/site-packages/airflow/example_dags/example_branch_python_dop_operator_3.py for tasks to queue
[2023-05-17T23:35:02.780+0000] {logging_mixin.py:149} INFO - [2023-05-17T23:35:02.780+0000] {dagbag.py:541} INFO - Filling up the DagBag from /home/airflow/.local/lib/python3.7/site-packages/airflow/example_dags/example_branch_python_dop_operator_3.py
[2023-05-17T23:35:02.784+0000] {processor.py:836} INFO - DAG(s) dict_keys(['example_branch_dop_operator_v3']) retrieved from /home/airflow/.local/lib/python3.7/site-packages/airflow/example_dags/example_branch_python_dop_operator_3.py
[2023-05-17T23:35:02.798+0000] {logging_mixin.py:149} INFO - [2023-05-17T23:35:02.798+0000] {dag.py:2726} INFO - Sync 1 DAGs
[2023-05-17T23:35:02.814+0000] {logging_mixin.py:149} INFO - [2023-05-17T23:35:02.814+0000] {dag.py:3490} INFO - Setting next_dagrun for example_branch_dop_operator_v3 to 2023-05-17T23:34:00+00:00, run_after=2023-05-17T23:35:00+00:00
[2023-05-17T23:35:02.826+0000] {processor.py:179} INFO - Processing /home/airflow/.local/lib/python3.7/site-packages/airflow/example_dags/example_branch_python_dop_operator_3.py took 0.049 seconds
[2023-05-17T23:35:33.082+0000] {processor.py:157} INFO - Started process (PID=165) to work on /home/airflow/.local/lib/python3.7/site-packages/airflow/example_dags/example_branch_python_dop_operator_3.py
[2023-05-17T23:35:33.083+0000] {processor.py:826} INFO - Processing file /home/airflow/.local/lib/python3.7/site-packages/airflow/example_dags/example_branch_python_dop_operator_3.py for tasks to queue
[2023-05-17T23:35:33.084+0000] {logging_mixin.py:149} INFO - [2023-05-17T23:35:33.084+0000] {dagbag.py:541} INFO - Filling up the DagBag from /home/airflow/.local/lib/python3.7/site-packages/airflow/example_dags/example_branch_python_dop_operator_3.py
[2023-05-17T23:35:33.088+0000] {processor.py:836} INFO - DAG(s) dict_keys(['example_branch_dop_operator_v3']) retrieved from /home/airflow/.local/lib/python3.7/site-packages/airflow/example_dags/example_branch_python_dop_operator_3.py
[2023-05-17T23:35:33.103+0000] {logging_mixin.py:149} INFO - [2023-05-17T23:35:33.103+0000] {dag.py:2726} INFO - Sync 1 DAGs
[2023-05-17T23:35:33.119+0000] {logging_mixin.py:149} INFO - [2023-05-17T23:35:33.119+0000] {dag.py:3490} INFO - Setting next_dagrun for example_branch_dop_operator_v3 to 2023-05-17T23:34:00+00:00, run_after=2023-05-17T23:35:00+00:00
[2023-05-17T23:35:33.199+0000] {processor.py:179} INFO - Processing /home/airflow/.local/lib/python3.7/site-packages/airflow/example_dags/example_branch_python_dop_operator_3.py took 0.118 seconds
[2023-05-17T23:36:03.904+0000] {processor.py:157} INFO - Started process (PID=229) to work on /home/airflow/.local/lib/python3.7/site-packages/airflow/example_dags/example_branch_python_dop_operator_3.py
[2023-05-17T23:36:03.908+0000] {processor.py:826} INFO - Processing file /home/airflow/.local/lib/python3.7/site-packages/airflow/example_dags/example_branch_python_dop_operator_3.py for tasks to queue
[2023-05-17T23:36:03.908+0000] {logging_mixin.py:149} INFO - [2023-05-17T23:36:03.908+0000] {dagbag.py:541} INFO - Filling up the DagBag from /home/airflow/.local/lib/python3.7/site-packages/airflow/example_dags/example_branch_python_dop_operator_3.py
[2023-05-17T23:36:03.913+0000] {processor.py:836} INFO - DAG(s) dict_keys(['example_branch_dop_operator_v3']) retrieved from /home/airflow/.local/lib/python3.7/site-packages/airflow/example_dags/example_branch_python_dop_operator_3.py
[2023-05-17T23:36:03.992+0000] {logging_mixin.py:149} INFO - [2023-05-17T23:36:03.992+0000] {dag.py:2726} INFO - Sync 1 DAGs
[2023-05-17T23:36:04.006+0000] {logging_mixin.py:149} INFO - [2023-05-17T23:36:04.006+0000] {dag.py:3490} INFO - Setting next_dagrun for example_branch_dop_operator_v3 to 2023-05-17T23:35:00+00:00, run_after=2023-05-17T23:36:00+00:00
[2023-05-17T23:36:04.017+0000] {processor.py:179} INFO - Processing /home/airflow/.local/lib/python3.7/site-packages/airflow/example_dags/example_branch_python_dop_operator_3.py took 0.115 seconds
[2023-05-17T23:36:34.743+0000] {processor.py:157} INFO - Started process (PID=292) to work on /home/airflow/.local/lib/python3.7/site-packages/airflow/example_dags/example_branch_python_dop_operator_3.py
[2023-05-17T23:36:34.744+0000] {processor.py:826} INFO - Processing file /home/airflow/.local/lib/python3.7/site-packages/airflow/example_dags/example_branch_python_dop_operator_3.py for tasks to queue
[2023-05-17T23:36:34.744+0000] {logging_mixin.py:149} INFO - [2023-05-17T23:36:34.744+0000] {dagbag.py:541} INFO - Filling up the DagBag from /home/airflow/.local/lib/python3.7/site-packages/airflow/example_dags/example_branch_python_dop_operator_3.py
[2023-05-17T23:36:34.749+0000] {processor.py:836} INFO - DAG(s) dict_keys(['example_branch_dop_operator_v3']) retrieved from /home/airflow/.local/lib/python3.7/site-packages/airflow/example_dags/example_branch_python_dop_operator_3.py
[2023-05-17T23:36:34.765+0000] {logging_mixin.py:149} INFO - [2023-05-17T23:36:34.765+0000] {dag.py:2726} INFO - Sync 1 DAGs
[2023-05-17T23:36:34.784+0000] {logging_mixin.py:149} INFO - [2023-05-17T23:36:34.783+0000] {dag.py:3490} INFO - Setting next_dagrun for example_branch_dop_operator_v3 to 2023-05-17T23:35:00+00:00, run_after=2023-05-17T23:36:00+00:00
[2023-05-17T23:36:34.816+0000] {processor.py:179} INFO - Processing /home/airflow/.local/lib/python3.7/site-packages/airflow/example_dags/example_branch_python_dop_operator_3.py took 0.075 seconds
[2023-05-17T23:37:05.445+0000] {processor.py:157} INFO - Started process (PID=356) to work on /home/airflow/.local/lib/python3.7/site-packages/airflow/example_dags/example_branch_python_dop_operator_3.py
[2023-05-17T23:37:05.446+0000] {processor.py:826} INFO - Processing file /home/airflow/.local/lib/python3.7/site-packages/airflow/example_dags/example_branch_python_dop_operator_3.py for tasks to queue
[2023-05-17T23:37:05.446+0000] {logging_mixin.py:149} INFO - [2023-05-17T23:37:05.446+0000] {dagbag.py:541} INFO - Filling up the DagBag from /home/airflow/.local/lib/python3.7/site-packages/airflow/example_dags/example_branch_python_dop_operator_3.py
[2023-05-17T23:37:05.451+0000] {processor.py:836} INFO - DAG(s) dict_keys(['example_branch_dop_operator_v3']) retrieved from /home/airflow/.local/lib/python3.7/site-packages/airflow/example_dags/example_branch_python_dop_operator_3.py
[2023-05-17T23:37:05.465+0000] {logging_mixin.py:149} INFO - [2023-05-17T23:37:05.465+0000] {dag.py:2726} INFO - Sync 1 DAGs
[2023-05-17T23:37:05.482+0000] {logging_mixin.py:149} INFO - [2023-05-17T23:37:05.482+0000] {dag.py:3490} INFO - Setting next_dagrun for example_branch_dop_operator_v3 to 2023-05-17T23:36:00+00:00, run_after=2023-05-17T23:37:00+00:00
[2023-05-17T23:37:05.513+0000] {processor.py:179} INFO - Processing /home/airflow/.local/lib/python3.7/site-packages/airflow/example_dags/example_branch_python_dop_operator_3.py took 0.070 seconds
[2023-05-17T23:37:36.150+0000] {processor.py:157} INFO - Started process (PID=420) to work on /home/airflow/.local/lib/python3.7/site-packages/airflow/example_dags/example_branch_python_dop_operator_3.py
[2023-05-17T23:37:36.151+0000] {processor.py:826} INFO - Processing file /home/airflow/.local/lib/python3.7/site-packages/airflow/example_dags/example_branch_python_dop_operator_3.py for tasks to queue
[2023-05-17T23:37:36.151+0000] {logging_mixin.py:149} INFO - [2023-05-17T23:37:36.151+0000] {dagbag.py:541} INFO - Filling up the DagBag from /home/airflow/.local/lib/python3.7/site-packages/airflow/example_dags/example_branch_python_dop_operator_3.py
[2023-05-17T23:37:36.156+0000] {processor.py:836} INFO - DAG(s) dict_keys(['example_branch_dop_operator_v3']) retrieved from /home/airflow/.local/lib/python3.7/site-packages/airflow/example_dags/example_branch_python_dop_operator_3.py
[2023-05-17T23:37:36.170+0000] {logging_mixin.py:149} INFO - [2023-05-17T23:37:36.170+0000] {dag.py:2726} INFO - Sync 1 DAGs
[2023-05-17T23:37:36.185+0000] {logging_mixin.py:149} INFO - [2023-05-17T23:37:36.185+0000] {dag.py:3490} INFO - Setting next_dagrun for example_branch_dop_operator_v3 to 2023-05-17T23:36:00+00:00, run_after=2023-05-17T23:37:00+00:00
[2023-05-17T23:37:36.217+0000] {processor.py:179} INFO - Processing /home/airflow/.local/lib/python3.7/site-packages/airflow/example_dags/example_branch_python_dop_operator_3.py took 0.068 seconds
[2023-05-17T23:38:06.777+0000] {processor.py:157} INFO - Started process (PID=484) to work on /home/airflow/.local/lib/python3.7/site-packages/airflow/example_dags/example_branch_python_dop_operator_3.py
[2023-05-17T23:38:06.778+0000] {processor.py:826} INFO - Processing file /home/airflow/.local/lib/python3.7/site-packages/airflow/example_dags/example_branch_python_dop_operator_3.py for tasks to queue
[2023-05-17T23:38:06.778+0000] {logging_mixin.py:149} INFO - [2023-05-17T23:38:06.778+0000] {dagbag.py:541} INFO - Filling up the DagBag from /home/airflow/.local/lib/python3.7/site-packages/airflow/example_dags/example_branch_python_dop_operator_3.py
[2023-05-17T23:38:06.782+0000] {processor.py:836} INFO - DAG(s) dict_keys(['example_branch_dop_operator_v3']) retrieved from /home/airflow/.local/lib/python3.7/site-packages/airflow/example_dags/example_branch_python_dop_operator_3.py
[2023-05-17T23:38:06.796+0000] {logging_mixin.py:149} INFO - [2023-05-17T23:38:06.796+0000] {dag.py:2726} INFO - Sync 1 DAGs
[2023-05-17T23:38:06.812+0000] {logging_mixin.py:149} INFO - [2023-05-17T23:38:06.812+0000] {dag.py:3490} INFO - Setting next_dagrun for example_branch_dop_operator_v3 to 2023-05-17T23:37:00+00:00, run_after=2023-05-17T23:38:00+00:00
[2023-05-17T23:38:06.823+0000] {processor.py:179} INFO - Processing /home/airflow/.local/lib/python3.7/site-packages/airflow/example_dags/example_branch_python_dop_operator_3.py took 0.048 seconds
[2023-05-17T23:40:47.482+0000] {processor.py:157} INFO - Started process (PID=37) to work on /home/airflow/.local/lib/python3.7/site-packages/airflow/example_dags/example_branch_python_dop_operator_3.py
[2023-05-17T23:40:47.483+0000] {processor.py:826} INFO - Processing file /home/airflow/.local/lib/python3.7/site-packages/airflow/example_dags/example_branch_python_dop_operator_3.py for tasks to queue
[2023-05-17T23:40:47.483+0000] {logging_mixin.py:149} INFO - [2023-05-17T23:40:47.483+0000] {dagbag.py:541} INFO - Filling up the DagBag from /home/airflow/.local/lib/python3.7/site-packages/airflow/example_dags/example_branch_python_dop_operator_3.py
[2023-05-17T23:40:47.489+0000] {processor.py:836} INFO - DAG(s) dict_keys(['example_branch_dop_operator_v3']) retrieved from /home/airflow/.local/lib/python3.7/site-packages/airflow/example_dags/example_branch_python_dop_operator_3.py
[2023-05-17T23:40:47.508+0000] {logging_mixin.py:149} INFO - [2023-05-17T23:40:47.508+0000] {dag.py:2726} INFO - Sync 1 DAGs
[2023-05-17T23:40:47.527+0000] {logging_mixin.py:149} INFO - [2023-05-17T23:40:47.527+0000] {dag.py:3490} INFO - Setting next_dagrun for example_branch_dop_operator_v3 to 2023-05-17T23:39:00+00:00, run_after=2023-05-17T23:40:00+00:00
[2023-05-17T23:40:47.542+0000] {processor.py:179} INFO - Processing /home/airflow/.local/lib/python3.7/site-packages/airflow/example_dags/example_branch_python_dop_operator_3.py took 0.062 seconds
[2023-05-17T23:41:18.718+0000] {processor.py:157} INFO - Started process (PID=101) to work on /home/airflow/.local/lib/python3.7/site-packages/airflow/example_dags/example_branch_python_dop_operator_3.py
[2023-05-17T23:41:18.725+0000] {processor.py:826} INFO - Processing file /home/airflow/.local/lib/python3.7/site-packages/airflow/example_dags/example_branch_python_dop_operator_3.py for tasks to queue
[2023-05-17T23:41:18.726+0000] {logging_mixin.py:149} INFO - [2023-05-17T23:41:18.726+0000] {dagbag.py:541} INFO - Filling up the DagBag from /home/airflow/.local/lib/python3.7/site-packages/airflow/example_dags/example_branch_python_dop_operator_3.py
[2023-05-17T23:41:18.733+0000] {processor.py:836} INFO - DAG(s) dict_keys(['example_branch_dop_operator_v3']) retrieved from /home/airflow/.local/lib/python3.7/site-packages/airflow/example_dags/example_branch_python_dop_operator_3.py
[2023-05-17T23:41:18.755+0000] {logging_mixin.py:149} INFO - [2023-05-17T23:41:18.755+0000] {dag.py:2726} INFO - Sync 1 DAGs
[2023-05-17T23:41:18.779+0000] {logging_mixin.py:149} INFO - [2023-05-17T23:41:18.779+0000] {dag.py:3490} INFO - Setting next_dagrun for example_branch_dop_operator_v3 to 2023-05-17T23:40:00+00:00, run_after=2023-05-17T23:41:00+00:00
[2023-05-17T23:41:18.797+0000] {processor.py:179} INFO - Processing /home/airflow/.local/lib/python3.7/site-packages/airflow/example_dags/example_branch_python_dop_operator_3.py took 0.082 seconds
[2023-05-17T23:41:49.410+0000] {processor.py:157} INFO - Started process (PID=165) to work on /home/airflow/.local/lib/python3.7/site-packages/airflow/example_dags/example_branch_python_dop_operator_3.py
[2023-05-17T23:41:49.411+0000] {processor.py:826} INFO - Processing file /home/airflow/.local/lib/python3.7/site-packages/airflow/example_dags/example_branch_python_dop_operator_3.py for tasks to queue
[2023-05-17T23:41:49.411+0000] {logging_mixin.py:149} INFO - [2023-05-17T23:41:49.411+0000] {dagbag.py:541} INFO - Filling up the DagBag from /home/airflow/.local/lib/python3.7/site-packages/airflow/example_dags/example_branch_python_dop_operator_3.py
[2023-05-17T23:41:49.416+0000] {processor.py:836} INFO - DAG(s) dict_keys(['example_branch_dop_operator_v3']) retrieved from /home/airflow/.local/lib/python3.7/site-packages/airflow/example_dags/example_branch_python_dop_operator_3.py
[2023-05-17T23:41:49.431+0000] {logging_mixin.py:149} INFO - [2023-05-17T23:41:49.431+0000] {dag.py:2726} INFO - Sync 1 DAGs
[2023-05-17T23:41:49.448+0000] {logging_mixin.py:149} INFO - [2023-05-17T23:41:49.448+0000] {dag.py:3490} INFO - Setting next_dagrun for example_branch_dop_operator_v3 to 2023-05-17T23:40:00+00:00, run_after=2023-05-17T23:41:00+00:00
[2023-05-17T23:41:49.532+0000] {processor.py:179} INFO - Processing /home/airflow/.local/lib/python3.7/site-packages/airflow/example_dags/example_branch_python_dop_operator_3.py took 0.123 seconds
[2023-05-17T23:42:20.118+0000] {processor.py:157} INFO - Started process (PID=229) to work on /home/airflow/.local/lib/python3.7/site-packages/airflow/example_dags/example_branch_python_dop_operator_3.py
[2023-05-17T23:42:20.118+0000] {processor.py:826} INFO - Processing file /home/airflow/.local/lib/python3.7/site-packages/airflow/example_dags/example_branch_python_dop_operator_3.py for tasks to queue
[2023-05-17T23:42:20.119+0000] {logging_mixin.py:149} INFO - [2023-05-17T23:42:20.119+0000] {dagbag.py:541} INFO - Filling up the DagBag from /home/airflow/.local/lib/python3.7/site-packages/airflow/example_dags/example_branch_python_dop_operator_3.py
[2023-05-17T23:42:20.123+0000] {processor.py:836} INFO - DAG(s) dict_keys(['example_branch_dop_operator_v3']) retrieved from /home/airflow/.local/lib/python3.7/site-packages/airflow/example_dags/example_branch_python_dop_operator_3.py
[2023-05-17T23:42:20.201+0000] {logging_mixin.py:149} INFO - [2023-05-17T23:42:20.201+0000] {dag.py:2726} INFO - Sync 1 DAGs
[2023-05-17T23:42:20.217+0000] {logging_mixin.py:149} INFO - [2023-05-17T23:42:20.216+0000] {dag.py:3490} INFO - Setting next_dagrun for example_branch_dop_operator_v3 to 2023-05-17T23:41:00+00:00, run_after=2023-05-17T23:42:00+00:00
[2023-05-17T23:42:20.235+0000] {processor.py:179} INFO - Processing /home/airflow/.local/lib/python3.7/site-packages/airflow/example_dags/example_branch_python_dop_operator_3.py took 0.119 seconds
[2023-05-17T23:42:50.811+0000] {processor.py:157} INFO - Started process (PID=293) to work on /home/airflow/.local/lib/python3.7/site-packages/airflow/example_dags/example_branch_python_dop_operator_3.py
[2023-05-17T23:42:50.811+0000] {processor.py:826} INFO - Processing file /home/airflow/.local/lib/python3.7/site-packages/airflow/example_dags/example_branch_python_dop_operator_3.py for tasks to queue
[2023-05-17T23:42:50.812+0000] {logging_mixin.py:149} INFO - [2023-05-17T23:42:50.812+0000] {dagbag.py:541} INFO - Filling up the DagBag from /home/airflow/.local/lib/python3.7/site-packages/airflow/example_dags/example_branch_python_dop_operator_3.py
[2023-05-17T23:42:50.816+0000] {processor.py:836} INFO - DAG(s) dict_keys(['example_branch_dop_operator_v3']) retrieved from /home/airflow/.local/lib/python3.7/site-packages/airflow/example_dags/example_branch_python_dop_operator_3.py
[2023-05-17T23:42:50.830+0000] {logging_mixin.py:149} INFO - [2023-05-17T23:42:50.830+0000] {dag.py:2726} INFO - Sync 1 DAGs
[2023-05-17T23:42:50.846+0000] {logging_mixin.py:149} INFO - [2023-05-17T23:42:50.846+0000] {dag.py:3490} INFO - Setting next_dagrun for example_branch_dop_operator_v3 to 2023-05-17T23:41:00+00:00, run_after=2023-05-17T23:42:00+00:00
[2023-05-17T23:42:50.856+0000] {processor.py:179} INFO - Processing /home/airflow/.local/lib/python3.7/site-packages/airflow/example_dags/example_branch_python_dop_operator_3.py took 0.048 seconds
[2023-05-17T23:43:21.411+0000] {processor.py:157} INFO - Started process (PID=357) to work on /home/airflow/.local/lib/python3.7/site-packages/airflow/example_dags/example_branch_python_dop_operator_3.py
[2023-05-17T23:43:21.412+0000] {processor.py:826} INFO - Processing file /home/airflow/.local/lib/python3.7/site-packages/airflow/example_dags/example_branch_python_dop_operator_3.py for tasks to queue
[2023-05-17T23:43:21.412+0000] {logging_mixin.py:149} INFO - [2023-05-17T23:43:21.412+0000] {dagbag.py:541} INFO - Filling up the DagBag from /home/airflow/.local/lib/python3.7/site-packages/airflow/example_dags/example_branch_python_dop_operator_3.py
[2023-05-17T23:43:21.416+0000] {processor.py:836} INFO - DAG(s) dict_keys(['example_branch_dop_operator_v3']) retrieved from /home/airflow/.local/lib/python3.7/site-packages/airflow/example_dags/example_branch_python_dop_operator_3.py
[2023-05-17T23:43:21.430+0000] {logging_mixin.py:149} INFO - [2023-05-17T23:43:21.430+0000] {dag.py:2726} INFO - Sync 1 DAGs
[2023-05-17T23:43:21.446+0000] {logging_mixin.py:149} INFO - [2023-05-17T23:43:21.446+0000] {dag.py:3490} INFO - Setting next_dagrun for example_branch_dop_operator_v3 to 2023-05-17T23:42:00+00:00, run_after=2023-05-17T23:43:00+00:00
[2023-05-17T23:43:21.477+0000] {processor.py:179} INFO - Processing /home/airflow/.local/lib/python3.7/site-packages/airflow/example_dags/example_branch_python_dop_operator_3.py took 0.068 seconds
[2023-05-17T23:43:51.957+0000] {processor.py:157} INFO - Started process (PID=421) to work on /home/airflow/.local/lib/python3.7/site-packages/airflow/example_dags/example_branch_python_dop_operator_3.py
[2023-05-17T23:43:51.959+0000] {processor.py:826} INFO - Processing file /home/airflow/.local/lib/python3.7/site-packages/airflow/example_dags/example_branch_python_dop_operator_3.py for tasks to queue
[2023-05-17T23:43:51.960+0000] {logging_mixin.py:149} INFO - [2023-05-17T23:43:51.960+0000] {dagbag.py:541} INFO - Filling up the DagBag from /home/airflow/.local/lib/python3.7/site-packages/airflow/example_dags/example_branch_python_dop_operator_3.py
[2023-05-17T23:43:51.964+0000] {processor.py:836} INFO - DAG(s) dict_keys(['example_branch_dop_operator_v3']) retrieved from /home/airflow/.local/lib/python3.7/site-packages/airflow/example_dags/example_branch_python_dop_operator_3.py
[2023-05-17T23:43:51.980+0000] {logging_mixin.py:149} INFO - [2023-05-17T23:43:51.980+0000] {dag.py:2726} INFO - Sync 1 DAGs
[2023-05-17T23:43:51.996+0000] {logging_mixin.py:149} INFO - [2023-05-17T23:43:51.996+0000] {dag.py:3490} INFO - Setting next_dagrun for example_branch_dop_operator_v3 to 2023-05-17T23:42:00+00:00, run_after=2023-05-17T23:43:00+00:00
[2023-05-17T23:43:52.008+0000] {processor.py:179} INFO - Processing /home/airflow/.local/lib/python3.7/site-packages/airflow/example_dags/example_branch_python_dop_operator_3.py took 0.052 seconds
[2023-05-17T23:44:22.726+0000] {processor.py:157} INFO - Started process (PID=485) to work on /home/airflow/.local/lib/python3.7/site-packages/airflow/example_dags/example_branch_python_dop_operator_3.py
[2023-05-17T23:44:22.727+0000] {processor.py:826} INFO - Processing file /home/airflow/.local/lib/python3.7/site-packages/airflow/example_dags/example_branch_python_dop_operator_3.py for tasks to queue
[2023-05-17T23:44:22.727+0000] {logging_mixin.py:149} INFO - [2023-05-17T23:44:22.727+0000] {dagbag.py:541} INFO - Filling up the DagBag from /home/airflow/.local/lib/python3.7/site-packages/airflow/example_dags/example_branch_python_dop_operator_3.py
[2023-05-17T23:44:22.731+0000] {processor.py:836} INFO - DAG(s) dict_keys(['example_branch_dop_operator_v3']) retrieved from /home/airflow/.local/lib/python3.7/site-packages/airflow/example_dags/example_branch_python_dop_operator_3.py
[2023-05-17T23:44:22.745+0000] {logging_mixin.py:149} INFO - [2023-05-17T23:44:22.745+0000] {dag.py:2726} INFO - Sync 1 DAGs
[2023-05-17T23:44:22.760+0000] {logging_mixin.py:149} INFO - [2023-05-17T23:44:22.760+0000] {dag.py:3490} INFO - Setting next_dagrun for example_branch_dop_operator_v3 to 2023-05-17T23:43:00+00:00, run_after=2023-05-17T23:44:00+00:00
[2023-05-17T23:44:22.790+0000] {processor.py:179} INFO - Processing /home/airflow/.local/lib/python3.7/site-packages/airflow/example_dags/example_branch_python_dop_operator_3.py took 0.066 seconds
[2023-05-17T23:44:53.347+0000] {processor.py:157} INFO - Started process (PID=549) to work on /home/airflow/.local/lib/python3.7/site-packages/airflow/example_dags/example_branch_python_dop_operator_3.py
[2023-05-17T23:44:53.348+0000] {processor.py:826} INFO - Processing file /home/airflow/.local/lib/python3.7/site-packages/airflow/example_dags/example_branch_python_dop_operator_3.py for tasks to queue
[2023-05-17T23:44:53.349+0000] {logging_mixin.py:149} INFO - [2023-05-17T23:44:53.348+0000] {dagbag.py:541} INFO - Filling up the DagBag from /home/airflow/.local/lib/python3.7/site-packages/airflow/example_dags/example_branch_python_dop_operator_3.py
[2023-05-17T23:44:53.353+0000] {processor.py:836} INFO - DAG(s) dict_keys(['example_branch_dop_operator_v3']) retrieved from /home/airflow/.local/lib/python3.7/site-packages/airflow/example_dags/example_branch_python_dop_operator_3.py
[2023-05-17T23:44:53.367+0000] {logging_mixin.py:149} INFO - [2023-05-17T23:44:53.367+0000] {dag.py:2726} INFO - Sync 1 DAGs
[2023-05-17T23:44:53.383+0000] {logging_mixin.py:149} INFO - [2023-05-17T23:44:53.383+0000] {dag.py:3490} INFO - Setting next_dagrun for example_branch_dop_operator_v3 to 2023-05-17T23:43:00+00:00, run_after=2023-05-17T23:44:00+00:00
[2023-05-17T23:44:53.396+0000] {processor.py:179} INFO - Processing /home/airflow/.local/lib/python3.7/site-packages/airflow/example_dags/example_branch_python_dop_operator_3.py took 0.051 seconds
[2023-05-17T23:45:23.876+0000] {processor.py:157} INFO - Started process (PID=613) to work on /home/airflow/.local/lib/python3.7/site-packages/airflow/example_dags/example_branch_python_dop_operator_3.py
[2023-05-17T23:45:23.877+0000] {processor.py:826} INFO - Processing file /home/airflow/.local/lib/python3.7/site-packages/airflow/example_dags/example_branch_python_dop_operator_3.py for tasks to queue
[2023-05-17T23:45:23.877+0000] {logging_mixin.py:149} INFO - [2023-05-17T23:45:23.877+0000] {dagbag.py:541} INFO - Filling up the DagBag from /home/airflow/.local/lib/python3.7/site-packages/airflow/example_dags/example_branch_python_dop_operator_3.py
[2023-05-17T23:45:23.881+0000] {processor.py:836} INFO - DAG(s) dict_keys(['example_branch_dop_operator_v3']) retrieved from /home/airflow/.local/lib/python3.7/site-packages/airflow/example_dags/example_branch_python_dop_operator_3.py
[2023-05-17T23:45:23.894+0000] {logging_mixin.py:149} INFO - [2023-05-17T23:45:23.894+0000] {dag.py:2726} INFO - Sync 1 DAGs
[2023-05-17T23:45:23.909+0000] {logging_mixin.py:149} INFO - [2023-05-17T23:45:23.909+0000] {dag.py:3490} INFO - Setting next_dagrun for example_branch_dop_operator_v3 to 2023-05-17T23:44:00+00:00, run_after=2023-05-17T23:45:00+00:00
[2023-05-17T23:45:23.941+0000] {processor.py:179} INFO - Processing /home/airflow/.local/lib/python3.7/site-packages/airflow/example_dags/example_branch_python_dop_operator_3.py took 0.067 seconds
[2023-05-17T23:45:54.675+0000] {processor.py:157} INFO - Started process (PID=677) to work on /home/airflow/.local/lib/python3.7/site-packages/airflow/example_dags/example_branch_python_dop_operator_3.py
[2023-05-17T23:45:54.676+0000] {processor.py:826} INFO - Processing file /home/airflow/.local/lib/python3.7/site-packages/airflow/example_dags/example_branch_python_dop_operator_3.py for tasks to queue
[2023-05-17T23:45:54.676+0000] {logging_mixin.py:149} INFO - [2023-05-17T23:45:54.676+0000] {dagbag.py:541} INFO - Filling up the DagBag from /home/airflow/.local/lib/python3.7/site-packages/airflow/example_dags/example_branch_python_dop_operator_3.py
[2023-05-17T23:45:54.680+0000] {processor.py:836} INFO - DAG(s) dict_keys(['example_branch_dop_operator_v3']) retrieved from /home/airflow/.local/lib/python3.7/site-packages/airflow/example_dags/example_branch_python_dop_operator_3.py
[2023-05-17T23:45:54.695+0000] {logging_mixin.py:149} INFO - [2023-05-17T23:45:54.695+0000] {dag.py:2726} INFO - Sync 1 DAGs
[2023-05-17T23:45:54.714+0000] {logging_mixin.py:149} INFO - [2023-05-17T23:45:54.714+0000] {dag.py:3490} INFO - Setting next_dagrun for example_branch_dop_operator_v3 to 2023-05-17T23:44:00+00:00, run_after=2023-05-17T23:45:00+00:00
[2023-05-17T23:45:54.732+0000] {processor.py:179} INFO - Processing /home/airflow/.local/lib/python3.7/site-packages/airflow/example_dags/example_branch_python_dop_operator_3.py took 0.059 seconds
[2023-05-17T23:46:25.275+0000] {processor.py:157} INFO - Started process (PID=741) to work on /home/airflow/.local/lib/python3.7/site-packages/airflow/example_dags/example_branch_python_dop_operator_3.py
[2023-05-17T23:46:25.276+0000] {processor.py:826} INFO - Processing file /home/airflow/.local/lib/python3.7/site-packages/airflow/example_dags/example_branch_python_dop_operator_3.py for tasks to queue
[2023-05-17T23:46:25.276+0000] {logging_mixin.py:149} INFO - [2023-05-17T23:46:25.276+0000] {dagbag.py:541} INFO - Filling up the DagBag from /home/airflow/.local/lib/python3.7/site-packages/airflow/example_dags/example_branch_python_dop_operator_3.py
[2023-05-17T23:46:25.280+0000] {processor.py:836} INFO - DAG(s) dict_keys(['example_branch_dop_operator_v3']) retrieved from /home/airflow/.local/lib/python3.7/site-packages/airflow/example_dags/example_branch_python_dop_operator_3.py
[2023-05-17T23:46:25.294+0000] {logging_mixin.py:149} INFO - [2023-05-17T23:46:25.294+0000] {dag.py:2726} INFO - Sync 1 DAGs
[2023-05-17T23:46:25.310+0000] {logging_mixin.py:149} INFO - [2023-05-17T23:46:25.310+0000] {dag.py:3490} INFO - Setting next_dagrun for example_branch_dop_operator_v3 to 2023-05-17T23:45:00+00:00, run_after=2023-05-17T23:46:00+00:00
[2023-05-17T23:46:25.323+0000] {processor.py:179} INFO - Processing /home/airflow/.local/lib/python3.7/site-packages/airflow/example_dags/example_branch_python_dop_operator_3.py took 0.050 seconds
[2023-05-17T23:46:55.844+0000] {processor.py:157} INFO - Started process (PID=805) to work on /home/airflow/.local/lib/python3.7/site-packages/airflow/example_dags/example_branch_python_dop_operator_3.py
[2023-05-17T23:46:55.848+0000] {processor.py:826} INFO - Processing file /home/airflow/.local/lib/python3.7/site-packages/airflow/example_dags/example_branch_python_dop_operator_3.py for tasks to queue
[2023-05-17T23:46:55.849+0000] {logging_mixin.py:149} INFO - [2023-05-17T23:46:55.849+0000] {dagbag.py:541} INFO - Filling up the DagBag from /home/airflow/.local/lib/python3.7/site-packages/airflow/example_dags/example_branch_python_dop_operator_3.py
[2023-05-17T23:46:55.853+0000] {processor.py:836} INFO - DAG(s) dict_keys(['example_branch_dop_operator_v3']) retrieved from /home/airflow/.local/lib/python3.7/site-packages/airflow/example_dags/example_branch_python_dop_operator_3.py
[2023-05-17T23:46:55.866+0000] {logging_mixin.py:149} INFO - [2023-05-17T23:46:55.866+0000] {dag.py:2726} INFO - Sync 1 DAGs
[2023-05-17T23:46:55.881+0000] {logging_mixin.py:149} INFO - [2023-05-17T23:46:55.881+0000] {dag.py:3490} INFO - Setting next_dagrun for example_branch_dop_operator_v3 to 2023-05-17T23:45:00+00:00, run_after=2023-05-17T23:46:00+00:00
[2023-05-17T23:46:55.891+0000] {processor.py:179} INFO - Processing /home/airflow/.local/lib/python3.7/site-packages/airflow/example_dags/example_branch_python_dop_operator_3.py took 0.049 seconds
[2023-05-17T23:48:20.288+0000] {processor.py:157} INFO - Started process (PID=37) to work on /home/airflow/.local/lib/python3.7/site-packages/airflow/example_dags/example_branch_python_dop_operator_3.py
[2023-05-17T23:48:20.366+0000] {processor.py:826} INFO - Processing file /home/airflow/.local/lib/python3.7/site-packages/airflow/example_dags/example_branch_python_dop_operator_3.py for tasks to queue
[2023-05-17T23:48:20.367+0000] {logging_mixin.py:149} INFO - [2023-05-17T23:48:20.366+0000] {dagbag.py:541} INFO - Filling up the DagBag from /home/airflow/.local/lib/python3.7/site-packages/airflow/example_dags/example_branch_python_dop_operator_3.py
[2023-05-17T23:48:20.372+0000] {processor.py:836} INFO - DAG(s) dict_keys(['example_branch_dop_operator_v3']) retrieved from /home/airflow/.local/lib/python3.7/site-packages/airflow/example_dags/example_branch_python_dop_operator_3.py
[2023-05-17T23:48:20.379+0000] {logging_mixin.py:149} INFO - [2023-05-17T23:48:20.379+0000] {dag.py:2726} INFO - Sync 1 DAGs
[2023-05-17T23:48:20.396+0000] {logging_mixin.py:149} INFO - [2023-05-17T23:48:20.396+0000] {dag.py:3490} INFO - Setting next_dagrun for example_branch_dop_operator_v3 to 2023-05-17T23:47:00+00:00, run_after=2023-05-17T23:48:00+00:00
[2023-05-17T23:48:20.408+0000] {processor.py:179} INFO - Processing /home/airflow/.local/lib/python3.7/site-packages/airflow/example_dags/example_branch_python_dop_operator_3.py took 0.122 seconds
[2023-05-17T23:48:51.371+0000] {processor.py:157} INFO - Started process (PID=101) to work on /home/airflow/.local/lib/python3.7/site-packages/airflow/example_dags/example_branch_python_dop_operator_3.py
[2023-05-17T23:48:51.391+0000] {processor.py:826} INFO - Processing file /home/airflow/.local/lib/python3.7/site-packages/airflow/example_dags/example_branch_python_dop_operator_3.py for tasks to queue
[2023-05-17T23:48:51.391+0000] {logging_mixin.py:149} INFO - [2023-05-17T23:48:51.391+0000] {dagbag.py:541} INFO - Filling up the DagBag from /home/airflow/.local/lib/python3.7/site-packages/airflow/example_dags/example_branch_python_dop_operator_3.py
[2023-05-17T23:48:51.395+0000] {processor.py:836} INFO - DAG(s) dict_keys(['example_branch_dop_operator_v3']) retrieved from /home/airflow/.local/lib/python3.7/site-packages/airflow/example_dags/example_branch_python_dop_operator_3.py
[2023-05-17T23:48:51.412+0000] {logging_mixin.py:149} INFO - [2023-05-17T23:48:51.412+0000] {dag.py:2726} INFO - Sync 1 DAGs
[2023-05-17T23:48:51.427+0000] {logging_mixin.py:149} INFO - [2023-05-17T23:48:51.426+0000] {dag.py:3490} INFO - Setting next_dagrun for example_branch_dop_operator_v3 to 2023-05-17T23:47:00+00:00, run_after=2023-05-17T23:48:00+00:00
[2023-05-17T23:48:51.456+0000] {processor.py:179} INFO - Processing /home/airflow/.local/lib/python3.7/site-packages/airflow/example_dags/example_branch_python_dop_operator_3.py took 0.086 seconds
[2023-05-17T23:49:21.660+0000] {processor.py:157} INFO - Started process (PID=165) to work on /home/airflow/.local/lib/python3.7/site-packages/airflow/example_dags/example_branch_python_dop_operator_3.py
[2023-05-17T23:49:21.678+0000] {processor.py:826} INFO - Processing file /home/airflow/.local/lib/python3.7/site-packages/airflow/example_dags/example_branch_python_dop_operator_3.py for tasks to queue
[2023-05-17T23:49:21.678+0000] {logging_mixin.py:149} INFO - [2023-05-17T23:49:21.678+0000] {dagbag.py:541} INFO - Filling up the DagBag from /home/airflow/.local/lib/python3.7/site-packages/airflow/example_dags/example_branch_python_dop_operator_3.py
[2023-05-17T23:49:21.683+0000] {processor.py:836} INFO - DAG(s) dict_keys(['example_branch_dop_operator_v3']) retrieved from /home/airflow/.local/lib/python3.7/site-packages/airflow/example_dags/example_branch_python_dop_operator_3.py
[2023-05-17T23:49:21.701+0000] {logging_mixin.py:149} INFO - [2023-05-17T23:49:21.701+0000] {dag.py:2726} INFO - Sync 1 DAGs
[2023-05-17T23:49:21.720+0000] {logging_mixin.py:149} INFO - [2023-05-17T23:49:21.720+0000] {dag.py:3490} INFO - Setting next_dagrun for example_branch_dop_operator_v3 to 2023-05-17T23:48:00+00:00, run_after=2023-05-17T23:49:00+00:00
[2023-05-17T23:49:21.807+0000] {processor.py:179} INFO - Processing /home/airflow/.local/lib/python3.7/site-packages/airflow/example_dags/example_branch_python_dop_operator_3.py took 0.149 seconds
[2023-05-17T23:49:51.823+0000] {processor.py:157} INFO - Started process (PID=229) to work on /home/airflow/.local/lib/python3.7/site-packages/airflow/example_dags/example_branch_python_dop_operator_3.py
[2023-05-17T23:49:51.842+0000] {processor.py:826} INFO - Processing file /home/airflow/.local/lib/python3.7/site-packages/airflow/example_dags/example_branch_python_dop_operator_3.py for tasks to queue
[2023-05-17T23:49:51.842+0000] {logging_mixin.py:149} INFO - [2023-05-17T23:49:51.842+0000] {dagbag.py:541} INFO - Filling up the DagBag from /home/airflow/.local/lib/python3.7/site-packages/airflow/example_dags/example_branch_python_dop_operator_3.py
[2023-05-17T23:49:51.847+0000] {processor.py:836} INFO - DAG(s) dict_keys(['example_branch_dop_operator_v3']) retrieved from /home/airflow/.local/lib/python3.7/site-packages/airflow/example_dags/example_branch_python_dop_operator_3.py
[2023-05-17T23:49:51.931+0000] {logging_mixin.py:149} INFO - [2023-05-17T23:49:51.930+0000] {dag.py:2726} INFO - Sync 1 DAGs
[2023-05-17T23:49:51.946+0000] {logging_mixin.py:149} INFO - [2023-05-17T23:49:51.946+0000] {dag.py:3490} INFO - Setting next_dagrun for example_branch_dop_operator_v3 to 2023-05-17T23:48:00+00:00, run_after=2023-05-17T23:49:00+00:00
[2023-05-17T23:49:51.957+0000] {processor.py:179} INFO - Processing /home/airflow/.local/lib/python3.7/site-packages/airflow/example_dags/example_branch_python_dop_operator_3.py took 0.136 seconds
[2023-05-17T23:50:22.870+0000] {processor.py:157} INFO - Started process (PID=293) to work on /home/airflow/.local/lib/python3.7/site-packages/airflow/example_dags/example_branch_python_dop_operator_3.py
[2023-05-17T23:50:22.889+0000] {processor.py:826} INFO - Processing file /home/airflow/.local/lib/python3.7/site-packages/airflow/example_dags/example_branch_python_dop_operator_3.py for tasks to queue
[2023-05-17T23:50:22.889+0000] {logging_mixin.py:149} INFO - [2023-05-17T23:50:22.889+0000] {dagbag.py:541} INFO - Filling up the DagBag from /home/airflow/.local/lib/python3.7/site-packages/airflow/example_dags/example_branch_python_dop_operator_3.py
[2023-05-17T23:50:22.894+0000] {processor.py:836} INFO - DAG(s) dict_keys(['example_branch_dop_operator_v3']) retrieved from /home/airflow/.local/lib/python3.7/site-packages/airflow/example_dags/example_branch_python_dop_operator_3.py
[2023-05-17T23:50:22.909+0000] {logging_mixin.py:149} INFO - [2023-05-17T23:50:22.909+0000] {dag.py:2726} INFO - Sync 1 DAGs
[2023-05-17T23:50:22.926+0000] {logging_mixin.py:149} INFO - [2023-05-17T23:50:22.925+0000] {dag.py:3490} INFO - Setting next_dagrun for example_branch_dop_operator_v3 to 2023-05-17T23:49:00+00:00, run_after=2023-05-17T23:50:00+00:00
[2023-05-17T23:50:22.939+0000] {processor.py:179} INFO - Processing /home/airflow/.local/lib/python3.7/site-packages/airflow/example_dags/example_branch_python_dop_operator_3.py took 0.070 seconds
[2023-05-17T23:50:53.431+0000] {processor.py:157} INFO - Started process (PID=357) to work on /home/airflow/.local/lib/python3.7/site-packages/airflow/example_dags/example_branch_python_dop_operator_3.py
[2023-05-17T23:50:53.449+0000] {processor.py:826} INFO - Processing file /home/airflow/.local/lib/python3.7/site-packages/airflow/example_dags/example_branch_python_dop_operator_3.py for tasks to queue
[2023-05-17T23:50:53.449+0000] {logging_mixin.py:149} INFO - [2023-05-17T23:50:53.449+0000] {dagbag.py:541} INFO - Filling up the DagBag from /home/airflow/.local/lib/python3.7/site-packages/airflow/example_dags/example_branch_python_dop_operator_3.py
[2023-05-17T23:50:53.453+0000] {processor.py:836} INFO - DAG(s) dict_keys(['example_branch_dop_operator_v3']) retrieved from /home/airflow/.local/lib/python3.7/site-packages/airflow/example_dags/example_branch_python_dop_operator_3.py
[2023-05-17T23:50:53.467+0000] {logging_mixin.py:149} INFO - [2023-05-17T23:50:53.466+0000] {dag.py:2726} INFO - Sync 1 DAGs
[2023-05-17T23:50:53.482+0000] {logging_mixin.py:149} INFO - [2023-05-17T23:50:53.482+0000] {dag.py:3490} INFO - Setting next_dagrun for example_branch_dop_operator_v3 to 2023-05-17T23:49:00+00:00, run_after=2023-05-17T23:50:00+00:00
[2023-05-17T23:50:53.513+0000] {processor.py:179} INFO - Processing /home/airflow/.local/lib/python3.7/site-packages/airflow/example_dags/example_branch_python_dop_operator_3.py took 0.084 seconds
[2023-05-17T23:51:24.027+0000] {processor.py:157} INFO - Started process (PID=421) to work on /home/airflow/.local/lib/python3.7/site-packages/airflow/example_dags/example_branch_python_dop_operator_3.py
[2023-05-17T23:51:24.044+0000] {processor.py:826} INFO - Processing file /home/airflow/.local/lib/python3.7/site-packages/airflow/example_dags/example_branch_python_dop_operator_3.py for tasks to queue
[2023-05-17T23:51:24.045+0000] {logging_mixin.py:149} INFO - [2023-05-17T23:51:24.045+0000] {dagbag.py:541} INFO - Filling up the DagBag from /home/airflow/.local/lib/python3.7/site-packages/airflow/example_dags/example_branch_python_dop_operator_3.py
[2023-05-17T23:51:24.049+0000] {processor.py:836} INFO - DAG(s) dict_keys(['example_branch_dop_operator_v3']) retrieved from /home/airflow/.local/lib/python3.7/site-packages/airflow/example_dags/example_branch_python_dop_operator_3.py
[2023-05-17T23:51:24.063+0000] {logging_mixin.py:149} INFO - [2023-05-17T23:51:24.063+0000] {dag.py:2726} INFO - Sync 1 DAGs
[2023-05-17T23:51:24.078+0000] {logging_mixin.py:149} INFO - [2023-05-17T23:51:24.078+0000] {dag.py:3490} INFO - Setting next_dagrun for example_branch_dop_operator_v3 to 2023-05-17T23:50:00+00:00, run_after=2023-05-17T23:51:00+00:00
[2023-05-17T23:51:24.111+0000] {processor.py:179} INFO - Processing /home/airflow/.local/lib/python3.7/site-packages/airflow/example_dags/example_branch_python_dop_operator_3.py took 0.086 seconds
[2023-05-17T23:51:54.606+0000] {processor.py:157} INFO - Started process (PID=485) to work on /home/airflow/.local/lib/python3.7/site-packages/airflow/example_dags/example_branch_python_dop_operator_3.py
[2023-05-17T23:51:54.623+0000] {processor.py:826} INFO - Processing file /home/airflow/.local/lib/python3.7/site-packages/airflow/example_dags/example_branch_python_dop_operator_3.py for tasks to queue
[2023-05-17T23:51:54.623+0000] {logging_mixin.py:149} INFO - [2023-05-17T23:51:54.623+0000] {dagbag.py:541} INFO - Filling up the DagBag from /home/airflow/.local/lib/python3.7/site-packages/airflow/example_dags/example_branch_python_dop_operator_3.py
[2023-05-17T23:51:54.628+0000] {processor.py:836} INFO - DAG(s) dict_keys(['example_branch_dop_operator_v3']) retrieved from /home/airflow/.local/lib/python3.7/site-packages/airflow/example_dags/example_branch_python_dop_operator_3.py
[2023-05-17T23:51:54.645+0000] {logging_mixin.py:149} INFO - [2023-05-17T23:51:54.645+0000] {dag.py:2726} INFO - Sync 1 DAGs
[2023-05-17T23:51:54.663+0000] {logging_mixin.py:149} INFO - [2023-05-17T23:51:54.663+0000] {dag.py:3490} INFO - Setting next_dagrun for example_branch_dop_operator_v3 to 2023-05-17T23:50:00+00:00, run_after=2023-05-17T23:51:00+00:00
[2023-05-17T23:51:54.682+0000] {processor.py:179} INFO - Processing /home/airflow/.local/lib/python3.7/site-packages/airflow/example_dags/example_branch_python_dop_operator_3.py took 0.080 seconds
[2023-05-17T23:52:25.375+0000] {processor.py:157} INFO - Started process (PID=549) to work on /home/airflow/.local/lib/python3.7/site-packages/airflow/example_dags/example_branch_python_dop_operator_3.py
[2023-05-17T23:52:25.393+0000] {processor.py:826} INFO - Processing file /home/airflow/.local/lib/python3.7/site-packages/airflow/example_dags/example_branch_python_dop_operator_3.py for tasks to queue
[2023-05-17T23:52:25.394+0000] {logging_mixin.py:149} INFO - [2023-05-17T23:52:25.394+0000] {dagbag.py:541} INFO - Filling up the DagBag from /home/airflow/.local/lib/python3.7/site-packages/airflow/example_dags/example_branch_python_dop_operator_3.py
[2023-05-17T23:52:25.398+0000] {processor.py:836} INFO - DAG(s) dict_keys(['example_branch_dop_operator_v3']) retrieved from /home/airflow/.local/lib/python3.7/site-packages/airflow/example_dags/example_branch_python_dop_operator_3.py
[2023-05-17T23:52:25.413+0000] {logging_mixin.py:149} INFO - [2023-05-17T23:52:25.413+0000] {dag.py:2726} INFO - Sync 1 DAGs
[2023-05-17T23:52:25.429+0000] {logging_mixin.py:149} INFO - [2023-05-17T23:52:25.429+0000] {dag.py:3490} INFO - Setting next_dagrun for example_branch_dop_operator_v3 to 2023-05-17T23:51:00+00:00, run_after=2023-05-17T23:52:00+00:00
[2023-05-17T23:52:25.441+0000] {processor.py:179} INFO - Processing /home/airflow/.local/lib/python3.7/site-packages/airflow/example_dags/example_branch_python_dop_operator_3.py took 0.068 seconds
[2023-05-17T23:52:56.035+0000] {processor.py:157} INFO - Started process (PID=613) to work on /home/airflow/.local/lib/python3.7/site-packages/airflow/example_dags/example_branch_python_dop_operator_3.py
[2023-05-17T23:52:56.036+0000] {processor.py:826} INFO - Processing file /home/airflow/.local/lib/python3.7/site-packages/airflow/example_dags/example_branch_python_dop_operator_3.py for tasks to queue
[2023-05-17T23:52:56.037+0000] {logging_mixin.py:149} INFO - [2023-05-17T23:52:56.037+0000] {dagbag.py:541} INFO - Filling up the DagBag from /home/airflow/.local/lib/python3.7/site-packages/airflow/example_dags/example_branch_python_dop_operator_3.py
[2023-05-17T23:52:56.041+0000] {processor.py:836} INFO - DAG(s) dict_keys(['example_branch_dop_operator_v3']) retrieved from /home/airflow/.local/lib/python3.7/site-packages/airflow/example_dags/example_branch_python_dop_operator_3.py
[2023-05-17T23:52:56.056+0000] {logging_mixin.py:149} INFO - [2023-05-17T23:52:56.056+0000] {dag.py:2726} INFO - Sync 1 DAGs
[2023-05-17T23:52:56.072+0000] {logging_mixin.py:149} INFO - [2023-05-17T23:52:56.072+0000] {dag.py:3490} INFO - Setting next_dagrun for example_branch_dop_operator_v3 to 2023-05-17T23:51:00+00:00, run_after=2023-05-17T23:52:00+00:00
[2023-05-17T23:52:56.085+0000] {processor.py:179} INFO - Processing /home/airflow/.local/lib/python3.7/site-packages/airflow/example_dags/example_branch_python_dop_operator_3.py took 0.051 seconds
[2023-05-17T23:53:26.143+0000] {processor.py:157} INFO - Started process (PID=677) to work on /home/airflow/.local/lib/python3.7/site-packages/airflow/example_dags/example_branch_python_dop_operator_3.py
[2023-05-17T23:53:26.162+0000] {processor.py:826} INFO - Processing file /home/airflow/.local/lib/python3.7/site-packages/airflow/example_dags/example_branch_python_dop_operator_3.py for tasks to queue
[2023-05-17T23:53:26.162+0000] {logging_mixin.py:149} INFO - [2023-05-17T23:53:26.162+0000] {dagbag.py:541} INFO - Filling up the DagBag from /home/airflow/.local/lib/python3.7/site-packages/airflow/example_dags/example_branch_python_dop_operator_3.py
[2023-05-17T23:53:26.167+0000] {processor.py:836} INFO - DAG(s) dict_keys(['example_branch_dop_operator_v3']) retrieved from /home/airflow/.local/lib/python3.7/site-packages/airflow/example_dags/example_branch_python_dop_operator_3.py
[2023-05-17T23:53:26.180+0000] {logging_mixin.py:149} INFO - [2023-05-17T23:53:26.180+0000] {dag.py:2726} INFO - Sync 1 DAGs
[2023-05-17T23:53:26.195+0000] {logging_mixin.py:149} INFO - [2023-05-17T23:53:26.195+0000] {dag.py:3490} INFO - Setting next_dagrun for example_branch_dop_operator_v3 to 2023-05-17T23:52:00+00:00, run_after=2023-05-17T23:53:00+00:00
[2023-05-17T23:53:26.207+0000] {processor.py:179} INFO - Processing /home/airflow/.local/lib/python3.7/site-packages/airflow/example_dags/example_branch_python_dop_operator_3.py took 0.066 seconds
[2023-05-17T23:53:57.010+0000] {processor.py:157} INFO - Started process (PID=741) to work on /home/airflow/.local/lib/python3.7/site-packages/airflow/example_dags/example_branch_python_dop_operator_3.py
[2023-05-17T23:53:57.028+0000] {processor.py:826} INFO - Processing file /home/airflow/.local/lib/python3.7/site-packages/airflow/example_dags/example_branch_python_dop_operator_3.py for tasks to queue
[2023-05-17T23:53:57.028+0000] {logging_mixin.py:149} INFO - [2023-05-17T23:53:57.028+0000] {dagbag.py:541} INFO - Filling up the DagBag from /home/airflow/.local/lib/python3.7/site-packages/airflow/example_dags/example_branch_python_dop_operator_3.py
[2023-05-17T23:53:57.032+0000] {processor.py:836} INFO - DAG(s) dict_keys(['example_branch_dop_operator_v3']) retrieved from /home/airflow/.local/lib/python3.7/site-packages/airflow/example_dags/example_branch_python_dop_operator_3.py
[2023-05-17T23:53:57.048+0000] {logging_mixin.py:149} INFO - [2023-05-17T23:53:57.048+0000] {dag.py:2726} INFO - Sync 1 DAGs
[2023-05-17T23:53:57.066+0000] {logging_mixin.py:149} INFO - [2023-05-17T23:53:57.066+0000] {dag.py:3490} INFO - Setting next_dagrun for example_branch_dop_operator_v3 to 2023-05-17T23:52:00+00:00, run_after=2023-05-17T23:53:00+00:00
[2023-05-17T23:53:57.098+0000] {processor.py:179} INFO - Processing /home/airflow/.local/lib/python3.7/site-packages/airflow/example_dags/example_branch_python_dop_operator_3.py took 0.090 seconds
[2023-05-17T23:54:27.675+0000] {processor.py:157} INFO - Started process (PID=805) to work on /home/airflow/.local/lib/python3.7/site-packages/airflow/example_dags/example_branch_python_dop_operator_3.py
[2023-05-17T23:54:27.677+0000] {processor.py:826} INFO - Processing file /home/airflow/.local/lib/python3.7/site-packages/airflow/example_dags/example_branch_python_dop_operator_3.py for tasks to queue
[2023-05-17T23:54:27.677+0000] {logging_mixin.py:149} INFO - [2023-05-17T23:54:27.677+0000] {dagbag.py:541} INFO - Filling up the DagBag from /home/airflow/.local/lib/python3.7/site-packages/airflow/example_dags/example_branch_python_dop_operator_3.py
[2023-05-17T23:54:27.681+0000] {processor.py:836} INFO - DAG(s) dict_keys(['example_branch_dop_operator_v3']) retrieved from /home/airflow/.local/lib/python3.7/site-packages/airflow/example_dags/example_branch_python_dop_operator_3.py
[2023-05-17T23:54:27.700+0000] {logging_mixin.py:149} INFO - [2023-05-17T23:54:27.700+0000] {dag.py:2726} INFO - Sync 1 DAGs
[2023-05-17T23:54:27.717+0000] {logging_mixin.py:149} INFO - [2023-05-17T23:54:27.717+0000] {dag.py:3490} INFO - Setting next_dagrun for example_branch_dop_operator_v3 to 2023-05-17T23:53:00+00:00, run_after=2023-05-17T23:54:00+00:00
[2023-05-17T23:54:27.734+0000] {processor.py:179} INFO - Processing /home/airflow/.local/lib/python3.7/site-packages/airflow/example_dags/example_branch_python_dop_operator_3.py took 0.060 seconds
[2023-05-17T23:54:58.273+0000] {processor.py:157} INFO - Started process (PID=869) to work on /home/airflow/.local/lib/python3.7/site-packages/airflow/example_dags/example_branch_python_dop_operator_3.py
[2023-05-17T23:54:58.292+0000] {processor.py:826} INFO - Processing file /home/airflow/.local/lib/python3.7/site-packages/airflow/example_dags/example_branch_python_dop_operator_3.py for tasks to queue
[2023-05-17T23:54:58.292+0000] {logging_mixin.py:149} INFO - [2023-05-17T23:54:58.292+0000] {dagbag.py:541} INFO - Filling up the DagBag from /home/airflow/.local/lib/python3.7/site-packages/airflow/example_dags/example_branch_python_dop_operator_3.py
[2023-05-17T23:54:58.297+0000] {processor.py:836} INFO - DAG(s) dict_keys(['example_branch_dop_operator_v3']) retrieved from /home/airflow/.local/lib/python3.7/site-packages/airflow/example_dags/example_branch_python_dop_operator_3.py
[2023-05-17T23:54:58.311+0000] {logging_mixin.py:149} INFO - [2023-05-17T23:54:58.311+0000] {dag.py:2726} INFO - Sync 1 DAGs
[2023-05-17T23:54:58.327+0000] {logging_mixin.py:149} INFO - [2023-05-17T23:54:58.327+0000] {dag.py:3490} INFO - Setting next_dagrun for example_branch_dop_operator_v3 to 2023-05-17T23:53:00+00:00, run_after=2023-05-17T23:54:00+00:00
[2023-05-17T23:54:58.339+0000] {processor.py:179} INFO - Processing /home/airflow/.local/lib/python3.7/site-packages/airflow/example_dags/example_branch_python_dop_operator_3.py took 0.068 seconds
[2023-05-17T23:55:28.869+0000] {processor.py:157} INFO - Started process (PID=933) to work on /home/airflow/.local/lib/python3.7/site-packages/airflow/example_dags/example_branch_python_dop_operator_3.py
[2023-05-17T23:55:28.888+0000] {processor.py:826} INFO - Processing file /home/airflow/.local/lib/python3.7/site-packages/airflow/example_dags/example_branch_python_dop_operator_3.py for tasks to queue
[2023-05-17T23:55:28.888+0000] {logging_mixin.py:149} INFO - [2023-05-17T23:55:28.888+0000] {dagbag.py:541} INFO - Filling up the DagBag from /home/airflow/.local/lib/python3.7/site-packages/airflow/example_dags/example_branch_python_dop_operator_3.py
[2023-05-17T23:55:28.892+0000] {processor.py:836} INFO - DAG(s) dict_keys(['example_branch_dop_operator_v3']) retrieved from /home/airflow/.local/lib/python3.7/site-packages/airflow/example_dags/example_branch_python_dop_operator_3.py
[2023-05-17T23:55:28.905+0000] {logging_mixin.py:149} INFO - [2023-05-17T23:55:28.905+0000] {dag.py:2726} INFO - Sync 1 DAGs
[2023-05-17T23:55:28.920+0000] {logging_mixin.py:149} INFO - [2023-05-17T23:55:28.920+0000] {dag.py:3490} INFO - Setting next_dagrun for example_branch_dop_operator_v3 to 2023-05-17T23:54:00+00:00, run_after=2023-05-17T23:55:00+00:00
[2023-05-17T23:55:28.951+0000] {processor.py:179} INFO - Processing /home/airflow/.local/lib/python3.7/site-packages/airflow/example_dags/example_branch_python_dop_operator_3.py took 0.083 seconds
[2023-05-17T23:55:59.509+0000] {processor.py:157} INFO - Started process (PID=997) to work on /home/airflow/.local/lib/python3.7/site-packages/airflow/example_dags/example_branch_python_dop_operator_3.py
[2023-05-17T23:55:59.524+0000] {processor.py:826} INFO - Processing file /home/airflow/.local/lib/python3.7/site-packages/airflow/example_dags/example_branch_python_dop_operator_3.py for tasks to queue
[2023-05-17T23:55:59.525+0000] {logging_mixin.py:149} INFO - [2023-05-17T23:55:59.525+0000] {dagbag.py:541} INFO - Filling up the DagBag from /home/airflow/.local/lib/python3.7/site-packages/airflow/example_dags/example_branch_python_dop_operator_3.py
[2023-05-17T23:55:59.530+0000] {processor.py:836} INFO - DAG(s) dict_keys(['example_branch_dop_operator_v3']) retrieved from /home/airflow/.local/lib/python3.7/site-packages/airflow/example_dags/example_branch_python_dop_operator_3.py
[2023-05-17T23:55:59.545+0000] {logging_mixin.py:149} INFO - [2023-05-17T23:55:59.545+0000] {dag.py:2726} INFO - Sync 1 DAGs
[2023-05-17T23:55:59.563+0000] {logging_mixin.py:149} INFO - [2023-05-17T23:55:59.563+0000] {dag.py:3490} INFO - Setting next_dagrun for example_branch_dop_operator_v3 to 2023-05-17T23:54:00+00:00, run_after=2023-05-17T23:55:00+00:00
[2023-05-17T23:55:59.577+0000] {processor.py:179} INFO - Processing /home/airflow/.local/lib/python3.7/site-packages/airflow/example_dags/example_branch_python_dop_operator_3.py took 0.070 seconds
[2023-05-17T23:56:30.253+0000] {processor.py:157} INFO - Started process (PID=1061) to work on /home/airflow/.local/lib/python3.7/site-packages/airflow/example_dags/example_branch_python_dop_operator_3.py
[2023-05-17T23:56:30.254+0000] {processor.py:826} INFO - Processing file /home/airflow/.local/lib/python3.7/site-packages/airflow/example_dags/example_branch_python_dop_operator_3.py for tasks to queue
[2023-05-17T23:56:30.254+0000] {logging_mixin.py:149} INFO - [2023-05-17T23:56:30.254+0000] {dagbag.py:541} INFO - Filling up the DagBag from /home/airflow/.local/lib/python3.7/site-packages/airflow/example_dags/example_branch_python_dop_operator_3.py
[2023-05-17T23:56:30.258+0000] {processor.py:836} INFO - DAG(s) dict_keys(['example_branch_dop_operator_v3']) retrieved from /home/airflow/.local/lib/python3.7/site-packages/airflow/example_dags/example_branch_python_dop_operator_3.py
[2023-05-17T23:56:30.272+0000] {logging_mixin.py:149} INFO - [2023-05-17T23:56:30.272+0000] {dag.py:2726} INFO - Sync 1 DAGs
[2023-05-17T23:56:30.287+0000] {logging_mixin.py:149} INFO - [2023-05-17T23:56:30.286+0000] {dag.py:3490} INFO - Setting next_dagrun for example_branch_dop_operator_v3 to 2023-05-17T23:55:00+00:00, run_after=2023-05-17T23:56:00+00:00
[2023-05-17T23:56:30.303+0000] {processor.py:179} INFO - Processing /home/airflow/.local/lib/python3.7/site-packages/airflow/example_dags/example_branch_python_dop_operator_3.py took 0.051 seconds
[2023-05-17T23:57:00.823+0000] {processor.py:157} INFO - Started process (PID=1125) to work on /home/airflow/.local/lib/python3.7/site-packages/airflow/example_dags/example_branch_python_dop_operator_3.py
[2023-05-17T23:57:00.841+0000] {processor.py:826} INFO - Processing file /home/airflow/.local/lib/python3.7/site-packages/airflow/example_dags/example_branch_python_dop_operator_3.py for tasks to queue
[2023-05-17T23:57:00.842+0000] {logging_mixin.py:149} INFO - [2023-05-17T23:57:00.842+0000] {dagbag.py:541} INFO - Filling up the DagBag from /home/airflow/.local/lib/python3.7/site-packages/airflow/example_dags/example_branch_python_dop_operator_3.py
[2023-05-17T23:57:00.846+0000] {processor.py:836} INFO - DAG(s) dict_keys(['example_branch_dop_operator_v3']) retrieved from /home/airflow/.local/lib/python3.7/site-packages/airflow/example_dags/example_branch_python_dop_operator_3.py
[2023-05-17T23:57:00.861+0000] {logging_mixin.py:149} INFO - [2023-05-17T23:57:00.861+0000] {dag.py:2726} INFO - Sync 1 DAGs
[2023-05-17T23:57:00.889+0000] {logging_mixin.py:149} INFO - [2023-05-17T23:57:00.889+0000] {dag.py:3490} INFO - Setting next_dagrun for example_branch_dop_operator_v3 to 2023-05-17T23:56:00+00:00, run_after=2023-05-17T23:57:00+00:00
[2023-05-17T23:57:00.920+0000] {processor.py:179} INFO - Processing /home/airflow/.local/lib/python3.7/site-packages/airflow/example_dags/example_branch_python_dop_operator_3.py took 0.099 seconds
[2023-05-17T23:57:31.471+0000] {processor.py:157} INFO - Started process (PID=1189) to work on /home/airflow/.local/lib/python3.7/site-packages/airflow/example_dags/example_branch_python_dop_operator_3.py
[2023-05-17T23:57:31.471+0000] {processor.py:826} INFO - Processing file /home/airflow/.local/lib/python3.7/site-packages/airflow/example_dags/example_branch_python_dop_operator_3.py for tasks to queue
[2023-05-17T23:57:31.471+0000] {logging_mixin.py:149} INFO - [2023-05-17T23:57:31.471+0000] {dagbag.py:541} INFO - Filling up the DagBag from /home/airflow/.local/lib/python3.7/site-packages/airflow/example_dags/example_branch_python_dop_operator_3.py
[2023-05-17T23:57:31.476+0000] {processor.py:836} INFO - DAG(s) dict_keys(['example_branch_dop_operator_v3']) retrieved from /home/airflow/.local/lib/python3.7/site-packages/airflow/example_dags/example_branch_python_dop_operator_3.py
[2023-05-17T23:57:31.493+0000] {logging_mixin.py:149} INFO - [2023-05-17T23:57:31.493+0000] {dag.py:2726} INFO - Sync 1 DAGs
[2023-05-17T23:57:31.509+0000] {logging_mixin.py:149} INFO - [2023-05-17T23:57:31.509+0000] {dag.py:3490} INFO - Setting next_dagrun for example_branch_dop_operator_v3 to 2023-05-17T23:56:00+00:00, run_after=2023-05-17T23:57:00+00:00
[2023-05-17T23:57:31.527+0000] {processor.py:179} INFO - Processing /home/airflow/.local/lib/python3.7/site-packages/airflow/example_dags/example_branch_python_dop_operator_3.py took 0.059 seconds
[2023-05-17T23:58:02.069+0000] {processor.py:157} INFO - Started process (PID=1253) to work on /home/airflow/.local/lib/python3.7/site-packages/airflow/example_dags/example_branch_python_dop_operator_3.py
[2023-05-17T23:58:02.071+0000] {processor.py:826} INFO - Processing file /home/airflow/.local/lib/python3.7/site-packages/airflow/example_dags/example_branch_python_dop_operator_3.py for tasks to queue
[2023-05-17T23:58:02.071+0000] {logging_mixin.py:149} INFO - [2023-05-17T23:58:02.071+0000] {dagbag.py:541} INFO - Filling up the DagBag from /home/airflow/.local/lib/python3.7/site-packages/airflow/example_dags/example_branch_python_dop_operator_3.py
[2023-05-17T23:58:02.076+0000] {processor.py:836} INFO - DAG(s) dict_keys(['example_branch_dop_operator_v3']) retrieved from /home/airflow/.local/lib/python3.7/site-packages/airflow/example_dags/example_branch_python_dop_operator_3.py
[2023-05-17T23:58:02.092+0000] {logging_mixin.py:149} INFO - [2023-05-17T23:58:02.092+0000] {dag.py:2726} INFO - Sync 1 DAGs
[2023-05-17T23:58:02.110+0000] {logging_mixin.py:149} INFO - [2023-05-17T23:58:02.110+0000] {dag.py:3490} INFO - Setting next_dagrun for example_branch_dop_operator_v3 to 2023-05-17T23:57:00+00:00, run_after=2023-05-17T23:58:00+00:00
[2023-05-17T23:58:02.126+0000] {processor.py:179} INFO - Processing /home/airflow/.local/lib/python3.7/site-packages/airflow/example_dags/example_branch_python_dop_operator_3.py took 0.059 seconds
[2023-05-17T23:58:32.896+0000] {processor.py:157} INFO - Started process (PID=1317) to work on /home/airflow/.local/lib/python3.7/site-packages/airflow/example_dags/example_branch_python_dop_operator_3.py
[2023-05-17T23:58:32.915+0000] {processor.py:826} INFO - Processing file /home/airflow/.local/lib/python3.7/site-packages/airflow/example_dags/example_branch_python_dop_operator_3.py for tasks to queue
[2023-05-17T23:58:32.915+0000] {logging_mixin.py:149} INFO - [2023-05-17T23:58:32.915+0000] {dagbag.py:541} INFO - Filling up the DagBag from /home/airflow/.local/lib/python3.7/site-packages/airflow/example_dags/example_branch_python_dop_operator_3.py
[2023-05-17T23:58:32.919+0000] {processor.py:836} INFO - DAG(s) dict_keys(['example_branch_dop_operator_v3']) retrieved from /home/airflow/.local/lib/python3.7/site-packages/airflow/example_dags/example_branch_python_dop_operator_3.py
[2023-05-17T23:58:32.934+0000] {logging_mixin.py:149} INFO - [2023-05-17T23:58:32.933+0000] {dag.py:2726} INFO - Sync 1 DAGs
[2023-05-17T23:58:32.949+0000] {logging_mixin.py:149} INFO - [2023-05-17T23:58:32.949+0000] {dag.py:3490} INFO - Setting next_dagrun for example_branch_dop_operator_v3 to 2023-05-17T23:57:00+00:00, run_after=2023-05-17T23:58:00+00:00
[2023-05-17T23:58:32.981+0000] {processor.py:179} INFO - Processing /home/airflow/.local/lib/python3.7/site-packages/airflow/example_dags/example_branch_python_dop_operator_3.py took 0.087 seconds
[2023-05-17T23:59:03.449+0000] {processor.py:157} INFO - Started process (PID=1381) to work on /home/airflow/.local/lib/python3.7/site-packages/airflow/example_dags/example_branch_python_dop_operator_3.py
[2023-05-17T23:59:03.471+0000] {processor.py:826} INFO - Processing file /home/airflow/.local/lib/python3.7/site-packages/airflow/example_dags/example_branch_python_dop_operator_3.py for tasks to queue
[2023-05-17T23:59:03.471+0000] {logging_mixin.py:149} INFO - [2023-05-17T23:59:03.471+0000] {dagbag.py:541} INFO - Filling up the DagBag from /home/airflow/.local/lib/python3.7/site-packages/airflow/example_dags/example_branch_python_dop_operator_3.py
[2023-05-17T23:59:03.475+0000] {processor.py:836} INFO - DAG(s) dict_keys(['example_branch_dop_operator_v3']) retrieved from /home/airflow/.local/lib/python3.7/site-packages/airflow/example_dags/example_branch_python_dop_operator_3.py
[2023-05-17T23:59:03.490+0000] {logging_mixin.py:149} INFO - [2023-05-17T23:59:03.489+0000] {dag.py:2726} INFO - Sync 1 DAGs
[2023-05-17T23:59:03.505+0000] {logging_mixin.py:149} INFO - [2023-05-17T23:59:03.505+0000] {dag.py:3490} INFO - Setting next_dagrun for example_branch_dop_operator_v3 to 2023-05-17T23:58:00+00:00, run_after=2023-05-17T23:59:00+00:00
[2023-05-17T23:59:03.516+0000] {processor.py:179} INFO - Processing /home/airflow/.local/lib/python3.7/site-packages/airflow/example_dags/example_branch_python_dop_operator_3.py took 0.069 seconds
[2023-05-17T23:59:34.055+0000] {processor.py:157} INFO - Started process (PID=1445) to work on /home/airflow/.local/lib/python3.7/site-packages/airflow/example_dags/example_branch_python_dop_operator_3.py
[2023-05-17T23:59:34.075+0000] {processor.py:826} INFO - Processing file /home/airflow/.local/lib/python3.7/site-packages/airflow/example_dags/example_branch_python_dop_operator_3.py for tasks to queue
[2023-05-17T23:59:34.075+0000] {logging_mixin.py:149} INFO - [2023-05-17T23:59:34.075+0000] {dagbag.py:541} INFO - Filling up the DagBag from /home/airflow/.local/lib/python3.7/site-packages/airflow/example_dags/example_branch_python_dop_operator_3.py
[2023-05-17T23:59:34.079+0000] {processor.py:836} INFO - DAG(s) dict_keys(['example_branch_dop_operator_v3']) retrieved from /home/airflow/.local/lib/python3.7/site-packages/airflow/example_dags/example_branch_python_dop_operator_3.py
[2023-05-17T23:59:34.092+0000] {logging_mixin.py:149} INFO - [2023-05-17T23:59:34.092+0000] {dag.py:2726} INFO - Sync 1 DAGs
[2023-05-17T23:59:34.107+0000] {logging_mixin.py:149} INFO - [2023-05-17T23:59:34.107+0000] {dag.py:3490} INFO - Setting next_dagrun for example_branch_dop_operator_v3 to 2023-05-17T23:58:00+00:00, run_after=2023-05-17T23:59:00+00:00
[2023-05-17T23:59:34.118+0000] {processor.py:179} INFO - Processing /home/airflow/.local/lib/python3.7/site-packages/airflow/example_dags/example_branch_python_dop_operator_3.py took 0.065 seconds
