[2023-05-17T23:27:46.338+0000] {processor.py:157} INFO - Started process (PID=51) to work on /home/airflow/.local/lib/python3.7/site-packages/airflow/example_dags/example_sensor_decorator.py
[2023-05-17T23:27:46.338+0000] {processor.py:826} INFO - Processing file /home/airflow/.local/lib/python3.7/site-packages/airflow/example_dags/example_sensor_decorator.py for tasks to queue
[2023-05-17T23:27:46.338+0000] {logging_mixin.py:149} INFO - [2023-05-17T23:27:46.338+0000] {dagbag.py:541} INFO - Filling up the DagBag from /home/airflow/.local/lib/python3.7/site-packages/airflow/example_dags/example_sensor_decorator.py
[2023-05-17T23:27:46.344+0000] {processor.py:836} INFO - DAG(s) dict_keys(['example_sensor_decorator']) retrieved from /home/airflow/.local/lib/python3.7/site-packages/airflow/example_dags/example_sensor_decorator.py
[2023-05-17T23:27:46.351+0000] {logging_mixin.py:149} INFO - [2023-05-17T23:27:46.351+0000] {dag.py:2726} INFO - Sync 1 DAGs
[2023-05-17T23:27:46.366+0000] {logging_mixin.py:149} INFO - [2023-05-17T23:27:46.366+0000] {dag.py:3490} INFO - Setting next_dagrun for example_sensor_decorator to None, run_after=None
[2023-05-17T23:27:46.380+0000] {processor.py:179} INFO - Processing /home/airflow/.local/lib/python3.7/site-packages/airflow/example_dags/example_sensor_decorator.py took 0.044 seconds
[2023-05-17T23:28:16.880+0000] {processor.py:157} INFO - Started process (PID=115) to work on /home/airflow/.local/lib/python3.7/site-packages/airflow/example_dags/example_sensor_decorator.py
[2023-05-17T23:28:16.880+0000] {processor.py:826} INFO - Processing file /home/airflow/.local/lib/python3.7/site-packages/airflow/example_dags/example_sensor_decorator.py for tasks to queue
[2023-05-17T23:28:16.880+0000] {logging_mixin.py:149} INFO - [2023-05-17T23:28:16.880+0000] {dagbag.py:541} INFO - Filling up the DagBag from /home/airflow/.local/lib/python3.7/site-packages/airflow/example_dags/example_sensor_decorator.py
[2023-05-17T23:28:16.883+0000] {processor.py:836} INFO - DAG(s) dict_keys(['example_sensor_decorator']) retrieved from /home/airflow/.local/lib/python3.7/site-packages/airflow/example_dags/example_sensor_decorator.py
[2023-05-17T23:28:16.896+0000] {logging_mixin.py:149} INFO - [2023-05-17T23:28:16.896+0000] {dag.py:2726} INFO - Sync 1 DAGs
[2023-05-17T23:28:16.909+0000] {logging_mixin.py:149} INFO - [2023-05-17T23:28:16.909+0000] {dag.py:3490} INFO - Setting next_dagrun for example_sensor_decorator to None, run_after=None
[2023-05-17T23:28:16.919+0000] {processor.py:179} INFO - Processing /home/airflow/.local/lib/python3.7/site-packages/airflow/example_dags/example_sensor_decorator.py took 0.041 seconds
[2023-05-17T23:28:47.349+0000] {processor.py:157} INFO - Started process (PID=179) to work on /home/airflow/.local/lib/python3.7/site-packages/airflow/example_dags/example_sensor_decorator.py
[2023-05-17T23:28:47.349+0000] {processor.py:826} INFO - Processing file /home/airflow/.local/lib/python3.7/site-packages/airflow/example_dags/example_sensor_decorator.py for tasks to queue
[2023-05-17T23:28:47.349+0000] {logging_mixin.py:149} INFO - [2023-05-17T23:28:47.349+0000] {dagbag.py:541} INFO - Filling up the DagBag from /home/airflow/.local/lib/python3.7/site-packages/airflow/example_dags/example_sensor_decorator.py
[2023-05-17T23:28:47.352+0000] {processor.py:836} INFO - DAG(s) dict_keys(['example_sensor_decorator']) retrieved from /home/airflow/.local/lib/python3.7/site-packages/airflow/example_dags/example_sensor_decorator.py
[2023-05-17T23:28:47.366+0000] {logging_mixin.py:149} INFO - [2023-05-17T23:28:47.366+0000] {dag.py:2726} INFO - Sync 1 DAGs
[2023-05-17T23:28:47.379+0000] {logging_mixin.py:149} INFO - [2023-05-17T23:28:47.379+0000] {dag.py:3490} INFO - Setting next_dagrun for example_sensor_decorator to None, run_after=None
[2023-05-17T23:28:47.390+0000] {processor.py:179} INFO - Processing /home/airflow/.local/lib/python3.7/site-packages/airflow/example_dags/example_sensor_decorator.py took 0.043 seconds
[2023-05-17T23:29:17.799+0000] {processor.py:157} INFO - Started process (PID=243) to work on /home/airflow/.local/lib/python3.7/site-packages/airflow/example_dags/example_sensor_decorator.py
[2023-05-17T23:29:17.800+0000] {processor.py:826} INFO - Processing file /home/airflow/.local/lib/python3.7/site-packages/airflow/example_dags/example_sensor_decorator.py for tasks to queue
[2023-05-17T23:29:17.800+0000] {logging_mixin.py:149} INFO - [2023-05-17T23:29:17.800+0000] {dagbag.py:541} INFO - Filling up the DagBag from /home/airflow/.local/lib/python3.7/site-packages/airflow/example_dags/example_sensor_decorator.py
[2023-05-17T23:29:17.803+0000] {processor.py:836} INFO - DAG(s) dict_keys(['example_sensor_decorator']) retrieved from /home/airflow/.local/lib/python3.7/site-packages/airflow/example_dags/example_sensor_decorator.py
[2023-05-17T23:29:17.816+0000] {logging_mixin.py:149} INFO - [2023-05-17T23:29:17.816+0000] {dag.py:2726} INFO - Sync 1 DAGs
[2023-05-17T23:29:17.829+0000] {logging_mixin.py:149} INFO - [2023-05-17T23:29:17.829+0000] {dag.py:3490} INFO - Setting next_dagrun for example_sensor_decorator to None, run_after=None
[2023-05-17T23:29:17.841+0000] {processor.py:179} INFO - Processing /home/airflow/.local/lib/python3.7/site-packages/airflow/example_dags/example_sensor_decorator.py took 0.043 seconds
[2023-05-17T23:29:48.345+0000] {processor.py:157} INFO - Started process (PID=307) to work on /home/airflow/.local/lib/python3.7/site-packages/airflow/example_dags/example_sensor_decorator.py
[2023-05-17T23:29:48.351+0000] {processor.py:826} INFO - Processing file /home/airflow/.local/lib/python3.7/site-packages/airflow/example_dags/example_sensor_decorator.py for tasks to queue
[2023-05-17T23:29:48.352+0000] {logging_mixin.py:149} INFO - [2023-05-17T23:29:48.352+0000] {dagbag.py:541} INFO - Filling up the DagBag from /home/airflow/.local/lib/python3.7/site-packages/airflow/example_dags/example_sensor_decorator.py
[2023-05-17T23:29:48.356+0000] {processor.py:836} INFO - DAG(s) dict_keys(['example_sensor_decorator']) retrieved from /home/airflow/.local/lib/python3.7/site-packages/airflow/example_dags/example_sensor_decorator.py
[2023-05-17T23:29:48.374+0000] {logging_mixin.py:149} INFO - [2023-05-17T23:29:48.373+0000] {dag.py:2726} INFO - Sync 1 DAGs
[2023-05-17T23:29:48.393+0000] {logging_mixin.py:149} INFO - [2023-05-17T23:29:48.393+0000] {dag.py:3490} INFO - Setting next_dagrun for example_sensor_decorator to None, run_after=None
[2023-05-17T23:29:48.425+0000] {processor.py:179} INFO - Processing /home/airflow/.local/lib/python3.7/site-packages/airflow/example_dags/example_sensor_decorator.py took 0.083 seconds
[2023-05-17T23:30:31.573+0000] {processor.py:157} INFO - Started process (PID=52) to work on /home/airflow/.local/lib/python3.7/site-packages/airflow/example_dags/example_sensor_decorator.py
[2023-05-17T23:30:31.583+0000] {processor.py:826} INFO - Processing file /home/airflow/.local/lib/python3.7/site-packages/airflow/example_dags/example_sensor_decorator.py for tasks to queue
[2023-05-17T23:30:31.583+0000] {logging_mixin.py:149} INFO - [2023-05-17T23:30:31.583+0000] {dagbag.py:541} INFO - Filling up the DagBag from /home/airflow/.local/lib/python3.7/site-packages/airflow/example_dags/example_sensor_decorator.py
[2023-05-17T23:30:31.588+0000] {processor.py:836} INFO - DAG(s) dict_keys(['example_sensor_decorator']) retrieved from /home/airflow/.local/lib/python3.7/site-packages/airflow/example_dags/example_sensor_decorator.py
[2023-05-17T23:30:31.596+0000] {logging_mixin.py:149} INFO - [2023-05-17T23:30:31.596+0000] {dag.py:2726} INFO - Sync 1 DAGs
[2023-05-17T23:30:31.611+0000] {logging_mixin.py:149} INFO - [2023-05-17T23:30:31.611+0000] {dag.py:3490} INFO - Setting next_dagrun for example_sensor_decorator to None, run_after=None
[2023-05-17T23:30:31.623+0000] {processor.py:179} INFO - Processing /home/airflow/.local/lib/python3.7/site-packages/airflow/example_dags/example_sensor_decorator.py took 0.051 seconds
[2023-05-17T23:31:02.460+0000] {processor.py:157} INFO - Started process (PID=116) to work on /home/airflow/.local/lib/python3.7/site-packages/airflow/example_dags/example_sensor_decorator.py
[2023-05-17T23:31:02.460+0000] {processor.py:826} INFO - Processing file /home/airflow/.local/lib/python3.7/site-packages/airflow/example_dags/example_sensor_decorator.py for tasks to queue
[2023-05-17T23:31:02.461+0000] {logging_mixin.py:149} INFO - [2023-05-17T23:31:02.461+0000] {dagbag.py:541} INFO - Filling up the DagBag from /home/airflow/.local/lib/python3.7/site-packages/airflow/example_dags/example_sensor_decorator.py
[2023-05-17T23:31:02.464+0000] {processor.py:836} INFO - DAG(s) dict_keys(['example_sensor_decorator']) retrieved from /home/airflow/.local/lib/python3.7/site-packages/airflow/example_dags/example_sensor_decorator.py
[2023-05-17T23:31:02.478+0000] {logging_mixin.py:149} INFO - [2023-05-17T23:31:02.478+0000] {dag.py:2726} INFO - Sync 1 DAGs
[2023-05-17T23:31:02.492+0000] {logging_mixin.py:149} INFO - [2023-05-17T23:31:02.492+0000] {dag.py:3490} INFO - Setting next_dagrun for example_sensor_decorator to None, run_after=None
[2023-05-17T23:31:02.505+0000] {processor.py:179} INFO - Processing /home/airflow/.local/lib/python3.7/site-packages/airflow/example_dags/example_sensor_decorator.py took 0.048 seconds
[2023-05-17T23:31:33.044+0000] {processor.py:157} INFO - Started process (PID=180) to work on /home/airflow/.local/lib/python3.7/site-packages/airflow/example_dags/example_sensor_decorator.py
[2023-05-17T23:31:33.045+0000] {processor.py:826} INFO - Processing file /home/airflow/.local/lib/python3.7/site-packages/airflow/example_dags/example_sensor_decorator.py for tasks to queue
[2023-05-17T23:31:33.045+0000] {logging_mixin.py:149} INFO - [2023-05-17T23:31:33.045+0000] {dagbag.py:541} INFO - Filling up the DagBag from /home/airflow/.local/lib/python3.7/site-packages/airflow/example_dags/example_sensor_decorator.py
[2023-05-17T23:31:33.048+0000] {processor.py:836} INFO - DAG(s) dict_keys(['example_sensor_decorator']) retrieved from /home/airflow/.local/lib/python3.7/site-packages/airflow/example_dags/example_sensor_decorator.py
[2023-05-17T23:31:33.061+0000] {logging_mixin.py:149} INFO - [2023-05-17T23:31:33.061+0000] {dag.py:2726} INFO - Sync 1 DAGs
[2023-05-17T23:31:33.140+0000] {logging_mixin.py:149} INFO - [2023-05-17T23:31:33.140+0000] {dag.py:3490} INFO - Setting next_dagrun for example_sensor_decorator to None, run_after=None
[2023-05-17T23:31:33.151+0000] {processor.py:179} INFO - Processing /home/airflow/.local/lib/python3.7/site-packages/airflow/example_dags/example_sensor_decorator.py took 0.109 seconds
[2023-05-17T23:34:33.466+0000] {processor.py:157} INFO - Started process (PID=52) to work on /home/airflow/.local/lib/python3.7/site-packages/airflow/example_dags/example_sensor_decorator.py
[2023-05-17T23:34:33.475+0000] {processor.py:826} INFO - Processing file /home/airflow/.local/lib/python3.7/site-packages/airflow/example_dags/example_sensor_decorator.py for tasks to queue
[2023-05-17T23:34:33.475+0000] {logging_mixin.py:149} INFO - [2023-05-17T23:34:33.475+0000] {dagbag.py:541} INFO - Filling up the DagBag from /home/airflow/.local/lib/python3.7/site-packages/airflow/example_dags/example_sensor_decorator.py
[2023-05-17T23:34:33.480+0000] {processor.py:836} INFO - DAG(s) dict_keys(['example_sensor_decorator']) retrieved from /home/airflow/.local/lib/python3.7/site-packages/airflow/example_dags/example_sensor_decorator.py
[2023-05-17T23:34:33.488+0000] {logging_mixin.py:149} INFO - [2023-05-17T23:34:33.488+0000] {dag.py:2726} INFO - Sync 1 DAGs
[2023-05-17T23:34:33.503+0000] {logging_mixin.py:149} INFO - [2023-05-17T23:34:33.503+0000] {dag.py:3490} INFO - Setting next_dagrun for example_sensor_decorator to None, run_after=None
[2023-05-17T23:34:33.516+0000] {processor.py:179} INFO - Processing /home/airflow/.local/lib/python3.7/site-packages/airflow/example_dags/example_sensor_decorator.py took 0.052 seconds
[2023-05-17T23:35:04.591+0000] {processor.py:157} INFO - Started process (PID=116) to work on /home/airflow/.local/lib/python3.7/site-packages/airflow/example_dags/example_sensor_decorator.py
[2023-05-17T23:35:04.601+0000] {processor.py:826} INFO - Processing file /home/airflow/.local/lib/python3.7/site-packages/airflow/example_dags/example_sensor_decorator.py for tasks to queue
[2023-05-17T23:35:04.601+0000] {logging_mixin.py:149} INFO - [2023-05-17T23:35:04.601+0000] {dagbag.py:541} INFO - Filling up the DagBag from /home/airflow/.local/lib/python3.7/site-packages/airflow/example_dags/example_sensor_decorator.py
[2023-05-17T23:35:04.604+0000] {processor.py:836} INFO - DAG(s) dict_keys(['example_sensor_decorator']) retrieved from /home/airflow/.local/lib/python3.7/site-packages/airflow/example_dags/example_sensor_decorator.py
[2023-05-17T23:35:04.618+0000] {logging_mixin.py:149} INFO - [2023-05-17T23:35:04.618+0000] {dag.py:2726} INFO - Sync 1 DAGs
[2023-05-17T23:35:04.632+0000] {logging_mixin.py:149} INFO - [2023-05-17T23:35:04.632+0000] {dag.py:3490} INFO - Setting next_dagrun for example_sensor_decorator to None, run_after=None
[2023-05-17T23:35:04.650+0000] {processor.py:179} INFO - Processing /home/airflow/.local/lib/python3.7/site-packages/airflow/example_dags/example_sensor_decorator.py took 0.062 seconds
[2023-05-17T23:35:35.165+0000] {processor.py:157} INFO - Started process (PID=180) to work on /home/airflow/.local/lib/python3.7/site-packages/airflow/example_dags/example_sensor_decorator.py
[2023-05-17T23:35:35.174+0000] {processor.py:826} INFO - Processing file /home/airflow/.local/lib/python3.7/site-packages/airflow/example_dags/example_sensor_decorator.py for tasks to queue
[2023-05-17T23:35:35.175+0000] {logging_mixin.py:149} INFO - [2023-05-17T23:35:35.174+0000] {dagbag.py:541} INFO - Filling up the DagBag from /home/airflow/.local/lib/python3.7/site-packages/airflow/example_dags/example_sensor_decorator.py
[2023-05-17T23:35:35.177+0000] {processor.py:836} INFO - DAG(s) dict_keys(['example_sensor_decorator']) retrieved from /home/airflow/.local/lib/python3.7/site-packages/airflow/example_dags/example_sensor_decorator.py
[2023-05-17T23:35:35.192+0000] {logging_mixin.py:149} INFO - [2023-05-17T23:35:35.192+0000] {dag.py:2726} INFO - Sync 1 DAGs
[2023-05-17T23:35:35.268+0000] {logging_mixin.py:149} INFO - [2023-05-17T23:35:35.268+0000] {dag.py:3490} INFO - Setting next_dagrun for example_sensor_decorator to None, run_after=None
[2023-05-17T23:35:35.280+0000] {processor.py:179} INFO - Processing /home/airflow/.local/lib/python3.7/site-packages/airflow/example_dags/example_sensor_decorator.py took 0.116 seconds
[2023-05-17T23:36:05.606+0000] {processor.py:157} INFO - Started process (PID=244) to work on /home/airflow/.local/lib/python3.7/site-packages/airflow/example_dags/example_sensor_decorator.py
[2023-05-17T23:36:05.606+0000] {processor.py:826} INFO - Processing file /home/airflow/.local/lib/python3.7/site-packages/airflow/example_dags/example_sensor_decorator.py for tasks to queue
[2023-05-17T23:36:05.607+0000] {logging_mixin.py:149} INFO - [2023-05-17T23:36:05.607+0000] {dagbag.py:541} INFO - Filling up the DagBag from /home/airflow/.local/lib/python3.7/site-packages/airflow/example_dags/example_sensor_decorator.py
[2023-05-17T23:36:05.610+0000] {processor.py:836} INFO - DAG(s) dict_keys(['example_sensor_decorator']) retrieved from /home/airflow/.local/lib/python3.7/site-packages/airflow/example_dags/example_sensor_decorator.py
[2023-05-17T23:36:05.623+0000] {logging_mixin.py:149} INFO - [2023-05-17T23:36:05.623+0000] {dag.py:2726} INFO - Sync 1 DAGs
[2023-05-17T23:36:05.637+0000] {logging_mixin.py:149} INFO - [2023-05-17T23:36:05.637+0000] {dag.py:3490} INFO - Setting next_dagrun for example_sensor_decorator to None, run_after=None
[2023-05-17T23:36:05.647+0000] {processor.py:179} INFO - Processing /home/airflow/.local/lib/python3.7/site-packages/airflow/example_dags/example_sensor_decorator.py took 0.044 seconds
[2023-05-17T23:36:36.405+0000] {processor.py:157} INFO - Started process (PID=307) to work on /home/airflow/.local/lib/python3.7/site-packages/airflow/example_dags/example_sensor_decorator.py
[2023-05-17T23:36:36.405+0000] {processor.py:826} INFO - Processing file /home/airflow/.local/lib/python3.7/site-packages/airflow/example_dags/example_sensor_decorator.py for tasks to queue
[2023-05-17T23:36:36.406+0000] {logging_mixin.py:149} INFO - [2023-05-17T23:36:36.406+0000] {dagbag.py:541} INFO - Filling up the DagBag from /home/airflow/.local/lib/python3.7/site-packages/airflow/example_dags/example_sensor_decorator.py
[2023-05-17T23:36:36.409+0000] {processor.py:836} INFO - DAG(s) dict_keys(['example_sensor_decorator']) retrieved from /home/airflow/.local/lib/python3.7/site-packages/airflow/example_dags/example_sensor_decorator.py
[2023-05-17T23:36:36.422+0000] {logging_mixin.py:149} INFO - [2023-05-17T23:36:36.422+0000] {dag.py:2726} INFO - Sync 1 DAGs
[2023-05-17T23:36:36.436+0000] {logging_mixin.py:149} INFO - [2023-05-17T23:36:36.436+0000] {dag.py:3490} INFO - Setting next_dagrun for example_sensor_decorator to None, run_after=None
[2023-05-17T23:36:36.447+0000] {processor.py:179} INFO - Processing /home/airflow/.local/lib/python3.7/site-packages/airflow/example_dags/example_sensor_decorator.py took 0.044 seconds
[2023-05-17T23:37:07.114+0000] {processor.py:157} INFO - Started process (PID=371) to work on /home/airflow/.local/lib/python3.7/site-packages/airflow/example_dags/example_sensor_decorator.py
[2023-05-17T23:37:07.114+0000] {processor.py:826} INFO - Processing file /home/airflow/.local/lib/python3.7/site-packages/airflow/example_dags/example_sensor_decorator.py for tasks to queue
[2023-05-17T23:37:07.115+0000] {logging_mixin.py:149} INFO - [2023-05-17T23:37:07.115+0000] {dagbag.py:541} INFO - Filling up the DagBag from /home/airflow/.local/lib/python3.7/site-packages/airflow/example_dags/example_sensor_decorator.py
[2023-05-17T23:37:07.118+0000] {processor.py:836} INFO - DAG(s) dict_keys(['example_sensor_decorator']) retrieved from /home/airflow/.local/lib/python3.7/site-packages/airflow/example_dags/example_sensor_decorator.py
[2023-05-17T23:37:07.133+0000] {logging_mixin.py:149} INFO - [2023-05-17T23:37:07.133+0000] {dag.py:2726} INFO - Sync 1 DAGs
[2023-05-17T23:37:07.148+0000] {logging_mixin.py:149} INFO - [2023-05-17T23:37:07.148+0000] {dag.py:3490} INFO - Setting next_dagrun for example_sensor_decorator to None, run_after=None
[2023-05-17T23:37:07.161+0000] {processor.py:179} INFO - Processing /home/airflow/.local/lib/python3.7/site-packages/airflow/example_dags/example_sensor_decorator.py took 0.049 seconds
[2023-05-17T23:37:37.798+0000] {processor.py:157} INFO - Started process (PID=435) to work on /home/airflow/.local/lib/python3.7/site-packages/airflow/example_dags/example_sensor_decorator.py
[2023-05-17T23:37:37.799+0000] {processor.py:826} INFO - Processing file /home/airflow/.local/lib/python3.7/site-packages/airflow/example_dags/example_sensor_decorator.py for tasks to queue
[2023-05-17T23:37:37.799+0000] {logging_mixin.py:149} INFO - [2023-05-17T23:37:37.799+0000] {dagbag.py:541} INFO - Filling up the DagBag from /home/airflow/.local/lib/python3.7/site-packages/airflow/example_dags/example_sensor_decorator.py
[2023-05-17T23:37:37.802+0000] {processor.py:836} INFO - DAG(s) dict_keys(['example_sensor_decorator']) retrieved from /home/airflow/.local/lib/python3.7/site-packages/airflow/example_dags/example_sensor_decorator.py
[2023-05-17T23:37:37.817+0000] {logging_mixin.py:149} INFO - [2023-05-17T23:37:37.817+0000] {dag.py:2726} INFO - Sync 1 DAGs
[2023-05-17T23:37:37.831+0000] {logging_mixin.py:149} INFO - [2023-05-17T23:37:37.831+0000] {dag.py:3490} INFO - Setting next_dagrun for example_sensor_decorator to None, run_after=None
[2023-05-17T23:37:37.843+0000] {processor.py:179} INFO - Processing /home/airflow/.local/lib/python3.7/site-packages/airflow/example_dags/example_sensor_decorator.py took 0.047 seconds
[2023-05-17T23:38:08.450+0000] {processor.py:157} INFO - Started process (PID=499) to work on /home/airflow/.local/lib/python3.7/site-packages/airflow/example_dags/example_sensor_decorator.py
[2023-05-17T23:38:08.450+0000] {processor.py:826} INFO - Processing file /home/airflow/.local/lib/python3.7/site-packages/airflow/example_dags/example_sensor_decorator.py for tasks to queue
[2023-05-17T23:38:08.451+0000] {logging_mixin.py:149} INFO - [2023-05-17T23:38:08.451+0000] {dagbag.py:541} INFO - Filling up the DagBag from /home/airflow/.local/lib/python3.7/site-packages/airflow/example_dags/example_sensor_decorator.py
[2023-05-17T23:38:08.454+0000] {processor.py:836} INFO - DAG(s) dict_keys(['example_sensor_decorator']) retrieved from /home/airflow/.local/lib/python3.7/site-packages/airflow/example_dags/example_sensor_decorator.py
[2023-05-17T23:38:08.467+0000] {logging_mixin.py:149} INFO - [2023-05-17T23:38:08.467+0000] {dag.py:2726} INFO - Sync 1 DAGs
[2023-05-17T23:38:08.481+0000] {logging_mixin.py:149} INFO - [2023-05-17T23:38:08.481+0000] {dag.py:3490} INFO - Setting next_dagrun for example_sensor_decorator to None, run_after=None
[2023-05-17T23:38:08.492+0000] {processor.py:179} INFO - Processing /home/airflow/.local/lib/python3.7/site-packages/airflow/example_dags/example_sensor_decorator.py took 0.044 seconds
[2023-05-17T23:40:48.408+0000] {processor.py:157} INFO - Started process (PID=52) to work on /home/airflow/.local/lib/python3.7/site-packages/airflow/example_dags/example_sensor_decorator.py
[2023-05-17T23:40:48.409+0000] {processor.py:826} INFO - Processing file /home/airflow/.local/lib/python3.7/site-packages/airflow/example_dags/example_sensor_decorator.py for tasks to queue
[2023-05-17T23:40:48.409+0000] {logging_mixin.py:149} INFO - [2023-05-17T23:40:48.409+0000] {dagbag.py:541} INFO - Filling up the DagBag from /home/airflow/.local/lib/python3.7/site-packages/airflow/example_dags/example_sensor_decorator.py
[2023-05-17T23:40:48.414+0000] {processor.py:836} INFO - DAG(s) dict_keys(['example_sensor_decorator']) retrieved from /home/airflow/.local/lib/python3.7/site-packages/airflow/example_dags/example_sensor_decorator.py
[2023-05-17T23:40:48.431+0000] {logging_mixin.py:149} INFO - [2023-05-17T23:40:48.431+0000] {dag.py:2726} INFO - Sync 1 DAGs
[2023-05-17T23:40:48.446+0000] {logging_mixin.py:149} INFO - [2023-05-17T23:40:48.446+0000] {dag.py:3490} INFO - Setting next_dagrun for example_sensor_decorator to None, run_after=None
[2023-05-17T23:40:48.459+0000] {processor.py:179} INFO - Processing /home/airflow/.local/lib/python3.7/site-packages/airflow/example_dags/example_sensor_decorator.py took 0.053 seconds
[2023-05-17T23:41:20.255+0000] {processor.py:157} INFO - Started process (PID=116) to work on /home/airflow/.local/lib/python3.7/site-packages/airflow/example_dags/example_sensor_decorator.py
[2023-05-17T23:41:20.256+0000] {processor.py:826} INFO - Processing file /home/airflow/.local/lib/python3.7/site-packages/airflow/example_dags/example_sensor_decorator.py for tasks to queue
[2023-05-17T23:41:20.257+0000] {logging_mixin.py:149} INFO - [2023-05-17T23:41:20.257+0000] {dagbag.py:541} INFO - Filling up the DagBag from /home/airflow/.local/lib/python3.7/site-packages/airflow/example_dags/example_sensor_decorator.py
[2023-05-17T23:41:20.262+0000] {processor.py:836} INFO - DAG(s) dict_keys(['example_sensor_decorator']) retrieved from /home/airflow/.local/lib/python3.7/site-packages/airflow/example_dags/example_sensor_decorator.py
[2023-05-17T23:41:20.283+0000] {logging_mixin.py:149} INFO - [2023-05-17T23:41:20.282+0000] {dag.py:2726} INFO - Sync 1 DAGs
[2023-05-17T23:41:20.303+0000] {logging_mixin.py:149} INFO - [2023-05-17T23:41:20.303+0000] {dag.py:3490} INFO - Setting next_dagrun for example_sensor_decorator to None, run_after=None
[2023-05-17T23:41:20.321+0000] {processor.py:179} INFO - Processing /home/airflow/.local/lib/python3.7/site-packages/airflow/example_dags/example_sensor_decorator.py took 0.069 seconds
[2023-05-17T23:41:51.173+0000] {processor.py:157} INFO - Started process (PID=180) to work on /home/airflow/.local/lib/python3.7/site-packages/airflow/example_dags/example_sensor_decorator.py
[2023-05-17T23:41:51.174+0000] {processor.py:826} INFO - Processing file /home/airflow/.local/lib/python3.7/site-packages/airflow/example_dags/example_sensor_decorator.py for tasks to queue
[2023-05-17T23:41:51.175+0000] {logging_mixin.py:149} INFO - [2023-05-17T23:41:51.174+0000] {dagbag.py:541} INFO - Filling up the DagBag from /home/airflow/.local/lib/python3.7/site-packages/airflow/example_dags/example_sensor_decorator.py
[2023-05-17T23:41:51.178+0000] {processor.py:836} INFO - DAG(s) dict_keys(['example_sensor_decorator']) retrieved from /home/airflow/.local/lib/python3.7/site-packages/airflow/example_dags/example_sensor_decorator.py
[2023-05-17T23:41:51.195+0000] {logging_mixin.py:149} INFO - [2023-05-17T23:41:51.195+0000] {dag.py:2726} INFO - Sync 1 DAGs
[2023-05-17T23:41:51.279+0000] {logging_mixin.py:149} INFO - [2023-05-17T23:41:51.279+0000] {dag.py:3490} INFO - Setting next_dagrun for example_sensor_decorator to None, run_after=None
[2023-05-17T23:41:51.316+0000] {processor.py:179} INFO - Processing /home/airflow/.local/lib/python3.7/site-packages/airflow/example_dags/example_sensor_decorator.py took 0.145 seconds
[2023-05-17T23:42:21.855+0000] {processor.py:157} INFO - Started process (PID=244) to work on /home/airflow/.local/lib/python3.7/site-packages/airflow/example_dags/example_sensor_decorator.py
[2023-05-17T23:42:21.856+0000] {processor.py:826} INFO - Processing file /home/airflow/.local/lib/python3.7/site-packages/airflow/example_dags/example_sensor_decorator.py for tasks to queue
[2023-05-17T23:42:21.857+0000] {logging_mixin.py:149} INFO - [2023-05-17T23:42:21.857+0000] {dagbag.py:541} INFO - Filling up the DagBag from /home/airflow/.local/lib/python3.7/site-packages/airflow/example_dags/example_sensor_decorator.py
[2023-05-17T23:42:21.860+0000] {processor.py:836} INFO - DAG(s) dict_keys(['example_sensor_decorator']) retrieved from /home/airflow/.local/lib/python3.7/site-packages/airflow/example_dags/example_sensor_decorator.py
[2023-05-17T23:42:21.867+0000] {logging_mixin.py:149} INFO - [2023-05-17T23:42:21.867+0000] {dag.py:2726} INFO - Sync 1 DAGs
[2023-05-17T23:42:21.883+0000] {logging_mixin.py:149} INFO - [2023-05-17T23:42:21.883+0000] {dag.py:3490} INFO - Setting next_dagrun for example_sensor_decorator to None, run_after=None
[2023-05-17T23:42:21.903+0000] {processor.py:179} INFO - Processing /home/airflow/.local/lib/python3.7/site-packages/airflow/example_dags/example_sensor_decorator.py took 0.050 seconds
[2023-05-17T23:42:52.426+0000] {processor.py:157} INFO - Started process (PID=308) to work on /home/airflow/.local/lib/python3.7/site-packages/airflow/example_dags/example_sensor_decorator.py
[2023-05-17T23:42:52.435+0000] {processor.py:826} INFO - Processing file /home/airflow/.local/lib/python3.7/site-packages/airflow/example_dags/example_sensor_decorator.py for tasks to queue
[2023-05-17T23:42:52.435+0000] {logging_mixin.py:149} INFO - [2023-05-17T23:42:52.435+0000] {dagbag.py:541} INFO - Filling up the DagBag from /home/airflow/.local/lib/python3.7/site-packages/airflow/example_dags/example_sensor_decorator.py
[2023-05-17T23:42:52.439+0000] {processor.py:836} INFO - DAG(s) dict_keys(['example_sensor_decorator']) retrieved from /home/airflow/.local/lib/python3.7/site-packages/airflow/example_dags/example_sensor_decorator.py
[2023-05-17T23:42:52.452+0000] {logging_mixin.py:149} INFO - [2023-05-17T23:42:52.452+0000] {dag.py:2726} INFO - Sync 1 DAGs
[2023-05-17T23:42:52.465+0000] {logging_mixin.py:149} INFO - [2023-05-17T23:42:52.465+0000] {dag.py:3490} INFO - Setting next_dagrun for example_sensor_decorator to None, run_after=None
[2023-05-17T23:42:52.476+0000] {processor.py:179} INFO - Processing /home/airflow/.local/lib/python3.7/site-packages/airflow/example_dags/example_sensor_decorator.py took 0.052 seconds
[2023-05-17T23:43:23.041+0000] {processor.py:157} INFO - Started process (PID=372) to work on /home/airflow/.local/lib/python3.7/site-packages/airflow/example_dags/example_sensor_decorator.py
[2023-05-17T23:43:23.041+0000] {processor.py:826} INFO - Processing file /home/airflow/.local/lib/python3.7/site-packages/airflow/example_dags/example_sensor_decorator.py for tasks to queue
[2023-05-17T23:43:23.042+0000] {logging_mixin.py:149} INFO - [2023-05-17T23:43:23.042+0000] {dagbag.py:541} INFO - Filling up the DagBag from /home/airflow/.local/lib/python3.7/site-packages/airflow/example_dags/example_sensor_decorator.py
[2023-05-17T23:43:23.045+0000] {processor.py:836} INFO - DAG(s) dict_keys(['example_sensor_decorator']) retrieved from /home/airflow/.local/lib/python3.7/site-packages/airflow/example_dags/example_sensor_decorator.py
[2023-05-17T23:43:23.057+0000] {logging_mixin.py:149} INFO - [2023-05-17T23:43:23.057+0000] {dag.py:2726} INFO - Sync 1 DAGs
[2023-05-17T23:43:23.070+0000] {logging_mixin.py:149} INFO - [2023-05-17T23:43:23.070+0000] {dag.py:3490} INFO - Setting next_dagrun for example_sensor_decorator to None, run_after=None
[2023-05-17T23:43:23.082+0000] {processor.py:179} INFO - Processing /home/airflow/.local/lib/python3.7/site-packages/airflow/example_dags/example_sensor_decorator.py took 0.043 seconds
[2023-05-17T23:43:53.562+0000] {processor.py:157} INFO - Started process (PID=436) to work on /home/airflow/.local/lib/python3.7/site-packages/airflow/example_dags/example_sensor_decorator.py
[2023-05-17T23:43:53.563+0000] {processor.py:826} INFO - Processing file /home/airflow/.local/lib/python3.7/site-packages/airflow/example_dags/example_sensor_decorator.py for tasks to queue
[2023-05-17T23:43:53.563+0000] {logging_mixin.py:149} INFO - [2023-05-17T23:43:53.563+0000] {dagbag.py:541} INFO - Filling up the DagBag from /home/airflow/.local/lib/python3.7/site-packages/airflow/example_dags/example_sensor_decorator.py
[2023-05-17T23:43:53.566+0000] {processor.py:836} INFO - DAG(s) dict_keys(['example_sensor_decorator']) retrieved from /home/airflow/.local/lib/python3.7/site-packages/airflow/example_dags/example_sensor_decorator.py
[2023-05-17T23:43:53.580+0000] {logging_mixin.py:149} INFO - [2023-05-17T23:43:53.580+0000] {dag.py:2726} INFO - Sync 1 DAGs
[2023-05-17T23:43:53.594+0000] {logging_mixin.py:149} INFO - [2023-05-17T23:43:53.594+0000] {dag.py:3490} INFO - Setting next_dagrun for example_sensor_decorator to None, run_after=None
[2023-05-17T23:43:53.605+0000] {processor.py:179} INFO - Processing /home/airflow/.local/lib/python3.7/site-packages/airflow/example_dags/example_sensor_decorator.py took 0.045 seconds
[2023-05-17T23:44:24.303+0000] {processor.py:157} INFO - Started process (PID=500) to work on /home/airflow/.local/lib/python3.7/site-packages/airflow/example_dags/example_sensor_decorator.py
[2023-05-17T23:44:24.316+0000] {processor.py:826} INFO - Processing file /home/airflow/.local/lib/python3.7/site-packages/airflow/example_dags/example_sensor_decorator.py for tasks to queue
[2023-05-17T23:44:24.316+0000] {logging_mixin.py:149} INFO - [2023-05-17T23:44:24.316+0000] {dagbag.py:541} INFO - Filling up the DagBag from /home/airflow/.local/lib/python3.7/site-packages/airflow/example_dags/example_sensor_decorator.py
[2023-05-17T23:44:24.319+0000] {processor.py:836} INFO - DAG(s) dict_keys(['example_sensor_decorator']) retrieved from /home/airflow/.local/lib/python3.7/site-packages/airflow/example_dags/example_sensor_decorator.py
[2023-05-17T23:44:24.334+0000] {logging_mixin.py:149} INFO - [2023-05-17T23:44:24.334+0000] {dag.py:2726} INFO - Sync 1 DAGs
[2023-05-17T23:44:24.351+0000] {logging_mixin.py:149} INFO - [2023-05-17T23:44:24.351+0000] {dag.py:3490} INFO - Setting next_dagrun for example_sensor_decorator to None, run_after=None
[2023-05-17T23:44:24.369+0000] {processor.py:179} INFO - Processing /home/airflow/.local/lib/python3.7/site-packages/airflow/example_dags/example_sensor_decorator.py took 0.068 seconds
[2023-05-17T23:44:54.933+0000] {processor.py:157} INFO - Started process (PID=564) to work on /home/airflow/.local/lib/python3.7/site-packages/airflow/example_dags/example_sensor_decorator.py
[2023-05-17T23:44:54.934+0000] {processor.py:826} INFO - Processing file /home/airflow/.local/lib/python3.7/site-packages/airflow/example_dags/example_sensor_decorator.py for tasks to queue
[2023-05-17T23:44:54.935+0000] {logging_mixin.py:149} INFO - [2023-05-17T23:44:54.935+0000] {dagbag.py:541} INFO - Filling up the DagBag from /home/airflow/.local/lib/python3.7/site-packages/airflow/example_dags/example_sensor_decorator.py
[2023-05-17T23:44:54.938+0000] {processor.py:836} INFO - DAG(s) dict_keys(['example_sensor_decorator']) retrieved from /home/airflow/.local/lib/python3.7/site-packages/airflow/example_dags/example_sensor_decorator.py
[2023-05-17T23:44:54.951+0000] {logging_mixin.py:149} INFO - [2023-05-17T23:44:54.951+0000] {dag.py:2726} INFO - Sync 1 DAGs
[2023-05-17T23:44:54.964+0000] {logging_mixin.py:149} INFO - [2023-05-17T23:44:54.964+0000] {dag.py:3490} INFO - Setting next_dagrun for example_sensor_decorator to None, run_after=None
[2023-05-17T23:44:54.980+0000] {processor.py:179} INFO - Processing /home/airflow/.local/lib/python3.7/site-packages/airflow/example_dags/example_sensor_decorator.py took 0.049 seconds
[2023-05-17T23:45:25.502+0000] {processor.py:157} INFO - Started process (PID=628) to work on /home/airflow/.local/lib/python3.7/site-packages/airflow/example_dags/example_sensor_decorator.py
[2023-05-17T23:45:25.502+0000] {processor.py:826} INFO - Processing file /home/airflow/.local/lib/python3.7/site-packages/airflow/example_dags/example_sensor_decorator.py for tasks to queue
[2023-05-17T23:45:25.503+0000] {logging_mixin.py:149} INFO - [2023-05-17T23:45:25.503+0000] {dagbag.py:541} INFO - Filling up the DagBag from /home/airflow/.local/lib/python3.7/site-packages/airflow/example_dags/example_sensor_decorator.py
[2023-05-17T23:45:25.506+0000] {processor.py:836} INFO - DAG(s) dict_keys(['example_sensor_decorator']) retrieved from /home/airflow/.local/lib/python3.7/site-packages/airflow/example_dags/example_sensor_decorator.py
[2023-05-17T23:45:25.519+0000] {logging_mixin.py:149} INFO - [2023-05-17T23:45:25.519+0000] {dag.py:2726} INFO - Sync 1 DAGs
[2023-05-17T23:45:25.532+0000] {logging_mixin.py:149} INFO - [2023-05-17T23:45:25.532+0000] {dag.py:3490} INFO - Setting next_dagrun for example_sensor_decorator to None, run_after=None
[2023-05-17T23:45:25.543+0000] {processor.py:179} INFO - Processing /home/airflow/.local/lib/python3.7/site-packages/airflow/example_dags/example_sensor_decorator.py took 0.043 seconds
[2023-05-17T23:45:56.273+0000] {processor.py:157} INFO - Started process (PID=692) to work on /home/airflow/.local/lib/python3.7/site-packages/airflow/example_dags/example_sensor_decorator.py
[2023-05-17T23:45:56.288+0000] {processor.py:826} INFO - Processing file /home/airflow/.local/lib/python3.7/site-packages/airflow/example_dags/example_sensor_decorator.py for tasks to queue
[2023-05-17T23:45:56.289+0000] {logging_mixin.py:149} INFO - [2023-05-17T23:45:56.289+0000] {dagbag.py:541} INFO - Filling up the DagBag from /home/airflow/.local/lib/python3.7/site-packages/airflow/example_dags/example_sensor_decorator.py
[2023-05-17T23:45:56.292+0000] {processor.py:836} INFO - DAG(s) dict_keys(['example_sensor_decorator']) retrieved from /home/airflow/.local/lib/python3.7/site-packages/airflow/example_dags/example_sensor_decorator.py
[2023-05-17T23:45:56.305+0000] {logging_mixin.py:149} INFO - [2023-05-17T23:45:56.305+0000] {dag.py:2726} INFO - Sync 1 DAGs
[2023-05-17T23:45:56.318+0000] {logging_mixin.py:149} INFO - [2023-05-17T23:45:56.318+0000] {dag.py:3490} INFO - Setting next_dagrun for example_sensor_decorator to None, run_after=None
[2023-05-17T23:45:56.330+0000] {processor.py:179} INFO - Processing /home/airflow/.local/lib/python3.7/site-packages/airflow/example_dags/example_sensor_decorator.py took 0.058 seconds
[2023-05-17T23:46:26.870+0000] {processor.py:157} INFO - Started process (PID=756) to work on /home/airflow/.local/lib/python3.7/site-packages/airflow/example_dags/example_sensor_decorator.py
[2023-05-17T23:46:26.884+0000] {processor.py:826} INFO - Processing file /home/airflow/.local/lib/python3.7/site-packages/airflow/example_dags/example_sensor_decorator.py for tasks to queue
[2023-05-17T23:46:26.884+0000] {logging_mixin.py:149} INFO - [2023-05-17T23:46:26.884+0000] {dagbag.py:541} INFO - Filling up the DagBag from /home/airflow/.local/lib/python3.7/site-packages/airflow/example_dags/example_sensor_decorator.py
[2023-05-17T23:46:26.887+0000] {processor.py:836} INFO - DAG(s) dict_keys(['example_sensor_decorator']) retrieved from /home/airflow/.local/lib/python3.7/site-packages/airflow/example_dags/example_sensor_decorator.py
[2023-05-17T23:46:26.900+0000] {logging_mixin.py:149} INFO - [2023-05-17T23:46:26.900+0000] {dag.py:2726} INFO - Sync 1 DAGs
[2023-05-17T23:46:26.912+0000] {logging_mixin.py:149} INFO - [2023-05-17T23:46:26.912+0000] {dag.py:3490} INFO - Setting next_dagrun for example_sensor_decorator to None, run_after=None
[2023-05-17T23:46:26.923+0000] {processor.py:179} INFO - Processing /home/airflow/.local/lib/python3.7/site-packages/airflow/example_dags/example_sensor_decorator.py took 0.054 seconds
[2023-05-17T23:46:57.402+0000] {processor.py:157} INFO - Started process (PID=820) to work on /home/airflow/.local/lib/python3.7/site-packages/airflow/example_dags/example_sensor_decorator.py
[2023-05-17T23:46:57.402+0000] {processor.py:826} INFO - Processing file /home/airflow/.local/lib/python3.7/site-packages/airflow/example_dags/example_sensor_decorator.py for tasks to queue
[2023-05-17T23:46:57.403+0000] {logging_mixin.py:149} INFO - [2023-05-17T23:46:57.403+0000] {dagbag.py:541} INFO - Filling up the DagBag from /home/airflow/.local/lib/python3.7/site-packages/airflow/example_dags/example_sensor_decorator.py
[2023-05-17T23:46:57.406+0000] {processor.py:836} INFO - DAG(s) dict_keys(['example_sensor_decorator']) retrieved from /home/airflow/.local/lib/python3.7/site-packages/airflow/example_dags/example_sensor_decorator.py
[2023-05-17T23:46:57.419+0000] {logging_mixin.py:149} INFO - [2023-05-17T23:46:57.419+0000] {dag.py:2726} INFO - Sync 1 DAGs
[2023-05-17T23:46:57.433+0000] {logging_mixin.py:149} INFO - [2023-05-17T23:46:57.433+0000] {dag.py:3490} INFO - Setting next_dagrun for example_sensor_decorator to None, run_after=None
[2023-05-17T23:46:57.444+0000] {processor.py:179} INFO - Processing /home/airflow/.local/lib/python3.7/site-packages/airflow/example_dags/example_sensor_decorator.py took 0.045 seconds
[2023-05-17T23:48:21.073+0000] {processor.py:157} INFO - Started process (PID=52) to work on /home/airflow/.local/lib/python3.7/site-packages/airflow/example_dags/example_sensor_decorator.py
[2023-05-17T23:48:21.074+0000] {processor.py:826} INFO - Processing file /home/airflow/.local/lib/python3.7/site-packages/airflow/example_dags/example_sensor_decorator.py for tasks to queue
[2023-05-17T23:48:21.074+0000] {logging_mixin.py:149} INFO - [2023-05-17T23:48:21.074+0000] {dagbag.py:541} INFO - Filling up the DagBag from /home/airflow/.local/lib/python3.7/site-packages/airflow/example_dags/example_sensor_decorator.py
[2023-05-17T23:48:21.079+0000] {processor.py:836} INFO - DAG(s) dict_keys(['example_sensor_decorator']) retrieved from /home/airflow/.local/lib/python3.7/site-packages/airflow/example_dags/example_sensor_decorator.py
[2023-05-17T23:48:21.086+0000] {logging_mixin.py:149} INFO - [2023-05-17T23:48:21.086+0000] {dag.py:2726} INFO - Sync 1 DAGs
[2023-05-17T23:48:21.100+0000] {logging_mixin.py:149} INFO - [2023-05-17T23:48:21.100+0000] {dag.py:3490} INFO - Setting next_dagrun for example_sensor_decorator to None, run_after=None
[2023-05-17T23:48:21.112+0000] {processor.py:179} INFO - Processing /home/airflow/.local/lib/python3.7/site-packages/airflow/example_dags/example_sensor_decorator.py took 0.041 seconds
[2023-05-17T23:48:52.318+0000] {processor.py:157} INFO - Started process (PID=116) to work on /home/airflow/.local/lib/python3.7/site-packages/airflow/example_dags/example_sensor_decorator.py
[2023-05-17T23:48:52.319+0000] {processor.py:826} INFO - Processing file /home/airflow/.local/lib/python3.7/site-packages/airflow/example_dags/example_sensor_decorator.py for tasks to queue
[2023-05-17T23:48:52.319+0000] {logging_mixin.py:149} INFO - [2023-05-17T23:48:52.319+0000] {dagbag.py:541} INFO - Filling up the DagBag from /home/airflow/.local/lib/python3.7/site-packages/airflow/example_dags/example_sensor_decorator.py
[2023-05-17T23:48:52.323+0000] {processor.py:836} INFO - DAG(s) dict_keys(['example_sensor_decorator']) retrieved from /home/airflow/.local/lib/python3.7/site-packages/airflow/example_dags/example_sensor_decorator.py
[2023-05-17T23:48:52.338+0000] {logging_mixin.py:149} INFO - [2023-05-17T23:48:52.338+0000] {dag.py:2726} INFO - Sync 1 DAGs
[2023-05-17T23:48:52.354+0000] {logging_mixin.py:149} INFO - [2023-05-17T23:48:52.354+0000] {dag.py:3490} INFO - Setting next_dagrun for example_sensor_decorator to None, run_after=None
[2023-05-17T23:48:52.373+0000] {processor.py:179} INFO - Processing /home/airflow/.local/lib/python3.7/site-packages/airflow/example_dags/example_sensor_decorator.py took 0.056 seconds
[2023-05-17T23:49:23.058+0000] {processor.py:157} INFO - Started process (PID=180) to work on /home/airflow/.local/lib/python3.7/site-packages/airflow/example_dags/example_sensor_decorator.py
[2023-05-17T23:49:23.058+0000] {processor.py:826} INFO - Processing file /home/airflow/.local/lib/python3.7/site-packages/airflow/example_dags/example_sensor_decorator.py for tasks to queue
[2023-05-17T23:49:23.059+0000] {logging_mixin.py:149} INFO - [2023-05-17T23:49:23.059+0000] {dagbag.py:541} INFO - Filling up the DagBag from /home/airflow/.local/lib/python3.7/site-packages/airflow/example_dags/example_sensor_decorator.py
[2023-05-17T23:49:23.062+0000] {processor.py:836} INFO - DAG(s) dict_keys(['example_sensor_decorator']) retrieved from /home/airflow/.local/lib/python3.7/site-packages/airflow/example_dags/example_sensor_decorator.py
[2023-05-17T23:49:23.075+0000] {logging_mixin.py:149} INFO - [2023-05-17T23:49:23.075+0000] {dag.py:2726} INFO - Sync 1 DAGs
[2023-05-17T23:49:23.152+0000] {logging_mixin.py:149} INFO - [2023-05-17T23:49:23.152+0000] {dag.py:3490} INFO - Setting next_dagrun for example_sensor_decorator to None, run_after=None
[2023-05-17T23:49:23.169+0000] {processor.py:179} INFO - Processing /home/airflow/.local/lib/python3.7/site-packages/airflow/example_dags/example_sensor_decorator.py took 0.113 seconds
[2023-05-17T23:49:53.697+0000] {processor.py:157} INFO - Started process (PID=244) to work on /home/airflow/.local/lib/python3.7/site-packages/airflow/example_dags/example_sensor_decorator.py
[2023-05-17T23:49:53.712+0000] {processor.py:826} INFO - Processing file /home/airflow/.local/lib/python3.7/site-packages/airflow/example_dags/example_sensor_decorator.py for tasks to queue
[2023-05-17T23:49:53.712+0000] {logging_mixin.py:149} INFO - [2023-05-17T23:49:53.712+0000] {dagbag.py:541} INFO - Filling up the DagBag from /home/airflow/.local/lib/python3.7/site-packages/airflow/example_dags/example_sensor_decorator.py
[2023-05-17T23:49:53.715+0000] {processor.py:836} INFO - DAG(s) dict_keys(['example_sensor_decorator']) retrieved from /home/airflow/.local/lib/python3.7/site-packages/airflow/example_dags/example_sensor_decorator.py
[2023-05-17T23:49:53.728+0000] {logging_mixin.py:149} INFO - [2023-05-17T23:49:53.728+0000] {dag.py:2726} INFO - Sync 1 DAGs
[2023-05-17T23:49:53.742+0000] {logging_mixin.py:149} INFO - [2023-05-17T23:49:53.742+0000] {dag.py:3490} INFO - Setting next_dagrun for example_sensor_decorator to None, run_after=None
[2023-05-17T23:49:53.756+0000] {processor.py:179} INFO - Processing /home/airflow/.local/lib/python3.7/site-packages/airflow/example_dags/example_sensor_decorator.py took 0.060 seconds
[2023-05-17T23:50:24.503+0000] {processor.py:157} INFO - Started process (PID=308) to work on /home/airflow/.local/lib/python3.7/site-packages/airflow/example_dags/example_sensor_decorator.py
[2023-05-17T23:50:24.504+0000] {processor.py:826} INFO - Processing file /home/airflow/.local/lib/python3.7/site-packages/airflow/example_dags/example_sensor_decorator.py for tasks to queue
[2023-05-17T23:50:24.504+0000] {logging_mixin.py:149} INFO - [2023-05-17T23:50:24.504+0000] {dagbag.py:541} INFO - Filling up the DagBag from /home/airflow/.local/lib/python3.7/site-packages/airflow/example_dags/example_sensor_decorator.py
[2023-05-17T23:50:24.507+0000] {processor.py:836} INFO - DAG(s) dict_keys(['example_sensor_decorator']) retrieved from /home/airflow/.local/lib/python3.7/site-packages/airflow/example_dags/example_sensor_decorator.py
[2023-05-17T23:50:24.520+0000] {logging_mixin.py:149} INFO - [2023-05-17T23:50:24.519+0000] {dag.py:2726} INFO - Sync 1 DAGs
[2023-05-17T23:50:24.532+0000] {logging_mixin.py:149} INFO - [2023-05-17T23:50:24.532+0000] {dag.py:3490} INFO - Setting next_dagrun for example_sensor_decorator to None, run_after=None
[2023-05-17T23:50:24.547+0000] {processor.py:179} INFO - Processing /home/airflow/.local/lib/python3.7/site-packages/airflow/example_dags/example_sensor_decorator.py took 0.045 seconds
[2023-05-17T23:50:55.085+0000] {processor.py:157} INFO - Started process (PID=372) to work on /home/airflow/.local/lib/python3.7/site-packages/airflow/example_dags/example_sensor_decorator.py
[2023-05-17T23:50:55.095+0000] {processor.py:826} INFO - Processing file /home/airflow/.local/lib/python3.7/site-packages/airflow/example_dags/example_sensor_decorator.py for tasks to queue
[2023-05-17T23:50:55.095+0000] {logging_mixin.py:149} INFO - [2023-05-17T23:50:55.095+0000] {dagbag.py:541} INFO - Filling up the DagBag from /home/airflow/.local/lib/python3.7/site-packages/airflow/example_dags/example_sensor_decorator.py
[2023-05-17T23:50:55.098+0000] {processor.py:836} INFO - DAG(s) dict_keys(['example_sensor_decorator']) retrieved from /home/airflow/.local/lib/python3.7/site-packages/airflow/example_dags/example_sensor_decorator.py
[2023-05-17T23:50:55.112+0000] {logging_mixin.py:149} INFO - [2023-05-17T23:50:55.112+0000] {dag.py:2726} INFO - Sync 1 DAGs
[2023-05-17T23:50:55.125+0000] {logging_mixin.py:149} INFO - [2023-05-17T23:50:55.125+0000] {dag.py:3490} INFO - Setting next_dagrun for example_sensor_decorator to None, run_after=None
[2023-05-17T23:50:55.137+0000] {processor.py:179} INFO - Processing /home/airflow/.local/lib/python3.7/site-packages/airflow/example_dags/example_sensor_decorator.py took 0.053 seconds
[2023-05-17T23:51:25.651+0000] {processor.py:157} INFO - Started process (PID=436) to work on /home/airflow/.local/lib/python3.7/site-packages/airflow/example_dags/example_sensor_decorator.py
[2023-05-17T23:51:25.664+0000] {processor.py:826} INFO - Processing file /home/airflow/.local/lib/python3.7/site-packages/airflow/example_dags/example_sensor_decorator.py for tasks to queue
[2023-05-17T23:51:25.664+0000] {logging_mixin.py:149} INFO - [2023-05-17T23:51:25.664+0000] {dagbag.py:541} INFO - Filling up the DagBag from /home/airflow/.local/lib/python3.7/site-packages/airflow/example_dags/example_sensor_decorator.py
[2023-05-17T23:51:25.667+0000] {processor.py:836} INFO - DAG(s) dict_keys(['example_sensor_decorator']) retrieved from /home/airflow/.local/lib/python3.7/site-packages/airflow/example_dags/example_sensor_decorator.py
[2023-05-17T23:51:25.680+0000] {logging_mixin.py:149} INFO - [2023-05-17T23:51:25.679+0000] {dag.py:2726} INFO - Sync 1 DAGs
[2023-05-17T23:51:25.692+0000] {logging_mixin.py:149} INFO - [2023-05-17T23:51:25.692+0000] {dag.py:3490} INFO - Setting next_dagrun for example_sensor_decorator to None, run_after=None
[2023-05-17T23:51:25.703+0000] {processor.py:179} INFO - Processing /home/airflow/.local/lib/python3.7/site-packages/airflow/example_dags/example_sensor_decorator.py took 0.053 seconds
[2023-05-17T23:51:56.354+0000] {processor.py:157} INFO - Started process (PID=500) to work on /home/airflow/.local/lib/python3.7/site-packages/airflow/example_dags/example_sensor_decorator.py
[2023-05-17T23:51:56.364+0000] {processor.py:826} INFO - Processing file /home/airflow/.local/lib/python3.7/site-packages/airflow/example_dags/example_sensor_decorator.py for tasks to queue
[2023-05-17T23:51:56.365+0000] {logging_mixin.py:149} INFO - [2023-05-17T23:51:56.365+0000] {dagbag.py:541} INFO - Filling up the DagBag from /home/airflow/.local/lib/python3.7/site-packages/airflow/example_dags/example_sensor_decorator.py
[2023-05-17T23:51:56.368+0000] {processor.py:836} INFO - DAG(s) dict_keys(['example_sensor_decorator']) retrieved from /home/airflow/.local/lib/python3.7/site-packages/airflow/example_dags/example_sensor_decorator.py
[2023-05-17T23:51:56.384+0000] {logging_mixin.py:149} INFO - [2023-05-17T23:51:56.384+0000] {dag.py:2726} INFO - Sync 1 DAGs
[2023-05-17T23:51:56.400+0000] {logging_mixin.py:149} INFO - [2023-05-17T23:51:56.399+0000] {dag.py:3490} INFO - Setting next_dagrun for example_sensor_decorator to None, run_after=None
[2023-05-17T23:51:56.414+0000] {processor.py:179} INFO - Processing /home/airflow/.local/lib/python3.7/site-packages/airflow/example_dags/example_sensor_decorator.py took 0.062 seconds
[2023-05-17T23:52:27.064+0000] {processor.py:157} INFO - Started process (PID=564) to work on /home/airflow/.local/lib/python3.7/site-packages/airflow/example_dags/example_sensor_decorator.py
[2023-05-17T23:52:27.072+0000] {processor.py:826} INFO - Processing file /home/airflow/.local/lib/python3.7/site-packages/airflow/example_dags/example_sensor_decorator.py for tasks to queue
[2023-05-17T23:52:27.072+0000] {logging_mixin.py:149} INFO - [2023-05-17T23:52:27.072+0000] {dagbag.py:541} INFO - Filling up the DagBag from /home/airflow/.local/lib/python3.7/site-packages/airflow/example_dags/example_sensor_decorator.py
[2023-05-17T23:52:27.076+0000] {processor.py:836} INFO - DAG(s) dict_keys(['example_sensor_decorator']) retrieved from /home/airflow/.local/lib/python3.7/site-packages/airflow/example_dags/example_sensor_decorator.py
[2023-05-17T23:52:27.090+0000] {logging_mixin.py:149} INFO - [2023-05-17T23:52:27.090+0000] {dag.py:2726} INFO - Sync 1 DAGs
[2023-05-17T23:52:27.104+0000] {logging_mixin.py:149} INFO - [2023-05-17T23:52:27.104+0000] {dag.py:3490} INFO - Setting next_dagrun for example_sensor_decorator to None, run_after=None
[2023-05-17T23:52:27.116+0000] {processor.py:179} INFO - Processing /home/airflow/.local/lib/python3.7/site-packages/airflow/example_dags/example_sensor_decorator.py took 0.054 seconds
[2023-05-17T23:52:57.797+0000] {processor.py:157} INFO - Started process (PID=628) to work on /home/airflow/.local/lib/python3.7/site-packages/airflow/example_dags/example_sensor_decorator.py
[2023-05-17T23:52:57.803+0000] {processor.py:826} INFO - Processing file /home/airflow/.local/lib/python3.7/site-packages/airflow/example_dags/example_sensor_decorator.py for tasks to queue
[2023-05-17T23:52:57.803+0000] {logging_mixin.py:149} INFO - [2023-05-17T23:52:57.803+0000] {dagbag.py:541} INFO - Filling up the DagBag from /home/airflow/.local/lib/python3.7/site-packages/airflow/example_dags/example_sensor_decorator.py
[2023-05-17T23:52:57.807+0000] {processor.py:836} INFO - DAG(s) dict_keys(['example_sensor_decorator']) retrieved from /home/airflow/.local/lib/python3.7/site-packages/airflow/example_dags/example_sensor_decorator.py
[2023-05-17T23:52:57.829+0000] {logging_mixin.py:149} INFO - [2023-05-17T23:52:57.828+0000] {dag.py:2726} INFO - Sync 1 DAGs
[2023-05-17T23:52:57.846+0000] {logging_mixin.py:149} INFO - [2023-05-17T23:52:57.846+0000] {dag.py:3490} INFO - Setting next_dagrun for example_sensor_decorator to None, run_after=None
[2023-05-17T23:52:57.865+0000] {processor.py:179} INFO - Processing /home/airflow/.local/lib/python3.7/site-packages/airflow/example_dags/example_sensor_decorator.py took 0.071 seconds
[2023-05-17T23:53:27.905+0000] {processor.py:157} INFO - Started process (PID=692) to work on /home/airflow/.local/lib/python3.7/site-packages/airflow/example_dags/example_sensor_decorator.py
[2023-05-17T23:53:27.919+0000] {processor.py:826} INFO - Processing file /home/airflow/.local/lib/python3.7/site-packages/airflow/example_dags/example_sensor_decorator.py for tasks to queue
[2023-05-17T23:53:27.920+0000] {logging_mixin.py:149} INFO - [2023-05-17T23:53:27.920+0000] {dagbag.py:541} INFO - Filling up the DagBag from /home/airflow/.local/lib/python3.7/site-packages/airflow/example_dags/example_sensor_decorator.py
[2023-05-17T23:53:27.923+0000] {processor.py:836} INFO - DAG(s) dict_keys(['example_sensor_decorator']) retrieved from /home/airflow/.local/lib/python3.7/site-packages/airflow/example_dags/example_sensor_decorator.py
[2023-05-17T23:53:27.935+0000] {logging_mixin.py:149} INFO - [2023-05-17T23:53:27.935+0000] {dag.py:2726} INFO - Sync 1 DAGs
[2023-05-17T23:53:27.948+0000] {logging_mixin.py:149} INFO - [2023-05-17T23:53:27.948+0000] {dag.py:3490} INFO - Setting next_dagrun for example_sensor_decorator to None, run_after=None
[2023-05-17T23:53:27.958+0000] {processor.py:179} INFO - Processing /home/airflow/.local/lib/python3.7/site-packages/airflow/example_dags/example_sensor_decorator.py took 0.055 seconds
[2023-05-17T23:53:58.702+0000] {processor.py:157} INFO - Started process (PID=756) to work on /home/airflow/.local/lib/python3.7/site-packages/airflow/example_dags/example_sensor_decorator.py
[2023-05-17T23:53:58.712+0000] {processor.py:826} INFO - Processing file /home/airflow/.local/lib/python3.7/site-packages/airflow/example_dags/example_sensor_decorator.py for tasks to queue
[2023-05-17T23:53:58.712+0000] {logging_mixin.py:149} INFO - [2023-05-17T23:53:58.712+0000] {dagbag.py:541} INFO - Filling up the DagBag from /home/airflow/.local/lib/python3.7/site-packages/airflow/example_dags/example_sensor_decorator.py
[2023-05-17T23:53:58.715+0000] {processor.py:836} INFO - DAG(s) dict_keys(['example_sensor_decorator']) retrieved from /home/airflow/.local/lib/python3.7/site-packages/airflow/example_dags/example_sensor_decorator.py
[2023-05-17T23:53:58.728+0000] {logging_mixin.py:149} INFO - [2023-05-17T23:53:58.728+0000] {dag.py:2726} INFO - Sync 1 DAGs
[2023-05-17T23:53:58.741+0000] {logging_mixin.py:149} INFO - [2023-05-17T23:53:58.741+0000] {dag.py:3490} INFO - Setting next_dagrun for example_sensor_decorator to None, run_after=None
[2023-05-17T23:53:58.752+0000] {processor.py:179} INFO - Processing /home/airflow/.local/lib/python3.7/site-packages/airflow/example_dags/example_sensor_decorator.py took 0.052 seconds
[2023-05-17T23:54:29.333+0000] {processor.py:157} INFO - Started process (PID=820) to work on /home/airflow/.local/lib/python3.7/site-packages/airflow/example_dags/example_sensor_decorator.py
[2023-05-17T23:54:29.341+0000] {processor.py:826} INFO - Processing file /home/airflow/.local/lib/python3.7/site-packages/airflow/example_dags/example_sensor_decorator.py for tasks to queue
[2023-05-17T23:54:29.342+0000] {logging_mixin.py:149} INFO - [2023-05-17T23:54:29.342+0000] {dagbag.py:541} INFO - Filling up the DagBag from /home/airflow/.local/lib/python3.7/site-packages/airflow/example_dags/example_sensor_decorator.py
[2023-05-17T23:54:29.345+0000] {processor.py:836} INFO - DAG(s) dict_keys(['example_sensor_decorator']) retrieved from /home/airflow/.local/lib/python3.7/site-packages/airflow/example_dags/example_sensor_decorator.py
[2023-05-17T23:54:29.359+0000] {logging_mixin.py:149} INFO - [2023-05-17T23:54:29.359+0000] {dag.py:2726} INFO - Sync 1 DAGs
[2023-05-17T23:54:29.373+0000] {logging_mixin.py:149} INFO - [2023-05-17T23:54:29.373+0000] {dag.py:3490} INFO - Setting next_dagrun for example_sensor_decorator to None, run_after=None
[2023-05-17T23:54:29.385+0000] {processor.py:179} INFO - Processing /home/airflow/.local/lib/python3.7/site-packages/airflow/example_dags/example_sensor_decorator.py took 0.055 seconds
[2023-05-17T23:54:59.911+0000] {processor.py:157} INFO - Started process (PID=884) to work on /home/airflow/.local/lib/python3.7/site-packages/airflow/example_dags/example_sensor_decorator.py
[2023-05-17T23:54:59.925+0000] {processor.py:826} INFO - Processing file /home/airflow/.local/lib/python3.7/site-packages/airflow/example_dags/example_sensor_decorator.py for tasks to queue
[2023-05-17T23:54:59.925+0000] {logging_mixin.py:149} INFO - [2023-05-17T23:54:59.925+0000] {dagbag.py:541} INFO - Filling up the DagBag from /home/airflow/.local/lib/python3.7/site-packages/airflow/example_dags/example_sensor_decorator.py
[2023-05-17T23:54:59.928+0000] {processor.py:836} INFO - DAG(s) dict_keys(['example_sensor_decorator']) retrieved from /home/airflow/.local/lib/python3.7/site-packages/airflow/example_dags/example_sensor_decorator.py
[2023-05-17T23:54:59.942+0000] {logging_mixin.py:149} INFO - [2023-05-17T23:54:59.942+0000] {dag.py:2726} INFO - Sync 1 DAGs
[2023-05-17T23:54:59.955+0000] {logging_mixin.py:149} INFO - [2023-05-17T23:54:59.955+0000] {dag.py:3490} INFO - Setting next_dagrun for example_sensor_decorator to None, run_after=None
[2023-05-17T23:54:59.966+0000] {processor.py:179} INFO - Processing /home/airflow/.local/lib/python3.7/site-packages/airflow/example_dags/example_sensor_decorator.py took 0.057 seconds
[2023-05-17T23:55:30.525+0000] {processor.py:157} INFO - Started process (PID=948) to work on /home/airflow/.local/lib/python3.7/site-packages/airflow/example_dags/example_sensor_decorator.py
[2023-05-17T23:55:30.536+0000] {processor.py:826} INFO - Processing file /home/airflow/.local/lib/python3.7/site-packages/airflow/example_dags/example_sensor_decorator.py for tasks to queue
[2023-05-17T23:55:30.536+0000] {logging_mixin.py:149} INFO - [2023-05-17T23:55:30.536+0000] {dagbag.py:541} INFO - Filling up the DagBag from /home/airflow/.local/lib/python3.7/site-packages/airflow/example_dags/example_sensor_decorator.py
[2023-05-17T23:55:30.539+0000] {processor.py:836} INFO - DAG(s) dict_keys(['example_sensor_decorator']) retrieved from /home/airflow/.local/lib/python3.7/site-packages/airflow/example_dags/example_sensor_decorator.py
[2023-05-17T23:55:30.553+0000] {logging_mixin.py:149} INFO - [2023-05-17T23:55:30.553+0000] {dag.py:2726} INFO - Sync 1 DAGs
[2023-05-17T23:55:30.568+0000] {logging_mixin.py:149} INFO - [2023-05-17T23:55:30.568+0000] {dag.py:3490} INFO - Setting next_dagrun for example_sensor_decorator to None, run_after=None
[2023-05-17T23:55:30.580+0000] {processor.py:179} INFO - Processing /home/airflow/.local/lib/python3.7/site-packages/airflow/example_dags/example_sensor_decorator.py took 0.057 seconds
[2023-05-17T23:56:01.207+0000] {processor.py:157} INFO - Started process (PID=1012) to work on /home/airflow/.local/lib/python3.7/site-packages/airflow/example_dags/example_sensor_decorator.py
[2023-05-17T23:56:01.218+0000] {processor.py:826} INFO - Processing file /home/airflow/.local/lib/python3.7/site-packages/airflow/example_dags/example_sensor_decorator.py for tasks to queue
[2023-05-17T23:56:01.218+0000] {logging_mixin.py:149} INFO - [2023-05-17T23:56:01.218+0000] {dagbag.py:541} INFO - Filling up the DagBag from /home/airflow/.local/lib/python3.7/site-packages/airflow/example_dags/example_sensor_decorator.py
[2023-05-17T23:56:01.222+0000] {processor.py:836} INFO - DAG(s) dict_keys(['example_sensor_decorator']) retrieved from /home/airflow/.local/lib/python3.7/site-packages/airflow/example_dags/example_sensor_decorator.py
[2023-05-17T23:56:01.235+0000] {logging_mixin.py:149} INFO - [2023-05-17T23:56:01.235+0000] {dag.py:2726} INFO - Sync 1 DAGs
[2023-05-17T23:56:01.252+0000] {logging_mixin.py:149} INFO - [2023-05-17T23:56:01.252+0000] {dag.py:3490} INFO - Setting next_dagrun for example_sensor_decorator to None, run_after=None
[2023-05-17T23:56:01.265+0000] {processor.py:179} INFO - Processing /home/airflow/.local/lib/python3.7/site-packages/airflow/example_dags/example_sensor_decorator.py took 0.059 seconds
[2023-05-17T23:56:31.895+0000] {processor.py:157} INFO - Started process (PID=1076) to work on /home/airflow/.local/lib/python3.7/site-packages/airflow/example_dags/example_sensor_decorator.py
[2023-05-17T23:56:31.896+0000] {processor.py:826} INFO - Processing file /home/airflow/.local/lib/python3.7/site-packages/airflow/example_dags/example_sensor_decorator.py for tasks to queue
[2023-05-17T23:56:31.896+0000] {logging_mixin.py:149} INFO - [2023-05-17T23:56:31.896+0000] {dagbag.py:541} INFO - Filling up the DagBag from /home/airflow/.local/lib/python3.7/site-packages/airflow/example_dags/example_sensor_decorator.py
[2023-05-17T23:56:31.900+0000] {processor.py:836} INFO - DAG(s) dict_keys(['example_sensor_decorator']) retrieved from /home/airflow/.local/lib/python3.7/site-packages/airflow/example_dags/example_sensor_decorator.py
[2023-05-17T23:56:31.915+0000] {logging_mixin.py:149} INFO - [2023-05-17T23:56:31.915+0000] {dag.py:2726} INFO - Sync 1 DAGs
[2023-05-17T23:56:31.929+0000] {logging_mixin.py:149} INFO - [2023-05-17T23:56:31.929+0000] {dag.py:3490} INFO - Setting next_dagrun for example_sensor_decorator to None, run_after=None
[2023-05-17T23:56:31.942+0000] {processor.py:179} INFO - Processing /home/airflow/.local/lib/python3.7/site-packages/airflow/example_dags/example_sensor_decorator.py took 0.049 seconds
[2023-05-17T23:57:02.515+0000] {processor.py:157} INFO - Started process (PID=1140) to work on /home/airflow/.local/lib/python3.7/site-packages/airflow/example_dags/example_sensor_decorator.py
[2023-05-17T23:57:02.525+0000] {processor.py:826} INFO - Processing file /home/airflow/.local/lib/python3.7/site-packages/airflow/example_dags/example_sensor_decorator.py for tasks to queue
[2023-05-17T23:57:02.525+0000] {logging_mixin.py:149} INFO - [2023-05-17T23:57:02.525+0000] {dagbag.py:541} INFO - Filling up the DagBag from /home/airflow/.local/lib/python3.7/site-packages/airflow/example_dags/example_sensor_decorator.py
[2023-05-17T23:57:02.529+0000] {processor.py:836} INFO - DAG(s) dict_keys(['example_sensor_decorator']) retrieved from /home/airflow/.local/lib/python3.7/site-packages/airflow/example_dags/example_sensor_decorator.py
[2023-05-17T23:57:02.543+0000] {logging_mixin.py:149} INFO - [2023-05-17T23:57:02.543+0000] {dag.py:2726} INFO - Sync 1 DAGs
[2023-05-17T23:57:02.556+0000] {logging_mixin.py:149} INFO - [2023-05-17T23:57:02.556+0000] {dag.py:3490} INFO - Setting next_dagrun for example_sensor_decorator to None, run_after=None
[2023-05-17T23:57:02.568+0000] {processor.py:179} INFO - Processing /home/airflow/.local/lib/python3.7/site-packages/airflow/example_dags/example_sensor_decorator.py took 0.055 seconds
[2023-05-17T23:57:33.103+0000] {processor.py:157} INFO - Started process (PID=1204) to work on /home/airflow/.local/lib/python3.7/site-packages/airflow/example_dags/example_sensor_decorator.py
[2023-05-17T23:57:33.104+0000] {processor.py:826} INFO - Processing file /home/airflow/.local/lib/python3.7/site-packages/airflow/example_dags/example_sensor_decorator.py for tasks to queue
[2023-05-17T23:57:33.104+0000] {logging_mixin.py:149} INFO - [2023-05-17T23:57:33.104+0000] {dagbag.py:541} INFO - Filling up the DagBag from /home/airflow/.local/lib/python3.7/site-packages/airflow/example_dags/example_sensor_decorator.py
[2023-05-17T23:57:33.107+0000] {processor.py:836} INFO - DAG(s) dict_keys(['example_sensor_decorator']) retrieved from /home/airflow/.local/lib/python3.7/site-packages/airflow/example_dags/example_sensor_decorator.py
[2023-05-17T23:57:33.121+0000] {logging_mixin.py:149} INFO - [2023-05-17T23:57:33.120+0000] {dag.py:2726} INFO - Sync 1 DAGs
[2023-05-17T23:57:33.133+0000] {logging_mixin.py:149} INFO - [2023-05-17T23:57:33.133+0000] {dag.py:3490} INFO - Setting next_dagrun for example_sensor_decorator to None, run_after=None
[2023-05-17T23:57:33.147+0000] {processor.py:179} INFO - Processing /home/airflow/.local/lib/python3.7/site-packages/airflow/example_dags/example_sensor_decorator.py took 0.046 seconds
[2023-05-17T23:58:03.946+0000] {processor.py:157} INFO - Started process (PID=1268) to work on /home/airflow/.local/lib/python3.7/site-packages/airflow/example_dags/example_sensor_decorator.py
[2023-05-17T23:58:03.957+0000] {processor.py:826} INFO - Processing file /home/airflow/.local/lib/python3.7/site-packages/airflow/example_dags/example_sensor_decorator.py for tasks to queue
[2023-05-17T23:58:03.958+0000] {logging_mixin.py:149} INFO - [2023-05-17T23:58:03.958+0000] {dagbag.py:541} INFO - Filling up the DagBag from /home/airflow/.local/lib/python3.7/site-packages/airflow/example_dags/example_sensor_decorator.py
[2023-05-17T23:58:03.961+0000] {processor.py:836} INFO - DAG(s) dict_keys(['example_sensor_decorator']) retrieved from /home/airflow/.local/lib/python3.7/site-packages/airflow/example_dags/example_sensor_decorator.py
[2023-05-17T23:58:03.975+0000] {logging_mixin.py:149} INFO - [2023-05-17T23:58:03.975+0000] {dag.py:2726} INFO - Sync 1 DAGs
[2023-05-17T23:58:03.988+0000] {logging_mixin.py:149} INFO - [2023-05-17T23:58:03.988+0000] {dag.py:3490} INFO - Setting next_dagrun for example_sensor_decorator to None, run_after=None
[2023-05-17T23:58:03.998+0000] {processor.py:179} INFO - Processing /home/airflow/.local/lib/python3.7/site-packages/airflow/example_dags/example_sensor_decorator.py took 0.054 seconds
[2023-05-17T23:58:34.530+0000] {processor.py:157} INFO - Started process (PID=1332) to work on /home/airflow/.local/lib/python3.7/site-packages/airflow/example_dags/example_sensor_decorator.py
[2023-05-17T23:58:34.530+0000] {processor.py:826} INFO - Processing file /home/airflow/.local/lib/python3.7/site-packages/airflow/example_dags/example_sensor_decorator.py for tasks to queue
[2023-05-17T23:58:34.531+0000] {logging_mixin.py:149} INFO - [2023-05-17T23:58:34.531+0000] {dagbag.py:541} INFO - Filling up the DagBag from /home/airflow/.local/lib/python3.7/site-packages/airflow/example_dags/example_sensor_decorator.py
[2023-05-17T23:58:34.534+0000] {processor.py:836} INFO - DAG(s) dict_keys(['example_sensor_decorator']) retrieved from /home/airflow/.local/lib/python3.7/site-packages/airflow/example_dags/example_sensor_decorator.py
[2023-05-17T23:58:34.548+0000] {logging_mixin.py:149} INFO - [2023-05-17T23:58:34.548+0000] {dag.py:2726} INFO - Sync 1 DAGs
[2023-05-17T23:58:34.561+0000] {logging_mixin.py:149} INFO - [2023-05-17T23:58:34.561+0000] {dag.py:3490} INFO - Setting next_dagrun for example_sensor_decorator to None, run_after=None
[2023-05-17T23:58:34.581+0000] {processor.py:179} INFO - Processing /home/airflow/.local/lib/python3.7/site-packages/airflow/example_dags/example_sensor_decorator.py took 0.053 seconds
[2023-05-17T23:59:05.101+0000] {processor.py:157} INFO - Started process (PID=1396) to work on /home/airflow/.local/lib/python3.7/site-packages/airflow/example_dags/example_sensor_decorator.py
[2023-05-17T23:59:05.110+0000] {processor.py:826} INFO - Processing file /home/airflow/.local/lib/python3.7/site-packages/airflow/example_dags/example_sensor_decorator.py for tasks to queue
[2023-05-17T23:59:05.110+0000] {logging_mixin.py:149} INFO - [2023-05-17T23:59:05.110+0000] {dagbag.py:541} INFO - Filling up the DagBag from /home/airflow/.local/lib/python3.7/site-packages/airflow/example_dags/example_sensor_decorator.py
[2023-05-17T23:59:05.113+0000] {processor.py:836} INFO - DAG(s) dict_keys(['example_sensor_decorator']) retrieved from /home/airflow/.local/lib/python3.7/site-packages/airflow/example_dags/example_sensor_decorator.py
[2023-05-17T23:59:05.126+0000] {logging_mixin.py:149} INFO - [2023-05-17T23:59:05.126+0000] {dag.py:2726} INFO - Sync 1 DAGs
[2023-05-17T23:59:05.139+0000] {logging_mixin.py:149} INFO - [2023-05-17T23:59:05.139+0000] {dag.py:3490} INFO - Setting next_dagrun for example_sensor_decorator to None, run_after=None
[2023-05-17T23:59:05.149+0000] {processor.py:179} INFO - Processing /home/airflow/.local/lib/python3.7/site-packages/airflow/example_dags/example_sensor_decorator.py took 0.051 seconds
[2023-05-17T23:59:35.705+0000] {processor.py:157} INFO - Started process (PID=1460) to work on /home/airflow/.local/lib/python3.7/site-packages/airflow/example_dags/example_sensor_decorator.py
[2023-05-17T23:59:35.715+0000] {processor.py:826} INFO - Processing file /home/airflow/.local/lib/python3.7/site-packages/airflow/example_dags/example_sensor_decorator.py for tasks to queue
[2023-05-17T23:59:35.716+0000] {logging_mixin.py:149} INFO - [2023-05-17T23:59:35.716+0000] {dagbag.py:541} INFO - Filling up the DagBag from /home/airflow/.local/lib/python3.7/site-packages/airflow/example_dags/example_sensor_decorator.py
[2023-05-17T23:59:35.719+0000] {processor.py:836} INFO - DAG(s) dict_keys(['example_sensor_decorator']) retrieved from /home/airflow/.local/lib/python3.7/site-packages/airflow/example_dags/example_sensor_decorator.py
[2023-05-17T23:59:35.733+0000] {logging_mixin.py:149} INFO - [2023-05-17T23:59:35.733+0000] {dag.py:2726} INFO - Sync 1 DAGs
[2023-05-17T23:59:35.747+0000] {logging_mixin.py:149} INFO - [2023-05-17T23:59:35.747+0000] {dag.py:3490} INFO - Setting next_dagrun for example_sensor_decorator to None, run_after=None
[2023-05-17T23:59:35.760+0000] {processor.py:179} INFO - Processing /home/airflow/.local/lib/python3.7/site-packages/airflow/example_dags/example_sensor_decorator.py took 0.056 seconds
