[2023-05-17T23:27:46.431+0000] {processor.py:157} INFO - Started process (PID=55) to work on /home/airflow/.local/lib/python3.7/site-packages/airflow/example_dags/example_short_circuit_decorator.py
[2023-05-17T23:27:46.431+0000] {processor.py:826} INFO - Processing file /home/airflow/.local/lib/python3.7/site-packages/airflow/example_dags/example_short_circuit_decorator.py for tasks to queue
[2023-05-17T23:27:46.431+0000] {logging_mixin.py:149} INFO - [2023-05-17T23:27:46.431+0000] {dagbag.py:541} INFO - Filling up the DagBag from /home/airflow/.local/lib/python3.7/site-packages/airflow/example_dags/example_short_circuit_decorator.py
[2023-05-17T23:27:46.438+0000] {processor.py:836} INFO - DAG(s) dict_keys(['example_short_circuit_decorator']) retrieved from /home/airflow/.local/lib/python3.7/site-packages/airflow/example_dags/example_short_circuit_decorator.py
[2023-05-17T23:27:46.446+0000] {logging_mixin.py:149} INFO - [2023-05-17T23:27:46.446+0000] {dag.py:2726} INFO - Sync 1 DAGs
[2023-05-17T23:27:46.462+0000] {logging_mixin.py:149} INFO - [2023-05-17T23:27:46.462+0000] {dag.py:3490} INFO - Setting next_dagrun for example_short_circuit_decorator to 2023-05-16T23:27:46.462063+00:00, run_after=2023-05-17T23:27:46.462063+00:00
[2023-05-17T23:27:46.476+0000] {processor.py:179} INFO - Processing /home/airflow/.local/lib/python3.7/site-packages/airflow/example_dags/example_short_circuit_decorator.py took 0.047 seconds
[2023-05-17T23:28:16.973+0000] {processor.py:157} INFO - Started process (PID=119) to work on /home/airflow/.local/lib/python3.7/site-packages/airflow/example_dags/example_short_circuit_decorator.py
[2023-05-17T23:28:16.973+0000] {processor.py:826} INFO - Processing file /home/airflow/.local/lib/python3.7/site-packages/airflow/example_dags/example_short_circuit_decorator.py for tasks to queue
[2023-05-17T23:28:16.974+0000] {logging_mixin.py:149} INFO - [2023-05-17T23:28:16.974+0000] {dagbag.py:541} INFO - Filling up the DagBag from /home/airflow/.local/lib/python3.7/site-packages/airflow/example_dags/example_short_circuit_decorator.py
[2023-05-17T23:28:16.979+0000] {processor.py:836} INFO - DAG(s) dict_keys(['example_short_circuit_decorator']) retrieved from /home/airflow/.local/lib/python3.7/site-packages/airflow/example_dags/example_short_circuit_decorator.py
[2023-05-17T23:28:16.992+0000] {logging_mixin.py:149} INFO - [2023-05-17T23:28:16.992+0000] {dag.py:2726} INFO - Sync 1 DAGs
[2023-05-17T23:28:17.007+0000] {logging_mixin.py:149} INFO - [2023-05-17T23:28:17.007+0000] {dag.py:3490} INFO - Setting next_dagrun for example_short_circuit_decorator to 2023-05-16T23:28:17.006835+00:00, run_after=2023-05-17T23:28:17.006835+00:00
[2023-05-17T23:28:17.018+0000] {processor.py:179} INFO - Processing /home/airflow/.local/lib/python3.7/site-packages/airflow/example_dags/example_short_circuit_decorator.py took 0.047 seconds
[2023-05-17T23:28:47.418+0000] {processor.py:157} INFO - Started process (PID=183) to work on /home/airflow/.local/lib/python3.7/site-packages/airflow/example_dags/example_short_circuit_decorator.py
[2023-05-17T23:28:47.419+0000] {processor.py:826} INFO - Processing file /home/airflow/.local/lib/python3.7/site-packages/airflow/example_dags/example_short_circuit_decorator.py for tasks to queue
[2023-05-17T23:28:47.419+0000] {logging_mixin.py:149} INFO - [2023-05-17T23:28:47.419+0000] {dagbag.py:541} INFO - Filling up the DagBag from /home/airflow/.local/lib/python3.7/site-packages/airflow/example_dags/example_short_circuit_decorator.py
[2023-05-17T23:28:47.424+0000] {processor.py:836} INFO - DAG(s) dict_keys(['example_short_circuit_decorator']) retrieved from /home/airflow/.local/lib/python3.7/site-packages/airflow/example_dags/example_short_circuit_decorator.py
[2023-05-17T23:28:47.438+0000] {logging_mixin.py:149} INFO - [2023-05-17T23:28:47.438+0000] {dag.py:2726} INFO - Sync 1 DAGs
[2023-05-17T23:28:47.451+0000] {logging_mixin.py:149} INFO - [2023-05-17T23:28:47.451+0000] {dag.py:3490} INFO - Setting next_dagrun for example_short_circuit_decorator to 2023-05-16T23:28:47.451027+00:00, run_after=2023-05-17T23:28:47.451027+00:00
[2023-05-17T23:28:47.463+0000] {processor.py:179} INFO - Processing /home/airflow/.local/lib/python3.7/site-packages/airflow/example_dags/example_short_circuit_decorator.py took 0.046 seconds
[2023-05-17T23:29:17.880+0000] {processor.py:157} INFO - Started process (PID=247) to work on /home/airflow/.local/lib/python3.7/site-packages/airflow/example_dags/example_short_circuit_decorator.py
[2023-05-17T23:29:17.881+0000] {processor.py:826} INFO - Processing file /home/airflow/.local/lib/python3.7/site-packages/airflow/example_dags/example_short_circuit_decorator.py for tasks to queue
[2023-05-17T23:29:17.881+0000] {logging_mixin.py:149} INFO - [2023-05-17T23:29:17.881+0000] {dagbag.py:541} INFO - Filling up the DagBag from /home/airflow/.local/lib/python3.7/site-packages/airflow/example_dags/example_short_circuit_decorator.py
[2023-05-17T23:29:17.887+0000] {processor.py:836} INFO - DAG(s) dict_keys(['example_short_circuit_decorator']) retrieved from /home/airflow/.local/lib/python3.7/site-packages/airflow/example_dags/example_short_circuit_decorator.py
[2023-05-17T23:29:17.901+0000] {logging_mixin.py:149} INFO - [2023-05-17T23:29:17.901+0000] {dag.py:2726} INFO - Sync 1 DAGs
[2023-05-17T23:29:17.915+0000] {logging_mixin.py:149} INFO - [2023-05-17T23:29:17.915+0000] {dag.py:3490} INFO - Setting next_dagrun for example_short_circuit_decorator to 2023-05-16T23:29:17.915144+00:00, run_after=2023-05-17T23:29:17.915144+00:00
[2023-05-17T23:29:17.927+0000] {processor.py:179} INFO - Processing /home/airflow/.local/lib/python3.7/site-packages/airflow/example_dags/example_short_circuit_decorator.py took 0.049 seconds
[2023-05-17T23:29:48.486+0000] {processor.py:157} INFO - Started process (PID=311) to work on /home/airflow/.local/lib/python3.7/site-packages/airflow/example_dags/example_short_circuit_decorator.py
[2023-05-17T23:29:48.487+0000] {processor.py:826} INFO - Processing file /home/airflow/.local/lib/python3.7/site-packages/airflow/example_dags/example_short_circuit_decorator.py for tasks to queue
[2023-05-17T23:29:48.487+0000] {logging_mixin.py:149} INFO - [2023-05-17T23:29:48.487+0000] {dagbag.py:541} INFO - Filling up the DagBag from /home/airflow/.local/lib/python3.7/site-packages/airflow/example_dags/example_short_circuit_decorator.py
[2023-05-17T23:29:48.494+0000] {processor.py:836} INFO - DAG(s) dict_keys(['example_short_circuit_decorator']) retrieved from /home/airflow/.local/lib/python3.7/site-packages/airflow/example_dags/example_short_circuit_decorator.py
[2023-05-17T23:29:48.510+0000] {logging_mixin.py:149} INFO - [2023-05-17T23:29:48.510+0000] {dag.py:2726} INFO - Sync 1 DAGs
[2023-05-17T23:29:48.524+0000] {logging_mixin.py:149} INFO - [2023-05-17T23:29:48.524+0000] {dag.py:3490} INFO - Setting next_dagrun for example_short_circuit_decorator to 2023-05-16T23:29:48.524401+00:00, run_after=2023-05-17T23:29:48.524401+00:00
[2023-05-17T23:29:48.536+0000] {processor.py:179} INFO - Processing /home/airflow/.local/lib/python3.7/site-packages/airflow/example_dags/example_short_circuit_decorator.py took 0.052 seconds
[2023-05-17T23:30:31.677+0000] {processor.py:157} INFO - Started process (PID=56) to work on /home/airflow/.local/lib/python3.7/site-packages/airflow/example_dags/example_short_circuit_decorator.py
[2023-05-17T23:30:31.680+0000] {processor.py:826} INFO - Processing file /home/airflow/.local/lib/python3.7/site-packages/airflow/example_dags/example_short_circuit_decorator.py for tasks to queue
[2023-05-17T23:30:31.680+0000] {logging_mixin.py:149} INFO - [2023-05-17T23:30:31.680+0000] {dagbag.py:541} INFO - Filling up the DagBag from /home/airflow/.local/lib/python3.7/site-packages/airflow/example_dags/example_short_circuit_decorator.py
[2023-05-17T23:30:31.687+0000] {processor.py:836} INFO - DAG(s) dict_keys(['example_short_circuit_decorator']) retrieved from /home/airflow/.local/lib/python3.7/site-packages/airflow/example_dags/example_short_circuit_decorator.py
[2023-05-17T23:30:31.694+0000] {logging_mixin.py:149} INFO - [2023-05-17T23:30:31.694+0000] {dag.py:2726} INFO - Sync 1 DAGs
[2023-05-17T23:30:31.708+0000] {logging_mixin.py:149} INFO - [2023-05-17T23:30:31.708+0000] {dag.py:3490} INFO - Setting next_dagrun for example_short_circuit_decorator to 2023-05-16T23:30:31.708356+00:00, run_after=2023-05-17T23:30:31.708356+00:00
[2023-05-17T23:30:31.727+0000] {processor.py:179} INFO - Processing /home/airflow/.local/lib/python3.7/site-packages/airflow/example_dags/example_short_circuit_decorator.py took 0.051 seconds
[2023-05-17T23:31:02.583+0000] {processor.py:157} INFO - Started process (PID=120) to work on /home/airflow/.local/lib/python3.7/site-packages/airflow/example_dags/example_short_circuit_decorator.py
[2023-05-17T23:31:02.585+0000] {processor.py:826} INFO - Processing file /home/airflow/.local/lib/python3.7/site-packages/airflow/example_dags/example_short_circuit_decorator.py for tasks to queue
[2023-05-17T23:31:02.585+0000] {logging_mixin.py:149} INFO - [2023-05-17T23:31:02.585+0000] {dagbag.py:541} INFO - Filling up the DagBag from /home/airflow/.local/lib/python3.7/site-packages/airflow/example_dags/example_short_circuit_decorator.py
[2023-05-17T23:31:02.590+0000] {processor.py:836} INFO - DAG(s) dict_keys(['example_short_circuit_decorator']) retrieved from /home/airflow/.local/lib/python3.7/site-packages/airflow/example_dags/example_short_circuit_decorator.py
[2023-05-17T23:31:02.603+0000] {logging_mixin.py:149} INFO - [2023-05-17T23:31:02.603+0000] {dag.py:2726} INFO - Sync 1 DAGs
[2023-05-17T23:31:02.616+0000] {logging_mixin.py:149} INFO - [2023-05-17T23:31:02.616+0000] {dag.py:3490} INFO - Setting next_dagrun for example_short_circuit_decorator to 2023-05-16T23:31:02.616544+00:00, run_after=2023-05-17T23:31:02.616544+00:00
[2023-05-17T23:31:02.631+0000] {processor.py:179} INFO - Processing /home/airflow/.local/lib/python3.7/site-packages/airflow/example_dags/example_short_circuit_decorator.py took 0.050 seconds
[2023-05-17T23:31:33.202+0000] {processor.py:157} INFO - Started process (PID=184) to work on /home/airflow/.local/lib/python3.7/site-packages/airflow/example_dags/example_short_circuit_decorator.py
[2023-05-17T23:31:33.203+0000] {processor.py:826} INFO - Processing file /home/airflow/.local/lib/python3.7/site-packages/airflow/example_dags/example_short_circuit_decorator.py for tasks to queue
[2023-05-17T23:31:33.204+0000] {logging_mixin.py:149} INFO - [2023-05-17T23:31:33.204+0000] {dagbag.py:541} INFO - Filling up the DagBag from /home/airflow/.local/lib/python3.7/site-packages/airflow/example_dags/example_short_circuit_decorator.py
[2023-05-17T23:31:33.209+0000] {processor.py:836} INFO - DAG(s) dict_keys(['example_short_circuit_decorator']) retrieved from /home/airflow/.local/lib/python3.7/site-packages/airflow/example_dags/example_short_circuit_decorator.py
[2023-05-17T23:31:33.224+0000] {logging_mixin.py:149} INFO - [2023-05-17T23:31:33.223+0000] {dag.py:2726} INFO - Sync 1 DAGs
[2023-05-17T23:31:33.301+0000] {logging_mixin.py:149} INFO - [2023-05-17T23:31:33.301+0000] {dag.py:3490} INFO - Setting next_dagrun for example_short_circuit_decorator to 2023-05-16T23:31:33.301419+00:00, run_after=2023-05-17T23:31:33.301419+00:00
[2023-05-17T23:31:33.313+0000] {processor.py:179} INFO - Processing /home/airflow/.local/lib/python3.7/site-packages/airflow/example_dags/example_short_circuit_decorator.py took 0.113 seconds
[2023-05-17T23:34:33.572+0000] {processor.py:157} INFO - Started process (PID=56) to work on /home/airflow/.local/lib/python3.7/site-packages/airflow/example_dags/example_short_circuit_decorator.py
[2023-05-17T23:34:33.572+0000] {processor.py:826} INFO - Processing file /home/airflow/.local/lib/python3.7/site-packages/airflow/example_dags/example_short_circuit_decorator.py for tasks to queue
[2023-05-17T23:34:33.573+0000] {logging_mixin.py:149} INFO - [2023-05-17T23:34:33.573+0000] {dagbag.py:541} INFO - Filling up the DagBag from /home/airflow/.local/lib/python3.7/site-packages/airflow/example_dags/example_short_circuit_decorator.py
[2023-05-17T23:34:33.580+0000] {processor.py:836} INFO - DAG(s) dict_keys(['example_short_circuit_decorator']) retrieved from /home/airflow/.local/lib/python3.7/site-packages/airflow/example_dags/example_short_circuit_decorator.py
[2023-05-17T23:34:33.587+0000] {logging_mixin.py:149} INFO - [2023-05-17T23:34:33.587+0000] {dag.py:2726} INFO - Sync 1 DAGs
[2023-05-17T23:34:33.602+0000] {logging_mixin.py:149} INFO - [2023-05-17T23:34:33.602+0000] {dag.py:3490} INFO - Setting next_dagrun for example_short_circuit_decorator to 2023-05-16T23:34:33.602427+00:00, run_after=2023-05-17T23:34:33.602427+00:00
[2023-05-17T23:34:33.620+0000] {processor.py:179} INFO - Processing /home/airflow/.local/lib/python3.7/site-packages/airflow/example_dags/example_short_circuit_decorator.py took 0.051 seconds
[2023-05-17T23:35:04.741+0000] {processor.py:157} INFO - Started process (PID=120) to work on /home/airflow/.local/lib/python3.7/site-packages/airflow/example_dags/example_short_circuit_decorator.py
[2023-05-17T23:35:04.744+0000] {processor.py:826} INFO - Processing file /home/airflow/.local/lib/python3.7/site-packages/airflow/example_dags/example_short_circuit_decorator.py for tasks to queue
[2023-05-17T23:35:04.744+0000] {logging_mixin.py:149} INFO - [2023-05-17T23:35:04.744+0000] {dagbag.py:541} INFO - Filling up the DagBag from /home/airflow/.local/lib/python3.7/site-packages/airflow/example_dags/example_short_circuit_decorator.py
[2023-05-17T23:35:04.749+0000] {processor.py:836} INFO - DAG(s) dict_keys(['example_short_circuit_decorator']) retrieved from /home/airflow/.local/lib/python3.7/site-packages/airflow/example_dags/example_short_circuit_decorator.py
[2023-05-17T23:35:04.763+0000] {logging_mixin.py:149} INFO - [2023-05-17T23:35:04.763+0000] {dag.py:2726} INFO - Sync 1 DAGs
[2023-05-17T23:35:04.776+0000] {logging_mixin.py:149} INFO - [2023-05-17T23:35:04.776+0000] {dag.py:3490} INFO - Setting next_dagrun for example_short_circuit_decorator to 2023-05-16T23:35:04.776176+00:00, run_after=2023-05-17T23:35:04.776176+00:00
[2023-05-17T23:35:04.789+0000] {processor.py:179} INFO - Processing /home/airflow/.local/lib/python3.7/site-packages/airflow/example_dags/example_short_circuit_decorator.py took 0.050 seconds
[2023-05-17T23:35:35.344+0000] {processor.py:157} INFO - Started process (PID=184) to work on /home/airflow/.local/lib/python3.7/site-packages/airflow/example_dags/example_short_circuit_decorator.py
[2023-05-17T23:35:35.345+0000] {processor.py:826} INFO - Processing file /home/airflow/.local/lib/python3.7/site-packages/airflow/example_dags/example_short_circuit_decorator.py for tasks to queue
[2023-05-17T23:35:35.345+0000] {logging_mixin.py:149} INFO - [2023-05-17T23:35:35.345+0000] {dagbag.py:541} INFO - Filling up the DagBag from /home/airflow/.local/lib/python3.7/site-packages/airflow/example_dags/example_short_circuit_decorator.py
[2023-05-17T23:35:35.350+0000] {processor.py:836} INFO - DAG(s) dict_keys(['example_short_circuit_decorator']) retrieved from /home/airflow/.local/lib/python3.7/site-packages/airflow/example_dags/example_short_circuit_decorator.py
[2023-05-17T23:35:35.366+0000] {logging_mixin.py:149} INFO - [2023-05-17T23:35:35.366+0000] {dag.py:2726} INFO - Sync 1 DAGs
[2023-05-17T23:35:35.442+0000] {logging_mixin.py:149} INFO - [2023-05-17T23:35:35.442+0000] {dag.py:3490} INFO - Setting next_dagrun for example_short_circuit_decorator to 2023-05-16T23:35:35.442665+00:00, run_after=2023-05-17T23:35:35.442665+00:00
[2023-05-17T23:35:35.458+0000] {processor.py:179} INFO - Processing /home/airflow/.local/lib/python3.7/site-packages/airflow/example_dags/example_short_circuit_decorator.py took 0.115 seconds
[2023-05-17T23:36:05.707+0000] {processor.py:157} INFO - Started process (PID=248) to work on /home/airflow/.local/lib/python3.7/site-packages/airflow/example_dags/example_short_circuit_decorator.py
[2023-05-17T23:36:05.709+0000] {processor.py:826} INFO - Processing file /home/airflow/.local/lib/python3.7/site-packages/airflow/example_dags/example_short_circuit_decorator.py for tasks to queue
[2023-05-17T23:36:05.709+0000] {logging_mixin.py:149} INFO - [2023-05-17T23:36:05.709+0000] {dagbag.py:541} INFO - Filling up the DagBag from /home/airflow/.local/lib/python3.7/site-packages/airflow/example_dags/example_short_circuit_decorator.py
[2023-05-17T23:36:05.715+0000] {processor.py:836} INFO - DAG(s) dict_keys(['example_short_circuit_decorator']) retrieved from /home/airflow/.local/lib/python3.7/site-packages/airflow/example_dags/example_short_circuit_decorator.py
[2023-05-17T23:36:05.729+0000] {logging_mixin.py:149} INFO - [2023-05-17T23:36:05.729+0000] {dag.py:2726} INFO - Sync 1 DAGs
[2023-05-17T23:36:05.743+0000] {logging_mixin.py:149} INFO - [2023-05-17T23:36:05.743+0000] {dag.py:3490} INFO - Setting next_dagrun for example_short_circuit_decorator to 2023-05-16T23:36:05.743622+00:00, run_after=2023-05-17T23:36:05.743622+00:00
[2023-05-17T23:36:05.755+0000] {processor.py:179} INFO - Processing /home/airflow/.local/lib/python3.7/site-packages/airflow/example_dags/example_short_circuit_decorator.py took 0.050 seconds
[2023-05-17T23:36:36.505+0000] {processor.py:157} INFO - Started process (PID=311) to work on /home/airflow/.local/lib/python3.7/site-packages/airflow/example_dags/example_short_circuit_decorator.py
[2023-05-17T23:36:36.506+0000] {processor.py:826} INFO - Processing file /home/airflow/.local/lib/python3.7/site-packages/airflow/example_dags/example_short_circuit_decorator.py for tasks to queue
[2023-05-17T23:36:36.506+0000] {logging_mixin.py:149} INFO - [2023-05-17T23:36:36.506+0000] {dagbag.py:541} INFO - Filling up the DagBag from /home/airflow/.local/lib/python3.7/site-packages/airflow/example_dags/example_short_circuit_decorator.py
[2023-05-17T23:36:36.511+0000] {processor.py:836} INFO - DAG(s) dict_keys(['example_short_circuit_decorator']) retrieved from /home/airflow/.local/lib/python3.7/site-packages/airflow/example_dags/example_short_circuit_decorator.py
[2023-05-17T23:36:36.525+0000] {logging_mixin.py:149} INFO - [2023-05-17T23:36:36.525+0000] {dag.py:2726} INFO - Sync 1 DAGs
[2023-05-17T23:36:36.539+0000] {logging_mixin.py:149} INFO - [2023-05-17T23:36:36.539+0000] {dag.py:3490} INFO - Setting next_dagrun for example_short_circuit_decorator to 2023-05-16T23:36:36.539089+00:00, run_after=2023-05-17T23:36:36.539089+00:00
[2023-05-17T23:36:36.557+0000] {processor.py:179} INFO - Processing /home/airflow/.local/lib/python3.7/site-packages/airflow/example_dags/example_short_circuit_decorator.py took 0.054 seconds
[2023-05-17T23:37:07.229+0000] {processor.py:157} INFO - Started process (PID=375) to work on /home/airflow/.local/lib/python3.7/site-packages/airflow/example_dags/example_short_circuit_decorator.py
[2023-05-17T23:37:07.230+0000] {processor.py:826} INFO - Processing file /home/airflow/.local/lib/python3.7/site-packages/airflow/example_dags/example_short_circuit_decorator.py for tasks to queue
[2023-05-17T23:37:07.230+0000] {logging_mixin.py:149} INFO - [2023-05-17T23:37:07.230+0000] {dagbag.py:541} INFO - Filling up the DagBag from /home/airflow/.local/lib/python3.7/site-packages/airflow/example_dags/example_short_circuit_decorator.py
[2023-05-17T23:37:07.236+0000] {processor.py:836} INFO - DAG(s) dict_keys(['example_short_circuit_decorator']) retrieved from /home/airflow/.local/lib/python3.7/site-packages/airflow/example_dags/example_short_circuit_decorator.py
[2023-05-17T23:37:07.251+0000] {logging_mixin.py:149} INFO - [2023-05-17T23:37:07.251+0000] {dag.py:2726} INFO - Sync 1 DAGs
[2023-05-17T23:37:07.266+0000] {logging_mixin.py:149} INFO - [2023-05-17T23:37:07.266+0000] {dag.py:3490} INFO - Setting next_dagrun for example_short_circuit_decorator to 2023-05-16T23:37:07.266233+00:00, run_after=2023-05-17T23:37:07.266233+00:00
[2023-05-17T23:37:07.279+0000] {processor.py:179} INFO - Processing /home/airflow/.local/lib/python3.7/site-packages/airflow/example_dags/example_short_circuit_decorator.py took 0.052 seconds
[2023-05-17T23:37:37.906+0000] {processor.py:157} INFO - Started process (PID=439) to work on /home/airflow/.local/lib/python3.7/site-packages/airflow/example_dags/example_short_circuit_decorator.py
[2023-05-17T23:37:37.908+0000] {processor.py:826} INFO - Processing file /home/airflow/.local/lib/python3.7/site-packages/airflow/example_dags/example_short_circuit_decorator.py for tasks to queue
[2023-05-17T23:37:37.909+0000] {logging_mixin.py:149} INFO - [2023-05-17T23:37:37.909+0000] {dagbag.py:541} INFO - Filling up the DagBag from /home/airflow/.local/lib/python3.7/site-packages/airflow/example_dags/example_short_circuit_decorator.py
[2023-05-17T23:37:37.914+0000] {processor.py:836} INFO - DAG(s) dict_keys(['example_short_circuit_decorator']) retrieved from /home/airflow/.local/lib/python3.7/site-packages/airflow/example_dags/example_short_circuit_decorator.py
[2023-05-17T23:37:37.929+0000] {logging_mixin.py:149} INFO - [2023-05-17T23:37:37.929+0000] {dag.py:2726} INFO - Sync 1 DAGs
[2023-05-17T23:37:37.943+0000] {logging_mixin.py:149} INFO - [2023-05-17T23:37:37.943+0000] {dag.py:3490} INFO - Setting next_dagrun for example_short_circuit_decorator to 2023-05-16T23:37:37.943707+00:00, run_after=2023-05-17T23:37:37.943707+00:00
[2023-05-17T23:37:37.955+0000] {processor.py:179} INFO - Processing /home/airflow/.local/lib/python3.7/site-packages/airflow/example_dags/example_short_circuit_decorator.py took 0.051 seconds
[2023-05-17T23:38:08.554+0000] {processor.py:157} INFO - Started process (PID=503) to work on /home/airflow/.local/lib/python3.7/site-packages/airflow/example_dags/example_short_circuit_decorator.py
[2023-05-17T23:38:08.555+0000] {processor.py:826} INFO - Processing file /home/airflow/.local/lib/python3.7/site-packages/airflow/example_dags/example_short_circuit_decorator.py for tasks to queue
[2023-05-17T23:38:08.555+0000] {logging_mixin.py:149} INFO - [2023-05-17T23:38:08.555+0000] {dagbag.py:541} INFO - Filling up the DagBag from /home/airflow/.local/lib/python3.7/site-packages/airflow/example_dags/example_short_circuit_decorator.py
[2023-05-17T23:38:08.562+0000] {processor.py:836} INFO - DAG(s) dict_keys(['example_short_circuit_decorator']) retrieved from /home/airflow/.local/lib/python3.7/site-packages/airflow/example_dags/example_short_circuit_decorator.py
[2023-05-17T23:38:08.577+0000] {logging_mixin.py:149} INFO - [2023-05-17T23:38:08.577+0000] {dag.py:2726} INFO - Sync 1 DAGs
[2023-05-17T23:38:08.590+0000] {logging_mixin.py:149} INFO - [2023-05-17T23:38:08.590+0000] {dag.py:3490} INFO - Setting next_dagrun for example_short_circuit_decorator to 2023-05-16T23:38:08.590763+00:00, run_after=2023-05-17T23:38:08.590763+00:00
[2023-05-17T23:38:08.602+0000] {processor.py:179} INFO - Processing /home/airflow/.local/lib/python3.7/site-packages/airflow/example_dags/example_short_circuit_decorator.py took 0.051 seconds
[2023-05-17T23:40:48.564+0000] {processor.py:157} INFO - Started process (PID=56) to work on /home/airflow/.local/lib/python3.7/site-packages/airflow/example_dags/example_short_circuit_decorator.py
[2023-05-17T23:40:48.565+0000] {processor.py:826} INFO - Processing file /home/airflow/.local/lib/python3.7/site-packages/airflow/example_dags/example_short_circuit_decorator.py for tasks to queue
[2023-05-17T23:40:48.565+0000] {logging_mixin.py:149} INFO - [2023-05-17T23:40:48.565+0000] {dagbag.py:541} INFO - Filling up the DagBag from /home/airflow/.local/lib/python3.7/site-packages/airflow/example_dags/example_short_circuit_decorator.py
[2023-05-17T23:40:48.572+0000] {processor.py:836} INFO - DAG(s) dict_keys(['example_short_circuit_decorator']) retrieved from /home/airflow/.local/lib/python3.7/site-packages/airflow/example_dags/example_short_circuit_decorator.py
[2023-05-17T23:40:48.591+0000] {logging_mixin.py:149} INFO - [2023-05-17T23:40:48.590+0000] {dag.py:2726} INFO - Sync 1 DAGs
[2023-05-17T23:40:48.606+0000] {logging_mixin.py:149} INFO - [2023-05-17T23:40:48.605+0000] {dag.py:3490} INFO - Setting next_dagrun for example_short_circuit_decorator to 2023-05-16T23:40:48.605745+00:00, run_after=2023-05-17T23:40:48.605745+00:00
[2023-05-17T23:40:48.618+0000] {processor.py:179} INFO - Processing /home/airflow/.local/lib/python3.7/site-packages/airflow/example_dags/example_short_circuit_decorator.py took 0.056 seconds
[2023-05-17T23:41:20.389+0000] {processor.py:157} INFO - Started process (PID=120) to work on /home/airflow/.local/lib/python3.7/site-packages/airflow/example_dags/example_short_circuit_decorator.py
[2023-05-17T23:41:20.389+0000] {processor.py:826} INFO - Processing file /home/airflow/.local/lib/python3.7/site-packages/airflow/example_dags/example_short_circuit_decorator.py for tasks to queue
[2023-05-17T23:41:20.390+0000] {logging_mixin.py:149} INFO - [2023-05-17T23:41:20.390+0000] {dagbag.py:541} INFO - Filling up the DagBag from /home/airflow/.local/lib/python3.7/site-packages/airflow/example_dags/example_short_circuit_decorator.py
[2023-05-17T23:41:20.401+0000] {processor.py:836} INFO - DAG(s) dict_keys(['example_short_circuit_decorator']) retrieved from /home/airflow/.local/lib/python3.7/site-packages/airflow/example_dags/example_short_circuit_decorator.py
[2023-05-17T23:41:20.423+0000] {logging_mixin.py:149} INFO - [2023-05-17T23:41:20.423+0000] {dag.py:2726} INFO - Sync 1 DAGs
[2023-05-17T23:41:20.443+0000] {logging_mixin.py:149} INFO - [2023-05-17T23:41:20.443+0000] {dag.py:3490} INFO - Setting next_dagrun for example_short_circuit_decorator to 2023-05-16T23:41:20.442977+00:00, run_after=2023-05-17T23:41:20.442977+00:00
[2023-05-17T23:41:20.468+0000] {processor.py:179} INFO - Processing /home/airflow/.local/lib/python3.7/site-packages/airflow/example_dags/example_short_circuit_decorator.py took 0.081 seconds
[2023-05-17T23:41:51.368+0000] {processor.py:157} INFO - Started process (PID=184) to work on /home/airflow/.local/lib/python3.7/site-packages/airflow/example_dags/example_short_circuit_decorator.py
[2023-05-17T23:41:51.371+0000] {processor.py:826} INFO - Processing file /home/airflow/.local/lib/python3.7/site-packages/airflow/example_dags/example_short_circuit_decorator.py for tasks to queue
[2023-05-17T23:41:51.371+0000] {logging_mixin.py:149} INFO - [2023-05-17T23:41:51.371+0000] {dagbag.py:541} INFO - Filling up the DagBag from /home/airflow/.local/lib/python3.7/site-packages/airflow/example_dags/example_short_circuit_decorator.py
[2023-05-17T23:41:51.377+0000] {processor.py:836} INFO - DAG(s) dict_keys(['example_short_circuit_decorator']) retrieved from /home/airflow/.local/lib/python3.7/site-packages/airflow/example_dags/example_short_circuit_decorator.py
[2023-05-17T23:41:51.391+0000] {logging_mixin.py:149} INFO - [2023-05-17T23:41:51.391+0000] {dag.py:2726} INFO - Sync 1 DAGs
[2023-05-17T23:41:51.474+0000] {logging_mixin.py:149} INFO - [2023-05-17T23:41:51.474+0000] {dag.py:3490} INFO - Setting next_dagrun for example_short_circuit_decorator to 2023-05-16T23:41:51.473879+00:00, run_after=2023-05-17T23:41:51.473879+00:00
[2023-05-17T23:41:51.505+0000] {processor.py:179} INFO - Processing /home/airflow/.local/lib/python3.7/site-packages/airflow/example_dags/example_short_circuit_decorator.py took 0.139 seconds
[2023-05-17T23:42:21.938+0000] {processor.py:157} INFO - Started process (PID=248) to work on /home/airflow/.local/lib/python3.7/site-packages/airflow/example_dags/example_short_circuit_decorator.py
[2023-05-17T23:42:21.942+0000] {processor.py:826} INFO - Processing file /home/airflow/.local/lib/python3.7/site-packages/airflow/example_dags/example_short_circuit_decorator.py for tasks to queue
[2023-05-17T23:42:21.942+0000] {logging_mixin.py:149} INFO - [2023-05-17T23:42:21.942+0000] {dagbag.py:541} INFO - Filling up the DagBag from /home/airflow/.local/lib/python3.7/site-packages/airflow/example_dags/example_short_circuit_decorator.py
[2023-05-17T23:42:21.947+0000] {processor.py:836} INFO - DAG(s) dict_keys(['example_short_circuit_decorator']) retrieved from /home/airflow/.local/lib/python3.7/site-packages/airflow/example_dags/example_short_circuit_decorator.py
[2023-05-17T23:42:21.955+0000] {logging_mixin.py:149} INFO - [2023-05-17T23:42:21.955+0000] {dag.py:2726} INFO - Sync 1 DAGs
[2023-05-17T23:42:21.971+0000] {logging_mixin.py:149} INFO - [2023-05-17T23:42:21.971+0000] {dag.py:3490} INFO - Setting next_dagrun for example_short_circuit_decorator to 2023-05-16T23:42:21.970863+00:00, run_after=2023-05-17T23:42:21.970863+00:00
[2023-05-17T23:42:21.989+0000] {processor.py:179} INFO - Processing /home/airflow/.local/lib/python3.7/site-packages/airflow/example_dags/example_short_circuit_decorator.py took 0.053 seconds
[2023-05-17T23:42:52.541+0000] {processor.py:157} INFO - Started process (PID=312) to work on /home/airflow/.local/lib/python3.7/site-packages/airflow/example_dags/example_short_circuit_decorator.py
[2023-05-17T23:42:52.543+0000] {processor.py:826} INFO - Processing file /home/airflow/.local/lib/python3.7/site-packages/airflow/example_dags/example_short_circuit_decorator.py for tasks to queue
[2023-05-17T23:42:52.543+0000] {logging_mixin.py:149} INFO - [2023-05-17T23:42:52.543+0000] {dagbag.py:541} INFO - Filling up the DagBag from /home/airflow/.local/lib/python3.7/site-packages/airflow/example_dags/example_short_circuit_decorator.py
[2023-05-17T23:42:52.548+0000] {processor.py:836} INFO - DAG(s) dict_keys(['example_short_circuit_decorator']) retrieved from /home/airflow/.local/lib/python3.7/site-packages/airflow/example_dags/example_short_circuit_decorator.py
[2023-05-17T23:42:52.562+0000] {logging_mixin.py:149} INFO - [2023-05-17T23:42:52.562+0000] {dag.py:2726} INFO - Sync 1 DAGs
[2023-05-17T23:42:52.574+0000] {logging_mixin.py:149} INFO - [2023-05-17T23:42:52.574+0000] {dag.py:3490} INFO - Setting next_dagrun for example_short_circuit_decorator to 2023-05-16T23:42:52.574760+00:00, run_after=2023-05-17T23:42:52.574760+00:00
[2023-05-17T23:42:52.589+0000] {processor.py:179} INFO - Processing /home/airflow/.local/lib/python3.7/site-packages/airflow/example_dags/example_short_circuit_decorator.py took 0.049 seconds
[2023-05-17T23:43:23.139+0000] {processor.py:157} INFO - Started process (PID=376) to work on /home/airflow/.local/lib/python3.7/site-packages/airflow/example_dags/example_short_circuit_decorator.py
[2023-05-17T23:43:23.141+0000] {processor.py:826} INFO - Processing file /home/airflow/.local/lib/python3.7/site-packages/airflow/example_dags/example_short_circuit_decorator.py for tasks to queue
[2023-05-17T23:43:23.142+0000] {logging_mixin.py:149} INFO - [2023-05-17T23:43:23.141+0000] {dagbag.py:541} INFO - Filling up the DagBag from /home/airflow/.local/lib/python3.7/site-packages/airflow/example_dags/example_short_circuit_decorator.py
[2023-05-17T23:43:23.146+0000] {processor.py:836} INFO - DAG(s) dict_keys(['example_short_circuit_decorator']) retrieved from /home/airflow/.local/lib/python3.7/site-packages/airflow/example_dags/example_short_circuit_decorator.py
[2023-05-17T23:43:23.161+0000] {logging_mixin.py:149} INFO - [2023-05-17T23:43:23.161+0000] {dag.py:2726} INFO - Sync 1 DAGs
[2023-05-17T23:43:23.174+0000] {logging_mixin.py:149} INFO - [2023-05-17T23:43:23.174+0000] {dag.py:3490} INFO - Setting next_dagrun for example_short_circuit_decorator to 2023-05-16T23:43:23.174412+00:00, run_after=2023-05-17T23:43:23.174412+00:00
[2023-05-17T23:43:23.188+0000] {processor.py:179} INFO - Processing /home/airflow/.local/lib/python3.7/site-packages/airflow/example_dags/example_short_circuit_decorator.py took 0.051 seconds
[2023-05-17T23:43:53.664+0000] {processor.py:157} INFO - Started process (PID=440) to work on /home/airflow/.local/lib/python3.7/site-packages/airflow/example_dags/example_short_circuit_decorator.py
[2023-05-17T23:43:53.665+0000] {processor.py:826} INFO - Processing file /home/airflow/.local/lib/python3.7/site-packages/airflow/example_dags/example_short_circuit_decorator.py for tasks to queue
[2023-05-17T23:43:53.666+0000] {logging_mixin.py:149} INFO - [2023-05-17T23:43:53.666+0000] {dagbag.py:541} INFO - Filling up the DagBag from /home/airflow/.local/lib/python3.7/site-packages/airflow/example_dags/example_short_circuit_decorator.py
[2023-05-17T23:43:53.671+0000] {processor.py:836} INFO - DAG(s) dict_keys(['example_short_circuit_decorator']) retrieved from /home/airflow/.local/lib/python3.7/site-packages/airflow/example_dags/example_short_circuit_decorator.py
[2023-05-17T23:43:53.685+0000] {logging_mixin.py:149} INFO - [2023-05-17T23:43:53.685+0000] {dag.py:2726} INFO - Sync 1 DAGs
[2023-05-17T23:43:53.701+0000] {logging_mixin.py:149} INFO - [2023-05-17T23:43:53.701+0000] {dag.py:3490} INFO - Setting next_dagrun for example_short_circuit_decorator to 2023-05-16T23:43:53.701034+00:00, run_after=2023-05-17T23:43:53.701034+00:00
[2023-05-17T23:43:53.712+0000] {processor.py:179} INFO - Processing /home/airflow/.local/lib/python3.7/site-packages/airflow/example_dags/example_short_circuit_decorator.py took 0.049 seconds
[2023-05-17T23:44:24.432+0000] {processor.py:157} INFO - Started process (PID=504) to work on /home/airflow/.local/lib/python3.7/site-packages/airflow/example_dags/example_short_circuit_decorator.py
[2023-05-17T23:44:24.435+0000] {processor.py:826} INFO - Processing file /home/airflow/.local/lib/python3.7/site-packages/airflow/example_dags/example_short_circuit_decorator.py for tasks to queue
[2023-05-17T23:44:24.435+0000] {logging_mixin.py:149} INFO - [2023-05-17T23:44:24.435+0000] {dagbag.py:541} INFO - Filling up the DagBag from /home/airflow/.local/lib/python3.7/site-packages/airflow/example_dags/example_short_circuit_decorator.py
[2023-05-17T23:44:24.440+0000] {processor.py:836} INFO - DAG(s) dict_keys(['example_short_circuit_decorator']) retrieved from /home/airflow/.local/lib/python3.7/site-packages/airflow/example_dags/example_short_circuit_decorator.py
[2023-05-17T23:44:24.455+0000] {logging_mixin.py:149} INFO - [2023-05-17T23:44:24.454+0000] {dag.py:2726} INFO - Sync 1 DAGs
[2023-05-17T23:44:24.469+0000] {logging_mixin.py:149} INFO - [2023-05-17T23:44:24.469+0000] {dag.py:3490} INFO - Setting next_dagrun for example_short_circuit_decorator to 2023-05-16T23:44:24.469436+00:00, run_after=2023-05-17T23:44:24.469436+00:00
[2023-05-17T23:44:24.481+0000] {processor.py:179} INFO - Processing /home/airflow/.local/lib/python3.7/site-packages/airflow/example_dags/example_short_circuit_decorator.py took 0.051 seconds
[2023-05-17T23:44:55.021+0000] {processor.py:157} INFO - Started process (PID=568) to work on /home/airflow/.local/lib/python3.7/site-packages/airflow/example_dags/example_short_circuit_decorator.py
[2023-05-17T23:44:55.023+0000] {processor.py:826} INFO - Processing file /home/airflow/.local/lib/python3.7/site-packages/airflow/example_dags/example_short_circuit_decorator.py for tasks to queue
[2023-05-17T23:44:55.024+0000] {logging_mixin.py:149} INFO - [2023-05-17T23:44:55.024+0000] {dagbag.py:541} INFO - Filling up the DagBag from /home/airflow/.local/lib/python3.7/site-packages/airflow/example_dags/example_short_circuit_decorator.py
[2023-05-17T23:44:55.030+0000] {processor.py:836} INFO - DAG(s) dict_keys(['example_short_circuit_decorator']) retrieved from /home/airflow/.local/lib/python3.7/site-packages/airflow/example_dags/example_short_circuit_decorator.py
[2023-05-17T23:44:55.044+0000] {logging_mixin.py:149} INFO - [2023-05-17T23:44:55.044+0000] {dag.py:2726} INFO - Sync 1 DAGs
[2023-05-17T23:44:55.057+0000] {logging_mixin.py:149} INFO - [2023-05-17T23:44:55.057+0000] {dag.py:3490} INFO - Setting next_dagrun for example_short_circuit_decorator to 2023-05-16T23:44:55.056905+00:00, run_after=2023-05-17T23:44:55.056905+00:00
[2023-05-17T23:44:55.071+0000] {processor.py:179} INFO - Processing /home/airflow/.local/lib/python3.7/site-packages/airflow/example_dags/example_short_circuit_decorator.py took 0.051 seconds
[2023-05-17T23:45:25.598+0000] {processor.py:157} INFO - Started process (PID=632) to work on /home/airflow/.local/lib/python3.7/site-packages/airflow/example_dags/example_short_circuit_decorator.py
[2023-05-17T23:45:25.599+0000] {processor.py:826} INFO - Processing file /home/airflow/.local/lib/python3.7/site-packages/airflow/example_dags/example_short_circuit_decorator.py for tasks to queue
[2023-05-17T23:45:25.599+0000] {logging_mixin.py:149} INFO - [2023-05-17T23:45:25.599+0000] {dagbag.py:541} INFO - Filling up the DagBag from /home/airflow/.local/lib/python3.7/site-packages/airflow/example_dags/example_short_circuit_decorator.py
[2023-05-17T23:45:25.604+0000] {processor.py:836} INFO - DAG(s) dict_keys(['example_short_circuit_decorator']) retrieved from /home/airflow/.local/lib/python3.7/site-packages/airflow/example_dags/example_short_circuit_decorator.py
[2023-05-17T23:45:25.619+0000] {logging_mixin.py:149} INFO - [2023-05-17T23:45:25.619+0000] {dag.py:2726} INFO - Sync 1 DAGs
[2023-05-17T23:45:25.632+0000] {logging_mixin.py:149} INFO - [2023-05-17T23:45:25.632+0000] {dag.py:3490} INFO - Setting next_dagrun for example_short_circuit_decorator to 2023-05-16T23:45:25.632692+00:00, run_after=2023-05-17T23:45:25.632692+00:00
[2023-05-17T23:45:25.643+0000] {processor.py:179} INFO - Processing /home/airflow/.local/lib/python3.7/site-packages/airflow/example_dags/example_short_circuit_decorator.py took 0.047 seconds
[2023-05-17T23:45:56.387+0000] {processor.py:157} INFO - Started process (PID=696) to work on /home/airflow/.local/lib/python3.7/site-packages/airflow/example_dags/example_short_circuit_decorator.py
[2023-05-17T23:45:56.389+0000] {processor.py:826} INFO - Processing file /home/airflow/.local/lib/python3.7/site-packages/airflow/example_dags/example_short_circuit_decorator.py for tasks to queue
[2023-05-17T23:45:56.389+0000] {logging_mixin.py:149} INFO - [2023-05-17T23:45:56.389+0000] {dagbag.py:541} INFO - Filling up the DagBag from /home/airflow/.local/lib/python3.7/site-packages/airflow/example_dags/example_short_circuit_decorator.py
[2023-05-17T23:45:56.394+0000] {processor.py:836} INFO - DAG(s) dict_keys(['example_short_circuit_decorator']) retrieved from /home/airflow/.local/lib/python3.7/site-packages/airflow/example_dags/example_short_circuit_decorator.py
[2023-05-17T23:45:56.408+0000] {logging_mixin.py:149} INFO - [2023-05-17T23:45:56.408+0000] {dag.py:2726} INFO - Sync 1 DAGs
[2023-05-17T23:45:56.422+0000] {logging_mixin.py:149} INFO - [2023-05-17T23:45:56.422+0000] {dag.py:3490} INFO - Setting next_dagrun for example_short_circuit_decorator to 2023-05-16T23:45:56.421833+00:00, run_after=2023-05-17T23:45:56.421833+00:00
[2023-05-17T23:45:56.436+0000] {processor.py:179} INFO - Processing /home/airflow/.local/lib/python3.7/site-packages/airflow/example_dags/example_short_circuit_decorator.py took 0.051 seconds
[2023-05-17T23:46:26.982+0000] {processor.py:157} INFO - Started process (PID=760) to work on /home/airflow/.local/lib/python3.7/site-packages/airflow/example_dags/example_short_circuit_decorator.py
[2023-05-17T23:46:26.983+0000] {processor.py:826} INFO - Processing file /home/airflow/.local/lib/python3.7/site-packages/airflow/example_dags/example_short_circuit_decorator.py for tasks to queue
[2023-05-17T23:46:26.983+0000] {logging_mixin.py:149} INFO - [2023-05-17T23:46:26.983+0000] {dagbag.py:541} INFO - Filling up the DagBag from /home/airflow/.local/lib/python3.7/site-packages/airflow/example_dags/example_short_circuit_decorator.py
[2023-05-17T23:46:26.988+0000] {processor.py:836} INFO - DAG(s) dict_keys(['example_short_circuit_decorator']) retrieved from /home/airflow/.local/lib/python3.7/site-packages/airflow/example_dags/example_short_circuit_decorator.py
[2023-05-17T23:46:27.002+0000] {logging_mixin.py:149} INFO - [2023-05-17T23:46:27.002+0000] {dag.py:2726} INFO - Sync 1 DAGs
[2023-05-17T23:46:27.014+0000] {logging_mixin.py:149} INFO - [2023-05-17T23:46:27.014+0000] {dag.py:3490} INFO - Setting next_dagrun for example_short_circuit_decorator to 2023-05-16T23:46:27.014506+00:00, run_after=2023-05-17T23:46:27.014506+00:00
[2023-05-17T23:46:27.025+0000] {processor.py:179} INFO - Processing /home/airflow/.local/lib/python3.7/site-packages/airflow/example_dags/example_short_circuit_decorator.py took 0.045 seconds
[2023-05-17T23:46:57.530+0000] {processor.py:157} INFO - Started process (PID=824) to work on /home/airflow/.local/lib/python3.7/site-packages/airflow/example_dags/example_short_circuit_decorator.py
[2023-05-17T23:46:57.533+0000] {processor.py:826} INFO - Processing file /home/airflow/.local/lib/python3.7/site-packages/airflow/example_dags/example_short_circuit_decorator.py for tasks to queue
[2023-05-17T23:46:57.533+0000] {logging_mixin.py:149} INFO - [2023-05-17T23:46:57.533+0000] {dagbag.py:541} INFO - Filling up the DagBag from /home/airflow/.local/lib/python3.7/site-packages/airflow/example_dags/example_short_circuit_decorator.py
[2023-05-17T23:46:57.539+0000] {processor.py:836} INFO - DAG(s) dict_keys(['example_short_circuit_decorator']) retrieved from /home/airflow/.local/lib/python3.7/site-packages/airflow/example_dags/example_short_circuit_decorator.py
[2023-05-17T23:46:57.552+0000] {logging_mixin.py:149} INFO - [2023-05-17T23:46:57.552+0000] {dag.py:2726} INFO - Sync 1 DAGs
[2023-05-17T23:46:57.566+0000] {logging_mixin.py:149} INFO - [2023-05-17T23:46:57.565+0000] {dag.py:3490} INFO - Setting next_dagrun for example_short_circuit_decorator to 2023-05-16T23:46:57.565825+00:00, run_after=2023-05-17T23:46:57.565825+00:00
[2023-05-17T23:46:57.580+0000] {processor.py:179} INFO - Processing /home/airflow/.local/lib/python3.7/site-packages/airflow/example_dags/example_short_circuit_decorator.py took 0.051 seconds
[2023-05-17T23:48:21.157+0000] {processor.py:157} INFO - Started process (PID=56) to work on /home/airflow/.local/lib/python3.7/site-packages/airflow/example_dags/example_short_circuit_decorator.py
[2023-05-17T23:48:21.159+0000] {processor.py:826} INFO - Processing file /home/airflow/.local/lib/python3.7/site-packages/airflow/example_dags/example_short_circuit_decorator.py for tasks to queue
[2023-05-17T23:48:21.159+0000] {logging_mixin.py:149} INFO - [2023-05-17T23:48:21.159+0000] {dagbag.py:541} INFO - Filling up the DagBag from /home/airflow/.local/lib/python3.7/site-packages/airflow/example_dags/example_short_circuit_decorator.py
[2023-05-17T23:48:21.166+0000] {processor.py:836} INFO - DAG(s) dict_keys(['example_short_circuit_decorator']) retrieved from /home/airflow/.local/lib/python3.7/site-packages/airflow/example_dags/example_short_circuit_decorator.py
[2023-05-17T23:48:21.172+0000] {logging_mixin.py:149} INFO - [2023-05-17T23:48:21.172+0000] {dag.py:2726} INFO - Sync 1 DAGs
[2023-05-17T23:48:21.186+0000] {logging_mixin.py:149} INFO - [2023-05-17T23:48:21.186+0000] {dag.py:3490} INFO - Setting next_dagrun for example_short_circuit_decorator to 2023-05-16T23:48:21.186534+00:00, run_after=2023-05-17T23:48:21.186534+00:00
[2023-05-17T23:48:21.206+0000] {processor.py:179} INFO - Processing /home/airflow/.local/lib/python3.7/site-packages/airflow/example_dags/example_short_circuit_decorator.py took 0.051 seconds
[2023-05-17T23:48:52.477+0000] {processor.py:157} INFO - Started process (PID=120) to work on /home/airflow/.local/lib/python3.7/site-packages/airflow/example_dags/example_short_circuit_decorator.py
[2023-05-17T23:48:52.484+0000] {processor.py:826} INFO - Processing file /home/airflow/.local/lib/python3.7/site-packages/airflow/example_dags/example_short_circuit_decorator.py for tasks to queue
[2023-05-17T23:48:52.484+0000] {logging_mixin.py:149} INFO - [2023-05-17T23:48:52.484+0000] {dagbag.py:541} INFO - Filling up the DagBag from /home/airflow/.local/lib/python3.7/site-packages/airflow/example_dags/example_short_circuit_decorator.py
[2023-05-17T23:48:52.489+0000] {processor.py:836} INFO - DAG(s) dict_keys(['example_short_circuit_decorator']) retrieved from /home/airflow/.local/lib/python3.7/site-packages/airflow/example_dags/example_short_circuit_decorator.py
[2023-05-17T23:48:52.508+0000] {logging_mixin.py:149} INFO - [2023-05-17T23:48:52.507+0000] {dag.py:2726} INFO - Sync 1 DAGs
[2023-05-17T23:48:52.527+0000] {logging_mixin.py:149} INFO - [2023-05-17T23:48:52.527+0000] {dag.py:3490} INFO - Setting next_dagrun for example_short_circuit_decorator to 2023-05-16T23:48:52.527157+00:00, run_after=2023-05-17T23:48:52.527157+00:00
[2023-05-17T23:48:52.547+0000] {processor.py:179} INFO - Processing /home/airflow/.local/lib/python3.7/site-packages/airflow/example_dags/example_short_circuit_decorator.py took 0.072 seconds
[2023-05-17T23:49:23.208+0000] {processor.py:157} INFO - Started process (PID=184) to work on /home/airflow/.local/lib/python3.7/site-packages/airflow/example_dags/example_short_circuit_decorator.py
[2023-05-17T23:49:23.211+0000] {processor.py:826} INFO - Processing file /home/airflow/.local/lib/python3.7/site-packages/airflow/example_dags/example_short_circuit_decorator.py for tasks to queue
[2023-05-17T23:49:23.212+0000] {logging_mixin.py:149} INFO - [2023-05-17T23:49:23.212+0000] {dagbag.py:541} INFO - Filling up the DagBag from /home/airflow/.local/lib/python3.7/site-packages/airflow/example_dags/example_short_circuit_decorator.py
[2023-05-17T23:49:23.217+0000] {processor.py:836} INFO - DAG(s) dict_keys(['example_short_circuit_decorator']) retrieved from /home/airflow/.local/lib/python3.7/site-packages/airflow/example_dags/example_short_circuit_decorator.py
[2023-05-17T23:49:23.230+0000] {logging_mixin.py:149} INFO - [2023-05-17T23:49:23.230+0000] {dag.py:2726} INFO - Sync 1 DAGs
[2023-05-17T23:49:23.304+0000] {logging_mixin.py:149} INFO - [2023-05-17T23:49:23.304+0000] {dag.py:3490} INFO - Setting next_dagrun for example_short_circuit_decorator to 2023-05-16T23:49:23.304558+00:00, run_after=2023-05-17T23:49:23.304558+00:00
[2023-05-17T23:49:23.314+0000] {processor.py:179} INFO - Processing /home/airflow/.local/lib/python3.7/site-packages/airflow/example_dags/example_short_circuit_decorator.py took 0.108 seconds
[2023-05-17T23:49:53.817+0000] {processor.py:157} INFO - Started process (PID=248) to work on /home/airflow/.local/lib/python3.7/site-packages/airflow/example_dags/example_short_circuit_decorator.py
[2023-05-17T23:49:53.818+0000] {processor.py:826} INFO - Processing file /home/airflow/.local/lib/python3.7/site-packages/airflow/example_dags/example_short_circuit_decorator.py for tasks to queue
[2023-05-17T23:49:53.818+0000] {logging_mixin.py:149} INFO - [2023-05-17T23:49:53.818+0000] {dagbag.py:541} INFO - Filling up the DagBag from /home/airflow/.local/lib/python3.7/site-packages/airflow/example_dags/example_short_circuit_decorator.py
[2023-05-17T23:49:53.823+0000] {processor.py:836} INFO - DAG(s) dict_keys(['example_short_circuit_decorator']) retrieved from /home/airflow/.local/lib/python3.7/site-packages/airflow/example_dags/example_short_circuit_decorator.py
[2023-05-17T23:49:53.837+0000] {logging_mixin.py:149} INFO - [2023-05-17T23:49:53.837+0000] {dag.py:2726} INFO - Sync 1 DAGs
[2023-05-17T23:49:53.851+0000] {logging_mixin.py:149} INFO - [2023-05-17T23:49:53.851+0000] {dag.py:3490} INFO - Setting next_dagrun for example_short_circuit_decorator to 2023-05-16T23:49:53.851473+00:00, run_after=2023-05-17T23:49:53.851473+00:00
[2023-05-17T23:49:53.864+0000] {processor.py:179} INFO - Processing /home/airflow/.local/lib/python3.7/site-packages/airflow/example_dags/example_short_circuit_decorator.py took 0.050 seconds
[2023-05-17T23:50:24.605+0000] {processor.py:157} INFO - Started process (PID=312) to work on /home/airflow/.local/lib/python3.7/site-packages/airflow/example_dags/example_short_circuit_decorator.py
[2023-05-17T23:50:24.607+0000] {processor.py:826} INFO - Processing file /home/airflow/.local/lib/python3.7/site-packages/airflow/example_dags/example_short_circuit_decorator.py for tasks to queue
[2023-05-17T23:50:24.608+0000] {logging_mixin.py:149} INFO - [2023-05-17T23:50:24.607+0000] {dagbag.py:541} INFO - Filling up the DagBag from /home/airflow/.local/lib/python3.7/site-packages/airflow/example_dags/example_short_circuit_decorator.py
[2023-05-17T23:50:24.615+0000] {processor.py:836} INFO - DAG(s) dict_keys(['example_short_circuit_decorator']) retrieved from /home/airflow/.local/lib/python3.7/site-packages/airflow/example_dags/example_short_circuit_decorator.py
[2023-05-17T23:50:24.629+0000] {logging_mixin.py:149} INFO - [2023-05-17T23:50:24.629+0000] {dag.py:2726} INFO - Sync 1 DAGs
[2023-05-17T23:50:24.642+0000] {logging_mixin.py:149} INFO - [2023-05-17T23:50:24.642+0000] {dag.py:3490} INFO - Setting next_dagrun for example_short_circuit_decorator to 2023-05-16T23:50:24.641908+00:00, run_after=2023-05-17T23:50:24.641908+00:00
[2023-05-17T23:50:24.655+0000] {processor.py:179} INFO - Processing /home/airflow/.local/lib/python3.7/site-packages/airflow/example_dags/example_short_circuit_decorator.py took 0.051 seconds
[2023-05-17T23:50:55.195+0000] {processor.py:157} INFO - Started process (PID=376) to work on /home/airflow/.local/lib/python3.7/site-packages/airflow/example_dags/example_short_circuit_decorator.py
[2023-05-17T23:50:55.196+0000] {processor.py:826} INFO - Processing file /home/airflow/.local/lib/python3.7/site-packages/airflow/example_dags/example_short_circuit_decorator.py for tasks to queue
[2023-05-17T23:50:55.197+0000] {logging_mixin.py:149} INFO - [2023-05-17T23:50:55.197+0000] {dagbag.py:541} INFO - Filling up the DagBag from /home/airflow/.local/lib/python3.7/site-packages/airflow/example_dags/example_short_circuit_decorator.py
[2023-05-17T23:50:55.202+0000] {processor.py:836} INFO - DAG(s) dict_keys(['example_short_circuit_decorator']) retrieved from /home/airflow/.local/lib/python3.7/site-packages/airflow/example_dags/example_short_circuit_decorator.py
[2023-05-17T23:50:55.215+0000] {logging_mixin.py:149} INFO - [2023-05-17T23:50:55.215+0000] {dag.py:2726} INFO - Sync 1 DAGs
[2023-05-17T23:50:55.228+0000] {logging_mixin.py:149} INFO - [2023-05-17T23:50:55.228+0000] {dag.py:3490} INFO - Setting next_dagrun for example_short_circuit_decorator to 2023-05-16T23:50:55.228086+00:00, run_after=2023-05-17T23:50:55.228086+00:00
[2023-05-17T23:50:55.242+0000] {processor.py:179} INFO - Processing /home/airflow/.local/lib/python3.7/site-packages/airflow/example_dags/example_short_circuit_decorator.py took 0.049 seconds
[2023-05-17T23:51:25.760+0000] {processor.py:157} INFO - Started process (PID=440) to work on /home/airflow/.local/lib/python3.7/site-packages/airflow/example_dags/example_short_circuit_decorator.py
[2023-05-17T23:51:25.763+0000] {processor.py:826} INFO - Processing file /home/airflow/.local/lib/python3.7/site-packages/airflow/example_dags/example_short_circuit_decorator.py for tasks to queue
[2023-05-17T23:51:25.764+0000] {logging_mixin.py:149} INFO - [2023-05-17T23:51:25.764+0000] {dagbag.py:541} INFO - Filling up the DagBag from /home/airflow/.local/lib/python3.7/site-packages/airflow/example_dags/example_short_circuit_decorator.py
[2023-05-17T23:51:25.769+0000] {processor.py:836} INFO - DAG(s) dict_keys(['example_short_circuit_decorator']) retrieved from /home/airflow/.local/lib/python3.7/site-packages/airflow/example_dags/example_short_circuit_decorator.py
[2023-05-17T23:51:25.787+0000] {logging_mixin.py:149} INFO - [2023-05-17T23:51:25.787+0000] {dag.py:2726} INFO - Sync 1 DAGs
[2023-05-17T23:51:25.801+0000] {logging_mixin.py:149} INFO - [2023-05-17T23:51:25.801+0000] {dag.py:3490} INFO - Setting next_dagrun for example_short_circuit_decorator to 2023-05-16T23:51:25.801553+00:00, run_after=2023-05-17T23:51:25.801553+00:00
[2023-05-17T23:51:25.813+0000] {processor.py:179} INFO - Processing /home/airflow/.local/lib/python3.7/site-packages/airflow/example_dags/example_short_circuit_decorator.py took 0.056 seconds
[2023-05-17T23:51:56.485+0000] {processor.py:157} INFO - Started process (PID=504) to work on /home/airflow/.local/lib/python3.7/site-packages/airflow/example_dags/example_short_circuit_decorator.py
[2023-05-17T23:51:56.486+0000] {processor.py:826} INFO - Processing file /home/airflow/.local/lib/python3.7/site-packages/airflow/example_dags/example_short_circuit_decorator.py for tasks to queue
[2023-05-17T23:51:56.487+0000] {logging_mixin.py:149} INFO - [2023-05-17T23:51:56.487+0000] {dagbag.py:541} INFO - Filling up the DagBag from /home/airflow/.local/lib/python3.7/site-packages/airflow/example_dags/example_short_circuit_decorator.py
[2023-05-17T23:51:56.493+0000] {processor.py:836} INFO - DAG(s) dict_keys(['example_short_circuit_decorator']) retrieved from /home/airflow/.local/lib/python3.7/site-packages/airflow/example_dags/example_short_circuit_decorator.py
[2023-05-17T23:51:56.510+0000] {logging_mixin.py:149} INFO - [2023-05-17T23:51:56.510+0000] {dag.py:2726} INFO - Sync 1 DAGs
[2023-05-17T23:51:56.525+0000] {logging_mixin.py:149} INFO - [2023-05-17T23:51:56.525+0000] {dag.py:3490} INFO - Setting next_dagrun for example_short_circuit_decorator to 2023-05-16T23:51:56.524870+00:00, run_after=2023-05-17T23:51:56.524870+00:00
[2023-05-17T23:51:56.539+0000] {processor.py:179} INFO - Processing /home/airflow/.local/lib/python3.7/site-packages/airflow/example_dags/example_short_circuit_decorator.py took 0.056 seconds
[2023-05-17T23:52:27.178+0000] {processor.py:157} INFO - Started process (PID=568) to work on /home/airflow/.local/lib/python3.7/site-packages/airflow/example_dags/example_short_circuit_decorator.py
[2023-05-17T23:52:27.179+0000] {processor.py:826} INFO - Processing file /home/airflow/.local/lib/python3.7/site-packages/airflow/example_dags/example_short_circuit_decorator.py for tasks to queue
[2023-05-17T23:52:27.180+0000] {logging_mixin.py:149} INFO - [2023-05-17T23:52:27.179+0000] {dagbag.py:541} INFO - Filling up the DagBag from /home/airflow/.local/lib/python3.7/site-packages/airflow/example_dags/example_short_circuit_decorator.py
[2023-05-17T23:52:27.185+0000] {processor.py:836} INFO - DAG(s) dict_keys(['example_short_circuit_decorator']) retrieved from /home/airflow/.local/lib/python3.7/site-packages/airflow/example_dags/example_short_circuit_decorator.py
[2023-05-17T23:52:27.204+0000] {logging_mixin.py:149} INFO - [2023-05-17T23:52:27.203+0000] {dag.py:2726} INFO - Sync 1 DAGs
[2023-05-17T23:52:27.223+0000] {logging_mixin.py:149} INFO - [2023-05-17T23:52:27.220+0000] {dag.py:3490} INFO - Setting next_dagrun for example_short_circuit_decorator to 2023-05-16T23:52:27.220339+00:00, run_after=2023-05-17T23:52:27.220339+00:00
[2023-05-17T23:52:27.236+0000] {processor.py:179} INFO - Processing /home/airflow/.local/lib/python3.7/site-packages/airflow/example_dags/example_short_circuit_decorator.py took 0.060 seconds
[2023-05-17T23:52:57.944+0000] {processor.py:157} INFO - Started process (PID=632) to work on /home/airflow/.local/lib/python3.7/site-packages/airflow/example_dags/example_short_circuit_decorator.py
[2023-05-17T23:52:57.945+0000] {processor.py:826} INFO - Processing file /home/airflow/.local/lib/python3.7/site-packages/airflow/example_dags/example_short_circuit_decorator.py for tasks to queue
[2023-05-17T23:52:57.945+0000] {logging_mixin.py:149} INFO - [2023-05-17T23:52:57.945+0000] {dagbag.py:541} INFO - Filling up the DagBag from /home/airflow/.local/lib/python3.7/site-packages/airflow/example_dags/example_short_circuit_decorator.py
[2023-05-17T23:52:57.952+0000] {processor.py:836} INFO - DAG(s) dict_keys(['example_short_circuit_decorator']) retrieved from /home/airflow/.local/lib/python3.7/site-packages/airflow/example_dags/example_short_circuit_decorator.py
[2023-05-17T23:52:57.969+0000] {logging_mixin.py:149} INFO - [2023-05-17T23:52:57.969+0000] {dag.py:2726} INFO - Sync 1 DAGs
[2023-05-17T23:52:57.988+0000] {logging_mixin.py:149} INFO - [2023-05-17T23:52:57.988+0000] {dag.py:3490} INFO - Setting next_dagrun for example_short_circuit_decorator to 2023-05-16T23:52:57.988586+00:00, run_after=2023-05-17T23:52:57.988586+00:00
[2023-05-17T23:52:58.007+0000] {processor.py:179} INFO - Processing /home/airflow/.local/lib/python3.7/site-packages/airflow/example_dags/example_short_circuit_decorator.py took 0.065 seconds
[2023-05-17T23:53:28.024+0000] {processor.py:157} INFO - Started process (PID=696) to work on /home/airflow/.local/lib/python3.7/site-packages/airflow/example_dags/example_short_circuit_decorator.py
[2023-05-17T23:53:28.025+0000] {processor.py:826} INFO - Processing file /home/airflow/.local/lib/python3.7/site-packages/airflow/example_dags/example_short_circuit_decorator.py for tasks to queue
[2023-05-17T23:53:28.025+0000] {logging_mixin.py:149} INFO - [2023-05-17T23:53:28.025+0000] {dagbag.py:541} INFO - Filling up the DagBag from /home/airflow/.local/lib/python3.7/site-packages/airflow/example_dags/example_short_circuit_decorator.py
[2023-05-17T23:53:28.030+0000] {processor.py:836} INFO - DAG(s) dict_keys(['example_short_circuit_decorator']) retrieved from /home/airflow/.local/lib/python3.7/site-packages/airflow/example_dags/example_short_circuit_decorator.py
[2023-05-17T23:53:28.046+0000] {logging_mixin.py:149} INFO - [2023-05-17T23:53:28.046+0000] {dag.py:2726} INFO - Sync 1 DAGs
[2023-05-17T23:53:28.059+0000] {logging_mixin.py:149} INFO - [2023-05-17T23:53:28.059+0000] {dag.py:3490} INFO - Setting next_dagrun for example_short_circuit_decorator to 2023-05-16T23:53:28.059257+00:00, run_after=2023-05-17T23:53:28.059257+00:00
[2023-05-17T23:53:28.072+0000] {processor.py:179} INFO - Processing /home/airflow/.local/lib/python3.7/site-packages/airflow/example_dags/example_short_circuit_decorator.py took 0.050 seconds
[2023-05-17T23:53:58.814+0000] {processor.py:157} INFO - Started process (PID=760) to work on /home/airflow/.local/lib/python3.7/site-packages/airflow/example_dags/example_short_circuit_decorator.py
[2023-05-17T23:53:58.819+0000] {processor.py:826} INFO - Processing file /home/airflow/.local/lib/python3.7/site-packages/airflow/example_dags/example_short_circuit_decorator.py for tasks to queue
[2023-05-17T23:53:58.819+0000] {logging_mixin.py:149} INFO - [2023-05-17T23:53:58.819+0000] {dagbag.py:541} INFO - Filling up the DagBag from /home/airflow/.local/lib/python3.7/site-packages/airflow/example_dags/example_short_circuit_decorator.py
[2023-05-17T23:53:58.824+0000] {processor.py:836} INFO - DAG(s) dict_keys(['example_short_circuit_decorator']) retrieved from /home/airflow/.local/lib/python3.7/site-packages/airflow/example_dags/example_short_circuit_decorator.py
[2023-05-17T23:53:58.839+0000] {logging_mixin.py:149} INFO - [2023-05-17T23:53:58.839+0000] {dag.py:2726} INFO - Sync 1 DAGs
[2023-05-17T23:53:58.854+0000] {logging_mixin.py:149} INFO - [2023-05-17T23:53:58.854+0000] {dag.py:3490} INFO - Setting next_dagrun for example_short_circuit_decorator to 2023-05-16T23:53:58.854025+00:00, run_after=2023-05-17T23:53:58.854025+00:00
[2023-05-17T23:53:58.867+0000] {processor.py:179} INFO - Processing /home/airflow/.local/lib/python3.7/site-packages/airflow/example_dags/example_short_circuit_decorator.py took 0.056 seconds
[2023-05-17T23:54:29.446+0000] {processor.py:157} INFO - Started process (PID=824) to work on /home/airflow/.local/lib/python3.7/site-packages/airflow/example_dags/example_short_circuit_decorator.py
[2023-05-17T23:54:29.447+0000] {processor.py:826} INFO - Processing file /home/airflow/.local/lib/python3.7/site-packages/airflow/example_dags/example_short_circuit_decorator.py for tasks to queue
[2023-05-17T23:54:29.448+0000] {logging_mixin.py:149} INFO - [2023-05-17T23:54:29.448+0000] {dagbag.py:541} INFO - Filling up the DagBag from /home/airflow/.local/lib/python3.7/site-packages/airflow/example_dags/example_short_circuit_decorator.py
[2023-05-17T23:54:29.453+0000] {processor.py:836} INFO - DAG(s) dict_keys(['example_short_circuit_decorator']) retrieved from /home/airflow/.local/lib/python3.7/site-packages/airflow/example_dags/example_short_circuit_decorator.py
[2023-05-17T23:54:29.467+0000] {logging_mixin.py:149} INFO - [2023-05-17T23:54:29.467+0000] {dag.py:2726} INFO - Sync 1 DAGs
[2023-05-17T23:54:29.480+0000] {logging_mixin.py:149} INFO - [2023-05-17T23:54:29.480+0000] {dag.py:3490} INFO - Setting next_dagrun for example_short_circuit_decorator to 2023-05-16T23:54:29.480601+00:00, run_after=2023-05-17T23:54:29.480601+00:00
[2023-05-17T23:54:29.493+0000] {processor.py:179} INFO - Processing /home/airflow/.local/lib/python3.7/site-packages/airflow/example_dags/example_short_circuit_decorator.py took 0.048 seconds
[2023-05-17T23:55:00.033+0000] {processor.py:157} INFO - Started process (PID=888) to work on /home/airflow/.local/lib/python3.7/site-packages/airflow/example_dags/example_short_circuit_decorator.py
[2023-05-17T23:55:00.034+0000] {processor.py:826} INFO - Processing file /home/airflow/.local/lib/python3.7/site-packages/airflow/example_dags/example_short_circuit_decorator.py for tasks to queue
[2023-05-17T23:55:00.035+0000] {logging_mixin.py:149} INFO - [2023-05-17T23:55:00.035+0000] {dagbag.py:541} INFO - Filling up the DagBag from /home/airflow/.local/lib/python3.7/site-packages/airflow/example_dags/example_short_circuit_decorator.py
[2023-05-17T23:55:00.040+0000] {processor.py:836} INFO - DAG(s) dict_keys(['example_short_circuit_decorator']) retrieved from /home/airflow/.local/lib/python3.7/site-packages/airflow/example_dags/example_short_circuit_decorator.py
[2023-05-17T23:55:00.054+0000] {logging_mixin.py:149} INFO - [2023-05-17T23:55:00.054+0000] {dag.py:2726} INFO - Sync 1 DAGs
[2023-05-17T23:55:00.068+0000] {logging_mixin.py:149} INFO - [2023-05-17T23:55:00.068+0000] {dag.py:3490} INFO - Setting next_dagrun for example_short_circuit_decorator to 2023-05-16T23:55:00.067880+00:00, run_after=2023-05-17T23:55:00.067880+00:00
[2023-05-17T23:55:00.084+0000] {processor.py:179} INFO - Processing /home/airflow/.local/lib/python3.7/site-packages/airflow/example_dags/example_short_circuit_decorator.py took 0.053 seconds
[2023-05-17T23:55:30.635+0000] {processor.py:157} INFO - Started process (PID=952) to work on /home/airflow/.local/lib/python3.7/site-packages/airflow/example_dags/example_short_circuit_decorator.py
[2023-05-17T23:55:30.636+0000] {processor.py:826} INFO - Processing file /home/airflow/.local/lib/python3.7/site-packages/airflow/example_dags/example_short_circuit_decorator.py for tasks to queue
[2023-05-17T23:55:30.636+0000] {logging_mixin.py:149} INFO - [2023-05-17T23:55:30.636+0000] {dagbag.py:541} INFO - Filling up the DagBag from /home/airflow/.local/lib/python3.7/site-packages/airflow/example_dags/example_short_circuit_decorator.py
[2023-05-17T23:55:30.642+0000] {processor.py:836} INFO - DAG(s) dict_keys(['example_short_circuit_decorator']) retrieved from /home/airflow/.local/lib/python3.7/site-packages/airflow/example_dags/example_short_circuit_decorator.py
[2023-05-17T23:55:30.656+0000] {logging_mixin.py:149} INFO - [2023-05-17T23:55:30.656+0000] {dag.py:2726} INFO - Sync 1 DAGs
[2023-05-17T23:55:30.669+0000] {logging_mixin.py:149} INFO - [2023-05-17T23:55:30.669+0000] {dag.py:3490} INFO - Setting next_dagrun for example_short_circuit_decorator to 2023-05-16T23:55:30.669508+00:00, run_after=2023-05-17T23:55:30.669508+00:00
[2023-05-17T23:55:30.682+0000] {processor.py:179} INFO - Processing /home/airflow/.local/lib/python3.7/site-packages/airflow/example_dags/example_short_circuit_decorator.py took 0.049 seconds
[2023-05-17T23:56:01.330+0000] {processor.py:157} INFO - Started process (PID=1016) to work on /home/airflow/.local/lib/python3.7/site-packages/airflow/example_dags/example_short_circuit_decorator.py
[2023-05-17T23:56:01.331+0000] {processor.py:826} INFO - Processing file /home/airflow/.local/lib/python3.7/site-packages/airflow/example_dags/example_short_circuit_decorator.py for tasks to queue
[2023-05-17T23:56:01.331+0000] {logging_mixin.py:149} INFO - [2023-05-17T23:56:01.331+0000] {dagbag.py:541} INFO - Filling up the DagBag from /home/airflow/.local/lib/python3.7/site-packages/airflow/example_dags/example_short_circuit_decorator.py
[2023-05-17T23:56:01.336+0000] {processor.py:836} INFO - DAG(s) dict_keys(['example_short_circuit_decorator']) retrieved from /home/airflow/.local/lib/python3.7/site-packages/airflow/example_dags/example_short_circuit_decorator.py
[2023-05-17T23:56:01.353+0000] {logging_mixin.py:149} INFO - [2023-05-17T23:56:01.352+0000] {dag.py:2726} INFO - Sync 1 DAGs
[2023-05-17T23:56:01.367+0000] {logging_mixin.py:149} INFO - [2023-05-17T23:56:01.367+0000] {dag.py:3490} INFO - Setting next_dagrun for example_short_circuit_decorator to 2023-05-16T23:56:01.367509+00:00, run_after=2023-05-17T23:56:01.367509+00:00
[2023-05-17T23:56:01.380+0000] {processor.py:179} INFO - Processing /home/airflow/.local/lib/python3.7/site-packages/airflow/example_dags/example_short_circuit_decorator.py took 0.052 seconds
[2023-05-17T23:56:32.009+0000] {processor.py:157} INFO - Started process (PID=1080) to work on /home/airflow/.local/lib/python3.7/site-packages/airflow/example_dags/example_short_circuit_decorator.py
[2023-05-17T23:56:32.012+0000] {processor.py:826} INFO - Processing file /home/airflow/.local/lib/python3.7/site-packages/airflow/example_dags/example_short_circuit_decorator.py for tasks to queue
[2023-05-17T23:56:32.012+0000] {logging_mixin.py:149} INFO - [2023-05-17T23:56:32.012+0000] {dagbag.py:541} INFO - Filling up the DagBag from /home/airflow/.local/lib/python3.7/site-packages/airflow/example_dags/example_short_circuit_decorator.py
[2023-05-17T23:56:32.018+0000] {processor.py:836} INFO - DAG(s) dict_keys(['example_short_circuit_decorator']) retrieved from /home/airflow/.local/lib/python3.7/site-packages/airflow/example_dags/example_short_circuit_decorator.py
[2023-05-17T23:56:32.033+0000] {logging_mixin.py:149} INFO - [2023-05-17T23:56:32.033+0000] {dag.py:2726} INFO - Sync 1 DAGs
[2023-05-17T23:56:32.048+0000] {logging_mixin.py:149} INFO - [2023-05-17T23:56:32.048+0000] {dag.py:3490} INFO - Setting next_dagrun for example_short_circuit_decorator to 2023-05-16T23:56:32.048244+00:00, run_after=2023-05-17T23:56:32.048244+00:00
[2023-05-17T23:56:32.060+0000] {processor.py:179} INFO - Processing /home/airflow/.local/lib/python3.7/site-packages/airflow/example_dags/example_short_circuit_decorator.py took 0.053 seconds
[2023-05-17T23:57:02.625+0000] {processor.py:157} INFO - Started process (PID=1144) to work on /home/airflow/.local/lib/python3.7/site-packages/airflow/example_dags/example_short_circuit_decorator.py
[2023-05-17T23:57:02.626+0000] {processor.py:826} INFO - Processing file /home/airflow/.local/lib/python3.7/site-packages/airflow/example_dags/example_short_circuit_decorator.py for tasks to queue
[2023-05-17T23:57:02.626+0000] {logging_mixin.py:149} INFO - [2023-05-17T23:57:02.626+0000] {dagbag.py:541} INFO - Filling up the DagBag from /home/airflow/.local/lib/python3.7/site-packages/airflow/example_dags/example_short_circuit_decorator.py
[2023-05-17T23:57:02.631+0000] {processor.py:836} INFO - DAG(s) dict_keys(['example_short_circuit_decorator']) retrieved from /home/airflow/.local/lib/python3.7/site-packages/airflow/example_dags/example_short_circuit_decorator.py
[2023-05-17T23:57:02.645+0000] {logging_mixin.py:149} INFO - [2023-05-17T23:57:02.645+0000] {dag.py:2726} INFO - Sync 1 DAGs
[2023-05-17T23:57:02.659+0000] {logging_mixin.py:149} INFO - [2023-05-17T23:57:02.659+0000] {dag.py:3490} INFO - Setting next_dagrun for example_short_circuit_decorator to 2023-05-16T23:57:02.658871+00:00, run_after=2023-05-17T23:57:02.658871+00:00
[2023-05-17T23:57:02.672+0000] {processor.py:179} INFO - Processing /home/airflow/.local/lib/python3.7/site-packages/airflow/example_dags/example_short_circuit_decorator.py took 0.049 seconds
[2023-05-17T23:57:33.218+0000] {processor.py:157} INFO - Started process (PID=1208) to work on /home/airflow/.local/lib/python3.7/site-packages/airflow/example_dags/example_short_circuit_decorator.py
[2023-05-17T23:57:33.218+0000] {processor.py:826} INFO - Processing file /home/airflow/.local/lib/python3.7/site-packages/airflow/example_dags/example_short_circuit_decorator.py for tasks to queue
[2023-05-17T23:57:33.219+0000] {logging_mixin.py:149} INFO - [2023-05-17T23:57:33.218+0000] {dagbag.py:541} INFO - Filling up the DagBag from /home/airflow/.local/lib/python3.7/site-packages/airflow/example_dags/example_short_circuit_decorator.py
[2023-05-17T23:57:33.224+0000] {processor.py:836} INFO - DAG(s) dict_keys(['example_short_circuit_decorator']) retrieved from /home/airflow/.local/lib/python3.7/site-packages/airflow/example_dags/example_short_circuit_decorator.py
[2023-05-17T23:57:33.239+0000] {logging_mixin.py:149} INFO - [2023-05-17T23:57:33.239+0000] {dag.py:2726} INFO - Sync 1 DAGs
[2023-05-17T23:57:33.254+0000] {logging_mixin.py:149} INFO - [2023-05-17T23:57:33.254+0000] {dag.py:3490} INFO - Setting next_dagrun for example_short_circuit_decorator to 2023-05-16T23:57:33.254436+00:00, run_after=2023-05-17T23:57:33.254436+00:00
[2023-05-17T23:57:33.266+0000] {processor.py:179} INFO - Processing /home/airflow/.local/lib/python3.7/site-packages/airflow/example_dags/example_short_circuit_decorator.py took 0.050 seconds
[2023-05-17T23:58:04.057+0000] {processor.py:157} INFO - Started process (PID=1272) to work on /home/airflow/.local/lib/python3.7/site-packages/airflow/example_dags/example_short_circuit_decorator.py
[2023-05-17T23:58:04.059+0000] {processor.py:826} INFO - Processing file /home/airflow/.local/lib/python3.7/site-packages/airflow/example_dags/example_short_circuit_decorator.py for tasks to queue
[2023-05-17T23:58:04.059+0000] {logging_mixin.py:149} INFO - [2023-05-17T23:58:04.059+0000] {dagbag.py:541} INFO - Filling up the DagBag from /home/airflow/.local/lib/python3.7/site-packages/airflow/example_dags/example_short_circuit_decorator.py
[2023-05-17T23:58:04.064+0000] {processor.py:836} INFO - DAG(s) dict_keys(['example_short_circuit_decorator']) retrieved from /home/airflow/.local/lib/python3.7/site-packages/airflow/example_dags/example_short_circuit_decorator.py
[2023-05-17T23:58:04.079+0000] {logging_mixin.py:149} INFO - [2023-05-17T23:58:04.079+0000] {dag.py:2726} INFO - Sync 1 DAGs
[2023-05-17T23:58:04.093+0000] {logging_mixin.py:149} INFO - [2023-05-17T23:58:04.093+0000] {dag.py:3490} INFO - Setting next_dagrun for example_short_circuit_decorator to 2023-05-16T23:58:04.093227+00:00, run_after=2023-05-17T23:58:04.093227+00:00
[2023-05-17T23:58:04.104+0000] {processor.py:179} INFO - Processing /home/airflow/.local/lib/python3.7/site-packages/airflow/example_dags/example_short_circuit_decorator.py took 0.049 seconds
[2023-05-17T23:58:34.641+0000] {processor.py:157} INFO - Started process (PID=1336) to work on /home/airflow/.local/lib/python3.7/site-packages/airflow/example_dags/example_short_circuit_decorator.py
[2023-05-17T23:58:34.642+0000] {processor.py:826} INFO - Processing file /home/airflow/.local/lib/python3.7/site-packages/airflow/example_dags/example_short_circuit_decorator.py for tasks to queue
[2023-05-17T23:58:34.643+0000] {logging_mixin.py:149} INFO - [2023-05-17T23:58:34.643+0000] {dagbag.py:541} INFO - Filling up the DagBag from /home/airflow/.local/lib/python3.7/site-packages/airflow/example_dags/example_short_circuit_decorator.py
[2023-05-17T23:58:34.648+0000] {processor.py:836} INFO - DAG(s) dict_keys(['example_short_circuit_decorator']) retrieved from /home/airflow/.local/lib/python3.7/site-packages/airflow/example_dags/example_short_circuit_decorator.py
[2023-05-17T23:58:34.661+0000] {logging_mixin.py:149} INFO - [2023-05-17T23:58:34.661+0000] {dag.py:2726} INFO - Sync 1 DAGs
[2023-05-17T23:58:34.676+0000] {logging_mixin.py:149} INFO - [2023-05-17T23:58:34.676+0000] {dag.py:3490} INFO - Setting next_dagrun for example_short_circuit_decorator to 2023-05-16T23:58:34.675965+00:00, run_after=2023-05-17T23:58:34.675965+00:00
[2023-05-17T23:58:34.689+0000] {processor.py:179} INFO - Processing /home/airflow/.local/lib/python3.7/site-packages/airflow/example_dags/example_short_circuit_decorator.py took 0.051 seconds
[2023-05-17T23:59:05.209+0000] {processor.py:157} INFO - Started process (PID=1400) to work on /home/airflow/.local/lib/python3.7/site-packages/airflow/example_dags/example_short_circuit_decorator.py
[2023-05-17T23:59:05.210+0000] {processor.py:826} INFO - Processing file /home/airflow/.local/lib/python3.7/site-packages/airflow/example_dags/example_short_circuit_decorator.py for tasks to queue
[2023-05-17T23:59:05.210+0000] {logging_mixin.py:149} INFO - [2023-05-17T23:59:05.210+0000] {dagbag.py:541} INFO - Filling up the DagBag from /home/airflow/.local/lib/python3.7/site-packages/airflow/example_dags/example_short_circuit_decorator.py
[2023-05-17T23:59:05.215+0000] {processor.py:836} INFO - DAG(s) dict_keys(['example_short_circuit_decorator']) retrieved from /home/airflow/.local/lib/python3.7/site-packages/airflow/example_dags/example_short_circuit_decorator.py
[2023-05-17T23:59:05.229+0000] {logging_mixin.py:149} INFO - [2023-05-17T23:59:05.229+0000] {dag.py:2726} INFO - Sync 1 DAGs
[2023-05-17T23:59:05.242+0000] {logging_mixin.py:149} INFO - [2023-05-17T23:59:05.242+0000] {dag.py:3490} INFO - Setting next_dagrun for example_short_circuit_decorator to 2023-05-16T23:59:05.242329+00:00, run_after=2023-05-17T23:59:05.242329+00:00
[2023-05-17T23:59:05.256+0000] {processor.py:179} INFO - Processing /home/airflow/.local/lib/python3.7/site-packages/airflow/example_dags/example_short_circuit_decorator.py took 0.048 seconds
[2023-05-17T23:59:35.828+0000] {processor.py:157} INFO - Started process (PID=1464) to work on /home/airflow/.local/lib/python3.7/site-packages/airflow/example_dags/example_short_circuit_decorator.py
[2023-05-17T23:59:35.828+0000] {processor.py:826} INFO - Processing file /home/airflow/.local/lib/python3.7/site-packages/airflow/example_dags/example_short_circuit_decorator.py for tasks to queue
[2023-05-17T23:59:35.829+0000] {logging_mixin.py:149} INFO - [2023-05-17T23:59:35.829+0000] {dagbag.py:541} INFO - Filling up the DagBag from /home/airflow/.local/lib/python3.7/site-packages/airflow/example_dags/example_short_circuit_decorator.py
[2023-05-17T23:59:35.835+0000] {processor.py:836} INFO - DAG(s) dict_keys(['example_short_circuit_decorator']) retrieved from /home/airflow/.local/lib/python3.7/site-packages/airflow/example_dags/example_short_circuit_decorator.py
[2023-05-17T23:59:35.851+0000] {logging_mixin.py:149} INFO - [2023-05-17T23:59:35.851+0000] {dag.py:2726} INFO - Sync 1 DAGs
[2023-05-17T23:59:35.866+0000] {logging_mixin.py:149} INFO - [2023-05-17T23:59:35.865+0000] {dag.py:3490} INFO - Setting next_dagrun for example_short_circuit_decorator to 2023-05-16T23:59:35.865827+00:00, run_after=2023-05-17T23:59:35.865827+00:00
[2023-05-17T23:59:35.879+0000] {processor.py:179} INFO - Processing /home/airflow/.local/lib/python3.7/site-packages/airflow/example_dags/example_short_circuit_decorator.py took 0.053 seconds
