[2023-05-17T23:27:44.758+0000] {processor.py:157} INFO - Started process (PID=30) to work on /home/airflow/.local/lib/python3.7/site-packages/airflow/example_dags/example_bash_operator.py
[2023-05-17T23:27:44.759+0000] {processor.py:826} INFO - Processing file /home/airflow/.local/lib/python3.7/site-packages/airflow/example_dags/example_bash_operator.py for tasks to queue
[2023-05-17T23:27:44.759+0000] {logging_mixin.py:149} INFO - [2023-05-17T23:27:44.759+0000] {dagbag.py:541} INFO - Filling up the DagBag from /home/airflow/.local/lib/python3.7/site-packages/airflow/example_dags/example_bash_operator.py
[2023-05-17T23:27:44.773+0000] {processor.py:836} INFO - DAG(s) dict_keys(['example_bash_operator']) retrieved from /home/airflow/.local/lib/python3.7/site-packages/airflow/example_dags/example_bash_operator.py
[2023-05-17T23:27:44.788+0000] {logging_mixin.py:149} INFO - [2023-05-17T23:27:44.788+0000] {dag.py:2726} INFO - Sync 1 DAGs
[2023-05-17T23:27:44.882+0000] {logging_mixin.py:149} INFO - [2023-05-17T23:27:44.882+0000] {dag.py:3490} INFO - Setting next_dagrun for example_bash_operator to 2023-05-16T00:00:00+00:00, run_after=2023-05-17T00:00:00+00:00
[2023-05-17T23:27:44.894+0000] {processor.py:179} INFO - Processing /home/airflow/.local/lib/python3.7/site-packages/airflow/example_dags/example_bash_operator.py took 0.137 seconds
[2023-05-17T23:28:15.100+0000] {processor.py:157} INFO - Started process (PID=94) to work on /home/airflow/.local/lib/python3.7/site-packages/airflow/example_dags/example_bash_operator.py
[2023-05-17T23:28:15.101+0000] {processor.py:826} INFO - Processing file /home/airflow/.local/lib/python3.7/site-packages/airflow/example_dags/example_bash_operator.py for tasks to queue
[2023-05-17T23:28:15.101+0000] {logging_mixin.py:149} INFO - [2023-05-17T23:28:15.101+0000] {dagbag.py:541} INFO - Filling up the DagBag from /home/airflow/.local/lib/python3.7/site-packages/airflow/example_dags/example_bash_operator.py
[2023-05-17T23:28:15.108+0000] {processor.py:836} INFO - DAG(s) dict_keys(['example_bash_operator']) retrieved from /home/airflow/.local/lib/python3.7/site-packages/airflow/example_dags/example_bash_operator.py
[2023-05-17T23:28:15.130+0000] {logging_mixin.py:149} INFO - [2023-05-17T23:28:15.130+0000] {dag.py:2726} INFO - Sync 1 DAGs
[2023-05-17T23:28:15.143+0000] {logging_mixin.py:149} INFO - [2023-05-17T23:28:15.143+0000] {dag.py:3490} INFO - Setting next_dagrun for example_bash_operator to 2023-05-16T00:00:00+00:00, run_after=2023-05-17T00:00:00+00:00
[2023-05-17T23:28:15.154+0000] {processor.py:179} INFO - Processing /home/airflow/.local/lib/python3.7/site-packages/airflow/example_dags/example_bash_operator.py took 0.056 seconds
[2023-05-17T23:28:45.555+0000] {processor.py:157} INFO - Started process (PID=158) to work on /home/airflow/.local/lib/python3.7/site-packages/airflow/example_dags/example_bash_operator.py
[2023-05-17T23:28:45.556+0000] {processor.py:826} INFO - Processing file /home/airflow/.local/lib/python3.7/site-packages/airflow/example_dags/example_bash_operator.py for tasks to queue
[2023-05-17T23:28:45.556+0000] {logging_mixin.py:149} INFO - [2023-05-17T23:28:45.556+0000] {dagbag.py:541} INFO - Filling up the DagBag from /home/airflow/.local/lib/python3.7/site-packages/airflow/example_dags/example_bash_operator.py
[2023-05-17T23:28:45.566+0000] {processor.py:836} INFO - DAG(s) dict_keys(['example_bash_operator']) retrieved from /home/airflow/.local/lib/python3.7/site-packages/airflow/example_dags/example_bash_operator.py
[2023-05-17T23:28:45.585+0000] {logging_mixin.py:149} INFO - [2023-05-17T23:28:45.585+0000] {dag.py:2726} INFO - Sync 1 DAGs
[2023-05-17T23:28:45.598+0000] {logging_mixin.py:149} INFO - [2023-05-17T23:28:45.598+0000] {dag.py:3490} INFO - Setting next_dagrun for example_bash_operator to 2023-05-16T00:00:00+00:00, run_after=2023-05-17T00:00:00+00:00
[2023-05-17T23:28:45.616+0000] {processor.py:179} INFO - Processing /home/airflow/.local/lib/python3.7/site-packages/airflow/example_dags/example_bash_operator.py took 0.063 seconds
[2023-05-17T23:29:15.989+0000] {processor.py:157} INFO - Started process (PID=222) to work on /home/airflow/.local/lib/python3.7/site-packages/airflow/example_dags/example_bash_operator.py
[2023-05-17T23:29:15.990+0000] {processor.py:826} INFO - Processing file /home/airflow/.local/lib/python3.7/site-packages/airflow/example_dags/example_bash_operator.py for tasks to queue
[2023-05-17T23:29:15.990+0000] {logging_mixin.py:149} INFO - [2023-05-17T23:29:15.990+0000] {dagbag.py:541} INFO - Filling up the DagBag from /home/airflow/.local/lib/python3.7/site-packages/airflow/example_dags/example_bash_operator.py
[2023-05-17T23:29:15.997+0000] {processor.py:836} INFO - DAG(s) dict_keys(['example_bash_operator']) retrieved from /home/airflow/.local/lib/python3.7/site-packages/airflow/example_dags/example_bash_operator.py
[2023-05-17T23:29:16.018+0000] {logging_mixin.py:149} INFO - [2023-05-17T23:29:16.018+0000] {dag.py:2726} INFO - Sync 1 DAGs
[2023-05-17T23:29:16.032+0000] {logging_mixin.py:149} INFO - [2023-05-17T23:29:16.032+0000] {dag.py:3490} INFO - Setting next_dagrun for example_bash_operator to 2023-05-16T00:00:00+00:00, run_after=2023-05-17T00:00:00+00:00
[2023-05-17T23:29:16.043+0000] {processor.py:179} INFO - Processing /home/airflow/.local/lib/python3.7/site-packages/airflow/example_dags/example_bash_operator.py took 0.056 seconds
[2023-05-17T23:29:46.476+0000] {processor.py:157} INFO - Started process (PID=286) to work on /home/airflow/.local/lib/python3.7/site-packages/airflow/example_dags/example_bash_operator.py
[2023-05-17T23:29:46.477+0000] {processor.py:826} INFO - Processing file /home/airflow/.local/lib/python3.7/site-packages/airflow/example_dags/example_bash_operator.py for tasks to queue
[2023-05-17T23:29:46.478+0000] {logging_mixin.py:149} INFO - [2023-05-17T23:29:46.478+0000] {dagbag.py:541} INFO - Filling up the DagBag from /home/airflow/.local/lib/python3.7/site-packages/airflow/example_dags/example_bash_operator.py
[2023-05-17T23:29:46.485+0000] {processor.py:836} INFO - DAG(s) dict_keys(['example_bash_operator']) retrieved from /home/airflow/.local/lib/python3.7/site-packages/airflow/example_dags/example_bash_operator.py
[2023-05-17T23:29:46.506+0000] {logging_mixin.py:149} INFO - [2023-05-17T23:29:46.506+0000] {dag.py:2726} INFO - Sync 1 DAGs
[2023-05-17T23:29:46.522+0000] {logging_mixin.py:149} INFO - [2023-05-17T23:29:46.522+0000] {dag.py:3490} INFO - Setting next_dagrun for example_bash_operator to 2023-05-16T00:00:00+00:00, run_after=2023-05-17T00:00:00+00:00
[2023-05-17T23:29:46.534+0000] {processor.py:179} INFO - Processing /home/airflow/.local/lib/python3.7/site-packages/airflow/example_dags/example_bash_operator.py took 0.061 seconds
[2023-05-17T23:30:30.721+0000] {processor.py:157} INFO - Started process (PID=31) to work on /home/airflow/.local/lib/python3.7/site-packages/airflow/example_dags/example_bash_operator.py
[2023-05-17T23:30:30.722+0000] {processor.py:826} INFO - Processing file /home/airflow/.local/lib/python3.7/site-packages/airflow/example_dags/example_bash_operator.py for tasks to queue
[2023-05-17T23:30:30.722+0000] {logging_mixin.py:149} INFO - [2023-05-17T23:30:30.722+0000] {dagbag.py:541} INFO - Filling up the DagBag from /home/airflow/.local/lib/python3.7/site-packages/airflow/example_dags/example_bash_operator.py
[2023-05-17T23:30:30.736+0000] {processor.py:836} INFO - DAG(s) dict_keys(['example_bash_operator']) retrieved from /home/airflow/.local/lib/python3.7/site-packages/airflow/example_dags/example_bash_operator.py
[2023-05-17T23:30:30.753+0000] {logging_mixin.py:149} INFO - [2023-05-17T23:30:30.753+0000] {dag.py:2726} INFO - Sync 1 DAGs
[2023-05-17T23:30:30.767+0000] {logging_mixin.py:149} INFO - [2023-05-17T23:30:30.767+0000] {dag.py:3490} INFO - Setting next_dagrun for example_bash_operator to 2023-05-16T00:00:00+00:00, run_after=2023-05-17T00:00:00+00:00
[2023-05-17T23:30:30.783+0000] {processor.py:179} INFO - Processing /home/airflow/.local/lib/python3.7/site-packages/airflow/example_dags/example_bash_operator.py took 0.064 seconds
[2023-05-17T23:31:01.405+0000] {processor.py:157} INFO - Started process (PID=95) to work on /home/airflow/.local/lib/python3.7/site-packages/airflow/example_dags/example_bash_operator.py
[2023-05-17T23:31:01.406+0000] {processor.py:826} INFO - Processing file /home/airflow/.local/lib/python3.7/site-packages/airflow/example_dags/example_bash_operator.py for tasks to queue
[2023-05-17T23:31:01.407+0000] {logging_mixin.py:149} INFO - [2023-05-17T23:31:01.407+0000] {dagbag.py:541} INFO - Filling up the DagBag from /home/airflow/.local/lib/python3.7/site-packages/airflow/example_dags/example_bash_operator.py
[2023-05-17T23:31:01.413+0000] {processor.py:836} INFO - DAG(s) dict_keys(['example_bash_operator']) retrieved from /home/airflow/.local/lib/python3.7/site-packages/airflow/example_dags/example_bash_operator.py
[2023-05-17T23:31:01.433+0000] {logging_mixin.py:149} INFO - [2023-05-17T23:31:01.433+0000] {dag.py:2726} INFO - Sync 1 DAGs
[2023-05-17T23:31:01.447+0000] {logging_mixin.py:149} INFO - [2023-05-17T23:31:01.447+0000] {dag.py:3490} INFO - Setting next_dagrun for example_bash_operator to 2023-05-16T00:00:00+00:00, run_after=2023-05-17T00:00:00+00:00
[2023-05-17T23:31:01.458+0000] {processor.py:179} INFO - Processing /home/airflow/.local/lib/python3.7/site-packages/airflow/example_dags/example_bash_operator.py took 0.055 seconds
[2023-05-17T23:31:31.537+0000] {processor.py:157} INFO - Started process (PID=159) to work on /home/airflow/.local/lib/python3.7/site-packages/airflow/example_dags/example_bash_operator.py
[2023-05-17T23:31:31.541+0000] {processor.py:826} INFO - Processing file /home/airflow/.local/lib/python3.7/site-packages/airflow/example_dags/example_bash_operator.py for tasks to queue
[2023-05-17T23:31:31.541+0000] {logging_mixin.py:149} INFO - [2023-05-17T23:31:31.541+0000] {dagbag.py:541} INFO - Filling up the DagBag from /home/airflow/.local/lib/python3.7/site-packages/airflow/example_dags/example_bash_operator.py
[2023-05-17T23:31:31.553+0000] {processor.py:836} INFO - DAG(s) dict_keys(['example_bash_operator']) retrieved from /home/airflow/.local/lib/python3.7/site-packages/airflow/example_dags/example_bash_operator.py
[2023-05-17T23:31:31.574+0000] {logging_mixin.py:149} INFO - [2023-05-17T23:31:31.574+0000] {dag.py:2726} INFO - Sync 1 DAGs
[2023-05-17T23:31:31.665+0000] {logging_mixin.py:149} INFO - [2023-05-17T23:31:31.665+0000] {dag.py:3490} INFO - Setting next_dagrun for example_bash_operator to 2023-05-16T00:00:00+00:00, run_after=2023-05-17T00:00:00+00:00
[2023-05-17T23:31:31.678+0000] {processor.py:179} INFO - Processing /home/airflow/.local/lib/python3.7/site-packages/airflow/example_dags/example_bash_operator.py took 0.142 seconds
[2023-05-17T23:34:32.458+0000] {processor.py:157} INFO - Started process (PID=31) to work on /home/airflow/.local/lib/python3.7/site-packages/airflow/example_dags/example_bash_operator.py
[2023-05-17T23:34:32.459+0000] {processor.py:826} INFO - Processing file /home/airflow/.local/lib/python3.7/site-packages/airflow/example_dags/example_bash_operator.py for tasks to queue
[2023-05-17T23:34:32.459+0000] {logging_mixin.py:149} INFO - [2023-05-17T23:34:32.459+0000] {dagbag.py:541} INFO - Filling up the DagBag from /home/airflow/.local/lib/python3.7/site-packages/airflow/example_dags/example_bash_operator.py
[2023-05-17T23:34:32.471+0000] {processor.py:836} INFO - DAG(s) dict_keys(['example_bash_operator']) retrieved from /home/airflow/.local/lib/python3.7/site-packages/airflow/example_dags/example_bash_operator.py
[2023-05-17T23:34:32.486+0000] {logging_mixin.py:149} INFO - [2023-05-17T23:34:32.486+0000] {dag.py:2726} INFO - Sync 1 DAGs
[2023-05-17T23:34:32.502+0000] {logging_mixin.py:149} INFO - [2023-05-17T23:34:32.501+0000] {dag.py:3490} INFO - Setting next_dagrun for example_bash_operator to 2023-05-16T00:00:00+00:00, run_after=2023-05-17T00:00:00+00:00
[2023-05-17T23:34:32.514+0000] {processor.py:179} INFO - Processing /home/airflow/.local/lib/python3.7/site-packages/airflow/example_dags/example_bash_operator.py took 0.058 seconds
[2023-05-17T23:35:02.573+0000] {processor.py:157} INFO - Started process (PID=95) to work on /home/airflow/.local/lib/python3.7/site-packages/airflow/example_dags/example_bash_operator.py
[2023-05-17T23:35:02.575+0000] {processor.py:826} INFO - Processing file /home/airflow/.local/lib/python3.7/site-packages/airflow/example_dags/example_bash_operator.py for tasks to queue
[2023-05-17T23:35:02.576+0000] {logging_mixin.py:149} INFO - [2023-05-17T23:35:02.575+0000] {dagbag.py:541} INFO - Filling up the DagBag from /home/airflow/.local/lib/python3.7/site-packages/airflow/example_dags/example_bash_operator.py
[2023-05-17T23:35:02.582+0000] {processor.py:836} INFO - DAG(s) dict_keys(['example_bash_operator']) retrieved from /home/airflow/.local/lib/python3.7/site-packages/airflow/example_dags/example_bash_operator.py
[2023-05-17T23:35:02.602+0000] {logging_mixin.py:149} INFO - [2023-05-17T23:35:02.602+0000] {dag.py:2726} INFO - Sync 1 DAGs
[2023-05-17T23:35:02.616+0000] {logging_mixin.py:149} INFO - [2023-05-17T23:35:02.616+0000] {dag.py:3490} INFO - Setting next_dagrun for example_bash_operator to 2023-05-16T00:00:00+00:00, run_after=2023-05-17T00:00:00+00:00
[2023-05-17T23:35:02.627+0000] {processor.py:179} INFO - Processing /home/airflow/.local/lib/python3.7/site-packages/airflow/example_dags/example_bash_operator.py took 0.056 seconds
[2023-05-17T23:35:32.667+0000] {processor.py:157} INFO - Started process (PID=159) to work on /home/airflow/.local/lib/python3.7/site-packages/airflow/example_dags/example_bash_operator.py
[2023-05-17T23:35:32.668+0000] {processor.py:826} INFO - Processing file /home/airflow/.local/lib/python3.7/site-packages/airflow/example_dags/example_bash_operator.py for tasks to queue
[2023-05-17T23:35:32.669+0000] {logging_mixin.py:149} INFO - [2023-05-17T23:35:32.669+0000] {dagbag.py:541} INFO - Filling up the DagBag from /home/airflow/.local/lib/python3.7/site-packages/airflow/example_dags/example_bash_operator.py
[2023-05-17T23:35:32.678+0000] {processor.py:836} INFO - DAG(s) dict_keys(['example_bash_operator']) retrieved from /home/airflow/.local/lib/python3.7/site-packages/airflow/example_dags/example_bash_operator.py
[2023-05-17T23:35:32.698+0000] {logging_mixin.py:149} INFO - [2023-05-17T23:35:32.698+0000] {dag.py:2726} INFO - Sync 1 DAGs
[2023-05-17T23:35:32.769+0000] {logging_mixin.py:149} INFO - [2023-05-17T23:35:32.769+0000] {dag.py:3490} INFO - Setting next_dagrun for example_bash_operator to 2023-05-16T00:00:00+00:00, run_after=2023-05-17T00:00:00+00:00
[2023-05-17T23:35:32.780+0000] {processor.py:179} INFO - Processing /home/airflow/.local/lib/python3.7/site-packages/airflow/example_dags/example_bash_operator.py took 0.115 seconds
[2023-05-17T23:36:03.499+0000] {processor.py:157} INFO - Started process (PID=223) to work on /home/airflow/.local/lib/python3.7/site-packages/airflow/example_dags/example_bash_operator.py
[2023-05-17T23:36:03.501+0000] {processor.py:826} INFO - Processing file /home/airflow/.local/lib/python3.7/site-packages/airflow/example_dags/example_bash_operator.py for tasks to queue
[2023-05-17T23:36:03.501+0000] {logging_mixin.py:149} INFO - [2023-05-17T23:36:03.501+0000] {dagbag.py:541} INFO - Filling up the DagBag from /home/airflow/.local/lib/python3.7/site-packages/airflow/example_dags/example_bash_operator.py
[2023-05-17T23:36:03.583+0000] {processor.py:836} INFO - DAG(s) dict_keys(['example_bash_operator']) retrieved from /home/airflow/.local/lib/python3.7/site-packages/airflow/example_dags/example_bash_operator.py
[2023-05-17T23:36:03.601+0000] {logging_mixin.py:149} INFO - [2023-05-17T23:36:03.601+0000] {dag.py:2726} INFO - Sync 1 DAGs
[2023-05-17T23:36:03.614+0000] {logging_mixin.py:149} INFO - [2023-05-17T23:36:03.614+0000] {dag.py:3490} INFO - Setting next_dagrun for example_bash_operator to 2023-05-16T00:00:00+00:00, run_after=2023-05-17T00:00:00+00:00
[2023-05-17T23:36:03.627+0000] {processor.py:179} INFO - Processing /home/airflow/.local/lib/python3.7/site-packages/airflow/example_dags/example_bash_operator.py took 0.130 seconds
[2023-05-17T23:36:34.504+0000] {processor.py:157} INFO - Started process (PID=286) to work on /home/airflow/.local/lib/python3.7/site-packages/airflow/example_dags/example_bash_operator.py
[2023-05-17T23:36:34.505+0000] {processor.py:826} INFO - Processing file /home/airflow/.local/lib/python3.7/site-packages/airflow/example_dags/example_bash_operator.py for tasks to queue
[2023-05-17T23:36:34.506+0000] {logging_mixin.py:149} INFO - [2023-05-17T23:36:34.505+0000] {dagbag.py:541} INFO - Filling up the DagBag from /home/airflow/.local/lib/python3.7/site-packages/airflow/example_dags/example_bash_operator.py
[2023-05-17T23:36:34.514+0000] {processor.py:836} INFO - DAG(s) dict_keys(['example_bash_operator']) retrieved from /home/airflow/.local/lib/python3.7/site-packages/airflow/example_dags/example_bash_operator.py
[2023-05-17T23:36:34.536+0000] {logging_mixin.py:149} INFO - [2023-05-17T23:36:34.536+0000] {dag.py:2726} INFO - Sync 1 DAGs
[2023-05-17T23:36:34.551+0000] {logging_mixin.py:149} INFO - [2023-05-17T23:36:34.551+0000] {dag.py:3490} INFO - Setting next_dagrun for example_bash_operator to 2023-05-16T00:00:00+00:00, run_after=2023-05-17T00:00:00+00:00
[2023-05-17T23:36:34.563+0000] {processor.py:179} INFO - Processing /home/airflow/.local/lib/python3.7/site-packages/airflow/example_dags/example_bash_operator.py took 0.062 seconds
[2023-05-17T23:37:05.235+0000] {processor.py:157} INFO - Started process (PID=350) to work on /home/airflow/.local/lib/python3.7/site-packages/airflow/example_dags/example_bash_operator.py
[2023-05-17T23:37:05.236+0000] {processor.py:826} INFO - Processing file /home/airflow/.local/lib/python3.7/site-packages/airflow/example_dags/example_bash_operator.py for tasks to queue
[2023-05-17T23:37:05.236+0000] {logging_mixin.py:149} INFO - [2023-05-17T23:37:05.236+0000] {dagbag.py:541} INFO - Filling up the DagBag from /home/airflow/.local/lib/python3.7/site-packages/airflow/example_dags/example_bash_operator.py
[2023-05-17T23:37:05.245+0000] {processor.py:836} INFO - DAG(s) dict_keys(['example_bash_operator']) retrieved from /home/airflow/.local/lib/python3.7/site-packages/airflow/example_dags/example_bash_operator.py
[2023-05-17T23:37:05.266+0000] {logging_mixin.py:149} INFO - [2023-05-17T23:37:05.265+0000] {dag.py:2726} INFO - Sync 1 DAGs
[2023-05-17T23:37:05.281+0000] {logging_mixin.py:149} INFO - [2023-05-17T23:37:05.281+0000] {dag.py:3490} INFO - Setting next_dagrun for example_bash_operator to 2023-05-16T00:00:00+00:00, run_after=2023-05-17T00:00:00+00:00
[2023-05-17T23:37:05.297+0000] {processor.py:179} INFO - Processing /home/airflow/.local/lib/python3.7/site-packages/airflow/example_dags/example_bash_operator.py took 0.064 seconds
[2023-05-17T23:37:35.946+0000] {processor.py:157} INFO - Started process (PID=414) to work on /home/airflow/.local/lib/python3.7/site-packages/airflow/example_dags/example_bash_operator.py
[2023-05-17T23:37:35.948+0000] {processor.py:826} INFO - Processing file /home/airflow/.local/lib/python3.7/site-packages/airflow/example_dags/example_bash_operator.py for tasks to queue
[2023-05-17T23:37:35.948+0000] {logging_mixin.py:149} INFO - [2023-05-17T23:37:35.948+0000] {dagbag.py:541} INFO - Filling up the DagBag from /home/airflow/.local/lib/python3.7/site-packages/airflow/example_dags/example_bash_operator.py
[2023-05-17T23:37:35.956+0000] {processor.py:836} INFO - DAG(s) dict_keys(['example_bash_operator']) retrieved from /home/airflow/.local/lib/python3.7/site-packages/airflow/example_dags/example_bash_operator.py
[2023-05-17T23:37:35.977+0000] {logging_mixin.py:149} INFO - [2023-05-17T23:37:35.977+0000] {dag.py:2726} INFO - Sync 1 DAGs
[2023-05-17T23:37:35.992+0000] {logging_mixin.py:149} INFO - [2023-05-17T23:37:35.992+0000] {dag.py:3490} INFO - Setting next_dagrun for example_bash_operator to 2023-05-16T00:00:00+00:00, run_after=2023-05-17T00:00:00+00:00
[2023-05-17T23:37:36.007+0000] {processor.py:179} INFO - Processing /home/airflow/.local/lib/python3.7/site-packages/airflow/example_dags/example_bash_operator.py took 0.063 seconds
[2023-05-17T23:38:06.576+0000] {processor.py:157} INFO - Started process (PID=478) to work on /home/airflow/.local/lib/python3.7/site-packages/airflow/example_dags/example_bash_operator.py
[2023-05-17T23:38:06.578+0000] {processor.py:826} INFO - Processing file /home/airflow/.local/lib/python3.7/site-packages/airflow/example_dags/example_bash_operator.py for tasks to queue
[2023-05-17T23:38:06.578+0000] {logging_mixin.py:149} INFO - [2023-05-17T23:38:06.578+0000] {dagbag.py:541} INFO - Filling up the DagBag from /home/airflow/.local/lib/python3.7/site-packages/airflow/example_dags/example_bash_operator.py
[2023-05-17T23:38:06.586+0000] {processor.py:836} INFO - DAG(s) dict_keys(['example_bash_operator']) retrieved from /home/airflow/.local/lib/python3.7/site-packages/airflow/example_dags/example_bash_operator.py
[2023-05-17T23:38:06.606+0000] {logging_mixin.py:149} INFO - [2023-05-17T23:38:06.606+0000] {dag.py:2726} INFO - Sync 1 DAGs
[2023-05-17T23:38:06.621+0000] {logging_mixin.py:149} INFO - [2023-05-17T23:38:06.620+0000] {dag.py:3490} INFO - Setting next_dagrun for example_bash_operator to 2023-05-16T00:00:00+00:00, run_after=2023-05-17T00:00:00+00:00
[2023-05-17T23:38:06.632+0000] {processor.py:179} INFO - Processing /home/airflow/.local/lib/python3.7/site-packages/airflow/example_dags/example_bash_operator.py took 0.058 seconds
[2023-05-17T23:40:47.192+0000] {processor.py:157} INFO - Started process (PID=31) to work on /home/airflow/.local/lib/python3.7/site-packages/airflow/example_dags/example_bash_operator.py
[2023-05-17T23:40:47.193+0000] {processor.py:826} INFO - Processing file /home/airflow/.local/lib/python3.7/site-packages/airflow/example_dags/example_bash_operator.py for tasks to queue
[2023-05-17T23:40:47.193+0000] {logging_mixin.py:149} INFO - [2023-05-17T23:40:47.193+0000] {dagbag.py:541} INFO - Filling up the DagBag from /home/airflow/.local/lib/python3.7/site-packages/airflow/example_dags/example_bash_operator.py
[2023-05-17T23:40:47.205+0000] {processor.py:836} INFO - DAG(s) dict_keys(['example_bash_operator']) retrieved from /home/airflow/.local/lib/python3.7/site-packages/airflow/example_dags/example_bash_operator.py
[2023-05-17T23:40:47.235+0000] {logging_mixin.py:149} INFO - [2023-05-17T23:40:47.235+0000] {dag.py:2726} INFO - Sync 1 DAGs
[2023-05-17T23:40:47.252+0000] {logging_mixin.py:149} INFO - [2023-05-17T23:40:47.252+0000] {dag.py:3490} INFO - Setting next_dagrun for example_bash_operator to 2023-05-16T00:00:00+00:00, run_after=2023-05-17T00:00:00+00:00
[2023-05-17T23:40:47.265+0000] {processor.py:179} INFO - Processing /home/airflow/.local/lib/python3.7/site-packages/airflow/example_dags/example_bash_operator.py took 0.074 seconds
[2023-05-17T23:41:18.189+0000] {processor.py:157} INFO - Started process (PID=95) to work on /home/airflow/.local/lib/python3.7/site-packages/airflow/example_dags/example_bash_operator.py
[2023-05-17T23:41:18.190+0000] {processor.py:826} INFO - Processing file /home/airflow/.local/lib/python3.7/site-packages/airflow/example_dags/example_bash_operator.py for tasks to queue
[2023-05-17T23:41:18.191+0000] {logging_mixin.py:149} INFO - [2023-05-17T23:41:18.191+0000] {dagbag.py:541} INFO - Filling up the DagBag from /home/airflow/.local/lib/python3.7/site-packages/airflow/example_dags/example_bash_operator.py
[2023-05-17T23:41:18.211+0000] {processor.py:836} INFO - DAG(s) dict_keys(['example_bash_operator']) retrieved from /home/airflow/.local/lib/python3.7/site-packages/airflow/example_dags/example_bash_operator.py
[2023-05-17T23:41:18.241+0000] {logging_mixin.py:149} INFO - [2023-05-17T23:41:18.240+0000] {dag.py:2726} INFO - Sync 1 DAGs
[2023-05-17T23:41:18.263+0000] {logging_mixin.py:149} INFO - [2023-05-17T23:41:18.262+0000] {dag.py:3490} INFO - Setting next_dagrun for example_bash_operator to 2023-05-16T00:00:00+00:00, run_after=2023-05-17T00:00:00+00:00
[2023-05-17T23:41:18.368+0000] {processor.py:179} INFO - Processing /home/airflow/.local/lib/python3.7/site-packages/airflow/example_dags/example_bash_operator.py took 0.181 seconds
[2023-05-17T23:41:49.013+0000] {processor.py:157} INFO - Started process (PID=159) to work on /home/airflow/.local/lib/python3.7/site-packages/airflow/example_dags/example_bash_operator.py
[2023-05-17T23:41:49.014+0000] {processor.py:826} INFO - Processing file /home/airflow/.local/lib/python3.7/site-packages/airflow/example_dags/example_bash_operator.py for tasks to queue
[2023-05-17T23:41:49.014+0000] {logging_mixin.py:149} INFO - [2023-05-17T23:41:49.014+0000] {dagbag.py:541} INFO - Filling up the DagBag from /home/airflow/.local/lib/python3.7/site-packages/airflow/example_dags/example_bash_operator.py
[2023-05-17T23:41:49.022+0000] {processor.py:836} INFO - DAG(s) dict_keys(['example_bash_operator']) retrieved from /home/airflow/.local/lib/python3.7/site-packages/airflow/example_dags/example_bash_operator.py
[2023-05-17T23:41:49.043+0000] {logging_mixin.py:149} INFO - [2023-05-17T23:41:49.043+0000] {dag.py:2726} INFO - Sync 1 DAGs
[2023-05-17T23:41:49.125+0000] {logging_mixin.py:149} INFO - [2023-05-17T23:41:49.125+0000] {dag.py:3490} INFO - Setting next_dagrun for example_bash_operator to 2023-05-16T00:00:00+00:00, run_after=2023-05-17T00:00:00+00:00
[2023-05-17T23:41:49.137+0000] {processor.py:179} INFO - Processing /home/airflow/.local/lib/python3.7/site-packages/airflow/example_dags/example_bash_operator.py took 0.125 seconds
[2023-05-17T23:42:19.740+0000] {processor.py:157} INFO - Started process (PID=223) to work on /home/airflow/.local/lib/python3.7/site-packages/airflow/example_dags/example_bash_operator.py
[2023-05-17T23:42:19.741+0000] {processor.py:826} INFO - Processing file /home/airflow/.local/lib/python3.7/site-packages/airflow/example_dags/example_bash_operator.py for tasks to queue
[2023-05-17T23:42:19.742+0000] {logging_mixin.py:149} INFO - [2023-05-17T23:42:19.742+0000] {dagbag.py:541} INFO - Filling up the DagBag from /home/airflow/.local/lib/python3.7/site-packages/airflow/example_dags/example_bash_operator.py
[2023-05-17T23:42:19.820+0000] {processor.py:836} INFO - DAG(s) dict_keys(['example_bash_operator']) retrieved from /home/airflow/.local/lib/python3.7/site-packages/airflow/example_dags/example_bash_operator.py
[2023-05-17T23:42:19.827+0000] {logging_mixin.py:149} INFO - [2023-05-17T23:42:19.827+0000] {dag.py:2726} INFO - Sync 1 DAGs
[2023-05-17T23:42:19.840+0000] {logging_mixin.py:149} INFO - [2023-05-17T23:42:19.840+0000] {dag.py:3490} INFO - Setting next_dagrun for example_bash_operator to 2023-05-16T00:00:00+00:00, run_after=2023-05-17T00:00:00+00:00
[2023-05-17T23:42:19.853+0000] {processor.py:179} INFO - Processing /home/airflow/.local/lib/python3.7/site-packages/airflow/example_dags/example_bash_operator.py took 0.114 seconds
[2023-05-17T23:42:50.607+0000] {processor.py:157} INFO - Started process (PID=287) to work on /home/airflow/.local/lib/python3.7/site-packages/airflow/example_dags/example_bash_operator.py
[2023-05-17T23:42:50.608+0000] {processor.py:826} INFO - Processing file /home/airflow/.local/lib/python3.7/site-packages/airflow/example_dags/example_bash_operator.py for tasks to queue
[2023-05-17T23:42:50.608+0000] {logging_mixin.py:149} INFO - [2023-05-17T23:42:50.608+0000] {dagbag.py:541} INFO - Filling up the DagBag from /home/airflow/.local/lib/python3.7/site-packages/airflow/example_dags/example_bash_operator.py
[2023-05-17T23:42:50.615+0000] {processor.py:836} INFO - DAG(s) dict_keys(['example_bash_operator']) retrieved from /home/airflow/.local/lib/python3.7/site-packages/airflow/example_dags/example_bash_operator.py
[2023-05-17T23:42:50.634+0000] {logging_mixin.py:149} INFO - [2023-05-17T23:42:50.634+0000] {dag.py:2726} INFO - Sync 1 DAGs
[2023-05-17T23:42:50.648+0000] {logging_mixin.py:149} INFO - [2023-05-17T23:42:50.648+0000] {dag.py:3490} INFO - Setting next_dagrun for example_bash_operator to 2023-05-16T00:00:00+00:00, run_after=2023-05-17T00:00:00+00:00
[2023-05-17T23:42:50.659+0000] {processor.py:179} INFO - Processing /home/airflow/.local/lib/python3.7/site-packages/airflow/example_dags/example_bash_operator.py took 0.054 seconds
[2023-05-17T23:43:21.204+0000] {processor.py:157} INFO - Started process (PID=351) to work on /home/airflow/.local/lib/python3.7/site-packages/airflow/example_dags/example_bash_operator.py
[2023-05-17T23:43:21.205+0000] {processor.py:826} INFO - Processing file /home/airflow/.local/lib/python3.7/site-packages/airflow/example_dags/example_bash_operator.py for tasks to queue
[2023-05-17T23:43:21.205+0000] {logging_mixin.py:149} INFO - [2023-05-17T23:43:21.205+0000] {dagbag.py:541} INFO - Filling up the DagBag from /home/airflow/.local/lib/python3.7/site-packages/airflow/example_dags/example_bash_operator.py
[2023-05-17T23:43:21.212+0000] {processor.py:836} INFO - DAG(s) dict_keys(['example_bash_operator']) retrieved from /home/airflow/.local/lib/python3.7/site-packages/airflow/example_dags/example_bash_operator.py
[2023-05-17T23:43:21.232+0000] {logging_mixin.py:149} INFO - [2023-05-17T23:43:21.231+0000] {dag.py:2726} INFO - Sync 1 DAGs
[2023-05-17T23:43:21.245+0000] {logging_mixin.py:149} INFO - [2023-05-17T23:43:21.245+0000] {dag.py:3490} INFO - Setting next_dagrun for example_bash_operator to 2023-05-16T00:00:00+00:00, run_after=2023-05-17T00:00:00+00:00
[2023-05-17T23:43:21.257+0000] {processor.py:179} INFO - Processing /home/airflow/.local/lib/python3.7/site-packages/airflow/example_dags/example_bash_operator.py took 0.055 seconds
[2023-05-17T23:43:51.779+0000] {processor.py:157} INFO - Started process (PID=415) to work on /home/airflow/.local/lib/python3.7/site-packages/airflow/example_dags/example_bash_operator.py
[2023-05-17T23:43:51.780+0000] {processor.py:826} INFO - Processing file /home/airflow/.local/lib/python3.7/site-packages/airflow/example_dags/example_bash_operator.py for tasks to queue
[2023-05-17T23:43:51.780+0000] {logging_mixin.py:149} INFO - [2023-05-17T23:43:51.780+0000] {dagbag.py:541} INFO - Filling up the DagBag from /home/airflow/.local/lib/python3.7/site-packages/airflow/example_dags/example_bash_operator.py
[2023-05-17T23:43:51.787+0000] {processor.py:836} INFO - DAG(s) dict_keys(['example_bash_operator']) retrieved from /home/airflow/.local/lib/python3.7/site-packages/airflow/example_dags/example_bash_operator.py
[2023-05-17T23:43:51.807+0000] {logging_mixin.py:149} INFO - [2023-05-17T23:43:51.806+0000] {dag.py:2726} INFO - Sync 1 DAGs
[2023-05-17T23:43:51.819+0000] {logging_mixin.py:149} INFO - [2023-05-17T23:43:51.819+0000] {dag.py:3490} INFO - Setting next_dagrun for example_bash_operator to 2023-05-16T00:00:00+00:00, run_after=2023-05-17T00:00:00+00:00
[2023-05-17T23:43:51.830+0000] {processor.py:179} INFO - Processing /home/airflow/.local/lib/python3.7/site-packages/airflow/example_dags/example_bash_operator.py took 0.052 seconds
[2023-05-17T23:44:22.515+0000] {processor.py:157} INFO - Started process (PID=479) to work on /home/airflow/.local/lib/python3.7/site-packages/airflow/example_dags/example_bash_operator.py
[2023-05-17T23:44:22.517+0000] {processor.py:826} INFO - Processing file /home/airflow/.local/lib/python3.7/site-packages/airflow/example_dags/example_bash_operator.py for tasks to queue
[2023-05-17T23:44:22.518+0000] {logging_mixin.py:149} INFO - [2023-05-17T23:44:22.517+0000] {dagbag.py:541} INFO - Filling up the DagBag from /home/airflow/.local/lib/python3.7/site-packages/airflow/example_dags/example_bash_operator.py
[2023-05-17T23:44:22.527+0000] {processor.py:836} INFO - DAG(s) dict_keys(['example_bash_operator']) retrieved from /home/airflow/.local/lib/python3.7/site-packages/airflow/example_dags/example_bash_operator.py
[2023-05-17T23:44:22.550+0000] {logging_mixin.py:149} INFO - [2023-05-17T23:44:22.550+0000] {dag.py:2726} INFO - Sync 1 DAGs
[2023-05-17T23:44:22.567+0000] {logging_mixin.py:149} INFO - [2023-05-17T23:44:22.566+0000] {dag.py:3490} INFO - Setting next_dagrun for example_bash_operator to 2023-05-16T00:00:00+00:00, run_after=2023-05-17T00:00:00+00:00
[2023-05-17T23:44:22.580+0000] {processor.py:179} INFO - Processing /home/airflow/.local/lib/python3.7/site-packages/airflow/example_dags/example_bash_operator.py took 0.067 seconds
[2023-05-17T23:44:53.166+0000] {processor.py:157} INFO - Started process (PID=543) to work on /home/airflow/.local/lib/python3.7/site-packages/airflow/example_dags/example_bash_operator.py
[2023-05-17T23:44:53.167+0000] {processor.py:826} INFO - Processing file /home/airflow/.local/lib/python3.7/site-packages/airflow/example_dags/example_bash_operator.py for tasks to queue
[2023-05-17T23:44:53.168+0000] {logging_mixin.py:149} INFO - [2023-05-17T23:44:53.167+0000] {dagbag.py:541} INFO - Filling up the DagBag from /home/airflow/.local/lib/python3.7/site-packages/airflow/example_dags/example_bash_operator.py
[2023-05-17T23:44:53.177+0000] {processor.py:836} INFO - DAG(s) dict_keys(['example_bash_operator']) retrieved from /home/airflow/.local/lib/python3.7/site-packages/airflow/example_dags/example_bash_operator.py
[2023-05-17T23:44:53.196+0000] {logging_mixin.py:149} INFO - [2023-05-17T23:44:53.196+0000] {dag.py:2726} INFO - Sync 1 DAGs
[2023-05-17T23:44:53.211+0000] {logging_mixin.py:149} INFO - [2023-05-17T23:44:53.211+0000] {dag.py:3490} INFO - Setting next_dagrun for example_bash_operator to 2023-05-16T00:00:00+00:00, run_after=2023-05-17T00:00:00+00:00
[2023-05-17T23:44:53.222+0000] {processor.py:179} INFO - Processing /home/airflow/.local/lib/python3.7/site-packages/airflow/example_dags/example_bash_operator.py took 0.057 seconds
[2023-05-17T23:45:23.670+0000] {processor.py:157} INFO - Started process (PID=607) to work on /home/airflow/.local/lib/python3.7/site-packages/airflow/example_dags/example_bash_operator.py
[2023-05-17T23:45:23.671+0000] {processor.py:826} INFO - Processing file /home/airflow/.local/lib/python3.7/site-packages/airflow/example_dags/example_bash_operator.py for tasks to queue
[2023-05-17T23:45:23.672+0000] {logging_mixin.py:149} INFO - [2023-05-17T23:45:23.672+0000] {dagbag.py:541} INFO - Filling up the DagBag from /home/airflow/.local/lib/python3.7/site-packages/airflow/example_dags/example_bash_operator.py
[2023-05-17T23:45:23.679+0000] {processor.py:836} INFO - DAG(s) dict_keys(['example_bash_operator']) retrieved from /home/airflow/.local/lib/python3.7/site-packages/airflow/example_dags/example_bash_operator.py
[2023-05-17T23:45:23.699+0000] {logging_mixin.py:149} INFO - [2023-05-17T23:45:23.699+0000] {dag.py:2726} INFO - Sync 1 DAGs
[2023-05-17T23:45:23.713+0000] {logging_mixin.py:149} INFO - [2023-05-17T23:45:23.713+0000] {dag.py:3490} INFO - Setting next_dagrun for example_bash_operator to 2023-05-16T00:00:00+00:00, run_after=2023-05-17T00:00:00+00:00
[2023-05-17T23:45:23.727+0000] {processor.py:179} INFO - Processing /home/airflow/.local/lib/python3.7/site-packages/airflow/example_dags/example_bash_operator.py took 0.059 seconds
[2023-05-17T23:45:54.473+0000] {processor.py:157} INFO - Started process (PID=671) to work on /home/airflow/.local/lib/python3.7/site-packages/airflow/example_dags/example_bash_operator.py
[2023-05-17T23:45:54.473+0000] {processor.py:826} INFO - Processing file /home/airflow/.local/lib/python3.7/site-packages/airflow/example_dags/example_bash_operator.py for tasks to queue
[2023-05-17T23:45:54.474+0000] {logging_mixin.py:149} INFO - [2023-05-17T23:45:54.474+0000] {dagbag.py:541} INFO - Filling up the DagBag from /home/airflow/.local/lib/python3.7/site-packages/airflow/example_dags/example_bash_operator.py
[2023-05-17T23:45:54.481+0000] {processor.py:836} INFO - DAG(s) dict_keys(['example_bash_operator']) retrieved from /home/airflow/.local/lib/python3.7/site-packages/airflow/example_dags/example_bash_operator.py
[2023-05-17T23:45:54.503+0000] {logging_mixin.py:149} INFO - [2023-05-17T23:45:54.503+0000] {dag.py:2726} INFO - Sync 1 DAGs
[2023-05-17T23:45:54.517+0000] {logging_mixin.py:149} INFO - [2023-05-17T23:45:54.517+0000] {dag.py:3490} INFO - Setting next_dagrun for example_bash_operator to 2023-05-16T00:00:00+00:00, run_after=2023-05-17T00:00:00+00:00
[2023-05-17T23:45:54.534+0000] {processor.py:179} INFO - Processing /home/airflow/.local/lib/python3.7/site-packages/airflow/example_dags/example_bash_operator.py took 0.063 seconds
[2023-05-17T23:46:25.066+0000] {processor.py:157} INFO - Started process (PID=735) to work on /home/airflow/.local/lib/python3.7/site-packages/airflow/example_dags/example_bash_operator.py
[2023-05-17T23:46:25.067+0000] {processor.py:826} INFO - Processing file /home/airflow/.local/lib/python3.7/site-packages/airflow/example_dags/example_bash_operator.py for tasks to queue
[2023-05-17T23:46:25.068+0000] {logging_mixin.py:149} INFO - [2023-05-17T23:46:25.068+0000] {dagbag.py:541} INFO - Filling up the DagBag from /home/airflow/.local/lib/python3.7/site-packages/airflow/example_dags/example_bash_operator.py
[2023-05-17T23:46:25.076+0000] {processor.py:836} INFO - DAG(s) dict_keys(['example_bash_operator']) retrieved from /home/airflow/.local/lib/python3.7/site-packages/airflow/example_dags/example_bash_operator.py
[2023-05-17T23:46:25.096+0000] {logging_mixin.py:149} INFO - [2023-05-17T23:46:25.096+0000] {dag.py:2726} INFO - Sync 1 DAGs
[2023-05-17T23:46:25.110+0000] {logging_mixin.py:149} INFO - [2023-05-17T23:46:25.110+0000] {dag.py:3490} INFO - Setting next_dagrun for example_bash_operator to 2023-05-16T00:00:00+00:00, run_after=2023-05-17T00:00:00+00:00
[2023-05-17T23:46:25.122+0000] {processor.py:179} INFO - Processing /home/airflow/.local/lib/python3.7/site-packages/airflow/example_dags/example_bash_operator.py took 0.057 seconds
[2023-05-17T23:46:55.654+0000] {processor.py:157} INFO - Started process (PID=799) to work on /home/airflow/.local/lib/python3.7/site-packages/airflow/example_dags/example_bash_operator.py
[2023-05-17T23:46:55.655+0000] {processor.py:826} INFO - Processing file /home/airflow/.local/lib/python3.7/site-packages/airflow/example_dags/example_bash_operator.py for tasks to queue
[2023-05-17T23:46:55.656+0000] {logging_mixin.py:149} INFO - [2023-05-17T23:46:55.655+0000] {dagbag.py:541} INFO - Filling up the DagBag from /home/airflow/.local/lib/python3.7/site-packages/airflow/example_dags/example_bash_operator.py
[2023-05-17T23:46:55.663+0000] {processor.py:836} INFO - DAG(s) dict_keys(['example_bash_operator']) retrieved from /home/airflow/.local/lib/python3.7/site-packages/airflow/example_dags/example_bash_operator.py
[2023-05-17T23:46:55.684+0000] {logging_mixin.py:149} INFO - [2023-05-17T23:46:55.684+0000] {dag.py:2726} INFO - Sync 1 DAGs
[2023-05-17T23:46:55.698+0000] {logging_mixin.py:149} INFO - [2023-05-17T23:46:55.698+0000] {dag.py:3490} INFO - Setting next_dagrun for example_bash_operator to 2023-05-16T00:00:00+00:00, run_after=2023-05-17T00:00:00+00:00
[2023-05-17T23:46:55.710+0000] {processor.py:179} INFO - Processing /home/airflow/.local/lib/python3.7/site-packages/airflow/example_dags/example_bash_operator.py took 0.058 seconds
[2023-05-17T23:48:19.946+0000] {processor.py:157} INFO - Started process (PID=31) to work on /home/airflow/.local/lib/python3.7/site-packages/airflow/example_dags/example_bash_operator.py
[2023-05-17T23:48:19.946+0000] {processor.py:826} INFO - Processing file /home/airflow/.local/lib/python3.7/site-packages/airflow/example_dags/example_bash_operator.py for tasks to queue
[2023-05-17T23:48:19.947+0000] {logging_mixin.py:149} INFO - [2023-05-17T23:48:19.947+0000] {dagbag.py:541} INFO - Filling up the DagBag from /home/airflow/.local/lib/python3.7/site-packages/airflow/example_dags/example_bash_operator.py
[2023-05-17T23:48:19.992+0000] {processor.py:836} INFO - DAG(s) dict_keys(['example_bash_operator']) retrieved from /home/airflow/.local/lib/python3.7/site-packages/airflow/example_dags/example_bash_operator.py
[2023-05-17T23:48:20.010+0000] {logging_mixin.py:149} INFO - [2023-05-17T23:48:20.010+0000] {dag.py:2726} INFO - Sync 1 DAGs
[2023-05-17T23:48:20.025+0000] {logging_mixin.py:149} INFO - [2023-05-17T23:48:20.024+0000] {dag.py:3490} INFO - Setting next_dagrun for example_bash_operator to 2023-05-16T00:00:00+00:00, run_after=2023-05-17T00:00:00+00:00
[2023-05-17T23:48:20.042+0000] {processor.py:179} INFO - Processing /home/airflow/.local/lib/python3.7/site-packages/airflow/example_dags/example_bash_operator.py took 0.099 seconds
[2023-05-17T23:48:50.151+0000] {processor.py:157} INFO - Started process (PID=95) to work on /home/airflow/.local/lib/python3.7/site-packages/airflow/example_dags/example_bash_operator.py
[2023-05-17T23:48:50.152+0000] {processor.py:826} INFO - Processing file /home/airflow/.local/lib/python3.7/site-packages/airflow/example_dags/example_bash_operator.py for tasks to queue
[2023-05-17T23:48:50.153+0000] {logging_mixin.py:149} INFO - [2023-05-17T23:48:50.153+0000] {dagbag.py:541} INFO - Filling up the DagBag from /home/airflow/.local/lib/python3.7/site-packages/airflow/example_dags/example_bash_operator.py
[2023-05-17T23:48:50.162+0000] {processor.py:836} INFO - DAG(s) dict_keys(['example_bash_operator']) retrieved from /home/airflow/.local/lib/python3.7/site-packages/airflow/example_dags/example_bash_operator.py
[2023-05-17T23:48:50.188+0000] {logging_mixin.py:149} INFO - [2023-05-17T23:48:50.187+0000] {dag.py:2726} INFO - Sync 1 DAGs
[2023-05-17T23:48:50.205+0000] {logging_mixin.py:149} INFO - [2023-05-17T23:48:50.205+0000] {dag.py:3490} INFO - Setting next_dagrun for example_bash_operator to 2023-05-16T00:00:00+00:00, run_after=2023-05-17T00:00:00+00:00
[2023-05-17T23:48:50.224+0000] {processor.py:179} INFO - Processing /home/airflow/.local/lib/python3.7/site-packages/airflow/example_dags/example_bash_operator.py took 0.075 seconds
[2023-05-17T23:49:20.256+0000] {processor.py:157} INFO - Started process (PID=159) to work on /home/airflow/.local/lib/python3.7/site-packages/airflow/example_dags/example_bash_operator.py
[2023-05-17T23:49:20.257+0000] {processor.py:826} INFO - Processing file /home/airflow/.local/lib/python3.7/site-packages/airflow/example_dags/example_bash_operator.py for tasks to queue
[2023-05-17T23:49:20.257+0000] {logging_mixin.py:149} INFO - [2023-05-17T23:49:20.257+0000] {dagbag.py:541} INFO - Filling up the DagBag from /home/airflow/.local/lib/python3.7/site-packages/airflow/example_dags/example_bash_operator.py
[2023-05-17T23:49:20.266+0000] {processor.py:836} INFO - DAG(s) dict_keys(['example_bash_operator']) retrieved from /home/airflow/.local/lib/python3.7/site-packages/airflow/example_dags/example_bash_operator.py
[2023-05-17T23:49:20.288+0000] {logging_mixin.py:149} INFO - [2023-05-17T23:49:20.288+0000] {dag.py:2726} INFO - Sync 1 DAGs
[2023-05-17T23:49:20.362+0000] {logging_mixin.py:149} INFO - [2023-05-17T23:49:20.362+0000] {dag.py:3490} INFO - Setting next_dagrun for example_bash_operator to 2023-05-16T00:00:00+00:00, run_after=2023-05-17T00:00:00+00:00
[2023-05-17T23:49:20.373+0000] {processor.py:179} INFO - Processing /home/airflow/.local/lib/python3.7/site-packages/airflow/example_dags/example_bash_operator.py took 0.119 seconds
[2023-05-17T23:49:50.429+0000] {processor.py:157} INFO - Started process (PID=223) to work on /home/airflow/.local/lib/python3.7/site-packages/airflow/example_dags/example_bash_operator.py
[2023-05-17T23:49:50.430+0000] {processor.py:826} INFO - Processing file /home/airflow/.local/lib/python3.7/site-packages/airflow/example_dags/example_bash_operator.py for tasks to queue
[2023-05-17T23:49:50.430+0000] {logging_mixin.py:149} INFO - [2023-05-17T23:49:50.430+0000] {dagbag.py:541} INFO - Filling up the DagBag from /home/airflow/.local/lib/python3.7/site-packages/airflow/example_dags/example_bash_operator.py
[2023-05-17T23:49:50.500+0000] {processor.py:836} INFO - DAG(s) dict_keys(['example_bash_operator']) retrieved from /home/airflow/.local/lib/python3.7/site-packages/airflow/example_dags/example_bash_operator.py
[2023-05-17T23:49:50.517+0000] {logging_mixin.py:149} INFO - [2023-05-17T23:49:50.517+0000] {dag.py:2726} INFO - Sync 1 DAGs
[2023-05-17T23:49:50.529+0000] {logging_mixin.py:149} INFO - [2023-05-17T23:49:50.529+0000] {dag.py:3490} INFO - Setting next_dagrun for example_bash_operator to 2023-05-16T00:00:00+00:00, run_after=2023-05-17T00:00:00+00:00
[2023-05-17T23:49:50.540+0000] {processor.py:179} INFO - Processing /home/airflow/.local/lib/python3.7/site-packages/airflow/example_dags/example_bash_operator.py took 0.113 seconds
[2023-05-17T23:50:20.655+0000] {processor.py:157} INFO - Started process (PID=287) to work on /home/airflow/.local/lib/python3.7/site-packages/airflow/example_dags/example_bash_operator.py
[2023-05-17T23:50:20.657+0000] {processor.py:826} INFO - Processing file /home/airflow/.local/lib/python3.7/site-packages/airflow/example_dags/example_bash_operator.py for tasks to queue
[2023-05-17T23:50:20.657+0000] {logging_mixin.py:149} INFO - [2023-05-17T23:50:20.657+0000] {dagbag.py:541} INFO - Filling up the DagBag from /home/airflow/.local/lib/python3.7/site-packages/airflow/example_dags/example_bash_operator.py
[2023-05-17T23:50:20.667+0000] {processor.py:836} INFO - DAG(s) dict_keys(['example_bash_operator']) retrieved from /home/airflow/.local/lib/python3.7/site-packages/airflow/example_dags/example_bash_operator.py
[2023-05-17T23:50:20.687+0000] {logging_mixin.py:149} INFO - [2023-05-17T23:50:20.687+0000] {dag.py:2726} INFO - Sync 1 DAGs
[2023-05-17T23:50:20.700+0000] {logging_mixin.py:149} INFO - [2023-05-17T23:50:20.700+0000] {dag.py:3490} INFO - Setting next_dagrun for example_bash_operator to 2023-05-16T00:00:00+00:00, run_after=2023-05-17T00:00:00+00:00
[2023-05-17T23:50:20.714+0000] {processor.py:179} INFO - Processing /home/airflow/.local/lib/python3.7/site-packages/airflow/example_dags/example_bash_operator.py took 0.061 seconds
[2023-05-17T23:50:51.252+0000] {processor.py:157} INFO - Started process (PID=351) to work on /home/airflow/.local/lib/python3.7/site-packages/airflow/example_dags/example_bash_operator.py
[2023-05-17T23:50:51.256+0000] {processor.py:826} INFO - Processing file /home/airflow/.local/lib/python3.7/site-packages/airflow/example_dags/example_bash_operator.py for tasks to queue
[2023-05-17T23:50:51.256+0000] {logging_mixin.py:149} INFO - [2023-05-17T23:50:51.256+0000] {dagbag.py:541} INFO - Filling up the DagBag from /home/airflow/.local/lib/python3.7/site-packages/airflow/example_dags/example_bash_operator.py
[2023-05-17T23:50:51.263+0000] {processor.py:836} INFO - DAG(s) dict_keys(['example_bash_operator']) retrieved from /home/airflow/.local/lib/python3.7/site-packages/airflow/example_dags/example_bash_operator.py
[2023-05-17T23:50:51.283+0000] {logging_mixin.py:149} INFO - [2023-05-17T23:50:51.283+0000] {dag.py:2726} INFO - Sync 1 DAGs
[2023-05-17T23:50:51.297+0000] {logging_mixin.py:149} INFO - [2023-05-17T23:50:51.297+0000] {dag.py:3490} INFO - Setting next_dagrun for example_bash_operator to 2023-05-16T00:00:00+00:00, run_after=2023-05-17T00:00:00+00:00
[2023-05-17T23:50:51.310+0000] {processor.py:179} INFO - Processing /home/airflow/.local/lib/python3.7/site-packages/airflow/example_dags/example_bash_operator.py took 0.060 seconds
[2023-05-17T23:51:21.845+0000] {processor.py:157} INFO - Started process (PID=415) to work on /home/airflow/.local/lib/python3.7/site-packages/airflow/example_dags/example_bash_operator.py
[2023-05-17T23:51:21.847+0000] {processor.py:826} INFO - Processing file /home/airflow/.local/lib/python3.7/site-packages/airflow/example_dags/example_bash_operator.py for tasks to queue
[2023-05-17T23:51:21.847+0000] {logging_mixin.py:149} INFO - [2023-05-17T23:51:21.847+0000] {dagbag.py:541} INFO - Filling up the DagBag from /home/airflow/.local/lib/python3.7/site-packages/airflow/example_dags/example_bash_operator.py
[2023-05-17T23:51:21.855+0000] {processor.py:836} INFO - DAG(s) dict_keys(['example_bash_operator']) retrieved from /home/airflow/.local/lib/python3.7/site-packages/airflow/example_dags/example_bash_operator.py
[2023-05-17T23:51:21.876+0000] {logging_mixin.py:149} INFO - [2023-05-17T23:51:21.876+0000] {dag.py:2726} INFO - Sync 1 DAGs
[2023-05-17T23:51:21.892+0000] {logging_mixin.py:149} INFO - [2023-05-17T23:51:21.892+0000] {dag.py:3490} INFO - Setting next_dagrun for example_bash_operator to 2023-05-16T00:00:00+00:00, run_after=2023-05-17T00:00:00+00:00
[2023-05-17T23:51:21.904+0000] {processor.py:179} INFO - Processing /home/airflow/.local/lib/python3.7/site-packages/airflow/example_dags/example_bash_operator.py took 0.061 seconds
[2023-05-17T23:51:52.420+0000] {processor.py:157} INFO - Started process (PID=479) to work on /home/airflow/.local/lib/python3.7/site-packages/airflow/example_dags/example_bash_operator.py
[2023-05-17T23:51:52.422+0000] {processor.py:826} INFO - Processing file /home/airflow/.local/lib/python3.7/site-packages/airflow/example_dags/example_bash_operator.py for tasks to queue
[2023-05-17T23:51:52.422+0000] {logging_mixin.py:149} INFO - [2023-05-17T23:51:52.422+0000] {dagbag.py:541} INFO - Filling up the DagBag from /home/airflow/.local/lib/python3.7/site-packages/airflow/example_dags/example_bash_operator.py
[2023-05-17T23:51:52.431+0000] {processor.py:836} INFO - DAG(s) dict_keys(['example_bash_operator']) retrieved from /home/airflow/.local/lib/python3.7/site-packages/airflow/example_dags/example_bash_operator.py
[2023-05-17T23:51:52.451+0000] {logging_mixin.py:149} INFO - [2023-05-17T23:51:52.451+0000] {dag.py:2726} INFO - Sync 1 DAGs
[2023-05-17T23:51:52.467+0000] {logging_mixin.py:149} INFO - [2023-05-17T23:51:52.466+0000] {dag.py:3490} INFO - Setting next_dagrun for example_bash_operator to 2023-05-16T00:00:00+00:00, run_after=2023-05-17T00:00:00+00:00
[2023-05-17T23:51:52.479+0000] {processor.py:179} INFO - Processing /home/airflow/.local/lib/python3.7/site-packages/airflow/example_dags/example_bash_operator.py took 0.061 seconds
[2023-05-17T23:52:23.220+0000] {processor.py:157} INFO - Started process (PID=543) to work on /home/airflow/.local/lib/python3.7/site-packages/airflow/example_dags/example_bash_operator.py
[2023-05-17T23:52:23.222+0000] {processor.py:826} INFO - Processing file /home/airflow/.local/lib/python3.7/site-packages/airflow/example_dags/example_bash_operator.py for tasks to queue
[2023-05-17T23:52:23.222+0000] {logging_mixin.py:149} INFO - [2023-05-17T23:52:23.222+0000] {dagbag.py:541} INFO - Filling up the DagBag from /home/airflow/.local/lib/python3.7/site-packages/airflow/example_dags/example_bash_operator.py
[2023-05-17T23:52:23.232+0000] {processor.py:836} INFO - DAG(s) dict_keys(['example_bash_operator']) retrieved from /home/airflow/.local/lib/python3.7/site-packages/airflow/example_dags/example_bash_operator.py
[2023-05-17T23:52:23.257+0000] {logging_mixin.py:149} INFO - [2023-05-17T23:52:23.257+0000] {dag.py:2726} INFO - Sync 1 DAGs
[2023-05-17T23:52:23.271+0000] {logging_mixin.py:149} INFO - [2023-05-17T23:52:23.271+0000] {dag.py:3490} INFO - Setting next_dagrun for example_bash_operator to 2023-05-16T00:00:00+00:00, run_after=2023-05-17T00:00:00+00:00
[2023-05-17T23:52:23.281+0000] {processor.py:179} INFO - Processing /home/airflow/.local/lib/python3.7/site-packages/airflow/example_dags/example_bash_operator.py took 0.063 seconds
[2023-05-17T23:52:53.852+0000] {processor.py:157} INFO - Started process (PID=607) to work on /home/airflow/.local/lib/python3.7/site-packages/airflow/example_dags/example_bash_operator.py
[2023-05-17T23:52:53.853+0000] {processor.py:826} INFO - Processing file /home/airflow/.local/lib/python3.7/site-packages/airflow/example_dags/example_bash_operator.py for tasks to queue
[2023-05-17T23:52:53.853+0000] {logging_mixin.py:149} INFO - [2023-05-17T23:52:53.853+0000] {dagbag.py:541} INFO - Filling up the DagBag from /home/airflow/.local/lib/python3.7/site-packages/airflow/example_dags/example_bash_operator.py
[2023-05-17T23:52:53.861+0000] {processor.py:836} INFO - DAG(s) dict_keys(['example_bash_operator']) retrieved from /home/airflow/.local/lib/python3.7/site-packages/airflow/example_dags/example_bash_operator.py
[2023-05-17T23:52:53.882+0000] {logging_mixin.py:149} INFO - [2023-05-17T23:52:53.882+0000] {dag.py:2726} INFO - Sync 1 DAGs
[2023-05-17T23:52:53.896+0000] {logging_mixin.py:149} INFO - [2023-05-17T23:52:53.896+0000] {dag.py:3490} INFO - Setting next_dagrun for example_bash_operator to 2023-05-16T00:00:00+00:00, run_after=2023-05-17T00:00:00+00:00
[2023-05-17T23:52:53.908+0000] {processor.py:179} INFO - Processing /home/airflow/.local/lib/python3.7/site-packages/airflow/example_dags/example_bash_operator.py took 0.058 seconds
[2023-05-17T23:53:23.962+0000] {processor.py:157} INFO - Started process (PID=671) to work on /home/airflow/.local/lib/python3.7/site-packages/airflow/example_dags/example_bash_operator.py
[2023-05-17T23:53:23.963+0000] {processor.py:826} INFO - Processing file /home/airflow/.local/lib/python3.7/site-packages/airflow/example_dags/example_bash_operator.py for tasks to queue
[2023-05-17T23:53:23.964+0000] {logging_mixin.py:149} INFO - [2023-05-17T23:53:23.963+0000] {dagbag.py:541} INFO - Filling up the DagBag from /home/airflow/.local/lib/python3.7/site-packages/airflow/example_dags/example_bash_operator.py
[2023-05-17T23:53:23.971+0000] {processor.py:836} INFO - DAG(s) dict_keys(['example_bash_operator']) retrieved from /home/airflow/.local/lib/python3.7/site-packages/airflow/example_dags/example_bash_operator.py
[2023-05-17T23:53:23.991+0000] {logging_mixin.py:149} INFO - [2023-05-17T23:53:23.991+0000] {dag.py:2726} INFO - Sync 1 DAGs
[2023-05-17T23:53:24.005+0000] {logging_mixin.py:149} INFO - [2023-05-17T23:53:24.005+0000] {dag.py:3490} INFO - Setting next_dagrun for example_bash_operator to 2023-05-16T00:00:00+00:00, run_after=2023-05-17T00:00:00+00:00
[2023-05-17T23:53:24.018+0000] {processor.py:179} INFO - Processing /home/airflow/.local/lib/python3.7/site-packages/airflow/example_dags/example_bash_operator.py took 0.058 seconds
[2023-05-17T23:53:54.808+0000] {processor.py:157} INFO - Started process (PID=735) to work on /home/airflow/.local/lib/python3.7/site-packages/airflow/example_dags/example_bash_operator.py
[2023-05-17T23:53:54.810+0000] {processor.py:826} INFO - Processing file /home/airflow/.local/lib/python3.7/site-packages/airflow/example_dags/example_bash_operator.py for tasks to queue
[2023-05-17T23:53:54.810+0000] {logging_mixin.py:149} INFO - [2023-05-17T23:53:54.810+0000] {dagbag.py:541} INFO - Filling up the DagBag from /home/airflow/.local/lib/python3.7/site-packages/airflow/example_dags/example_bash_operator.py
[2023-05-17T23:53:54.817+0000] {processor.py:836} INFO - DAG(s) dict_keys(['example_bash_operator']) retrieved from /home/airflow/.local/lib/python3.7/site-packages/airflow/example_dags/example_bash_operator.py
[2023-05-17T23:53:54.837+0000] {logging_mixin.py:149} INFO - [2023-05-17T23:53:54.837+0000] {dag.py:2726} INFO - Sync 1 DAGs
[2023-05-17T23:53:54.854+0000] {logging_mixin.py:149} INFO - [2023-05-17T23:53:54.853+0000] {dag.py:3490} INFO - Setting next_dagrun for example_bash_operator to 2023-05-16T00:00:00+00:00, run_after=2023-05-17T00:00:00+00:00
[2023-05-17T23:53:54.867+0000] {processor.py:179} INFO - Processing /home/airflow/.local/lib/python3.7/site-packages/airflow/example_dags/example_bash_operator.py took 0.061 seconds
[2023-05-17T23:54:25.491+0000] {processor.py:157} INFO - Started process (PID=799) to work on /home/airflow/.local/lib/python3.7/site-packages/airflow/example_dags/example_bash_operator.py
[2023-05-17T23:54:25.494+0000] {processor.py:826} INFO - Processing file /home/airflow/.local/lib/python3.7/site-packages/airflow/example_dags/example_bash_operator.py for tasks to queue
[2023-05-17T23:54:25.494+0000] {logging_mixin.py:149} INFO - [2023-05-17T23:54:25.494+0000] {dagbag.py:541} INFO - Filling up the DagBag from /home/airflow/.local/lib/python3.7/site-packages/airflow/example_dags/example_bash_operator.py
[2023-05-17T23:54:25.502+0000] {processor.py:836} INFO - DAG(s) dict_keys(['example_bash_operator']) retrieved from /home/airflow/.local/lib/python3.7/site-packages/airflow/example_dags/example_bash_operator.py
[2023-05-17T23:54:25.522+0000] {logging_mixin.py:149} INFO - [2023-05-17T23:54:25.522+0000] {dag.py:2726} INFO - Sync 1 DAGs
[2023-05-17T23:54:25.535+0000] {logging_mixin.py:149} INFO - [2023-05-17T23:54:25.535+0000] {dag.py:3490} INFO - Setting next_dagrun for example_bash_operator to 2023-05-16T00:00:00+00:00, run_after=2023-05-17T00:00:00+00:00
[2023-05-17T23:54:25.547+0000] {processor.py:179} INFO - Processing /home/airflow/.local/lib/python3.7/site-packages/airflow/example_dags/example_bash_operator.py took 0.057 seconds
[2023-05-17T23:54:56.129+0000] {processor.py:157} INFO - Started process (PID=863) to work on /home/airflow/.local/lib/python3.7/site-packages/airflow/example_dags/example_bash_operator.py
[2023-05-17T23:54:56.129+0000] {processor.py:826} INFO - Processing file /home/airflow/.local/lib/python3.7/site-packages/airflow/example_dags/example_bash_operator.py for tasks to queue
[2023-05-17T23:54:56.129+0000] {logging_mixin.py:149} INFO - [2023-05-17T23:54:56.129+0000] {dagbag.py:541} INFO - Filling up the DagBag from /home/airflow/.local/lib/python3.7/site-packages/airflow/example_dags/example_bash_operator.py
[2023-05-17T23:54:56.138+0000] {processor.py:836} INFO - DAG(s) dict_keys(['example_bash_operator']) retrieved from /home/airflow/.local/lib/python3.7/site-packages/airflow/example_dags/example_bash_operator.py
[2023-05-17T23:54:56.158+0000] {logging_mixin.py:149} INFO - [2023-05-17T23:54:56.158+0000] {dag.py:2726} INFO - Sync 1 DAGs
[2023-05-17T23:54:56.172+0000] {logging_mixin.py:149} INFO - [2023-05-17T23:54:56.172+0000] {dag.py:3490} INFO - Setting next_dagrun for example_bash_operator to 2023-05-16T00:00:00+00:00, run_after=2023-05-17T00:00:00+00:00
[2023-05-17T23:54:56.185+0000] {processor.py:179} INFO - Processing /home/airflow/.local/lib/python3.7/site-packages/airflow/example_dags/example_bash_operator.py took 0.058 seconds
[2023-05-17T23:55:26.728+0000] {processor.py:157} INFO - Started process (PID=927) to work on /home/airflow/.local/lib/python3.7/site-packages/airflow/example_dags/example_bash_operator.py
[2023-05-17T23:55:26.730+0000] {processor.py:826} INFO - Processing file /home/airflow/.local/lib/python3.7/site-packages/airflow/example_dags/example_bash_operator.py for tasks to queue
[2023-05-17T23:55:26.730+0000] {logging_mixin.py:149} INFO - [2023-05-17T23:55:26.730+0000] {dagbag.py:541} INFO - Filling up the DagBag from /home/airflow/.local/lib/python3.7/site-packages/airflow/example_dags/example_bash_operator.py
[2023-05-17T23:55:26.738+0000] {processor.py:836} INFO - DAG(s) dict_keys(['example_bash_operator']) retrieved from /home/airflow/.local/lib/python3.7/site-packages/airflow/example_dags/example_bash_operator.py
[2023-05-17T23:55:26.756+0000] {logging_mixin.py:149} INFO - [2023-05-17T23:55:26.756+0000] {dag.py:2726} INFO - Sync 1 DAGs
[2023-05-17T23:55:26.770+0000] {logging_mixin.py:149} INFO - [2023-05-17T23:55:26.770+0000] {dag.py:3490} INFO - Setting next_dagrun for example_bash_operator to 2023-05-16T00:00:00+00:00, run_after=2023-05-17T00:00:00+00:00
[2023-05-17T23:55:26.780+0000] {processor.py:179} INFO - Processing /home/airflow/.local/lib/python3.7/site-packages/airflow/example_dags/example_bash_operator.py took 0.054 seconds
[2023-05-17T23:55:57.327+0000] {processor.py:157} INFO - Started process (PID=991) to work on /home/airflow/.local/lib/python3.7/site-packages/airflow/example_dags/example_bash_operator.py
[2023-05-17T23:55:57.327+0000] {processor.py:826} INFO - Processing file /home/airflow/.local/lib/python3.7/site-packages/airflow/example_dags/example_bash_operator.py for tasks to queue
[2023-05-17T23:55:57.328+0000] {logging_mixin.py:149} INFO - [2023-05-17T23:55:57.328+0000] {dagbag.py:541} INFO - Filling up the DagBag from /home/airflow/.local/lib/python3.7/site-packages/airflow/example_dags/example_bash_operator.py
[2023-05-17T23:55:57.335+0000] {processor.py:836} INFO - DAG(s) dict_keys(['example_bash_operator']) retrieved from /home/airflow/.local/lib/python3.7/site-packages/airflow/example_dags/example_bash_operator.py
[2023-05-17T23:55:57.355+0000] {logging_mixin.py:149} INFO - [2023-05-17T23:55:57.355+0000] {dag.py:2726} INFO - Sync 1 DAGs
[2023-05-17T23:55:57.369+0000] {logging_mixin.py:149} INFO - [2023-05-17T23:55:57.369+0000] {dag.py:3490} INFO - Setting next_dagrun for example_bash_operator to 2023-05-16T00:00:00+00:00, run_after=2023-05-17T00:00:00+00:00
[2023-05-17T23:55:57.381+0000] {processor.py:179} INFO - Processing /home/airflow/.local/lib/python3.7/site-packages/airflow/example_dags/example_bash_operator.py took 0.056 seconds
[2023-05-17T23:56:28.081+0000] {processor.py:157} INFO - Started process (PID=1055) to work on /home/airflow/.local/lib/python3.7/site-packages/airflow/example_dags/example_bash_operator.py
[2023-05-17T23:56:28.081+0000] {processor.py:826} INFO - Processing file /home/airflow/.local/lib/python3.7/site-packages/airflow/example_dags/example_bash_operator.py for tasks to queue
[2023-05-17T23:56:28.082+0000] {logging_mixin.py:149} INFO - [2023-05-17T23:56:28.082+0000] {dagbag.py:541} INFO - Filling up the DagBag from /home/airflow/.local/lib/python3.7/site-packages/airflow/example_dags/example_bash_operator.py
[2023-05-17T23:56:28.089+0000] {processor.py:836} INFO - DAG(s) dict_keys(['example_bash_operator']) retrieved from /home/airflow/.local/lib/python3.7/site-packages/airflow/example_dags/example_bash_operator.py
[2023-05-17T23:56:28.109+0000] {logging_mixin.py:149} INFO - [2023-05-17T23:56:28.109+0000] {dag.py:2726} INFO - Sync 1 DAGs
[2023-05-17T23:56:28.123+0000] {logging_mixin.py:149} INFO - [2023-05-17T23:56:28.123+0000] {dag.py:3490} INFO - Setting next_dagrun for example_bash_operator to 2023-05-16T00:00:00+00:00, run_after=2023-05-17T00:00:00+00:00
[2023-05-17T23:56:28.135+0000] {processor.py:179} INFO - Processing /home/airflow/.local/lib/python3.7/site-packages/airflow/example_dags/example_bash_operator.py took 0.056 seconds
[2023-05-17T23:56:58.669+0000] {processor.py:157} INFO - Started process (PID=1119) to work on /home/airflow/.local/lib/python3.7/site-packages/airflow/example_dags/example_bash_operator.py
[2023-05-17T23:56:58.671+0000] {processor.py:826} INFO - Processing file /home/airflow/.local/lib/python3.7/site-packages/airflow/example_dags/example_bash_operator.py for tasks to queue
[2023-05-17T23:56:58.671+0000] {logging_mixin.py:149} INFO - [2023-05-17T23:56:58.671+0000] {dagbag.py:541} INFO - Filling up the DagBag from /home/airflow/.local/lib/python3.7/site-packages/airflow/example_dags/example_bash_operator.py
[2023-05-17T23:56:58.680+0000] {processor.py:836} INFO - DAG(s) dict_keys(['example_bash_operator']) retrieved from /home/airflow/.local/lib/python3.7/site-packages/airflow/example_dags/example_bash_operator.py
[2023-05-17T23:56:58.701+0000] {logging_mixin.py:149} INFO - [2023-05-17T23:56:58.701+0000] {dag.py:2726} INFO - Sync 1 DAGs
[2023-05-17T23:56:58.717+0000] {logging_mixin.py:149} INFO - [2023-05-17T23:56:58.717+0000] {dag.py:3490} INFO - Setting next_dagrun for example_bash_operator to 2023-05-16T00:00:00+00:00, run_after=2023-05-17T00:00:00+00:00
[2023-05-17T23:56:58.730+0000] {processor.py:179} INFO - Processing /home/airflow/.local/lib/python3.7/site-packages/airflow/example_dags/example_bash_operator.py took 0.062 seconds
[2023-05-17T23:57:29.311+0000] {processor.py:157} INFO - Started process (PID=1183) to work on /home/airflow/.local/lib/python3.7/site-packages/airflow/example_dags/example_bash_operator.py
[2023-05-17T23:57:29.311+0000] {processor.py:826} INFO - Processing file /home/airflow/.local/lib/python3.7/site-packages/airflow/example_dags/example_bash_operator.py for tasks to queue
[2023-05-17T23:57:29.312+0000] {logging_mixin.py:149} INFO - [2023-05-17T23:57:29.312+0000] {dagbag.py:541} INFO - Filling up the DagBag from /home/airflow/.local/lib/python3.7/site-packages/airflow/example_dags/example_bash_operator.py
[2023-05-17T23:57:29.319+0000] {processor.py:836} INFO - DAG(s) dict_keys(['example_bash_operator']) retrieved from /home/airflow/.local/lib/python3.7/site-packages/airflow/example_dags/example_bash_operator.py
[2023-05-17T23:57:29.339+0000] {logging_mixin.py:149} INFO - [2023-05-17T23:57:29.339+0000] {dag.py:2726} INFO - Sync 1 DAGs
[2023-05-17T23:57:29.356+0000] {logging_mixin.py:149} INFO - [2023-05-17T23:57:29.355+0000] {dag.py:3490} INFO - Setting next_dagrun for example_bash_operator to 2023-05-16T00:00:00+00:00, run_after=2023-05-17T00:00:00+00:00
[2023-05-17T23:57:29.371+0000] {processor.py:179} INFO - Processing /home/airflow/.local/lib/python3.7/site-packages/airflow/example_dags/example_bash_operator.py took 0.062 seconds
[2023-05-17T23:57:59.892+0000] {processor.py:157} INFO - Started process (PID=1247) to work on /home/airflow/.local/lib/python3.7/site-packages/airflow/example_dags/example_bash_operator.py
[2023-05-17T23:57:59.893+0000] {processor.py:826} INFO - Processing file /home/airflow/.local/lib/python3.7/site-packages/airflow/example_dags/example_bash_operator.py for tasks to queue
[2023-05-17T23:57:59.894+0000] {logging_mixin.py:149} INFO - [2023-05-17T23:57:59.894+0000] {dagbag.py:541} INFO - Filling up the DagBag from /home/airflow/.local/lib/python3.7/site-packages/airflow/example_dags/example_bash_operator.py
[2023-05-17T23:57:59.901+0000] {processor.py:836} INFO - DAG(s) dict_keys(['example_bash_operator']) retrieved from /home/airflow/.local/lib/python3.7/site-packages/airflow/example_dags/example_bash_operator.py
[2023-05-17T23:57:59.922+0000] {logging_mixin.py:149} INFO - [2023-05-17T23:57:59.921+0000] {dag.py:2726} INFO - Sync 1 DAGs
[2023-05-17T23:57:59.935+0000] {logging_mixin.py:149} INFO - [2023-05-17T23:57:59.935+0000] {dag.py:3490} INFO - Setting next_dagrun for example_bash_operator to 2023-05-16T00:00:00+00:00, run_after=2023-05-17T00:00:00+00:00
[2023-05-17T23:57:59.947+0000] {processor.py:179} INFO - Processing /home/airflow/.local/lib/python3.7/site-packages/airflow/example_dags/example_bash_operator.py took 0.057 seconds
[2023-05-17T23:58:30.724+0000] {processor.py:157} INFO - Started process (PID=1311) to work on /home/airflow/.local/lib/python3.7/site-packages/airflow/example_dags/example_bash_operator.py
[2023-05-17T23:58:30.726+0000] {processor.py:826} INFO - Processing file /home/airflow/.local/lib/python3.7/site-packages/airflow/example_dags/example_bash_operator.py for tasks to queue
[2023-05-17T23:58:30.726+0000] {logging_mixin.py:149} INFO - [2023-05-17T23:58:30.726+0000] {dagbag.py:541} INFO - Filling up the DagBag from /home/airflow/.local/lib/python3.7/site-packages/airflow/example_dags/example_bash_operator.py
[2023-05-17T23:58:30.733+0000] {processor.py:836} INFO - DAG(s) dict_keys(['example_bash_operator']) retrieved from /home/airflow/.local/lib/python3.7/site-packages/airflow/example_dags/example_bash_operator.py
[2023-05-17T23:58:30.753+0000] {logging_mixin.py:149} INFO - [2023-05-17T23:58:30.753+0000] {dag.py:2726} INFO - Sync 1 DAGs
[2023-05-17T23:58:30.767+0000] {logging_mixin.py:149} INFO - [2023-05-17T23:58:30.767+0000] {dag.py:3490} INFO - Setting next_dagrun for example_bash_operator to 2023-05-16T00:00:00+00:00, run_after=2023-05-17T00:00:00+00:00
[2023-05-17T23:58:30.778+0000] {processor.py:179} INFO - Processing /home/airflow/.local/lib/python3.7/site-packages/airflow/example_dags/example_bash_operator.py took 0.056 seconds
[2023-05-17T23:59:01.291+0000] {processor.py:157} INFO - Started process (PID=1375) to work on /home/airflow/.local/lib/python3.7/site-packages/airflow/example_dags/example_bash_operator.py
[2023-05-17T23:59:01.292+0000] {processor.py:826} INFO - Processing file /home/airflow/.local/lib/python3.7/site-packages/airflow/example_dags/example_bash_operator.py for tasks to queue
[2023-05-17T23:59:01.293+0000] {logging_mixin.py:149} INFO - [2023-05-17T23:59:01.293+0000] {dagbag.py:541} INFO - Filling up the DagBag from /home/airflow/.local/lib/python3.7/site-packages/airflow/example_dags/example_bash_operator.py
[2023-05-17T23:59:01.301+0000] {processor.py:836} INFO - DAG(s) dict_keys(['example_bash_operator']) retrieved from /home/airflow/.local/lib/python3.7/site-packages/airflow/example_dags/example_bash_operator.py
[2023-05-17T23:59:01.321+0000] {logging_mixin.py:149} INFO - [2023-05-17T23:59:01.321+0000] {dag.py:2726} INFO - Sync 1 DAGs
[2023-05-17T23:59:01.335+0000] {logging_mixin.py:149} INFO - [2023-05-17T23:59:01.335+0000] {dag.py:3490} INFO - Setting next_dagrun for example_bash_operator to 2023-05-16T00:00:00+00:00, run_after=2023-05-17T00:00:00+00:00
[2023-05-17T23:59:01.347+0000] {processor.py:179} INFO - Processing /home/airflow/.local/lib/python3.7/site-packages/airflow/example_dags/example_bash_operator.py took 0.058 seconds
[2023-05-17T23:59:31.916+0000] {processor.py:157} INFO - Started process (PID=1439) to work on /home/airflow/.local/lib/python3.7/site-packages/airflow/example_dags/example_bash_operator.py
[2023-05-17T23:59:31.918+0000] {processor.py:826} INFO - Processing file /home/airflow/.local/lib/python3.7/site-packages/airflow/example_dags/example_bash_operator.py for tasks to queue
[2023-05-17T23:59:31.918+0000] {logging_mixin.py:149} INFO - [2023-05-17T23:59:31.918+0000] {dagbag.py:541} INFO - Filling up the DagBag from /home/airflow/.local/lib/python3.7/site-packages/airflow/example_dags/example_bash_operator.py
[2023-05-17T23:59:31.925+0000] {processor.py:836} INFO - DAG(s) dict_keys(['example_bash_operator']) retrieved from /home/airflow/.local/lib/python3.7/site-packages/airflow/example_dags/example_bash_operator.py
[2023-05-17T23:59:31.944+0000] {logging_mixin.py:149} INFO - [2023-05-17T23:59:31.944+0000] {dag.py:2726} INFO - Sync 1 DAGs
[2023-05-17T23:59:31.957+0000] {logging_mixin.py:149} INFO - [2023-05-17T23:59:31.957+0000] {dag.py:3490} INFO - Setting next_dagrun for example_bash_operator to 2023-05-16T00:00:00+00:00, run_after=2023-05-17T00:00:00+00:00
[2023-05-17T23:59:31.969+0000] {processor.py:179} INFO - Processing /home/airflow/.local/lib/python3.7/site-packages/airflow/example_dags/example_bash_operator.py took 0.054 seconds
