[2023-05-17T23:27:46.157+0000] {processor.py:157} INFO - Started process (PID=46) to work on /home/airflow/.local/lib/python3.7/site-packages/airflow/example_dags/example_nested_branch_dag.py
[2023-05-17T23:27:46.158+0000] {processor.py:826} INFO - Processing file /home/airflow/.local/lib/python3.7/site-packages/airflow/example_dags/example_nested_branch_dag.py for tasks to queue
[2023-05-17T23:27:46.158+0000] {logging_mixin.py:149} INFO - [2023-05-17T23:27:46.158+0000] {dagbag.py:541} INFO - Filling up the DagBag from /home/airflow/.local/lib/python3.7/site-packages/airflow/example_dags/example_nested_branch_dag.py
[2023-05-17T23:27:46.166+0000] {processor.py:836} INFO - DAG(s) dict_keys(['example_nested_branch_dag']) retrieved from /home/airflow/.local/lib/python3.7/site-packages/airflow/example_dags/example_nested_branch_dag.py
[2023-05-17T23:27:46.174+0000] {logging_mixin.py:149} INFO - [2023-05-17T23:27:46.174+0000] {dag.py:2726} INFO - Sync 1 DAGs
[2023-05-17T23:27:46.190+0000] {logging_mixin.py:149} INFO - [2023-05-17T23:27:46.190+0000] {dag.py:3490} INFO - Setting next_dagrun for example_nested_branch_dag to 2023-05-16T00:00:00+00:00, run_after=2023-05-17T00:00:00+00:00
[2023-05-17T23:27:46.203+0000] {processor.py:179} INFO - Processing /home/airflow/.local/lib/python3.7/site-packages/airflow/example_dags/example_nested_branch_dag.py took 0.047 seconds
[2023-05-17T23:28:16.652+0000] {processor.py:157} INFO - Started process (PID=110) to work on /home/airflow/.local/lib/python3.7/site-packages/airflow/example_dags/example_nested_branch_dag.py
[2023-05-17T23:28:16.652+0000] {processor.py:826} INFO - Processing file /home/airflow/.local/lib/python3.7/site-packages/airflow/example_dags/example_nested_branch_dag.py for tasks to queue
[2023-05-17T23:28:16.652+0000] {logging_mixin.py:149} INFO - [2023-05-17T23:28:16.652+0000] {dagbag.py:541} INFO - Filling up the DagBag from /home/airflow/.local/lib/python3.7/site-packages/airflow/example_dags/example_nested_branch_dag.py
[2023-05-17T23:28:16.658+0000] {processor.py:836} INFO - DAG(s) dict_keys(['example_nested_branch_dag']) retrieved from /home/airflow/.local/lib/python3.7/site-packages/airflow/example_dags/example_nested_branch_dag.py
[2023-05-17T23:28:16.672+0000] {logging_mixin.py:149} INFO - [2023-05-17T23:28:16.672+0000] {dag.py:2726} INFO - Sync 1 DAGs
[2023-05-17T23:28:16.686+0000] {logging_mixin.py:149} INFO - [2023-05-17T23:28:16.686+0000] {dag.py:3490} INFO - Setting next_dagrun for example_nested_branch_dag to 2023-05-16T00:00:00+00:00, run_after=2023-05-17T00:00:00+00:00
[2023-05-17T23:28:16.699+0000] {processor.py:179} INFO - Processing /home/airflow/.local/lib/python3.7/site-packages/airflow/example_dags/example_nested_branch_dag.py took 0.049 seconds
[2023-05-17T23:28:47.087+0000] {processor.py:157} INFO - Started process (PID=174) to work on /home/airflow/.local/lib/python3.7/site-packages/airflow/example_dags/example_nested_branch_dag.py
[2023-05-17T23:28:47.087+0000] {processor.py:826} INFO - Processing file /home/airflow/.local/lib/python3.7/site-packages/airflow/example_dags/example_nested_branch_dag.py for tasks to queue
[2023-05-17T23:28:47.087+0000] {logging_mixin.py:149} INFO - [2023-05-17T23:28:47.087+0000] {dagbag.py:541} INFO - Filling up the DagBag from /home/airflow/.local/lib/python3.7/site-packages/airflow/example_dags/example_nested_branch_dag.py
[2023-05-17T23:28:47.093+0000] {processor.py:836} INFO - DAG(s) dict_keys(['example_nested_branch_dag']) retrieved from /home/airflow/.local/lib/python3.7/site-packages/airflow/example_dags/example_nested_branch_dag.py
[2023-05-17T23:28:47.107+0000] {logging_mixin.py:149} INFO - [2023-05-17T23:28:47.107+0000] {dag.py:2726} INFO - Sync 1 DAGs
[2023-05-17T23:28:47.121+0000] {logging_mixin.py:149} INFO - [2023-05-17T23:28:47.120+0000] {dag.py:3490} INFO - Setting next_dagrun for example_nested_branch_dag to 2023-05-16T00:00:00+00:00, run_after=2023-05-17T00:00:00+00:00
[2023-05-17T23:28:47.132+0000] {processor.py:179} INFO - Processing /home/airflow/.local/lib/python3.7/site-packages/airflow/example_dags/example_nested_branch_dag.py took 0.047 seconds
[2023-05-17T23:29:17.551+0000] {processor.py:157} INFO - Started process (PID=238) to work on /home/airflow/.local/lib/python3.7/site-packages/airflow/example_dags/example_nested_branch_dag.py
[2023-05-17T23:29:17.562+0000] {processor.py:826} INFO - Processing file /home/airflow/.local/lib/python3.7/site-packages/airflow/example_dags/example_nested_branch_dag.py for tasks to queue
[2023-05-17T23:29:17.562+0000] {logging_mixin.py:149} INFO - [2023-05-17T23:29:17.562+0000] {dagbag.py:541} INFO - Filling up the DagBag from /home/airflow/.local/lib/python3.7/site-packages/airflow/example_dags/example_nested_branch_dag.py
[2023-05-17T23:29:17.567+0000] {processor.py:836} INFO - DAG(s) dict_keys(['example_nested_branch_dag']) retrieved from /home/airflow/.local/lib/python3.7/site-packages/airflow/example_dags/example_nested_branch_dag.py
[2023-05-17T23:29:17.581+0000] {logging_mixin.py:149} INFO - [2023-05-17T23:29:17.581+0000] {dag.py:2726} INFO - Sync 1 DAGs
[2023-05-17T23:29:17.594+0000] {logging_mixin.py:149} INFO - [2023-05-17T23:29:17.594+0000] {dag.py:3490} INFO - Setting next_dagrun for example_nested_branch_dag to 2023-05-16T00:00:00+00:00, run_after=2023-05-17T00:00:00+00:00
[2023-05-17T23:29:17.605+0000] {processor.py:179} INFO - Processing /home/airflow/.local/lib/python3.7/site-packages/airflow/example_dags/example_nested_branch_dag.py took 0.055 seconds
[2023-05-17T23:29:48.059+0000] {processor.py:157} INFO - Started process (PID=301) to work on /home/airflow/.local/lib/python3.7/site-packages/airflow/example_dags/example_nested_branch_dag.py
[2023-05-17T23:29:48.060+0000] {processor.py:826} INFO - Processing file /home/airflow/.local/lib/python3.7/site-packages/airflow/example_dags/example_nested_branch_dag.py for tasks to queue
[2023-05-17T23:29:48.060+0000] {logging_mixin.py:149} INFO - [2023-05-17T23:29:48.060+0000] {dagbag.py:541} INFO - Filling up the DagBag from /home/airflow/.local/lib/python3.7/site-packages/airflow/example_dags/example_nested_branch_dag.py
[2023-05-17T23:29:48.066+0000] {processor.py:836} INFO - DAG(s) dict_keys(['example_nested_branch_dag']) retrieved from /home/airflow/.local/lib/python3.7/site-packages/airflow/example_dags/example_nested_branch_dag.py
[2023-05-17T23:29:48.079+0000] {logging_mixin.py:149} INFO - [2023-05-17T23:29:48.079+0000] {dag.py:2726} INFO - Sync 1 DAGs
[2023-05-17T23:29:48.093+0000] {logging_mixin.py:149} INFO - [2023-05-17T23:29:48.093+0000] {dag.py:3490} INFO - Setting next_dagrun for example_nested_branch_dag to 2023-05-16T00:00:00+00:00, run_after=2023-05-17T00:00:00+00:00
[2023-05-17T23:29:48.107+0000] {processor.py:179} INFO - Processing /home/airflow/.local/lib/python3.7/site-packages/airflow/example_dags/example_nested_branch_dag.py took 0.049 seconds
[2023-05-17T23:30:31.381+0000] {processor.py:157} INFO - Started process (PID=47) to work on /home/airflow/.local/lib/python3.7/site-packages/airflow/example_dags/example_nested_branch_dag.py
[2023-05-17T23:30:31.382+0000] {processor.py:826} INFO - Processing file /home/airflow/.local/lib/python3.7/site-packages/airflow/example_dags/example_nested_branch_dag.py for tasks to queue
[2023-05-17T23:30:31.382+0000] {logging_mixin.py:149} INFO - [2023-05-17T23:30:31.382+0000] {dagbag.py:541} INFO - Filling up the DagBag from /home/airflow/.local/lib/python3.7/site-packages/airflow/example_dags/example_nested_branch_dag.py
[2023-05-17T23:30:31.389+0000] {processor.py:836} INFO - DAG(s) dict_keys(['example_nested_branch_dag']) retrieved from /home/airflow/.local/lib/python3.7/site-packages/airflow/example_dags/example_nested_branch_dag.py
[2023-05-17T23:30:31.397+0000] {logging_mixin.py:149} INFO - [2023-05-17T23:30:31.397+0000] {dag.py:2726} INFO - Sync 1 DAGs
[2023-05-17T23:30:31.412+0000] {logging_mixin.py:149} INFO - [2023-05-17T23:30:31.412+0000] {dag.py:3490} INFO - Setting next_dagrun for example_nested_branch_dag to 2023-05-16T00:00:00+00:00, run_after=2023-05-17T00:00:00+00:00
[2023-05-17T23:30:31.423+0000] {processor.py:179} INFO - Processing /home/airflow/.local/lib/python3.7/site-packages/airflow/example_dags/example_nested_branch_dag.py took 0.044 seconds
[2023-05-17T23:31:02.111+0000] {processor.py:157} INFO - Started process (PID=111) to work on /home/airflow/.local/lib/python3.7/site-packages/airflow/example_dags/example_nested_branch_dag.py
[2023-05-17T23:31:02.112+0000] {processor.py:826} INFO - Processing file /home/airflow/.local/lib/python3.7/site-packages/airflow/example_dags/example_nested_branch_dag.py for tasks to queue
[2023-05-17T23:31:02.112+0000] {logging_mixin.py:149} INFO - [2023-05-17T23:31:02.112+0000] {dagbag.py:541} INFO - Filling up the DagBag from /home/airflow/.local/lib/python3.7/site-packages/airflow/example_dags/example_nested_branch_dag.py
[2023-05-17T23:31:02.118+0000] {processor.py:836} INFO - DAG(s) dict_keys(['example_nested_branch_dag']) retrieved from /home/airflow/.local/lib/python3.7/site-packages/airflow/example_dags/example_nested_branch_dag.py
[2023-05-17T23:31:02.133+0000] {logging_mixin.py:149} INFO - [2023-05-17T23:31:02.133+0000] {dag.py:2726} INFO - Sync 1 DAGs
[2023-05-17T23:31:02.147+0000] {logging_mixin.py:149} INFO - [2023-05-17T23:31:02.147+0000] {dag.py:3490} INFO - Setting next_dagrun for example_nested_branch_dag to 2023-05-16T00:00:00+00:00, run_after=2023-05-17T00:00:00+00:00
[2023-05-17T23:31:02.159+0000] {processor.py:179} INFO - Processing /home/airflow/.local/lib/python3.7/site-packages/airflow/example_dags/example_nested_branch_dag.py took 0.050 seconds
[2023-05-17T23:31:32.649+0000] {processor.py:157} INFO - Started process (PID=175) to work on /home/airflow/.local/lib/python3.7/site-packages/airflow/example_dags/example_nested_branch_dag.py
[2023-05-17T23:31:32.650+0000] {processor.py:826} INFO - Processing file /home/airflow/.local/lib/python3.7/site-packages/airflow/example_dags/example_nested_branch_dag.py for tasks to queue
[2023-05-17T23:31:32.650+0000] {logging_mixin.py:149} INFO - [2023-05-17T23:31:32.650+0000] {dagbag.py:541} INFO - Filling up the DagBag from /home/airflow/.local/lib/python3.7/site-packages/airflow/example_dags/example_nested_branch_dag.py
[2023-05-17T23:31:32.656+0000] {processor.py:836} INFO - DAG(s) dict_keys(['example_nested_branch_dag']) retrieved from /home/airflow/.local/lib/python3.7/site-packages/airflow/example_dags/example_nested_branch_dag.py
[2023-05-17T23:31:32.671+0000] {logging_mixin.py:149} INFO - [2023-05-17T23:31:32.671+0000] {dag.py:2726} INFO - Sync 1 DAGs
[2023-05-17T23:31:32.747+0000] {logging_mixin.py:149} INFO - [2023-05-17T23:31:32.747+0000] {dag.py:3490} INFO - Setting next_dagrun for example_nested_branch_dag to 2023-05-16T00:00:00+00:00, run_after=2023-05-17T00:00:00+00:00
[2023-05-17T23:31:32.761+0000] {processor.py:179} INFO - Processing /home/airflow/.local/lib/python3.7/site-packages/airflow/example_dags/example_nested_branch_dag.py took 0.114 seconds
[2023-05-17T23:34:33.304+0000] {processor.py:157} INFO - Started process (PID=47) to work on /home/airflow/.local/lib/python3.7/site-packages/airflow/example_dags/example_nested_branch_dag.py
[2023-05-17T23:34:33.305+0000] {processor.py:826} INFO - Processing file /home/airflow/.local/lib/python3.7/site-packages/airflow/example_dags/example_nested_branch_dag.py for tasks to queue
[2023-05-17T23:34:33.305+0000] {logging_mixin.py:149} INFO - [2023-05-17T23:34:33.305+0000] {dagbag.py:541} INFO - Filling up the DagBag from /home/airflow/.local/lib/python3.7/site-packages/airflow/example_dags/example_nested_branch_dag.py
[2023-05-17T23:34:33.314+0000] {processor.py:836} INFO - DAG(s) dict_keys(['example_nested_branch_dag']) retrieved from /home/airflow/.local/lib/python3.7/site-packages/airflow/example_dags/example_nested_branch_dag.py
[2023-05-17T23:34:33.321+0000] {logging_mixin.py:149} INFO - [2023-05-17T23:34:33.321+0000] {dag.py:2726} INFO - Sync 1 DAGs
[2023-05-17T23:34:33.337+0000] {logging_mixin.py:149} INFO - [2023-05-17T23:34:33.337+0000] {dag.py:3490} INFO - Setting next_dagrun for example_nested_branch_dag to 2023-05-16T00:00:00+00:00, run_after=2023-05-17T00:00:00+00:00
[2023-05-17T23:34:33.352+0000] {processor.py:179} INFO - Processing /home/airflow/.local/lib/python3.7/site-packages/airflow/example_dags/example_nested_branch_dag.py took 0.050 seconds
[2023-05-17T23:35:04.349+0000] {processor.py:157} INFO - Started process (PID=111) to work on /home/airflow/.local/lib/python3.7/site-packages/airflow/example_dags/example_nested_branch_dag.py
[2023-05-17T23:35:04.353+0000] {processor.py:826} INFO - Processing file /home/airflow/.local/lib/python3.7/site-packages/airflow/example_dags/example_nested_branch_dag.py for tasks to queue
[2023-05-17T23:35:04.353+0000] {logging_mixin.py:149} INFO - [2023-05-17T23:35:04.353+0000] {dagbag.py:541} INFO - Filling up the DagBag from /home/airflow/.local/lib/python3.7/site-packages/airflow/example_dags/example_nested_branch_dag.py
[2023-05-17T23:35:04.358+0000] {processor.py:836} INFO - DAG(s) dict_keys(['example_nested_branch_dag']) retrieved from /home/airflow/.local/lib/python3.7/site-packages/airflow/example_dags/example_nested_branch_dag.py
[2023-05-17T23:35:04.372+0000] {logging_mixin.py:149} INFO - [2023-05-17T23:35:04.372+0000] {dag.py:2726} INFO - Sync 1 DAGs
[2023-05-17T23:35:04.386+0000] {logging_mixin.py:149} INFO - [2023-05-17T23:35:04.386+0000] {dag.py:3490} INFO - Setting next_dagrun for example_nested_branch_dag to 2023-05-16T00:00:00+00:00, run_after=2023-05-17T00:00:00+00:00
[2023-05-17T23:35:04.403+0000] {processor.py:179} INFO - Processing /home/airflow/.local/lib/python3.7/site-packages/airflow/example_dags/example_nested_branch_dag.py took 0.056 seconds
[2023-05-17T23:35:34.867+0000] {processor.py:157} INFO - Started process (PID=175) to work on /home/airflow/.local/lib/python3.7/site-packages/airflow/example_dags/example_nested_branch_dag.py
[2023-05-17T23:35:34.868+0000] {processor.py:826} INFO - Processing file /home/airflow/.local/lib/python3.7/site-packages/airflow/example_dags/example_nested_branch_dag.py for tasks to queue
[2023-05-17T23:35:34.868+0000] {logging_mixin.py:149} INFO - [2023-05-17T23:35:34.868+0000] {dagbag.py:541} INFO - Filling up the DagBag from /home/airflow/.local/lib/python3.7/site-packages/airflow/example_dags/example_nested_branch_dag.py
[2023-05-17T23:35:34.873+0000] {processor.py:836} INFO - DAG(s) dict_keys(['example_nested_branch_dag']) retrieved from /home/airflow/.local/lib/python3.7/site-packages/airflow/example_dags/example_nested_branch_dag.py
[2023-05-17T23:35:34.888+0000] {logging_mixin.py:149} INFO - [2023-05-17T23:35:34.888+0000] {dag.py:2726} INFO - Sync 1 DAGs
[2023-05-17T23:35:34.970+0000] {logging_mixin.py:149} INFO - [2023-05-17T23:35:34.970+0000] {dag.py:3490} INFO - Setting next_dagrun for example_nested_branch_dag to 2023-05-16T00:00:00+00:00, run_after=2023-05-17T00:00:00+00:00
[2023-05-17T23:35:34.981+0000] {processor.py:179} INFO - Processing /home/airflow/.local/lib/python3.7/site-packages/airflow/example_dags/example_nested_branch_dag.py took 0.116 seconds
[2023-05-17T23:36:05.414+0000] {processor.py:157} INFO - Started process (PID=239) to work on /home/airflow/.local/lib/python3.7/site-packages/airflow/example_dags/example_nested_branch_dag.py
[2023-05-17T23:36:05.418+0000] {processor.py:826} INFO - Processing file /home/airflow/.local/lib/python3.7/site-packages/airflow/example_dags/example_nested_branch_dag.py for tasks to queue
[2023-05-17T23:36:05.418+0000] {logging_mixin.py:149} INFO - [2023-05-17T23:36:05.418+0000] {dagbag.py:541} INFO - Filling up the DagBag from /home/airflow/.local/lib/python3.7/site-packages/airflow/example_dags/example_nested_branch_dag.py
[2023-05-17T23:36:05.424+0000] {processor.py:836} INFO - DAG(s) dict_keys(['example_nested_branch_dag']) retrieved from /home/airflow/.local/lib/python3.7/site-packages/airflow/example_dags/example_nested_branch_dag.py
[2023-05-17T23:36:05.437+0000] {logging_mixin.py:149} INFO - [2023-05-17T23:36:05.437+0000] {dag.py:2726} INFO - Sync 1 DAGs
[2023-05-17T23:36:05.451+0000] {logging_mixin.py:149} INFO - [2023-05-17T23:36:05.451+0000] {dag.py:3490} INFO - Setting next_dagrun for example_nested_branch_dag to 2023-05-16T00:00:00+00:00, run_after=2023-05-17T00:00:00+00:00
[2023-05-17T23:36:05.464+0000] {processor.py:179} INFO - Processing /home/airflow/.local/lib/python3.7/site-packages/airflow/example_dags/example_nested_branch_dag.py took 0.052 seconds
[2023-05-17T23:36:36.219+0000] {processor.py:157} INFO - Started process (PID=302) to work on /home/airflow/.local/lib/python3.7/site-packages/airflow/example_dags/example_nested_branch_dag.py
[2023-05-17T23:36:36.220+0000] {processor.py:826} INFO - Processing file /home/airflow/.local/lib/python3.7/site-packages/airflow/example_dags/example_nested_branch_dag.py for tasks to queue
[2023-05-17T23:36:36.220+0000] {logging_mixin.py:149} INFO - [2023-05-17T23:36:36.220+0000] {dagbag.py:541} INFO - Filling up the DagBag from /home/airflow/.local/lib/python3.7/site-packages/airflow/example_dags/example_nested_branch_dag.py
[2023-05-17T23:36:36.226+0000] {processor.py:836} INFO - DAG(s) dict_keys(['example_nested_branch_dag']) retrieved from /home/airflow/.local/lib/python3.7/site-packages/airflow/example_dags/example_nested_branch_dag.py
[2023-05-17T23:36:36.239+0000] {logging_mixin.py:149} INFO - [2023-05-17T23:36:36.239+0000] {dag.py:2726} INFO - Sync 1 DAGs
[2023-05-17T23:36:36.253+0000] {logging_mixin.py:149} INFO - [2023-05-17T23:36:36.253+0000] {dag.py:3490} INFO - Setting next_dagrun for example_nested_branch_dag to 2023-05-16T00:00:00+00:00, run_after=2023-05-17T00:00:00+00:00
[2023-05-17T23:36:36.266+0000] {processor.py:179} INFO - Processing /home/airflow/.local/lib/python3.7/site-packages/airflow/example_dags/example_nested_branch_dag.py took 0.049 seconds
[2023-05-17T23:37:06.904+0000] {processor.py:157} INFO - Started process (PID=366) to work on /home/airflow/.local/lib/python3.7/site-packages/airflow/example_dags/example_nested_branch_dag.py
[2023-05-17T23:37:06.907+0000] {processor.py:826} INFO - Processing file /home/airflow/.local/lib/python3.7/site-packages/airflow/example_dags/example_nested_branch_dag.py for tasks to queue
[2023-05-17T23:37:06.908+0000] {logging_mixin.py:149} INFO - [2023-05-17T23:37:06.908+0000] {dagbag.py:541} INFO - Filling up the DagBag from /home/airflow/.local/lib/python3.7/site-packages/airflow/example_dags/example_nested_branch_dag.py
[2023-05-17T23:37:06.914+0000] {processor.py:836} INFO - DAG(s) dict_keys(['example_nested_branch_dag']) retrieved from /home/airflow/.local/lib/python3.7/site-packages/airflow/example_dags/example_nested_branch_dag.py
[2023-05-17T23:37:06.929+0000] {logging_mixin.py:149} INFO - [2023-05-17T23:37:06.929+0000] {dag.py:2726} INFO - Sync 1 DAGs
[2023-05-17T23:37:06.945+0000] {logging_mixin.py:149} INFO - [2023-05-17T23:37:06.945+0000] {dag.py:3490} INFO - Setting next_dagrun for example_nested_branch_dag to 2023-05-16T00:00:00+00:00, run_after=2023-05-17T00:00:00+00:00
[2023-05-17T23:37:06.961+0000] {processor.py:179} INFO - Processing /home/airflow/.local/lib/python3.7/site-packages/airflow/example_dags/example_nested_branch_dag.py took 0.059 seconds
[2023-05-17T23:37:37.603+0000] {processor.py:157} INFO - Started process (PID=430) to work on /home/airflow/.local/lib/python3.7/site-packages/airflow/example_dags/example_nested_branch_dag.py
[2023-05-17T23:37:37.603+0000] {processor.py:826} INFO - Processing file /home/airflow/.local/lib/python3.7/site-packages/airflow/example_dags/example_nested_branch_dag.py for tasks to queue
[2023-05-17T23:37:37.604+0000] {logging_mixin.py:149} INFO - [2023-05-17T23:37:37.603+0000] {dagbag.py:541} INFO - Filling up the DagBag from /home/airflow/.local/lib/python3.7/site-packages/airflow/example_dags/example_nested_branch_dag.py
[2023-05-17T23:37:37.608+0000] {processor.py:836} INFO - DAG(s) dict_keys(['example_nested_branch_dag']) retrieved from /home/airflow/.local/lib/python3.7/site-packages/airflow/example_dags/example_nested_branch_dag.py
[2023-05-17T23:37:37.622+0000] {logging_mixin.py:149} INFO - [2023-05-17T23:37:37.622+0000] {dag.py:2726} INFO - Sync 1 DAGs
[2023-05-17T23:37:37.635+0000] {logging_mixin.py:149} INFO - [2023-05-17T23:37:37.635+0000] {dag.py:3490} INFO - Setting next_dagrun for example_nested_branch_dag to 2023-05-16T00:00:00+00:00, run_after=2023-05-17T00:00:00+00:00
[2023-05-17T23:37:37.649+0000] {processor.py:179} INFO - Processing /home/airflow/.local/lib/python3.7/site-packages/airflow/example_dags/example_nested_branch_dag.py took 0.049 seconds
[2023-05-17T23:38:08.248+0000] {processor.py:157} INFO - Started process (PID=494) to work on /home/airflow/.local/lib/python3.7/site-packages/airflow/example_dags/example_nested_branch_dag.py
[2023-05-17T23:38:08.252+0000] {processor.py:826} INFO - Processing file /home/airflow/.local/lib/python3.7/site-packages/airflow/example_dags/example_nested_branch_dag.py for tasks to queue
[2023-05-17T23:38:08.252+0000] {logging_mixin.py:149} INFO - [2023-05-17T23:38:08.252+0000] {dagbag.py:541} INFO - Filling up the DagBag from /home/airflow/.local/lib/python3.7/site-packages/airflow/example_dags/example_nested_branch_dag.py
[2023-05-17T23:38:08.258+0000] {processor.py:836} INFO - DAG(s) dict_keys(['example_nested_branch_dag']) retrieved from /home/airflow/.local/lib/python3.7/site-packages/airflow/example_dags/example_nested_branch_dag.py
[2023-05-17T23:38:08.273+0000] {logging_mixin.py:149} INFO - [2023-05-17T23:38:08.273+0000] {dag.py:2726} INFO - Sync 1 DAGs
[2023-05-17T23:38:08.289+0000] {logging_mixin.py:149} INFO - [2023-05-17T23:38:08.289+0000] {dag.py:3490} INFO - Setting next_dagrun for example_nested_branch_dag to 2023-05-16T00:00:00+00:00, run_after=2023-05-17T00:00:00+00:00
[2023-05-17T23:38:08.301+0000] {processor.py:179} INFO - Processing /home/airflow/.local/lib/python3.7/site-packages/airflow/example_dags/example_nested_branch_dag.py took 0.055 seconds
[2023-05-17T23:40:48.224+0000] {processor.py:157} INFO - Started process (PID=47) to work on /home/airflow/.local/lib/python3.7/site-packages/airflow/example_dags/example_nested_branch_dag.py
[2023-05-17T23:40:48.225+0000] {processor.py:826} INFO - Processing file /home/airflow/.local/lib/python3.7/site-packages/airflow/example_dags/example_nested_branch_dag.py for tasks to queue
[2023-05-17T23:40:48.226+0000] {logging_mixin.py:149} INFO - [2023-05-17T23:40:48.225+0000] {dagbag.py:541} INFO - Filling up the DagBag from /home/airflow/.local/lib/python3.7/site-packages/airflow/example_dags/example_nested_branch_dag.py
[2023-05-17T23:40:48.232+0000] {processor.py:836} INFO - DAG(s) dict_keys(['example_nested_branch_dag']) retrieved from /home/airflow/.local/lib/python3.7/site-packages/airflow/example_dags/example_nested_branch_dag.py
[2023-05-17T23:40:48.251+0000] {logging_mixin.py:149} INFO - [2023-05-17T23:40:48.251+0000] {dag.py:2726} INFO - Sync 1 DAGs
[2023-05-17T23:40:48.266+0000] {logging_mixin.py:149} INFO - [2023-05-17T23:40:48.266+0000] {dag.py:3490} INFO - Setting next_dagrun for example_nested_branch_dag to 2023-05-16T00:00:00+00:00, run_after=2023-05-17T00:00:00+00:00
[2023-05-17T23:40:48.279+0000] {processor.py:179} INFO - Processing /home/airflow/.local/lib/python3.7/site-packages/airflow/example_dags/example_nested_branch_dag.py took 0.057 seconds
[2023-05-17T23:41:19.856+0000] {processor.py:157} INFO - Started process (PID=111) to work on /home/airflow/.local/lib/python3.7/site-packages/airflow/example_dags/example_nested_branch_dag.py
[2023-05-17T23:41:19.857+0000] {processor.py:826} INFO - Processing file /home/airflow/.local/lib/python3.7/site-packages/airflow/example_dags/example_nested_branch_dag.py for tasks to queue
[2023-05-17T23:41:19.857+0000] {logging_mixin.py:149} INFO - [2023-05-17T23:41:19.857+0000] {dagbag.py:541} INFO - Filling up the DagBag from /home/airflow/.local/lib/python3.7/site-packages/airflow/example_dags/example_nested_branch_dag.py
[2023-05-17T23:41:19.865+0000] {processor.py:836} INFO - DAG(s) dict_keys(['example_nested_branch_dag']) retrieved from /home/airflow/.local/lib/python3.7/site-packages/airflow/example_dags/example_nested_branch_dag.py
[2023-05-17T23:41:19.889+0000] {logging_mixin.py:149} INFO - [2023-05-17T23:41:19.889+0000] {dag.py:2726} INFO - Sync 1 DAGs
[2023-05-17T23:41:19.910+0000] {logging_mixin.py:149} INFO - [2023-05-17T23:41:19.910+0000] {dag.py:3490} INFO - Setting next_dagrun for example_nested_branch_dag to 2023-05-16T00:00:00+00:00, run_after=2023-05-17T00:00:00+00:00
[2023-05-17T23:41:19.927+0000] {processor.py:179} INFO - Processing /home/airflow/.local/lib/python3.7/site-packages/airflow/example_dags/example_nested_branch_dag.py took 0.074 seconds
[2023-05-17T23:41:50.454+0000] {processor.py:157} INFO - Started process (PID=175) to work on /home/airflow/.local/lib/python3.7/site-packages/airflow/example_dags/example_nested_branch_dag.py
[2023-05-17T23:41:50.471+0000] {processor.py:826} INFO - Processing file /home/airflow/.local/lib/python3.7/site-packages/airflow/example_dags/example_nested_branch_dag.py for tasks to queue
[2023-05-17T23:41:50.471+0000] {logging_mixin.py:149} INFO - [2023-05-17T23:41:50.471+0000] {dagbag.py:541} INFO - Filling up the DagBag from /home/airflow/.local/lib/python3.7/site-packages/airflow/example_dags/example_nested_branch_dag.py
[2023-05-17T23:41:50.476+0000] {processor.py:836} INFO - DAG(s) dict_keys(['example_nested_branch_dag']) retrieved from /home/airflow/.local/lib/python3.7/site-packages/airflow/example_dags/example_nested_branch_dag.py
[2023-05-17T23:41:50.492+0000] {logging_mixin.py:149} INFO - [2023-05-17T23:41:50.491+0000] {dag.py:2726} INFO - Sync 1 DAGs
[2023-05-17T23:41:50.578+0000] {logging_mixin.py:149} INFO - [2023-05-17T23:41:50.578+0000] {dag.py:3490} INFO - Setting next_dagrun for example_nested_branch_dag to 2023-05-16T00:00:00+00:00, run_after=2023-05-17T00:00:00+00:00
[2023-05-17T23:41:50.771+0000] {processor.py:179} INFO - Processing /home/airflow/.local/lib/python3.7/site-packages/airflow/example_dags/example_nested_branch_dag.py took 0.319 seconds
[2023-05-17T23:42:21.665+0000] {processor.py:157} INFO - Started process (PID=239) to work on /home/airflow/.local/lib/python3.7/site-packages/airflow/example_dags/example_nested_branch_dag.py
[2023-05-17T23:42:21.666+0000] {processor.py:826} INFO - Processing file /home/airflow/.local/lib/python3.7/site-packages/airflow/example_dags/example_nested_branch_dag.py for tasks to queue
[2023-05-17T23:42:21.667+0000] {logging_mixin.py:149} INFO - [2023-05-17T23:42:21.667+0000] {dagbag.py:541} INFO - Filling up the DagBag from /home/airflow/.local/lib/python3.7/site-packages/airflow/example_dags/example_nested_branch_dag.py
[2023-05-17T23:42:21.674+0000] {processor.py:836} INFO - DAG(s) dict_keys(['example_nested_branch_dag']) retrieved from /home/airflow/.local/lib/python3.7/site-packages/airflow/example_dags/example_nested_branch_dag.py
[2023-05-17T23:42:21.683+0000] {logging_mixin.py:149} INFO - [2023-05-17T23:42:21.683+0000] {dag.py:2726} INFO - Sync 1 DAGs
[2023-05-17T23:42:21.699+0000] {logging_mixin.py:149} INFO - [2023-05-17T23:42:21.699+0000] {dag.py:3490} INFO - Setting next_dagrun for example_nested_branch_dag to 2023-05-16T00:00:00+00:00, run_after=2023-05-17T00:00:00+00:00
[2023-05-17T23:42:21.713+0000] {processor.py:179} INFO - Processing /home/airflow/.local/lib/python3.7/site-packages/airflow/example_dags/example_nested_branch_dag.py took 0.050 seconds
[2023-05-17T23:42:52.253+0000] {processor.py:157} INFO - Started process (PID=303) to work on /home/airflow/.local/lib/python3.7/site-packages/airflow/example_dags/example_nested_branch_dag.py
[2023-05-17T23:42:52.256+0000] {processor.py:826} INFO - Processing file /home/airflow/.local/lib/python3.7/site-packages/airflow/example_dags/example_nested_branch_dag.py for tasks to queue
[2023-05-17T23:42:52.256+0000] {logging_mixin.py:149} INFO - [2023-05-17T23:42:52.256+0000] {dagbag.py:541} INFO - Filling up the DagBag from /home/airflow/.local/lib/python3.7/site-packages/airflow/example_dags/example_nested_branch_dag.py
[2023-05-17T23:42:52.263+0000] {processor.py:836} INFO - DAG(s) dict_keys(['example_nested_branch_dag']) retrieved from /home/airflow/.local/lib/python3.7/site-packages/airflow/example_dags/example_nested_branch_dag.py
[2023-05-17T23:42:52.281+0000] {logging_mixin.py:149} INFO - [2023-05-17T23:42:52.280+0000] {dag.py:2726} INFO - Sync 1 DAGs
[2023-05-17T23:42:52.295+0000] {logging_mixin.py:149} INFO - [2023-05-17T23:42:52.295+0000] {dag.py:3490} INFO - Setting next_dagrun for example_nested_branch_dag to 2023-05-16T00:00:00+00:00, run_after=2023-05-17T00:00:00+00:00
[2023-05-17T23:42:52.306+0000] {processor.py:179} INFO - Processing /home/airflow/.local/lib/python3.7/site-packages/airflow/example_dags/example_nested_branch_dag.py took 0.055 seconds
[2023-05-17T23:43:22.855+0000] {processor.py:157} INFO - Started process (PID=367) to work on /home/airflow/.local/lib/python3.7/site-packages/airflow/example_dags/example_nested_branch_dag.py
[2023-05-17T23:43:22.857+0000] {processor.py:826} INFO - Processing file /home/airflow/.local/lib/python3.7/site-packages/airflow/example_dags/example_nested_branch_dag.py for tasks to queue
[2023-05-17T23:43:22.858+0000] {logging_mixin.py:149} INFO - [2023-05-17T23:43:22.858+0000] {dagbag.py:541} INFO - Filling up the DagBag from /home/airflow/.local/lib/python3.7/site-packages/airflow/example_dags/example_nested_branch_dag.py
[2023-05-17T23:43:22.863+0000] {processor.py:836} INFO - DAG(s) dict_keys(['example_nested_branch_dag']) retrieved from /home/airflow/.local/lib/python3.7/site-packages/airflow/example_dags/example_nested_branch_dag.py
[2023-05-17T23:43:22.877+0000] {logging_mixin.py:149} INFO - [2023-05-17T23:43:22.877+0000] {dag.py:2726} INFO - Sync 1 DAGs
[2023-05-17T23:43:22.892+0000] {logging_mixin.py:149} INFO - [2023-05-17T23:43:22.892+0000] {dag.py:3490} INFO - Setting next_dagrun for example_nested_branch_dag to 2023-05-16T00:00:00+00:00, run_after=2023-05-17T00:00:00+00:00
[2023-05-17T23:43:22.905+0000] {processor.py:179} INFO - Processing /home/airflow/.local/lib/python3.7/site-packages/airflow/example_dags/example_nested_branch_dag.py took 0.052 seconds
[2023-05-17T23:43:53.372+0000] {processor.py:157} INFO - Started process (PID=431) to work on /home/airflow/.local/lib/python3.7/site-packages/airflow/example_dags/example_nested_branch_dag.py
[2023-05-17T23:43:53.373+0000] {processor.py:826} INFO - Processing file /home/airflow/.local/lib/python3.7/site-packages/airflow/example_dags/example_nested_branch_dag.py for tasks to queue
[2023-05-17T23:43:53.374+0000] {logging_mixin.py:149} INFO - [2023-05-17T23:43:53.374+0000] {dagbag.py:541} INFO - Filling up the DagBag from /home/airflow/.local/lib/python3.7/site-packages/airflow/example_dags/example_nested_branch_dag.py
[2023-05-17T23:43:53.379+0000] {processor.py:836} INFO - DAG(s) dict_keys(['example_nested_branch_dag']) retrieved from /home/airflow/.local/lib/python3.7/site-packages/airflow/example_dags/example_nested_branch_dag.py
[2023-05-17T23:43:53.393+0000] {logging_mixin.py:149} INFO - [2023-05-17T23:43:53.393+0000] {dag.py:2726} INFO - Sync 1 DAGs
[2023-05-17T23:43:53.407+0000] {logging_mixin.py:149} INFO - [2023-05-17T23:43:53.407+0000] {dag.py:3490} INFO - Setting next_dagrun for example_nested_branch_dag to 2023-05-16T00:00:00+00:00, run_after=2023-05-17T00:00:00+00:00
[2023-05-17T23:43:53.420+0000] {processor.py:179} INFO - Processing /home/airflow/.local/lib/python3.7/site-packages/airflow/example_dags/example_nested_branch_dag.py took 0.050 seconds
[2023-05-17T23:44:24.107+0000] {processor.py:157} INFO - Started process (PID=495) to work on /home/airflow/.local/lib/python3.7/site-packages/airflow/example_dags/example_nested_branch_dag.py
[2023-05-17T23:44:24.112+0000] {processor.py:826} INFO - Processing file /home/airflow/.local/lib/python3.7/site-packages/airflow/example_dags/example_nested_branch_dag.py for tasks to queue
[2023-05-17T23:44:24.112+0000] {logging_mixin.py:149} INFO - [2023-05-17T23:44:24.112+0000] {dagbag.py:541} INFO - Filling up the DagBag from /home/airflow/.local/lib/python3.7/site-packages/airflow/example_dags/example_nested_branch_dag.py
[2023-05-17T23:44:24.119+0000] {processor.py:836} INFO - DAG(s) dict_keys(['example_nested_branch_dag']) retrieved from /home/airflow/.local/lib/python3.7/site-packages/airflow/example_dags/example_nested_branch_dag.py
[2023-05-17T23:44:24.134+0000] {logging_mixin.py:149} INFO - [2023-05-17T23:44:24.134+0000] {dag.py:2726} INFO - Sync 1 DAGs
[2023-05-17T23:44:24.153+0000] {logging_mixin.py:149} INFO - [2023-05-17T23:44:24.153+0000] {dag.py:3490} INFO - Setting next_dagrun for example_nested_branch_dag to 2023-05-16T00:00:00+00:00, run_after=2023-05-17T00:00:00+00:00
[2023-05-17T23:44:24.170+0000] {processor.py:179} INFO - Processing /home/airflow/.local/lib/python3.7/site-packages/airflow/example_dags/example_nested_branch_dag.py took 0.064 seconds
[2023-05-17T23:44:54.714+0000] {processor.py:157} INFO - Started process (PID=559) to work on /home/airflow/.local/lib/python3.7/site-packages/airflow/example_dags/example_nested_branch_dag.py
[2023-05-17T23:44:54.718+0000] {processor.py:826} INFO - Processing file /home/airflow/.local/lib/python3.7/site-packages/airflow/example_dags/example_nested_branch_dag.py for tasks to queue
[2023-05-17T23:44:54.719+0000] {logging_mixin.py:149} INFO - [2023-05-17T23:44:54.719+0000] {dagbag.py:541} INFO - Filling up the DagBag from /home/airflow/.local/lib/python3.7/site-packages/airflow/example_dags/example_nested_branch_dag.py
[2023-05-17T23:44:54.724+0000] {processor.py:836} INFO - DAG(s) dict_keys(['example_nested_branch_dag']) retrieved from /home/airflow/.local/lib/python3.7/site-packages/airflow/example_dags/example_nested_branch_dag.py
[2023-05-17T23:44:54.740+0000] {logging_mixin.py:149} INFO - [2023-05-17T23:44:54.740+0000] {dag.py:2726} INFO - Sync 1 DAGs
[2023-05-17T23:44:54.754+0000] {logging_mixin.py:149} INFO - [2023-05-17T23:44:54.754+0000] {dag.py:3490} INFO - Setting next_dagrun for example_nested_branch_dag to 2023-05-16T00:00:00+00:00, run_after=2023-05-17T00:00:00+00:00
[2023-05-17T23:44:54.765+0000] {processor.py:179} INFO - Processing /home/airflow/.local/lib/python3.7/site-packages/airflow/example_dags/example_nested_branch_dag.py took 0.052 seconds
[2023-05-17T23:45:25.316+0000] {processor.py:157} INFO - Started process (PID=623) to work on /home/airflow/.local/lib/python3.7/site-packages/airflow/example_dags/example_nested_branch_dag.py
[2023-05-17T23:45:25.317+0000] {processor.py:826} INFO - Processing file /home/airflow/.local/lib/python3.7/site-packages/airflow/example_dags/example_nested_branch_dag.py for tasks to queue
[2023-05-17T23:45:25.317+0000] {logging_mixin.py:149} INFO - [2023-05-17T23:45:25.317+0000] {dagbag.py:541} INFO - Filling up the DagBag from /home/airflow/.local/lib/python3.7/site-packages/airflow/example_dags/example_nested_branch_dag.py
[2023-05-17T23:45:25.324+0000] {processor.py:836} INFO - DAG(s) dict_keys(['example_nested_branch_dag']) retrieved from /home/airflow/.local/lib/python3.7/site-packages/airflow/example_dags/example_nested_branch_dag.py
[2023-05-17T23:45:25.340+0000] {logging_mixin.py:149} INFO - [2023-05-17T23:45:25.340+0000] {dag.py:2726} INFO - Sync 1 DAGs
[2023-05-17T23:45:25.354+0000] {logging_mixin.py:149} INFO - [2023-05-17T23:45:25.354+0000] {dag.py:3490} INFO - Setting next_dagrun for example_nested_branch_dag to 2023-05-16T00:00:00+00:00, run_after=2023-05-17T00:00:00+00:00
[2023-05-17T23:45:25.366+0000] {processor.py:179} INFO - Processing /home/airflow/.local/lib/python3.7/site-packages/airflow/example_dags/example_nested_branch_dag.py took 0.051 seconds
[2023-05-17T23:45:56.116+0000] {processor.py:157} INFO - Started process (PID=687) to work on /home/airflow/.local/lib/python3.7/site-packages/airflow/example_dags/example_nested_branch_dag.py
[2023-05-17T23:45:56.118+0000] {processor.py:826} INFO - Processing file /home/airflow/.local/lib/python3.7/site-packages/airflow/example_dags/example_nested_branch_dag.py for tasks to queue
[2023-05-17T23:45:56.118+0000] {logging_mixin.py:149} INFO - [2023-05-17T23:45:56.118+0000] {dagbag.py:541} INFO - Filling up the DagBag from /home/airflow/.local/lib/python3.7/site-packages/airflow/example_dags/example_nested_branch_dag.py
[2023-05-17T23:45:56.123+0000] {processor.py:836} INFO - DAG(s) dict_keys(['example_nested_branch_dag']) retrieved from /home/airflow/.local/lib/python3.7/site-packages/airflow/example_dags/example_nested_branch_dag.py
[2023-05-17T23:45:56.137+0000] {logging_mixin.py:149} INFO - [2023-05-17T23:45:56.137+0000] {dag.py:2726} INFO - Sync 1 DAGs
[2023-05-17T23:45:56.151+0000] {logging_mixin.py:149} INFO - [2023-05-17T23:45:56.151+0000] {dag.py:3490} INFO - Setting next_dagrun for example_nested_branch_dag to 2023-05-16T00:00:00+00:00, run_after=2023-05-17T00:00:00+00:00
[2023-05-17T23:45:56.163+0000] {processor.py:179} INFO - Processing /home/airflow/.local/lib/python3.7/site-packages/airflow/example_dags/example_nested_branch_dag.py took 0.049 seconds
[2023-05-17T23:46:26.715+0000] {processor.py:157} INFO - Started process (PID=751) to work on /home/airflow/.local/lib/python3.7/site-packages/airflow/example_dags/example_nested_branch_dag.py
[2023-05-17T23:46:26.717+0000] {processor.py:826} INFO - Processing file /home/airflow/.local/lib/python3.7/site-packages/airflow/example_dags/example_nested_branch_dag.py for tasks to queue
[2023-05-17T23:46:26.718+0000] {logging_mixin.py:149} INFO - [2023-05-17T23:46:26.718+0000] {dagbag.py:541} INFO - Filling up the DagBag from /home/airflow/.local/lib/python3.7/site-packages/airflow/example_dags/example_nested_branch_dag.py
[2023-05-17T23:46:26.722+0000] {processor.py:836} INFO - DAG(s) dict_keys(['example_nested_branch_dag']) retrieved from /home/airflow/.local/lib/python3.7/site-packages/airflow/example_dags/example_nested_branch_dag.py
[2023-05-17T23:46:26.737+0000] {logging_mixin.py:149} INFO - [2023-05-17T23:46:26.737+0000] {dag.py:2726} INFO - Sync 1 DAGs
[2023-05-17T23:46:26.751+0000] {logging_mixin.py:149} INFO - [2023-05-17T23:46:26.751+0000] {dag.py:3490} INFO - Setting next_dagrun for example_nested_branch_dag to 2023-05-16T00:00:00+00:00, run_after=2023-05-17T00:00:00+00:00
[2023-05-17T23:46:26.762+0000] {processor.py:179} INFO - Processing /home/airflow/.local/lib/python3.7/site-packages/airflow/example_dags/example_nested_branch_dag.py took 0.049 seconds
[2023-05-17T23:46:57.242+0000] {processor.py:157} INFO - Started process (PID=815) to work on /home/airflow/.local/lib/python3.7/site-packages/airflow/example_dags/example_nested_branch_dag.py
[2023-05-17T23:46:57.243+0000] {processor.py:826} INFO - Processing file /home/airflow/.local/lib/python3.7/site-packages/airflow/example_dags/example_nested_branch_dag.py for tasks to queue
[2023-05-17T23:46:57.244+0000] {logging_mixin.py:149} INFO - [2023-05-17T23:46:57.244+0000] {dagbag.py:541} INFO - Filling up the DagBag from /home/airflow/.local/lib/python3.7/site-packages/airflow/example_dags/example_nested_branch_dag.py
[2023-05-17T23:46:57.249+0000] {processor.py:836} INFO - DAG(s) dict_keys(['example_nested_branch_dag']) retrieved from /home/airflow/.local/lib/python3.7/site-packages/airflow/example_dags/example_nested_branch_dag.py
[2023-05-17T23:46:57.263+0000] {logging_mixin.py:149} INFO - [2023-05-17T23:46:57.263+0000] {dag.py:2726} INFO - Sync 1 DAGs
[2023-05-17T23:46:57.278+0000] {logging_mixin.py:149} INFO - [2023-05-17T23:46:57.278+0000] {dag.py:3490} INFO - Setting next_dagrun for example_nested_branch_dag to 2023-05-16T00:00:00+00:00, run_after=2023-05-17T00:00:00+00:00
[2023-05-17T23:46:57.289+0000] {processor.py:179} INFO - Processing /home/airflow/.local/lib/python3.7/site-packages/airflow/example_dags/example_nested_branch_dag.py took 0.049 seconds
[2023-05-17T23:48:20.813+0000] {processor.py:157} INFO - Started process (PID=47) to work on /home/airflow/.local/lib/python3.7/site-packages/airflow/example_dags/example_nested_branch_dag.py
[2023-05-17T23:48:20.814+0000] {processor.py:826} INFO - Processing file /home/airflow/.local/lib/python3.7/site-packages/airflow/example_dags/example_nested_branch_dag.py for tasks to queue
[2023-05-17T23:48:20.814+0000] {logging_mixin.py:149} INFO - [2023-05-17T23:48:20.814+0000] {dagbag.py:541} INFO - Filling up the DagBag from /home/airflow/.local/lib/python3.7/site-packages/airflow/example_dags/example_nested_branch_dag.py
[2023-05-17T23:48:20.821+0000] {processor.py:836} INFO - DAG(s) dict_keys(['example_nested_branch_dag']) retrieved from /home/airflow/.local/lib/python3.7/site-packages/airflow/example_dags/example_nested_branch_dag.py
[2023-05-17T23:48:20.830+0000] {logging_mixin.py:149} INFO - [2023-05-17T23:48:20.829+0000] {dag.py:2726} INFO - Sync 1 DAGs
[2023-05-17T23:48:20.845+0000] {logging_mixin.py:149} INFO - [2023-05-17T23:48:20.845+0000] {dag.py:3490} INFO - Setting next_dagrun for example_nested_branch_dag to 2023-05-16T00:00:00+00:00, run_after=2023-05-17T00:00:00+00:00
[2023-05-17T23:48:20.856+0000] {processor.py:179} INFO - Processing /home/airflow/.local/lib/python3.7/site-packages/airflow/example_dags/example_nested_branch_dag.py took 0.046 seconds
[2023-05-17T23:48:51.936+0000] {processor.py:157} INFO - Started process (PID=111) to work on /home/airflow/.local/lib/python3.7/site-packages/airflow/example_dags/example_nested_branch_dag.py
[2023-05-17T23:48:51.937+0000] {processor.py:826} INFO - Processing file /home/airflow/.local/lib/python3.7/site-packages/airflow/example_dags/example_nested_branch_dag.py for tasks to queue
[2023-05-17T23:48:51.937+0000] {logging_mixin.py:149} INFO - [2023-05-17T23:48:51.937+0000] {dagbag.py:541} INFO - Filling up the DagBag from /home/airflow/.local/lib/python3.7/site-packages/airflow/example_dags/example_nested_branch_dag.py
[2023-05-17T23:48:51.943+0000] {processor.py:836} INFO - DAG(s) dict_keys(['example_nested_branch_dag']) retrieved from /home/airflow/.local/lib/python3.7/site-packages/airflow/example_dags/example_nested_branch_dag.py
[2023-05-17T23:48:51.963+0000] {logging_mixin.py:149} INFO - [2023-05-17T23:48:51.963+0000] {dag.py:2726} INFO - Sync 1 DAGs
[2023-05-17T23:48:51.980+0000] {logging_mixin.py:149} INFO - [2023-05-17T23:48:51.979+0000] {dag.py:3490} INFO - Setting next_dagrun for example_nested_branch_dag to 2023-05-16T00:00:00+00:00, run_after=2023-05-17T00:00:00+00:00
[2023-05-17T23:48:51.992+0000] {processor.py:179} INFO - Processing /home/airflow/.local/lib/python3.7/site-packages/airflow/example_dags/example_nested_branch_dag.py took 0.059 seconds
[2023-05-17T23:49:22.591+0000] {processor.py:157} INFO - Started process (PID=175) to work on /home/airflow/.local/lib/python3.7/site-packages/airflow/example_dags/example_nested_branch_dag.py
[2023-05-17T23:49:22.592+0000] {processor.py:826} INFO - Processing file /home/airflow/.local/lib/python3.7/site-packages/airflow/example_dags/example_nested_branch_dag.py for tasks to queue
[2023-05-17T23:49:22.592+0000] {logging_mixin.py:149} INFO - [2023-05-17T23:49:22.592+0000] {dagbag.py:541} INFO - Filling up the DagBag from /home/airflow/.local/lib/python3.7/site-packages/airflow/example_dags/example_nested_branch_dag.py
[2023-05-17T23:49:22.598+0000] {processor.py:836} INFO - DAG(s) dict_keys(['example_nested_branch_dag']) retrieved from /home/airflow/.local/lib/python3.7/site-packages/airflow/example_dags/example_nested_branch_dag.py
[2023-05-17T23:49:22.614+0000] {logging_mixin.py:149} INFO - [2023-05-17T23:49:22.614+0000] {dag.py:2726} INFO - Sync 1 DAGs
[2023-05-17T23:49:22.713+0000] {logging_mixin.py:149} INFO - [2023-05-17T23:49:22.713+0000] {dag.py:3490} INFO - Setting next_dagrun for example_nested_branch_dag to 2023-05-16T00:00:00+00:00, run_after=2023-05-17T00:00:00+00:00
[2023-05-17T23:49:22.732+0000] {processor.py:179} INFO - Processing /home/airflow/.local/lib/python3.7/site-packages/airflow/example_dags/example_nested_branch_dag.py took 0.143 seconds
[2023-05-17T23:49:53.463+0000] {processor.py:157} INFO - Started process (PID=239) to work on /home/airflow/.local/lib/python3.7/site-packages/airflow/example_dags/example_nested_branch_dag.py
[2023-05-17T23:49:53.472+0000] {processor.py:826} INFO - Processing file /home/airflow/.local/lib/python3.7/site-packages/airflow/example_dags/example_nested_branch_dag.py for tasks to queue
[2023-05-17T23:49:53.472+0000] {logging_mixin.py:149} INFO - [2023-05-17T23:49:53.472+0000] {dagbag.py:541} INFO - Filling up the DagBag from /home/airflow/.local/lib/python3.7/site-packages/airflow/example_dags/example_nested_branch_dag.py
[2023-05-17T23:49:53.477+0000] {processor.py:836} INFO - DAG(s) dict_keys(['example_nested_branch_dag']) retrieved from /home/airflow/.local/lib/python3.7/site-packages/airflow/example_dags/example_nested_branch_dag.py
[2023-05-17T23:49:53.492+0000] {logging_mixin.py:149} INFO - [2023-05-17T23:49:53.492+0000] {dag.py:2726} INFO - Sync 1 DAGs
[2023-05-17T23:49:53.505+0000] {logging_mixin.py:149} INFO - [2023-05-17T23:49:53.505+0000] {dag.py:3490} INFO - Setting next_dagrun for example_nested_branch_dag to 2023-05-16T00:00:00+00:00, run_after=2023-05-17T00:00:00+00:00
[2023-05-17T23:49:53.517+0000] {processor.py:179} INFO - Processing /home/airflow/.local/lib/python3.7/site-packages/airflow/example_dags/example_nested_branch_dag.py took 0.056 seconds
[2023-05-17T23:50:24.274+0000] {processor.py:157} INFO - Started process (PID=303) to work on /home/airflow/.local/lib/python3.7/site-packages/airflow/example_dags/example_nested_branch_dag.py
[2023-05-17T23:50:24.283+0000] {processor.py:826} INFO - Processing file /home/airflow/.local/lib/python3.7/site-packages/airflow/example_dags/example_nested_branch_dag.py for tasks to queue
[2023-05-17T23:50:24.283+0000] {logging_mixin.py:149} INFO - [2023-05-17T23:50:24.283+0000] {dagbag.py:541} INFO - Filling up the DagBag from /home/airflow/.local/lib/python3.7/site-packages/airflow/example_dags/example_nested_branch_dag.py
[2023-05-17T23:50:24.289+0000] {processor.py:836} INFO - DAG(s) dict_keys(['example_nested_branch_dag']) retrieved from /home/airflow/.local/lib/python3.7/site-packages/airflow/example_dags/example_nested_branch_dag.py
[2023-05-17T23:50:24.303+0000] {logging_mixin.py:149} INFO - [2023-05-17T23:50:24.303+0000] {dag.py:2726} INFO - Sync 1 DAGs
[2023-05-17T23:50:24.316+0000] {logging_mixin.py:149} INFO - [2023-05-17T23:50:24.316+0000] {dag.py:3490} INFO - Setting next_dagrun for example_nested_branch_dag to 2023-05-16T00:00:00+00:00, run_after=2023-05-17T00:00:00+00:00
[2023-05-17T23:50:24.327+0000] {processor.py:179} INFO - Processing /home/airflow/.local/lib/python3.7/site-packages/airflow/example_dags/example_nested_branch_dag.py took 0.055 seconds
[2023-05-17T23:50:54.838+0000] {processor.py:157} INFO - Started process (PID=367) to work on /home/airflow/.local/lib/python3.7/site-packages/airflow/example_dags/example_nested_branch_dag.py
[2023-05-17T23:50:54.846+0000] {processor.py:826} INFO - Processing file /home/airflow/.local/lib/python3.7/site-packages/airflow/example_dags/example_nested_branch_dag.py for tasks to queue
[2023-05-17T23:50:54.846+0000] {logging_mixin.py:149} INFO - [2023-05-17T23:50:54.846+0000] {dagbag.py:541} INFO - Filling up the DagBag from /home/airflow/.local/lib/python3.7/site-packages/airflow/example_dags/example_nested_branch_dag.py
[2023-05-17T23:50:54.852+0000] {processor.py:836} INFO - DAG(s) dict_keys(['example_nested_branch_dag']) retrieved from /home/airflow/.local/lib/python3.7/site-packages/airflow/example_dags/example_nested_branch_dag.py
[2023-05-17T23:50:54.867+0000] {logging_mixin.py:149} INFO - [2023-05-17T23:50:54.867+0000] {dag.py:2726} INFO - Sync 1 DAGs
[2023-05-17T23:50:54.881+0000] {logging_mixin.py:149} INFO - [2023-05-17T23:50:54.881+0000] {dag.py:3490} INFO - Setting next_dagrun for example_nested_branch_dag to 2023-05-16T00:00:00+00:00, run_after=2023-05-17T00:00:00+00:00
[2023-05-17T23:50:54.892+0000] {processor.py:179} INFO - Processing /home/airflow/.local/lib/python3.7/site-packages/airflow/example_dags/example_nested_branch_dag.py took 0.056 seconds
[2023-05-17T23:51:25.425+0000] {processor.py:157} INFO - Started process (PID=431) to work on /home/airflow/.local/lib/python3.7/site-packages/airflow/example_dags/example_nested_branch_dag.py
[2023-05-17T23:51:25.436+0000] {processor.py:826} INFO - Processing file /home/airflow/.local/lib/python3.7/site-packages/airflow/example_dags/example_nested_branch_dag.py for tasks to queue
[2023-05-17T23:51:25.436+0000] {logging_mixin.py:149} INFO - [2023-05-17T23:51:25.436+0000] {dagbag.py:541} INFO - Filling up the DagBag from /home/airflow/.local/lib/python3.7/site-packages/airflow/example_dags/example_nested_branch_dag.py
[2023-05-17T23:51:25.441+0000] {processor.py:836} INFO - DAG(s) dict_keys(['example_nested_branch_dag']) retrieved from /home/airflow/.local/lib/python3.7/site-packages/airflow/example_dags/example_nested_branch_dag.py
[2023-05-17T23:51:25.455+0000] {logging_mixin.py:149} INFO - [2023-05-17T23:51:25.455+0000] {dag.py:2726} INFO - Sync 1 DAGs
[2023-05-17T23:51:25.469+0000] {logging_mixin.py:149} INFO - [2023-05-17T23:51:25.469+0000] {dag.py:3490} INFO - Setting next_dagrun for example_nested_branch_dag to 2023-05-16T00:00:00+00:00, run_after=2023-05-17T00:00:00+00:00
[2023-05-17T23:51:25.479+0000] {processor.py:179} INFO - Processing /home/airflow/.local/lib/python3.7/site-packages/airflow/example_dags/example_nested_branch_dag.py took 0.056 seconds
[2023-05-17T23:51:56.071+0000] {processor.py:157} INFO - Started process (PID=495) to work on /home/airflow/.local/lib/python3.7/site-packages/airflow/example_dags/example_nested_branch_dag.py
[2023-05-17T23:51:56.072+0000] {processor.py:826} INFO - Processing file /home/airflow/.local/lib/python3.7/site-packages/airflow/example_dags/example_nested_branch_dag.py for tasks to queue
[2023-05-17T23:51:56.073+0000] {logging_mixin.py:149} INFO - [2023-05-17T23:51:56.073+0000] {dagbag.py:541} INFO - Filling up the DagBag from /home/airflow/.local/lib/python3.7/site-packages/airflow/example_dags/example_nested_branch_dag.py
[2023-05-17T23:51:56.080+0000] {processor.py:836} INFO - DAG(s) dict_keys(['example_nested_branch_dag']) retrieved from /home/airflow/.local/lib/python3.7/site-packages/airflow/example_dags/example_nested_branch_dag.py
[2023-05-17T23:51:56.098+0000] {logging_mixin.py:149} INFO - [2023-05-17T23:51:56.097+0000] {dag.py:2726} INFO - Sync 1 DAGs
[2023-05-17T23:51:56.116+0000] {logging_mixin.py:149} INFO - [2023-05-17T23:51:56.116+0000] {dag.py:3490} INFO - Setting next_dagrun for example_nested_branch_dag to 2023-05-16T00:00:00+00:00, run_after=2023-05-17T00:00:00+00:00
[2023-05-17T23:51:56.129+0000] {processor.py:179} INFO - Processing /home/airflow/.local/lib/python3.7/site-packages/airflow/example_dags/example_nested_branch_dag.py took 0.059 seconds
[2023-05-17T23:52:26.802+0000] {processor.py:157} INFO - Started process (PID=559) to work on /home/airflow/.local/lib/python3.7/site-packages/airflow/example_dags/example_nested_branch_dag.py
[2023-05-17T23:52:26.811+0000] {processor.py:826} INFO - Processing file /home/airflow/.local/lib/python3.7/site-packages/airflow/example_dags/example_nested_branch_dag.py for tasks to queue
[2023-05-17T23:52:26.811+0000] {logging_mixin.py:149} INFO - [2023-05-17T23:52:26.811+0000] {dagbag.py:541} INFO - Filling up the DagBag from /home/airflow/.local/lib/python3.7/site-packages/airflow/example_dags/example_nested_branch_dag.py
[2023-05-17T23:52:26.817+0000] {processor.py:836} INFO - DAG(s) dict_keys(['example_nested_branch_dag']) retrieved from /home/airflow/.local/lib/python3.7/site-packages/airflow/example_dags/example_nested_branch_dag.py
[2023-05-17T23:52:26.835+0000] {logging_mixin.py:149} INFO - [2023-05-17T23:52:26.835+0000] {dag.py:2726} INFO - Sync 1 DAGs
[2023-05-17T23:52:26.850+0000] {logging_mixin.py:149} INFO - [2023-05-17T23:52:26.850+0000] {dag.py:3490} INFO - Setting next_dagrun for example_nested_branch_dag to 2023-05-16T00:00:00+00:00, run_after=2023-05-17T00:00:00+00:00
[2023-05-17T23:52:26.862+0000] {processor.py:179} INFO - Processing /home/airflow/.local/lib/python3.7/site-packages/airflow/example_dags/example_nested_branch_dag.py took 0.062 seconds
[2023-05-17T23:52:57.481+0000] {processor.py:157} INFO - Started process (PID=623) to work on /home/airflow/.local/lib/python3.7/site-packages/airflow/example_dags/example_nested_branch_dag.py
[2023-05-17T23:52:57.491+0000] {processor.py:826} INFO - Processing file /home/airflow/.local/lib/python3.7/site-packages/airflow/example_dags/example_nested_branch_dag.py for tasks to queue
[2023-05-17T23:52:57.492+0000] {logging_mixin.py:149} INFO - [2023-05-17T23:52:57.492+0000] {dagbag.py:541} INFO - Filling up the DagBag from /home/airflow/.local/lib/python3.7/site-packages/airflow/example_dags/example_nested_branch_dag.py
[2023-05-17T23:52:57.498+0000] {processor.py:836} INFO - DAG(s) dict_keys(['example_nested_branch_dag']) retrieved from /home/airflow/.local/lib/python3.7/site-packages/airflow/example_dags/example_nested_branch_dag.py
[2023-05-17T23:52:57.513+0000] {logging_mixin.py:149} INFO - [2023-05-17T23:52:57.513+0000] {dag.py:2726} INFO - Sync 1 DAGs
[2023-05-17T23:52:57.532+0000] {logging_mixin.py:149} INFO - [2023-05-17T23:52:57.532+0000] {dag.py:3490} INFO - Setting next_dagrun for example_nested_branch_dag to 2023-05-16T00:00:00+00:00, run_after=2023-05-17T00:00:00+00:00
[2023-05-17T23:52:57.549+0000] {processor.py:179} INFO - Processing /home/airflow/.local/lib/python3.7/site-packages/airflow/example_dags/example_nested_branch_dag.py took 0.070 seconds
[2023-05-17T23:53:27.640+0000] {processor.py:157} INFO - Started process (PID=686) to work on /home/airflow/.local/lib/python3.7/site-packages/airflow/example_dags/example_nested_branch_dag.py
[2023-05-17T23:53:27.641+0000] {processor.py:826} INFO - Processing file /home/airflow/.local/lib/python3.7/site-packages/airflow/example_dags/example_nested_branch_dag.py for tasks to queue
[2023-05-17T23:53:27.641+0000] {logging_mixin.py:149} INFO - [2023-05-17T23:53:27.641+0000] {dagbag.py:541} INFO - Filling up the DagBag from /home/airflow/.local/lib/python3.7/site-packages/airflow/example_dags/example_nested_branch_dag.py
[2023-05-17T23:53:27.647+0000] {processor.py:836} INFO - DAG(s) dict_keys(['example_nested_branch_dag']) retrieved from /home/airflow/.local/lib/python3.7/site-packages/airflow/example_dags/example_nested_branch_dag.py
[2023-05-17T23:53:27.661+0000] {logging_mixin.py:149} INFO - [2023-05-17T23:53:27.661+0000] {dag.py:2726} INFO - Sync 1 DAGs
[2023-05-17T23:53:27.675+0000] {logging_mixin.py:149} INFO - [2023-05-17T23:53:27.675+0000] {dag.py:3490} INFO - Setting next_dagrun for example_nested_branch_dag to 2023-05-16T00:00:00+00:00, run_after=2023-05-17T00:00:00+00:00
[2023-05-17T23:53:27.686+0000] {processor.py:179} INFO - Processing /home/airflow/.local/lib/python3.7/site-packages/airflow/example_dags/example_nested_branch_dag.py took 0.047 seconds
[2023-05-17T23:53:58.447+0000] {processor.py:157} INFO - Started process (PID=751) to work on /home/airflow/.local/lib/python3.7/site-packages/airflow/example_dags/example_nested_branch_dag.py
[2023-05-17T23:53:58.457+0000] {processor.py:826} INFO - Processing file /home/airflow/.local/lib/python3.7/site-packages/airflow/example_dags/example_nested_branch_dag.py for tasks to queue
[2023-05-17T23:53:58.457+0000] {logging_mixin.py:149} INFO - [2023-05-17T23:53:58.457+0000] {dagbag.py:541} INFO - Filling up the DagBag from /home/airflow/.local/lib/python3.7/site-packages/airflow/example_dags/example_nested_branch_dag.py
[2023-05-17T23:53:58.464+0000] {processor.py:836} INFO - DAG(s) dict_keys(['example_nested_branch_dag']) retrieved from /home/airflow/.local/lib/python3.7/site-packages/airflow/example_dags/example_nested_branch_dag.py
[2023-05-17T23:53:58.480+0000] {logging_mixin.py:149} INFO - [2023-05-17T23:53:58.480+0000] {dag.py:2726} INFO - Sync 1 DAGs
[2023-05-17T23:53:58.496+0000] {logging_mixin.py:149} INFO - [2023-05-17T23:53:58.496+0000] {dag.py:3490} INFO - Setting next_dagrun for example_nested_branch_dag to 2023-05-16T00:00:00+00:00, run_after=2023-05-17T00:00:00+00:00
[2023-05-17T23:53:58.510+0000] {processor.py:179} INFO - Processing /home/airflow/.local/lib/python3.7/site-packages/airflow/example_dags/example_nested_branch_dag.py took 0.065 seconds
[2023-05-17T23:54:29.084+0000] {processor.py:157} INFO - Started process (PID=815) to work on /home/airflow/.local/lib/python3.7/site-packages/airflow/example_dags/example_nested_branch_dag.py
[2023-05-17T23:54:29.092+0000] {processor.py:826} INFO - Processing file /home/airflow/.local/lib/python3.7/site-packages/airflow/example_dags/example_nested_branch_dag.py for tasks to queue
[2023-05-17T23:54:29.092+0000] {logging_mixin.py:149} INFO - [2023-05-17T23:54:29.092+0000] {dagbag.py:541} INFO - Filling up the DagBag from /home/airflow/.local/lib/python3.7/site-packages/airflow/example_dags/example_nested_branch_dag.py
[2023-05-17T23:54:29.097+0000] {processor.py:836} INFO - DAG(s) dict_keys(['example_nested_branch_dag']) retrieved from /home/airflow/.local/lib/python3.7/site-packages/airflow/example_dags/example_nested_branch_dag.py
[2023-05-17T23:54:29.112+0000] {logging_mixin.py:149} INFO - [2023-05-17T23:54:29.112+0000] {dag.py:2726} INFO - Sync 1 DAGs
[2023-05-17T23:54:29.126+0000] {logging_mixin.py:149} INFO - [2023-05-17T23:54:29.126+0000] {dag.py:3490} INFO - Setting next_dagrun for example_nested_branch_dag to 2023-05-16T00:00:00+00:00, run_after=2023-05-17T00:00:00+00:00
[2023-05-17T23:54:29.137+0000] {processor.py:179} INFO - Processing /home/airflow/.local/lib/python3.7/site-packages/airflow/example_dags/example_nested_branch_dag.py took 0.055 seconds
[2023-05-17T23:54:59.657+0000] {processor.py:157} INFO - Started process (PID=879) to work on /home/airflow/.local/lib/python3.7/site-packages/airflow/example_dags/example_nested_branch_dag.py
[2023-05-17T23:54:59.670+0000] {processor.py:826} INFO - Processing file /home/airflow/.local/lib/python3.7/site-packages/airflow/example_dags/example_nested_branch_dag.py for tasks to queue
[2023-05-17T23:54:59.670+0000] {logging_mixin.py:149} INFO - [2023-05-17T23:54:59.670+0000] {dagbag.py:541} INFO - Filling up the DagBag from /home/airflow/.local/lib/python3.7/site-packages/airflow/example_dags/example_nested_branch_dag.py
[2023-05-17T23:54:59.676+0000] {processor.py:836} INFO - DAG(s) dict_keys(['example_nested_branch_dag']) retrieved from /home/airflow/.local/lib/python3.7/site-packages/airflow/example_dags/example_nested_branch_dag.py
[2023-05-17T23:54:59.690+0000] {logging_mixin.py:149} INFO - [2023-05-17T23:54:59.690+0000] {dag.py:2726} INFO - Sync 1 DAGs
[2023-05-17T23:54:59.704+0000] {logging_mixin.py:149} INFO - [2023-05-17T23:54:59.704+0000] {dag.py:3490} INFO - Setting next_dagrun for example_nested_branch_dag to 2023-05-16T00:00:00+00:00, run_after=2023-05-17T00:00:00+00:00
[2023-05-17T23:54:59.715+0000] {processor.py:179} INFO - Processing /home/airflow/.local/lib/python3.7/site-packages/airflow/example_dags/example_nested_branch_dag.py took 0.060 seconds
[2023-05-17T23:55:30.280+0000] {processor.py:157} INFO - Started process (PID=943) to work on /home/airflow/.local/lib/python3.7/site-packages/airflow/example_dags/example_nested_branch_dag.py
[2023-05-17T23:55:30.287+0000] {processor.py:826} INFO - Processing file /home/airflow/.local/lib/python3.7/site-packages/airflow/example_dags/example_nested_branch_dag.py for tasks to queue
[2023-05-17T23:55:30.287+0000] {logging_mixin.py:149} INFO - [2023-05-17T23:55:30.287+0000] {dagbag.py:541} INFO - Filling up the DagBag from /home/airflow/.local/lib/python3.7/site-packages/airflow/example_dags/example_nested_branch_dag.py
[2023-05-17T23:55:30.293+0000] {processor.py:836} INFO - DAG(s) dict_keys(['example_nested_branch_dag']) retrieved from /home/airflow/.local/lib/python3.7/site-packages/airflow/example_dags/example_nested_branch_dag.py
[2023-05-17T23:55:30.308+0000] {logging_mixin.py:149} INFO - [2023-05-17T23:55:30.308+0000] {dag.py:2726} INFO - Sync 1 DAGs
[2023-05-17T23:55:30.322+0000] {logging_mixin.py:149} INFO - [2023-05-17T23:55:30.322+0000] {dag.py:3490} INFO - Setting next_dagrun for example_nested_branch_dag to 2023-05-16T00:00:00+00:00, run_after=2023-05-17T00:00:00+00:00
[2023-05-17T23:55:30.334+0000] {processor.py:179} INFO - Processing /home/airflow/.local/lib/python3.7/site-packages/airflow/example_dags/example_nested_branch_dag.py took 0.056 seconds
[2023-05-17T23:56:00.944+0000] {processor.py:157} INFO - Started process (PID=1007) to work on /home/airflow/.local/lib/python3.7/site-packages/airflow/example_dags/example_nested_branch_dag.py
[2023-05-17T23:56:00.955+0000] {processor.py:826} INFO - Processing file /home/airflow/.local/lib/python3.7/site-packages/airflow/example_dags/example_nested_branch_dag.py for tasks to queue
[2023-05-17T23:56:00.955+0000] {logging_mixin.py:149} INFO - [2023-05-17T23:56:00.955+0000] {dagbag.py:541} INFO - Filling up the DagBag from /home/airflow/.local/lib/python3.7/site-packages/airflow/example_dags/example_nested_branch_dag.py
[2023-05-17T23:56:00.961+0000] {processor.py:836} INFO - DAG(s) dict_keys(['example_nested_branch_dag']) retrieved from /home/airflow/.local/lib/python3.7/site-packages/airflow/example_dags/example_nested_branch_dag.py
[2023-05-17T23:56:00.976+0000] {logging_mixin.py:149} INFO - [2023-05-17T23:56:00.976+0000] {dag.py:2726} INFO - Sync 1 DAGs
[2023-05-17T23:56:00.991+0000] {logging_mixin.py:149} INFO - [2023-05-17T23:56:00.991+0000] {dag.py:3490} INFO - Setting next_dagrun for example_nested_branch_dag to 2023-05-16T00:00:00+00:00, run_after=2023-05-17T00:00:00+00:00
[2023-05-17T23:56:01.003+0000] {processor.py:179} INFO - Processing /home/airflow/.local/lib/python3.7/site-packages/airflow/example_dags/example_nested_branch_dag.py took 0.061 seconds
[2023-05-17T23:56:31.631+0000] {processor.py:157} INFO - Started process (PID=1071) to work on /home/airflow/.local/lib/python3.7/site-packages/airflow/example_dags/example_nested_branch_dag.py
[2023-05-17T23:56:31.644+0000] {processor.py:826} INFO - Processing file /home/airflow/.local/lib/python3.7/site-packages/airflow/example_dags/example_nested_branch_dag.py for tasks to queue
[2023-05-17T23:56:31.645+0000] {logging_mixin.py:149} INFO - [2023-05-17T23:56:31.644+0000] {dagbag.py:541} INFO - Filling up the DagBag from /home/airflow/.local/lib/python3.7/site-packages/airflow/example_dags/example_nested_branch_dag.py
[2023-05-17T23:56:31.650+0000] {processor.py:836} INFO - DAG(s) dict_keys(['example_nested_branch_dag']) retrieved from /home/airflow/.local/lib/python3.7/site-packages/airflow/example_dags/example_nested_branch_dag.py
[2023-05-17T23:56:31.666+0000] {logging_mixin.py:149} INFO - [2023-05-17T23:56:31.666+0000] {dag.py:2726} INFO - Sync 1 DAGs
[2023-05-17T23:56:31.681+0000] {logging_mixin.py:149} INFO - [2023-05-17T23:56:31.681+0000] {dag.py:3490} INFO - Setting next_dagrun for example_nested_branch_dag to 2023-05-16T00:00:00+00:00, run_after=2023-05-17T00:00:00+00:00
[2023-05-17T23:56:31.693+0000] {processor.py:179} INFO - Processing /home/airflow/.local/lib/python3.7/site-packages/airflow/example_dags/example_nested_branch_dag.py took 0.064 seconds
[2023-05-17T23:57:02.259+0000] {processor.py:157} INFO - Started process (PID=1135) to work on /home/airflow/.local/lib/python3.7/site-packages/airflow/example_dags/example_nested_branch_dag.py
[2023-05-17T23:57:02.267+0000] {processor.py:826} INFO - Processing file /home/airflow/.local/lib/python3.7/site-packages/airflow/example_dags/example_nested_branch_dag.py for tasks to queue
[2023-05-17T23:57:02.268+0000] {logging_mixin.py:149} INFO - [2023-05-17T23:57:02.267+0000] {dagbag.py:541} INFO - Filling up the DagBag from /home/airflow/.local/lib/python3.7/site-packages/airflow/example_dags/example_nested_branch_dag.py
[2023-05-17T23:57:02.273+0000] {processor.py:836} INFO - DAG(s) dict_keys(['example_nested_branch_dag']) retrieved from /home/airflow/.local/lib/python3.7/site-packages/airflow/example_dags/example_nested_branch_dag.py
[2023-05-17T23:57:02.290+0000] {logging_mixin.py:149} INFO - [2023-05-17T23:57:02.290+0000] {dag.py:2726} INFO - Sync 1 DAGs
[2023-05-17T23:57:02.306+0000] {logging_mixin.py:149} INFO - [2023-05-17T23:57:02.306+0000] {dag.py:3490} INFO - Setting next_dagrun for example_nested_branch_dag to 2023-05-16T00:00:00+00:00, run_after=2023-05-17T00:00:00+00:00
[2023-05-17T23:57:02.321+0000] {processor.py:179} INFO - Processing /home/airflow/.local/lib/python3.7/site-packages/airflow/example_dags/example_nested_branch_dag.py took 0.064 seconds
[2023-05-17T23:57:32.856+0000] {processor.py:157} INFO - Started process (PID=1199) to work on /home/airflow/.local/lib/python3.7/site-packages/airflow/example_dags/example_nested_branch_dag.py
[2023-05-17T23:57:32.869+0000] {processor.py:826} INFO - Processing file /home/airflow/.local/lib/python3.7/site-packages/airflow/example_dags/example_nested_branch_dag.py for tasks to queue
[2023-05-17T23:57:32.869+0000] {logging_mixin.py:149} INFO - [2023-05-17T23:57:32.869+0000] {dagbag.py:541} INFO - Filling up the DagBag from /home/airflow/.local/lib/python3.7/site-packages/airflow/example_dags/example_nested_branch_dag.py
[2023-05-17T23:57:32.874+0000] {processor.py:836} INFO - DAG(s) dict_keys(['example_nested_branch_dag']) retrieved from /home/airflow/.local/lib/python3.7/site-packages/airflow/example_dags/example_nested_branch_dag.py
[2023-05-17T23:57:32.889+0000] {logging_mixin.py:149} INFO - [2023-05-17T23:57:32.889+0000] {dag.py:2726} INFO - Sync 1 DAGs
[2023-05-17T23:57:32.904+0000] {logging_mixin.py:149} INFO - [2023-05-17T23:57:32.904+0000] {dag.py:3490} INFO - Setting next_dagrun for example_nested_branch_dag to 2023-05-16T00:00:00+00:00, run_after=2023-05-17T00:00:00+00:00
[2023-05-17T23:57:32.916+0000] {processor.py:179} INFO - Processing /home/airflow/.local/lib/python3.7/site-packages/airflow/example_dags/example_nested_branch_dag.py took 0.062 seconds
[2023-05-17T23:58:03.683+0000] {processor.py:157} INFO - Started process (PID=1263) to work on /home/airflow/.local/lib/python3.7/site-packages/airflow/example_dags/example_nested_branch_dag.py
[2023-05-17T23:58:03.694+0000] {processor.py:826} INFO - Processing file /home/airflow/.local/lib/python3.7/site-packages/airflow/example_dags/example_nested_branch_dag.py for tasks to queue
[2023-05-17T23:58:03.695+0000] {logging_mixin.py:149} INFO - [2023-05-17T23:58:03.695+0000] {dagbag.py:541} INFO - Filling up the DagBag from /home/airflow/.local/lib/python3.7/site-packages/airflow/example_dags/example_nested_branch_dag.py
[2023-05-17T23:58:03.701+0000] {processor.py:836} INFO - DAG(s) dict_keys(['example_nested_branch_dag']) retrieved from /home/airflow/.local/lib/python3.7/site-packages/airflow/example_dags/example_nested_branch_dag.py
[2023-05-17T23:58:03.717+0000] {logging_mixin.py:149} INFO - [2023-05-17T23:58:03.716+0000] {dag.py:2726} INFO - Sync 1 DAGs
[2023-05-17T23:58:03.732+0000] {logging_mixin.py:149} INFO - [2023-05-17T23:58:03.732+0000] {dag.py:3490} INFO - Setting next_dagrun for example_nested_branch_dag to 2023-05-16T00:00:00+00:00, run_after=2023-05-17T00:00:00+00:00
[2023-05-17T23:58:03.747+0000] {processor.py:179} INFO - Processing /home/airflow/.local/lib/python3.7/site-packages/airflow/example_dags/example_nested_branch_dag.py took 0.066 seconds
[2023-05-17T23:58:34.288+0000] {processor.py:157} INFO - Started process (PID=1327) to work on /home/airflow/.local/lib/python3.7/site-packages/airflow/example_dags/example_nested_branch_dag.py
[2023-05-17T23:58:34.301+0000] {processor.py:826} INFO - Processing file /home/airflow/.local/lib/python3.7/site-packages/airflow/example_dags/example_nested_branch_dag.py for tasks to queue
[2023-05-17T23:58:34.302+0000] {logging_mixin.py:149} INFO - [2023-05-17T23:58:34.302+0000] {dagbag.py:541} INFO - Filling up the DagBag from /home/airflow/.local/lib/python3.7/site-packages/airflow/example_dags/example_nested_branch_dag.py
[2023-05-17T23:58:34.307+0000] {processor.py:836} INFO - DAG(s) dict_keys(['example_nested_branch_dag']) retrieved from /home/airflow/.local/lib/python3.7/site-packages/airflow/example_dags/example_nested_branch_dag.py
[2023-05-17T23:58:34.321+0000] {logging_mixin.py:149} INFO - [2023-05-17T23:58:34.321+0000] {dag.py:2726} INFO - Sync 1 DAGs
[2023-05-17T23:58:34.335+0000] {logging_mixin.py:149} INFO - [2023-05-17T23:58:34.335+0000] {dag.py:3490} INFO - Setting next_dagrun for example_nested_branch_dag to 2023-05-16T00:00:00+00:00, run_after=2023-05-17T00:00:00+00:00
[2023-05-17T23:58:34.346+0000] {processor.py:179} INFO - Processing /home/airflow/.local/lib/python3.7/site-packages/airflow/example_dags/example_nested_branch_dag.py took 0.060 seconds
[2023-05-17T23:59:04.863+0000] {processor.py:157} INFO - Started process (PID=1391) to work on /home/airflow/.local/lib/python3.7/site-packages/airflow/example_dags/example_nested_branch_dag.py
[2023-05-17T23:59:04.872+0000] {processor.py:826} INFO - Processing file /home/airflow/.local/lib/python3.7/site-packages/airflow/example_dags/example_nested_branch_dag.py for tasks to queue
[2023-05-17T23:59:04.872+0000] {logging_mixin.py:149} INFO - [2023-05-17T23:59:04.872+0000] {dagbag.py:541} INFO - Filling up the DagBag from /home/airflow/.local/lib/python3.7/site-packages/airflow/example_dags/example_nested_branch_dag.py
[2023-05-17T23:59:04.878+0000] {processor.py:836} INFO - DAG(s) dict_keys(['example_nested_branch_dag']) retrieved from /home/airflow/.local/lib/python3.7/site-packages/airflow/example_dags/example_nested_branch_dag.py
[2023-05-17T23:59:04.893+0000] {logging_mixin.py:149} INFO - [2023-05-17T23:59:04.892+0000] {dag.py:2726} INFO - Sync 1 DAGs
[2023-05-17T23:59:04.907+0000] {logging_mixin.py:149} INFO - [2023-05-17T23:59:04.907+0000] {dag.py:3490} INFO - Setting next_dagrun for example_nested_branch_dag to 2023-05-16T00:00:00+00:00, run_after=2023-05-17T00:00:00+00:00
[2023-05-17T23:59:04.919+0000] {processor.py:179} INFO - Processing /home/airflow/.local/lib/python3.7/site-packages/airflow/example_dags/example_nested_branch_dag.py took 0.058 seconds
[2023-05-17T23:59:35.453+0000] {processor.py:157} INFO - Started process (PID=1455) to work on /home/airflow/.local/lib/python3.7/site-packages/airflow/example_dags/example_nested_branch_dag.py
[2023-05-17T23:59:35.454+0000] {processor.py:826} INFO - Processing file /home/airflow/.local/lib/python3.7/site-packages/airflow/example_dags/example_nested_branch_dag.py for tasks to queue
[2023-05-17T23:59:35.455+0000] {logging_mixin.py:149} INFO - [2023-05-17T23:59:35.455+0000] {dagbag.py:541} INFO - Filling up the DagBag from /home/airflow/.local/lib/python3.7/site-packages/airflow/example_dags/example_nested_branch_dag.py
[2023-05-17T23:59:35.460+0000] {processor.py:836} INFO - DAG(s) dict_keys(['example_nested_branch_dag']) retrieved from /home/airflow/.local/lib/python3.7/site-packages/airflow/example_dags/example_nested_branch_dag.py
[2023-05-17T23:59:35.481+0000] {logging_mixin.py:149} INFO - [2023-05-17T23:59:35.481+0000] {dag.py:2726} INFO - Sync 1 DAGs
[2023-05-17T23:59:35.498+0000] {logging_mixin.py:149} INFO - [2023-05-17T23:59:35.498+0000] {dag.py:3490} INFO - Setting next_dagrun for example_nested_branch_dag to 2023-05-16T00:00:00+00:00, run_after=2023-05-17T00:00:00+00:00
[2023-05-17T23:59:35.511+0000] {processor.py:179} INFO - Processing /home/airflow/.local/lib/python3.7/site-packages/airflow/example_dags/example_nested_branch_dag.py took 0.060 seconds
