[2023-05-17T23:27:45.450+0000] {processor.py:157} INFO - Started process (PID=41) to work on /home/airflow/.local/lib/python3.7/site-packages/airflow/example_dags/example_external_task_marker_dag.py
[2023-05-17T23:27:45.451+0000] {processor.py:826} INFO - Processing file /home/airflow/.local/lib/python3.7/site-packages/airflow/example_dags/example_external_task_marker_dag.py for tasks to queue
[2023-05-17T23:27:45.451+0000] {logging_mixin.py:149} INFO - [2023-05-17T23:27:45.451+0000] {dagbag.py:541} INFO - Filling up the DagBag from /home/airflow/.local/lib/python3.7/site-packages/airflow/example_dags/example_external_task_marker_dag.py
[2023-05-17T23:27:45.456+0000] {processor.py:836} INFO - DAG(s) dict_keys(['example_external_task_marker_parent', 'example_external_task_marker_child']) retrieved from /home/airflow/.local/lib/python3.7/site-packages/airflow/example_dags/example_external_task_marker_dag.py
[2023-05-17T23:27:45.463+0000] {logging_mixin.py:149} INFO - [2023-05-17T23:27:45.463+0000] {dag.py:2726} INFO - Sync 2 DAGs
[2023-05-17T23:27:45.477+0000] {logging_mixin.py:149} INFO - [2023-05-17T23:27:45.477+0000] {dag.py:3490} INFO - Setting next_dagrun for example_external_task_marker_child to None, run_after=None
[2023-05-17T23:27:45.479+0000] {logging_mixin.py:149} INFO - [2023-05-17T23:27:45.479+0000] {dag.py:3490} INFO - Setting next_dagrun for example_external_task_marker_parent to None, run_after=None
[2023-05-17T23:27:45.490+0000] {processor.py:179} INFO - Processing /home/airflow/.local/lib/python3.7/site-packages/airflow/example_dags/example_external_task_marker_dag.py took 0.042 seconds
[2023-05-17T23:28:16.458+0000] {processor.py:157} INFO - Started process (PID=105) to work on /home/airflow/.local/lib/python3.7/site-packages/airflow/example_dags/example_external_task_marker_dag.py
[2023-05-17T23:28:16.458+0000] {processor.py:826} INFO - Processing file /home/airflow/.local/lib/python3.7/site-packages/airflow/example_dags/example_external_task_marker_dag.py for tasks to queue
[2023-05-17T23:28:16.458+0000] {logging_mixin.py:149} INFO - [2023-05-17T23:28:16.458+0000] {dagbag.py:541} INFO - Filling up the DagBag from /home/airflow/.local/lib/python3.7/site-packages/airflow/example_dags/example_external_task_marker_dag.py
[2023-05-17T23:28:16.461+0000] {processor.py:836} INFO - DAG(s) dict_keys(['example_external_task_marker_child', 'example_external_task_marker_parent']) retrieved from /home/airflow/.local/lib/python3.7/site-packages/airflow/example_dags/example_external_task_marker_dag.py
[2023-05-17T23:28:16.496+0000] {logging_mixin.py:149} INFO - [2023-05-17T23:28:16.496+0000] {dag.py:2726} INFO - Sync 2 DAGs
[2023-05-17T23:28:16.509+0000] {logging_mixin.py:149} INFO - [2023-05-17T23:28:16.509+0000] {dag.py:3490} INFO - Setting next_dagrun for example_external_task_marker_child to None, run_after=None
[2023-05-17T23:28:16.511+0000] {logging_mixin.py:149} INFO - [2023-05-17T23:28:16.510+0000] {dag.py:3490} INFO - Setting next_dagrun for example_external_task_marker_parent to None, run_after=None
[2023-05-17T23:28:16.521+0000] {processor.py:179} INFO - Processing /home/airflow/.local/lib/python3.7/site-packages/airflow/example_dags/example_external_task_marker_dag.py took 0.065 seconds
[2023-05-17T23:28:46.881+0000] {processor.py:157} INFO - Started process (PID=169) to work on /home/airflow/.local/lib/python3.7/site-packages/airflow/example_dags/example_external_task_marker_dag.py
[2023-05-17T23:28:46.881+0000] {processor.py:826} INFO - Processing file /home/airflow/.local/lib/python3.7/site-packages/airflow/example_dags/example_external_task_marker_dag.py for tasks to queue
[2023-05-17T23:28:46.882+0000] {logging_mixin.py:149} INFO - [2023-05-17T23:28:46.882+0000] {dagbag.py:541} INFO - Filling up the DagBag from /home/airflow/.local/lib/python3.7/site-packages/airflow/example_dags/example_external_task_marker_dag.py
[2023-05-17T23:28:46.885+0000] {processor.py:836} INFO - DAG(s) dict_keys(['example_external_task_marker_parent', 'example_external_task_marker_child']) retrieved from /home/airflow/.local/lib/python3.7/site-packages/airflow/example_dags/example_external_task_marker_dag.py
[2023-05-17T23:28:46.899+0000] {logging_mixin.py:149} INFO - [2023-05-17T23:28:46.899+0000] {dag.py:2726} INFO - Sync 2 DAGs
[2023-05-17T23:28:46.913+0000] {logging_mixin.py:149} INFO - [2023-05-17T23:28:46.912+0000] {dag.py:3490} INFO - Setting next_dagrun for example_external_task_marker_child to None, run_after=None
[2023-05-17T23:28:46.914+0000] {logging_mixin.py:149} INFO - [2023-05-17T23:28:46.914+0000] {dag.py:3490} INFO - Setting next_dagrun for example_external_task_marker_parent to None, run_after=None
[2023-05-17T23:28:46.924+0000] {processor.py:179} INFO - Processing /home/airflow/.local/lib/python3.7/site-packages/airflow/example_dags/example_external_task_marker_dag.py took 0.045 seconds
[2023-05-17T23:29:17.377+0000] {processor.py:157} INFO - Started process (PID=233) to work on /home/airflow/.local/lib/python3.7/site-packages/airflow/example_dags/example_external_task_marker_dag.py
[2023-05-17T23:29:17.382+0000] {processor.py:826} INFO - Processing file /home/airflow/.local/lib/python3.7/site-packages/airflow/example_dags/example_external_task_marker_dag.py for tasks to queue
[2023-05-17T23:29:17.383+0000] {logging_mixin.py:149} INFO - [2023-05-17T23:29:17.383+0000] {dagbag.py:541} INFO - Filling up the DagBag from /home/airflow/.local/lib/python3.7/site-packages/airflow/example_dags/example_external_task_marker_dag.py
[2023-05-17T23:29:17.386+0000] {processor.py:836} INFO - DAG(s) dict_keys(['example_external_task_marker_child', 'example_external_task_marker_parent']) retrieved from /home/airflow/.local/lib/python3.7/site-packages/airflow/example_dags/example_external_task_marker_dag.py
[2023-05-17T23:29:17.401+0000] {logging_mixin.py:149} INFO - [2023-05-17T23:29:17.401+0000] {dag.py:2726} INFO - Sync 2 DAGs
[2023-05-17T23:29:17.414+0000] {logging_mixin.py:149} INFO - [2023-05-17T23:29:17.414+0000] {dag.py:3490} INFO - Setting next_dagrun for example_external_task_marker_child to None, run_after=None
[2023-05-17T23:29:17.416+0000] {logging_mixin.py:149} INFO - [2023-05-17T23:29:17.416+0000] {dag.py:3490} INFO - Setting next_dagrun for example_external_task_marker_parent to None, run_after=None
[2023-05-17T23:29:17.426+0000] {processor.py:179} INFO - Processing /home/airflow/.local/lib/python3.7/site-packages/airflow/example_dags/example_external_task_marker_dag.py took 0.051 seconds
[2023-05-17T23:29:47.888+0000] {processor.py:157} INFO - Started process (PID=297) to work on /home/airflow/.local/lib/python3.7/site-packages/airflow/example_dags/example_external_task_marker_dag.py
[2023-05-17T23:29:47.894+0000] {processor.py:826} INFO - Processing file /home/airflow/.local/lib/python3.7/site-packages/airflow/example_dags/example_external_task_marker_dag.py for tasks to queue
[2023-05-17T23:29:47.894+0000] {logging_mixin.py:149} INFO - [2023-05-17T23:29:47.894+0000] {dagbag.py:541} INFO - Filling up the DagBag from /home/airflow/.local/lib/python3.7/site-packages/airflow/example_dags/example_external_task_marker_dag.py
[2023-05-17T23:29:47.897+0000] {processor.py:836} INFO - DAG(s) dict_keys(['example_external_task_marker_parent', 'example_external_task_marker_child']) retrieved from /home/airflow/.local/lib/python3.7/site-packages/airflow/example_dags/example_external_task_marker_dag.py
[2023-05-17T23:29:47.913+0000] {logging_mixin.py:149} INFO - [2023-05-17T23:29:47.913+0000] {dag.py:2726} INFO - Sync 2 DAGs
[2023-05-17T23:29:47.929+0000] {logging_mixin.py:149} INFO - [2023-05-17T23:29:47.929+0000] {dag.py:3490} INFO - Setting next_dagrun for example_external_task_marker_child to None, run_after=None
[2023-05-17T23:29:47.930+0000] {logging_mixin.py:149} INFO - [2023-05-17T23:29:47.930+0000] {dag.py:3490} INFO - Setting next_dagrun for example_external_task_marker_parent to None, run_after=None
[2023-05-17T23:29:47.943+0000] {processor.py:179} INFO - Processing /home/airflow/.local/lib/python3.7/site-packages/airflow/example_dags/example_external_task_marker_dag.py took 0.057 seconds
[2023-05-17T23:30:31.102+0000] {processor.py:157} INFO - Started process (PID=42) to work on /home/airflow/.local/lib/python3.7/site-packages/airflow/example_dags/example_external_task_marker_dag.py
[2023-05-17T23:30:31.110+0000] {processor.py:826} INFO - Processing file /home/airflow/.local/lib/python3.7/site-packages/airflow/example_dags/example_external_task_marker_dag.py for tasks to queue
[2023-05-17T23:30:31.111+0000] {logging_mixin.py:149} INFO - [2023-05-17T23:30:31.111+0000] {dagbag.py:541} INFO - Filling up the DagBag from /home/airflow/.local/lib/python3.7/site-packages/airflow/example_dags/example_external_task_marker_dag.py
[2023-05-17T23:30:31.116+0000] {processor.py:836} INFO - DAG(s) dict_keys(['example_external_task_marker_parent', 'example_external_task_marker_child']) retrieved from /home/airflow/.local/lib/python3.7/site-packages/airflow/example_dags/example_external_task_marker_dag.py
[2023-05-17T23:30:31.124+0000] {logging_mixin.py:149} INFO - [2023-05-17T23:30:31.124+0000] {dag.py:2726} INFO - Sync 2 DAGs
[2023-05-17T23:30:31.140+0000] {logging_mixin.py:149} INFO - [2023-05-17T23:30:31.139+0000] {dag.py:3490} INFO - Setting next_dagrun for example_external_task_marker_child to None, run_after=None
[2023-05-17T23:30:31.141+0000] {logging_mixin.py:149} INFO - [2023-05-17T23:30:31.141+0000] {dag.py:3490} INFO - Setting next_dagrun for example_external_task_marker_parent to None, run_after=None
[2023-05-17T23:30:31.152+0000] {processor.py:179} INFO - Processing /home/airflow/.local/lib/python3.7/site-packages/airflow/example_dags/example_external_task_marker_dag.py took 0.052 seconds
[2023-05-17T23:31:01.880+0000] {processor.py:157} INFO - Started process (PID=106) to work on /home/airflow/.local/lib/python3.7/site-packages/airflow/example_dags/example_external_task_marker_dag.py
[2023-05-17T23:31:01.881+0000] {processor.py:826} INFO - Processing file /home/airflow/.local/lib/python3.7/site-packages/airflow/example_dags/example_external_task_marker_dag.py for tasks to queue
[2023-05-17T23:31:01.881+0000] {logging_mixin.py:149} INFO - [2023-05-17T23:31:01.881+0000] {dagbag.py:541} INFO - Filling up the DagBag from /home/airflow/.local/lib/python3.7/site-packages/airflow/example_dags/example_external_task_marker_dag.py
[2023-05-17T23:31:01.884+0000] {processor.py:836} INFO - DAG(s) dict_keys(['example_external_task_marker_parent', 'example_external_task_marker_child']) retrieved from /home/airflow/.local/lib/python3.7/site-packages/airflow/example_dags/example_external_task_marker_dag.py
[2023-05-17T23:31:01.922+0000] {logging_mixin.py:149} INFO - [2023-05-17T23:31:01.922+0000] {dag.py:2726} INFO - Sync 2 DAGs
[2023-05-17T23:31:01.934+0000] {logging_mixin.py:149} INFO - [2023-05-17T23:31:01.934+0000] {dag.py:3490} INFO - Setting next_dagrun for example_external_task_marker_child to None, run_after=None
[2023-05-17T23:31:01.936+0000] {logging_mixin.py:149} INFO - [2023-05-17T23:31:01.936+0000] {dag.py:3490} INFO - Setting next_dagrun for example_external_task_marker_parent to None, run_after=None
[2023-05-17T23:31:01.949+0000] {processor.py:179} INFO - Processing /home/airflow/.local/lib/python3.7/site-packages/airflow/example_dags/example_external_task_marker_dag.py took 0.071 seconds
[2023-05-17T23:31:32.268+0000] {processor.py:157} INFO - Started process (PID=170) to work on /home/airflow/.local/lib/python3.7/site-packages/airflow/example_dags/example_external_task_marker_dag.py
[2023-05-17T23:31:32.269+0000] {processor.py:826} INFO - Processing file /home/airflow/.local/lib/python3.7/site-packages/airflow/example_dags/example_external_task_marker_dag.py for tasks to queue
[2023-05-17T23:31:32.269+0000] {logging_mixin.py:149} INFO - [2023-05-17T23:31:32.269+0000] {dagbag.py:541} INFO - Filling up the DagBag from /home/airflow/.local/lib/python3.7/site-packages/airflow/example_dags/example_external_task_marker_dag.py
[2023-05-17T23:31:32.272+0000] {processor.py:836} INFO - DAG(s) dict_keys(['example_external_task_marker_child', 'example_external_task_marker_parent']) retrieved from /home/airflow/.local/lib/python3.7/site-packages/airflow/example_dags/example_external_task_marker_dag.py
[2023-05-17T23:31:32.288+0000] {logging_mixin.py:149} INFO - [2023-05-17T23:31:32.288+0000] {dag.py:2726} INFO - Sync 2 DAGs
[2023-05-17T23:31:32.370+0000] {logging_mixin.py:149} INFO - [2023-05-17T23:31:32.370+0000] {dag.py:3490} INFO - Setting next_dagrun for example_external_task_marker_child to None, run_after=None
[2023-05-17T23:31:32.372+0000] {logging_mixin.py:149} INFO - [2023-05-17T23:31:32.372+0000] {dag.py:3490} INFO - Setting next_dagrun for example_external_task_marker_parent to None, run_after=None
[2023-05-17T23:31:32.382+0000] {processor.py:179} INFO - Processing /home/airflow/.local/lib/python3.7/site-packages/airflow/example_dags/example_external_task_marker_dag.py took 0.115 seconds
[2023-05-17T23:34:32.836+0000] {processor.py:157} INFO - Started process (PID=42) to work on /home/airflow/.local/lib/python3.7/site-packages/airflow/example_dags/example_external_task_marker_dag.py
[2023-05-17T23:34:32.837+0000] {processor.py:826} INFO - Processing file /home/airflow/.local/lib/python3.7/site-packages/airflow/example_dags/example_external_task_marker_dag.py for tasks to queue
[2023-05-17T23:34:32.837+0000] {logging_mixin.py:149} INFO - [2023-05-17T23:34:32.837+0000] {dagbag.py:541} INFO - Filling up the DagBag from /home/airflow/.local/lib/python3.7/site-packages/airflow/example_dags/example_external_task_marker_dag.py
[2023-05-17T23:34:32.843+0000] {processor.py:836} INFO - DAG(s) dict_keys(['example_external_task_marker_child', 'example_external_task_marker_parent']) retrieved from /home/airflow/.local/lib/python3.7/site-packages/airflow/example_dags/example_external_task_marker_dag.py
[2023-05-17T23:34:32.851+0000] {logging_mixin.py:149} INFO - [2023-05-17T23:34:32.851+0000] {dag.py:2726} INFO - Sync 2 DAGs
[2023-05-17T23:34:32.867+0000] {logging_mixin.py:149} INFO - [2023-05-17T23:34:32.867+0000] {dag.py:3490} INFO - Setting next_dagrun for example_external_task_marker_child to None, run_after=None
[2023-05-17T23:34:32.869+0000] {logging_mixin.py:149} INFO - [2023-05-17T23:34:32.869+0000] {dag.py:3490} INFO - Setting next_dagrun for example_external_task_marker_parent to None, run_after=None
[2023-05-17T23:34:32.880+0000] {processor.py:179} INFO - Processing /home/airflow/.local/lib/python3.7/site-packages/airflow/example_dags/example_external_task_marker_dag.py took 0.046 seconds
[2023-05-17T23:35:03.044+0000] {processor.py:157} INFO - Started process (PID=106) to work on /home/airflow/.local/lib/python3.7/site-packages/airflow/example_dags/example_external_task_marker_dag.py
[2023-05-17T23:35:03.050+0000] {processor.py:826} INFO - Processing file /home/airflow/.local/lib/python3.7/site-packages/airflow/example_dags/example_external_task_marker_dag.py for tasks to queue
[2023-05-17T23:35:03.050+0000] {logging_mixin.py:149} INFO - [2023-05-17T23:35:03.050+0000] {dagbag.py:541} INFO - Filling up the DagBag from /home/airflow/.local/lib/python3.7/site-packages/airflow/example_dags/example_external_task_marker_dag.py
[2023-05-17T23:35:03.053+0000] {processor.py:836} INFO - DAG(s) dict_keys(['example_external_task_marker_child', 'example_external_task_marker_parent']) retrieved from /home/airflow/.local/lib/python3.7/site-packages/airflow/example_dags/example_external_task_marker_dag.py
[2023-05-17T23:35:03.089+0000] {logging_mixin.py:149} INFO - [2023-05-17T23:35:03.089+0000] {dag.py:2726} INFO - Sync 2 DAGs
[2023-05-17T23:35:03.101+0000] {logging_mixin.py:149} INFO - [2023-05-17T23:35:03.101+0000] {dag.py:3490} INFO - Setting next_dagrun for example_external_task_marker_child to None, run_after=None
[2023-05-17T23:35:03.102+0000] {logging_mixin.py:149} INFO - [2023-05-17T23:35:03.102+0000] {dag.py:3490} INFO - Setting next_dagrun for example_external_task_marker_parent to None, run_after=None
[2023-05-17T23:35:03.118+0000] {processor.py:179} INFO - Processing /home/airflow/.local/lib/python3.7/site-packages/airflow/example_dags/example_external_task_marker_dag.py took 0.076 seconds
[2023-05-17T23:35:33.420+0000] {processor.py:157} INFO - Started process (PID=170) to work on /home/airflow/.local/lib/python3.7/site-packages/airflow/example_dags/example_external_task_marker_dag.py
[2023-05-17T23:35:33.420+0000] {processor.py:826} INFO - Processing file /home/airflow/.local/lib/python3.7/site-packages/airflow/example_dags/example_external_task_marker_dag.py for tasks to queue
[2023-05-17T23:35:33.421+0000] {logging_mixin.py:149} INFO - [2023-05-17T23:35:33.421+0000] {dagbag.py:541} INFO - Filling up the DagBag from /home/airflow/.local/lib/python3.7/site-packages/airflow/example_dags/example_external_task_marker_dag.py
[2023-05-17T23:35:33.424+0000] {processor.py:836} INFO - DAG(s) dict_keys(['example_external_task_marker_child', 'example_external_task_marker_parent']) retrieved from /home/airflow/.local/lib/python3.7/site-packages/airflow/example_dags/example_external_task_marker_dag.py
[2023-05-17T23:35:33.440+0000] {logging_mixin.py:149} INFO - [2023-05-17T23:35:33.440+0000] {dag.py:2726} INFO - Sync 2 DAGs
[2023-05-17T23:35:33.526+0000] {logging_mixin.py:149} INFO - [2023-05-17T23:35:33.526+0000] {dag.py:3490} INFO - Setting next_dagrun for example_external_task_marker_child to None, run_after=None
[2023-05-17T23:35:33.528+0000] {logging_mixin.py:149} INFO - [2023-05-17T23:35:33.528+0000] {dag.py:3490} INFO - Setting next_dagrun for example_external_task_marker_parent to None, run_after=None
[2023-05-17T23:35:33.538+0000] {processor.py:179} INFO - Processing /home/airflow/.local/lib/python3.7/site-packages/airflow/example_dags/example_external_task_marker_dag.py took 0.120 seconds
[2023-05-17T23:36:04.121+0000] {processor.py:157} INFO - Started process (PID=234) to work on /home/airflow/.local/lib/python3.7/site-packages/airflow/example_dags/example_external_task_marker_dag.py
[2023-05-17T23:36:04.135+0000] {processor.py:826} INFO - Processing file /home/airflow/.local/lib/python3.7/site-packages/airflow/example_dags/example_external_task_marker_dag.py for tasks to queue
[2023-05-17T23:36:04.135+0000] {logging_mixin.py:149} INFO - [2023-05-17T23:36:04.135+0000] {dagbag.py:541} INFO - Filling up the DagBag from /home/airflow/.local/lib/python3.7/site-packages/airflow/example_dags/example_external_task_marker_dag.py
[2023-05-17T23:36:04.138+0000] {processor.py:836} INFO - DAG(s) dict_keys(['example_external_task_marker_parent', 'example_external_task_marker_child']) retrieved from /home/airflow/.local/lib/python3.7/site-packages/airflow/example_dags/example_external_task_marker_dag.py
[2023-05-17T23:36:04.155+0000] {logging_mixin.py:149} INFO - [2023-05-17T23:36:04.155+0000] {dag.py:2726} INFO - Sync 2 DAGs
[2023-05-17T23:36:04.168+0000] {logging_mixin.py:149} INFO - [2023-05-17T23:36:04.168+0000] {dag.py:3490} INFO - Setting next_dagrun for example_external_task_marker_child to None, run_after=None
[2023-05-17T23:36:04.170+0000] {logging_mixin.py:149} INFO - [2023-05-17T23:36:04.170+0000] {dag.py:3490} INFO - Setting next_dagrun for example_external_task_marker_parent to None, run_after=None
[2023-05-17T23:36:04.180+0000] {processor.py:179} INFO - Processing /home/airflow/.local/lib/python3.7/site-packages/airflow/example_dags/example_external_task_marker_dag.py took 0.061 seconds
[2023-05-17T23:36:34.964+0000] {processor.py:157} INFO - Started process (PID=297) to work on /home/airflow/.local/lib/python3.7/site-packages/airflow/example_dags/example_external_task_marker_dag.py
[2023-05-17T23:36:34.971+0000] {processor.py:826} INFO - Processing file /home/airflow/.local/lib/python3.7/site-packages/airflow/example_dags/example_external_task_marker_dag.py for tasks to queue
[2023-05-17T23:36:34.971+0000] {logging_mixin.py:149} INFO - [2023-05-17T23:36:34.971+0000] {dagbag.py:541} INFO - Filling up the DagBag from /home/airflow/.local/lib/python3.7/site-packages/airflow/example_dags/example_external_task_marker_dag.py
[2023-05-17T23:36:34.974+0000] {processor.py:836} INFO - DAG(s) dict_keys(['example_external_task_marker_child', 'example_external_task_marker_parent']) retrieved from /home/airflow/.local/lib/python3.7/site-packages/airflow/example_dags/example_external_task_marker_dag.py
[2023-05-17T23:36:34.989+0000] {logging_mixin.py:149} INFO - [2023-05-17T23:36:34.989+0000] {dag.py:2726} INFO - Sync 2 DAGs
[2023-05-17T23:36:35.003+0000] {logging_mixin.py:149} INFO - [2023-05-17T23:36:35.003+0000] {dag.py:3490} INFO - Setting next_dagrun for example_external_task_marker_child to None, run_after=None
[2023-05-17T23:36:35.005+0000] {logging_mixin.py:149} INFO - [2023-05-17T23:36:35.005+0000] {dag.py:3490} INFO - Setting next_dagrun for example_external_task_marker_parent to None, run_after=None
[2023-05-17T23:36:35.017+0000] {processor.py:179} INFO - Processing /home/airflow/.local/lib/python3.7/site-packages/airflow/example_dags/example_external_task_marker_dag.py took 0.056 seconds
[2023-05-17T23:37:05.648+0000] {processor.py:157} INFO - Started process (PID=361) to work on /home/airflow/.local/lib/python3.7/site-packages/airflow/example_dags/example_external_task_marker_dag.py
[2023-05-17T23:37:05.653+0000] {processor.py:826} INFO - Processing file /home/airflow/.local/lib/python3.7/site-packages/airflow/example_dags/example_external_task_marker_dag.py for tasks to queue
[2023-05-17T23:37:05.653+0000] {logging_mixin.py:149} INFO - [2023-05-17T23:37:05.653+0000] {dagbag.py:541} INFO - Filling up the DagBag from /home/airflow/.local/lib/python3.7/site-packages/airflow/example_dags/example_external_task_marker_dag.py
[2023-05-17T23:37:05.656+0000] {processor.py:836} INFO - DAG(s) dict_keys(['example_external_task_marker_child', 'example_external_task_marker_parent']) retrieved from /home/airflow/.local/lib/python3.7/site-packages/airflow/example_dags/example_external_task_marker_dag.py
[2023-05-17T23:37:05.674+0000] {logging_mixin.py:149} INFO - [2023-05-17T23:37:05.673+0000] {dag.py:2726} INFO - Sync 2 DAGs
[2023-05-17T23:37:05.689+0000] {logging_mixin.py:149} INFO - [2023-05-17T23:37:05.689+0000] {dag.py:3490} INFO - Setting next_dagrun for example_external_task_marker_child to None, run_after=None
[2023-05-17T23:37:05.691+0000] {logging_mixin.py:149} INFO - [2023-05-17T23:37:05.691+0000] {dag.py:3490} INFO - Setting next_dagrun for example_external_task_marker_parent to None, run_after=None
[2023-05-17T23:37:05.703+0000] {processor.py:179} INFO - Processing /home/airflow/.local/lib/python3.7/site-packages/airflow/example_dags/example_external_task_marker_dag.py took 0.058 seconds
[2023-05-17T23:37:36.355+0000] {processor.py:157} INFO - Started process (PID=425) to work on /home/airflow/.local/lib/python3.7/site-packages/airflow/example_dags/example_external_task_marker_dag.py
[2023-05-17T23:37:36.356+0000] {processor.py:826} INFO - Processing file /home/airflow/.local/lib/python3.7/site-packages/airflow/example_dags/example_external_task_marker_dag.py for tasks to queue
[2023-05-17T23:37:36.356+0000] {logging_mixin.py:149} INFO - [2023-05-17T23:37:36.356+0000] {dagbag.py:541} INFO - Filling up the DagBag from /home/airflow/.local/lib/python3.7/site-packages/airflow/example_dags/example_external_task_marker_dag.py
[2023-05-17T23:37:36.360+0000] {processor.py:836} INFO - DAG(s) dict_keys(['example_external_task_marker_child', 'example_external_task_marker_parent']) retrieved from /home/airflow/.local/lib/python3.7/site-packages/airflow/example_dags/example_external_task_marker_dag.py
[2023-05-17T23:37:36.376+0000] {logging_mixin.py:149} INFO - [2023-05-17T23:37:36.376+0000] {dag.py:2726} INFO - Sync 2 DAGs
[2023-05-17T23:37:36.390+0000] {logging_mixin.py:149} INFO - [2023-05-17T23:37:36.390+0000] {dag.py:3490} INFO - Setting next_dagrun for example_external_task_marker_child to None, run_after=None
[2023-05-17T23:37:36.392+0000] {logging_mixin.py:149} INFO - [2023-05-17T23:37:36.392+0000] {dag.py:3490} INFO - Setting next_dagrun for example_external_task_marker_parent to None, run_after=None
[2023-05-17T23:37:36.403+0000] {processor.py:179} INFO - Processing /home/airflow/.local/lib/python3.7/site-packages/airflow/example_dags/example_external_task_marker_dag.py took 0.050 seconds
[2023-05-17T23:38:06.970+0000] {processor.py:157} INFO - Started process (PID=489) to work on /home/airflow/.local/lib/python3.7/site-packages/airflow/example_dags/example_external_task_marker_dag.py
[2023-05-17T23:38:06.971+0000] {processor.py:826} INFO - Processing file /home/airflow/.local/lib/python3.7/site-packages/airflow/example_dags/example_external_task_marker_dag.py for tasks to queue
[2023-05-17T23:38:06.971+0000] {logging_mixin.py:149} INFO - [2023-05-17T23:38:06.971+0000] {dagbag.py:541} INFO - Filling up the DagBag from /home/airflow/.local/lib/python3.7/site-packages/airflow/example_dags/example_external_task_marker_dag.py
[2023-05-17T23:38:06.975+0000] {processor.py:836} INFO - DAG(s) dict_keys(['example_external_task_marker_parent', 'example_external_task_marker_child']) retrieved from /home/airflow/.local/lib/python3.7/site-packages/airflow/example_dags/example_external_task_marker_dag.py
[2023-05-17T23:38:06.991+0000] {logging_mixin.py:149} INFO - [2023-05-17T23:38:06.991+0000] {dag.py:2726} INFO - Sync 2 DAGs
[2023-05-17T23:38:07.005+0000] {logging_mixin.py:149} INFO - [2023-05-17T23:38:07.005+0000] {dag.py:3490} INFO - Setting next_dagrun for example_external_task_marker_child to None, run_after=None
[2023-05-17T23:38:07.007+0000] {logging_mixin.py:149} INFO - [2023-05-17T23:38:07.007+0000] {dag.py:3490} INFO - Setting next_dagrun for example_external_task_marker_parent to None, run_after=None
[2023-05-17T23:38:07.037+0000] {processor.py:179} INFO - Processing /home/airflow/.local/lib/python3.7/site-packages/airflow/example_dags/example_external_task_marker_dag.py took 0.069 seconds
[2023-05-17T23:40:47.728+0000] {processor.py:157} INFO - Started process (PID=42) to work on /home/airflow/.local/lib/python3.7/site-packages/airflow/example_dags/example_external_task_marker_dag.py
[2023-05-17T23:40:47.739+0000] {processor.py:826} INFO - Processing file /home/airflow/.local/lib/python3.7/site-packages/airflow/example_dags/example_external_task_marker_dag.py for tasks to queue
[2023-05-17T23:40:47.739+0000] {logging_mixin.py:149} INFO - [2023-05-17T23:40:47.739+0000] {dagbag.py:541} INFO - Filling up the DagBag from /home/airflow/.local/lib/python3.7/site-packages/airflow/example_dags/example_external_task_marker_dag.py
[2023-05-17T23:40:47.745+0000] {processor.py:836} INFO - DAG(s) dict_keys(['example_external_task_marker_parent', 'example_external_task_marker_child']) retrieved from /home/airflow/.local/lib/python3.7/site-packages/airflow/example_dags/example_external_task_marker_dag.py
[2023-05-17T23:40:47.765+0000] {logging_mixin.py:149} INFO - [2023-05-17T23:40:47.765+0000] {dag.py:2726} INFO - Sync 2 DAGs
[2023-05-17T23:40:47.785+0000] {logging_mixin.py:149} INFO - [2023-05-17T23:40:47.785+0000] {dag.py:3490} INFO - Setting next_dagrun for example_external_task_marker_child to None, run_after=None
[2023-05-17T23:40:47.788+0000] {logging_mixin.py:149} INFO - [2023-05-17T23:40:47.788+0000] {dag.py:3490} INFO - Setting next_dagrun for example_external_task_marker_parent to None, run_after=None
[2023-05-17T23:40:47.806+0000] {processor.py:179} INFO - Processing /home/airflow/.local/lib/python3.7/site-packages/airflow/example_dags/example_external_task_marker_dag.py took 0.079 seconds
[2023-05-17T23:41:19.094+0000] {processor.py:157} INFO - Started process (PID=106) to work on /home/airflow/.local/lib/python3.7/site-packages/airflow/example_dags/example_external_task_marker_dag.py
[2023-05-17T23:41:19.095+0000] {processor.py:826} INFO - Processing file /home/airflow/.local/lib/python3.7/site-packages/airflow/example_dags/example_external_task_marker_dag.py for tasks to queue
[2023-05-17T23:41:19.095+0000] {logging_mixin.py:149} INFO - [2023-05-17T23:41:19.095+0000] {dagbag.py:541} INFO - Filling up the DagBag from /home/airflow/.local/lib/python3.7/site-packages/airflow/example_dags/example_external_task_marker_dag.py
[2023-05-17T23:41:19.100+0000] {processor.py:836} INFO - DAG(s) dict_keys(['example_external_task_marker_child', 'example_external_task_marker_parent']) retrieved from /home/airflow/.local/lib/python3.7/site-packages/airflow/example_dags/example_external_task_marker_dag.py
[2023-05-17T23:41:19.126+0000] {logging_mixin.py:149} INFO - [2023-05-17T23:41:19.125+0000] {dag.py:2726} INFO - Sync 2 DAGs
[2023-05-17T23:41:19.152+0000] {logging_mixin.py:149} INFO - [2023-05-17T23:41:19.152+0000] {dag.py:3490} INFO - Setting next_dagrun for example_external_task_marker_child to None, run_after=None
[2023-05-17T23:41:19.156+0000] {logging_mixin.py:149} INFO - [2023-05-17T23:41:19.156+0000] {dag.py:3490} INFO - Setting next_dagrun for example_external_task_marker_parent to None, run_after=None
[2023-05-17T23:41:19.173+0000] {processor.py:179} INFO - Processing /home/airflow/.local/lib/python3.7/site-packages/airflow/example_dags/example_external_task_marker_dag.py took 0.081 seconds
[2023-05-17T23:41:49.740+0000] {processor.py:157} INFO - Started process (PID=170) to work on /home/airflow/.local/lib/python3.7/site-packages/airflow/example_dags/example_external_task_marker_dag.py
[2023-05-17T23:41:49.745+0000] {processor.py:826} INFO - Processing file /home/airflow/.local/lib/python3.7/site-packages/airflow/example_dags/example_external_task_marker_dag.py for tasks to queue
[2023-05-17T23:41:49.746+0000] {logging_mixin.py:149} INFO - [2023-05-17T23:41:49.746+0000] {dagbag.py:541} INFO - Filling up the DagBag from /home/airflow/.local/lib/python3.7/site-packages/airflow/example_dags/example_external_task_marker_dag.py
[2023-05-17T23:41:49.749+0000] {processor.py:836} INFO - DAG(s) dict_keys(['example_external_task_marker_child', 'example_external_task_marker_parent']) retrieved from /home/airflow/.local/lib/python3.7/site-packages/airflow/example_dags/example_external_task_marker_dag.py
[2023-05-17T23:41:49.767+0000] {logging_mixin.py:149} INFO - [2023-05-17T23:41:49.766+0000] {dag.py:2726} INFO - Sync 2 DAGs
[2023-05-17T23:41:49.854+0000] {logging_mixin.py:149} INFO - [2023-05-17T23:41:49.854+0000] {dag.py:3490} INFO - Setting next_dagrun for example_external_task_marker_child to None, run_after=None
[2023-05-17T23:41:49.856+0000] {logging_mixin.py:149} INFO - [2023-05-17T23:41:49.856+0000] {dag.py:3490} INFO - Setting next_dagrun for example_external_task_marker_parent to None, run_after=None
[2023-05-17T23:41:49.873+0000] {processor.py:179} INFO - Processing /home/airflow/.local/lib/python3.7/site-packages/airflow/example_dags/example_external_task_marker_dag.py took 0.135 seconds
[2023-05-17T23:42:20.364+0000] {processor.py:157} INFO - Started process (PID=234) to work on /home/airflow/.local/lib/python3.7/site-packages/airflow/example_dags/example_external_task_marker_dag.py
[2023-05-17T23:42:20.364+0000] {processor.py:826} INFO - Processing file /home/airflow/.local/lib/python3.7/site-packages/airflow/example_dags/example_external_task_marker_dag.py for tasks to queue
[2023-05-17T23:42:20.365+0000] {logging_mixin.py:149} INFO - [2023-05-17T23:42:20.364+0000] {dagbag.py:541} INFO - Filling up the DagBag from /home/airflow/.local/lib/python3.7/site-packages/airflow/example_dags/example_external_task_marker_dag.py
[2023-05-17T23:42:20.368+0000] {processor.py:836} INFO - DAG(s) dict_keys(['example_external_task_marker_child', 'example_external_task_marker_parent']) retrieved from /home/airflow/.local/lib/python3.7/site-packages/airflow/example_dags/example_external_task_marker_dag.py
[2023-05-17T23:42:20.376+0000] {logging_mixin.py:149} INFO - [2023-05-17T23:42:20.375+0000] {dag.py:2726} INFO - Sync 2 DAGs
[2023-05-17T23:42:20.390+0000] {logging_mixin.py:149} INFO - [2023-05-17T23:42:20.390+0000] {dag.py:3490} INFO - Setting next_dagrun for example_external_task_marker_child to None, run_after=None
[2023-05-17T23:42:20.391+0000] {logging_mixin.py:149} INFO - [2023-05-17T23:42:20.391+0000] {dag.py:3490} INFO - Setting next_dagrun for example_external_task_marker_parent to None, run_after=None
[2023-05-17T23:42:20.410+0000] {processor.py:179} INFO - Processing /home/airflow/.local/lib/python3.7/site-packages/airflow/example_dags/example_external_task_marker_dag.py took 0.048 seconds
[2023-05-17T23:42:51.001+0000] {processor.py:157} INFO - Started process (PID=298) to work on /home/airflow/.local/lib/python3.7/site-packages/airflow/example_dags/example_external_task_marker_dag.py
[2023-05-17T23:42:51.001+0000] {processor.py:826} INFO - Processing file /home/airflow/.local/lib/python3.7/site-packages/airflow/example_dags/example_external_task_marker_dag.py for tasks to queue
[2023-05-17T23:42:51.002+0000] {logging_mixin.py:149} INFO - [2023-05-17T23:42:51.002+0000] {dagbag.py:541} INFO - Filling up the DagBag from /home/airflow/.local/lib/python3.7/site-packages/airflow/example_dags/example_external_task_marker_dag.py
[2023-05-17T23:42:51.005+0000] {processor.py:836} INFO - DAG(s) dict_keys(['example_external_task_marker_child', 'example_external_task_marker_parent']) retrieved from /home/airflow/.local/lib/python3.7/site-packages/airflow/example_dags/example_external_task_marker_dag.py
[2023-05-17T23:42:51.041+0000] {logging_mixin.py:149} INFO - [2023-05-17T23:42:51.041+0000] {dag.py:2726} INFO - Sync 2 DAGs
[2023-05-17T23:42:51.054+0000] {logging_mixin.py:149} INFO - [2023-05-17T23:42:51.054+0000] {dag.py:3490} INFO - Setting next_dagrun for example_external_task_marker_child to None, run_after=None
[2023-05-17T23:42:51.056+0000] {logging_mixin.py:149} INFO - [2023-05-17T23:42:51.056+0000] {dag.py:3490} INFO - Setting next_dagrun for example_external_task_marker_parent to None, run_after=None
[2023-05-17T23:42:51.068+0000] {processor.py:179} INFO - Processing /home/airflow/.local/lib/python3.7/site-packages/airflow/example_dags/example_external_task_marker_dag.py took 0.069 seconds
[2023-05-17T23:43:21.607+0000] {processor.py:157} INFO - Started process (PID=362) to work on /home/airflow/.local/lib/python3.7/site-packages/airflow/example_dags/example_external_task_marker_dag.py
[2023-05-17T23:43:21.612+0000] {processor.py:826} INFO - Processing file /home/airflow/.local/lib/python3.7/site-packages/airflow/example_dags/example_external_task_marker_dag.py for tasks to queue
[2023-05-17T23:43:21.612+0000] {logging_mixin.py:149} INFO - [2023-05-17T23:43:21.612+0000] {dagbag.py:541} INFO - Filling up the DagBag from /home/airflow/.local/lib/python3.7/site-packages/airflow/example_dags/example_external_task_marker_dag.py
[2023-05-17T23:43:21.615+0000] {processor.py:836} INFO - DAG(s) dict_keys(['example_external_task_marker_child', 'example_external_task_marker_parent']) retrieved from /home/airflow/.local/lib/python3.7/site-packages/airflow/example_dags/example_external_task_marker_dag.py
[2023-05-17T23:43:21.630+0000] {logging_mixin.py:149} INFO - [2023-05-17T23:43:21.630+0000] {dag.py:2726} INFO - Sync 2 DAGs
[2023-05-17T23:43:21.644+0000] {logging_mixin.py:149} INFO - [2023-05-17T23:43:21.644+0000] {dag.py:3490} INFO - Setting next_dagrun for example_external_task_marker_child to None, run_after=None
[2023-05-17T23:43:21.645+0000] {logging_mixin.py:149} INFO - [2023-05-17T23:43:21.645+0000] {dag.py:3490} INFO - Setting next_dagrun for example_external_task_marker_parent to None, run_after=None
[2023-05-17T23:43:21.658+0000] {processor.py:179} INFO - Processing /home/airflow/.local/lib/python3.7/site-packages/airflow/example_dags/example_external_task_marker_dag.py took 0.053 seconds
[2023-05-17T23:43:52.109+0000] {processor.py:157} INFO - Started process (PID=426) to work on /home/airflow/.local/lib/python3.7/site-packages/airflow/example_dags/example_external_task_marker_dag.py
[2023-05-17T23:43:52.109+0000] {processor.py:826} INFO - Processing file /home/airflow/.local/lib/python3.7/site-packages/airflow/example_dags/example_external_task_marker_dag.py for tasks to queue
[2023-05-17T23:43:52.110+0000] {logging_mixin.py:149} INFO - [2023-05-17T23:43:52.109+0000] {dagbag.py:541} INFO - Filling up the DagBag from /home/airflow/.local/lib/python3.7/site-packages/airflow/example_dags/example_external_task_marker_dag.py
[2023-05-17T23:43:52.112+0000] {processor.py:836} INFO - DAG(s) dict_keys(['example_external_task_marker_parent', 'example_external_task_marker_child']) retrieved from /home/airflow/.local/lib/python3.7/site-packages/airflow/example_dags/example_external_task_marker_dag.py
[2023-05-17T23:43:52.127+0000] {logging_mixin.py:149} INFO - [2023-05-17T23:43:52.127+0000] {dag.py:2726} INFO - Sync 2 DAGs
[2023-05-17T23:43:52.140+0000] {logging_mixin.py:149} INFO - [2023-05-17T23:43:52.140+0000] {dag.py:3490} INFO - Setting next_dagrun for example_external_task_marker_child to None, run_after=None
[2023-05-17T23:43:52.142+0000] {logging_mixin.py:149} INFO - [2023-05-17T23:43:52.142+0000] {dag.py:3490} INFO - Setting next_dagrun for example_external_task_marker_parent to None, run_after=None
[2023-05-17T23:43:52.154+0000] {processor.py:179} INFO - Processing /home/airflow/.local/lib/python3.7/site-packages/airflow/example_dags/example_external_task_marker_dag.py took 0.046 seconds
[2023-05-17T23:44:22.916+0000] {processor.py:157} INFO - Started process (PID=490) to work on /home/airflow/.local/lib/python3.7/site-packages/airflow/example_dags/example_external_task_marker_dag.py
[2023-05-17T23:44:22.921+0000] {processor.py:826} INFO - Processing file /home/airflow/.local/lib/python3.7/site-packages/airflow/example_dags/example_external_task_marker_dag.py for tasks to queue
[2023-05-17T23:44:22.921+0000] {logging_mixin.py:149} INFO - [2023-05-17T23:44:22.921+0000] {dagbag.py:541} INFO - Filling up the DagBag from /home/airflow/.local/lib/python3.7/site-packages/airflow/example_dags/example_external_task_marker_dag.py
[2023-05-17T23:44:22.924+0000] {processor.py:836} INFO - DAG(s) dict_keys(['example_external_task_marker_child', 'example_external_task_marker_parent']) retrieved from /home/airflow/.local/lib/python3.7/site-packages/airflow/example_dags/example_external_task_marker_dag.py
[2023-05-17T23:44:22.939+0000] {logging_mixin.py:149} INFO - [2023-05-17T23:44:22.938+0000] {dag.py:2726} INFO - Sync 2 DAGs
[2023-05-17T23:44:22.951+0000] {logging_mixin.py:149} INFO - [2023-05-17T23:44:22.951+0000] {dag.py:3490} INFO - Setting next_dagrun for example_external_task_marker_child to None, run_after=None
[2023-05-17T23:44:22.953+0000] {logging_mixin.py:149} INFO - [2023-05-17T23:44:22.953+0000] {dag.py:3490} INFO - Setting next_dagrun for example_external_task_marker_parent to None, run_after=None
[2023-05-17T23:44:22.966+0000] {processor.py:179} INFO - Processing /home/airflow/.local/lib/python3.7/site-packages/airflow/example_dags/example_external_task_marker_dag.py took 0.052 seconds
[2023-05-17T23:44:53.501+0000] {processor.py:157} INFO - Started process (PID=554) to work on /home/airflow/.local/lib/python3.7/site-packages/airflow/example_dags/example_external_task_marker_dag.py
[2023-05-17T23:44:53.502+0000] {processor.py:826} INFO - Processing file /home/airflow/.local/lib/python3.7/site-packages/airflow/example_dags/example_external_task_marker_dag.py for tasks to queue
[2023-05-17T23:44:53.502+0000] {logging_mixin.py:149} INFO - [2023-05-17T23:44:53.502+0000] {dagbag.py:541} INFO - Filling up the DagBag from /home/airflow/.local/lib/python3.7/site-packages/airflow/example_dags/example_external_task_marker_dag.py
[2023-05-17T23:44:53.505+0000] {processor.py:836} INFO - DAG(s) dict_keys(['example_external_task_marker_child', 'example_external_task_marker_parent']) retrieved from /home/airflow/.local/lib/python3.7/site-packages/airflow/example_dags/example_external_task_marker_dag.py
[2023-05-17T23:44:53.521+0000] {logging_mixin.py:149} INFO - [2023-05-17T23:44:53.521+0000] {dag.py:2726} INFO - Sync 2 DAGs
[2023-05-17T23:44:53.537+0000] {logging_mixin.py:149} INFO - [2023-05-17T23:44:53.537+0000] {dag.py:3490} INFO - Setting next_dagrun for example_external_task_marker_child to None, run_after=None
[2023-05-17T23:44:53.538+0000] {logging_mixin.py:149} INFO - [2023-05-17T23:44:53.538+0000] {dag.py:3490} INFO - Setting next_dagrun for example_external_task_marker_parent to None, run_after=None
[2023-05-17T23:44:53.548+0000] {processor.py:179} INFO - Processing /home/airflow/.local/lib/python3.7/site-packages/airflow/example_dags/example_external_task_marker_dag.py took 0.049 seconds
[2023-05-17T23:45:24.066+0000] {processor.py:157} INFO - Started process (PID=618) to work on /home/airflow/.local/lib/python3.7/site-packages/airflow/example_dags/example_external_task_marker_dag.py
[2023-05-17T23:45:24.071+0000] {processor.py:826} INFO - Processing file /home/airflow/.local/lib/python3.7/site-packages/airflow/example_dags/example_external_task_marker_dag.py for tasks to queue
[2023-05-17T23:45:24.071+0000] {logging_mixin.py:149} INFO - [2023-05-17T23:45:24.071+0000] {dagbag.py:541} INFO - Filling up the DagBag from /home/airflow/.local/lib/python3.7/site-packages/airflow/example_dags/example_external_task_marker_dag.py
[2023-05-17T23:45:24.074+0000] {processor.py:836} INFO - DAG(s) dict_keys(['example_external_task_marker_parent', 'example_external_task_marker_child']) retrieved from /home/airflow/.local/lib/python3.7/site-packages/airflow/example_dags/example_external_task_marker_dag.py
[2023-05-17T23:45:24.089+0000] {logging_mixin.py:149} INFO - [2023-05-17T23:45:24.089+0000] {dag.py:2726} INFO - Sync 2 DAGs
[2023-05-17T23:45:24.102+0000] {logging_mixin.py:149} INFO - [2023-05-17T23:45:24.102+0000] {dag.py:3490} INFO - Setting next_dagrun for example_external_task_marker_child to None, run_after=None
[2023-05-17T23:45:24.104+0000] {logging_mixin.py:149} INFO - [2023-05-17T23:45:24.104+0000] {dag.py:3490} INFO - Setting next_dagrun for example_external_task_marker_parent to None, run_after=None
[2023-05-17T23:45:24.117+0000] {processor.py:179} INFO - Processing /home/airflow/.local/lib/python3.7/site-packages/airflow/example_dags/example_external_task_marker_dag.py took 0.053 seconds
[2023-05-17T23:45:54.881+0000] {processor.py:157} INFO - Started process (PID=682) to work on /home/airflow/.local/lib/python3.7/site-packages/airflow/example_dags/example_external_task_marker_dag.py
[2023-05-17T23:45:54.882+0000] {processor.py:826} INFO - Processing file /home/airflow/.local/lib/python3.7/site-packages/airflow/example_dags/example_external_task_marker_dag.py for tasks to queue
[2023-05-17T23:45:54.882+0000] {logging_mixin.py:149} INFO - [2023-05-17T23:45:54.882+0000] {dagbag.py:541} INFO - Filling up the DagBag from /home/airflow/.local/lib/python3.7/site-packages/airflow/example_dags/example_external_task_marker_dag.py
[2023-05-17T23:45:54.886+0000] {processor.py:836} INFO - DAG(s) dict_keys(['example_external_task_marker_child', 'example_external_task_marker_parent']) retrieved from /home/airflow/.local/lib/python3.7/site-packages/airflow/example_dags/example_external_task_marker_dag.py
[2023-05-17T23:45:54.906+0000] {logging_mixin.py:149} INFO - [2023-05-17T23:45:54.906+0000] {dag.py:2726} INFO - Sync 2 DAGs
[2023-05-17T23:45:54.923+0000] {logging_mixin.py:149} INFO - [2023-05-17T23:45:54.923+0000] {dag.py:3490} INFO - Setting next_dagrun for example_external_task_marker_child to None, run_after=None
[2023-05-17T23:45:54.925+0000] {logging_mixin.py:149} INFO - [2023-05-17T23:45:54.925+0000] {dag.py:3490} INFO - Setting next_dagrun for example_external_task_marker_parent to None, run_after=None
[2023-05-17T23:45:54.937+0000] {processor.py:179} INFO - Processing /home/airflow/.local/lib/python3.7/site-packages/airflow/example_dags/example_external_task_marker_dag.py took 0.058 seconds
[2023-05-17T23:46:25.459+0000] {processor.py:157} INFO - Started process (PID=746) to work on /home/airflow/.local/lib/python3.7/site-packages/airflow/example_dags/example_external_task_marker_dag.py
[2023-05-17T23:46:25.463+0000] {processor.py:826} INFO - Processing file /home/airflow/.local/lib/python3.7/site-packages/airflow/example_dags/example_external_task_marker_dag.py for tasks to queue
[2023-05-17T23:46:25.463+0000] {logging_mixin.py:149} INFO - [2023-05-17T23:46:25.463+0000] {dagbag.py:541} INFO - Filling up the DagBag from /home/airflow/.local/lib/python3.7/site-packages/airflow/example_dags/example_external_task_marker_dag.py
[2023-05-17T23:46:25.466+0000] {processor.py:836} INFO - DAG(s) dict_keys(['example_external_task_marker_child', 'example_external_task_marker_parent']) retrieved from /home/airflow/.local/lib/python3.7/site-packages/airflow/example_dags/example_external_task_marker_dag.py
[2023-05-17T23:46:25.481+0000] {logging_mixin.py:149} INFO - [2023-05-17T23:46:25.481+0000] {dag.py:2726} INFO - Sync 2 DAGs
[2023-05-17T23:46:25.495+0000] {logging_mixin.py:149} INFO - [2023-05-17T23:46:25.495+0000] {dag.py:3490} INFO - Setting next_dagrun for example_external_task_marker_child to None, run_after=None
[2023-05-17T23:46:25.497+0000] {logging_mixin.py:149} INFO - [2023-05-17T23:46:25.497+0000] {dag.py:3490} INFO - Setting next_dagrun for example_external_task_marker_parent to None, run_after=None
[2023-05-17T23:46:25.510+0000] {processor.py:179} INFO - Processing /home/airflow/.local/lib/python3.7/site-packages/airflow/example_dags/example_external_task_marker_dag.py took 0.052 seconds
[2023-05-17T23:46:55.989+0000] {processor.py:157} INFO - Started process (PID=810) to work on /home/airflow/.local/lib/python3.7/site-packages/airflow/example_dags/example_external_task_marker_dag.py
[2023-05-17T23:46:55.989+0000] {processor.py:826} INFO - Processing file /home/airflow/.local/lib/python3.7/site-packages/airflow/example_dags/example_external_task_marker_dag.py for tasks to queue
[2023-05-17T23:46:55.990+0000] {logging_mixin.py:149} INFO - [2023-05-17T23:46:55.990+0000] {dagbag.py:541} INFO - Filling up the DagBag from /home/airflow/.local/lib/python3.7/site-packages/airflow/example_dags/example_external_task_marker_dag.py
[2023-05-17T23:46:55.993+0000] {processor.py:836} INFO - DAG(s) dict_keys(['example_external_task_marker_parent', 'example_external_task_marker_child']) retrieved from /home/airflow/.local/lib/python3.7/site-packages/airflow/example_dags/example_external_task_marker_dag.py
[2023-05-17T23:46:56.007+0000] {logging_mixin.py:149} INFO - [2023-05-17T23:46:56.007+0000] {dag.py:2726} INFO - Sync 2 DAGs
[2023-05-17T23:46:56.020+0000] {logging_mixin.py:149} INFO - [2023-05-17T23:46:56.020+0000] {dag.py:3490} INFO - Setting next_dagrun for example_external_task_marker_child to None, run_after=None
[2023-05-17T23:46:56.022+0000] {logging_mixin.py:149} INFO - [2023-05-17T23:46:56.022+0000] {dag.py:3490} INFO - Setting next_dagrun for example_external_task_marker_parent to None, run_after=None
[2023-05-17T23:46:56.031+0000] {processor.py:179} INFO - Processing /home/airflow/.local/lib/python3.7/site-packages/airflow/example_dags/example_external_task_marker_dag.py took 0.044 seconds
[2023-05-17T23:48:20.527+0000] {processor.py:157} INFO - Started process (PID=42) to work on /home/airflow/.local/lib/python3.7/site-packages/airflow/example_dags/example_external_task_marker_dag.py
[2023-05-17T23:48:20.527+0000] {processor.py:826} INFO - Processing file /home/airflow/.local/lib/python3.7/site-packages/airflow/example_dags/example_external_task_marker_dag.py for tasks to queue
[2023-05-17T23:48:20.528+0000] {logging_mixin.py:149} INFO - [2023-05-17T23:48:20.528+0000] {dagbag.py:541} INFO - Filling up the DagBag from /home/airflow/.local/lib/python3.7/site-packages/airflow/example_dags/example_external_task_marker_dag.py
[2023-05-17T23:48:20.532+0000] {processor.py:836} INFO - DAG(s) dict_keys(['example_external_task_marker_parent', 'example_external_task_marker_child']) retrieved from /home/airflow/.local/lib/python3.7/site-packages/airflow/example_dags/example_external_task_marker_dag.py
[2023-05-17T23:48:20.540+0000] {logging_mixin.py:149} INFO - [2023-05-17T23:48:20.540+0000] {dag.py:2726} INFO - Sync 2 DAGs
[2023-05-17T23:48:20.556+0000] {logging_mixin.py:149} INFO - [2023-05-17T23:48:20.556+0000] {dag.py:3490} INFO - Setting next_dagrun for example_external_task_marker_child to None, run_after=None
[2023-05-17T23:48:20.558+0000] {logging_mixin.py:149} INFO - [2023-05-17T23:48:20.558+0000] {dag.py:3490} INFO - Setting next_dagrun for example_external_task_marker_parent to None, run_after=None
[2023-05-17T23:48:20.569+0000] {processor.py:179} INFO - Processing /home/airflow/.local/lib/python3.7/site-packages/airflow/example_dags/example_external_task_marker_dag.py took 0.044 seconds
[2023-05-17T23:48:51.664+0000] {processor.py:157} INFO - Started process (PID=106) to work on /home/airflow/.local/lib/python3.7/site-packages/airflow/example_dags/example_external_task_marker_dag.py
[2023-05-17T23:48:51.665+0000] {processor.py:826} INFO - Processing file /home/airflow/.local/lib/python3.7/site-packages/airflow/example_dags/example_external_task_marker_dag.py for tasks to queue
[2023-05-17T23:48:51.665+0000] {logging_mixin.py:149} INFO - [2023-05-17T23:48:51.665+0000] {dagbag.py:541} INFO - Filling up the DagBag from /home/airflow/.local/lib/python3.7/site-packages/airflow/example_dags/example_external_task_marker_dag.py
[2023-05-17T23:48:51.668+0000] {processor.py:836} INFO - DAG(s) dict_keys(['example_external_task_marker_child', 'example_external_task_marker_parent']) retrieved from /home/airflow/.local/lib/python3.7/site-packages/airflow/example_dags/example_external_task_marker_dag.py
[2023-05-17T23:48:51.703+0000] {logging_mixin.py:149} INFO - [2023-05-17T23:48:51.703+0000] {dag.py:2726} INFO - Sync 2 DAGs
[2023-05-17T23:48:51.715+0000] {logging_mixin.py:149} INFO - [2023-05-17T23:48:51.715+0000] {dag.py:3490} INFO - Setting next_dagrun for example_external_task_marker_child to None, run_after=None
[2023-05-17T23:48:51.717+0000] {logging_mixin.py:149} INFO - [2023-05-17T23:48:51.717+0000] {dag.py:3490} INFO - Setting next_dagrun for example_external_task_marker_parent to None, run_after=None
[2023-05-17T23:48:51.728+0000] {processor.py:179} INFO - Processing /home/airflow/.local/lib/python3.7/site-packages/airflow/example_dags/example_external_task_marker_dag.py took 0.066 seconds
[2023-05-17T23:49:22.150+0000] {processor.py:157} INFO - Started process (PID=170) to work on /home/airflow/.local/lib/python3.7/site-packages/airflow/example_dags/example_external_task_marker_dag.py
[2023-05-17T23:49:22.150+0000] {processor.py:826} INFO - Processing file /home/airflow/.local/lib/python3.7/site-packages/airflow/example_dags/example_external_task_marker_dag.py for tasks to queue
[2023-05-17T23:49:22.151+0000] {logging_mixin.py:149} INFO - [2023-05-17T23:49:22.151+0000] {dagbag.py:541} INFO - Filling up the DagBag from /home/airflow/.local/lib/python3.7/site-packages/airflow/example_dags/example_external_task_marker_dag.py
[2023-05-17T23:49:22.154+0000] {processor.py:836} INFO - DAG(s) dict_keys(['example_external_task_marker_parent', 'example_external_task_marker_child']) retrieved from /home/airflow/.local/lib/python3.7/site-packages/airflow/example_dags/example_external_task_marker_dag.py
[2023-05-17T23:49:22.175+0000] {logging_mixin.py:149} INFO - [2023-05-17T23:49:22.175+0000] {dag.py:2726} INFO - Sync 2 DAGs
[2023-05-17T23:49:22.273+0000] {logging_mixin.py:149} INFO - [2023-05-17T23:49:22.273+0000] {dag.py:3490} INFO - Setting next_dagrun for example_external_task_marker_child to None, run_after=None
[2023-05-17T23:49:22.275+0000] {logging_mixin.py:149} INFO - [2023-05-17T23:49:22.275+0000] {dag.py:3490} INFO - Setting next_dagrun for example_external_task_marker_parent to None, run_after=None
[2023-05-17T23:49:22.294+0000] {processor.py:179} INFO - Processing /home/airflow/.local/lib/python3.7/site-packages/airflow/example_dags/example_external_task_marker_dag.py took 0.146 seconds
[2023-05-17T23:49:53.273+0000] {processor.py:157} INFO - Started process (PID=234) to work on /home/airflow/.local/lib/python3.7/site-packages/airflow/example_dags/example_external_task_marker_dag.py
[2023-05-17T23:49:53.275+0000] {processor.py:826} INFO - Processing file /home/airflow/.local/lib/python3.7/site-packages/airflow/example_dags/example_external_task_marker_dag.py for tasks to queue
[2023-05-17T23:49:53.275+0000] {logging_mixin.py:149} INFO - [2023-05-17T23:49:53.275+0000] {dagbag.py:541} INFO - Filling up the DagBag from /home/airflow/.local/lib/python3.7/site-packages/airflow/example_dags/example_external_task_marker_dag.py
[2023-05-17T23:49:53.278+0000] {processor.py:836} INFO - DAG(s) dict_keys(['example_external_task_marker_child', 'example_external_task_marker_parent']) retrieved from /home/airflow/.local/lib/python3.7/site-packages/airflow/example_dags/example_external_task_marker_dag.py
[2023-05-17T23:49:53.295+0000] {logging_mixin.py:149} INFO - [2023-05-17T23:49:53.295+0000] {dag.py:2726} INFO - Sync 2 DAGs
[2023-05-17T23:49:53.309+0000] {logging_mixin.py:149} INFO - [2023-05-17T23:49:53.309+0000] {dag.py:3490} INFO - Setting next_dagrun for example_external_task_marker_child to None, run_after=None
[2023-05-17T23:49:53.311+0000] {logging_mixin.py:149} INFO - [2023-05-17T23:49:53.311+0000] {dag.py:3490} INFO - Setting next_dagrun for example_external_task_marker_parent to None, run_after=None
[2023-05-17T23:49:53.322+0000] {processor.py:179} INFO - Processing /home/airflow/.local/lib/python3.7/site-packages/airflow/example_dags/example_external_task_marker_dag.py took 0.051 seconds
[2023-05-17T23:50:24.094+0000] {processor.py:157} INFO - Started process (PID=298) to work on /home/airflow/.local/lib/python3.7/site-packages/airflow/example_dags/example_external_task_marker_dag.py
[2023-05-17T23:50:24.096+0000] {processor.py:826} INFO - Processing file /home/airflow/.local/lib/python3.7/site-packages/airflow/example_dags/example_external_task_marker_dag.py for tasks to queue
[2023-05-17T23:50:24.096+0000] {logging_mixin.py:149} INFO - [2023-05-17T23:50:24.096+0000] {dagbag.py:541} INFO - Filling up the DagBag from /home/airflow/.local/lib/python3.7/site-packages/airflow/example_dags/example_external_task_marker_dag.py
[2023-05-17T23:50:24.099+0000] {processor.py:836} INFO - DAG(s) dict_keys(['example_external_task_marker_child', 'example_external_task_marker_parent']) retrieved from /home/airflow/.local/lib/python3.7/site-packages/airflow/example_dags/example_external_task_marker_dag.py
[2023-05-17T23:50:24.116+0000] {logging_mixin.py:149} INFO - [2023-05-17T23:50:24.116+0000] {dag.py:2726} INFO - Sync 2 DAGs
[2023-05-17T23:50:24.129+0000] {logging_mixin.py:149} INFO - [2023-05-17T23:50:24.129+0000] {dag.py:3490} INFO - Setting next_dagrun for example_external_task_marker_child to None, run_after=None
[2023-05-17T23:50:24.131+0000] {logging_mixin.py:149} INFO - [2023-05-17T23:50:24.131+0000] {dag.py:3490} INFO - Setting next_dagrun for example_external_task_marker_parent to None, run_after=None
[2023-05-17T23:50:24.142+0000] {processor.py:179} INFO - Processing /home/airflow/.local/lib/python3.7/site-packages/airflow/example_dags/example_external_task_marker_dag.py took 0.050 seconds
[2023-05-17T23:50:54.645+0000] {processor.py:157} INFO - Started process (PID=362) to work on /home/airflow/.local/lib/python3.7/site-packages/airflow/example_dags/example_external_task_marker_dag.py
[2023-05-17T23:50:54.646+0000] {processor.py:826} INFO - Processing file /home/airflow/.local/lib/python3.7/site-packages/airflow/example_dags/example_external_task_marker_dag.py for tasks to queue
[2023-05-17T23:50:54.646+0000] {logging_mixin.py:149} INFO - [2023-05-17T23:50:54.646+0000] {dagbag.py:541} INFO - Filling up the DagBag from /home/airflow/.local/lib/python3.7/site-packages/airflow/example_dags/example_external_task_marker_dag.py
[2023-05-17T23:50:54.649+0000] {processor.py:836} INFO - DAG(s) dict_keys(['example_external_task_marker_child', 'example_external_task_marker_parent']) retrieved from /home/airflow/.local/lib/python3.7/site-packages/airflow/example_dags/example_external_task_marker_dag.py
[2023-05-17T23:50:54.665+0000] {logging_mixin.py:149} INFO - [2023-05-17T23:50:54.665+0000] {dag.py:2726} INFO - Sync 2 DAGs
[2023-05-17T23:50:54.679+0000] {logging_mixin.py:149} INFO - [2023-05-17T23:50:54.679+0000] {dag.py:3490} INFO - Setting next_dagrun for example_external_task_marker_child to None, run_after=None
[2023-05-17T23:50:54.681+0000] {logging_mixin.py:149} INFO - [2023-05-17T23:50:54.681+0000] {dag.py:3490} INFO - Setting next_dagrun for example_external_task_marker_parent to None, run_after=None
[2023-05-17T23:50:54.693+0000] {processor.py:179} INFO - Processing /home/airflow/.local/lib/python3.7/site-packages/airflow/example_dags/example_external_task_marker_dag.py took 0.049 seconds
[2023-05-17T23:51:25.245+0000] {processor.py:157} INFO - Started process (PID=426) to work on /home/airflow/.local/lib/python3.7/site-packages/airflow/example_dags/example_external_task_marker_dag.py
[2023-05-17T23:51:25.247+0000] {processor.py:826} INFO - Processing file /home/airflow/.local/lib/python3.7/site-packages/airflow/example_dags/example_external_task_marker_dag.py for tasks to queue
[2023-05-17T23:51:25.247+0000] {logging_mixin.py:149} INFO - [2023-05-17T23:51:25.247+0000] {dagbag.py:541} INFO - Filling up the DagBag from /home/airflow/.local/lib/python3.7/site-packages/airflow/example_dags/example_external_task_marker_dag.py
[2023-05-17T23:51:25.251+0000] {processor.py:836} INFO - DAG(s) dict_keys(['example_external_task_marker_child', 'example_external_task_marker_parent']) retrieved from /home/airflow/.local/lib/python3.7/site-packages/airflow/example_dags/example_external_task_marker_dag.py
[2023-05-17T23:51:25.269+0000] {logging_mixin.py:149} INFO - [2023-05-17T23:51:25.269+0000] {dag.py:2726} INFO - Sync 2 DAGs
[2023-05-17T23:51:25.282+0000] {logging_mixin.py:149} INFO - [2023-05-17T23:51:25.282+0000] {dag.py:3490} INFO - Setting next_dagrun for example_external_task_marker_child to None, run_after=None
[2023-05-17T23:51:25.284+0000] {logging_mixin.py:149} INFO - [2023-05-17T23:51:25.284+0000] {dag.py:3490} INFO - Setting next_dagrun for example_external_task_marker_parent to None, run_after=None
[2023-05-17T23:51:25.297+0000] {processor.py:179} INFO - Processing /home/airflow/.local/lib/python3.7/site-packages/airflow/example_dags/example_external_task_marker_dag.py took 0.053 seconds
[2023-05-17T23:51:55.862+0000] {processor.py:157} INFO - Started process (PID=490) to work on /home/airflow/.local/lib/python3.7/site-packages/airflow/example_dags/example_external_task_marker_dag.py
[2023-05-17T23:51:55.863+0000] {processor.py:826} INFO - Processing file /home/airflow/.local/lib/python3.7/site-packages/airflow/example_dags/example_external_task_marker_dag.py for tasks to queue
[2023-05-17T23:51:55.863+0000] {logging_mixin.py:149} INFO - [2023-05-17T23:51:55.863+0000] {dagbag.py:541} INFO - Filling up the DagBag from /home/airflow/.local/lib/python3.7/site-packages/airflow/example_dags/example_external_task_marker_dag.py
[2023-05-17T23:51:55.866+0000] {processor.py:836} INFO - DAG(s) dict_keys(['example_external_task_marker_parent', 'example_external_task_marker_child']) retrieved from /home/airflow/.local/lib/python3.7/site-packages/airflow/example_dags/example_external_task_marker_dag.py
[2023-05-17T23:51:55.886+0000] {logging_mixin.py:149} INFO - [2023-05-17T23:51:55.886+0000] {dag.py:2726} INFO - Sync 2 DAGs
[2023-05-17T23:51:55.902+0000] {logging_mixin.py:149} INFO - [2023-05-17T23:51:55.902+0000] {dag.py:3490} INFO - Setting next_dagrun for example_external_task_marker_child to None, run_after=None
[2023-05-17T23:51:55.905+0000] {logging_mixin.py:149} INFO - [2023-05-17T23:51:55.905+0000] {dag.py:3490} INFO - Setting next_dagrun for example_external_task_marker_parent to None, run_after=None
[2023-05-17T23:51:55.921+0000] {processor.py:179} INFO - Processing /home/airflow/.local/lib/python3.7/site-packages/airflow/example_dags/example_external_task_marker_dag.py took 0.061 seconds
[2023-05-17T23:52:26.591+0000] {processor.py:157} INFO - Started process (PID=554) to work on /home/airflow/.local/lib/python3.7/site-packages/airflow/example_dags/example_external_task_marker_dag.py
[2023-05-17T23:52:26.596+0000] {processor.py:826} INFO - Processing file /home/airflow/.local/lib/python3.7/site-packages/airflow/example_dags/example_external_task_marker_dag.py for tasks to queue
[2023-05-17T23:52:26.597+0000] {logging_mixin.py:149} INFO - [2023-05-17T23:52:26.597+0000] {dagbag.py:541} INFO - Filling up the DagBag from /home/airflow/.local/lib/python3.7/site-packages/airflow/example_dags/example_external_task_marker_dag.py
[2023-05-17T23:52:26.600+0000] {processor.py:836} INFO - DAG(s) dict_keys(['example_external_task_marker_parent', 'example_external_task_marker_child']) retrieved from /home/airflow/.local/lib/python3.7/site-packages/airflow/example_dags/example_external_task_marker_dag.py
[2023-05-17T23:52:26.619+0000] {logging_mixin.py:149} INFO - [2023-05-17T23:52:26.619+0000] {dag.py:2726} INFO - Sync 2 DAGs
[2023-05-17T23:52:26.637+0000] {logging_mixin.py:149} INFO - [2023-05-17T23:52:26.637+0000] {dag.py:3490} INFO - Setting next_dagrun for example_external_task_marker_child to None, run_after=None
[2023-05-17T23:52:26.639+0000] {logging_mixin.py:149} INFO - [2023-05-17T23:52:26.639+0000] {dag.py:3490} INFO - Setting next_dagrun for example_external_task_marker_parent to None, run_after=None
[2023-05-17T23:52:26.651+0000] {processor.py:179} INFO - Processing /home/airflow/.local/lib/python3.7/site-packages/airflow/example_dags/example_external_task_marker_dag.py took 0.061 seconds
[2023-05-17T23:52:57.259+0000] {processor.py:157} INFO - Started process (PID=618) to work on /home/airflow/.local/lib/python3.7/site-packages/airflow/example_dags/example_external_task_marker_dag.py
[2023-05-17T23:52:57.260+0000] {processor.py:826} INFO - Processing file /home/airflow/.local/lib/python3.7/site-packages/airflow/example_dags/example_external_task_marker_dag.py for tasks to queue
[2023-05-17T23:52:57.260+0000] {logging_mixin.py:149} INFO - [2023-05-17T23:52:57.260+0000] {dagbag.py:541} INFO - Filling up the DagBag from /home/airflow/.local/lib/python3.7/site-packages/airflow/example_dags/example_external_task_marker_dag.py
[2023-05-17T23:52:57.264+0000] {processor.py:836} INFO - DAG(s) dict_keys(['example_external_task_marker_child', 'example_external_task_marker_parent']) retrieved from /home/airflow/.local/lib/python3.7/site-packages/airflow/example_dags/example_external_task_marker_dag.py
[2023-05-17T23:52:57.288+0000] {logging_mixin.py:149} INFO - [2023-05-17T23:52:57.288+0000] {dag.py:2726} INFO - Sync 2 DAGs
[2023-05-17T23:52:57.309+0000] {logging_mixin.py:149} INFO - [2023-05-17T23:52:57.309+0000] {dag.py:3490} INFO - Setting next_dagrun for example_external_task_marker_child to None, run_after=None
[2023-05-17T23:52:57.312+0000] {logging_mixin.py:149} INFO - [2023-05-17T23:52:57.312+0000] {dag.py:3490} INFO - Setting next_dagrun for example_external_task_marker_parent to None, run_after=None
[2023-05-17T23:52:57.326+0000] {processor.py:179} INFO - Processing /home/airflow/.local/lib/python3.7/site-packages/airflow/example_dags/example_external_task_marker_dag.py took 0.069 seconds
[2023-05-17T23:53:27.379+0000] {processor.py:157} INFO - Started process (PID=682) to work on /home/airflow/.local/lib/python3.7/site-packages/airflow/example_dags/example_external_task_marker_dag.py
[2023-05-17T23:53:27.381+0000] {processor.py:826} INFO - Processing file /home/airflow/.local/lib/python3.7/site-packages/airflow/example_dags/example_external_task_marker_dag.py for tasks to queue
[2023-05-17T23:53:27.381+0000] {logging_mixin.py:149} INFO - [2023-05-17T23:53:27.381+0000] {dagbag.py:541} INFO - Filling up the DagBag from /home/airflow/.local/lib/python3.7/site-packages/airflow/example_dags/example_external_task_marker_dag.py
[2023-05-17T23:53:27.384+0000] {processor.py:836} INFO - DAG(s) dict_keys(['example_external_task_marker_child', 'example_external_task_marker_parent']) retrieved from /home/airflow/.local/lib/python3.7/site-packages/airflow/example_dags/example_external_task_marker_dag.py
[2023-05-17T23:53:27.400+0000] {logging_mixin.py:149} INFO - [2023-05-17T23:53:27.399+0000] {dag.py:2726} INFO - Sync 2 DAGs
[2023-05-17T23:53:27.413+0000] {logging_mixin.py:149} INFO - [2023-05-17T23:53:27.413+0000] {dag.py:3490} INFO - Setting next_dagrun for example_external_task_marker_child to None, run_after=None
[2023-05-17T23:53:27.415+0000] {logging_mixin.py:149} INFO - [2023-05-17T23:53:27.414+0000] {dag.py:3490} INFO - Setting next_dagrun for example_external_task_marker_parent to None, run_after=None
[2023-05-17T23:53:27.426+0000] {processor.py:179} INFO - Processing /home/airflow/.local/lib/python3.7/site-packages/airflow/example_dags/example_external_task_marker_dag.py took 0.049 seconds
[2023-05-17T23:53:58.242+0000] {processor.py:157} INFO - Started process (PID=746) to work on /home/airflow/.local/lib/python3.7/site-packages/airflow/example_dags/example_external_task_marker_dag.py
[2023-05-17T23:53:58.244+0000] {processor.py:826} INFO - Processing file /home/airflow/.local/lib/python3.7/site-packages/airflow/example_dags/example_external_task_marker_dag.py for tasks to queue
[2023-05-17T23:53:58.244+0000] {logging_mixin.py:149} INFO - [2023-05-17T23:53:58.244+0000] {dagbag.py:541} INFO - Filling up the DagBag from /home/airflow/.local/lib/python3.7/site-packages/airflow/example_dags/example_external_task_marker_dag.py
[2023-05-17T23:53:58.247+0000] {processor.py:836} INFO - DAG(s) dict_keys(['example_external_task_marker_child', 'example_external_task_marker_parent']) retrieved from /home/airflow/.local/lib/python3.7/site-packages/airflow/example_dags/example_external_task_marker_dag.py
[2023-05-17T23:53:58.265+0000] {logging_mixin.py:149} INFO - [2023-05-17T23:53:58.265+0000] {dag.py:2726} INFO - Sync 2 DAGs
[2023-05-17T23:53:58.280+0000] {logging_mixin.py:149} INFO - [2023-05-17T23:53:58.280+0000] {dag.py:3490} INFO - Setting next_dagrun for example_external_task_marker_child to None, run_after=None
[2023-05-17T23:53:58.282+0000] {logging_mixin.py:149} INFO - [2023-05-17T23:53:58.282+0000] {dag.py:3490} INFO - Setting next_dagrun for example_external_task_marker_parent to None, run_after=None
[2023-05-17T23:53:58.294+0000] {processor.py:179} INFO - Processing /home/airflow/.local/lib/python3.7/site-packages/airflow/example_dags/example_external_task_marker_dag.py took 0.053 seconds
[2023-05-17T23:54:28.889+0000] {processor.py:157} INFO - Started process (PID=810) to work on /home/airflow/.local/lib/python3.7/site-packages/airflow/example_dags/example_external_task_marker_dag.py
[2023-05-17T23:54:28.891+0000] {processor.py:826} INFO - Processing file /home/airflow/.local/lib/python3.7/site-packages/airflow/example_dags/example_external_task_marker_dag.py for tasks to queue
[2023-05-17T23:54:28.891+0000] {logging_mixin.py:149} INFO - [2023-05-17T23:54:28.891+0000] {dagbag.py:541} INFO - Filling up the DagBag from /home/airflow/.local/lib/python3.7/site-packages/airflow/example_dags/example_external_task_marker_dag.py
[2023-05-17T23:54:28.894+0000] {processor.py:836} INFO - DAG(s) dict_keys(['example_external_task_marker_child', 'example_external_task_marker_parent']) retrieved from /home/airflow/.local/lib/python3.7/site-packages/airflow/example_dags/example_external_task_marker_dag.py
[2023-05-17T23:54:28.911+0000] {logging_mixin.py:149} INFO - [2023-05-17T23:54:28.911+0000] {dag.py:2726} INFO - Sync 2 DAGs
[2023-05-17T23:54:28.926+0000] {logging_mixin.py:149} INFO - [2023-05-17T23:54:28.926+0000] {dag.py:3490} INFO - Setting next_dagrun for example_external_task_marker_child to None, run_after=None
[2023-05-17T23:54:28.928+0000] {logging_mixin.py:149} INFO - [2023-05-17T23:54:28.928+0000] {dag.py:3490} INFO - Setting next_dagrun for example_external_task_marker_parent to None, run_after=None
[2023-05-17T23:54:28.940+0000] {processor.py:179} INFO - Processing /home/airflow/.local/lib/python3.7/site-packages/airflow/example_dags/example_external_task_marker_dag.py took 0.053 seconds
[2023-05-17T23:54:59.484+0000] {processor.py:157} INFO - Started process (PID=874) to work on /home/airflow/.local/lib/python3.7/site-packages/airflow/example_dags/example_external_task_marker_dag.py
[2023-05-17T23:54:59.487+0000] {processor.py:826} INFO - Processing file /home/airflow/.local/lib/python3.7/site-packages/airflow/example_dags/example_external_task_marker_dag.py for tasks to queue
[2023-05-17T23:54:59.487+0000] {logging_mixin.py:149} INFO - [2023-05-17T23:54:59.487+0000] {dagbag.py:541} INFO - Filling up the DagBag from /home/airflow/.local/lib/python3.7/site-packages/airflow/example_dags/example_external_task_marker_dag.py
[2023-05-17T23:54:59.490+0000] {processor.py:836} INFO - DAG(s) dict_keys(['example_external_task_marker_parent', 'example_external_task_marker_child']) retrieved from /home/airflow/.local/lib/python3.7/site-packages/airflow/example_dags/example_external_task_marker_dag.py
[2023-05-17T23:54:59.509+0000] {logging_mixin.py:149} INFO - [2023-05-17T23:54:59.509+0000] {dag.py:2726} INFO - Sync 2 DAGs
[2023-05-17T23:54:59.523+0000] {logging_mixin.py:149} INFO - [2023-05-17T23:54:59.523+0000] {dag.py:3490} INFO - Setting next_dagrun for example_external_task_marker_child to None, run_after=None
[2023-05-17T23:54:59.525+0000] {logging_mixin.py:149} INFO - [2023-05-17T23:54:59.525+0000] {dag.py:3490} INFO - Setting next_dagrun for example_external_task_marker_parent to None, run_after=None
[2023-05-17T23:54:59.536+0000] {processor.py:179} INFO - Processing /home/airflow/.local/lib/python3.7/site-packages/airflow/example_dags/example_external_task_marker_dag.py took 0.054 seconds
[2023-05-17T23:55:30.090+0000] {processor.py:157} INFO - Started process (PID=938) to work on /home/airflow/.local/lib/python3.7/site-packages/airflow/example_dags/example_external_task_marker_dag.py
[2023-05-17T23:55:30.091+0000] {processor.py:826} INFO - Processing file /home/airflow/.local/lib/python3.7/site-packages/airflow/example_dags/example_external_task_marker_dag.py for tasks to queue
[2023-05-17T23:55:30.091+0000] {logging_mixin.py:149} INFO - [2023-05-17T23:55:30.091+0000] {dagbag.py:541} INFO - Filling up the DagBag from /home/airflow/.local/lib/python3.7/site-packages/airflow/example_dags/example_external_task_marker_dag.py
[2023-05-17T23:55:30.094+0000] {processor.py:836} INFO - DAG(s) dict_keys(['example_external_task_marker_parent', 'example_external_task_marker_child']) retrieved from /home/airflow/.local/lib/python3.7/site-packages/airflow/example_dags/example_external_task_marker_dag.py
[2023-05-17T23:55:30.110+0000] {logging_mixin.py:149} INFO - [2023-05-17T23:55:30.110+0000] {dag.py:2726} INFO - Sync 2 DAGs
[2023-05-17T23:55:30.124+0000] {logging_mixin.py:149} INFO - [2023-05-17T23:55:30.124+0000] {dag.py:3490} INFO - Setting next_dagrun for example_external_task_marker_child to None, run_after=None
[2023-05-17T23:55:30.126+0000] {logging_mixin.py:149} INFO - [2023-05-17T23:55:30.126+0000] {dag.py:3490} INFO - Setting next_dagrun for example_external_task_marker_parent to None, run_after=None
[2023-05-17T23:55:30.137+0000] {processor.py:179} INFO - Processing /home/airflow/.local/lib/python3.7/site-packages/airflow/example_dags/example_external_task_marker_dag.py took 0.049 seconds
[2023-05-17T23:56:00.746+0000] {processor.py:157} INFO - Started process (PID=1002) to work on /home/airflow/.local/lib/python3.7/site-packages/airflow/example_dags/example_external_task_marker_dag.py
[2023-05-17T23:56:00.749+0000] {processor.py:826} INFO - Processing file /home/airflow/.local/lib/python3.7/site-packages/airflow/example_dags/example_external_task_marker_dag.py for tasks to queue
[2023-05-17T23:56:00.749+0000] {logging_mixin.py:149} INFO - [2023-05-17T23:56:00.749+0000] {dagbag.py:541} INFO - Filling up the DagBag from /home/airflow/.local/lib/python3.7/site-packages/airflow/example_dags/example_external_task_marker_dag.py
[2023-05-17T23:56:00.752+0000] {processor.py:836} INFO - DAG(s) dict_keys(['example_external_task_marker_parent', 'example_external_task_marker_child']) retrieved from /home/airflow/.local/lib/python3.7/site-packages/airflow/example_dags/example_external_task_marker_dag.py
[2023-05-17T23:56:00.771+0000] {logging_mixin.py:149} INFO - [2023-05-17T23:56:00.771+0000] {dag.py:2726} INFO - Sync 2 DAGs
[2023-05-17T23:56:00.786+0000] {logging_mixin.py:149} INFO - [2023-05-17T23:56:00.786+0000] {dag.py:3490} INFO - Setting next_dagrun for example_external_task_marker_child to None, run_after=None
[2023-05-17T23:56:00.789+0000] {logging_mixin.py:149} INFO - [2023-05-17T23:56:00.788+0000] {dag.py:3490} INFO - Setting next_dagrun for example_external_task_marker_parent to None, run_after=None
[2023-05-17T23:56:00.801+0000] {processor.py:179} INFO - Processing /home/airflow/.local/lib/python3.7/site-packages/airflow/example_dags/example_external_task_marker_dag.py took 0.057 seconds
[2023-05-17T23:56:31.449+0000] {processor.py:157} INFO - Started process (PID=1066) to work on /home/airflow/.local/lib/python3.7/site-packages/airflow/example_dags/example_external_task_marker_dag.py
[2023-05-17T23:56:31.454+0000] {processor.py:826} INFO - Processing file /home/airflow/.local/lib/python3.7/site-packages/airflow/example_dags/example_external_task_marker_dag.py for tasks to queue
[2023-05-17T23:56:31.455+0000] {logging_mixin.py:149} INFO - [2023-05-17T23:56:31.455+0000] {dagbag.py:541} INFO - Filling up the DagBag from /home/airflow/.local/lib/python3.7/site-packages/airflow/example_dags/example_external_task_marker_dag.py
[2023-05-17T23:56:31.458+0000] {processor.py:836} INFO - DAG(s) dict_keys(['example_external_task_marker_parent', 'example_external_task_marker_child']) retrieved from /home/airflow/.local/lib/python3.7/site-packages/airflow/example_dags/example_external_task_marker_dag.py
[2023-05-17T23:56:31.473+0000] {logging_mixin.py:149} INFO - [2023-05-17T23:56:31.473+0000] {dag.py:2726} INFO - Sync 2 DAGs
[2023-05-17T23:56:31.486+0000] {logging_mixin.py:149} INFO - [2023-05-17T23:56:31.486+0000] {dag.py:3490} INFO - Setting next_dagrun for example_external_task_marker_child to None, run_after=None
[2023-05-17T23:56:31.488+0000] {logging_mixin.py:149} INFO - [2023-05-17T23:56:31.488+0000] {dag.py:3490} INFO - Setting next_dagrun for example_external_task_marker_parent to None, run_after=None
[2023-05-17T23:56:31.498+0000] {processor.py:179} INFO - Processing /home/airflow/.local/lib/python3.7/site-packages/airflow/example_dags/example_external_task_marker_dag.py took 0.051 seconds
[2023-05-17T23:57:02.059+0000] {processor.py:157} INFO - Started process (PID=1130) to work on /home/airflow/.local/lib/python3.7/site-packages/airflow/example_dags/example_external_task_marker_dag.py
[2023-05-17T23:57:02.060+0000] {processor.py:826} INFO - Processing file /home/airflow/.local/lib/python3.7/site-packages/airflow/example_dags/example_external_task_marker_dag.py for tasks to queue
[2023-05-17T23:57:02.060+0000] {logging_mixin.py:149} INFO - [2023-05-17T23:57:02.060+0000] {dagbag.py:541} INFO - Filling up the DagBag from /home/airflow/.local/lib/python3.7/site-packages/airflow/example_dags/example_external_task_marker_dag.py
[2023-05-17T23:57:02.063+0000] {processor.py:836} INFO - DAG(s) dict_keys(['example_external_task_marker_parent', 'example_external_task_marker_child']) retrieved from /home/airflow/.local/lib/python3.7/site-packages/airflow/example_dags/example_external_task_marker_dag.py
[2023-05-17T23:57:02.079+0000] {logging_mixin.py:149} INFO - [2023-05-17T23:57:02.079+0000] {dag.py:2726} INFO - Sync 2 DAGs
[2023-05-17T23:57:02.100+0000] {logging_mixin.py:149} INFO - [2023-05-17T23:57:02.100+0000] {dag.py:3490} INFO - Setting next_dagrun for example_external_task_marker_child to None, run_after=None
[2023-05-17T23:57:02.104+0000] {logging_mixin.py:149} INFO - [2023-05-17T23:57:02.104+0000] {dag.py:3490} INFO - Setting next_dagrun for example_external_task_marker_parent to None, run_after=None
[2023-05-17T23:57:02.118+0000] {processor.py:179} INFO - Processing /home/airflow/.local/lib/python3.7/site-packages/airflow/example_dags/example_external_task_marker_dag.py took 0.061 seconds
[2023-05-17T23:57:32.678+0000] {processor.py:157} INFO - Started process (PID=1194) to work on /home/airflow/.local/lib/python3.7/site-packages/airflow/example_dags/example_external_task_marker_dag.py
[2023-05-17T23:57:32.679+0000] {processor.py:826} INFO - Processing file /home/airflow/.local/lib/python3.7/site-packages/airflow/example_dags/example_external_task_marker_dag.py for tasks to queue
[2023-05-17T23:57:32.679+0000] {logging_mixin.py:149} INFO - [2023-05-17T23:57:32.679+0000] {dagbag.py:541} INFO - Filling up the DagBag from /home/airflow/.local/lib/python3.7/site-packages/airflow/example_dags/example_external_task_marker_dag.py
[2023-05-17T23:57:32.682+0000] {processor.py:836} INFO - DAG(s) dict_keys(['example_external_task_marker_child', 'example_external_task_marker_parent']) retrieved from /home/airflow/.local/lib/python3.7/site-packages/airflow/example_dags/example_external_task_marker_dag.py
[2023-05-17T23:57:32.699+0000] {logging_mixin.py:149} INFO - [2023-05-17T23:57:32.699+0000] {dag.py:2726} INFO - Sync 2 DAGs
[2023-05-17T23:57:32.716+0000] {logging_mixin.py:149} INFO - [2023-05-17T23:57:32.715+0000] {dag.py:3490} INFO - Setting next_dagrun for example_external_task_marker_child to None, run_after=None
[2023-05-17T23:57:32.717+0000] {logging_mixin.py:149} INFO - [2023-05-17T23:57:32.717+0000] {dag.py:3490} INFO - Setting next_dagrun for example_external_task_marker_parent to None, run_after=None
[2023-05-17T23:57:32.729+0000] {processor.py:179} INFO - Processing /home/airflow/.local/lib/python3.7/site-packages/airflow/example_dags/example_external_task_marker_dag.py took 0.053 seconds
[2023-05-17T23:58:03.445+0000] {processor.py:157} INFO - Started process (PID=1258) to work on /home/airflow/.local/lib/python3.7/site-packages/airflow/example_dags/example_external_task_marker_dag.py
[2023-05-17T23:58:03.446+0000] {processor.py:826} INFO - Processing file /home/airflow/.local/lib/python3.7/site-packages/airflow/example_dags/example_external_task_marker_dag.py for tasks to queue
[2023-05-17T23:58:03.446+0000] {logging_mixin.py:149} INFO - [2023-05-17T23:58:03.446+0000] {dagbag.py:541} INFO - Filling up the DagBag from /home/airflow/.local/lib/python3.7/site-packages/airflow/example_dags/example_external_task_marker_dag.py
[2023-05-17T23:58:03.451+0000] {processor.py:836} INFO - DAG(s) dict_keys(['example_external_task_marker_parent', 'example_external_task_marker_child']) retrieved from /home/airflow/.local/lib/python3.7/site-packages/airflow/example_dags/example_external_task_marker_dag.py
[2023-05-17T23:58:03.471+0000] {logging_mixin.py:149} INFO - [2023-05-17T23:58:03.471+0000] {dag.py:2726} INFO - Sync 2 DAGs
[2023-05-17T23:58:03.487+0000] {logging_mixin.py:149} INFO - [2023-05-17T23:58:03.487+0000] {dag.py:3490} INFO - Setting next_dagrun for example_external_task_marker_child to None, run_after=None
[2023-05-17T23:58:03.489+0000] {logging_mixin.py:149} INFO - [2023-05-17T23:58:03.489+0000] {dag.py:3490} INFO - Setting next_dagrun for example_external_task_marker_parent to None, run_after=None
[2023-05-17T23:58:03.514+0000] {processor.py:179} INFO - Processing /home/airflow/.local/lib/python3.7/site-packages/airflow/example_dags/example_external_task_marker_dag.py took 0.072 seconds
[2023-05-17T23:58:34.116+0000] {processor.py:157} INFO - Started process (PID=1322) to work on /home/airflow/.local/lib/python3.7/site-packages/airflow/example_dags/example_external_task_marker_dag.py
[2023-05-17T23:58:34.116+0000] {processor.py:826} INFO - Processing file /home/airflow/.local/lib/python3.7/site-packages/airflow/example_dags/example_external_task_marker_dag.py for tasks to queue
[2023-05-17T23:58:34.117+0000] {logging_mixin.py:149} INFO - [2023-05-17T23:58:34.117+0000] {dagbag.py:541} INFO - Filling up the DagBag from /home/airflow/.local/lib/python3.7/site-packages/airflow/example_dags/example_external_task_marker_dag.py
[2023-05-17T23:58:34.119+0000] {processor.py:836} INFO - DAG(s) dict_keys(['example_external_task_marker_parent', 'example_external_task_marker_child']) retrieved from /home/airflow/.local/lib/python3.7/site-packages/airflow/example_dags/example_external_task_marker_dag.py
[2023-05-17T23:58:34.136+0000] {logging_mixin.py:149} INFO - [2023-05-17T23:58:34.136+0000] {dag.py:2726} INFO - Sync 2 DAGs
[2023-05-17T23:58:34.149+0000] {logging_mixin.py:149} INFO - [2023-05-17T23:58:34.149+0000] {dag.py:3490} INFO - Setting next_dagrun for example_external_task_marker_child to None, run_after=None
[2023-05-17T23:58:34.151+0000] {logging_mixin.py:149} INFO - [2023-05-17T23:58:34.151+0000] {dag.py:3490} INFO - Setting next_dagrun for example_external_task_marker_parent to None, run_after=None
[2023-05-17T23:58:34.163+0000] {processor.py:179} INFO - Processing /home/airflow/.local/lib/python3.7/site-packages/airflow/example_dags/example_external_task_marker_dag.py took 0.049 seconds
[2023-05-17T23:59:04.678+0000] {processor.py:157} INFO - Started process (PID=1386) to work on /home/airflow/.local/lib/python3.7/site-packages/airflow/example_dags/example_external_task_marker_dag.py
[2023-05-17T23:59:04.682+0000] {processor.py:826} INFO - Processing file /home/airflow/.local/lib/python3.7/site-packages/airflow/example_dags/example_external_task_marker_dag.py for tasks to queue
[2023-05-17T23:59:04.682+0000] {logging_mixin.py:149} INFO - [2023-05-17T23:59:04.682+0000] {dagbag.py:541} INFO - Filling up the DagBag from /home/airflow/.local/lib/python3.7/site-packages/airflow/example_dags/example_external_task_marker_dag.py
[2023-05-17T23:59:04.685+0000] {processor.py:836} INFO - DAG(s) dict_keys(['example_external_task_marker_child', 'example_external_task_marker_parent']) retrieved from /home/airflow/.local/lib/python3.7/site-packages/airflow/example_dags/example_external_task_marker_dag.py
[2023-05-17T23:59:04.703+0000] {logging_mixin.py:149} INFO - [2023-05-17T23:59:04.702+0000] {dag.py:2726} INFO - Sync 2 DAGs
[2023-05-17T23:59:04.717+0000] {logging_mixin.py:149} INFO - [2023-05-17T23:59:04.716+0000] {dag.py:3490} INFO - Setting next_dagrun for example_external_task_marker_child to None, run_after=None
[2023-05-17T23:59:04.718+0000] {logging_mixin.py:149} INFO - [2023-05-17T23:59:04.718+0000] {dag.py:3490} INFO - Setting next_dagrun for example_external_task_marker_parent to None, run_after=None
[2023-05-17T23:59:04.728+0000] {processor.py:179} INFO - Processing /home/airflow/.local/lib/python3.7/site-packages/airflow/example_dags/example_external_task_marker_dag.py took 0.052 seconds
[2023-05-17T23:59:35.258+0000] {processor.py:157} INFO - Started process (PID=1450) to work on /home/airflow/.local/lib/python3.7/site-packages/airflow/example_dags/example_external_task_marker_dag.py
[2023-05-17T23:59:35.260+0000] {processor.py:826} INFO - Processing file /home/airflow/.local/lib/python3.7/site-packages/airflow/example_dags/example_external_task_marker_dag.py for tasks to queue
[2023-05-17T23:59:35.260+0000] {logging_mixin.py:149} INFO - [2023-05-17T23:59:35.260+0000] {dagbag.py:541} INFO - Filling up the DagBag from /home/airflow/.local/lib/python3.7/site-packages/airflow/example_dags/example_external_task_marker_dag.py
[2023-05-17T23:59:35.264+0000] {processor.py:836} INFO - DAG(s) dict_keys(['example_external_task_marker_parent', 'example_external_task_marker_child']) retrieved from /home/airflow/.local/lib/python3.7/site-packages/airflow/example_dags/example_external_task_marker_dag.py
[2023-05-17T23:59:35.280+0000] {logging_mixin.py:149} INFO - [2023-05-17T23:59:35.280+0000] {dag.py:2726} INFO - Sync 2 DAGs
[2023-05-17T23:59:35.295+0000] {logging_mixin.py:149} INFO - [2023-05-17T23:59:35.295+0000] {dag.py:3490} INFO - Setting next_dagrun for example_external_task_marker_child to None, run_after=None
[2023-05-17T23:59:35.296+0000] {logging_mixin.py:149} INFO - [2023-05-17T23:59:35.296+0000] {dag.py:3490} INFO - Setting next_dagrun for example_external_task_marker_parent to None, run_after=None
[2023-05-17T23:59:35.308+0000] {processor.py:179} INFO - Processing /home/airflow/.local/lib/python3.7/site-packages/airflow/example_dags/example_external_task_marker_dag.py took 0.052 seconds
