[2023-05-17T23:27:46.741+0000] {processor.py:157} INFO - Started process (PID=64) to work on /home/airflow/.local/lib/python3.7/site-packages/airflow/example_dags/example_trigger_target_dag.py
[2023-05-17T23:27:46.741+0000] {processor.py:826} INFO - Processing file /home/airflow/.local/lib/python3.7/site-packages/airflow/example_dags/example_trigger_target_dag.py for tasks to queue
[2023-05-17T23:27:46.741+0000] {logging_mixin.py:149} INFO - [2023-05-17T23:27:46.741+0000] {dagbag.py:541} INFO - Filling up the DagBag from /home/airflow/.local/lib/python3.7/site-packages/airflow/example_dags/example_trigger_target_dag.py
[2023-05-17T23:27:46.744+0000] {processor.py:836} INFO - DAG(s) dict_keys(['example_trigger_target_dag']) retrieved from /home/airflow/.local/lib/python3.7/site-packages/airflow/example_dags/example_trigger_target_dag.py
[2023-05-17T23:27:46.753+0000] {logging_mixin.py:149} INFO - [2023-05-17T23:27:46.752+0000] {dag.py:2726} INFO - Sync 1 DAGs
[2023-05-17T23:27:46.768+0000] {logging_mixin.py:149} INFO - [2023-05-17T23:27:46.768+0000] {dag.py:3490} INFO - Setting next_dagrun for example_trigger_target_dag to None, run_after=None
[2023-05-17T23:27:46.779+0000] {processor.py:179} INFO - Processing /home/airflow/.local/lib/python3.7/site-packages/airflow/example_dags/example_trigger_target_dag.py took 0.040 seconds
[2023-05-17T23:28:17.211+0000] {processor.py:157} INFO - Started process (PID=128) to work on /home/airflow/.local/lib/python3.7/site-packages/airflow/example_dags/example_trigger_target_dag.py
[2023-05-17T23:28:17.211+0000] {processor.py:826} INFO - Processing file /home/airflow/.local/lib/python3.7/site-packages/airflow/example_dags/example_trigger_target_dag.py for tasks to queue
[2023-05-17T23:28:17.211+0000] {logging_mixin.py:149} INFO - [2023-05-17T23:28:17.211+0000] {dagbag.py:541} INFO - Filling up the DagBag from /home/airflow/.local/lib/python3.7/site-packages/airflow/example_dags/example_trigger_target_dag.py
[2023-05-17T23:28:17.214+0000] {processor.py:836} INFO - DAG(s) dict_keys(['example_trigger_target_dag']) retrieved from /home/airflow/.local/lib/python3.7/site-packages/airflow/example_dags/example_trigger_target_dag.py
[2023-05-17T23:28:17.227+0000] {logging_mixin.py:149} INFO - [2023-05-17T23:28:17.227+0000] {dag.py:2726} INFO - Sync 1 DAGs
[2023-05-17T23:28:17.240+0000] {logging_mixin.py:149} INFO - [2023-05-17T23:28:17.240+0000] {dag.py:3490} INFO - Setting next_dagrun for example_trigger_target_dag to None, run_after=None
[2023-05-17T23:28:17.250+0000] {processor.py:179} INFO - Processing /home/airflow/.local/lib/python3.7/site-packages/airflow/example_dags/example_trigger_target_dag.py took 0.041 seconds
[2023-05-17T23:28:47.657+0000] {processor.py:157} INFO - Started process (PID=192) to work on /home/airflow/.local/lib/python3.7/site-packages/airflow/example_dags/example_trigger_target_dag.py
[2023-05-17T23:28:47.657+0000] {processor.py:826} INFO - Processing file /home/airflow/.local/lib/python3.7/site-packages/airflow/example_dags/example_trigger_target_dag.py for tasks to queue
[2023-05-17T23:28:47.657+0000] {logging_mixin.py:149} INFO - [2023-05-17T23:28:47.657+0000] {dagbag.py:541} INFO - Filling up the DagBag from /home/airflow/.local/lib/python3.7/site-packages/airflow/example_dags/example_trigger_target_dag.py
[2023-05-17T23:28:47.660+0000] {processor.py:836} INFO - DAG(s) dict_keys(['example_trigger_target_dag']) retrieved from /home/airflow/.local/lib/python3.7/site-packages/airflow/example_dags/example_trigger_target_dag.py
[2023-05-17T23:28:47.673+0000] {logging_mixin.py:149} INFO - [2023-05-17T23:28:47.673+0000] {dag.py:2726} INFO - Sync 1 DAGs
[2023-05-17T23:28:47.686+0000] {logging_mixin.py:149} INFO - [2023-05-17T23:28:47.686+0000] {dag.py:3490} INFO - Setting next_dagrun for example_trigger_target_dag to None, run_after=None
[2023-05-17T23:28:47.698+0000] {processor.py:179} INFO - Processing /home/airflow/.local/lib/python3.7/site-packages/airflow/example_dags/example_trigger_target_dag.py took 0.043 seconds
[2023-05-17T23:29:18.143+0000] {processor.py:157} INFO - Started process (PID=256) to work on /home/airflow/.local/lib/python3.7/site-packages/airflow/example_dags/example_trigger_target_dag.py
[2023-05-17T23:29:18.144+0000] {processor.py:826} INFO - Processing file /home/airflow/.local/lib/python3.7/site-packages/airflow/example_dags/example_trigger_target_dag.py for tasks to queue
[2023-05-17T23:29:18.144+0000] {logging_mixin.py:149} INFO - [2023-05-17T23:29:18.144+0000] {dagbag.py:541} INFO - Filling up the DagBag from /home/airflow/.local/lib/python3.7/site-packages/airflow/example_dags/example_trigger_target_dag.py
[2023-05-17T23:29:18.147+0000] {processor.py:836} INFO - DAG(s) dict_keys(['example_trigger_target_dag']) retrieved from /home/airflow/.local/lib/python3.7/site-packages/airflow/example_dags/example_trigger_target_dag.py
[2023-05-17T23:29:18.161+0000] {logging_mixin.py:149} INFO - [2023-05-17T23:29:18.161+0000] {dag.py:2726} INFO - Sync 1 DAGs
[2023-05-17T23:29:18.174+0000] {logging_mixin.py:149} INFO - [2023-05-17T23:29:18.174+0000] {dag.py:3490} INFO - Setting next_dagrun for example_trigger_target_dag to None, run_after=None
[2023-05-17T23:29:18.187+0000] {processor.py:179} INFO - Processing /home/airflow/.local/lib/python3.7/site-packages/airflow/example_dags/example_trigger_target_dag.py took 0.045 seconds
[2023-05-17T23:29:48.826+0000] {processor.py:157} INFO - Started process (PID=320) to work on /home/airflow/.local/lib/python3.7/site-packages/airflow/example_dags/example_trigger_target_dag.py
[2023-05-17T23:29:48.827+0000] {processor.py:826} INFO - Processing file /home/airflow/.local/lib/python3.7/site-packages/airflow/example_dags/example_trigger_target_dag.py for tasks to queue
[2023-05-17T23:29:48.828+0000] {logging_mixin.py:149} INFO - [2023-05-17T23:29:48.828+0000] {dagbag.py:541} INFO - Filling up the DagBag from /home/airflow/.local/lib/python3.7/site-packages/airflow/example_dags/example_trigger_target_dag.py
[2023-05-17T23:29:48.831+0000] {processor.py:836} INFO - DAG(s) dict_keys(['example_trigger_target_dag']) retrieved from /home/airflow/.local/lib/python3.7/site-packages/airflow/example_dags/example_trigger_target_dag.py
[2023-05-17T23:29:48.847+0000] {logging_mixin.py:149} INFO - [2023-05-17T23:29:48.847+0000] {dag.py:2726} INFO - Sync 1 DAGs
[2023-05-17T23:29:48.862+0000] {logging_mixin.py:149} INFO - [2023-05-17T23:29:48.862+0000] {dag.py:3490} INFO - Setting next_dagrun for example_trigger_target_dag to None, run_after=None
[2023-05-17T23:29:48.895+0000] {processor.py:179} INFO - Processing /home/airflow/.local/lib/python3.7/site-packages/airflow/example_dags/example_trigger_target_dag.py took 0.071 seconds
[2023-05-17T23:30:31.972+0000] {processor.py:157} INFO - Started process (PID=65) to work on /home/airflow/.local/lib/python3.7/site-packages/airflow/example_dags/example_trigger_target_dag.py
[2023-05-17T23:30:31.992+0000] {processor.py:826} INFO - Processing file /home/airflow/.local/lib/python3.7/site-packages/airflow/example_dags/example_trigger_target_dag.py for tasks to queue
[2023-05-17T23:30:31.992+0000] {logging_mixin.py:149} INFO - [2023-05-17T23:30:31.992+0000] {dagbag.py:541} INFO - Filling up the DagBag from /home/airflow/.local/lib/python3.7/site-packages/airflow/example_dags/example_trigger_target_dag.py
[2023-05-17T23:30:31.997+0000] {processor.py:836} INFO - DAG(s) dict_keys(['example_trigger_target_dag']) retrieved from /home/airflow/.local/lib/python3.7/site-packages/airflow/example_dags/example_trigger_target_dag.py
[2023-05-17T23:30:32.007+0000] {logging_mixin.py:149} INFO - [2023-05-17T23:30:32.007+0000] {dag.py:2726} INFO - Sync 1 DAGs
[2023-05-17T23:30:32.031+0000] {logging_mixin.py:149} INFO - [2023-05-17T23:30:32.031+0000] {dag.py:3490} INFO - Setting next_dagrun for example_trigger_target_dag to None, run_after=None
[2023-05-17T23:30:32.060+0000] {processor.py:179} INFO - Processing /home/airflow/.local/lib/python3.7/site-packages/airflow/example_dags/example_trigger_target_dag.py took 0.091 seconds
[2023-05-17T23:31:02.873+0000] {processor.py:157} INFO - Started process (PID=129) to work on /home/airflow/.local/lib/python3.7/site-packages/airflow/example_dags/example_trigger_target_dag.py
[2023-05-17T23:31:02.884+0000] {processor.py:826} INFO - Processing file /home/airflow/.local/lib/python3.7/site-packages/airflow/example_dags/example_trigger_target_dag.py for tasks to queue
[2023-05-17T23:31:02.884+0000] {logging_mixin.py:149} INFO - [2023-05-17T23:31:02.884+0000] {dagbag.py:541} INFO - Filling up the DagBag from /home/airflow/.local/lib/python3.7/site-packages/airflow/example_dags/example_trigger_target_dag.py
[2023-05-17T23:31:02.887+0000] {processor.py:836} INFO - DAG(s) dict_keys(['example_trigger_target_dag']) retrieved from /home/airflow/.local/lib/python3.7/site-packages/airflow/example_dags/example_trigger_target_dag.py
[2023-05-17T23:31:02.900+0000] {logging_mixin.py:149} INFO - [2023-05-17T23:31:02.900+0000] {dag.py:2726} INFO - Sync 1 DAGs
[2023-05-17T23:31:02.914+0000] {logging_mixin.py:149} INFO - [2023-05-17T23:31:02.914+0000] {dag.py:3490} INFO - Setting next_dagrun for example_trigger_target_dag to None, run_after=None
[2023-05-17T23:31:02.926+0000] {processor.py:179} INFO - Processing /home/airflow/.local/lib/python3.7/site-packages/airflow/example_dags/example_trigger_target_dag.py took 0.055 seconds
[2023-05-17T23:31:33.723+0000] {processor.py:157} INFO - Started process (PID=193) to work on /home/airflow/.local/lib/python3.7/site-packages/airflow/example_dags/example_trigger_target_dag.py
[2023-05-17T23:31:33.737+0000] {processor.py:826} INFO - Processing file /home/airflow/.local/lib/python3.7/site-packages/airflow/example_dags/example_trigger_target_dag.py for tasks to queue
[2023-05-17T23:31:33.737+0000] {logging_mixin.py:149} INFO - [2023-05-17T23:31:33.737+0000] {dagbag.py:541} INFO - Filling up the DagBag from /home/airflow/.local/lib/python3.7/site-packages/airflow/example_dags/example_trigger_target_dag.py
[2023-05-17T23:31:33.740+0000] {processor.py:836} INFO - DAG(s) dict_keys(['example_trigger_target_dag']) retrieved from /home/airflow/.local/lib/python3.7/site-packages/airflow/example_dags/example_trigger_target_dag.py
[2023-05-17T23:31:33.753+0000] {logging_mixin.py:149} INFO - [2023-05-17T23:31:33.753+0000] {dag.py:2726} INFO - Sync 1 DAGs
[2023-05-17T23:31:33.827+0000] {logging_mixin.py:149} INFO - [2023-05-17T23:31:33.827+0000] {dag.py:3490} INFO - Setting next_dagrun for example_trigger_target_dag to None, run_after=None
[2023-05-17T23:31:33.839+0000] {processor.py:179} INFO - Processing /home/airflow/.local/lib/python3.7/site-packages/airflow/example_dags/example_trigger_target_dag.py took 0.118 seconds
[2023-05-17T23:34:33.888+0000] {processor.py:157} INFO - Started process (PID=65) to work on /home/airflow/.local/lib/python3.7/site-packages/airflow/example_dags/example_trigger_target_dag.py
[2023-05-17T23:34:33.889+0000] {processor.py:826} INFO - Processing file /home/airflow/.local/lib/python3.7/site-packages/airflow/example_dags/example_trigger_target_dag.py for tasks to queue
[2023-05-17T23:34:33.889+0000] {logging_mixin.py:149} INFO - [2023-05-17T23:34:33.889+0000] {dagbag.py:541} INFO - Filling up the DagBag from /home/airflow/.local/lib/python3.7/site-packages/airflow/example_dags/example_trigger_target_dag.py
[2023-05-17T23:34:33.892+0000] {processor.py:836} INFO - DAG(s) dict_keys(['example_trigger_target_dag']) retrieved from /home/airflow/.local/lib/python3.7/site-packages/airflow/example_dags/example_trigger_target_dag.py
[2023-05-17T23:34:33.901+0000] {logging_mixin.py:149} INFO - [2023-05-17T23:34:33.901+0000] {dag.py:2726} INFO - Sync 1 DAGs
[2023-05-17T23:34:33.916+0000] {logging_mixin.py:149} INFO - [2023-05-17T23:34:33.916+0000] {dag.py:3490} INFO - Setting next_dagrun for example_trigger_target_dag to None, run_after=None
[2023-05-17T23:34:33.938+0000] {processor.py:179} INFO - Processing /home/airflow/.local/lib/python3.7/site-packages/airflow/example_dags/example_trigger_target_dag.py took 0.051 seconds
[2023-05-17T23:35:05.027+0000] {processor.py:157} INFO - Started process (PID=129) to work on /home/airflow/.local/lib/python3.7/site-packages/airflow/example_dags/example_trigger_target_dag.py
[2023-05-17T23:35:05.037+0000] {processor.py:826} INFO - Processing file /home/airflow/.local/lib/python3.7/site-packages/airflow/example_dags/example_trigger_target_dag.py for tasks to queue
[2023-05-17T23:35:05.038+0000] {logging_mixin.py:149} INFO - [2023-05-17T23:35:05.038+0000] {dagbag.py:541} INFO - Filling up the DagBag from /home/airflow/.local/lib/python3.7/site-packages/airflow/example_dags/example_trigger_target_dag.py
[2023-05-17T23:35:05.041+0000] {processor.py:836} INFO - DAG(s) dict_keys(['example_trigger_target_dag']) retrieved from /home/airflow/.local/lib/python3.7/site-packages/airflow/example_dags/example_trigger_target_dag.py
[2023-05-17T23:35:05.053+0000] {logging_mixin.py:149} INFO - [2023-05-17T23:35:05.053+0000] {dag.py:2726} INFO - Sync 1 DAGs
[2023-05-17T23:35:05.066+0000] {logging_mixin.py:149} INFO - [2023-05-17T23:35:05.066+0000] {dag.py:3490} INFO - Setting next_dagrun for example_trigger_target_dag to None, run_after=None
[2023-05-17T23:35:05.077+0000] {processor.py:179} INFO - Processing /home/airflow/.local/lib/python3.7/site-packages/airflow/example_dags/example_trigger_target_dag.py took 0.051 seconds
[2023-05-17T23:35:35.890+0000] {processor.py:157} INFO - Started process (PID=193) to work on /home/airflow/.local/lib/python3.7/site-packages/airflow/example_dags/example_trigger_target_dag.py
[2023-05-17T23:35:35.891+0000] {processor.py:826} INFO - Processing file /home/airflow/.local/lib/python3.7/site-packages/airflow/example_dags/example_trigger_target_dag.py for tasks to queue
[2023-05-17T23:35:35.891+0000] {logging_mixin.py:149} INFO - [2023-05-17T23:35:35.891+0000] {dagbag.py:541} INFO - Filling up the DagBag from /home/airflow/.local/lib/python3.7/site-packages/airflow/example_dags/example_trigger_target_dag.py
[2023-05-17T23:35:35.894+0000] {processor.py:836} INFO - DAG(s) dict_keys(['example_trigger_target_dag']) retrieved from /home/airflow/.local/lib/python3.7/site-packages/airflow/example_dags/example_trigger_target_dag.py
[2023-05-17T23:35:35.908+0000] {logging_mixin.py:149} INFO - [2023-05-17T23:35:35.908+0000] {dag.py:2726} INFO - Sync 1 DAGs
[2023-05-17T23:35:35.983+0000] {logging_mixin.py:149} INFO - [2023-05-17T23:35:35.983+0000] {dag.py:3490} INFO - Setting next_dagrun for example_trigger_target_dag to None, run_after=None
[2023-05-17T23:35:35.993+0000] {processor.py:179} INFO - Processing /home/airflow/.local/lib/python3.7/site-packages/airflow/example_dags/example_trigger_target_dag.py took 0.105 seconds
[2023-05-17T23:36:06.042+0000] {processor.py:157} INFO - Started process (PID=257) to work on /home/airflow/.local/lib/python3.7/site-packages/airflow/example_dags/example_trigger_target_dag.py
[2023-05-17T23:36:06.042+0000] {processor.py:826} INFO - Processing file /home/airflow/.local/lib/python3.7/site-packages/airflow/example_dags/example_trigger_target_dag.py for tasks to queue
[2023-05-17T23:36:06.043+0000] {logging_mixin.py:149} INFO - [2023-05-17T23:36:06.043+0000] {dagbag.py:541} INFO - Filling up the DagBag from /home/airflow/.local/lib/python3.7/site-packages/airflow/example_dags/example_trigger_target_dag.py
[2023-05-17T23:36:06.046+0000] {processor.py:836} INFO - DAG(s) dict_keys(['example_trigger_target_dag']) retrieved from /home/airflow/.local/lib/python3.7/site-packages/airflow/example_dags/example_trigger_target_dag.py
[2023-05-17T23:36:06.059+0000] {logging_mixin.py:149} INFO - [2023-05-17T23:36:06.059+0000] {dag.py:2726} INFO - Sync 1 DAGs
[2023-05-17T23:36:06.072+0000] {logging_mixin.py:149} INFO - [2023-05-17T23:36:06.072+0000] {dag.py:3490} INFO - Setting next_dagrun for example_trigger_target_dag to None, run_after=None
[2023-05-17T23:36:06.082+0000] {processor.py:179} INFO - Processing /home/airflow/.local/lib/python3.7/site-packages/airflow/example_dags/example_trigger_target_dag.py took 0.042 seconds
[2023-05-17T23:36:36.799+0000] {processor.py:157} INFO - Started process (PID=320) to work on /home/airflow/.local/lib/python3.7/site-packages/airflow/example_dags/example_trigger_target_dag.py
[2023-05-17T23:36:36.809+0000] {processor.py:826} INFO - Processing file /home/airflow/.local/lib/python3.7/site-packages/airflow/example_dags/example_trigger_target_dag.py for tasks to queue
[2023-05-17T23:36:36.809+0000] {logging_mixin.py:149} INFO - [2023-05-17T23:36:36.809+0000] {dagbag.py:541} INFO - Filling up the DagBag from /home/airflow/.local/lib/python3.7/site-packages/airflow/example_dags/example_trigger_target_dag.py
[2023-05-17T23:36:36.812+0000] {processor.py:836} INFO - DAG(s) dict_keys(['example_trigger_target_dag']) retrieved from /home/airflow/.local/lib/python3.7/site-packages/airflow/example_dags/example_trigger_target_dag.py
[2023-05-17T23:36:36.826+0000] {logging_mixin.py:149} INFO - [2023-05-17T23:36:36.826+0000] {dag.py:2726} INFO - Sync 1 DAGs
[2023-05-17T23:36:36.840+0000] {logging_mixin.py:149} INFO - [2023-05-17T23:36:36.840+0000] {dag.py:3490} INFO - Setting next_dagrun for example_trigger_target_dag to None, run_after=None
[2023-05-17T23:36:36.851+0000] {processor.py:179} INFO - Processing /home/airflow/.local/lib/python3.7/site-packages/airflow/example_dags/example_trigger_target_dag.py took 0.053 seconds
[2023-05-17T23:37:07.543+0000] {processor.py:157} INFO - Started process (PID=384) to work on /home/airflow/.local/lib/python3.7/site-packages/airflow/example_dags/example_trigger_target_dag.py
[2023-05-17T23:37:07.552+0000] {processor.py:826} INFO - Processing file /home/airflow/.local/lib/python3.7/site-packages/airflow/example_dags/example_trigger_target_dag.py for tasks to queue
[2023-05-17T23:37:07.552+0000] {logging_mixin.py:149} INFO - [2023-05-17T23:37:07.552+0000] {dagbag.py:541} INFO - Filling up the DagBag from /home/airflow/.local/lib/python3.7/site-packages/airflow/example_dags/example_trigger_target_dag.py
[2023-05-17T23:37:07.556+0000] {processor.py:836} INFO - DAG(s) dict_keys(['example_trigger_target_dag']) retrieved from /home/airflow/.local/lib/python3.7/site-packages/airflow/example_dags/example_trigger_target_dag.py
[2023-05-17T23:37:07.570+0000] {logging_mixin.py:149} INFO - [2023-05-17T23:37:07.570+0000] {dag.py:2726} INFO - Sync 1 DAGs
[2023-05-17T23:37:07.584+0000] {logging_mixin.py:149} INFO - [2023-05-17T23:37:07.584+0000] {dag.py:3490} INFO - Setting next_dagrun for example_trigger_target_dag to None, run_after=None
[2023-05-17T23:37:07.596+0000] {processor.py:179} INFO - Processing /home/airflow/.local/lib/python3.7/site-packages/airflow/example_dags/example_trigger_target_dag.py took 0.054 seconds
[2023-05-17T23:37:38.188+0000] {processor.py:157} INFO - Started process (PID=448) to work on /home/airflow/.local/lib/python3.7/site-packages/airflow/example_dags/example_trigger_target_dag.py
[2023-05-17T23:37:38.198+0000] {processor.py:826} INFO - Processing file /home/airflow/.local/lib/python3.7/site-packages/airflow/example_dags/example_trigger_target_dag.py for tasks to queue
[2023-05-17T23:37:38.199+0000] {logging_mixin.py:149} INFO - [2023-05-17T23:37:38.199+0000] {dagbag.py:541} INFO - Filling up the DagBag from /home/airflow/.local/lib/python3.7/site-packages/airflow/example_dags/example_trigger_target_dag.py
[2023-05-17T23:37:38.203+0000] {processor.py:836} INFO - DAG(s) dict_keys(['example_trigger_target_dag']) retrieved from /home/airflow/.local/lib/python3.7/site-packages/airflow/example_dags/example_trigger_target_dag.py
[2023-05-17T23:37:38.216+0000] {logging_mixin.py:149} INFO - [2023-05-17T23:37:38.216+0000] {dag.py:2726} INFO - Sync 1 DAGs
[2023-05-17T23:37:38.229+0000] {logging_mixin.py:149} INFO - [2023-05-17T23:37:38.229+0000] {dag.py:3490} INFO - Setting next_dagrun for example_trigger_target_dag to None, run_after=None
[2023-05-17T23:37:38.240+0000] {processor.py:179} INFO - Processing /home/airflow/.local/lib/python3.7/site-packages/airflow/example_dags/example_trigger_target_dag.py took 0.054 seconds
[2023-05-17T23:38:08.839+0000] {processor.py:157} INFO - Started process (PID=512) to work on /home/airflow/.local/lib/python3.7/site-packages/airflow/example_dags/example_trigger_target_dag.py
[2023-05-17T23:38:08.849+0000] {processor.py:826} INFO - Processing file /home/airflow/.local/lib/python3.7/site-packages/airflow/example_dags/example_trigger_target_dag.py for tasks to queue
[2023-05-17T23:38:08.849+0000] {logging_mixin.py:149} INFO - [2023-05-17T23:38:08.849+0000] {dagbag.py:541} INFO - Filling up the DagBag from /home/airflow/.local/lib/python3.7/site-packages/airflow/example_dags/example_trigger_target_dag.py
[2023-05-17T23:38:08.852+0000] {processor.py:836} INFO - DAG(s) dict_keys(['example_trigger_target_dag']) retrieved from /home/airflow/.local/lib/python3.7/site-packages/airflow/example_dags/example_trigger_target_dag.py
[2023-05-17T23:38:08.866+0000] {logging_mixin.py:149} INFO - [2023-05-17T23:38:08.866+0000] {dag.py:2726} INFO - Sync 1 DAGs
[2023-05-17T23:38:08.879+0000] {logging_mixin.py:149} INFO - [2023-05-17T23:38:08.879+0000] {dag.py:3490} INFO - Setting next_dagrun for example_trigger_target_dag to None, run_after=None
[2023-05-17T23:38:08.890+0000] {processor.py:179} INFO - Processing /home/airflow/.local/lib/python3.7/site-packages/airflow/example_dags/example_trigger_target_dag.py took 0.053 seconds
[2023-05-17T23:40:48.992+0000] {processor.py:157} INFO - Started process (PID=65) to work on /home/airflow/.local/lib/python3.7/site-packages/airflow/example_dags/example_trigger_target_dag.py
[2023-05-17T23:40:48.993+0000] {processor.py:826} INFO - Processing file /home/airflow/.local/lib/python3.7/site-packages/airflow/example_dags/example_trigger_target_dag.py for tasks to queue
[2023-05-17T23:40:48.994+0000] {logging_mixin.py:149} INFO - [2023-05-17T23:40:48.994+0000] {dagbag.py:541} INFO - Filling up the DagBag from /home/airflow/.local/lib/python3.7/site-packages/airflow/example_dags/example_trigger_target_dag.py
[2023-05-17T23:40:48.998+0000] {processor.py:836} INFO - DAG(s) dict_keys(['example_trigger_target_dag']) retrieved from /home/airflow/.local/lib/python3.7/site-packages/airflow/example_dags/example_trigger_target_dag.py
[2023-05-17T23:40:49.016+0000] {logging_mixin.py:149} INFO - [2023-05-17T23:40:49.015+0000] {dag.py:2726} INFO - Sync 1 DAGs
[2023-05-17T23:40:49.035+0000] {logging_mixin.py:149} INFO - [2023-05-17T23:40:49.035+0000] {dag.py:3490} INFO - Setting next_dagrun for example_trigger_target_dag to None, run_after=None
[2023-05-17T23:40:49.052+0000] {processor.py:179} INFO - Processing /home/airflow/.local/lib/python3.7/site-packages/airflow/example_dags/example_trigger_target_dag.py took 0.062 seconds
[2023-05-17T23:41:20.815+0000] {processor.py:157} INFO - Started process (PID=129) to work on /home/airflow/.local/lib/python3.7/site-packages/airflow/example_dags/example_trigger_target_dag.py
[2023-05-17T23:41:20.815+0000] {processor.py:826} INFO - Processing file /home/airflow/.local/lib/python3.7/site-packages/airflow/example_dags/example_trigger_target_dag.py for tasks to queue
[2023-05-17T23:41:20.816+0000] {logging_mixin.py:149} INFO - [2023-05-17T23:41:20.816+0000] {dagbag.py:541} INFO - Filling up the DagBag from /home/airflow/.local/lib/python3.7/site-packages/airflow/example_dags/example_trigger_target_dag.py
[2023-05-17T23:41:20.821+0000] {processor.py:836} INFO - DAG(s) dict_keys(['example_trigger_target_dag']) retrieved from /home/airflow/.local/lib/python3.7/site-packages/airflow/example_dags/example_trigger_target_dag.py
[2023-05-17T23:41:20.840+0000] {logging_mixin.py:149} INFO - [2023-05-17T23:41:20.840+0000] {dag.py:2726} INFO - Sync 1 DAGs
[2023-05-17T23:41:20.860+0000] {logging_mixin.py:149} INFO - [2023-05-17T23:41:20.859+0000] {dag.py:3490} INFO - Setting next_dagrun for example_trigger_target_dag to None, run_after=None
[2023-05-17T23:41:20.878+0000] {processor.py:179} INFO - Processing /home/airflow/.local/lib/python3.7/site-packages/airflow/example_dags/example_trigger_target_dag.py took 0.066 seconds
[2023-05-17T23:41:52.106+0000] {processor.py:157} INFO - Started process (PID=193) to work on /home/airflow/.local/lib/python3.7/site-packages/airflow/example_dags/example_trigger_target_dag.py
[2023-05-17T23:41:52.107+0000] {processor.py:826} INFO - Processing file /home/airflow/.local/lib/python3.7/site-packages/airflow/example_dags/example_trigger_target_dag.py for tasks to queue
[2023-05-17T23:41:52.107+0000] {logging_mixin.py:149} INFO - [2023-05-17T23:41:52.107+0000] {dagbag.py:541} INFO - Filling up the DagBag from /home/airflow/.local/lib/python3.7/site-packages/airflow/example_dags/example_trigger_target_dag.py
[2023-05-17T23:41:52.112+0000] {processor.py:836} INFO - DAG(s) dict_keys(['example_trigger_target_dag']) retrieved from /home/airflow/.local/lib/python3.7/site-packages/airflow/example_dags/example_trigger_target_dag.py
[2023-05-17T23:41:52.127+0000] {logging_mixin.py:149} INFO - [2023-05-17T23:41:52.127+0000] {dag.py:2726} INFO - Sync 1 DAGs
[2023-05-17T23:41:52.211+0000] {logging_mixin.py:149} INFO - [2023-05-17T23:41:52.210+0000] {dag.py:3490} INFO - Setting next_dagrun for example_trigger_target_dag to None, run_after=None
[2023-05-17T23:41:52.222+0000] {processor.py:179} INFO - Processing /home/airflow/.local/lib/python3.7/site-packages/airflow/example_dags/example_trigger_target_dag.py took 0.118 seconds
[2023-05-17T23:42:23.187+0000] {processor.py:157} INFO - Started process (PID=257) to work on /home/airflow/.local/lib/python3.7/site-packages/airflow/example_dags/example_trigger_target_dag.py
[2023-05-17T23:42:23.187+0000] {processor.py:826} INFO - Processing file /home/airflow/.local/lib/python3.7/site-packages/airflow/example_dags/example_trigger_target_dag.py for tasks to queue
[2023-05-17T23:42:23.188+0000] {logging_mixin.py:149} INFO - [2023-05-17T23:42:23.188+0000] {dagbag.py:541} INFO - Filling up the DagBag from /home/airflow/.local/lib/python3.7/site-packages/airflow/example_dags/example_trigger_target_dag.py
[2023-05-17T23:42:23.191+0000] {processor.py:836} INFO - DAG(s) dict_keys(['example_trigger_target_dag']) retrieved from /home/airflow/.local/lib/python3.7/site-packages/airflow/example_dags/example_trigger_target_dag.py
[2023-05-17T23:42:23.208+0000] {logging_mixin.py:149} INFO - [2023-05-17T23:42:23.208+0000] {dag.py:2726} INFO - Sync 1 DAGs
[2023-05-17T23:42:23.222+0000] {logging_mixin.py:149} INFO - [2023-05-17T23:42:23.222+0000] {dag.py:3490} INFO - Setting next_dagrun for example_trigger_target_dag to None, run_after=None
[2023-05-17T23:42:23.235+0000] {processor.py:179} INFO - Processing /home/airflow/.local/lib/python3.7/site-packages/airflow/example_dags/example_trigger_target_dag.py took 0.050 seconds
[2023-05-17T23:42:53.830+0000] {processor.py:157} INFO - Started process (PID=321) to work on /home/airflow/.local/lib/python3.7/site-packages/airflow/example_dags/example_trigger_target_dag.py
[2023-05-17T23:42:53.832+0000] {processor.py:826} INFO - Processing file /home/airflow/.local/lib/python3.7/site-packages/airflow/example_dags/example_trigger_target_dag.py for tasks to queue
[2023-05-17T23:42:53.832+0000] {logging_mixin.py:149} INFO - [2023-05-17T23:42:53.832+0000] {dagbag.py:541} INFO - Filling up the DagBag from /home/airflow/.local/lib/python3.7/site-packages/airflow/example_dags/example_trigger_target_dag.py
[2023-05-17T23:42:53.835+0000] {processor.py:836} INFO - DAG(s) dict_keys(['example_trigger_target_dag']) retrieved from /home/airflow/.local/lib/python3.7/site-packages/airflow/example_dags/example_trigger_target_dag.py
[2023-05-17T23:42:53.848+0000] {logging_mixin.py:149} INFO - [2023-05-17T23:42:53.848+0000] {dag.py:2726} INFO - Sync 1 DAGs
[2023-05-17T23:42:53.860+0000] {logging_mixin.py:149} INFO - [2023-05-17T23:42:53.860+0000] {dag.py:3490} INFO - Setting next_dagrun for example_trigger_target_dag to None, run_after=None
[2023-05-17T23:42:53.872+0000] {processor.py:179} INFO - Processing /home/airflow/.local/lib/python3.7/site-packages/airflow/example_dags/example_trigger_target_dag.py took 0.044 seconds
[2023-05-17T23:43:24.407+0000] {processor.py:157} INFO - Started process (PID=385) to work on /home/airflow/.local/lib/python3.7/site-packages/airflow/example_dags/example_trigger_target_dag.py
[2023-05-17T23:43:24.408+0000] {processor.py:826} INFO - Processing file /home/airflow/.local/lib/python3.7/site-packages/airflow/example_dags/example_trigger_target_dag.py for tasks to queue
[2023-05-17T23:43:24.408+0000] {logging_mixin.py:149} INFO - [2023-05-17T23:43:24.408+0000] {dagbag.py:541} INFO - Filling up the DagBag from /home/airflow/.local/lib/python3.7/site-packages/airflow/example_dags/example_trigger_target_dag.py
[2023-05-17T23:43:24.411+0000] {processor.py:836} INFO - DAG(s) dict_keys(['example_trigger_target_dag']) retrieved from /home/airflow/.local/lib/python3.7/site-packages/airflow/example_dags/example_trigger_target_dag.py
[2023-05-17T23:43:24.424+0000] {logging_mixin.py:149} INFO - [2023-05-17T23:43:24.424+0000] {dag.py:2726} INFO - Sync 1 DAGs
[2023-05-17T23:43:24.437+0000] {logging_mixin.py:149} INFO - [2023-05-17T23:43:24.436+0000] {dag.py:3490} INFO - Setting next_dagrun for example_trigger_target_dag to None, run_after=None
[2023-05-17T23:43:24.448+0000] {processor.py:179} INFO - Processing /home/airflow/.local/lib/python3.7/site-packages/airflow/example_dags/example_trigger_target_dag.py took 0.043 seconds
[2023-05-17T23:43:54.948+0000] {processor.py:157} INFO - Started process (PID=449) to work on /home/airflow/.local/lib/python3.7/site-packages/airflow/example_dags/example_trigger_target_dag.py
[2023-05-17T23:43:54.951+0000] {processor.py:826} INFO - Processing file /home/airflow/.local/lib/python3.7/site-packages/airflow/example_dags/example_trigger_target_dag.py for tasks to queue
[2023-05-17T23:43:54.951+0000] {logging_mixin.py:149} INFO - [2023-05-17T23:43:54.951+0000] {dagbag.py:541} INFO - Filling up the DagBag from /home/airflow/.local/lib/python3.7/site-packages/airflow/example_dags/example_trigger_target_dag.py
[2023-05-17T23:43:54.955+0000] {processor.py:836} INFO - DAG(s) dict_keys(['example_trigger_target_dag']) retrieved from /home/airflow/.local/lib/python3.7/site-packages/airflow/example_dags/example_trigger_target_dag.py
[2023-05-17T23:43:54.968+0000] {logging_mixin.py:149} INFO - [2023-05-17T23:43:54.968+0000] {dag.py:2726} INFO - Sync 1 DAGs
[2023-05-17T23:43:54.981+0000] {logging_mixin.py:149} INFO - [2023-05-17T23:43:54.981+0000] {dag.py:3490} INFO - Setting next_dagrun for example_trigger_target_dag to None, run_after=None
[2023-05-17T23:43:54.993+0000] {processor.py:179} INFO - Processing /home/airflow/.local/lib/python3.7/site-packages/airflow/example_dags/example_trigger_target_dag.py took 0.047 seconds
[2023-05-17T23:44:25.752+0000] {processor.py:157} INFO - Started process (PID=513) to work on /home/airflow/.local/lib/python3.7/site-packages/airflow/example_dags/example_trigger_target_dag.py
[2023-05-17T23:44:25.752+0000] {processor.py:826} INFO - Processing file /home/airflow/.local/lib/python3.7/site-packages/airflow/example_dags/example_trigger_target_dag.py for tasks to queue
[2023-05-17T23:44:25.753+0000] {logging_mixin.py:149} INFO - [2023-05-17T23:44:25.753+0000] {dagbag.py:541} INFO - Filling up the DagBag from /home/airflow/.local/lib/python3.7/site-packages/airflow/example_dags/example_trigger_target_dag.py
[2023-05-17T23:44:25.756+0000] {processor.py:836} INFO - DAG(s) dict_keys(['example_trigger_target_dag']) retrieved from /home/airflow/.local/lib/python3.7/site-packages/airflow/example_dags/example_trigger_target_dag.py
[2023-05-17T23:44:25.770+0000] {logging_mixin.py:149} INFO - [2023-05-17T23:44:25.769+0000] {dag.py:2726} INFO - Sync 1 DAGs
[2023-05-17T23:44:25.785+0000] {logging_mixin.py:149} INFO - [2023-05-17T23:44:25.785+0000] {dag.py:3490} INFO - Setting next_dagrun for example_trigger_target_dag to None, run_after=None
[2023-05-17T23:44:25.800+0000] {processor.py:179} INFO - Processing /home/airflow/.local/lib/python3.7/site-packages/airflow/example_dags/example_trigger_target_dag.py took 0.050 seconds
[2023-05-17T23:44:56.288+0000] {processor.py:157} INFO - Started process (PID=577) to work on /home/airflow/.local/lib/python3.7/site-packages/airflow/example_dags/example_trigger_target_dag.py
[2023-05-17T23:44:56.289+0000] {processor.py:826} INFO - Processing file /home/airflow/.local/lib/python3.7/site-packages/airflow/example_dags/example_trigger_target_dag.py for tasks to queue
[2023-05-17T23:44:56.290+0000] {logging_mixin.py:149} INFO - [2023-05-17T23:44:56.290+0000] {dagbag.py:541} INFO - Filling up the DagBag from /home/airflow/.local/lib/python3.7/site-packages/airflow/example_dags/example_trigger_target_dag.py
[2023-05-17T23:44:56.292+0000] {processor.py:836} INFO - DAG(s) dict_keys(['example_trigger_target_dag']) retrieved from /home/airflow/.local/lib/python3.7/site-packages/airflow/example_dags/example_trigger_target_dag.py
[2023-05-17T23:44:56.307+0000] {logging_mixin.py:149} INFO - [2023-05-17T23:44:56.307+0000] {dag.py:2726} INFO - Sync 1 DAGs
[2023-05-17T23:44:56.320+0000] {logging_mixin.py:149} INFO - [2023-05-17T23:44:56.319+0000] {dag.py:3490} INFO - Setting next_dagrun for example_trigger_target_dag to None, run_after=None
[2023-05-17T23:44:56.340+0000] {processor.py:179} INFO - Processing /home/airflow/.local/lib/python3.7/site-packages/airflow/example_dags/example_trigger_target_dag.py took 0.054 seconds
[2023-05-17T23:45:26.865+0000] {processor.py:157} INFO - Started process (PID=641) to work on /home/airflow/.local/lib/python3.7/site-packages/airflow/example_dags/example_trigger_target_dag.py
[2023-05-17T23:45:26.867+0000] {processor.py:826} INFO - Processing file /home/airflow/.local/lib/python3.7/site-packages/airflow/example_dags/example_trigger_target_dag.py for tasks to queue
[2023-05-17T23:45:26.867+0000] {logging_mixin.py:149} INFO - [2023-05-17T23:45:26.867+0000] {dagbag.py:541} INFO - Filling up the DagBag from /home/airflow/.local/lib/python3.7/site-packages/airflow/example_dags/example_trigger_target_dag.py
[2023-05-17T23:45:26.870+0000] {processor.py:836} INFO - DAG(s) dict_keys(['example_trigger_target_dag']) retrieved from /home/airflow/.local/lib/python3.7/site-packages/airflow/example_dags/example_trigger_target_dag.py
[2023-05-17T23:45:26.884+0000] {logging_mixin.py:149} INFO - [2023-05-17T23:45:26.884+0000] {dag.py:2726} INFO - Sync 1 DAGs
[2023-05-17T23:45:26.897+0000] {logging_mixin.py:149} INFO - [2023-05-17T23:45:26.897+0000] {dag.py:3490} INFO - Setting next_dagrun for example_trigger_target_dag to None, run_after=None
[2023-05-17T23:45:26.913+0000] {processor.py:179} INFO - Processing /home/airflow/.local/lib/python3.7/site-packages/airflow/example_dags/example_trigger_target_dag.py took 0.050 seconds
[2023-05-17T23:45:57.671+0000] {processor.py:157} INFO - Started process (PID=705) to work on /home/airflow/.local/lib/python3.7/site-packages/airflow/example_dags/example_trigger_target_dag.py
[2023-05-17T23:45:57.672+0000] {processor.py:826} INFO - Processing file /home/airflow/.local/lib/python3.7/site-packages/airflow/example_dags/example_trigger_target_dag.py for tasks to queue
[2023-05-17T23:45:57.672+0000] {logging_mixin.py:149} INFO - [2023-05-17T23:45:57.672+0000] {dagbag.py:541} INFO - Filling up the DagBag from /home/airflow/.local/lib/python3.7/site-packages/airflow/example_dags/example_trigger_target_dag.py
[2023-05-17T23:45:57.676+0000] {processor.py:836} INFO - DAG(s) dict_keys(['example_trigger_target_dag']) retrieved from /home/airflow/.local/lib/python3.7/site-packages/airflow/example_dags/example_trigger_target_dag.py
[2023-05-17T23:45:57.691+0000] {logging_mixin.py:149} INFO - [2023-05-17T23:45:57.691+0000] {dag.py:2726} INFO - Sync 1 DAGs
[2023-05-17T23:45:57.705+0000] {logging_mixin.py:149} INFO - [2023-05-17T23:45:57.705+0000] {dag.py:3490} INFO - Setting next_dagrun for example_trigger_target_dag to None, run_after=None
[2023-05-17T23:45:57.719+0000] {processor.py:179} INFO - Processing /home/airflow/.local/lib/python3.7/site-packages/airflow/example_dags/example_trigger_target_dag.py took 0.050 seconds
[2023-05-17T23:46:28.243+0000] {processor.py:157} INFO - Started process (PID=769) to work on /home/airflow/.local/lib/python3.7/site-packages/airflow/example_dags/example_trigger_target_dag.py
[2023-05-17T23:46:28.245+0000] {processor.py:826} INFO - Processing file /home/airflow/.local/lib/python3.7/site-packages/airflow/example_dags/example_trigger_target_dag.py for tasks to queue
[2023-05-17T23:46:28.246+0000] {logging_mixin.py:149} INFO - [2023-05-17T23:46:28.245+0000] {dagbag.py:541} INFO - Filling up the DagBag from /home/airflow/.local/lib/python3.7/site-packages/airflow/example_dags/example_trigger_target_dag.py
[2023-05-17T23:46:28.248+0000] {processor.py:836} INFO - DAG(s) dict_keys(['example_trigger_target_dag']) retrieved from /home/airflow/.local/lib/python3.7/site-packages/airflow/example_dags/example_trigger_target_dag.py
[2023-05-17T23:46:28.261+0000] {logging_mixin.py:149} INFO - [2023-05-17T23:46:28.261+0000] {dag.py:2726} INFO - Sync 1 DAGs
[2023-05-17T23:46:28.275+0000] {logging_mixin.py:149} INFO - [2023-05-17T23:46:28.275+0000] {dag.py:3490} INFO - Setting next_dagrun for example_trigger_target_dag to None, run_after=None
[2023-05-17T23:46:28.286+0000] {processor.py:179} INFO - Processing /home/airflow/.local/lib/python3.7/site-packages/airflow/example_dags/example_trigger_target_dag.py took 0.044 seconds
[2023-05-17T23:46:58.831+0000] {processor.py:157} INFO - Started process (PID=833) to work on /home/airflow/.local/lib/python3.7/site-packages/airflow/example_dags/example_trigger_target_dag.py
[2023-05-17T23:46:58.832+0000] {processor.py:826} INFO - Processing file /home/airflow/.local/lib/python3.7/site-packages/airflow/example_dags/example_trigger_target_dag.py for tasks to queue
[2023-05-17T23:46:58.833+0000] {logging_mixin.py:149} INFO - [2023-05-17T23:46:58.833+0000] {dagbag.py:541} INFO - Filling up the DagBag from /home/airflow/.local/lib/python3.7/site-packages/airflow/example_dags/example_trigger_target_dag.py
[2023-05-17T23:46:58.836+0000] {processor.py:836} INFO - DAG(s) dict_keys(['example_trigger_target_dag']) retrieved from /home/airflow/.local/lib/python3.7/site-packages/airflow/example_dags/example_trigger_target_dag.py
[2023-05-17T23:46:58.849+0000] {logging_mixin.py:149} INFO - [2023-05-17T23:46:58.849+0000] {dag.py:2726} INFO - Sync 1 DAGs
[2023-05-17T23:46:58.862+0000] {logging_mixin.py:149} INFO - [2023-05-17T23:46:58.862+0000] {dag.py:3490} INFO - Setting next_dagrun for example_trigger_target_dag to None, run_after=None
[2023-05-17T23:46:58.878+0000] {processor.py:179} INFO - Processing /home/airflow/.local/lib/python3.7/site-packages/airflow/example_dags/example_trigger_target_dag.py took 0.049 seconds
[2023-05-17T23:48:21.471+0000] {processor.py:157} INFO - Started process (PID=65) to work on /home/airflow/.local/lib/python3.7/site-packages/airflow/example_dags/example_trigger_target_dag.py
[2023-05-17T23:48:21.472+0000] {processor.py:826} INFO - Processing file /home/airflow/.local/lib/python3.7/site-packages/airflow/example_dags/example_trigger_target_dag.py for tasks to queue
[2023-05-17T23:48:21.472+0000] {logging_mixin.py:149} INFO - [2023-05-17T23:48:21.472+0000] {dagbag.py:541} INFO - Filling up the DagBag from /home/airflow/.local/lib/python3.7/site-packages/airflow/example_dags/example_trigger_target_dag.py
[2023-05-17T23:48:21.475+0000] {processor.py:836} INFO - DAG(s) dict_keys(['example_trigger_target_dag']) retrieved from /home/airflow/.local/lib/python3.7/site-packages/airflow/example_dags/example_trigger_target_dag.py
[2023-05-17T23:48:21.483+0000] {logging_mixin.py:149} INFO - [2023-05-17T23:48:21.482+0000] {dag.py:2726} INFO - Sync 1 DAGs
[2023-05-17T23:48:21.497+0000] {logging_mixin.py:149} INFO - [2023-05-17T23:48:21.496+0000] {dag.py:3490} INFO - Setting next_dagrun for example_trigger_target_dag to None, run_after=None
[2023-05-17T23:48:21.519+0000] {processor.py:179} INFO - Processing /home/airflow/.local/lib/python3.7/site-packages/airflow/example_dags/example_trigger_target_dag.py took 0.050 seconds
[2023-05-17T23:48:52.856+0000] {processor.py:157} INFO - Started process (PID=129) to work on /home/airflow/.local/lib/python3.7/site-packages/airflow/example_dags/example_trigger_target_dag.py
[2023-05-17T23:48:52.864+0000] {processor.py:826} INFO - Processing file /home/airflow/.local/lib/python3.7/site-packages/airflow/example_dags/example_trigger_target_dag.py for tasks to queue
[2023-05-17T23:48:52.864+0000] {logging_mixin.py:149} INFO - [2023-05-17T23:48:52.864+0000] {dagbag.py:541} INFO - Filling up the DagBag from /home/airflow/.local/lib/python3.7/site-packages/airflow/example_dags/example_trigger_target_dag.py
[2023-05-17T23:48:52.868+0000] {processor.py:836} INFO - DAG(s) dict_keys(['example_trigger_target_dag']) retrieved from /home/airflow/.local/lib/python3.7/site-packages/airflow/example_dags/example_trigger_target_dag.py
[2023-05-17T23:48:52.882+0000] {logging_mixin.py:149} INFO - [2023-05-17T23:48:52.882+0000] {dag.py:2726} INFO - Sync 1 DAGs
[2023-05-17T23:48:52.897+0000] {logging_mixin.py:149} INFO - [2023-05-17T23:48:52.897+0000] {dag.py:3490} INFO - Setting next_dagrun for example_trigger_target_dag to None, run_after=None
[2023-05-17T23:48:52.908+0000] {processor.py:179} INFO - Processing /home/airflow/.local/lib/python3.7/site-packages/airflow/example_dags/example_trigger_target_dag.py took 0.054 seconds
[2023-05-17T23:49:23.777+0000] {processor.py:157} INFO - Started process (PID=193) to work on /home/airflow/.local/lib/python3.7/site-packages/airflow/example_dags/example_trigger_target_dag.py
[2023-05-17T23:49:23.778+0000] {processor.py:826} INFO - Processing file /home/airflow/.local/lib/python3.7/site-packages/airflow/example_dags/example_trigger_target_dag.py for tasks to queue
[2023-05-17T23:49:23.778+0000] {logging_mixin.py:149} INFO - [2023-05-17T23:49:23.778+0000] {dagbag.py:541} INFO - Filling up the DagBag from /home/airflow/.local/lib/python3.7/site-packages/airflow/example_dags/example_trigger_target_dag.py
[2023-05-17T23:49:23.783+0000] {processor.py:836} INFO - DAG(s) dict_keys(['example_trigger_target_dag']) retrieved from /home/airflow/.local/lib/python3.7/site-packages/airflow/example_dags/example_trigger_target_dag.py
[2023-05-17T23:49:23.800+0000] {logging_mixin.py:149} INFO - [2023-05-17T23:49:23.800+0000] {dag.py:2726} INFO - Sync 1 DAGs
[2023-05-17T23:49:23.888+0000] {logging_mixin.py:149} INFO - [2023-05-17T23:49:23.888+0000] {dag.py:3490} INFO - Setting next_dagrun for example_trigger_target_dag to None, run_after=None
[2023-05-17T23:49:23.903+0000] {processor.py:179} INFO - Processing /home/airflow/.local/lib/python3.7/site-packages/airflow/example_dags/example_trigger_target_dag.py took 0.128 seconds
[2023-05-17T23:49:54.095+0000] {processor.py:157} INFO - Started process (PID=257) to work on /home/airflow/.local/lib/python3.7/site-packages/airflow/example_dags/example_trigger_target_dag.py
[2023-05-17T23:49:54.106+0000] {processor.py:826} INFO - Processing file /home/airflow/.local/lib/python3.7/site-packages/airflow/example_dags/example_trigger_target_dag.py for tasks to queue
[2023-05-17T23:49:54.107+0000] {logging_mixin.py:149} INFO - [2023-05-17T23:49:54.107+0000] {dagbag.py:541} INFO - Filling up the DagBag from /home/airflow/.local/lib/python3.7/site-packages/airflow/example_dags/example_trigger_target_dag.py
[2023-05-17T23:49:54.110+0000] {processor.py:836} INFO - DAG(s) dict_keys(['example_trigger_target_dag']) retrieved from /home/airflow/.local/lib/python3.7/site-packages/airflow/example_dags/example_trigger_target_dag.py
[2023-05-17T23:49:54.122+0000] {logging_mixin.py:149} INFO - [2023-05-17T23:49:54.122+0000] {dag.py:2726} INFO - Sync 1 DAGs
[2023-05-17T23:49:54.135+0000] {logging_mixin.py:149} INFO - [2023-05-17T23:49:54.135+0000] {dag.py:3490} INFO - Setting next_dagrun for example_trigger_target_dag to None, run_after=None
[2023-05-17T23:49:54.146+0000] {processor.py:179} INFO - Processing /home/airflow/.local/lib/python3.7/site-packages/airflow/example_dags/example_trigger_target_dag.py took 0.052 seconds
[2023-05-17T23:50:24.879+0000] {processor.py:157} INFO - Started process (PID=321) to work on /home/airflow/.local/lib/python3.7/site-packages/airflow/example_dags/example_trigger_target_dag.py
[2023-05-17T23:50:24.890+0000] {processor.py:826} INFO - Processing file /home/airflow/.local/lib/python3.7/site-packages/airflow/example_dags/example_trigger_target_dag.py for tasks to queue
[2023-05-17T23:50:24.891+0000] {logging_mixin.py:149} INFO - [2023-05-17T23:50:24.891+0000] {dagbag.py:541} INFO - Filling up the DagBag from /home/airflow/.local/lib/python3.7/site-packages/airflow/example_dags/example_trigger_target_dag.py
[2023-05-17T23:50:24.894+0000] {processor.py:836} INFO - DAG(s) dict_keys(['example_trigger_target_dag']) retrieved from /home/airflow/.local/lib/python3.7/site-packages/airflow/example_dags/example_trigger_target_dag.py
[2023-05-17T23:50:24.909+0000] {logging_mixin.py:149} INFO - [2023-05-17T23:50:24.909+0000] {dag.py:2726} INFO - Sync 1 DAGs
[2023-05-17T23:50:24.922+0000] {logging_mixin.py:149} INFO - [2023-05-17T23:50:24.922+0000] {dag.py:3490} INFO - Setting next_dagrun for example_trigger_target_dag to None, run_after=None
[2023-05-17T23:50:24.932+0000] {processor.py:179} INFO - Processing /home/airflow/.local/lib/python3.7/site-packages/airflow/example_dags/example_trigger_target_dag.py took 0.055 seconds
[2023-05-17T23:50:55.471+0000] {processor.py:157} INFO - Started process (PID=385) to work on /home/airflow/.local/lib/python3.7/site-packages/airflow/example_dags/example_trigger_target_dag.py
[2023-05-17T23:50:55.481+0000] {processor.py:826} INFO - Processing file /home/airflow/.local/lib/python3.7/site-packages/airflow/example_dags/example_trigger_target_dag.py for tasks to queue
[2023-05-17T23:50:55.481+0000] {logging_mixin.py:149} INFO - [2023-05-17T23:50:55.481+0000] {dagbag.py:541} INFO - Filling up the DagBag from /home/airflow/.local/lib/python3.7/site-packages/airflow/example_dags/example_trigger_target_dag.py
[2023-05-17T23:50:55.485+0000] {processor.py:836} INFO - DAG(s) dict_keys(['example_trigger_target_dag']) retrieved from /home/airflow/.local/lib/python3.7/site-packages/airflow/example_dags/example_trigger_target_dag.py
[2023-05-17T23:50:55.498+0000] {logging_mixin.py:149} INFO - [2023-05-17T23:50:55.498+0000] {dag.py:2726} INFO - Sync 1 DAGs
[2023-05-17T23:50:55.511+0000] {logging_mixin.py:149} INFO - [2023-05-17T23:50:55.511+0000] {dag.py:3490} INFO - Setting next_dagrun for example_trigger_target_dag to None, run_after=None
[2023-05-17T23:50:55.521+0000] {processor.py:179} INFO - Processing /home/airflow/.local/lib/python3.7/site-packages/airflow/example_dags/example_trigger_target_dag.py took 0.052 seconds
[2023-05-17T23:51:26.048+0000] {processor.py:157} INFO - Started process (PID=449) to work on /home/airflow/.local/lib/python3.7/site-packages/airflow/example_dags/example_trigger_target_dag.py
[2023-05-17T23:51:26.058+0000] {processor.py:826} INFO - Processing file /home/airflow/.local/lib/python3.7/site-packages/airflow/example_dags/example_trigger_target_dag.py for tasks to queue
[2023-05-17T23:51:26.059+0000] {logging_mixin.py:149} INFO - [2023-05-17T23:51:26.059+0000] {dagbag.py:541} INFO - Filling up the DagBag from /home/airflow/.local/lib/python3.7/site-packages/airflow/example_dags/example_trigger_target_dag.py
[2023-05-17T23:51:26.062+0000] {processor.py:836} INFO - DAG(s) dict_keys(['example_trigger_target_dag']) retrieved from /home/airflow/.local/lib/python3.7/site-packages/airflow/example_dags/example_trigger_target_dag.py
[2023-05-17T23:51:26.075+0000] {logging_mixin.py:149} INFO - [2023-05-17T23:51:26.075+0000] {dag.py:2726} INFO - Sync 1 DAGs
[2023-05-17T23:51:26.088+0000] {logging_mixin.py:149} INFO - [2023-05-17T23:51:26.088+0000] {dag.py:3490} INFO - Setting next_dagrun for example_trigger_target_dag to None, run_after=None
[2023-05-17T23:51:26.098+0000] {processor.py:179} INFO - Processing /home/airflow/.local/lib/python3.7/site-packages/airflow/example_dags/example_trigger_target_dag.py took 0.052 seconds
[2023-05-17T23:51:56.815+0000] {processor.py:157} INFO - Started process (PID=513) to work on /home/airflow/.local/lib/python3.7/site-packages/airflow/example_dags/example_trigger_target_dag.py
[2023-05-17T23:51:56.823+0000] {processor.py:826} INFO - Processing file /home/airflow/.local/lib/python3.7/site-packages/airflow/example_dags/example_trigger_target_dag.py for tasks to queue
[2023-05-17T23:51:56.823+0000] {logging_mixin.py:149} INFO - [2023-05-17T23:51:56.823+0000] {dagbag.py:541} INFO - Filling up the DagBag from /home/airflow/.local/lib/python3.7/site-packages/airflow/example_dags/example_trigger_target_dag.py
[2023-05-17T23:51:56.827+0000] {processor.py:836} INFO - DAG(s) dict_keys(['example_trigger_target_dag']) retrieved from /home/airflow/.local/lib/python3.7/site-packages/airflow/example_dags/example_trigger_target_dag.py
[2023-05-17T23:51:56.842+0000] {logging_mixin.py:149} INFO - [2023-05-17T23:51:56.842+0000] {dag.py:2726} INFO - Sync 1 DAGs
[2023-05-17T23:51:56.859+0000] {logging_mixin.py:149} INFO - [2023-05-17T23:51:56.859+0000] {dag.py:3490} INFO - Setting next_dagrun for example_trigger_target_dag to None, run_after=None
[2023-05-17T23:51:56.895+0000] {processor.py:179} INFO - Processing /home/airflow/.local/lib/python3.7/site-packages/airflow/example_dags/example_trigger_target_dag.py took 0.082 seconds
[2023-05-17T23:52:27.475+0000] {processor.py:157} INFO - Started process (PID=577) to work on /home/airflow/.local/lib/python3.7/site-packages/airflow/example_dags/example_trigger_target_dag.py
[2023-05-17T23:52:27.484+0000] {processor.py:826} INFO - Processing file /home/airflow/.local/lib/python3.7/site-packages/airflow/example_dags/example_trigger_target_dag.py for tasks to queue
[2023-05-17T23:52:27.485+0000] {logging_mixin.py:149} INFO - [2023-05-17T23:52:27.485+0000] {dagbag.py:541} INFO - Filling up the DagBag from /home/airflow/.local/lib/python3.7/site-packages/airflow/example_dags/example_trigger_target_dag.py
[2023-05-17T23:52:27.488+0000] {processor.py:836} INFO - DAG(s) dict_keys(['example_trigger_target_dag']) retrieved from /home/airflow/.local/lib/python3.7/site-packages/airflow/example_dags/example_trigger_target_dag.py
[2023-05-17T23:52:27.502+0000] {logging_mixin.py:149} INFO - [2023-05-17T23:52:27.502+0000] {dag.py:2726} INFO - Sync 1 DAGs
[2023-05-17T23:52:27.517+0000] {logging_mixin.py:149} INFO - [2023-05-17T23:52:27.517+0000] {dag.py:3490} INFO - Setting next_dagrun for example_trigger_target_dag to None, run_after=None
[2023-05-17T23:52:27.529+0000] {processor.py:179} INFO - Processing /home/airflow/.local/lib/python3.7/site-packages/airflow/example_dags/example_trigger_target_dag.py took 0.056 seconds
[2023-05-17T23:52:58.292+0000] {processor.py:157} INFO - Started process (PID=641) to work on /home/airflow/.local/lib/python3.7/site-packages/airflow/example_dags/example_trigger_target_dag.py
[2023-05-17T23:52:58.300+0000] {processor.py:826} INFO - Processing file /home/airflow/.local/lib/python3.7/site-packages/airflow/example_dags/example_trigger_target_dag.py for tasks to queue
[2023-05-17T23:52:58.301+0000] {logging_mixin.py:149} INFO - [2023-05-17T23:52:58.301+0000] {dagbag.py:541} INFO - Filling up the DagBag from /home/airflow/.local/lib/python3.7/site-packages/airflow/example_dags/example_trigger_target_dag.py
[2023-05-17T23:52:58.304+0000] {processor.py:836} INFO - DAG(s) dict_keys(['example_trigger_target_dag']) retrieved from /home/airflow/.local/lib/python3.7/site-packages/airflow/example_dags/example_trigger_target_dag.py
[2023-05-17T23:52:58.323+0000] {logging_mixin.py:149} INFO - [2023-05-17T23:52:58.323+0000] {dag.py:2726} INFO - Sync 1 DAGs
[2023-05-17T23:52:58.340+0000] {logging_mixin.py:149} INFO - [2023-05-17T23:52:58.340+0000] {dag.py:3490} INFO - Setting next_dagrun for example_trigger_target_dag to None, run_after=None
[2023-05-17T23:52:58.356+0000] {processor.py:179} INFO - Processing /home/airflow/.local/lib/python3.7/site-packages/airflow/example_dags/example_trigger_target_dag.py took 0.067 seconds
[2023-05-17T23:53:28.399+0000] {processor.py:157} INFO - Started process (PID=705) to work on /home/airflow/.local/lib/python3.7/site-packages/airflow/example_dags/example_trigger_target_dag.py
[2023-05-17T23:53:28.410+0000] {processor.py:826} INFO - Processing file /home/airflow/.local/lib/python3.7/site-packages/airflow/example_dags/example_trigger_target_dag.py for tasks to queue
[2023-05-17T23:53:28.410+0000] {logging_mixin.py:149} INFO - [2023-05-17T23:53:28.410+0000] {dagbag.py:541} INFO - Filling up the DagBag from /home/airflow/.local/lib/python3.7/site-packages/airflow/example_dags/example_trigger_target_dag.py
[2023-05-17T23:53:28.413+0000] {processor.py:836} INFO - DAG(s) dict_keys(['example_trigger_target_dag']) retrieved from /home/airflow/.local/lib/python3.7/site-packages/airflow/example_dags/example_trigger_target_dag.py
[2023-05-17T23:53:28.426+0000] {logging_mixin.py:149} INFO - [2023-05-17T23:53:28.426+0000] {dag.py:2726} INFO - Sync 1 DAGs
[2023-05-17T23:53:28.438+0000] {logging_mixin.py:149} INFO - [2023-05-17T23:53:28.438+0000] {dag.py:3490} INFO - Setting next_dagrun for example_trigger_target_dag to None, run_after=None
[2023-05-17T23:53:28.449+0000] {processor.py:179} INFO - Processing /home/airflow/.local/lib/python3.7/site-packages/airflow/example_dags/example_trigger_target_dag.py took 0.052 seconds
[2023-05-17T23:53:59.102+0000] {processor.py:157} INFO - Started process (PID=769) to work on /home/airflow/.local/lib/python3.7/site-packages/airflow/example_dags/example_trigger_target_dag.py
[2023-05-17T23:53:59.110+0000] {processor.py:826} INFO - Processing file /home/airflow/.local/lib/python3.7/site-packages/airflow/example_dags/example_trigger_target_dag.py for tasks to queue
[2023-05-17T23:53:59.110+0000] {logging_mixin.py:149} INFO - [2023-05-17T23:53:59.110+0000] {dagbag.py:541} INFO - Filling up the DagBag from /home/airflow/.local/lib/python3.7/site-packages/airflow/example_dags/example_trigger_target_dag.py
[2023-05-17T23:53:59.113+0000] {processor.py:836} INFO - DAG(s) dict_keys(['example_trigger_target_dag']) retrieved from /home/airflow/.local/lib/python3.7/site-packages/airflow/example_dags/example_trigger_target_dag.py
[2023-05-17T23:53:59.127+0000] {logging_mixin.py:149} INFO - [2023-05-17T23:53:59.127+0000] {dag.py:2726} INFO - Sync 1 DAGs
[2023-05-17T23:53:59.141+0000] {logging_mixin.py:149} INFO - [2023-05-17T23:53:59.141+0000] {dag.py:3490} INFO - Setting next_dagrun for example_trigger_target_dag to None, run_after=None
[2023-05-17T23:53:59.152+0000] {processor.py:179} INFO - Processing /home/airflow/.local/lib/python3.7/site-packages/airflow/example_dags/example_trigger_target_dag.py took 0.053 seconds
[2023-05-17T23:54:29.717+0000] {processor.py:157} INFO - Started process (PID=833) to work on /home/airflow/.local/lib/python3.7/site-packages/airflow/example_dags/example_trigger_target_dag.py
[2023-05-17T23:54:29.727+0000] {processor.py:826} INFO - Processing file /home/airflow/.local/lib/python3.7/site-packages/airflow/example_dags/example_trigger_target_dag.py for tasks to queue
[2023-05-17T23:54:29.727+0000] {logging_mixin.py:149} INFO - [2023-05-17T23:54:29.727+0000] {dagbag.py:541} INFO - Filling up the DagBag from /home/airflow/.local/lib/python3.7/site-packages/airflow/example_dags/example_trigger_target_dag.py
[2023-05-17T23:54:29.731+0000] {processor.py:836} INFO - DAG(s) dict_keys(['example_trigger_target_dag']) retrieved from /home/airflow/.local/lib/python3.7/site-packages/airflow/example_dags/example_trigger_target_dag.py
[2023-05-17T23:54:29.746+0000] {logging_mixin.py:149} INFO - [2023-05-17T23:54:29.746+0000] {dag.py:2726} INFO - Sync 1 DAGs
[2023-05-17T23:54:29.761+0000] {logging_mixin.py:149} INFO - [2023-05-17T23:54:29.760+0000] {dag.py:3490} INFO - Setting next_dagrun for example_trigger_target_dag to None, run_after=None
[2023-05-17T23:54:29.772+0000] {processor.py:179} INFO - Processing /home/airflow/.local/lib/python3.7/site-packages/airflow/example_dags/example_trigger_target_dag.py took 0.057 seconds
[2023-05-17T23:55:00.323+0000] {processor.py:157} INFO - Started process (PID=897) to work on /home/airflow/.local/lib/python3.7/site-packages/airflow/example_dags/example_trigger_target_dag.py
[2023-05-17T23:55:00.324+0000] {processor.py:826} INFO - Processing file /home/airflow/.local/lib/python3.7/site-packages/airflow/example_dags/example_trigger_target_dag.py for tasks to queue
[2023-05-17T23:55:00.324+0000] {logging_mixin.py:149} INFO - [2023-05-17T23:55:00.324+0000] {dagbag.py:541} INFO - Filling up the DagBag from /home/airflow/.local/lib/python3.7/site-packages/airflow/example_dags/example_trigger_target_dag.py
[2023-05-17T23:55:00.329+0000] {processor.py:836} INFO - DAG(s) dict_keys(['example_trigger_target_dag']) retrieved from /home/airflow/.local/lib/python3.7/site-packages/airflow/example_dags/example_trigger_target_dag.py
[2023-05-17T23:55:00.343+0000] {logging_mixin.py:149} INFO - [2023-05-17T23:55:00.343+0000] {dag.py:2726} INFO - Sync 1 DAGs
[2023-05-17T23:55:00.357+0000] {logging_mixin.py:149} INFO - [2023-05-17T23:55:00.357+0000] {dag.py:3490} INFO - Setting next_dagrun for example_trigger_target_dag to None, run_after=None
[2023-05-17T23:55:00.370+0000] {processor.py:179} INFO - Processing /home/airflow/.local/lib/python3.7/site-packages/airflow/example_dags/example_trigger_target_dag.py took 0.049 seconds
[2023-05-17T23:55:30.929+0000] {processor.py:157} INFO - Started process (PID=961) to work on /home/airflow/.local/lib/python3.7/site-packages/airflow/example_dags/example_trigger_target_dag.py
[2023-05-17T23:55:30.939+0000] {processor.py:826} INFO - Processing file /home/airflow/.local/lib/python3.7/site-packages/airflow/example_dags/example_trigger_target_dag.py for tasks to queue
[2023-05-17T23:55:30.939+0000] {logging_mixin.py:149} INFO - [2023-05-17T23:55:30.939+0000] {dagbag.py:541} INFO - Filling up the DagBag from /home/airflow/.local/lib/python3.7/site-packages/airflow/example_dags/example_trigger_target_dag.py
[2023-05-17T23:55:30.942+0000] {processor.py:836} INFO - DAG(s) dict_keys(['example_trigger_target_dag']) retrieved from /home/airflow/.local/lib/python3.7/site-packages/airflow/example_dags/example_trigger_target_dag.py
[2023-05-17T23:55:30.955+0000] {logging_mixin.py:149} INFO - [2023-05-17T23:55:30.955+0000] {dag.py:2726} INFO - Sync 1 DAGs
[2023-05-17T23:55:30.967+0000] {logging_mixin.py:149} INFO - [2023-05-17T23:55:30.967+0000] {dag.py:3490} INFO - Setting next_dagrun for example_trigger_target_dag to None, run_after=None
[2023-05-17T23:55:30.978+0000] {processor.py:179} INFO - Processing /home/airflow/.local/lib/python3.7/site-packages/airflow/example_dags/example_trigger_target_dag.py took 0.051 seconds
[2023-05-17T23:56:01.642+0000] {processor.py:157} INFO - Started process (PID=1025) to work on /home/airflow/.local/lib/python3.7/site-packages/airflow/example_dags/example_trigger_target_dag.py
[2023-05-17T23:56:01.652+0000] {processor.py:826} INFO - Processing file /home/airflow/.local/lib/python3.7/site-packages/airflow/example_dags/example_trigger_target_dag.py for tasks to queue
[2023-05-17T23:56:01.653+0000] {logging_mixin.py:149} INFO - [2023-05-17T23:56:01.652+0000] {dagbag.py:541} INFO - Filling up the DagBag from /home/airflow/.local/lib/python3.7/site-packages/airflow/example_dags/example_trigger_target_dag.py
[2023-05-17T23:56:01.656+0000] {processor.py:836} INFO - DAG(s) dict_keys(['example_trigger_target_dag']) retrieved from /home/airflow/.local/lib/python3.7/site-packages/airflow/example_dags/example_trigger_target_dag.py
[2023-05-17T23:56:01.672+0000] {logging_mixin.py:149} INFO - [2023-05-17T23:56:01.672+0000] {dag.py:2726} INFO - Sync 1 DAGs
[2023-05-17T23:56:01.686+0000] {logging_mixin.py:149} INFO - [2023-05-17T23:56:01.686+0000] {dag.py:3490} INFO - Setting next_dagrun for example_trigger_target_dag to None, run_after=None
[2023-05-17T23:56:01.702+0000] {processor.py:179} INFO - Processing /home/airflow/.local/lib/python3.7/site-packages/airflow/example_dags/example_trigger_target_dag.py took 0.062 seconds
[2023-05-17T23:56:32.287+0000] {processor.py:157} INFO - Started process (PID=1089) to work on /home/airflow/.local/lib/python3.7/site-packages/airflow/example_dags/example_trigger_target_dag.py
[2023-05-17T23:56:32.287+0000] {processor.py:826} INFO - Processing file /home/airflow/.local/lib/python3.7/site-packages/airflow/example_dags/example_trigger_target_dag.py for tasks to queue
[2023-05-17T23:56:32.288+0000] {logging_mixin.py:149} INFO - [2023-05-17T23:56:32.288+0000] {dagbag.py:541} INFO - Filling up the DagBag from /home/airflow/.local/lib/python3.7/site-packages/airflow/example_dags/example_trigger_target_dag.py
[2023-05-17T23:56:32.291+0000] {processor.py:836} INFO - DAG(s) dict_keys(['example_trigger_target_dag']) retrieved from /home/airflow/.local/lib/python3.7/site-packages/airflow/example_dags/example_trigger_target_dag.py
[2023-05-17T23:56:32.304+0000] {logging_mixin.py:149} INFO - [2023-05-17T23:56:32.304+0000] {dag.py:2726} INFO - Sync 1 DAGs
[2023-05-17T23:56:32.317+0000] {logging_mixin.py:149} INFO - [2023-05-17T23:56:32.317+0000] {dag.py:3490} INFO - Setting next_dagrun for example_trigger_target_dag to None, run_after=None
[2023-05-17T23:56:32.329+0000] {processor.py:179} INFO - Processing /home/airflow/.local/lib/python3.7/site-packages/airflow/example_dags/example_trigger_target_dag.py took 0.044 seconds
[2023-05-17T23:57:02.945+0000] {processor.py:157} INFO - Started process (PID=1153) to work on /home/airflow/.local/lib/python3.7/site-packages/airflow/example_dags/example_trigger_target_dag.py
[2023-05-17T23:57:02.949+0000] {processor.py:826} INFO - Processing file /home/airflow/.local/lib/python3.7/site-packages/airflow/example_dags/example_trigger_target_dag.py for tasks to queue
[2023-05-17T23:57:02.949+0000] {logging_mixin.py:149} INFO - [2023-05-17T23:57:02.949+0000] {dagbag.py:541} INFO - Filling up the DagBag from /home/airflow/.local/lib/python3.7/site-packages/airflow/example_dags/example_trigger_target_dag.py
[2023-05-17T23:57:02.953+0000] {processor.py:836} INFO - DAG(s) dict_keys(['example_trigger_target_dag']) retrieved from /home/airflow/.local/lib/python3.7/site-packages/airflow/example_dags/example_trigger_target_dag.py
[2023-05-17T23:57:02.971+0000] {logging_mixin.py:149} INFO - [2023-05-17T23:57:02.971+0000] {dag.py:2726} INFO - Sync 1 DAGs
[2023-05-17T23:57:02.984+0000] {logging_mixin.py:149} INFO - [2023-05-17T23:57:02.984+0000] {dag.py:3490} INFO - Setting next_dagrun for example_trigger_target_dag to None, run_after=None
[2023-05-17T23:57:02.995+0000] {processor.py:179} INFO - Processing /home/airflow/.local/lib/python3.7/site-packages/airflow/example_dags/example_trigger_target_dag.py took 0.052 seconds
[2023-05-17T23:57:33.517+0000] {processor.py:157} INFO - Started process (PID=1217) to work on /home/airflow/.local/lib/python3.7/site-packages/airflow/example_dags/example_trigger_target_dag.py
[2023-05-17T23:57:33.527+0000] {processor.py:826} INFO - Processing file /home/airflow/.local/lib/python3.7/site-packages/airflow/example_dags/example_trigger_target_dag.py for tasks to queue
[2023-05-17T23:57:33.527+0000] {logging_mixin.py:149} INFO - [2023-05-17T23:57:33.527+0000] {dagbag.py:541} INFO - Filling up the DagBag from /home/airflow/.local/lib/python3.7/site-packages/airflow/example_dags/example_trigger_target_dag.py
[2023-05-17T23:57:33.530+0000] {processor.py:836} INFO - DAG(s) dict_keys(['example_trigger_target_dag']) retrieved from /home/airflow/.local/lib/python3.7/site-packages/airflow/example_dags/example_trigger_target_dag.py
[2023-05-17T23:57:33.544+0000] {logging_mixin.py:149} INFO - [2023-05-17T23:57:33.544+0000] {dag.py:2726} INFO - Sync 1 DAGs
[2023-05-17T23:57:33.557+0000] {logging_mixin.py:149} INFO - [2023-05-17T23:57:33.557+0000] {dag.py:3490} INFO - Setting next_dagrun for example_trigger_target_dag to None, run_after=None
[2023-05-17T23:57:33.568+0000] {processor.py:179} INFO - Processing /home/airflow/.local/lib/python3.7/site-packages/airflow/example_dags/example_trigger_target_dag.py took 0.053 seconds
[2023-05-17T23:58:04.331+0000] {processor.py:157} INFO - Started process (PID=1281) to work on /home/airflow/.local/lib/python3.7/site-packages/airflow/example_dags/example_trigger_target_dag.py
[2023-05-17T23:58:04.341+0000] {processor.py:826} INFO - Processing file /home/airflow/.local/lib/python3.7/site-packages/airflow/example_dags/example_trigger_target_dag.py for tasks to queue
[2023-05-17T23:58:04.341+0000] {logging_mixin.py:149} INFO - [2023-05-17T23:58:04.341+0000] {dagbag.py:541} INFO - Filling up the DagBag from /home/airflow/.local/lib/python3.7/site-packages/airflow/example_dags/example_trigger_target_dag.py
[2023-05-17T23:58:04.344+0000] {processor.py:836} INFO - DAG(s) dict_keys(['example_trigger_target_dag']) retrieved from /home/airflow/.local/lib/python3.7/site-packages/airflow/example_dags/example_trigger_target_dag.py
[2023-05-17T23:58:04.357+0000] {logging_mixin.py:149} INFO - [2023-05-17T23:58:04.357+0000] {dag.py:2726} INFO - Sync 1 DAGs
[2023-05-17T23:58:04.370+0000] {logging_mixin.py:149} INFO - [2023-05-17T23:58:04.370+0000] {dag.py:3490} INFO - Setting next_dagrun for example_trigger_target_dag to None, run_after=None
[2023-05-17T23:58:04.381+0000] {processor.py:179} INFO - Processing /home/airflow/.local/lib/python3.7/site-packages/airflow/example_dags/example_trigger_target_dag.py took 0.053 seconds
[2023-05-17T23:58:34.919+0000] {processor.py:157} INFO - Started process (PID=1345) to work on /home/airflow/.local/lib/python3.7/site-packages/airflow/example_dags/example_trigger_target_dag.py
[2023-05-17T23:58:34.930+0000] {processor.py:826} INFO - Processing file /home/airflow/.local/lib/python3.7/site-packages/airflow/example_dags/example_trigger_target_dag.py for tasks to queue
[2023-05-17T23:58:34.930+0000] {logging_mixin.py:149} INFO - [2023-05-17T23:58:34.930+0000] {dagbag.py:541} INFO - Filling up the DagBag from /home/airflow/.local/lib/python3.7/site-packages/airflow/example_dags/example_trigger_target_dag.py
[2023-05-17T23:58:34.934+0000] {processor.py:836} INFO - DAG(s) dict_keys(['example_trigger_target_dag']) retrieved from /home/airflow/.local/lib/python3.7/site-packages/airflow/example_dags/example_trigger_target_dag.py
[2023-05-17T23:58:34.947+0000] {logging_mixin.py:149} INFO - [2023-05-17T23:58:34.947+0000] {dag.py:2726} INFO - Sync 1 DAGs
[2023-05-17T23:58:34.960+0000] {logging_mixin.py:149} INFO - [2023-05-17T23:58:34.960+0000] {dag.py:3490} INFO - Setting next_dagrun for example_trigger_target_dag to None, run_after=None
[2023-05-17T23:58:34.972+0000] {processor.py:179} INFO - Processing /home/airflow/.local/lib/python3.7/site-packages/airflow/example_dags/example_trigger_target_dag.py took 0.055 seconds
[2023-05-17T23:59:05.498+0000] {processor.py:157} INFO - Started process (PID=1409) to work on /home/airflow/.local/lib/python3.7/site-packages/airflow/example_dags/example_trigger_target_dag.py
[2023-05-17T23:59:05.508+0000] {processor.py:826} INFO - Processing file /home/airflow/.local/lib/python3.7/site-packages/airflow/example_dags/example_trigger_target_dag.py for tasks to queue
[2023-05-17T23:59:05.508+0000] {logging_mixin.py:149} INFO - [2023-05-17T23:59:05.508+0000] {dagbag.py:541} INFO - Filling up the DagBag from /home/airflow/.local/lib/python3.7/site-packages/airflow/example_dags/example_trigger_target_dag.py
[2023-05-17T23:59:05.511+0000] {processor.py:836} INFO - DAG(s) dict_keys(['example_trigger_target_dag']) retrieved from /home/airflow/.local/lib/python3.7/site-packages/airflow/example_dags/example_trigger_target_dag.py
[2023-05-17T23:59:05.525+0000] {logging_mixin.py:149} INFO - [2023-05-17T23:59:05.525+0000] {dag.py:2726} INFO - Sync 1 DAGs
[2023-05-17T23:59:05.538+0000] {logging_mixin.py:149} INFO - [2023-05-17T23:59:05.538+0000] {dag.py:3490} INFO - Setting next_dagrun for example_trigger_target_dag to None, run_after=None
[2023-05-17T23:59:05.549+0000] {processor.py:179} INFO - Processing /home/airflow/.local/lib/python3.7/site-packages/airflow/example_dags/example_trigger_target_dag.py took 0.053 seconds
[2023-05-17T23:59:36.110+0000] {processor.py:157} INFO - Started process (PID=1473) to work on /home/airflow/.local/lib/python3.7/site-packages/airflow/example_dags/example_trigger_target_dag.py
[2023-05-17T23:59:36.111+0000] {processor.py:826} INFO - Processing file /home/airflow/.local/lib/python3.7/site-packages/airflow/example_dags/example_trigger_target_dag.py for tasks to queue
[2023-05-17T23:59:36.111+0000] {logging_mixin.py:149} INFO - [2023-05-17T23:59:36.111+0000] {dagbag.py:541} INFO - Filling up the DagBag from /home/airflow/.local/lib/python3.7/site-packages/airflow/example_dags/example_trigger_target_dag.py
[2023-05-17T23:59:36.114+0000] {processor.py:836} INFO - DAG(s) dict_keys(['example_trigger_target_dag']) retrieved from /home/airflow/.local/lib/python3.7/site-packages/airflow/example_dags/example_trigger_target_dag.py
[2023-05-17T23:59:36.128+0000] {logging_mixin.py:149} INFO - [2023-05-17T23:59:36.128+0000] {dag.py:2726} INFO - Sync 1 DAGs
[2023-05-17T23:59:36.141+0000] {logging_mixin.py:149} INFO - [2023-05-17T23:59:36.141+0000] {dag.py:3490} INFO - Setting next_dagrun for example_trigger_target_dag to None, run_after=None
[2023-05-17T23:59:36.153+0000] {processor.py:179} INFO - Processing /home/airflow/.local/lib/python3.7/site-packages/airflow/example_dags/example_trigger_target_dag.py took 0.045 seconds
