[2023-05-17T23:27:46.843+0000] {processor.py:157} INFO - Started process (PID=68) to work on /home/airflow/.local/lib/python3.7/site-packages/airflow/example_dags/tutorial_dag.py
[2023-05-17T23:27:46.844+0000] {processor.py:826} INFO - Processing file /home/airflow/.local/lib/python3.7/site-packages/airflow/example_dags/tutorial_dag.py for tasks to queue
[2023-05-17T23:27:46.844+0000] {logging_mixin.py:149} INFO - [2023-05-17T23:27:46.844+0000] {dagbag.py:541} INFO - Filling up the DagBag from /home/airflow/.local/lib/python3.7/site-packages/airflow/example_dags/tutorial_dag.py
[2023-05-17T23:27:46.847+0000] {processor.py:836} INFO - DAG(s) dict_keys(['tutorial_dag']) retrieved from /home/airflow/.local/lib/python3.7/site-packages/airflow/example_dags/tutorial_dag.py
[2023-05-17T23:27:46.854+0000] {logging_mixin.py:149} INFO - [2023-05-17T23:27:46.854+0000] {dag.py:2726} INFO - Sync 1 DAGs
[2023-05-17T23:27:46.869+0000] {logging_mixin.py:149} INFO - [2023-05-17T23:27:46.869+0000] {dag.py:3490} INFO - Setting next_dagrun for tutorial_dag to None, run_after=None
[2023-05-17T23:27:46.880+0000] {processor.py:179} INFO - Processing /home/airflow/.local/lib/python3.7/site-packages/airflow/example_dags/tutorial_dag.py took 0.038 seconds
[2023-05-17T23:28:17.321+0000] {processor.py:157} INFO - Started process (PID=132) to work on /home/airflow/.local/lib/python3.7/site-packages/airflow/example_dags/tutorial_dag.py
[2023-05-17T23:28:17.321+0000] {processor.py:826} INFO - Processing file /home/airflow/.local/lib/python3.7/site-packages/airflow/example_dags/tutorial_dag.py for tasks to queue
[2023-05-17T23:28:17.322+0000] {logging_mixin.py:149} INFO - [2023-05-17T23:28:17.322+0000] {dagbag.py:541} INFO - Filling up the DagBag from /home/airflow/.local/lib/python3.7/site-packages/airflow/example_dags/tutorial_dag.py
[2023-05-17T23:28:17.324+0000] {processor.py:836} INFO - DAG(s) dict_keys(['tutorial_dag']) retrieved from /home/airflow/.local/lib/python3.7/site-packages/airflow/example_dags/tutorial_dag.py
[2023-05-17T23:28:17.338+0000] {logging_mixin.py:149} INFO - [2023-05-17T23:28:17.338+0000] {dag.py:2726} INFO - Sync 1 DAGs
[2023-05-17T23:28:17.351+0000] {logging_mixin.py:149} INFO - [2023-05-17T23:28:17.351+0000] {dag.py:3490} INFO - Setting next_dagrun for tutorial_dag to None, run_after=None
[2023-05-17T23:28:17.363+0000] {processor.py:179} INFO - Processing /home/airflow/.local/lib/python3.7/site-packages/airflow/example_dags/tutorial_dag.py took 0.044 seconds
[2023-05-17T23:28:47.764+0000] {processor.py:157} INFO - Started process (PID=196) to work on /home/airflow/.local/lib/python3.7/site-packages/airflow/example_dags/tutorial_dag.py
[2023-05-17T23:28:47.764+0000] {processor.py:826} INFO - Processing file /home/airflow/.local/lib/python3.7/site-packages/airflow/example_dags/tutorial_dag.py for tasks to queue
[2023-05-17T23:28:47.765+0000] {logging_mixin.py:149} INFO - [2023-05-17T23:28:47.764+0000] {dagbag.py:541} INFO - Filling up the DagBag from /home/airflow/.local/lib/python3.7/site-packages/airflow/example_dags/tutorial_dag.py
[2023-05-17T23:28:47.767+0000] {processor.py:836} INFO - DAG(s) dict_keys(['tutorial_dag']) retrieved from /home/airflow/.local/lib/python3.7/site-packages/airflow/example_dags/tutorial_dag.py
[2023-05-17T23:28:47.781+0000] {logging_mixin.py:149} INFO - [2023-05-17T23:28:47.781+0000] {dag.py:2726} INFO - Sync 1 DAGs
[2023-05-17T23:28:47.794+0000] {logging_mixin.py:149} INFO - [2023-05-17T23:28:47.794+0000] {dag.py:3490} INFO - Setting next_dagrun for tutorial_dag to None, run_after=None
[2023-05-17T23:28:47.806+0000] {processor.py:179} INFO - Processing /home/airflow/.local/lib/python3.7/site-packages/airflow/example_dags/tutorial_dag.py took 0.044 seconds
[2023-05-17T23:29:18.253+0000] {processor.py:157} INFO - Started process (PID=260) to work on /home/airflow/.local/lib/python3.7/site-packages/airflow/example_dags/tutorial_dag.py
[2023-05-17T23:29:18.253+0000] {processor.py:826} INFO - Processing file /home/airflow/.local/lib/python3.7/site-packages/airflow/example_dags/tutorial_dag.py for tasks to queue
[2023-05-17T23:29:18.253+0000] {logging_mixin.py:149} INFO - [2023-05-17T23:29:18.253+0000] {dagbag.py:541} INFO - Filling up the DagBag from /home/airflow/.local/lib/python3.7/site-packages/airflow/example_dags/tutorial_dag.py
[2023-05-17T23:29:18.256+0000] {processor.py:836} INFO - DAG(s) dict_keys(['tutorial_dag']) retrieved from /home/airflow/.local/lib/python3.7/site-packages/airflow/example_dags/tutorial_dag.py
[2023-05-17T23:29:18.269+0000] {logging_mixin.py:149} INFO - [2023-05-17T23:29:18.269+0000] {dag.py:2726} INFO - Sync 1 DAGs
[2023-05-17T23:29:18.282+0000] {logging_mixin.py:149} INFO - [2023-05-17T23:29:18.282+0000] {dag.py:3490} INFO - Setting next_dagrun for tutorial_dag to None, run_after=None
[2023-05-17T23:29:18.292+0000] {processor.py:179} INFO - Processing /home/airflow/.local/lib/python3.7/site-packages/airflow/example_dags/tutorial_dag.py took 0.042 seconds
[2023-05-17T23:29:48.983+0000] {processor.py:157} INFO - Started process (PID=324) to work on /home/airflow/.local/lib/python3.7/site-packages/airflow/example_dags/tutorial_dag.py
[2023-05-17T23:29:48.989+0000] {processor.py:826} INFO - Processing file /home/airflow/.local/lib/python3.7/site-packages/airflow/example_dags/tutorial_dag.py for tasks to queue
[2023-05-17T23:29:48.989+0000] {logging_mixin.py:149} INFO - [2023-05-17T23:29:48.989+0000] {dagbag.py:541} INFO - Filling up the DagBag from /home/airflow/.local/lib/python3.7/site-packages/airflow/example_dags/tutorial_dag.py
[2023-05-17T23:29:48.992+0000] {processor.py:836} INFO - DAG(s) dict_keys(['tutorial_dag']) retrieved from /home/airflow/.local/lib/python3.7/site-packages/airflow/example_dags/tutorial_dag.py
[2023-05-17T23:29:49.006+0000] {logging_mixin.py:149} INFO - [2023-05-17T23:29:49.006+0000] {dag.py:2726} INFO - Sync 1 DAGs
[2023-05-17T23:29:49.020+0000] {logging_mixin.py:149} INFO - [2023-05-17T23:29:49.019+0000] {dag.py:3490} INFO - Setting next_dagrun for tutorial_dag to None, run_after=None
[2023-05-17T23:29:49.036+0000] {processor.py:179} INFO - Processing /home/airflow/.local/lib/python3.7/site-packages/airflow/example_dags/tutorial_dag.py took 0.055 seconds
[2023-05-17T23:30:32.134+0000] {processor.py:157} INFO - Started process (PID=69) to work on /home/airflow/.local/lib/python3.7/site-packages/airflow/example_dags/tutorial_dag.py
[2023-05-17T23:30:32.138+0000] {processor.py:826} INFO - Processing file /home/airflow/.local/lib/python3.7/site-packages/airflow/example_dags/tutorial_dag.py for tasks to queue
[2023-05-17T23:30:32.138+0000] {logging_mixin.py:149} INFO - [2023-05-17T23:30:32.138+0000] {dagbag.py:541} INFO - Filling up the DagBag from /home/airflow/.local/lib/python3.7/site-packages/airflow/example_dags/tutorial_dag.py
[2023-05-17T23:30:32.141+0000] {processor.py:836} INFO - DAG(s) dict_keys(['tutorial_dag']) retrieved from /home/airflow/.local/lib/python3.7/site-packages/airflow/example_dags/tutorial_dag.py
[2023-05-17T23:30:32.148+0000] {logging_mixin.py:149} INFO - [2023-05-17T23:30:32.148+0000] {dag.py:2726} INFO - Sync 1 DAGs
[2023-05-17T23:30:32.163+0000] {logging_mixin.py:149} INFO - [2023-05-17T23:30:32.163+0000] {dag.py:3490} INFO - Setting next_dagrun for tutorial_dag to None, run_after=None
[2023-05-17T23:30:32.186+0000] {processor.py:179} INFO - Processing /home/airflow/.local/lib/python3.7/site-packages/airflow/example_dags/tutorial_dag.py took 0.054 seconds
[2023-05-17T23:31:03.025+0000] {processor.py:157} INFO - Started process (PID=133) to work on /home/airflow/.local/lib/python3.7/site-packages/airflow/example_dags/tutorial_dag.py
[2023-05-17T23:31:03.031+0000] {processor.py:826} INFO - Processing file /home/airflow/.local/lib/python3.7/site-packages/airflow/example_dags/tutorial_dag.py for tasks to queue
[2023-05-17T23:31:03.031+0000] {logging_mixin.py:149} INFO - [2023-05-17T23:31:03.031+0000] {dagbag.py:541} INFO - Filling up the DagBag from /home/airflow/.local/lib/python3.7/site-packages/airflow/example_dags/tutorial_dag.py
[2023-05-17T23:31:03.034+0000] {processor.py:836} INFO - DAG(s) dict_keys(['tutorial_dag']) retrieved from /home/airflow/.local/lib/python3.7/site-packages/airflow/example_dags/tutorial_dag.py
[2023-05-17T23:31:03.047+0000] {logging_mixin.py:149} INFO - [2023-05-17T23:31:03.047+0000] {dag.py:2726} INFO - Sync 1 DAGs
[2023-05-17T23:31:03.060+0000] {logging_mixin.py:149} INFO - [2023-05-17T23:31:03.060+0000] {dag.py:3490} INFO - Setting next_dagrun for tutorial_dag to None, run_after=None
[2023-05-17T23:31:03.077+0000] {processor.py:179} INFO - Processing /home/airflow/.local/lib/python3.7/site-packages/airflow/example_dags/tutorial_dag.py took 0.054 seconds
[2023-05-17T23:31:34.002+0000] {processor.py:157} INFO - Started process (PID=197) to work on /home/airflow/.local/lib/python3.7/site-packages/airflow/example_dags/tutorial_dag.py
[2023-05-17T23:31:34.003+0000] {processor.py:826} INFO - Processing file /home/airflow/.local/lib/python3.7/site-packages/airflow/example_dags/tutorial_dag.py for tasks to queue
[2023-05-17T23:31:34.004+0000] {logging_mixin.py:149} INFO - [2023-05-17T23:31:34.003+0000] {dagbag.py:541} INFO - Filling up the DagBag from /home/airflow/.local/lib/python3.7/site-packages/airflow/example_dags/tutorial_dag.py
[2023-05-17T23:31:34.006+0000] {processor.py:836} INFO - DAG(s) dict_keys(['tutorial_dag']) retrieved from /home/airflow/.local/lib/python3.7/site-packages/airflow/example_dags/tutorial_dag.py
[2023-05-17T23:31:34.020+0000] {logging_mixin.py:149} INFO - [2023-05-17T23:31:34.020+0000] {dag.py:2726} INFO - Sync 1 DAGs
[2023-05-17T23:31:34.094+0000] {logging_mixin.py:149} INFO - [2023-05-17T23:31:34.094+0000] {dag.py:3490} INFO - Setting next_dagrun for tutorial_dag to None, run_after=None
[2023-05-17T23:31:34.105+0000] {processor.py:179} INFO - Processing /home/airflow/.local/lib/python3.7/site-packages/airflow/example_dags/tutorial_dag.py took 0.104 seconds
[2023-05-17T23:34:34.010+0000] {processor.py:157} INFO - Started process (PID=69) to work on /home/airflow/.local/lib/python3.7/site-packages/airflow/example_dags/tutorial_dag.py
[2023-05-17T23:34:34.012+0000] {processor.py:826} INFO - Processing file /home/airflow/.local/lib/python3.7/site-packages/airflow/example_dags/tutorial_dag.py for tasks to queue
[2023-05-17T23:34:34.013+0000] {logging_mixin.py:149} INFO - [2023-05-17T23:34:34.012+0000] {dagbag.py:541} INFO - Filling up the DagBag from /home/airflow/.local/lib/python3.7/site-packages/airflow/example_dags/tutorial_dag.py
[2023-05-17T23:34:34.016+0000] {processor.py:836} INFO - DAG(s) dict_keys(['tutorial_dag']) retrieved from /home/airflow/.local/lib/python3.7/site-packages/airflow/example_dags/tutorial_dag.py
[2023-05-17T23:34:34.024+0000] {logging_mixin.py:149} INFO - [2023-05-17T23:34:34.024+0000] {dag.py:2726} INFO - Sync 1 DAGs
[2023-05-17T23:34:34.039+0000] {logging_mixin.py:149} INFO - [2023-05-17T23:34:34.039+0000] {dag.py:3490} INFO - Setting next_dagrun for tutorial_dag to None, run_after=None
[2023-05-17T23:34:34.061+0000] {processor.py:179} INFO - Processing /home/airflow/.local/lib/python3.7/site-packages/airflow/example_dags/tutorial_dag.py took 0.053 seconds
[2023-05-17T23:35:05.173+0000] {processor.py:157} INFO - Started process (PID=133) to work on /home/airflow/.local/lib/python3.7/site-packages/airflow/example_dags/tutorial_dag.py
[2023-05-17T23:35:05.179+0000] {processor.py:826} INFO - Processing file /home/airflow/.local/lib/python3.7/site-packages/airflow/example_dags/tutorial_dag.py for tasks to queue
[2023-05-17T23:35:05.179+0000] {logging_mixin.py:149} INFO - [2023-05-17T23:35:05.179+0000] {dagbag.py:541} INFO - Filling up the DagBag from /home/airflow/.local/lib/python3.7/site-packages/airflow/example_dags/tutorial_dag.py
[2023-05-17T23:35:05.183+0000] {processor.py:836} INFO - DAG(s) dict_keys(['tutorial_dag']) retrieved from /home/airflow/.local/lib/python3.7/site-packages/airflow/example_dags/tutorial_dag.py
[2023-05-17T23:35:05.196+0000] {logging_mixin.py:149} INFO - [2023-05-17T23:35:05.196+0000] {dag.py:2726} INFO - Sync 1 DAGs
[2023-05-17T23:35:05.210+0000] {logging_mixin.py:149} INFO - [2023-05-17T23:35:05.210+0000] {dag.py:3490} INFO - Setting next_dagrun for tutorial_dag to None, run_after=None
[2023-05-17T23:35:05.225+0000] {processor.py:179} INFO - Processing /home/airflow/.local/lib/python3.7/site-packages/airflow/example_dags/tutorial_dag.py took 0.055 seconds
[2023-05-17T23:35:36.128+0000] {processor.py:157} INFO - Started process (PID=197) to work on /home/airflow/.local/lib/python3.7/site-packages/airflow/example_dags/tutorial_dag.py
[2023-05-17T23:35:36.129+0000] {processor.py:826} INFO - Processing file /home/airflow/.local/lib/python3.7/site-packages/airflow/example_dags/tutorial_dag.py for tasks to queue
[2023-05-17T23:35:36.129+0000] {logging_mixin.py:149} INFO - [2023-05-17T23:35:36.129+0000] {dagbag.py:541} INFO - Filling up the DagBag from /home/airflow/.local/lib/python3.7/site-packages/airflow/example_dags/tutorial_dag.py
[2023-05-17T23:35:36.131+0000] {processor.py:836} INFO - DAG(s) dict_keys(['tutorial_dag']) retrieved from /home/airflow/.local/lib/python3.7/site-packages/airflow/example_dags/tutorial_dag.py
[2023-05-17T23:35:36.146+0000] {logging_mixin.py:149} INFO - [2023-05-17T23:35:36.146+0000] {dag.py:2726} INFO - Sync 1 DAGs
[2023-05-17T23:35:36.220+0000] {logging_mixin.py:149} INFO - [2023-05-17T23:35:36.220+0000] {dag.py:3490} INFO - Setting next_dagrun for tutorial_dag to None, run_after=None
[2023-05-17T23:35:36.232+0000] {processor.py:179} INFO - Processing /home/airflow/.local/lib/python3.7/site-packages/airflow/example_dags/tutorial_dag.py took 0.106 seconds
[2023-05-17T23:36:06.253+0000] {processor.py:157} INFO - Started process (PID=261) to work on /home/airflow/.local/lib/python3.7/site-packages/airflow/example_dags/tutorial_dag.py
[2023-05-17T23:36:06.253+0000] {processor.py:826} INFO - Processing file /home/airflow/.local/lib/python3.7/site-packages/airflow/example_dags/tutorial_dag.py for tasks to queue
[2023-05-17T23:36:06.254+0000] {logging_mixin.py:149} INFO - [2023-05-17T23:36:06.254+0000] {dagbag.py:541} INFO - Filling up the DagBag from /home/airflow/.local/lib/python3.7/site-packages/airflow/example_dags/tutorial_dag.py
[2023-05-17T23:36:06.256+0000] {processor.py:836} INFO - DAG(s) dict_keys(['tutorial_dag']) retrieved from /home/airflow/.local/lib/python3.7/site-packages/airflow/example_dags/tutorial_dag.py
[2023-05-17T23:36:06.269+0000] {logging_mixin.py:149} INFO - [2023-05-17T23:36:06.269+0000] {dag.py:2726} INFO - Sync 1 DAGs
[2023-05-17T23:36:06.282+0000] {logging_mixin.py:149} INFO - [2023-05-17T23:36:06.282+0000] {dag.py:3490} INFO - Setting next_dagrun for tutorial_dag to None, run_after=None
[2023-05-17T23:36:06.293+0000] {processor.py:179} INFO - Processing /home/airflow/.local/lib/python3.7/site-packages/airflow/example_dags/tutorial_dag.py took 0.042 seconds
[2023-05-17T23:36:36.955+0000] {processor.py:157} INFO - Started process (PID=324) to work on /home/airflow/.local/lib/python3.7/site-packages/airflow/example_dags/tutorial_dag.py
[2023-05-17T23:36:36.955+0000] {processor.py:826} INFO - Processing file /home/airflow/.local/lib/python3.7/site-packages/airflow/example_dags/tutorial_dag.py for tasks to queue
[2023-05-17T23:36:36.956+0000] {logging_mixin.py:149} INFO - [2023-05-17T23:36:36.956+0000] {dagbag.py:541} INFO - Filling up the DagBag from /home/airflow/.local/lib/python3.7/site-packages/airflow/example_dags/tutorial_dag.py
[2023-05-17T23:36:36.958+0000] {processor.py:836} INFO - DAG(s) dict_keys(['tutorial_dag']) retrieved from /home/airflow/.local/lib/python3.7/site-packages/airflow/example_dags/tutorial_dag.py
[2023-05-17T23:36:36.974+0000] {logging_mixin.py:149} INFO - [2023-05-17T23:36:36.974+0000] {dag.py:2726} INFO - Sync 1 DAGs
[2023-05-17T23:36:36.988+0000] {logging_mixin.py:149} INFO - [2023-05-17T23:36:36.987+0000] {dag.py:3490} INFO - Setting next_dagrun for tutorial_dag to None, run_after=None
[2023-05-17T23:36:36.999+0000] {processor.py:179} INFO - Processing /home/airflow/.local/lib/python3.7/site-packages/airflow/example_dags/tutorial_dag.py took 0.047 seconds
[2023-05-17T23:37:07.696+0000] {processor.py:157} INFO - Started process (PID=388) to work on /home/airflow/.local/lib/python3.7/site-packages/airflow/example_dags/tutorial_dag.py
[2023-05-17T23:37:07.703+0000] {processor.py:826} INFO - Processing file /home/airflow/.local/lib/python3.7/site-packages/airflow/example_dags/tutorial_dag.py for tasks to queue
[2023-05-17T23:37:07.703+0000] {logging_mixin.py:149} INFO - [2023-05-17T23:37:07.703+0000] {dagbag.py:541} INFO - Filling up the DagBag from /home/airflow/.local/lib/python3.7/site-packages/airflow/example_dags/tutorial_dag.py
[2023-05-17T23:37:07.706+0000] {processor.py:836} INFO - DAG(s) dict_keys(['tutorial_dag']) retrieved from /home/airflow/.local/lib/python3.7/site-packages/airflow/example_dags/tutorial_dag.py
[2023-05-17T23:37:07.720+0000] {logging_mixin.py:149} INFO - [2023-05-17T23:37:07.719+0000] {dag.py:2726} INFO - Sync 1 DAGs
[2023-05-17T23:37:07.733+0000] {logging_mixin.py:149} INFO - [2023-05-17T23:37:07.733+0000] {dag.py:3490} INFO - Setting next_dagrun for tutorial_dag to None, run_after=None
[2023-05-17T23:37:07.744+0000] {processor.py:179} INFO - Processing /home/airflow/.local/lib/python3.7/site-packages/airflow/example_dags/tutorial_dag.py took 0.050 seconds
[2023-05-17T23:37:38.337+0000] {processor.py:157} INFO - Started process (PID=452) to work on /home/airflow/.local/lib/python3.7/site-packages/airflow/example_dags/tutorial_dag.py
[2023-05-17T23:37:38.342+0000] {processor.py:826} INFO - Processing file /home/airflow/.local/lib/python3.7/site-packages/airflow/example_dags/tutorial_dag.py for tasks to queue
[2023-05-17T23:37:38.342+0000] {logging_mixin.py:149} INFO - [2023-05-17T23:37:38.342+0000] {dagbag.py:541} INFO - Filling up the DagBag from /home/airflow/.local/lib/python3.7/site-packages/airflow/example_dags/tutorial_dag.py
[2023-05-17T23:37:38.345+0000] {processor.py:836} INFO - DAG(s) dict_keys(['tutorial_dag']) retrieved from /home/airflow/.local/lib/python3.7/site-packages/airflow/example_dags/tutorial_dag.py
[2023-05-17T23:37:38.358+0000] {logging_mixin.py:149} INFO - [2023-05-17T23:37:38.358+0000] {dag.py:2726} INFO - Sync 1 DAGs
[2023-05-17T23:37:38.371+0000] {logging_mixin.py:149} INFO - [2023-05-17T23:37:38.371+0000] {dag.py:3490} INFO - Setting next_dagrun for tutorial_dag to None, run_after=None
[2023-05-17T23:37:38.382+0000] {processor.py:179} INFO - Processing /home/airflow/.local/lib/python3.7/site-packages/airflow/example_dags/tutorial_dag.py took 0.047 seconds
[2023-05-17T23:38:08.991+0000] {processor.py:157} INFO - Started process (PID=516) to work on /home/airflow/.local/lib/python3.7/site-packages/airflow/example_dags/tutorial_dag.py
[2023-05-17T23:38:08.995+0000] {processor.py:826} INFO - Processing file /home/airflow/.local/lib/python3.7/site-packages/airflow/example_dags/tutorial_dag.py for tasks to queue
[2023-05-17T23:38:08.996+0000] {logging_mixin.py:149} INFO - [2023-05-17T23:38:08.995+0000] {dagbag.py:541} INFO - Filling up the DagBag from /home/airflow/.local/lib/python3.7/site-packages/airflow/example_dags/tutorial_dag.py
[2023-05-17T23:38:08.998+0000] {processor.py:836} INFO - DAG(s) dict_keys(['tutorial_dag']) retrieved from /home/airflow/.local/lib/python3.7/site-packages/airflow/example_dags/tutorial_dag.py
[2023-05-17T23:38:09.011+0000] {logging_mixin.py:149} INFO - [2023-05-17T23:38:09.011+0000] {dag.py:2726} INFO - Sync 1 DAGs
[2023-05-17T23:38:09.024+0000] {logging_mixin.py:149} INFO - [2023-05-17T23:38:09.024+0000] {dag.py:3490} INFO - Setting next_dagrun for tutorial_dag to None, run_after=None
[2023-05-17T23:38:09.035+0000] {processor.py:179} INFO - Processing /home/airflow/.local/lib/python3.7/site-packages/airflow/example_dags/tutorial_dag.py took 0.047 seconds
[2023-05-17T23:40:49.142+0000] {processor.py:157} INFO - Started process (PID=69) to work on /home/airflow/.local/lib/python3.7/site-packages/airflow/example_dags/tutorial_dag.py
[2023-05-17T23:40:49.144+0000] {processor.py:826} INFO - Processing file /home/airflow/.local/lib/python3.7/site-packages/airflow/example_dags/tutorial_dag.py for tasks to queue
[2023-05-17T23:40:49.144+0000] {logging_mixin.py:149} INFO - [2023-05-17T23:40:49.144+0000] {dagbag.py:541} INFO - Filling up the DagBag from /home/airflow/.local/lib/python3.7/site-packages/airflow/example_dags/tutorial_dag.py
[2023-05-17T23:40:49.148+0000] {processor.py:836} INFO - DAG(s) dict_keys(['tutorial_dag']) retrieved from /home/airflow/.local/lib/python3.7/site-packages/airflow/example_dags/tutorial_dag.py
[2023-05-17T23:40:49.165+0000] {logging_mixin.py:149} INFO - [2023-05-17T23:40:49.165+0000] {dag.py:2726} INFO - Sync 1 DAGs
[2023-05-17T23:40:49.183+0000] {logging_mixin.py:149} INFO - [2023-05-17T23:40:49.183+0000] {dag.py:3490} INFO - Setting next_dagrun for tutorial_dag to None, run_after=None
[2023-05-17T23:40:49.198+0000] {processor.py:179} INFO - Processing /home/airflow/.local/lib/python3.7/site-packages/airflow/example_dags/tutorial_dag.py took 0.058 seconds
[2023-05-17T23:41:20.992+0000] {processor.py:157} INFO - Started process (PID=133) to work on /home/airflow/.local/lib/python3.7/site-packages/airflow/example_dags/tutorial_dag.py
[2023-05-17T23:41:20.993+0000] {processor.py:826} INFO - Processing file /home/airflow/.local/lib/python3.7/site-packages/airflow/example_dags/tutorial_dag.py for tasks to queue
[2023-05-17T23:41:20.993+0000] {logging_mixin.py:149} INFO - [2023-05-17T23:41:20.993+0000] {dagbag.py:541} INFO - Filling up the DagBag from /home/airflow/.local/lib/python3.7/site-packages/airflow/example_dags/tutorial_dag.py
[2023-05-17T23:41:20.999+0000] {processor.py:836} INFO - DAG(s) dict_keys(['tutorial_dag']) retrieved from /home/airflow/.local/lib/python3.7/site-packages/airflow/example_dags/tutorial_dag.py
[2023-05-17T23:41:21.023+0000] {logging_mixin.py:149} INFO - [2023-05-17T23:41:21.023+0000] {dag.py:2726} INFO - Sync 1 DAGs
[2023-05-17T23:41:21.046+0000] {logging_mixin.py:149} INFO - [2023-05-17T23:41:21.046+0000] {dag.py:3490} INFO - Setting next_dagrun for tutorial_dag to None, run_after=None
[2023-05-17T23:41:21.068+0000] {processor.py:179} INFO - Processing /home/airflow/.local/lib/python3.7/site-packages/airflow/example_dags/tutorial_dag.py took 0.079 seconds
[2023-05-17T23:41:52.362+0000] {processor.py:157} INFO - Started process (PID=197) to work on /home/airflow/.local/lib/python3.7/site-packages/airflow/example_dags/tutorial_dag.py
[2023-05-17T23:41:52.363+0000] {processor.py:826} INFO - Processing file /home/airflow/.local/lib/python3.7/site-packages/airflow/example_dags/tutorial_dag.py for tasks to queue
[2023-05-17T23:41:52.364+0000] {logging_mixin.py:149} INFO - [2023-05-17T23:41:52.363+0000] {dagbag.py:541} INFO - Filling up the DagBag from /home/airflow/.local/lib/python3.7/site-packages/airflow/example_dags/tutorial_dag.py
[2023-05-17T23:41:52.367+0000] {processor.py:836} INFO - DAG(s) dict_keys(['tutorial_dag']) retrieved from /home/airflow/.local/lib/python3.7/site-packages/airflow/example_dags/tutorial_dag.py
[2023-05-17T23:41:52.382+0000] {logging_mixin.py:149} INFO - [2023-05-17T23:41:52.382+0000] {dag.py:2726} INFO - Sync 1 DAGs
[2023-05-17T23:41:52.471+0000] {logging_mixin.py:149} INFO - [2023-05-17T23:41:52.471+0000] {dag.py:3490} INFO - Setting next_dagrun for tutorial_dag to None, run_after=None
[2023-05-17T23:41:52.488+0000] {processor.py:179} INFO - Processing /home/airflow/.local/lib/python3.7/site-packages/airflow/example_dags/tutorial_dag.py took 0.128 seconds
[2023-05-17T23:42:23.315+0000] {processor.py:157} INFO - Started process (PID=261) to work on /home/airflow/.local/lib/python3.7/site-packages/airflow/example_dags/tutorial_dag.py
[2023-05-17T23:42:23.322+0000] {processor.py:826} INFO - Processing file /home/airflow/.local/lib/python3.7/site-packages/airflow/example_dags/tutorial_dag.py for tasks to queue
[2023-05-17T23:42:23.323+0000] {logging_mixin.py:149} INFO - [2023-05-17T23:42:23.323+0000] {dagbag.py:541} INFO - Filling up the DagBag from /home/airflow/.local/lib/python3.7/site-packages/airflow/example_dags/tutorial_dag.py
[2023-05-17T23:42:23.326+0000] {processor.py:836} INFO - DAG(s) dict_keys(['tutorial_dag']) retrieved from /home/airflow/.local/lib/python3.7/site-packages/airflow/example_dags/tutorial_dag.py
[2023-05-17T23:42:23.344+0000] {logging_mixin.py:149} INFO - [2023-05-17T23:42:23.343+0000] {dag.py:2726} INFO - Sync 1 DAGs
[2023-05-17T23:42:23.364+0000] {logging_mixin.py:149} INFO - [2023-05-17T23:42:23.364+0000] {dag.py:3490} INFO - Setting next_dagrun for tutorial_dag to None, run_after=None
[2023-05-17T23:42:23.386+0000] {processor.py:179} INFO - Processing /home/airflow/.local/lib/python3.7/site-packages/airflow/example_dags/tutorial_dag.py took 0.073 seconds
[2023-05-17T23:42:53.939+0000] {processor.py:157} INFO - Started process (PID=325) to work on /home/airflow/.local/lib/python3.7/site-packages/airflow/example_dags/tutorial_dag.py
[2023-05-17T23:42:53.945+0000] {processor.py:826} INFO - Processing file /home/airflow/.local/lib/python3.7/site-packages/airflow/example_dags/tutorial_dag.py for tasks to queue
[2023-05-17T23:42:53.945+0000] {logging_mixin.py:149} INFO - [2023-05-17T23:42:53.945+0000] {dagbag.py:541} INFO - Filling up the DagBag from /home/airflow/.local/lib/python3.7/site-packages/airflow/example_dags/tutorial_dag.py
[2023-05-17T23:42:53.948+0000] {processor.py:836} INFO - DAG(s) dict_keys(['tutorial_dag']) retrieved from /home/airflow/.local/lib/python3.7/site-packages/airflow/example_dags/tutorial_dag.py
[2023-05-17T23:42:53.961+0000] {logging_mixin.py:149} INFO - [2023-05-17T23:42:53.961+0000] {dag.py:2726} INFO - Sync 1 DAGs
[2023-05-17T23:42:53.974+0000] {logging_mixin.py:149} INFO - [2023-05-17T23:42:53.974+0000] {dag.py:3490} INFO - Setting next_dagrun for tutorial_dag to None, run_after=None
[2023-05-17T23:42:53.991+0000] {processor.py:179} INFO - Processing /home/airflow/.local/lib/python3.7/site-packages/airflow/example_dags/tutorial_dag.py took 0.055 seconds
[2023-05-17T23:43:24.517+0000] {processor.py:157} INFO - Started process (PID=389) to work on /home/airflow/.local/lib/python3.7/site-packages/airflow/example_dags/tutorial_dag.py
[2023-05-17T23:43:24.517+0000] {processor.py:826} INFO - Processing file /home/airflow/.local/lib/python3.7/site-packages/airflow/example_dags/tutorial_dag.py for tasks to queue
[2023-05-17T23:43:24.518+0000] {logging_mixin.py:149} INFO - [2023-05-17T23:43:24.517+0000] {dagbag.py:541} INFO - Filling up the DagBag from /home/airflow/.local/lib/python3.7/site-packages/airflow/example_dags/tutorial_dag.py
[2023-05-17T23:43:24.520+0000] {processor.py:836} INFO - DAG(s) dict_keys(['tutorial_dag']) retrieved from /home/airflow/.local/lib/python3.7/site-packages/airflow/example_dags/tutorial_dag.py
[2023-05-17T23:43:24.534+0000] {logging_mixin.py:149} INFO - [2023-05-17T23:43:24.534+0000] {dag.py:2726} INFO - Sync 1 DAGs
[2023-05-17T23:43:24.549+0000] {logging_mixin.py:149} INFO - [2023-05-17T23:43:24.549+0000] {dag.py:3490} INFO - Setting next_dagrun for tutorial_dag to None, run_after=None
[2023-05-17T23:43:24.560+0000] {processor.py:179} INFO - Processing /home/airflow/.local/lib/python3.7/site-packages/airflow/example_dags/tutorial_dag.py took 0.045 seconds
[2023-05-17T23:43:55.060+0000] {processor.py:157} INFO - Started process (PID=453) to work on /home/airflow/.local/lib/python3.7/site-packages/airflow/example_dags/tutorial_dag.py
[2023-05-17T23:43:55.065+0000] {processor.py:826} INFO - Processing file /home/airflow/.local/lib/python3.7/site-packages/airflow/example_dags/tutorial_dag.py for tasks to queue
[2023-05-17T23:43:55.065+0000] {logging_mixin.py:149} INFO - [2023-05-17T23:43:55.065+0000] {dagbag.py:541} INFO - Filling up the DagBag from /home/airflow/.local/lib/python3.7/site-packages/airflow/example_dags/tutorial_dag.py
[2023-05-17T23:43:55.067+0000] {processor.py:836} INFO - DAG(s) dict_keys(['tutorial_dag']) retrieved from /home/airflow/.local/lib/python3.7/site-packages/airflow/example_dags/tutorial_dag.py
[2023-05-17T23:43:55.080+0000] {logging_mixin.py:149} INFO - [2023-05-17T23:43:55.080+0000] {dag.py:2726} INFO - Sync 1 DAGs
[2023-05-17T23:43:55.093+0000] {logging_mixin.py:149} INFO - [2023-05-17T23:43:55.093+0000] {dag.py:3490} INFO - Setting next_dagrun for tutorial_dag to None, run_after=None
[2023-05-17T23:43:55.110+0000] {processor.py:179} INFO - Processing /home/airflow/.local/lib/python3.7/site-packages/airflow/example_dags/tutorial_dag.py took 0.052 seconds
[2023-05-17T23:44:25.891+0000] {processor.py:157} INFO - Started process (PID=517) to work on /home/airflow/.local/lib/python3.7/site-packages/airflow/example_dags/tutorial_dag.py
[2023-05-17T23:44:25.898+0000] {processor.py:826} INFO - Processing file /home/airflow/.local/lib/python3.7/site-packages/airflow/example_dags/tutorial_dag.py for tasks to queue
[2023-05-17T23:44:25.899+0000] {logging_mixin.py:149} INFO - [2023-05-17T23:44:25.899+0000] {dagbag.py:541} INFO - Filling up the DagBag from /home/airflow/.local/lib/python3.7/site-packages/airflow/example_dags/tutorial_dag.py
[2023-05-17T23:44:25.901+0000] {processor.py:836} INFO - DAG(s) dict_keys(['tutorial_dag']) retrieved from /home/airflow/.local/lib/python3.7/site-packages/airflow/example_dags/tutorial_dag.py
[2023-05-17T23:44:25.915+0000] {logging_mixin.py:149} INFO - [2023-05-17T23:44:25.915+0000] {dag.py:2726} INFO - Sync 1 DAGs
[2023-05-17T23:44:25.930+0000] {logging_mixin.py:149} INFO - [2023-05-17T23:44:25.930+0000] {dag.py:3490} INFO - Setting next_dagrun for tutorial_dag to None, run_after=None
[2023-05-17T23:44:25.947+0000] {processor.py:179} INFO - Processing /home/airflow/.local/lib/python3.7/site-packages/airflow/example_dags/tutorial_dag.py took 0.058 seconds
[2023-05-17T23:44:56.413+0000] {processor.py:157} INFO - Started process (PID=581) to work on /home/airflow/.local/lib/python3.7/site-packages/airflow/example_dags/tutorial_dag.py
[2023-05-17T23:44:56.418+0000] {processor.py:826} INFO - Processing file /home/airflow/.local/lib/python3.7/site-packages/airflow/example_dags/tutorial_dag.py for tasks to queue
[2023-05-17T23:44:56.418+0000] {logging_mixin.py:149} INFO - [2023-05-17T23:44:56.418+0000] {dagbag.py:541} INFO - Filling up the DagBag from /home/airflow/.local/lib/python3.7/site-packages/airflow/example_dags/tutorial_dag.py
[2023-05-17T23:44:56.421+0000] {processor.py:836} INFO - DAG(s) dict_keys(['tutorial_dag']) retrieved from /home/airflow/.local/lib/python3.7/site-packages/airflow/example_dags/tutorial_dag.py
[2023-05-17T23:44:56.434+0000] {logging_mixin.py:149} INFO - [2023-05-17T23:44:56.434+0000] {dag.py:2726} INFO - Sync 1 DAGs
[2023-05-17T23:44:56.447+0000] {logging_mixin.py:149} INFO - [2023-05-17T23:44:56.447+0000] {dag.py:3490} INFO - Setting next_dagrun for tutorial_dag to None, run_after=None
[2023-05-17T23:44:56.464+0000] {processor.py:179} INFO - Processing /home/airflow/.local/lib/python3.7/site-packages/airflow/example_dags/tutorial_dag.py took 0.053 seconds
[2023-05-17T23:45:26.987+0000] {processor.py:157} INFO - Started process (PID=645) to work on /home/airflow/.local/lib/python3.7/site-packages/airflow/example_dags/tutorial_dag.py
[2023-05-17T23:45:26.993+0000] {processor.py:826} INFO - Processing file /home/airflow/.local/lib/python3.7/site-packages/airflow/example_dags/tutorial_dag.py for tasks to queue
[2023-05-17T23:45:26.994+0000] {logging_mixin.py:149} INFO - [2023-05-17T23:45:26.994+0000] {dagbag.py:541} INFO - Filling up the DagBag from /home/airflow/.local/lib/python3.7/site-packages/airflow/example_dags/tutorial_dag.py
[2023-05-17T23:45:26.996+0000] {processor.py:836} INFO - DAG(s) dict_keys(['tutorial_dag']) retrieved from /home/airflow/.local/lib/python3.7/site-packages/airflow/example_dags/tutorial_dag.py
[2023-05-17T23:45:27.009+0000] {logging_mixin.py:149} INFO - [2023-05-17T23:45:27.009+0000] {dag.py:2726} INFO - Sync 1 DAGs
[2023-05-17T23:45:27.023+0000] {logging_mixin.py:149} INFO - [2023-05-17T23:45:27.022+0000] {dag.py:3490} INFO - Setting next_dagrun for tutorial_dag to None, run_after=None
[2023-05-17T23:45:27.040+0000] {processor.py:179} INFO - Processing /home/airflow/.local/lib/python3.7/site-packages/airflow/example_dags/tutorial_dag.py took 0.054 seconds
[2023-05-17T23:45:57.803+0000] {processor.py:157} INFO - Started process (PID=709) to work on /home/airflow/.local/lib/python3.7/site-packages/airflow/example_dags/tutorial_dag.py
[2023-05-17T23:45:57.806+0000] {processor.py:826} INFO - Processing file /home/airflow/.local/lib/python3.7/site-packages/airflow/example_dags/tutorial_dag.py for tasks to queue
[2023-05-17T23:45:57.806+0000] {logging_mixin.py:149} INFO - [2023-05-17T23:45:57.806+0000] {dagbag.py:541} INFO - Filling up the DagBag from /home/airflow/.local/lib/python3.7/site-packages/airflow/example_dags/tutorial_dag.py
[2023-05-17T23:45:57.809+0000] {processor.py:836} INFO - DAG(s) dict_keys(['tutorial_dag']) retrieved from /home/airflow/.local/lib/python3.7/site-packages/airflow/example_dags/tutorial_dag.py
[2023-05-17T23:45:57.822+0000] {logging_mixin.py:149} INFO - [2023-05-17T23:45:57.822+0000] {dag.py:2726} INFO - Sync 1 DAGs
[2023-05-17T23:45:57.836+0000] {logging_mixin.py:149} INFO - [2023-05-17T23:45:57.836+0000] {dag.py:3490} INFO - Setting next_dagrun for tutorial_dag to None, run_after=None
[2023-05-17T23:45:57.852+0000] {processor.py:179} INFO - Processing /home/airflow/.local/lib/python3.7/site-packages/airflow/example_dags/tutorial_dag.py took 0.051 seconds
[2023-05-17T23:46:28.355+0000] {processor.py:157} INFO - Started process (PID=773) to work on /home/airflow/.local/lib/python3.7/site-packages/airflow/example_dags/tutorial_dag.py
[2023-05-17T23:46:28.359+0000] {processor.py:826} INFO - Processing file /home/airflow/.local/lib/python3.7/site-packages/airflow/example_dags/tutorial_dag.py for tasks to queue
[2023-05-17T23:46:28.360+0000] {logging_mixin.py:149} INFO - [2023-05-17T23:46:28.359+0000] {dagbag.py:541} INFO - Filling up the DagBag from /home/airflow/.local/lib/python3.7/site-packages/airflow/example_dags/tutorial_dag.py
[2023-05-17T23:46:28.362+0000] {processor.py:836} INFO - DAG(s) dict_keys(['tutorial_dag']) retrieved from /home/airflow/.local/lib/python3.7/site-packages/airflow/example_dags/tutorial_dag.py
[2023-05-17T23:46:28.376+0000] {logging_mixin.py:149} INFO - [2023-05-17T23:46:28.376+0000] {dag.py:2726} INFO - Sync 1 DAGs
[2023-05-17T23:46:28.389+0000] {logging_mixin.py:149} INFO - [2023-05-17T23:46:28.389+0000] {dag.py:3490} INFO - Setting next_dagrun for tutorial_dag to None, run_after=None
[2023-05-17T23:46:28.405+0000] {processor.py:179} INFO - Processing /home/airflow/.local/lib/python3.7/site-packages/airflow/example_dags/tutorial_dag.py took 0.052 seconds
[2023-05-17T23:46:58.951+0000] {processor.py:157} INFO - Started process (PID=837) to work on /home/airflow/.local/lib/python3.7/site-packages/airflow/example_dags/tutorial_dag.py
[2023-05-17T23:46:58.955+0000] {processor.py:826} INFO - Processing file /home/airflow/.local/lib/python3.7/site-packages/airflow/example_dags/tutorial_dag.py for tasks to queue
[2023-05-17T23:46:58.956+0000] {logging_mixin.py:149} INFO - [2023-05-17T23:46:58.956+0000] {dagbag.py:541} INFO - Filling up the DagBag from /home/airflow/.local/lib/python3.7/site-packages/airflow/example_dags/tutorial_dag.py
[2023-05-17T23:46:58.958+0000] {processor.py:836} INFO - DAG(s) dict_keys(['tutorial_dag']) retrieved from /home/airflow/.local/lib/python3.7/site-packages/airflow/example_dags/tutorial_dag.py
[2023-05-17T23:46:58.971+0000] {logging_mixin.py:149} INFO - [2023-05-17T23:46:58.971+0000] {dag.py:2726} INFO - Sync 1 DAGs
[2023-05-17T23:46:58.984+0000] {logging_mixin.py:149} INFO - [2023-05-17T23:46:58.983+0000] {dag.py:3490} INFO - Setting next_dagrun for tutorial_dag to None, run_after=None
[2023-05-17T23:46:59.001+0000] {processor.py:179} INFO - Processing /home/airflow/.local/lib/python3.7/site-packages/airflow/example_dags/tutorial_dag.py took 0.052 seconds
[2023-05-17T23:48:21.589+0000] {processor.py:157} INFO - Started process (PID=69) to work on /home/airflow/.local/lib/python3.7/site-packages/airflow/example_dags/tutorial_dag.py
[2023-05-17T23:48:21.589+0000] {processor.py:826} INFO - Processing file /home/airflow/.local/lib/python3.7/site-packages/airflow/example_dags/tutorial_dag.py for tasks to queue
[2023-05-17T23:48:21.590+0000] {logging_mixin.py:149} INFO - [2023-05-17T23:48:21.590+0000] {dagbag.py:541} INFO - Filling up the DagBag from /home/airflow/.local/lib/python3.7/site-packages/airflow/example_dags/tutorial_dag.py
[2023-05-17T23:48:21.592+0000] {processor.py:836} INFO - DAG(s) dict_keys(['tutorial_dag']) retrieved from /home/airflow/.local/lib/python3.7/site-packages/airflow/example_dags/tutorial_dag.py
[2023-05-17T23:48:21.600+0000] {logging_mixin.py:149} INFO - [2023-05-17T23:48:21.600+0000] {dag.py:2726} INFO - Sync 1 DAGs
[2023-05-17T23:48:21.615+0000] {logging_mixin.py:149} INFO - [2023-05-17T23:48:21.615+0000] {dag.py:3490} INFO - Setting next_dagrun for tutorial_dag to None, run_after=None
[2023-05-17T23:48:21.628+0000] {processor.py:179} INFO - Processing /home/airflow/.local/lib/python3.7/site-packages/airflow/example_dags/tutorial_dag.py took 0.042 seconds
[2023-05-17T23:48:53.005+0000] {processor.py:157} INFO - Started process (PID=133) to work on /home/airflow/.local/lib/python3.7/site-packages/airflow/example_dags/tutorial_dag.py
[2023-05-17T23:48:53.012+0000] {processor.py:826} INFO - Processing file /home/airflow/.local/lib/python3.7/site-packages/airflow/example_dags/tutorial_dag.py for tasks to queue
[2023-05-17T23:48:53.012+0000] {logging_mixin.py:149} INFO - [2023-05-17T23:48:53.012+0000] {dagbag.py:541} INFO - Filling up the DagBag from /home/airflow/.local/lib/python3.7/site-packages/airflow/example_dags/tutorial_dag.py
[2023-05-17T23:48:53.015+0000] {processor.py:836} INFO - DAG(s) dict_keys(['tutorial_dag']) retrieved from /home/airflow/.local/lib/python3.7/site-packages/airflow/example_dags/tutorial_dag.py
[2023-05-17T23:48:53.028+0000] {logging_mixin.py:149} INFO - [2023-05-17T23:48:53.028+0000] {dag.py:2726} INFO - Sync 1 DAGs
[2023-05-17T23:48:53.042+0000] {logging_mixin.py:149} INFO - [2023-05-17T23:48:53.042+0000] {dag.py:3490} INFO - Setting next_dagrun for tutorial_dag to None, run_after=None
[2023-05-17T23:48:53.058+0000] {processor.py:179} INFO - Processing /home/airflow/.local/lib/python3.7/site-packages/airflow/example_dags/tutorial_dag.py took 0.055 seconds
[2023-05-17T23:49:24.054+0000] {processor.py:157} INFO - Started process (PID=197) to work on /home/airflow/.local/lib/python3.7/site-packages/airflow/example_dags/tutorial_dag.py
[2023-05-17T23:49:24.054+0000] {processor.py:826} INFO - Processing file /home/airflow/.local/lib/python3.7/site-packages/airflow/example_dags/tutorial_dag.py for tasks to queue
[2023-05-17T23:49:24.055+0000] {logging_mixin.py:149} INFO - [2023-05-17T23:49:24.055+0000] {dagbag.py:541} INFO - Filling up the DagBag from /home/airflow/.local/lib/python3.7/site-packages/airflow/example_dags/tutorial_dag.py
[2023-05-17T23:49:24.058+0000] {processor.py:836} INFO - DAG(s) dict_keys(['tutorial_dag']) retrieved from /home/airflow/.local/lib/python3.7/site-packages/airflow/example_dags/tutorial_dag.py
[2023-05-17T23:49:24.072+0000] {logging_mixin.py:149} INFO - [2023-05-17T23:49:24.072+0000] {dag.py:2726} INFO - Sync 1 DAGs
[2023-05-17T23:49:24.151+0000] {logging_mixin.py:149} INFO - [2023-05-17T23:49:24.151+0000] {dag.py:3490} INFO - Setting next_dagrun for tutorial_dag to None, run_after=None
[2023-05-17T23:49:24.163+0000] {processor.py:179} INFO - Processing /home/airflow/.local/lib/python3.7/site-packages/airflow/example_dags/tutorial_dag.py took 0.111 seconds
[2023-05-17T23:49:54.242+0000] {processor.py:157} INFO - Started process (PID=261) to work on /home/airflow/.local/lib/python3.7/site-packages/airflow/example_dags/tutorial_dag.py
[2023-05-17T23:49:54.248+0000] {processor.py:826} INFO - Processing file /home/airflow/.local/lib/python3.7/site-packages/airflow/example_dags/tutorial_dag.py for tasks to queue
[2023-05-17T23:49:54.248+0000] {logging_mixin.py:149} INFO - [2023-05-17T23:49:54.248+0000] {dagbag.py:541} INFO - Filling up the DagBag from /home/airflow/.local/lib/python3.7/site-packages/airflow/example_dags/tutorial_dag.py
[2023-05-17T23:49:54.250+0000] {processor.py:836} INFO - DAG(s) dict_keys(['tutorial_dag']) retrieved from /home/airflow/.local/lib/python3.7/site-packages/airflow/example_dags/tutorial_dag.py
[2023-05-17T23:49:54.264+0000] {logging_mixin.py:149} INFO - [2023-05-17T23:49:54.264+0000] {dag.py:2726} INFO - Sync 1 DAGs
[2023-05-17T23:49:54.277+0000] {logging_mixin.py:149} INFO - [2023-05-17T23:49:54.277+0000] {dag.py:3490} INFO - Setting next_dagrun for tutorial_dag to None, run_after=None
[2023-05-17T23:49:54.295+0000] {processor.py:179} INFO - Processing /home/airflow/.local/lib/python3.7/site-packages/airflow/example_dags/tutorial_dag.py took 0.055 seconds
[2023-05-17T23:50:25.029+0000] {processor.py:157} INFO - Started process (PID=325) to work on /home/airflow/.local/lib/python3.7/site-packages/airflow/example_dags/tutorial_dag.py
[2023-05-17T23:50:25.034+0000] {processor.py:826} INFO - Processing file /home/airflow/.local/lib/python3.7/site-packages/airflow/example_dags/tutorial_dag.py for tasks to queue
[2023-05-17T23:50:25.034+0000] {logging_mixin.py:149} INFO - [2023-05-17T23:50:25.034+0000] {dagbag.py:541} INFO - Filling up the DagBag from /home/airflow/.local/lib/python3.7/site-packages/airflow/example_dags/tutorial_dag.py
[2023-05-17T23:50:25.037+0000] {processor.py:836} INFO - DAG(s) dict_keys(['tutorial_dag']) retrieved from /home/airflow/.local/lib/python3.7/site-packages/airflow/example_dags/tutorial_dag.py
[2023-05-17T23:50:25.050+0000] {logging_mixin.py:149} INFO - [2023-05-17T23:50:25.050+0000] {dag.py:2726} INFO - Sync 1 DAGs
[2023-05-17T23:50:25.065+0000] {logging_mixin.py:149} INFO - [2023-05-17T23:50:25.065+0000] {dag.py:3490} INFO - Setting next_dagrun for tutorial_dag to None, run_after=None
[2023-05-17T23:50:25.080+0000] {processor.py:179} INFO - Processing /home/airflow/.local/lib/python3.7/site-packages/airflow/example_dags/tutorial_dag.py took 0.053 seconds
[2023-05-17T23:50:55.618+0000] {processor.py:157} INFO - Started process (PID=389) to work on /home/airflow/.local/lib/python3.7/site-packages/airflow/example_dags/tutorial_dag.py
[2023-05-17T23:50:55.624+0000] {processor.py:826} INFO - Processing file /home/airflow/.local/lib/python3.7/site-packages/airflow/example_dags/tutorial_dag.py for tasks to queue
[2023-05-17T23:50:55.624+0000] {logging_mixin.py:149} INFO - [2023-05-17T23:50:55.624+0000] {dagbag.py:541} INFO - Filling up the DagBag from /home/airflow/.local/lib/python3.7/site-packages/airflow/example_dags/tutorial_dag.py
[2023-05-17T23:50:55.627+0000] {processor.py:836} INFO - DAG(s) dict_keys(['tutorial_dag']) retrieved from /home/airflow/.local/lib/python3.7/site-packages/airflow/example_dags/tutorial_dag.py
[2023-05-17T23:50:55.640+0000] {logging_mixin.py:149} INFO - [2023-05-17T23:50:55.640+0000] {dag.py:2726} INFO - Sync 1 DAGs
[2023-05-17T23:50:55.654+0000] {logging_mixin.py:149} INFO - [2023-05-17T23:50:55.654+0000] {dag.py:3490} INFO - Setting next_dagrun for tutorial_dag to None, run_after=None
[2023-05-17T23:50:55.670+0000] {processor.py:179} INFO - Processing /home/airflow/.local/lib/python3.7/site-packages/airflow/example_dags/tutorial_dag.py took 0.053 seconds
[2023-05-17T23:51:26.194+0000] {processor.py:157} INFO - Started process (PID=453) to work on /home/airflow/.local/lib/python3.7/site-packages/airflow/example_dags/tutorial_dag.py
[2023-05-17T23:51:26.198+0000] {processor.py:826} INFO - Processing file /home/airflow/.local/lib/python3.7/site-packages/airflow/example_dags/tutorial_dag.py for tasks to queue
[2023-05-17T23:51:26.199+0000] {logging_mixin.py:149} INFO - [2023-05-17T23:51:26.199+0000] {dagbag.py:541} INFO - Filling up the DagBag from /home/airflow/.local/lib/python3.7/site-packages/airflow/example_dags/tutorial_dag.py
[2023-05-17T23:51:26.201+0000] {processor.py:836} INFO - DAG(s) dict_keys(['tutorial_dag']) retrieved from /home/airflow/.local/lib/python3.7/site-packages/airflow/example_dags/tutorial_dag.py
[2023-05-17T23:51:26.214+0000] {logging_mixin.py:149} INFO - [2023-05-17T23:51:26.214+0000] {dag.py:2726} INFO - Sync 1 DAGs
[2023-05-17T23:51:26.227+0000] {logging_mixin.py:149} INFO - [2023-05-17T23:51:26.227+0000] {dag.py:3490} INFO - Setting next_dagrun for tutorial_dag to None, run_after=None
[2023-05-17T23:51:26.244+0000] {processor.py:179} INFO - Processing /home/airflow/.local/lib/python3.7/site-packages/airflow/example_dags/tutorial_dag.py took 0.052 seconds
[2023-05-17T23:51:56.981+0000] {processor.py:157} INFO - Started process (PID=517) to work on /home/airflow/.local/lib/python3.7/site-packages/airflow/example_dags/tutorial_dag.py
[2023-05-17T23:51:56.985+0000] {processor.py:826} INFO - Processing file /home/airflow/.local/lib/python3.7/site-packages/airflow/example_dags/tutorial_dag.py for tasks to queue
[2023-05-17T23:51:56.985+0000] {logging_mixin.py:149} INFO - [2023-05-17T23:51:56.985+0000] {dagbag.py:541} INFO - Filling up the DagBag from /home/airflow/.local/lib/python3.7/site-packages/airflow/example_dags/tutorial_dag.py
[2023-05-17T23:51:56.988+0000] {processor.py:836} INFO - DAG(s) dict_keys(['tutorial_dag']) retrieved from /home/airflow/.local/lib/python3.7/site-packages/airflow/example_dags/tutorial_dag.py
[2023-05-17T23:51:57.004+0000] {logging_mixin.py:149} INFO - [2023-05-17T23:51:57.004+0000] {dag.py:2726} INFO - Sync 1 DAGs
[2023-05-17T23:51:57.019+0000] {logging_mixin.py:149} INFO - [2023-05-17T23:51:57.018+0000] {dag.py:3490} INFO - Setting next_dagrun for tutorial_dag to None, run_after=None
[2023-05-17T23:51:57.031+0000] {processor.py:179} INFO - Processing /home/airflow/.local/lib/python3.7/site-packages/airflow/example_dags/tutorial_dag.py took 0.052 seconds
[2023-05-17T23:52:27.629+0000] {processor.py:157} INFO - Started process (PID=581) to work on /home/airflow/.local/lib/python3.7/site-packages/airflow/example_dags/tutorial_dag.py
[2023-05-17T23:52:27.635+0000] {processor.py:826} INFO - Processing file /home/airflow/.local/lib/python3.7/site-packages/airflow/example_dags/tutorial_dag.py for tasks to queue
[2023-05-17T23:52:27.635+0000] {logging_mixin.py:149} INFO - [2023-05-17T23:52:27.635+0000] {dagbag.py:541} INFO - Filling up the DagBag from /home/airflow/.local/lib/python3.7/site-packages/airflow/example_dags/tutorial_dag.py
[2023-05-17T23:52:27.638+0000] {processor.py:836} INFO - DAG(s) dict_keys(['tutorial_dag']) retrieved from /home/airflow/.local/lib/python3.7/site-packages/airflow/example_dags/tutorial_dag.py
[2023-05-17T23:52:27.651+0000] {logging_mixin.py:149} INFO - [2023-05-17T23:52:27.651+0000] {dag.py:2726} INFO - Sync 1 DAGs
[2023-05-17T23:52:27.665+0000] {logging_mixin.py:149} INFO - [2023-05-17T23:52:27.665+0000] {dag.py:3490} INFO - Setting next_dagrun for tutorial_dag to None, run_after=None
[2023-05-17T23:52:27.681+0000] {processor.py:179} INFO - Processing /home/airflow/.local/lib/python3.7/site-packages/airflow/example_dags/tutorial_dag.py took 0.054 seconds
[2023-05-17T23:52:58.467+0000] {processor.py:157} INFO - Started process (PID=645) to work on /home/airflow/.local/lib/python3.7/site-packages/airflow/example_dags/tutorial_dag.py
[2023-05-17T23:52:58.468+0000] {processor.py:826} INFO - Processing file /home/airflow/.local/lib/python3.7/site-packages/airflow/example_dags/tutorial_dag.py for tasks to queue
[2023-05-17T23:52:58.469+0000] {logging_mixin.py:149} INFO - [2023-05-17T23:52:58.469+0000] {dagbag.py:541} INFO - Filling up the DagBag from /home/airflow/.local/lib/python3.7/site-packages/airflow/example_dags/tutorial_dag.py
[2023-05-17T23:52:58.474+0000] {processor.py:836} INFO - DAG(s) dict_keys(['tutorial_dag']) retrieved from /home/airflow/.local/lib/python3.7/site-packages/airflow/example_dags/tutorial_dag.py
[2023-05-17T23:52:58.494+0000] {logging_mixin.py:149} INFO - [2023-05-17T23:52:58.494+0000] {dag.py:2726} INFO - Sync 1 DAGs
[2023-05-17T23:52:58.511+0000] {logging_mixin.py:149} INFO - [2023-05-17T23:52:58.510+0000] {dag.py:3490} INFO - Setting next_dagrun for tutorial_dag to None, run_after=None
[2023-05-17T23:52:58.539+0000] {processor.py:179} INFO - Processing /home/airflow/.local/lib/python3.7/site-packages/airflow/example_dags/tutorial_dag.py took 0.074 seconds
[2023-05-17T23:53:28.557+0000] {processor.py:157} INFO - Started process (PID=709) to work on /home/airflow/.local/lib/python3.7/site-packages/airflow/example_dags/tutorial_dag.py
[2023-05-17T23:53:28.574+0000] {processor.py:826} INFO - Processing file /home/airflow/.local/lib/python3.7/site-packages/airflow/example_dags/tutorial_dag.py for tasks to queue
[2023-05-17T23:53:28.575+0000] {logging_mixin.py:149} INFO - [2023-05-17T23:53:28.575+0000] {dagbag.py:541} INFO - Filling up the DagBag from /home/airflow/.local/lib/python3.7/site-packages/airflow/example_dags/tutorial_dag.py
[2023-05-17T23:53:28.577+0000] {processor.py:836} INFO - DAG(s) dict_keys(['tutorial_dag']) retrieved from /home/airflow/.local/lib/python3.7/site-packages/airflow/example_dags/tutorial_dag.py
[2023-05-17T23:53:28.592+0000] {logging_mixin.py:149} INFO - [2023-05-17T23:53:28.592+0000] {dag.py:2726} INFO - Sync 1 DAGs
[2023-05-17T23:53:28.605+0000] {logging_mixin.py:149} INFO - [2023-05-17T23:53:28.605+0000] {dag.py:3490} INFO - Setting next_dagrun for tutorial_dag to None, run_after=None
[2023-05-17T23:53:28.616+0000] {processor.py:179} INFO - Processing /home/airflow/.local/lib/python3.7/site-packages/airflow/example_dags/tutorial_dag.py took 0.060 seconds
[2023-05-17T23:53:59.252+0000] {processor.py:157} INFO - Started process (PID=773) to work on /home/airflow/.local/lib/python3.7/site-packages/airflow/example_dags/tutorial_dag.py
[2023-05-17T23:53:59.260+0000] {processor.py:826} INFO - Processing file /home/airflow/.local/lib/python3.7/site-packages/airflow/example_dags/tutorial_dag.py for tasks to queue
[2023-05-17T23:53:59.260+0000] {logging_mixin.py:149} INFO - [2023-05-17T23:53:59.260+0000] {dagbag.py:541} INFO - Filling up the DagBag from /home/airflow/.local/lib/python3.7/site-packages/airflow/example_dags/tutorial_dag.py
[2023-05-17T23:53:59.263+0000] {processor.py:836} INFO - DAG(s) dict_keys(['tutorial_dag']) retrieved from /home/airflow/.local/lib/python3.7/site-packages/airflow/example_dags/tutorial_dag.py
[2023-05-17T23:53:59.277+0000] {logging_mixin.py:149} INFO - [2023-05-17T23:53:59.277+0000] {dag.py:2726} INFO - Sync 1 DAGs
[2023-05-17T23:53:59.291+0000] {logging_mixin.py:149} INFO - [2023-05-17T23:53:59.291+0000] {dag.py:3490} INFO - Setting next_dagrun for tutorial_dag to None, run_after=None
[2023-05-17T23:53:59.308+0000] {processor.py:179} INFO - Processing /home/airflow/.local/lib/python3.7/site-packages/airflow/example_dags/tutorial_dag.py took 0.057 seconds
[2023-05-17T23:54:29.905+0000] {processor.py:157} INFO - Started process (PID=837) to work on /home/airflow/.local/lib/python3.7/site-packages/airflow/example_dags/tutorial_dag.py
[2023-05-17T23:54:29.906+0000] {processor.py:826} INFO - Processing file /home/airflow/.local/lib/python3.7/site-packages/airflow/example_dags/tutorial_dag.py for tasks to queue
[2023-05-17T23:54:29.906+0000] {logging_mixin.py:149} INFO - [2023-05-17T23:54:29.906+0000] {dagbag.py:541} INFO - Filling up the DagBag from /home/airflow/.local/lib/python3.7/site-packages/airflow/example_dags/tutorial_dag.py
[2023-05-17T23:54:29.908+0000] {processor.py:836} INFO - DAG(s) dict_keys(['tutorial_dag']) retrieved from /home/airflow/.local/lib/python3.7/site-packages/airflow/example_dags/tutorial_dag.py
[2023-05-17T23:54:29.924+0000] {logging_mixin.py:149} INFO - [2023-05-17T23:54:29.924+0000] {dag.py:2726} INFO - Sync 1 DAGs
[2023-05-17T23:54:29.938+0000] {logging_mixin.py:149} INFO - [2023-05-17T23:54:29.938+0000] {dag.py:3490} INFO - Setting next_dagrun for tutorial_dag to None, run_after=None
[2023-05-17T23:54:29.949+0000] {processor.py:179} INFO - Processing /home/airflow/.local/lib/python3.7/site-packages/airflow/example_dags/tutorial_dag.py took 0.046 seconds
[2023-05-17T23:55:00.475+0000] {processor.py:157} INFO - Started process (PID=901) to work on /home/airflow/.local/lib/python3.7/site-packages/airflow/example_dags/tutorial_dag.py
[2023-05-17T23:55:00.483+0000] {processor.py:826} INFO - Processing file /home/airflow/.local/lib/python3.7/site-packages/airflow/example_dags/tutorial_dag.py for tasks to queue
[2023-05-17T23:55:00.484+0000] {logging_mixin.py:149} INFO - [2023-05-17T23:55:00.483+0000] {dagbag.py:541} INFO - Filling up the DagBag from /home/airflow/.local/lib/python3.7/site-packages/airflow/example_dags/tutorial_dag.py
[2023-05-17T23:55:00.486+0000] {processor.py:836} INFO - DAG(s) dict_keys(['tutorial_dag']) retrieved from /home/airflow/.local/lib/python3.7/site-packages/airflow/example_dags/tutorial_dag.py
[2023-05-17T23:55:00.500+0000] {logging_mixin.py:149} INFO - [2023-05-17T23:55:00.500+0000] {dag.py:2726} INFO - Sync 1 DAGs
[2023-05-17T23:55:00.514+0000] {logging_mixin.py:149} INFO - [2023-05-17T23:55:00.514+0000] {dag.py:3490} INFO - Setting next_dagrun for tutorial_dag to None, run_after=None
[2023-05-17T23:55:00.526+0000] {processor.py:179} INFO - Processing /home/airflow/.local/lib/python3.7/site-packages/airflow/example_dags/tutorial_dag.py took 0.053 seconds
[2023-05-17T23:55:31.083+0000] {processor.py:157} INFO - Started process (PID=965) to work on /home/airflow/.local/lib/python3.7/site-packages/airflow/example_dags/tutorial_dag.py
[2023-05-17T23:55:31.103+0000] {processor.py:826} INFO - Processing file /home/airflow/.local/lib/python3.7/site-packages/airflow/example_dags/tutorial_dag.py for tasks to queue
[2023-05-17T23:55:31.103+0000] {logging_mixin.py:149} INFO - [2023-05-17T23:55:31.103+0000] {dagbag.py:541} INFO - Filling up the DagBag from /home/airflow/.local/lib/python3.7/site-packages/airflow/example_dags/tutorial_dag.py
[2023-05-17T23:55:31.106+0000] {processor.py:836} INFO - DAG(s) dict_keys(['tutorial_dag']) retrieved from /home/airflow/.local/lib/python3.7/site-packages/airflow/example_dags/tutorial_dag.py
[2023-05-17T23:55:31.120+0000] {logging_mixin.py:149} INFO - [2023-05-17T23:55:31.120+0000] {dag.py:2726} INFO - Sync 1 DAGs
[2023-05-17T23:55:31.133+0000] {logging_mixin.py:149} INFO - [2023-05-17T23:55:31.133+0000] {dag.py:3490} INFO - Setting next_dagrun for tutorial_dag to None, run_after=None
[2023-05-17T23:55:31.145+0000] {processor.py:179} INFO - Processing /home/airflow/.local/lib/python3.7/site-packages/airflow/example_dags/tutorial_dag.py took 0.064 seconds
[2023-05-17T23:56:01.835+0000] {processor.py:157} INFO - Started process (PID=1029) to work on /home/airflow/.local/lib/python3.7/site-packages/airflow/example_dags/tutorial_dag.py
[2023-05-17T23:56:01.844+0000] {processor.py:826} INFO - Processing file /home/airflow/.local/lib/python3.7/site-packages/airflow/example_dags/tutorial_dag.py for tasks to queue
[2023-05-17T23:56:01.844+0000] {logging_mixin.py:149} INFO - [2023-05-17T23:56:01.844+0000] {dagbag.py:541} INFO - Filling up the DagBag from /home/airflow/.local/lib/python3.7/site-packages/airflow/example_dags/tutorial_dag.py
[2023-05-17T23:56:01.847+0000] {processor.py:836} INFO - DAG(s) dict_keys(['tutorial_dag']) retrieved from /home/airflow/.local/lib/python3.7/site-packages/airflow/example_dags/tutorial_dag.py
[2023-05-17T23:56:01.864+0000] {logging_mixin.py:149} INFO - [2023-05-17T23:56:01.864+0000] {dag.py:2726} INFO - Sync 1 DAGs
[2023-05-17T23:56:01.878+0000] {logging_mixin.py:149} INFO - [2023-05-17T23:56:01.878+0000] {dag.py:3490} INFO - Setting next_dagrun for tutorial_dag to None, run_after=None
[2023-05-17T23:56:01.891+0000] {processor.py:179} INFO - Processing /home/airflow/.local/lib/python3.7/site-packages/airflow/example_dags/tutorial_dag.py took 0.057 seconds
[2023-05-17T23:56:32.433+0000] {processor.py:157} INFO - Started process (PID=1093) to work on /home/airflow/.local/lib/python3.7/site-packages/airflow/example_dags/tutorial_dag.py
[2023-05-17T23:56:32.434+0000] {processor.py:826} INFO - Processing file /home/airflow/.local/lib/python3.7/site-packages/airflow/example_dags/tutorial_dag.py for tasks to queue
[2023-05-17T23:56:32.434+0000] {logging_mixin.py:149} INFO - [2023-05-17T23:56:32.434+0000] {dagbag.py:541} INFO - Filling up the DagBag from /home/airflow/.local/lib/python3.7/site-packages/airflow/example_dags/tutorial_dag.py
[2023-05-17T23:56:32.437+0000] {processor.py:836} INFO - DAG(s) dict_keys(['tutorial_dag']) retrieved from /home/airflow/.local/lib/python3.7/site-packages/airflow/example_dags/tutorial_dag.py
[2023-05-17T23:56:32.450+0000] {logging_mixin.py:149} INFO - [2023-05-17T23:56:32.450+0000] {dag.py:2726} INFO - Sync 1 DAGs
[2023-05-17T23:56:32.465+0000] {logging_mixin.py:149} INFO - [2023-05-17T23:56:32.464+0000] {dag.py:3490} INFO - Setting next_dagrun for tutorial_dag to None, run_after=None
[2023-05-17T23:56:32.480+0000] {processor.py:179} INFO - Processing /home/airflow/.local/lib/python3.7/site-packages/airflow/example_dags/tutorial_dag.py took 0.049 seconds
[2023-05-17T23:57:03.072+0000] {processor.py:157} INFO - Started process (PID=1157) to work on /home/airflow/.local/lib/python3.7/site-packages/airflow/example_dags/tutorial_dag.py
[2023-05-17T23:57:03.078+0000] {processor.py:826} INFO - Processing file /home/airflow/.local/lib/python3.7/site-packages/airflow/example_dags/tutorial_dag.py for tasks to queue
[2023-05-17T23:57:03.079+0000] {logging_mixin.py:149} INFO - [2023-05-17T23:57:03.079+0000] {dagbag.py:541} INFO - Filling up the DagBag from /home/airflow/.local/lib/python3.7/site-packages/airflow/example_dags/tutorial_dag.py
[2023-05-17T23:57:03.081+0000] {processor.py:836} INFO - DAG(s) dict_keys(['tutorial_dag']) retrieved from /home/airflow/.local/lib/python3.7/site-packages/airflow/example_dags/tutorial_dag.py
[2023-05-17T23:57:03.095+0000] {logging_mixin.py:149} INFO - [2023-05-17T23:57:03.095+0000] {dag.py:2726} INFO - Sync 1 DAGs
[2023-05-17T23:57:03.108+0000] {logging_mixin.py:149} INFO - [2023-05-17T23:57:03.108+0000] {dag.py:3490} INFO - Setting next_dagrun for tutorial_dag to None, run_after=None
[2023-05-17T23:57:03.126+0000] {processor.py:179} INFO - Processing /home/airflow/.local/lib/python3.7/site-packages/airflow/example_dags/tutorial_dag.py took 0.056 seconds
[2023-05-17T23:57:33.668+0000] {processor.py:157} INFO - Started process (PID=1221) to work on /home/airflow/.local/lib/python3.7/site-packages/airflow/example_dags/tutorial_dag.py
[2023-05-17T23:57:33.669+0000] {processor.py:826} INFO - Processing file /home/airflow/.local/lib/python3.7/site-packages/airflow/example_dags/tutorial_dag.py for tasks to queue
[2023-05-17T23:57:33.669+0000] {logging_mixin.py:149} INFO - [2023-05-17T23:57:33.669+0000] {dagbag.py:541} INFO - Filling up the DagBag from /home/airflow/.local/lib/python3.7/site-packages/airflow/example_dags/tutorial_dag.py
[2023-05-17T23:57:33.672+0000] {processor.py:836} INFO - DAG(s) dict_keys(['tutorial_dag']) retrieved from /home/airflow/.local/lib/python3.7/site-packages/airflow/example_dags/tutorial_dag.py
[2023-05-17T23:57:33.687+0000] {logging_mixin.py:149} INFO - [2023-05-17T23:57:33.687+0000] {dag.py:2726} INFO - Sync 1 DAGs
[2023-05-17T23:57:33.702+0000] {logging_mixin.py:149} INFO - [2023-05-17T23:57:33.701+0000] {dag.py:3490} INFO - Setting next_dagrun for tutorial_dag to None, run_after=None
[2023-05-17T23:57:33.713+0000] {processor.py:179} INFO - Processing /home/airflow/.local/lib/python3.7/site-packages/airflow/example_dags/tutorial_dag.py took 0.046 seconds
[2023-05-17T23:58:04.478+0000] {processor.py:157} INFO - Started process (PID=1285) to work on /home/airflow/.local/lib/python3.7/site-packages/airflow/example_dags/tutorial_dag.py
[2023-05-17T23:58:04.479+0000] {processor.py:826} INFO - Processing file /home/airflow/.local/lib/python3.7/site-packages/airflow/example_dags/tutorial_dag.py for tasks to queue
[2023-05-17T23:58:04.479+0000] {logging_mixin.py:149} INFO - [2023-05-17T23:58:04.479+0000] {dagbag.py:541} INFO - Filling up the DagBag from /home/airflow/.local/lib/python3.7/site-packages/airflow/example_dags/tutorial_dag.py
[2023-05-17T23:58:04.482+0000] {processor.py:836} INFO - DAG(s) dict_keys(['tutorial_dag']) retrieved from /home/airflow/.local/lib/python3.7/site-packages/airflow/example_dags/tutorial_dag.py
[2023-05-17T23:58:04.495+0000] {logging_mixin.py:149} INFO - [2023-05-17T23:58:04.494+0000] {dag.py:2726} INFO - Sync 1 DAGs
[2023-05-17T23:58:04.508+0000] {logging_mixin.py:149} INFO - [2023-05-17T23:58:04.508+0000] {dag.py:3490} INFO - Setting next_dagrun for tutorial_dag to None, run_after=None
[2023-05-17T23:58:04.519+0000] {processor.py:179} INFO - Processing /home/airflow/.local/lib/python3.7/site-packages/airflow/example_dags/tutorial_dag.py took 0.043 seconds
[2023-05-17T23:58:35.069+0000] {processor.py:157} INFO - Started process (PID=1349) to work on /home/airflow/.local/lib/python3.7/site-packages/airflow/example_dags/tutorial_dag.py
[2023-05-17T23:58:35.077+0000] {processor.py:826} INFO - Processing file /home/airflow/.local/lib/python3.7/site-packages/airflow/example_dags/tutorial_dag.py for tasks to queue
[2023-05-17T23:58:35.077+0000] {logging_mixin.py:149} INFO - [2023-05-17T23:58:35.077+0000] {dagbag.py:541} INFO - Filling up the DagBag from /home/airflow/.local/lib/python3.7/site-packages/airflow/example_dags/tutorial_dag.py
[2023-05-17T23:58:35.080+0000] {processor.py:836} INFO - DAG(s) dict_keys(['tutorial_dag']) retrieved from /home/airflow/.local/lib/python3.7/site-packages/airflow/example_dags/tutorial_dag.py
[2023-05-17T23:58:35.094+0000] {logging_mixin.py:149} INFO - [2023-05-17T23:58:35.094+0000] {dag.py:2726} INFO - Sync 1 DAGs
[2023-05-17T23:58:35.107+0000] {logging_mixin.py:149} INFO - [2023-05-17T23:58:35.107+0000] {dag.py:3490} INFO - Setting next_dagrun for tutorial_dag to None, run_after=None
[2023-05-17T23:58:35.123+0000] {processor.py:179} INFO - Processing /home/airflow/.local/lib/python3.7/site-packages/airflow/example_dags/tutorial_dag.py took 0.056 seconds
[2023-05-17T23:59:05.667+0000] {processor.py:157} INFO - Started process (PID=1413) to work on /home/airflow/.local/lib/python3.7/site-packages/airflow/example_dags/tutorial_dag.py
[2023-05-17T23:59:05.677+0000] {processor.py:826} INFO - Processing file /home/airflow/.local/lib/python3.7/site-packages/airflow/example_dags/tutorial_dag.py for tasks to queue
[2023-05-17T23:59:05.677+0000] {logging_mixin.py:149} INFO - [2023-05-17T23:59:05.677+0000] {dagbag.py:541} INFO - Filling up the DagBag from /home/airflow/.local/lib/python3.7/site-packages/airflow/example_dags/tutorial_dag.py
[2023-05-17T23:59:05.680+0000] {processor.py:836} INFO - DAG(s) dict_keys(['tutorial_dag']) retrieved from /home/airflow/.local/lib/python3.7/site-packages/airflow/example_dags/tutorial_dag.py
[2023-05-17T23:59:05.693+0000] {logging_mixin.py:149} INFO - [2023-05-17T23:59:05.693+0000] {dag.py:2726} INFO - Sync 1 DAGs
[2023-05-17T23:59:05.706+0000] {logging_mixin.py:149} INFO - [2023-05-17T23:59:05.706+0000] {dag.py:3490} INFO - Setting next_dagrun for tutorial_dag to None, run_after=None
[2023-05-17T23:59:05.718+0000] {processor.py:179} INFO - Processing /home/airflow/.local/lib/python3.7/site-packages/airflow/example_dags/tutorial_dag.py took 0.053 seconds
[2023-05-17T23:59:36.255+0000] {processor.py:157} INFO - Started process (PID=1477) to work on /home/airflow/.local/lib/python3.7/site-packages/airflow/example_dags/tutorial_dag.py
[2023-05-17T23:59:36.255+0000] {processor.py:826} INFO - Processing file /home/airflow/.local/lib/python3.7/site-packages/airflow/example_dags/tutorial_dag.py for tasks to queue
[2023-05-17T23:59:36.255+0000] {logging_mixin.py:149} INFO - [2023-05-17T23:59:36.255+0000] {dagbag.py:541} INFO - Filling up the DagBag from /home/airflow/.local/lib/python3.7/site-packages/airflow/example_dags/tutorial_dag.py
[2023-05-17T23:59:36.258+0000] {processor.py:836} INFO - DAG(s) dict_keys(['tutorial_dag']) retrieved from /home/airflow/.local/lib/python3.7/site-packages/airflow/example_dags/tutorial_dag.py
[2023-05-17T23:59:36.273+0000] {logging_mixin.py:149} INFO - [2023-05-17T23:59:36.272+0000] {dag.py:2726} INFO - Sync 1 DAGs
[2023-05-17T23:59:36.287+0000] {logging_mixin.py:149} INFO - [2023-05-17T23:59:36.287+0000] {dag.py:3490} INFO - Setting next_dagrun for tutorial_dag to None, run_after=None
[2023-05-17T23:59:36.299+0000] {processor.py:179} INFO - Processing /home/airflow/.local/lib/python3.7/site-packages/airflow/example_dags/tutorial_dag.py took 0.047 seconds
