[2023-06-27T19:00:00.627+0000] {taskinstance.py:1103} INFO - Dependencies all met for dep_context=non-requeueable deps ti=<TaskInstance: wrapper_ex_dag.execute_function_task scheduled__2023-06-27T18:00:00+00:00 [queued]>
[2023-06-27T19:00:00.631+0000] {taskinstance.py:1103} INFO - Dependencies all met for dep_context=requeueable deps ti=<TaskInstance: wrapper_ex_dag.execute_function_task scheduled__2023-06-27T18:00:00+00:00 [queued]>
[2023-06-27T19:00:00.631+0000] {taskinstance.py:1308} INFO - Starting attempt 1 of 1
[2023-06-27T19:00:00.637+0000] {taskinstance.py:1327} INFO - Executing <Task(_PythonDecoratedOperator): execute_function_task> on 2023-06-27 18:00:00+00:00
[2023-06-27T19:00:00.640+0000] {standard_task_runner.py:57} INFO - Started process 464 to run task
[2023-06-27T19:00:00.642+0000] {standard_task_runner.py:84} INFO - Running: ['***', 'tasks', 'run', 'wrapper_ex_dag', 'execute_function_task', 'scheduled__2023-06-27T18:00:00+00:00', '--job-id', '515', '--raw', '--subdir', 'DAGS_FOLDER/Python-Delta-Lake/Dags/WrapperDag.py', '--cfg-path', '/tmp/tmpo1k9ecnm']
[2023-06-27T19:00:00.643+0000] {standard_task_runner.py:85} INFO - Job 515: Subtask execute_function_task
[2023-06-27T19:00:00.666+0000] {task_command.py:410} INFO - Running <TaskInstance: wrapper_ex_dag.execute_function_task scheduled__2023-06-27T18:00:00+00:00 [running]> on host 68331b7f6fd1
[2023-06-27T19:00:00.706+0000] {taskinstance.py:1545} INFO - Exporting env vars: AIRFLOW_CTX_DAG_EMAIL='phomsophaN@saccounty.net' AIRFLOW_CTX_DAG_OWNER='***' AIRFLOW_CTX_DAG_ID='wrapper_ex_dag' AIRFLOW_CTX_TASK_ID='execute_function_task' AIRFLOW_CTX_EXECUTION_DATE='2023-06-27T18:00:00+00:00' AIRFLOW_CTX_TRY_NUMBER='1' AIRFLOW_CTX_DAG_RUN_ID='scheduled__2023-06-27T18:00:00+00:00'
[2023-06-27T19:00:00.707+0000] {CsvDagWrapper.py:22} INFO - CSV Delta Class Initialted
[2023-06-27T19:00:00.707+0000] {logging_mixin.py:149} INFO - Environment successfully parsed! Environment is Local
[2023-06-27T19:00:00.707+0000] {CsvDagWrapper.py:39} INFO - Environment successfully parsed! Environment is Local
[2023-06-27T19:00:00.707+0000] {logging_mixin.py:149} INFO - Table/s successfully parsed! Table:  ['CASE', 'PTR']
[2023-06-27T19:00:00.707+0000] {CsvDagWrapper.py:44} INFO - Table/s successfully parsed! Table:  ['CASE', 'PTR']
[2023-06-27T19:00:00.707+0000] {logging_mixin.py:149} INFO - Number of tables to be processed = 2
[2023-06-27T19:00:00.707+0000] {logging_mixin.py:149} INFO - TABLE_NAME IN ('CASE', 'PTR')
[2023-06-27T19:00:00.707+0000] {CsvDagWrapper.py:60} INFO - Works so far....
[2023-06-27T19:00:02.791+0000] {CsvDagWrapper.py:63} INFO - test
[2023-06-27T19:00:02.858+0000] {logging_mixin.py:149} INFO - This program loads CSV files into Local Delta Store!
[2023-06-27T19:00:02.862+0000] {logging_mixin.py:149} INFO - Task Ran successfully so far....
[2023-06-27T19:00:02.863+0000] {logging_mixin.py:149} INFO - ---------------------------------------------------------------------------------------------------------------------------------------
[2023-06-27T19:00:02.863+0000] {logging_mixin.py:149} INFO - Working on calsaws.CASE
[2023-06-27T19:00:05.507+0000] {logging_mixin.py:149} INFO - Database 'calsaws' not found
[2023-06-27T19:00:05.526+0000] {logging_mixin.py:149} INFO - Good Bye!
[2023-06-27T19:00:05.526+0000] {python.py:183} INFO - Done. Returned value was: None
[2023-06-27T19:00:05.532+0000] {taskinstance.py:1345} INFO - Marking task as SUCCESS. dag_id=wrapper_ex_dag, task_id=execute_function_task, execution_date=20230627T180000, start_date=20230627T190000, end_date=20230627T190005
[2023-06-27T19:00:05.552+0000] {local_task_job_runner.py:225} INFO - Task exited with return code 0
[2023-06-27T19:00:05.560+0000] {taskinstance.py:2651} INFO - 0 downstream tasks scheduled from follow-on schedule check
