[2023-06-09T21:27:55.283+0000] {taskinstance.py:1103} INFO - Dependencies all met for dep_context=non-requeueable deps ti=<TaskInstance: wrapper_ex_dag.execute_function_task manual__2023-06-09T21:27:54.441596+00:00 [queued]>
[2023-06-09T21:27:55.287+0000] {taskinstance.py:1103} INFO - Dependencies all met for dep_context=requeueable deps ti=<TaskInstance: wrapper_ex_dag.execute_function_task manual__2023-06-09T21:27:54.441596+00:00 [queued]>
[2023-06-09T21:27:55.288+0000] {taskinstance.py:1308} INFO - Starting attempt 1 of 2
[2023-06-09T21:27:55.294+0000] {taskinstance.py:1327} INFO - Executing <Task(_PythonDecoratedOperator): execute_function_task> on 2023-06-09 21:27:54.441596+00:00
[2023-06-09T21:27:55.297+0000] {standard_task_runner.py:57} INFO - Started process 1529 to run task
[2023-06-09T21:27:55.300+0000] {standard_task_runner.py:84} INFO - Running: ['***', 'tasks', 'run', 'wrapper_ex_dag', 'execute_function_task', 'manual__2023-06-09T21:27:54.441596+00:00', '--job-id', '260', '--raw', '--subdir', 'DAGS_FOLDER/Python-Delta-Lake/custom_dags/WrapperDag.py', '--cfg-path', '/tmp/tmpk7pyl6hn']
[2023-06-09T21:27:55.301+0000] {standard_task_runner.py:85} INFO - Job 260: Subtask execute_function_task
[2023-06-09T21:27:55.325+0000] {task_command.py:410} INFO - Running <TaskInstance: wrapper_ex_dag.execute_function_task manual__2023-06-09T21:27:54.441596+00:00 [running]> on host c712b1d8680f
[2023-06-09T21:27:55.363+0000] {taskinstance.py:1545} INFO - Exporting env vars: AIRFLOW_CTX_DAG_EMAIL='phomsophaN@saccounty.net' AIRFLOW_CTX_DAG_OWNER='***' AIRFLOW_CTX_DAG_ID='wrapper_ex_dag' AIRFLOW_CTX_TASK_ID='execute_function_task' AIRFLOW_CTX_EXECUTION_DATE='2023-06-09T21:27:54.441596+00:00' AIRFLOW_CTX_TRY_NUMBER='1' AIRFLOW_CTX_DAG_RUN_ID='manual__2023-06-09T21:27:54.441596+00:00'
[2023-06-09T21:27:55.364+0000] {CsvDagWrapper.py:22} INFO - CSV Delta Class Initialted
[2023-06-09T21:27:55.364+0000] {logging_mixin.py:149} INFO - Environment successfully parsed! Environment is Local
[2023-06-09T21:27:55.364+0000] {CsvDagWrapper.py:39} INFO - Environment successfully parsed! Environment is Local
[2023-06-09T21:27:55.364+0000] {logging_mixin.py:149} INFO - Table/s successfully parsed! Table:  ['CASE', 'CASE_PERS', 'PGM']
[2023-06-09T21:27:55.364+0000] {CsvDagWrapper.py:44} INFO - Table/s successfully parsed! Table:  ['CASE', 'CASE_PERS', 'PGM']
[2023-06-09T21:27:55.364+0000] {logging_mixin.py:149} INFO - Number of tables to be processed = 3
[2023-06-09T21:27:55.365+0000] {logging_mixin.py:149} INFO - TABLE_NAME IN ('CASE', 'CASE_PERS', 'PGM')
[2023-06-09T21:27:55.365+0000] {CsvDagWrapper.py:60} INFO - Works so far....
[2023-06-09T21:27:57.245+0000] {CsvDagWrapper.py:63} INFO - test
[2023-06-09T21:27:57.442+0000] {logging_mixin.py:149} INFO - This program loads CSV files into Local Delta Store!
[2023-06-09T21:27:57.450+0000] {logging_mixin.py:149} INFO - Task Ran successfully so far....
[2023-06-09T21:27:57.450+0000] {logging_mixin.py:149} INFO - ---------------------------------------------------------------------------------------------------------------------------------------
[2023-06-09T21:27:57.450+0000] {logging_mixin.py:149} INFO - Working on calsaws.CASE
[2023-06-09T21:27:59.842+0000] {logging_mixin.py:149} INFO - Database 'calsaws' not found
[2023-06-09T21:27:59.849+0000] {logging_mixin.py:149} INFO - Good Bye!
[2023-06-09T21:27:59.850+0000] {logging_mixin.py:149} INFO - ---------------------------------------------------------------------------------------------------------------------------------------
[2023-06-09T21:27:59.850+0000] {logging_mixin.py:149} INFO - Working on calsaws.PGM
[2023-06-09T21:27:59.866+0000] {logging_mixin.py:149} INFO - Database 'calsaws' not found
[2023-06-09T21:27:59.872+0000] {logging_mixin.py:149} INFO - Good Bye!
[2023-06-09T21:27:59.872+0000] {logging_mixin.py:149} INFO - ---------------------------------------------------------------------------------------------------------------------------------------
[2023-06-09T21:27:59.872+0000] {logging_mixin.py:149} INFO - Working on calsaws.CASE_PERS
[2023-06-09T21:27:59.888+0000] {logging_mixin.py:149} INFO - Database 'calsaws' not found
[2023-06-09T21:27:59.893+0000] {logging_mixin.py:149} INFO - Good Bye!
[2023-06-09T21:27:59.893+0000] {python.py:183} INFO - Done. Returned value was: None
[2023-06-09T21:27:59.899+0000] {taskinstance.py:1345} INFO - Marking task as SUCCESS. dag_id=wrapper_ex_dag, task_id=execute_function_task, execution_date=20230609T212754, start_date=20230609T212755, end_date=20230609T212759
[2023-06-09T21:27:59.924+0000] {local_task_job_runner.py:225} INFO - Task exited with return code 0
[2023-06-09T21:27:59.933+0000] {taskinstance.py:2651} INFO - 0 downstream tasks scheduled from follow-on schedule check
