[2023-09-12T23:07:53.629+0000] {processor.py:157} INFO - Started process (PID=25) to work on /opt/airflow/dags/Python-Delta-Lake/Dags/WrapperDag.py
[2023-09-12T23:07:53.631+0000] {processor.py:826} INFO - Processing file /opt/airflow/dags/Python-Delta-Lake/Dags/WrapperDag.py for tasks to queue
[2023-09-12T23:07:53.633+0000] {logging_mixin.py:149} INFO - [2023-09-12T23:07:53.633+0000] {dagbag.py:541} INFO - Filling up the DagBag from /opt/airflow/dags/Python-Delta-Lake/Dags/WrapperDag.py
[2023-09-12T23:07:53.667+0000] {logging_mixin.py:149} INFO - [2023-09-12T23:07:53.662+0000] {dagbag.py:350} ERROR - Failed to import: /opt/airflow/dags/Python-Delta-Lake/Dags/WrapperDag.py
Traceback (most recent call last):
  File "/home/airflow/.local/lib/python3.10/site-packages/airflow/models/dagbag.py", line 346, in parse
    loader.exec_module(new_module)
  File "<frozen importlib._bootstrap_external>", line 883, in exec_module
  File "<frozen importlib._bootstrap>", line 241, in _call_with_frames_removed
  File "/opt/airflow/dags/Python-Delta-Lake/Dags/WrapperDag.py", line 15, in <module>
    import Csv2Delta.CsvDagWrapper
  File "/opt/airflow/dags/Python-Delta-Lake/Csv2Delta/CsvDagWrapper.py", line 2, in <module>
    from delta import *
ModuleNotFoundError: No module named 'delta'
[2023-09-12T23:07:53.669+0000] {processor.py:838} WARNING - No viable dags retrieved from /opt/airflow/dags/Python-Delta-Lake/Dags/WrapperDag.py
[2023-09-12T23:07:53.685+0000] {processor.py:179} INFO - Processing /opt/airflow/dags/Python-Delta-Lake/Dags/WrapperDag.py took 0.059 seconds
[2023-09-12T23:08:24.232+0000] {processor.py:157} INFO - Started process (PID=39) to work on /opt/airflow/dags/Python-Delta-Lake/Dags/WrapperDag.py
[2023-09-12T23:08:24.234+0000] {processor.py:826} INFO - Processing file /opt/airflow/dags/Python-Delta-Lake/Dags/WrapperDag.py for tasks to queue
[2023-09-12T23:08:24.235+0000] {logging_mixin.py:149} INFO - [2023-09-12T23:08:24.235+0000] {dagbag.py:541} INFO - Filling up the DagBag from /opt/airflow/dags/Python-Delta-Lake/Dags/WrapperDag.py
[2023-09-12T23:08:24.249+0000] {logging_mixin.py:149} INFO - [2023-09-12T23:08:24.247+0000] {dagbag.py:350} ERROR - Failed to import: /opt/airflow/dags/Python-Delta-Lake/Dags/WrapperDag.py
Traceback (most recent call last):
  File "/home/airflow/.local/lib/python3.10/site-packages/airflow/models/dagbag.py", line 346, in parse
    loader.exec_module(new_module)
  File "<frozen importlib._bootstrap_external>", line 883, in exec_module
  File "<frozen importlib._bootstrap>", line 241, in _call_with_frames_removed
  File "/opt/airflow/dags/Python-Delta-Lake/Dags/WrapperDag.py", line 15, in <module>
    import Csv2Delta.CsvDagWrapper
  File "/opt/airflow/dags/Python-Delta-Lake/Csv2Delta/CsvDagWrapper.py", line 2, in <module>
    from delta import *
ModuleNotFoundError: No module named 'delta'
[2023-09-12T23:08:24.250+0000] {processor.py:838} WARNING - No viable dags retrieved from /opt/airflow/dags/Python-Delta-Lake/Dags/WrapperDag.py
[2023-09-12T23:08:24.266+0000] {processor.py:179} INFO - Processing /opt/airflow/dags/Python-Delta-Lake/Dags/WrapperDag.py took 0.036 seconds
