[2023-06-09T21:30:49.993+0000] {taskinstance.py:1103} INFO - Dependencies all met for dep_context=non-requeueable deps ti=<TaskInstance: wrapper_ex_dag.execute_function_task manual__2023-06-09T21:30:49.314002+00:00 [queued]>
[2023-06-09T21:30:49.998+0000] {taskinstance.py:1103} INFO - Dependencies all met for dep_context=requeueable deps ti=<TaskInstance: wrapper_ex_dag.execute_function_task manual__2023-06-09T21:30:49.314002+00:00 [queued]>
[2023-06-09T21:30:49.998+0000] {taskinstance.py:1308} INFO - Starting attempt 1 of 2
[2023-06-09T21:30:50.004+0000] {taskinstance.py:1327} INFO - Executing <Task(_PythonDecoratedOperator): execute_function_task> on 2023-06-09 21:30:49.314002+00:00
[2023-06-09T21:30:50.007+0000] {standard_task_runner.py:57} INFO - Started process 62 to run task
[2023-06-09T21:30:50.009+0000] {standard_task_runner.py:84} INFO - Running: ['***', 'tasks', 'run', 'wrapper_ex_dag', 'execute_function_task', 'manual__2023-06-09T21:30:49.314002+00:00', '--job-id', '263', '--raw', '--subdir', 'DAGS_FOLDER/Python-Delta-Lake/custom_dags/WrapperDag.py', '--cfg-path', '/tmp/tmp4g65nmgt']
[2023-06-09T21:30:50.011+0000] {standard_task_runner.py:85} INFO - Job 263: Subtask execute_function_task
[2023-06-09T21:30:50.037+0000] {task_command.py:410} INFO - Running <TaskInstance: wrapper_ex_dag.execute_function_task manual__2023-06-09T21:30:49.314002+00:00 [running]> on host a78ca3a0e584
[2023-06-09T21:30:50.077+0000] {taskinstance.py:1545} INFO - Exporting env vars: AIRFLOW_CTX_DAG_EMAIL='phomsophaN@saccounty.net' AIRFLOW_CTX_DAG_OWNER='***' AIRFLOW_CTX_DAG_ID='wrapper_ex_dag' AIRFLOW_CTX_TASK_ID='execute_function_task' AIRFLOW_CTX_EXECUTION_DATE='2023-06-09T21:30:49.314002+00:00' AIRFLOW_CTX_TRY_NUMBER='1' AIRFLOW_CTX_DAG_RUN_ID='manual__2023-06-09T21:30:49.314002+00:00'
[2023-06-09T21:30:50.078+0000] {CsvDagWrapper.py:22} INFO - CSV Delta Class Initialted
[2023-06-09T21:30:50.078+0000] {logging_mixin.py:149} INFO - Environment successfully parsed! Environment is Local
[2023-06-09T21:30:50.078+0000] {CsvDagWrapper.py:39} INFO - Environment successfully parsed! Environment is Local
[2023-06-09T21:30:50.078+0000] {logging_mixin.py:149} INFO - Table/s successfully parsed! Table:  ['CASE', 'CASE_PERS', 'PGM']
[2023-06-09T21:30:50.078+0000] {CsvDagWrapper.py:44} INFO - Table/s successfully parsed! Table:  ['CASE', 'CASE_PERS', 'PGM']
[2023-06-09T21:30:50.078+0000] {logging_mixin.py:149} INFO - Number of tables to be processed = 3
[2023-06-09T21:30:50.079+0000] {logging_mixin.py:149} INFO - TABLE_NAME IN ('CASE', 'CASE_PERS', 'PGM')
[2023-06-09T21:30:50.079+0000] {CsvDagWrapper.py:60} INFO - Works so far....
[2023-06-09T21:30:52.921+0000] {CsvDagWrapper.py:63} INFO - test
[2023-06-09T21:30:53.479+0000] {logging_mixin.py:149} INFO - This program loads CSV files into Local Delta Store!
[2023-06-09T21:30:53.514+0000] {logging_mixin.py:149} INFO - Task Ran successfully so far....
[2023-06-09T21:30:53.514+0000] {logging_mixin.py:149} INFO - ---------------------------------------------------------------------------------------------------------------------------------------
[2023-06-09T21:30:53.514+0000] {logging_mixin.py:149} INFO - Working on calsaws.CASE
[2023-06-09T21:30:57.384+0000] {logging_mixin.py:149} INFO - Database 'calsaws' not found
[2023-06-09T21:30:57.390+0000] {logging_mixin.py:149} INFO - Good Bye!
[2023-06-09T21:30:57.391+0000] {logging_mixin.py:149} INFO - ---------------------------------------------------------------------------------------------------------------------------------------
[2023-06-09T21:30:57.391+0000] {logging_mixin.py:149} INFO - Working on calsaws.PGM
[2023-06-09T21:30:57.407+0000] {logging_mixin.py:149} INFO - Database 'calsaws' not found
[2023-06-09T21:30:57.413+0000] {logging_mixin.py:149} INFO - Good Bye!
[2023-06-09T21:30:57.413+0000] {logging_mixin.py:149} INFO - ---------------------------------------------------------------------------------------------------------------------------------------
[2023-06-09T21:30:57.413+0000] {logging_mixin.py:149} INFO - Working on calsaws.CASE_PERS
[2023-06-09T21:30:57.429+0000] {logging_mixin.py:149} INFO - Database 'calsaws' not found
[2023-06-09T21:30:57.435+0000] {logging_mixin.py:149} INFO - Good Bye!
[2023-06-09T21:30:57.435+0000] {python.py:183} INFO - Done. Returned value was: None
[2023-06-09T21:30:57.442+0000] {taskinstance.py:1345} INFO - Marking task as SUCCESS. dag_id=wrapper_ex_dag, task_id=execute_function_task, execution_date=20230609T213049, start_date=20230609T213049, end_date=20230609T213057
[2023-06-09T21:30:57.468+0000] {local_task_job_runner.py:225} INFO - Task exited with return code 0
[2023-06-09T21:30:57.478+0000] {taskinstance.py:2651} INFO - 0 downstream tasks scheduled from follow-on schedule check
