[2023-07-11T22:31:12.150+0000] {taskinstance.py:1103} INFO - Dependencies all met for dep_context=non-requeueable deps ti=<TaskInstance: Oracle_to_Filestore_Concurrent.execute_task2 manual__2023-07-11T22:31:10.753214+00:00 [queued]>
[2023-07-11T22:31:12.155+0000] {taskinstance.py:1103} INFO - Dependencies all met for dep_context=requeueable deps ti=<TaskInstance: Oracle_to_Filestore_Concurrent.execute_task2 manual__2023-07-11T22:31:10.753214+00:00 [queued]>
[2023-07-11T22:31:12.155+0000] {taskinstance.py:1308} INFO - Starting attempt 1 of 1
[2023-07-11T22:31:12.163+0000] {taskinstance.py:1327} INFO - Executing <Task(_PythonDecoratedOperator): execute_task2> on 2023-07-11 22:31:10.753214+00:00
[2023-07-11T22:31:12.167+0000] {standard_task_runner.py:57} INFO - Started process 71 to run task
[2023-07-11T22:31:12.169+0000] {standard_task_runner.py:84} INFO - Running: ['***', 'tasks', 'run', 'Oracle_to_Filestore_Concurrent', 'execute_task2', 'manual__2023-07-11T22:31:10.753214+00:00', '--job-id', '1030', '--raw', '--subdir', 'DAGS_FOLDER/Python-Delta-Lake/Dags/SparkOracle2FileStoreDag.py', '--cfg-path', '/tmp/tmpy9k0jxil']
[2023-07-11T22:31:12.171+0000] {standard_task_runner.py:85} INFO - Job 1030: Subtask execute_task2
[2023-07-11T22:31:12.196+0000] {task_command.py:410} INFO - Running <TaskInstance: Oracle_to_Filestore_Concurrent.execute_task2 manual__2023-07-11T22:31:10.753214+00:00 [running]> on host 876817aabcc6
[2023-07-11T22:31:12.242+0000] {taskinstance.py:1545} INFO - Exporting env vars: AIRFLOW_CTX_DAG_EMAIL='phomsophaN@saccounty.net' AIRFLOW_CTX_DAG_OWNER='***' AIRFLOW_CTX_DAG_ID='Oracle_to_Filestore_Concurrent' AIRFLOW_CTX_TASK_ID='execute_task2' AIRFLOW_CTX_EXECUTION_DATE='2023-07-11T22:31:10.753214+00:00' AIRFLOW_CTX_TRY_NUMBER='1' AIRFLOW_CTX_DAG_RUN_ID='manual__2023-07-11T22:31:10.753214+00:00'
[2023-07-11T22:31:12.242+0000] {logging_mixin.py:149} INFO - SparkSession Not found, creating one
[2023-07-11T22:31:12.243+0000] {logging_mixin.py:149} INFO - SparkSession Not found, creating one
[2023-07-11T22:31:12.243+0000] {logging_mixin.py:149} INFO - setting up configured spark connection Cluster
[2023-07-11T22:31:12.243+0000] {logging_mixin.py:149} INFO - Initializing support for delta lake spark context
[2023-07-11T22:31:15.395+0000] {logging_mixin.py:149} INFO - Returning Spark Context
[2023-07-11T22:31:15.396+0000] {logging_mixin.py:149} INFO - Spark Connection check - session found
[2023-07-11T22:31:16.091+0000] {logging_mixin.py:149} INFO - Attempt to read Msql Table by query: select * from DeltaLake.OracleTablesLog
        where OracleRows < 1000000 AND OracleRows > 10000 AND OracleSizeInMB < 2500 AND CountyFilter IS NOT NULL and PrimaryKeyColumn !=''
[2023-07-11T22:31:19.628+0000] {warnings.py:109} WARNING - /home/***/.local/lib/python3.10/site-packages/pyspark/sql/pandas/conversion.py:248: FutureWarning: Passing unit-less datetime64 dtype to .astype is deprecated and will raise in a future version. Pass 'datetime64[ns]' instead
  series = series.astype(t, copy=False)

[2023-07-11T22:31:19.629+0000] {warnings.py:109} WARNING - /home/***/.local/lib/python3.10/site-packages/pyspark/sql/pandas/conversion.py:248: FutureWarning: Passing unit-less datetime64 dtype to .astype is deprecated and will raise in a future version. Pass 'datetime64[ns]' instead
  series = series.astype(t, copy=False)

[2023-07-11T22:31:19.630+0000] {warnings.py:109} WARNING - /home/***/.local/lib/python3.10/site-packages/pyspark/sql/pandas/conversion.py:248: FutureWarning: Passing unit-less datetime64 dtype to .astype is deprecated and will raise in a future version. Pass 'datetime64[ns]' instead
  series = series.astype(t, copy=False)

[2023-07-11T22:31:19.634+0000] {warnings.py:109} WARNING - /home/***/.local/lib/python3.10/site-packages/pyspark/sql/pandas/conversion.py:248: FutureWarning: Passing unit-less datetime64 dtype to .astype is deprecated and will raise in a future version. Pass 'datetime64[ns]' instead
  series = series.astype(t, copy=False)

[2023-07-11T22:31:19.634+0000] {warnings.py:109} WARNING - /home/***/.local/lib/python3.10/site-packages/pyspark/sql/pandas/conversion.py:248: FutureWarning: Passing unit-less datetime64 dtype to .astype is deprecated and will raise in a future version. Pass 'datetime64[ns]' instead
  series = series.astype(t, copy=False)

[2023-07-11T22:31:19.635+0000] {warnings.py:109} WARNING - /home/***/.local/lib/python3.10/site-packages/pyspark/sql/pandas/conversion.py:248: FutureWarning: Passing unit-less datetime64 dtype to .astype is deprecated and will raise in a future version. Pass 'datetime64[ns]' instead
  series = series.astype(t, copy=False)

[2023-07-11T22:31:19.636+0000] {warnings.py:109} WARNING - /home/***/.local/lib/python3.10/site-packages/pyspark/sql/pandas/conversion.py:248: FutureWarning: Passing unit-less datetime64 dtype to .astype is deprecated and will raise in a future version. Pass 'datetime64[ns]' instead
  series = series.astype(t, copy=False)

[2023-07-11T22:31:19.637+0000] {warnings.py:109} WARNING - /home/***/.local/lib/python3.10/site-packages/pyspark/sql/pandas/conversion.py:248: FutureWarning: Passing unit-less datetime64 dtype to .astype is deprecated and will raise in a future version. Pass 'datetime64[ns]' instead
  series = series.astype(t, copy=False)

[2023-07-11T22:31:19.649+0000] {SparkOracle2FileStore.py:82} INFO - Skipping log tables and reading tables directly
[2023-07-11T22:31:19.649+0000] {SparkOracle2FileStore.py:92} INFO - processing 1 out of 19
[2023-07-11T22:31:19.649+0000] {logging_mixin.py:149} INFO - Attempting to get lowest value by column ID on table PR_LRS.OCAT
[2023-07-11T22:31:19.649+0000] {logging_mixin.py:149} INFO - Attempting to read oracle table by query...
[2023-07-11T22:31:22.248+0000] {logging_mixin.py:149} INFO - Attempting to get max value by column ID on table PR_LRS.OCAT
[2023-07-11T22:31:22.248+0000] {logging_mixin.py:149} INFO - Attempting to read oracle table by query...
[2023-07-11T22:31:23.461+0000] {logging_mixin.py:149} INFO - Attempting to read oracle table...
[2023-07-11T22:31:24.052+0000] {SparkOracle2FileStore.py:112} INFO - Filter Processor Disabled
[2023-07-11T22:31:24.052+0000] {logging_mixin.py:149} INFO - Attempting to read oracle rowcount by query...
[2023-07-11T22:31:25.458+0000] {SparkOracle2FileStore.py:115} INFO - 176399
[2023-07-11T22:31:25.459+0000] {logging_mixin.py:149} INFO - Attempting to read oracle rowcount by query...
[2023-07-11T22:31:26.602+0000] {logging_mixin.py:149} INFO - Checking if directory exists:/home/nicholas/dev/output/OCAT
[2023-07-11T22:31:26.603+0000] {logging_mixin.py:149} INFO - Returning True
[2023-07-11T22:31:26.603+0000] {SparkOracle2FileStore.py:177} INFO - Should not go in here if table dir exists
[2023-07-11T22:31:26.603+0000] {SparkOracle2FileStore.py:178} INFO - Overwriting table since ForceTable is enabled or directory does not exist, check logs
[2023-07-11T22:31:52.488+0000] {local_task_job_runner.py:291} WARNING - State of this instance has been externally set to failed. Terminating instance.
[2023-07-11T22:31:52.489+0000] {process_utils.py:131} INFO - Sending Signals.SIGTERM to group 71. PIDs of all processes in the group: [73, 71]
[2023-07-11T22:31:52.489+0000] {process_utils.py:86} INFO - Sending the signal Signals.SIGTERM to group 71
[2023-07-11T22:31:52.489+0000] {taskinstance.py:1517} ERROR - Received SIGTERM. Terminating subprocesses.
[2023-07-11T22:31:52.490+0000] {clientserver.py:538} INFO - Error while receiving.
Traceback (most recent call last):
  File "/home/airflow/.local/lib/python3.10/site-packages/py4j/clientserver.py", line 511, in send_command
    answer = smart_decode(self.stream.readline()[:-1])
  File "/usr/local/lib/python3.10/socket.py", line 705, in readinto
    return self._sock.recv_into(b)
  File "/home/airflow/.local/lib/python3.10/site-packages/airflow/models/taskinstance.py", line 1519, in signal_handler
    raise AirflowException("Task received SIGTERM signal")
airflow.exceptions.AirflowException: Task received SIGTERM signal
[2023-07-11T22:31:52.490+0000] {clientserver.py:543} INFO - Closing down clientserver connection
[2023-07-11T22:31:52.490+0000] {java_gateway.py:1055} ERROR - Exception while sending command.
Traceback (most recent call last):
  File "/home/airflow/.local/lib/python3.10/site-packages/py4j/clientserver.py", line 511, in send_command
    answer = smart_decode(self.stream.readline()[:-1])
  File "/usr/local/lib/python3.10/socket.py", line 705, in readinto
    return self._sock.recv_into(b)
  File "/home/airflow/.local/lib/python3.10/site-packages/airflow/models/taskinstance.py", line 1519, in signal_handler
    raise AirflowException("Task received SIGTERM signal")
airflow.exceptions.AirflowException: Task received SIGTERM signal

During handling of the above exception, another exception occurred:

Traceback (most recent call last):
  File "/home/airflow/.local/lib/python3.10/site-packages/py4j/java_gateway.py", line 1038, in send_command
    response = connection.send_command(command)
  File "/home/airflow/.local/lib/python3.10/site-packages/py4j/clientserver.py", line 539, in send_command
    raise Py4JNetworkError(
py4j.protocol.Py4JNetworkError: Error while sending or receiving
[2023-07-11T22:31:52.491+0000] {clientserver.py:543} INFO - Closing down clientserver connection
[2023-07-11T22:31:52.491+0000] {logging_mixin.py:149} INFO - Error in writing dataframe:An error occurred while calling o129.save
[2023-07-11T22:31:52.493+0000] {SparkOracle2FileStore.py:183} INFO - Table Processing complete for PR_LRS.OCAT
[2023-07-11T22:31:52.606+0000] {SparkOracle2FileStore.py:92} INFO - processing 2 out of 19
[2023-07-11T22:31:52.607+0000] {logging_mixin.py:149} INFO - Attempting to get lowest value by column ID on table PR_LRS.WDTIP_EXCEED_CLOCK
[2023-07-11T22:31:52.607+0000] {logging_mixin.py:149} INFO - Attempting to read oracle table by query...
[2023-07-11T22:31:52.904+0000] {clientserver.py:538} INFO - Error while receiving.
Traceback (most recent call last):
  File "/home/airflow/.local/lib/python3.10/site-packages/py4j/clientserver.py", line 516, in send_command
    raise Py4JNetworkError("Answer from Java side is empty")
py4j.protocol.Py4JNetworkError: Answer from Java side is empty
[2023-07-11T22:31:52.904+0000] {clientserver.py:543} INFO - Closing down clientserver connection
[2023-07-11T22:31:52.904+0000] {java_gateway.py:1055} ERROR - Exception while sending command.
Traceback (most recent call last):
  File "/home/airflow/.local/lib/python3.10/site-packages/py4j/clientserver.py", line 516, in send_command
    raise Py4JNetworkError("Answer from Java side is empty")
py4j.protocol.Py4JNetworkError: Answer from Java side is empty

During handling of the above exception, another exception occurred:

Traceback (most recent call last):
  File "/home/airflow/.local/lib/python3.10/site-packages/py4j/java_gateway.py", line 1038, in send_command
    response = connection.send_command(command)
  File "/home/airflow/.local/lib/python3.10/site-packages/py4j/clientserver.py", line 539, in send_command
    raise Py4JNetworkError(
py4j.protocol.Py4JNetworkError: Error while sending or receiving
[2023-07-11T22:31:52.904+0000] {clientserver.py:543} INFO - Closing down clientserver connection
[2023-07-11T22:31:52.904+0000] {logging_mixin.py:149} INFO - Error in reading oracle table by query: An error occurred while calling o64.read
[2023-07-11T22:31:52.904+0000] {logging_mixin.py:149} INFO - Could not get min count: 'NoneType' object has no attribute 'head'
[2023-07-11T22:31:52.904+0000] {logging_mixin.py:149} INFO - Attempting to get max value by column ID on table PR_LRS.WDTIP_EXCEED_CLOCK
[2023-07-11T22:31:52.905+0000] {logging_mixin.py:149} INFO - Attempting to read oracle table by query...
[2023-07-11T22:31:52.905+0000] {clientserver.py:543} INFO - Closing down clientserver connection
[2023-07-11T22:31:52.905+0000] {logging_mixin.py:149} INFO - Error in reading oracle table by query: [Errno 111] Connection refused
[2023-07-11T22:31:52.905+0000] {clientserver.py:543} INFO - Closing down clientserver connection
[2023-07-11T22:31:52.905+0000] {logging_mixin.py:149} INFO - Could not get max count: 'NoneType' object has no attribute 'head'
[2023-07-11T22:31:52.905+0000] {SparkOracle2FileStore.py:102} INFO - could not reliablily get upper and lower bounds of table PR_LRS.WDTIP_EXCEED_CLOCK, reading without partition 
[2023-07-11T22:31:52.905+0000] {logging_mixin.py:149} INFO - Attempting to read oracle table...
[2023-07-11T22:31:52.905+0000] {clientserver.py:543} INFO - Closing down clientserver connection
[2023-07-11T22:31:52.905+0000] {logging_mixin.py:149} INFO - Read on oracle table failed: [Errno 111] Connection refused
[2023-07-11T22:31:52.905+0000] {clientserver.py:543} INFO - Closing down clientserver connection
[2023-07-11T22:31:52.905+0000] {SparkOracle2FileStore.py:112} INFO - Filter Processor Disabled
[2023-07-11T22:31:52.905+0000] {logging_mixin.py:149} INFO - Attempting to read oracle rowcount by query...
[2023-07-11T22:31:52.905+0000] {clientserver.py:543} INFO - Closing down clientserver connection
[2023-07-11T22:31:52.905+0000] {logging_mixin.py:149} INFO - Error in reading oracle table by rowcount: [Errno 111] Connection refused
[2023-07-11T22:31:52.905+0000] {clientserver.py:543} INFO - Closing down clientserver connection
[2023-07-11T22:31:52.905+0000] {SparkOracle2FileStore.py:115} INFO - None
[2023-07-11T22:31:52.905+0000] {logging_mixin.py:149} INFO - Attempting to read oracle rowcount by query...
[2023-07-11T22:31:52.905+0000] {clientserver.py:543} INFO - Closing down clientserver connection
[2023-07-11T22:31:52.905+0000] {logging_mixin.py:149} INFO - Error in reading oracle table by rowcount: [Errno 111] Connection refused
[2023-07-11T22:31:52.905+0000] {clientserver.py:543} INFO - Closing down clientserver connection
[2023-07-11T22:31:52.905+0000] {logging_mixin.py:149} INFO - Checking if directory exists:/home/nicholas/dev/output/WDTIP_EXCEED_CLOCK
[2023-07-11T22:31:52.905+0000] {logging_mixin.py:149} INFO - Returning True
[2023-07-11T22:31:52.906+0000] {SparkOracle2FileStore.py:177} INFO - Should not go in here if table dir exists
[2023-07-11T22:31:52.906+0000] {SparkOracle2FileStore.py:178} INFO - Overwriting table since ForceTable is enabled or directory does not exist, check logs
[2023-07-11T22:31:52.906+0000] {logging_mixin.py:149} INFO - Error in writing dataframe:'NoneType' object has no attribute 'write'
[2023-07-11T22:31:52.906+0000] {SparkOracle2FileStore.py:196} INFO - Error Processing Table PR_LRS.WDTIP_EXCEED_CLOCK:'NoneType' object has no attribute 'unpersist'
[2023-07-11T22:31:52.906+0000] {SparkOracle2FileStore.py:92} INFO - processing 2 out of 19
[2023-07-11T22:31:52.906+0000] {logging_mixin.py:149} INFO - Attempting to get lowest value by column ID on table PR_LRS.AUTO_ACTN
[2023-07-11T22:31:52.906+0000] {logging_mixin.py:149} INFO - Attempting to read oracle table by query...
[2023-07-11T22:31:52.906+0000] {clientserver.py:543} INFO - Closing down clientserver connection
[2023-07-11T22:31:52.906+0000] {logging_mixin.py:149} INFO - Error in reading oracle table by query: [Errno 111] Connection refused
[2023-07-11T22:31:52.906+0000] {clientserver.py:543} INFO - Closing down clientserver connection
[2023-07-11T22:31:52.906+0000] {logging_mixin.py:149} INFO - Could not get min count: 'NoneType' object has no attribute 'head'
[2023-07-11T22:31:52.906+0000] {logging_mixin.py:149} INFO - Attempting to get max value by column ID on table PR_LRS.AUTO_ACTN
[2023-07-11T22:31:52.906+0000] {logging_mixin.py:149} INFO - Attempting to read oracle table by query...
[2023-07-11T22:31:52.906+0000] {clientserver.py:543} INFO - Closing down clientserver connection
[2023-07-11T22:31:52.906+0000] {logging_mixin.py:149} INFO - Error in reading oracle table by query: [Errno 111] Connection refused
[2023-07-11T22:31:52.906+0000] {clientserver.py:543} INFO - Closing down clientserver connection
[2023-07-11T22:31:52.906+0000] {logging_mixin.py:149} INFO - Could not get max count: 'NoneType' object has no attribute 'head'
[2023-07-11T22:31:52.906+0000] {SparkOracle2FileStore.py:102} INFO - could not reliablily get upper and lower bounds of table PR_LRS.AUTO_ACTN, reading without partition 
[2023-07-11T22:31:52.906+0000] {logging_mixin.py:149} INFO - Attempting to read oracle table...
[2023-07-11T22:31:52.906+0000] {clientserver.py:543} INFO - Closing down clientserver connection
[2023-07-11T22:31:52.906+0000] {logging_mixin.py:149} INFO - Read on oracle table failed: [Errno 111] Connection refused
[2023-07-11T22:31:52.906+0000] {clientserver.py:543} INFO - Closing down clientserver connection
[2023-07-11T22:31:52.906+0000] {SparkOracle2FileStore.py:112} INFO - Filter Processor Disabled
[2023-07-11T22:31:52.906+0000] {logging_mixin.py:149} INFO - Attempting to read oracle rowcount by query...
[2023-07-11T22:31:52.906+0000] {clientserver.py:543} INFO - Closing down clientserver connection
[2023-07-11T22:31:52.907+0000] {logging_mixin.py:149} INFO - Error in reading oracle table by rowcount: [Errno 111] Connection refused
[2023-07-11T22:31:52.907+0000] {clientserver.py:543} INFO - Closing down clientserver connection
[2023-07-11T22:31:52.907+0000] {SparkOracle2FileStore.py:115} INFO - None
[2023-07-11T22:31:52.907+0000] {logging_mixin.py:149} INFO - Attempting to read oracle rowcount by query...
[2023-07-11T22:31:52.907+0000] {clientserver.py:543} INFO - Closing down clientserver connection
[2023-07-11T22:31:52.907+0000] {logging_mixin.py:149} INFO - Error in reading oracle table by rowcount: [Errno 111] Connection refused
[2023-07-11T22:31:52.907+0000] {clientserver.py:543} INFO - Closing down clientserver connection
[2023-07-11T22:31:52.907+0000] {logging_mixin.py:149} INFO - Checking if directory exists:/home/nicholas/dev/output/AUTO_ACTN
[2023-07-11T22:31:52.907+0000] {logging_mixin.py:149} INFO - Returning True
[2023-07-11T22:31:52.907+0000] {SparkOracle2FileStore.py:177} INFO - Should not go in here if table dir exists
[2023-07-11T22:31:52.907+0000] {SparkOracle2FileStore.py:178} INFO - Overwriting table since ForceTable is enabled or directory does not exist, check logs
[2023-07-11T22:31:52.907+0000] {logging_mixin.py:149} INFO - Error in writing dataframe:'NoneType' object has no attribute 'write'
[2023-07-11T22:31:52.907+0000] {SparkOracle2FileStore.py:196} INFO - Error Processing Table PR_LRS.AUTO_ACTN:'NoneType' object has no attribute 'unpersist'
[2023-07-11T22:31:52.907+0000] {SparkOracle2FileStore.py:92} INFO - processing 2 out of 19
[2023-07-11T22:31:52.907+0000] {logging_mixin.py:149} INFO - Attempting to get lowest value by column ID on table PR_LRS.IFD_DUPL_DETL
[2023-07-11T22:31:52.907+0000] {logging_mixin.py:149} INFO - Attempting to read oracle table by query...
[2023-07-11T22:31:52.907+0000] {clientserver.py:543} INFO - Closing down clientserver connection
[2023-07-11T22:31:52.907+0000] {logging_mixin.py:149} INFO - Error in reading oracle table by query: [Errno 111] Connection refused
[2023-07-11T22:31:52.907+0000] {clientserver.py:543} INFO - Closing down clientserver connection
[2023-07-11T22:31:52.907+0000] {logging_mixin.py:149} INFO - Could not get min count: 'NoneType' object has no attribute 'head'
[2023-07-11T22:31:52.907+0000] {logging_mixin.py:149} INFO - Attempting to get max value by column ID on table PR_LRS.IFD_DUPL_DETL
[2023-07-11T22:31:52.907+0000] {logging_mixin.py:149} INFO - Attempting to read oracle table by query...
[2023-07-11T22:31:52.907+0000] {clientserver.py:543} INFO - Closing down clientserver connection
[2023-07-11T22:31:52.907+0000] {logging_mixin.py:149} INFO - Error in reading oracle table by query: [Errno 111] Connection refused
[2023-07-11T22:31:52.907+0000] {clientserver.py:543} INFO - Closing down clientserver connection
[2023-07-11T22:31:52.907+0000] {logging_mixin.py:149} INFO - Could not get max count: 'NoneType' object has no attribute 'head'
[2023-07-11T22:31:52.907+0000] {SparkOracle2FileStore.py:102} INFO - could not reliablily get upper and lower bounds of table PR_LRS.IFD_DUPL_DETL, reading without partition 
[2023-07-11T22:31:52.908+0000] {logging_mixin.py:149} INFO - Attempting to read oracle table...
[2023-07-11T22:31:52.908+0000] {clientserver.py:543} INFO - Closing down clientserver connection
[2023-07-11T22:31:52.908+0000] {logging_mixin.py:149} INFO - Read on oracle table failed: [Errno 111] Connection refused
[2023-07-11T22:31:52.908+0000] {clientserver.py:543} INFO - Closing down clientserver connection
[2023-07-11T22:31:52.908+0000] {SparkOracle2FileStore.py:112} INFO - Filter Processor Disabled
[2023-07-11T22:31:52.908+0000] {logging_mixin.py:149} INFO - Attempting to read oracle rowcount by query...
[2023-07-11T22:31:52.908+0000] {clientserver.py:543} INFO - Closing down clientserver connection
[2023-07-11T22:31:52.908+0000] {logging_mixin.py:149} INFO - Error in reading oracle table by rowcount: [Errno 111] Connection refused
[2023-07-11T22:31:52.908+0000] {clientserver.py:543} INFO - Closing down clientserver connection
[2023-07-11T22:31:52.908+0000] {SparkOracle2FileStore.py:115} INFO - None
[2023-07-11T22:31:52.908+0000] {logging_mixin.py:149} INFO - Attempting to read oracle rowcount by query...
[2023-07-11T22:31:52.908+0000] {clientserver.py:543} INFO - Closing down clientserver connection
[2023-07-11T22:31:52.908+0000] {logging_mixin.py:149} INFO - Error in reading oracle table by rowcount: [Errno 111] Connection refused
[2023-07-11T22:31:52.908+0000] {clientserver.py:543} INFO - Closing down clientserver connection
[2023-07-11T22:31:52.908+0000] {logging_mixin.py:149} INFO - Checking if directory exists:/home/nicholas/dev/output/IFD_DUPL_DETL
[2023-07-11T22:31:52.908+0000] {logging_mixin.py:149} INFO - Returning True
[2023-07-11T22:31:52.908+0000] {SparkOracle2FileStore.py:177} INFO - Should not go in here if table dir exists
[2023-07-11T22:31:52.908+0000] {SparkOracle2FileStore.py:178} INFO - Overwriting table since ForceTable is enabled or directory does not exist, check logs
[2023-07-11T22:31:52.908+0000] {logging_mixin.py:149} INFO - Error in writing dataframe:'NoneType' object has no attribute 'write'
[2023-07-11T22:31:52.908+0000] {SparkOracle2FileStore.py:196} INFO - Error Processing Table PR_LRS.IFD_DUPL_DETL:'NoneType' object has no attribute 'unpersist'
[2023-07-11T22:31:52.908+0000] {SparkOracle2FileStore.py:92} INFO - processing 2 out of 19
[2023-07-11T22:31:52.908+0000] {logging_mixin.py:149} INFO - Attempting to get lowest value by column ID on table PR_LRS.EBT_FRAUD_ACTIV
[2023-07-11T22:31:52.908+0000] {logging_mixin.py:149} INFO - Attempting to read oracle table by query...
[2023-07-11T22:31:52.908+0000] {clientserver.py:543} INFO - Closing down clientserver connection
[2023-07-11T22:31:52.908+0000] {logging_mixin.py:149} INFO - Error in reading oracle table by query: [Errno 111] Connection refused
[2023-07-11T22:31:52.908+0000] {clientserver.py:543} INFO - Closing down clientserver connection
[2023-07-11T22:31:52.909+0000] {logging_mixin.py:149} INFO - Could not get min count: 'NoneType' object has no attribute 'head'
[2023-07-11T22:31:52.909+0000] {logging_mixin.py:149} INFO - Attempting to get max value by column ID on table PR_LRS.EBT_FRAUD_ACTIV
[2023-07-11T22:31:52.909+0000] {logging_mixin.py:149} INFO - Attempting to read oracle table by query...
[2023-07-11T22:31:52.909+0000] {clientserver.py:543} INFO - Closing down clientserver connection
[2023-07-11T22:31:52.909+0000] {logging_mixin.py:149} INFO - Error in reading oracle table by query: [Errno 111] Connection refused
[2023-07-11T22:31:52.909+0000] {clientserver.py:543} INFO - Closing down clientserver connection
[2023-07-11T22:31:52.909+0000] {logging_mixin.py:149} INFO - Could not get max count: 'NoneType' object has no attribute 'head'
[2023-07-11T22:31:52.909+0000] {SparkOracle2FileStore.py:102} INFO - could not reliablily get upper and lower bounds of table PR_LRS.EBT_FRAUD_ACTIV, reading without partition 
[2023-07-11T22:31:52.909+0000] {logging_mixin.py:149} INFO - Attempting to read oracle table...
[2023-07-11T22:31:52.909+0000] {clientserver.py:543} INFO - Closing down clientserver connection
[2023-07-11T22:31:52.909+0000] {logging_mixin.py:149} INFO - Read on oracle table failed: [Errno 111] Connection refused
[2023-07-11T22:31:52.909+0000] {clientserver.py:543} INFO - Closing down clientserver connection
[2023-07-11T22:31:52.909+0000] {SparkOracle2FileStore.py:112} INFO - Filter Processor Disabled
[2023-07-11T22:31:52.909+0000] {logging_mixin.py:149} INFO - Attempting to read oracle rowcount by query...
[2023-07-11T22:31:52.909+0000] {clientserver.py:543} INFO - Closing down clientserver connection
[2023-07-11T22:31:52.909+0000] {logging_mixin.py:149} INFO - Error in reading oracle table by rowcount: [Errno 111] Connection refused
[2023-07-11T22:31:52.909+0000] {clientserver.py:543} INFO - Closing down clientserver connection
[2023-07-11T22:31:52.909+0000] {SparkOracle2FileStore.py:115} INFO - None
[2023-07-11T22:31:52.909+0000] {logging_mixin.py:149} INFO - Attempting to read oracle rowcount by query...
[2023-07-11T22:31:52.909+0000] {clientserver.py:543} INFO - Closing down clientserver connection
[2023-07-11T22:31:52.909+0000] {logging_mixin.py:149} INFO - Error in reading oracle table by rowcount: [Errno 111] Connection refused
[2023-07-11T22:31:52.909+0000] {clientserver.py:543} INFO - Closing down clientserver connection
[2023-07-11T22:31:52.909+0000] {logging_mixin.py:149} INFO - Checking if directory exists:/home/nicholas/dev/output/EBT_FRAUD_ACTIV
[2023-07-11T22:31:52.909+0000] {logging_mixin.py:149} INFO - Returning True
[2023-07-11T22:31:52.909+0000] {SparkOracle2FileStore.py:177} INFO - Should not go in here if table dir exists
[2023-07-11T22:31:52.909+0000] {SparkOracle2FileStore.py:178} INFO - Overwriting table since ForceTable is enabled or directory does not exist, check logs
[2023-07-11T22:31:52.909+0000] {logging_mixin.py:149} INFO - Error in writing dataframe:'NoneType' object has no attribute 'write'
[2023-07-11T22:31:52.909+0000] {SparkOracle2FileStore.py:196} INFO - Error Processing Table PR_LRS.EBT_FRAUD_ACTIV:'NoneType' object has no attribute 'unpersist'
[2023-07-11T22:31:52.910+0000] {SparkOracle2FileStore.py:92} INFO - processing 2 out of 19
[2023-07-11T22:31:52.910+0000] {logging_mixin.py:149} INFO - Attempting to get lowest value by column ID on table PR_LRS.GA_GR_TIME_LIMIT
[2023-07-11T22:31:52.910+0000] {logging_mixin.py:149} INFO - Attempting to read oracle table by query...
[2023-07-11T22:31:52.910+0000] {clientserver.py:543} INFO - Closing down clientserver connection
[2023-07-11T22:31:52.910+0000] {logging_mixin.py:149} INFO - Error in reading oracle table by query: [Errno 111] Connection refused
[2023-07-11T22:31:52.910+0000] {clientserver.py:543} INFO - Closing down clientserver connection
[2023-07-11T22:31:52.910+0000] {logging_mixin.py:149} INFO - Could not get min count: 'NoneType' object has no attribute 'head'
[2023-07-11T22:31:52.910+0000] {logging_mixin.py:149} INFO - Attempting to get max value by column ID on table PR_LRS.GA_GR_TIME_LIMIT
[2023-07-11T22:31:52.910+0000] {logging_mixin.py:149} INFO - Attempting to read oracle table by query...
[2023-07-11T22:31:52.910+0000] {clientserver.py:543} INFO - Closing down clientserver connection
[2023-07-11T22:31:52.910+0000] {logging_mixin.py:149} INFO - Error in reading oracle table by query: [Errno 111] Connection refused
[2023-07-11T22:31:52.910+0000] {clientserver.py:543} INFO - Closing down clientserver connection
[2023-07-11T22:31:52.910+0000] {logging_mixin.py:149} INFO - Could not get max count: 'NoneType' object has no attribute 'head'
[2023-07-11T22:31:52.910+0000] {SparkOracle2FileStore.py:102} INFO - could not reliablily get upper and lower bounds of table PR_LRS.GA_GR_TIME_LIMIT, reading without partition 
[2023-07-11T22:31:52.910+0000] {logging_mixin.py:149} INFO - Attempting to read oracle table...
[2023-07-11T22:31:52.910+0000] {clientserver.py:543} INFO - Closing down clientserver connection
[2023-07-11T22:31:52.910+0000] {logging_mixin.py:149} INFO - Read on oracle table failed: [Errno 111] Connection refused
[2023-07-11T22:31:52.910+0000] {clientserver.py:543} INFO - Closing down clientserver connection
[2023-07-11T22:31:52.910+0000] {SparkOracle2FileStore.py:112} INFO - Filter Processor Disabled
[2023-07-11T22:31:52.910+0000] {logging_mixin.py:149} INFO - Attempting to read oracle rowcount by query...
[2023-07-11T22:31:52.910+0000] {clientserver.py:543} INFO - Closing down clientserver connection
[2023-07-11T22:31:52.910+0000] {logging_mixin.py:149} INFO - Error in reading oracle table by rowcount: [Errno 111] Connection refused
[2023-07-11T22:31:52.910+0000] {clientserver.py:543} INFO - Closing down clientserver connection
[2023-07-11T22:31:52.910+0000] {SparkOracle2FileStore.py:115} INFO - None
[2023-07-11T22:31:52.910+0000] {logging_mixin.py:149} INFO - Attempting to read oracle rowcount by query...
[2023-07-11T22:31:52.910+0000] {clientserver.py:543} INFO - Closing down clientserver connection
[2023-07-11T22:31:52.910+0000] {logging_mixin.py:149} INFO - Error in reading oracle table by rowcount: [Errno 111] Connection refused
[2023-07-11T22:31:52.910+0000] {clientserver.py:543} INFO - Closing down clientserver connection
[2023-07-11T22:31:52.911+0000] {logging_mixin.py:149} INFO - Checking if directory exists:/home/nicholas/dev/output/GA_GR_TIME_LIMIT
[2023-07-11T22:31:52.911+0000] {logging_mixin.py:149} INFO - Returning True
[2023-07-11T22:31:52.911+0000] {SparkOracle2FileStore.py:177} INFO - Should not go in here if table dir exists
[2023-07-11T22:31:52.911+0000] {SparkOracle2FileStore.py:178} INFO - Overwriting table since ForceTable is enabled or directory does not exist, check logs
[2023-07-11T22:31:52.911+0000] {logging_mixin.py:149} INFO - Error in writing dataframe:'NoneType' object has no attribute 'write'
[2023-07-11T22:31:52.911+0000] {SparkOracle2FileStore.py:196} INFO - Error Processing Table PR_LRS.GA_GR_TIME_LIMIT:'NoneType' object has no attribute 'unpersist'
[2023-07-11T22:31:52.911+0000] {SparkOracle2FileStore.py:92} INFO - processing 2 out of 19
[2023-07-11T22:31:52.911+0000] {logging_mixin.py:149} INFO - Attempting to get lowest value by column ID on table PR_LRS.GRP_HOMES
[2023-07-11T22:31:52.911+0000] {logging_mixin.py:149} INFO - Attempting to read oracle table by query...
[2023-07-11T22:31:52.911+0000] {clientserver.py:543} INFO - Closing down clientserver connection
[2023-07-11T22:31:52.911+0000] {logging_mixin.py:149} INFO - Error in reading oracle table by query: [Errno 111] Connection refused
[2023-07-11T22:31:52.911+0000] {clientserver.py:543} INFO - Closing down clientserver connection
[2023-07-11T22:31:52.911+0000] {logging_mixin.py:149} INFO - Could not get min count: 'NoneType' object has no attribute 'head'
[2023-07-11T22:31:52.911+0000] {logging_mixin.py:149} INFO - Attempting to get max value by column ID on table PR_LRS.GRP_HOMES
[2023-07-11T22:31:52.911+0000] {logging_mixin.py:149} INFO - Attempting to read oracle table by query...
[2023-07-11T22:31:52.911+0000] {clientserver.py:543} INFO - Closing down clientserver connection
[2023-07-11T22:31:52.911+0000] {logging_mixin.py:149} INFO - Error in reading oracle table by query: [Errno 111] Connection refused
[2023-07-11T22:31:52.911+0000] {clientserver.py:543} INFO - Closing down clientserver connection
[2023-07-11T22:31:52.911+0000] {logging_mixin.py:149} INFO - Could not get max count: 'NoneType' object has no attribute 'head'
[2023-07-11T22:31:52.911+0000] {SparkOracle2FileStore.py:102} INFO - could not reliablily get upper and lower bounds of table PR_LRS.GRP_HOMES, reading without partition 
[2023-07-11T22:31:52.911+0000] {logging_mixin.py:149} INFO - Attempting to read oracle table...
[2023-07-11T22:31:52.911+0000] {clientserver.py:543} INFO - Closing down clientserver connection
[2023-07-11T22:31:52.911+0000] {logging_mixin.py:149} INFO - Read on oracle table failed: [Errno 111] Connection refused
[2023-07-11T22:31:52.911+0000] {clientserver.py:543} INFO - Closing down clientserver connection
[2023-07-11T22:31:52.911+0000] {SparkOracle2FileStore.py:112} INFO - Filter Processor Disabled
[2023-07-11T22:31:52.911+0000] {logging_mixin.py:149} INFO - Attempting to read oracle rowcount by query...
[2023-07-11T22:31:52.911+0000] {clientserver.py:543} INFO - Closing down clientserver connection
[2023-07-11T22:31:52.911+0000] {logging_mixin.py:149} INFO - Error in reading oracle table by rowcount: [Errno 111] Connection refused
[2023-07-11T22:31:52.911+0000] {clientserver.py:543} INFO - Closing down clientserver connection
[2023-07-11T22:31:52.911+0000] {SparkOracle2FileStore.py:115} INFO - None
[2023-07-11T22:31:52.912+0000] {logging_mixin.py:149} INFO - Attempting to read oracle rowcount by query...
[2023-07-11T22:31:52.912+0000] {clientserver.py:543} INFO - Closing down clientserver connection
[2023-07-11T22:31:52.912+0000] {logging_mixin.py:149} INFO - Error in reading oracle table by rowcount: [Errno 111] Connection refused
[2023-07-11T22:31:52.912+0000] {clientserver.py:543} INFO - Closing down clientserver connection
[2023-07-11T22:31:52.912+0000] {logging_mixin.py:149} INFO - Checking if directory exists:/home/nicholas/dev/output/GRP_HOMES
[2023-07-11T22:31:52.912+0000] {logging_mixin.py:149} INFO - Returning True
[2023-07-11T22:31:52.912+0000] {SparkOracle2FileStore.py:177} INFO - Should not go in here if table dir exists
[2023-07-11T22:31:52.912+0000] {SparkOracle2FileStore.py:178} INFO - Overwriting table since ForceTable is enabled or directory does not exist, check logs
[2023-07-11T22:31:52.912+0000] {logging_mixin.py:149} INFO - Error in writing dataframe:'NoneType' object has no attribute 'write'
[2023-07-11T22:31:52.912+0000] {SparkOracle2FileStore.py:196} INFO - Error Processing Table PR_LRS.GRP_HOMES:'NoneType' object has no attribute 'unpersist'
[2023-07-11T22:31:52.912+0000] {SparkOracle2FileStore.py:92} INFO - processing 2 out of 19
[2023-07-11T22:31:52.912+0000] {logging_mixin.py:149} INFO - Attempting to get lowest value by column ID on table PR_LRS.ASSET_VERIF
[2023-07-11T22:31:52.912+0000] {logging_mixin.py:149} INFO - Attempting to read oracle table by query...
[2023-07-11T22:31:52.912+0000] {clientserver.py:543} INFO - Closing down clientserver connection
[2023-07-11T22:31:52.912+0000] {logging_mixin.py:149} INFO - Error in reading oracle table by query: [Errno 111] Connection refused
[2023-07-11T22:31:52.912+0000] {clientserver.py:543} INFO - Closing down clientserver connection
[2023-07-11T22:31:52.912+0000] {logging_mixin.py:149} INFO - Could not get min count: 'NoneType' object has no attribute 'head'
[2023-07-11T22:31:52.912+0000] {logging_mixin.py:149} INFO - Attempting to get max value by column ID on table PR_LRS.ASSET_VERIF
[2023-07-11T22:31:52.912+0000] {logging_mixin.py:149} INFO - Attempting to read oracle table by query...
[2023-07-11T22:31:52.912+0000] {clientserver.py:543} INFO - Closing down clientserver connection
[2023-07-11T22:31:52.912+0000] {logging_mixin.py:149} INFO - Error in reading oracle table by query: [Errno 111] Connection refused
[2023-07-11T22:31:52.912+0000] {clientserver.py:543} INFO - Closing down clientserver connection
[2023-07-11T22:31:52.912+0000] {logging_mixin.py:149} INFO - Could not get max count: 'NoneType' object has no attribute 'head'
[2023-07-11T22:31:52.912+0000] {SparkOracle2FileStore.py:102} INFO - could not reliablily get upper and lower bounds of table PR_LRS.ASSET_VERIF, reading without partition 
[2023-07-11T22:31:52.912+0000] {logging_mixin.py:149} INFO - Attempting to read oracle table...
[2023-07-11T22:31:52.912+0000] {clientserver.py:543} INFO - Closing down clientserver connection
[2023-07-11T22:31:52.912+0000] {logging_mixin.py:149} INFO - Read on oracle table failed: [Errno 111] Connection refused
[2023-07-11T22:31:52.912+0000] {clientserver.py:543} INFO - Closing down clientserver connection
[2023-07-11T22:31:52.913+0000] {SparkOracle2FileStore.py:112} INFO - Filter Processor Disabled
[2023-07-11T22:31:52.913+0000] {logging_mixin.py:149} INFO - Attempting to read oracle rowcount by query...
[2023-07-11T22:31:52.913+0000] {clientserver.py:543} INFO - Closing down clientserver connection
[2023-07-11T22:31:52.913+0000] {logging_mixin.py:149} INFO - Error in reading oracle table by rowcount: [Errno 111] Connection refused
[2023-07-11T22:31:52.913+0000] {clientserver.py:543} INFO - Closing down clientserver connection
[2023-07-11T22:31:52.913+0000] {SparkOracle2FileStore.py:115} INFO - None
[2023-07-11T22:31:52.913+0000] {logging_mixin.py:149} INFO - Attempting to read oracle rowcount by query...
[2023-07-11T22:31:52.913+0000] {clientserver.py:543} INFO - Closing down clientserver connection
[2023-07-11T22:31:52.913+0000] {logging_mixin.py:149} INFO - Error in reading oracle table by rowcount: [Errno 111] Connection refused
[2023-07-11T22:31:52.913+0000] {clientserver.py:543} INFO - Closing down clientserver connection
[2023-07-11T22:31:52.913+0000] {logging_mixin.py:149} INFO - Checking if directory exists:/home/nicholas/dev/output/ASSET_VERIF
[2023-07-11T22:31:52.913+0000] {logging_mixin.py:149} INFO - Returning True
[2023-07-11T22:31:52.913+0000] {SparkOracle2FileStore.py:177} INFO - Should not go in here if table dir exists
[2023-07-11T22:31:52.913+0000] {SparkOracle2FileStore.py:178} INFO - Overwriting table since ForceTable is enabled or directory does not exist, check logs
[2023-07-11T22:31:52.913+0000] {logging_mixin.py:149} INFO - Error in writing dataframe:'NoneType' object has no attribute 'write'
[2023-07-11T22:31:52.913+0000] {SparkOracle2FileStore.py:196} INFO - Error Processing Table PR_LRS.ASSET_VERIF:'NoneType' object has no attribute 'unpersist'
[2023-07-11T22:31:52.913+0000] {SparkOracle2FileStore.py:92} INFO - processing 2 out of 19
[2023-07-11T22:31:52.913+0000] {logging_mixin.py:149} INFO - Attempting to get lowest value by column ID on table PR_LRS.FUND_CODE_MAP
[2023-07-11T22:31:52.913+0000] {logging_mixin.py:149} INFO - Attempting to read oracle table by query...
[2023-07-11T22:31:52.913+0000] {clientserver.py:543} INFO - Closing down clientserver connection
[2023-07-11T22:31:52.913+0000] {logging_mixin.py:149} INFO - Error in reading oracle table by query: [Errno 111] Connection refused
[2023-07-11T22:31:52.913+0000] {clientserver.py:543} INFO - Closing down clientserver connection
[2023-07-11T22:31:52.913+0000] {logging_mixin.py:149} INFO - Could not get min count: 'NoneType' object has no attribute 'head'
[2023-07-11T22:31:52.913+0000] {logging_mixin.py:149} INFO - Attempting to get max value by column ID on table PR_LRS.FUND_CODE_MAP
[2023-07-11T22:31:52.913+0000] {logging_mixin.py:149} INFO - Attempting to read oracle table by query...
[2023-07-11T22:31:52.913+0000] {clientserver.py:543} INFO - Closing down clientserver connection
[2023-07-11T22:31:52.913+0000] {logging_mixin.py:149} INFO - Error in reading oracle table by query: [Errno 111] Connection refused
[2023-07-11T22:31:52.913+0000] {clientserver.py:543} INFO - Closing down clientserver connection
[2023-07-11T22:31:52.913+0000] {logging_mixin.py:149} INFO - Could not get max count: 'NoneType' object has no attribute 'head'
[2023-07-11T22:31:52.914+0000] {SparkOracle2FileStore.py:102} INFO - could not reliablily get upper and lower bounds of table PR_LRS.FUND_CODE_MAP, reading without partition 
[2023-07-11T22:31:52.914+0000] {logging_mixin.py:149} INFO - Attempting to read oracle table...
[2023-07-11T22:31:52.914+0000] {clientserver.py:543} INFO - Closing down clientserver connection
[2023-07-11T22:31:52.914+0000] {logging_mixin.py:149} INFO - Read on oracle table failed: [Errno 111] Connection refused
[2023-07-11T22:31:52.914+0000] {clientserver.py:543} INFO - Closing down clientserver connection
[2023-07-11T22:31:52.914+0000] {SparkOracle2FileStore.py:112} INFO - Filter Processor Disabled
[2023-07-11T22:31:52.914+0000] {logging_mixin.py:149} INFO - Attempting to read oracle rowcount by query...
[2023-07-11T22:31:52.914+0000] {clientserver.py:543} INFO - Closing down clientserver connection
[2023-07-11T22:31:52.914+0000] {logging_mixin.py:149} INFO - Error in reading oracle table by rowcount: [Errno 111] Connection refused
[2023-07-11T22:31:52.914+0000] {clientserver.py:543} INFO - Closing down clientserver connection
[2023-07-11T22:31:52.914+0000] {SparkOracle2FileStore.py:115} INFO - None
[2023-07-11T22:31:52.914+0000] {logging_mixin.py:149} INFO - Attempting to read oracle rowcount by query...
[2023-07-11T22:31:52.914+0000] {clientserver.py:543} INFO - Closing down clientserver connection
[2023-07-11T22:31:52.914+0000] {logging_mixin.py:149} INFO - Error in reading oracle table by rowcount: [Errno 111] Connection refused
[2023-07-11T22:31:52.914+0000] {clientserver.py:543} INFO - Closing down clientserver connection
[2023-07-11T22:31:52.914+0000] {logging_mixin.py:149} INFO - Checking if directory exists:/home/nicholas/dev/output/FUND_CODE_MAP
[2023-07-11T22:31:52.914+0000] {logging_mixin.py:149} INFO - Returning True
[2023-07-11T22:31:52.914+0000] {SparkOracle2FileStore.py:177} INFO - Should not go in here if table dir exists
[2023-07-11T22:31:52.914+0000] {SparkOracle2FileStore.py:178} INFO - Overwriting table since ForceTable is enabled or directory does not exist, check logs
[2023-07-11T22:31:52.914+0000] {logging_mixin.py:149} INFO - Error in writing dataframe:'NoneType' object has no attribute 'write'
[2023-07-11T22:31:52.914+0000] {SparkOracle2FileStore.py:196} INFO - Error Processing Table PR_LRS.FUND_CODE_MAP:'NoneType' object has no attribute 'unpersist'
[2023-07-11T22:31:52.914+0000] {SparkOracle2FileStore.py:92} INFO - processing 2 out of 19
[2023-07-11T22:31:52.914+0000] {logging_mixin.py:149} INFO - Attempting to get lowest value by column ID on table PR_LRS.C4Y_OTHER_PGM_ASSIST
[2023-07-11T22:31:52.914+0000] {logging_mixin.py:149} INFO - Attempting to read oracle table by query...
[2023-07-11T22:31:52.914+0000] {clientserver.py:543} INFO - Closing down clientserver connection
[2023-07-11T22:31:52.914+0000] {logging_mixin.py:149} INFO - Error in reading oracle table by query: [Errno 111] Connection refused
[2023-07-11T22:31:52.914+0000] {clientserver.py:543} INFO - Closing down clientserver connection
[2023-07-11T22:31:52.915+0000] {logging_mixin.py:149} INFO - Could not get min count: 'NoneType' object has no attribute 'head'
[2023-07-11T22:31:52.915+0000] {logging_mixin.py:149} INFO - Attempting to get max value by column ID on table PR_LRS.C4Y_OTHER_PGM_ASSIST
[2023-07-11T22:31:52.915+0000] {logging_mixin.py:149} INFO - Attempting to read oracle table by query...
[2023-07-11T22:31:52.915+0000] {clientserver.py:543} INFO - Closing down clientserver connection
[2023-07-11T22:31:52.915+0000] {logging_mixin.py:149} INFO - Error in reading oracle table by query: [Errno 111] Connection refused
[2023-07-11T22:31:52.915+0000] {clientserver.py:543} INFO - Closing down clientserver connection
[2023-07-11T22:31:52.915+0000] {logging_mixin.py:149} INFO - Could not get max count: 'NoneType' object has no attribute 'head'
[2023-07-11T22:31:52.915+0000] {SparkOracle2FileStore.py:102} INFO - could not reliablily get upper and lower bounds of table PR_LRS.C4Y_OTHER_PGM_ASSIST, reading without partition 
[2023-07-11T22:31:52.915+0000] {logging_mixin.py:149} INFO - Attempting to read oracle table...
[2023-07-11T22:31:52.915+0000] {clientserver.py:543} INFO - Closing down clientserver connection
[2023-07-11T22:31:52.915+0000] {logging_mixin.py:149} INFO - Read on oracle table failed: [Errno 111] Connection refused
[2023-07-11T22:31:52.915+0000] {clientserver.py:543} INFO - Closing down clientserver connection
[2023-07-11T22:31:52.915+0000] {SparkOracle2FileStore.py:112} INFO - Filter Processor Disabled
[2023-07-11T22:31:52.915+0000] {logging_mixin.py:149} INFO - Attempting to read oracle rowcount by query...
[2023-07-11T22:31:52.915+0000] {clientserver.py:543} INFO - Closing down clientserver connection
[2023-07-11T22:31:52.915+0000] {logging_mixin.py:149} INFO - Error in reading oracle table by rowcount: [Errno 111] Connection refused
[2023-07-11T22:31:52.915+0000] {clientserver.py:543} INFO - Closing down clientserver connection
[2023-07-11T22:31:52.915+0000] {SparkOracle2FileStore.py:115} INFO - None
[2023-07-11T22:31:52.915+0000] {logging_mixin.py:149} INFO - Attempting to read oracle rowcount by query...
[2023-07-11T22:31:52.915+0000] {clientserver.py:543} INFO - Closing down clientserver connection
[2023-07-11T22:31:52.915+0000] {logging_mixin.py:149} INFO - Error in reading oracle table by rowcount: [Errno 111] Connection refused
[2023-07-11T22:31:52.915+0000] {clientserver.py:543} INFO - Closing down clientserver connection
[2023-07-11T22:31:52.915+0000] {logging_mixin.py:149} INFO - Checking if directory exists:/home/nicholas/dev/output/C4Y_OTHER_PGM_ASSIST
[2023-07-11T22:31:52.915+0000] {logging_mixin.py:149} INFO - Returning True
[2023-07-11T22:31:52.915+0000] {SparkOracle2FileStore.py:177} INFO - Should not go in here if table dir exists
[2023-07-11T22:31:52.915+0000] {SparkOracle2FileStore.py:178} INFO - Overwriting table since ForceTable is enabled or directory does not exist, check logs
[2023-07-11T22:31:52.915+0000] {logging_mixin.py:149} INFO - Error in writing dataframe:'NoneType' object has no attribute 'write'
[2023-07-11T22:31:52.915+0000] {SparkOracle2FileStore.py:196} INFO - Error Processing Table PR_LRS.C4Y_OTHER_PGM_ASSIST:'NoneType' object has no attribute 'unpersist'
[2023-07-11T22:31:52.916+0000] {SparkOracle2FileStore.py:92} INFO - processing 2 out of 19
[2023-07-11T22:31:52.916+0000] {logging_mixin.py:149} INFO - Attempting to get lowest value by column ID on table PR_LRS.IEVS_FF_MEDS
[2023-07-11T22:31:52.916+0000] {logging_mixin.py:149} INFO - Attempting to read oracle table by query...
[2023-07-11T22:31:52.916+0000] {clientserver.py:543} INFO - Closing down clientserver connection
[2023-07-11T22:31:52.916+0000] {logging_mixin.py:149} INFO - Error in reading oracle table by query: [Errno 111] Connection refused
[2023-07-11T22:31:52.916+0000] {clientserver.py:543} INFO - Closing down clientserver connection
[2023-07-11T22:31:52.916+0000] {logging_mixin.py:149} INFO - Could not get min count: 'NoneType' object has no attribute 'head'
[2023-07-11T22:31:52.916+0000] {logging_mixin.py:149} INFO - Attempting to get max value by column ID on table PR_LRS.IEVS_FF_MEDS
[2023-07-11T22:31:52.916+0000] {logging_mixin.py:149} INFO - Attempting to read oracle table by query...
[2023-07-11T22:31:52.916+0000] {clientserver.py:543} INFO - Closing down clientserver connection
[2023-07-11T22:31:52.916+0000] {logging_mixin.py:149} INFO - Error in reading oracle table by query: [Errno 111] Connection refused
[2023-07-11T22:31:52.916+0000] {clientserver.py:543} INFO - Closing down clientserver connection
[2023-07-11T22:31:52.916+0000] {logging_mixin.py:149} INFO - Could not get max count: 'NoneType' object has no attribute 'head'
[2023-07-11T22:31:52.916+0000] {SparkOracle2FileStore.py:102} INFO - could not reliablily get upper and lower bounds of table PR_LRS.IEVS_FF_MEDS, reading without partition 
[2023-07-11T22:31:52.916+0000] {logging_mixin.py:149} INFO - Attempting to read oracle table...
[2023-07-11T22:31:52.916+0000] {clientserver.py:543} INFO - Closing down clientserver connection
[2023-07-11T22:31:52.916+0000] {logging_mixin.py:149} INFO - Read on oracle table failed: [Errno 111] Connection refused
[2023-07-11T22:31:52.916+0000] {clientserver.py:543} INFO - Closing down clientserver connection
[2023-07-11T22:31:52.916+0000] {SparkOracle2FileStore.py:112} INFO - Filter Processor Disabled
[2023-07-11T22:31:52.916+0000] {logging_mixin.py:149} INFO - Attempting to read oracle rowcount by query...
[2023-07-11T22:31:52.916+0000] {clientserver.py:543} INFO - Closing down clientserver connection
[2023-07-11T22:31:52.916+0000] {logging_mixin.py:149} INFO - Error in reading oracle table by rowcount: [Errno 111] Connection refused
[2023-07-11T22:31:52.916+0000] {clientserver.py:543} INFO - Closing down clientserver connection
[2023-07-11T22:31:52.916+0000] {SparkOracle2FileStore.py:115} INFO - None
[2023-07-11T22:31:52.916+0000] {logging_mixin.py:149} INFO - Attempting to read oracle rowcount by query...
[2023-07-11T22:31:52.916+0000] {clientserver.py:543} INFO - Closing down clientserver connection
[2023-07-11T22:31:52.916+0000] {logging_mixin.py:149} INFO - Error in reading oracle table by rowcount: [Errno 111] Connection refused
[2023-07-11T22:31:52.916+0000] {clientserver.py:543} INFO - Closing down clientserver connection
[2023-07-11T22:31:52.916+0000] {logging_mixin.py:149} INFO - Checking if directory exists:/home/nicholas/dev/output/IEVS_FF_MEDS
[2023-07-11T22:31:52.917+0000] {logging_mixin.py:149} INFO - Returning True
[2023-07-11T22:31:52.917+0000] {SparkOracle2FileStore.py:177} INFO - Should not go in here if table dir exists
[2023-07-11T22:31:52.917+0000] {SparkOracle2FileStore.py:178} INFO - Overwriting table since ForceTable is enabled or directory does not exist, check logs
[2023-07-11T22:31:52.917+0000] {logging_mixin.py:149} INFO - Error in writing dataframe:'NoneType' object has no attribute 'write'
[2023-07-11T22:31:52.917+0000] {SparkOracle2FileStore.py:196} INFO - Error Processing Table PR_LRS.IEVS_FF_MEDS:'NoneType' object has no attribute 'unpersist'
[2023-07-11T22:31:52.917+0000] {SparkOracle2FileStore.py:92} INFO - processing 2 out of 19
[2023-07-11T22:31:52.917+0000] {logging_mixin.py:149} INFO - Attempting to get lowest value by column ID on table PR_LRS.COLLAB_CONTRACT
[2023-07-11T22:31:52.917+0000] {logging_mixin.py:149} INFO - Attempting to read oracle table by query...
[2023-07-11T22:31:52.917+0000] {clientserver.py:543} INFO - Closing down clientserver connection
[2023-07-11T22:31:52.917+0000] {logging_mixin.py:149} INFO - Error in reading oracle table by query: [Errno 111] Connection refused
[2023-07-11T22:31:52.917+0000] {clientserver.py:543} INFO - Closing down clientserver connection
[2023-07-11T22:31:52.917+0000] {logging_mixin.py:149} INFO - Could not get min count: 'NoneType' object has no attribute 'head'
[2023-07-11T22:31:52.917+0000] {logging_mixin.py:149} INFO - Attempting to get max value by column ID on table PR_LRS.COLLAB_CONTRACT
[2023-07-11T22:31:52.917+0000] {logging_mixin.py:149} INFO - Attempting to read oracle table by query...
[2023-07-11T22:31:52.917+0000] {clientserver.py:543} INFO - Closing down clientserver connection
[2023-07-11T22:31:52.917+0000] {logging_mixin.py:149} INFO - Error in reading oracle table by query: [Errno 111] Connection refused
[2023-07-11T22:31:52.917+0000] {clientserver.py:543} INFO - Closing down clientserver connection
[2023-07-11T22:31:52.917+0000] {logging_mixin.py:149} INFO - Could not get max count: 'NoneType' object has no attribute 'head'
[2023-07-11T22:31:52.917+0000] {SparkOracle2FileStore.py:102} INFO - could not reliablily get upper and lower bounds of table PR_LRS.COLLAB_CONTRACT, reading without partition 
[2023-07-11T22:31:52.917+0000] {logging_mixin.py:149} INFO - Attempting to read oracle table...
[2023-07-11T22:31:52.917+0000] {clientserver.py:543} INFO - Closing down clientserver connection
[2023-07-11T22:31:52.917+0000] {logging_mixin.py:149} INFO - Read on oracle table failed: [Errno 111] Connection refused
[2023-07-11T22:31:52.917+0000] {clientserver.py:543} INFO - Closing down clientserver connection
[2023-07-11T22:31:52.917+0000] {SparkOracle2FileStore.py:112} INFO - Filter Processor Disabled
[2023-07-11T22:31:52.917+0000] {logging_mixin.py:149} INFO - Attempting to read oracle rowcount by query...
[2023-07-11T22:31:52.917+0000] {clientserver.py:543} INFO - Closing down clientserver connection
[2023-07-11T22:31:52.917+0000] {logging_mixin.py:149} INFO - Error in reading oracle table by rowcount: [Errno 111] Connection refused
[2023-07-11T22:31:52.917+0000] {clientserver.py:543} INFO - Closing down clientserver connection
[2023-07-11T22:31:52.918+0000] {SparkOracle2FileStore.py:115} INFO - None
[2023-07-11T22:31:52.918+0000] {logging_mixin.py:149} INFO - Attempting to read oracle rowcount by query...
[2023-07-11T22:31:52.918+0000] {clientserver.py:543} INFO - Closing down clientserver connection
[2023-07-11T22:31:52.918+0000] {logging_mixin.py:149} INFO - Error in reading oracle table by rowcount: [Errno 111] Connection refused
[2023-07-11T22:31:52.918+0000] {clientserver.py:543} INFO - Closing down clientserver connection
[2023-07-11T22:31:52.918+0000] {logging_mixin.py:149} INFO - Checking if directory exists:/home/nicholas/dev/output/COLLAB_CONTRACT
[2023-07-11T22:31:52.918+0000] {logging_mixin.py:149} INFO - Returning True
[2023-07-11T22:31:52.918+0000] {SparkOracle2FileStore.py:177} INFO - Should not go in here if table dir exists
[2023-07-11T22:31:52.918+0000] {SparkOracle2FileStore.py:178} INFO - Overwriting table since ForceTable is enabled or directory does not exist, check logs
[2023-07-11T22:31:52.918+0000] {logging_mixin.py:149} INFO - Error in writing dataframe:'NoneType' object has no attribute 'write'
[2023-07-11T22:31:52.918+0000] {SparkOracle2FileStore.py:196} INFO - Error Processing Table PR_LRS.COLLAB_CONTRACT:'NoneType' object has no attribute 'unpersist'
[2023-07-11T22:31:52.918+0000] {SparkOracle2FileStore.py:92} INFO - processing 2 out of 19
[2023-07-11T22:31:52.918+0000] {logging_mixin.py:149} INFO - Attempting to get lowest value by column ID on table PR_LRS.WDTIP_APPRCH_CLOCK
[2023-07-11T22:31:52.918+0000] {logging_mixin.py:149} INFO - Attempting to read oracle table by query...
[2023-07-11T22:31:52.918+0000] {clientserver.py:543} INFO - Closing down clientserver connection
[2023-07-11T22:31:52.918+0000] {logging_mixin.py:149} INFO - Error in reading oracle table by query: [Errno 111] Connection refused
[2023-07-11T22:31:52.918+0000] {clientserver.py:543} INFO - Closing down clientserver connection
[2023-07-11T22:31:52.918+0000] {logging_mixin.py:149} INFO - Could not get min count: 'NoneType' object has no attribute 'head'
[2023-07-11T22:31:52.918+0000] {logging_mixin.py:149} INFO - Attempting to get max value by column ID on table PR_LRS.WDTIP_APPRCH_CLOCK
[2023-07-11T22:31:52.918+0000] {logging_mixin.py:149} INFO - Attempting to read oracle table by query...
[2023-07-11T22:31:52.918+0000] {clientserver.py:543} INFO - Closing down clientserver connection
[2023-07-11T22:31:52.918+0000] {logging_mixin.py:149} INFO - Error in reading oracle table by query: [Errno 111] Connection refused
[2023-07-11T22:31:52.918+0000] {clientserver.py:543} INFO - Closing down clientserver connection
[2023-07-11T22:31:52.918+0000] {logging_mixin.py:149} INFO - Could not get max count: 'NoneType' object has no attribute 'head'
[2023-07-11T22:31:52.919+0000] {SparkOracle2FileStore.py:102} INFO - could not reliablily get upper and lower bounds of table PR_LRS.WDTIP_APPRCH_CLOCK, reading without partition 
[2023-07-11T22:31:52.919+0000] {logging_mixin.py:149} INFO - Attempting to read oracle table...
[2023-07-11T22:31:52.919+0000] {clientserver.py:543} INFO - Closing down clientserver connection
[2023-07-11T22:31:52.919+0000] {logging_mixin.py:149} INFO - Read on oracle table failed: [Errno 111] Connection refused
[2023-07-11T22:31:52.919+0000] {clientserver.py:543} INFO - Closing down clientserver connection
[2023-07-11T22:31:52.919+0000] {SparkOracle2FileStore.py:112} INFO - Filter Processor Disabled
[2023-07-11T22:31:52.919+0000] {logging_mixin.py:149} INFO - Attempting to read oracle rowcount by query...
[2023-07-11T22:31:52.919+0000] {clientserver.py:543} INFO - Closing down clientserver connection
[2023-07-11T22:31:52.919+0000] {logging_mixin.py:149} INFO - Error in reading oracle table by rowcount: [Errno 111] Connection refused
[2023-07-11T22:31:52.919+0000] {clientserver.py:543} INFO - Closing down clientserver connection
[2023-07-11T22:31:52.919+0000] {SparkOracle2FileStore.py:115} INFO - None
[2023-07-11T22:31:52.919+0000] {logging_mixin.py:149} INFO - Attempting to read oracle rowcount by query...
[2023-07-11T22:31:52.919+0000] {clientserver.py:543} INFO - Closing down clientserver connection
[2023-07-11T22:31:52.919+0000] {logging_mixin.py:149} INFO - Error in reading oracle table by rowcount: [Errno 111] Connection refused
[2023-07-11T22:31:52.919+0000] {clientserver.py:543} INFO - Closing down clientserver connection
[2023-07-11T22:31:52.919+0000] {logging_mixin.py:149} INFO - Checking if directory exists:/home/nicholas/dev/output/WDTIP_APPRCH_CLOCK
[2023-07-11T22:31:52.919+0000] {logging_mixin.py:149} INFO - Returning True
[2023-07-11T22:31:52.919+0000] {SparkOracle2FileStore.py:177} INFO - Should not go in here if table dir exists
[2023-07-11T22:31:52.919+0000] {SparkOracle2FileStore.py:178} INFO - Overwriting table since ForceTable is enabled or directory does not exist, check logs
[2023-07-11T22:31:52.919+0000] {logging_mixin.py:149} INFO - Error in writing dataframe:'NoneType' object has no attribute 'write'
[2023-07-11T22:31:52.919+0000] {SparkOracle2FileStore.py:196} INFO - Error Processing Table PR_LRS.WDTIP_APPRCH_CLOCK:'NoneType' object has no attribute 'unpersist'
[2023-07-11T22:31:52.919+0000] {SparkOracle2FileStore.py:92} INFO - processing 2 out of 19
[2023-07-11T22:31:52.919+0000] {logging_mixin.py:149} INFO - Attempting to get lowest value by column ID on table PR_LRS.EXTRNL_STAFF_COUNTY_STAT
[2023-07-11T22:31:52.919+0000] {logging_mixin.py:149} INFO - Attempting to read oracle table by query...
[2023-07-11T22:31:52.920+0000] {clientserver.py:543} INFO - Closing down clientserver connection
[2023-07-11T22:31:52.920+0000] {logging_mixin.py:149} INFO - Error in reading oracle table by query: [Errno 111] Connection refused
[2023-07-11T22:31:52.920+0000] {clientserver.py:543} INFO - Closing down clientserver connection
[2023-07-11T22:31:52.920+0000] {logging_mixin.py:149} INFO - Could not get min count: 'NoneType' object has no attribute 'head'
[2023-07-11T22:31:52.920+0000] {logging_mixin.py:149} INFO - Attempting to get max value by column ID on table PR_LRS.EXTRNL_STAFF_COUNTY_STAT
[2023-07-11T22:31:52.920+0000] {logging_mixin.py:149} INFO - Attempting to read oracle table by query...
[2023-07-11T22:31:52.920+0000] {clientserver.py:543} INFO - Closing down clientserver connection
[2023-07-11T22:31:52.920+0000] {logging_mixin.py:149} INFO - Error in reading oracle table by query: [Errno 111] Connection refused
[2023-07-11T22:31:52.920+0000] {clientserver.py:543} INFO - Closing down clientserver connection
[2023-07-11T22:31:52.920+0000] {logging_mixin.py:149} INFO - Could not get max count: 'NoneType' object has no attribute 'head'
[2023-07-11T22:31:52.920+0000] {SparkOracle2FileStore.py:102} INFO - could not reliablily get upper and lower bounds of table PR_LRS.EXTRNL_STAFF_COUNTY_STAT, reading without partition 
[2023-07-11T22:31:52.920+0000] {logging_mixin.py:149} INFO - Attempting to read oracle table...
[2023-07-11T22:31:52.920+0000] {clientserver.py:543} INFO - Closing down clientserver connection
[2023-07-11T22:31:52.920+0000] {logging_mixin.py:149} INFO - Read on oracle table failed: [Errno 111] Connection refused
[2023-07-11T22:31:52.920+0000] {clientserver.py:543} INFO - Closing down clientserver connection
[2023-07-11T22:31:52.920+0000] {SparkOracle2FileStore.py:112} INFO - Filter Processor Disabled
[2023-07-11T22:31:52.920+0000] {logging_mixin.py:149} INFO - Attempting to read oracle rowcount by query...
[2023-07-11T22:31:52.920+0000] {clientserver.py:543} INFO - Closing down clientserver connection
[2023-07-11T22:31:52.920+0000] {logging_mixin.py:149} INFO - Error in reading oracle table by rowcount: [Errno 111] Connection refused
[2023-07-11T22:31:52.920+0000] {clientserver.py:543} INFO - Closing down clientserver connection
[2023-07-11T22:31:52.920+0000] {SparkOracle2FileStore.py:115} INFO - None
[2023-07-11T22:31:52.920+0000] {logging_mixin.py:149} INFO - Attempting to read oracle rowcount by query...
[2023-07-11T22:31:52.920+0000] {clientserver.py:543} INFO - Closing down clientserver connection
[2023-07-11T22:31:52.920+0000] {logging_mixin.py:149} INFO - Error in reading oracle table by rowcount: [Errno 111] Connection refused
[2023-07-11T22:31:52.920+0000] {clientserver.py:543} INFO - Closing down clientserver connection
[2023-07-11T22:31:52.920+0000] {logging_mixin.py:149} INFO - Checking if directory exists:/home/nicholas/dev/output/EXTRNL_STAFF_COUNTY_STAT
[2023-07-11T22:31:52.920+0000] {logging_mixin.py:149} INFO - Returning True
[2023-07-11T22:31:52.920+0000] {SparkOracle2FileStore.py:177} INFO - Should not go in here if table dir exists
[2023-07-11T22:31:52.921+0000] {SparkOracle2FileStore.py:178} INFO - Overwriting table since ForceTable is enabled or directory does not exist, check logs
[2023-07-11T22:31:52.921+0000] {logging_mixin.py:149} INFO - Error in writing dataframe:'NoneType' object has no attribute 'write'
[2023-07-11T22:31:52.921+0000] {SparkOracle2FileStore.py:196} INFO - Error Processing Table PR_LRS.EXTRNL_STAFF_COUNTY_STAT:'NoneType' object has no attribute 'unpersist'
[2023-07-11T22:31:52.921+0000] {SparkOracle2FileStore.py:92} INFO - processing 2 out of 19
[2023-07-11T22:31:52.921+0000] {logging_mixin.py:149} INFO - Attempting to get lowest value by column ID on table PR_LRS.VEND_IDENTIF
[2023-07-11T22:31:52.921+0000] {logging_mixin.py:149} INFO - Attempting to read oracle table by query...
[2023-07-11T22:31:52.921+0000] {clientserver.py:543} INFO - Closing down clientserver connection
[2023-07-11T22:31:52.921+0000] {logging_mixin.py:149} INFO - Error in reading oracle table by query: [Errno 111] Connection refused
[2023-07-11T22:31:52.921+0000] {clientserver.py:543} INFO - Closing down clientserver connection
[2023-07-11T22:31:52.921+0000] {logging_mixin.py:149} INFO - Could not get min count: 'NoneType' object has no attribute 'head'
[2023-07-11T22:31:52.921+0000] {logging_mixin.py:149} INFO - Attempting to get max value by column ID on table PR_LRS.VEND_IDENTIF
[2023-07-11T22:31:52.921+0000] {logging_mixin.py:149} INFO - Attempting to read oracle table by query...
[2023-07-11T22:31:52.921+0000] {clientserver.py:543} INFO - Closing down clientserver connection
[2023-07-11T22:31:52.921+0000] {logging_mixin.py:149} INFO - Error in reading oracle table by query: [Errno 111] Connection refused
[2023-07-11T22:31:52.921+0000] {clientserver.py:543} INFO - Closing down clientserver connection
[2023-07-11T22:31:52.921+0000] {logging_mixin.py:149} INFO - Could not get max count: 'NoneType' object has no attribute 'head'
[2023-07-11T22:31:52.921+0000] {SparkOracle2FileStore.py:102} INFO - could not reliablily get upper and lower bounds of table PR_LRS.VEND_IDENTIF, reading without partition 
[2023-07-11T22:31:52.921+0000] {logging_mixin.py:149} INFO - Attempting to read oracle table...
[2023-07-11T22:31:52.921+0000] {clientserver.py:543} INFO - Closing down clientserver connection
[2023-07-11T22:31:52.921+0000] {logging_mixin.py:149} INFO - Read on oracle table failed: [Errno 111] Connection refused
[2023-07-11T22:31:52.921+0000] {clientserver.py:543} INFO - Closing down clientserver connection
[2023-07-11T22:31:52.921+0000] {SparkOracle2FileStore.py:112} INFO - Filter Processor Disabled
[2023-07-11T22:31:52.921+0000] {logging_mixin.py:149} INFO - Attempting to read oracle rowcount by query...
[2023-07-11T22:31:52.921+0000] {clientserver.py:543} INFO - Closing down clientserver connection
[2023-07-11T22:31:52.921+0000] {logging_mixin.py:149} INFO - Error in reading oracle table by rowcount: [Errno 111] Connection refused
[2023-07-11T22:31:52.921+0000] {clientserver.py:543} INFO - Closing down clientserver connection
[2023-07-11T22:31:52.922+0000] {SparkOracle2FileStore.py:115} INFO - None
[2023-07-11T22:31:52.922+0000] {logging_mixin.py:149} INFO - Attempting to read oracle rowcount by query...
[2023-07-11T22:31:52.922+0000] {clientserver.py:543} INFO - Closing down clientserver connection
[2023-07-11T22:31:52.922+0000] {logging_mixin.py:149} INFO - Error in reading oracle table by rowcount: [Errno 111] Connection refused
[2023-07-11T22:31:52.922+0000] {clientserver.py:543} INFO - Closing down clientserver connection
[2023-07-11T22:31:52.922+0000] {logging_mixin.py:149} INFO - Checking if directory exists:/home/nicholas/dev/output/VEND_IDENTIF
[2023-07-11T22:31:52.922+0000] {logging_mixin.py:149} INFO - Returning True
[2023-07-11T22:31:52.922+0000] {SparkOracle2FileStore.py:177} INFO - Should not go in here if table dir exists
[2023-07-11T22:31:52.922+0000] {SparkOracle2FileStore.py:178} INFO - Overwriting table since ForceTable is enabled or directory does not exist, check logs
[2023-07-11T22:31:52.922+0000] {logging_mixin.py:149} INFO - Error in writing dataframe:'NoneType' object has no attribute 'write'
[2023-07-11T22:31:52.922+0000] {SparkOracle2FileStore.py:196} INFO - Error Processing Table PR_LRS.VEND_IDENTIF:'NoneType' object has no attribute 'unpersist'
[2023-07-11T22:31:52.922+0000] {SparkOracle2FileStore.py:92} INFO - processing 2 out of 19
[2023-07-11T22:31:52.922+0000] {logging_mixin.py:149} INFO - Attempting to get lowest value by column ID on table PR_LRS.OCAT_PERS
[2023-07-11T22:31:52.922+0000] {logging_mixin.py:149} INFO - Attempting to read oracle table by query...
[2023-07-11T22:31:52.922+0000] {clientserver.py:543} INFO - Closing down clientserver connection
[2023-07-11T22:31:52.922+0000] {logging_mixin.py:149} INFO - Error in reading oracle table by query: [Errno 111] Connection refused
[2023-07-11T22:31:52.922+0000] {clientserver.py:543} INFO - Closing down clientserver connection
[2023-07-11T22:31:52.922+0000] {logging_mixin.py:149} INFO - Could not get min count: 'NoneType' object has no attribute 'head'
[2023-07-11T22:31:52.922+0000] {logging_mixin.py:149} INFO - Attempting to get max value by column ID on table PR_LRS.OCAT_PERS
[2023-07-11T22:31:52.922+0000] {logging_mixin.py:149} INFO - Attempting to read oracle table by query...
[2023-07-11T22:31:52.922+0000] {clientserver.py:543} INFO - Closing down clientserver connection
[2023-07-11T22:31:52.922+0000] {logging_mixin.py:149} INFO - Error in reading oracle table by query: [Errno 111] Connection refused
[2023-07-11T22:31:52.922+0000] {clientserver.py:543} INFO - Closing down clientserver connection
[2023-07-11T22:31:52.922+0000] {logging_mixin.py:149} INFO - Could not get max count: 'NoneType' object has no attribute 'head'
[2023-07-11T22:31:52.922+0000] {SparkOracle2FileStore.py:102} INFO - could not reliablily get upper and lower bounds of table PR_LRS.OCAT_PERS, reading without partition 
[2023-07-11T22:31:52.922+0000] {logging_mixin.py:149} INFO - Attempting to read oracle table...
[2023-07-11T22:31:52.922+0000] {clientserver.py:543} INFO - Closing down clientserver connection
[2023-07-11T22:31:52.923+0000] {logging_mixin.py:149} INFO - Read on oracle table failed: [Errno 111] Connection refused
[2023-07-11T22:31:52.923+0000] {clientserver.py:543} INFO - Closing down clientserver connection
[2023-07-11T22:31:52.923+0000] {SparkOracle2FileStore.py:112} INFO - Filter Processor Disabled
[2023-07-11T22:31:52.923+0000] {logging_mixin.py:149} INFO - Attempting to read oracle rowcount by query...
[2023-07-11T22:31:52.923+0000] {clientserver.py:543} INFO - Closing down clientserver connection
[2023-07-11T22:31:52.923+0000] {logging_mixin.py:149} INFO - Error in reading oracle table by rowcount: [Errno 111] Connection refused
[2023-07-11T22:31:52.923+0000] {clientserver.py:543} INFO - Closing down clientserver connection
[2023-07-11T22:31:52.923+0000] {SparkOracle2FileStore.py:115} INFO - None
[2023-07-11T22:31:52.923+0000] {logging_mixin.py:149} INFO - Attempting to read oracle rowcount by query...
[2023-07-11T22:31:52.923+0000] {clientserver.py:543} INFO - Closing down clientserver connection
[2023-07-11T22:31:52.923+0000] {logging_mixin.py:149} INFO - Error in reading oracle table by rowcount: [Errno 111] Connection refused
[2023-07-11T22:31:52.923+0000] {clientserver.py:543} INFO - Closing down clientserver connection
[2023-07-11T22:31:52.923+0000] {logging_mixin.py:149} INFO - Checking if directory exists:/home/nicholas/dev/output/OCAT_PERS
[2023-07-11T22:31:52.923+0000] {logging_mixin.py:149} INFO - Returning True
[2023-07-11T22:31:52.923+0000] {SparkOracle2FileStore.py:177} INFO - Should not go in here if table dir exists
[2023-07-11T22:31:52.923+0000] {SparkOracle2FileStore.py:178} INFO - Overwriting table since ForceTable is enabled or directory does not exist, check logs
[2023-07-11T22:31:52.923+0000] {logging_mixin.py:149} INFO - Error in writing dataframe:'NoneType' object has no attribute 'write'
[2023-07-11T22:31:52.923+0000] {SparkOracle2FileStore.py:196} INFO - Error Processing Table PR_LRS.OCAT_PERS:'NoneType' object has no attribute 'unpersist'
[2023-07-11T22:31:52.923+0000] {SparkOracle2FileStore.py:92} INFO - processing 2 out of 19
[2023-07-11T22:31:52.923+0000] {logging_mixin.py:149} INFO - Attempting to get lowest value by column HST_ID on table PR_LRS.MEDS_ALERT_CONFIG_HST
[2023-07-11T22:31:52.923+0000] {logging_mixin.py:149} INFO - Attempting to read oracle table by query...
[2023-07-11T22:31:52.923+0000] {clientserver.py:543} INFO - Closing down clientserver connection
[2023-07-11T22:31:52.923+0000] {logging_mixin.py:149} INFO - Error in reading oracle table by query: [Errno 111] Connection refused
[2023-07-11T22:31:52.923+0000] {clientserver.py:543} INFO - Closing down clientserver connection
[2023-07-11T22:31:52.923+0000] {logging_mixin.py:149} INFO - Could not get min count: 'NoneType' object has no attribute 'head'
[2023-07-11T22:31:52.923+0000] {logging_mixin.py:149} INFO - Attempting to get max value by column HST_ID on table PR_LRS.MEDS_ALERT_CONFIG_HST
[2023-07-11T22:31:52.923+0000] {logging_mixin.py:149} INFO - Attempting to read oracle table by query...
[2023-07-11T22:31:52.923+0000] {clientserver.py:543} INFO - Closing down clientserver connection
[2023-07-11T22:31:52.924+0000] {logging_mixin.py:149} INFO - Error in reading oracle table by query: [Errno 111] Connection refused
[2023-07-11T22:31:52.924+0000] {clientserver.py:543} INFO - Closing down clientserver connection
[2023-07-11T22:31:52.924+0000] {logging_mixin.py:149} INFO - Could not get max count: 'NoneType' object has no attribute 'head'
[2023-07-11T22:31:52.924+0000] {SparkOracle2FileStore.py:102} INFO - could not reliablily get upper and lower bounds of table PR_LRS.MEDS_ALERT_CONFIG_HST, reading without partition 
[2023-07-11T22:31:52.924+0000] {logging_mixin.py:149} INFO - Attempting to read oracle table...
[2023-07-11T22:31:52.924+0000] {clientserver.py:543} INFO - Closing down clientserver connection
[2023-07-11T22:31:52.924+0000] {logging_mixin.py:149} INFO - Read on oracle table failed: [Errno 111] Connection refused
[2023-07-11T22:31:52.924+0000] {clientserver.py:543} INFO - Closing down clientserver connection
[2023-07-11T22:31:52.924+0000] {SparkOracle2FileStore.py:112} INFO - Filter Processor Disabled
[2023-07-11T22:31:52.924+0000] {logging_mixin.py:149} INFO - Attempting to read oracle rowcount by query...
[2023-07-11T22:31:52.924+0000] {clientserver.py:543} INFO - Closing down clientserver connection
[2023-07-11T22:31:52.924+0000] {logging_mixin.py:149} INFO - Error in reading oracle table by rowcount: [Errno 111] Connection refused
[2023-07-11T22:31:52.924+0000] {clientserver.py:543} INFO - Closing down clientserver connection
[2023-07-11T22:31:52.924+0000] {SparkOracle2FileStore.py:115} INFO - None
[2023-07-11T22:31:52.924+0000] {logging_mixin.py:149} INFO - Attempting to read oracle rowcount by query...
[2023-07-11T22:31:52.924+0000] {clientserver.py:543} INFO - Closing down clientserver connection
[2023-07-11T22:31:52.924+0000] {logging_mixin.py:149} INFO - Error in reading oracle table by rowcount: [Errno 111] Connection refused
[2023-07-11T22:31:52.924+0000] {clientserver.py:543} INFO - Closing down clientserver connection
[2023-07-11T22:31:52.924+0000] {logging_mixin.py:149} INFO - Checking if directory exists:/home/nicholas/dev/output/MEDS_ALERT_CONFIG_HST
[2023-07-11T22:31:52.924+0000] {logging_mixin.py:149} INFO - Returning True
[2023-07-11T22:31:52.924+0000] {SparkOracle2FileStore.py:177} INFO - Should not go in here if table dir exists
[2023-07-11T22:31:52.924+0000] {SparkOracle2FileStore.py:178} INFO - Overwriting table since ForceTable is enabled or directory does not exist, check logs
[2023-07-11T22:31:52.924+0000] {logging_mixin.py:149} INFO - Error in writing dataframe:'NoneType' object has no attribute 'write'
[2023-07-11T22:31:52.924+0000] {SparkOracle2FileStore.py:196} INFO - Error Processing Table PR_LRS.MEDS_ALERT_CONFIG_HST:'NoneType' object has no attribute 'unpersist'
[2023-07-11T22:31:52.924+0000] {SparkOracle2FileStore.py:92} INFO - processing 2 out of 19
[2023-07-11T22:31:52.924+0000] {logging_mixin.py:149} INFO - Attempting to get lowest value by column ID on table PR_LRS.WPR_SAMPLE_CASE
[2023-07-11T22:31:52.924+0000] {logging_mixin.py:149} INFO - Attempting to read oracle table by query...
[2023-07-11T22:31:52.925+0000] {clientserver.py:543} INFO - Closing down clientserver connection
[2023-07-11T22:31:52.925+0000] {logging_mixin.py:149} INFO - Error in reading oracle table by query: [Errno 111] Connection refused
[2023-07-11T22:31:52.925+0000] {clientserver.py:543} INFO - Closing down clientserver connection
[2023-07-11T22:31:52.925+0000] {logging_mixin.py:149} INFO - Could not get min count: 'NoneType' object has no attribute 'head'
[2023-07-11T22:31:52.925+0000] {logging_mixin.py:149} INFO - Attempting to get max value by column ID on table PR_LRS.WPR_SAMPLE_CASE
[2023-07-11T22:31:52.925+0000] {logging_mixin.py:149} INFO - Attempting to read oracle table by query...
[2023-07-11T22:31:52.925+0000] {clientserver.py:543} INFO - Closing down clientserver connection
[2023-07-11T22:31:52.925+0000] {logging_mixin.py:149} INFO - Error in reading oracle table by query: [Errno 111] Connection refused
[2023-07-11T22:31:52.925+0000] {clientserver.py:543} INFO - Closing down clientserver connection
[2023-07-11T22:31:52.925+0000] {logging_mixin.py:149} INFO - Could not get max count: 'NoneType' object has no attribute 'head'
[2023-07-11T22:31:52.925+0000] {SparkOracle2FileStore.py:102} INFO - could not reliablily get upper and lower bounds of table PR_LRS.WPR_SAMPLE_CASE, reading without partition 
[2023-07-11T22:31:52.925+0000] {logging_mixin.py:149} INFO - Attempting to read oracle table...
[2023-07-11T22:31:52.925+0000] {clientserver.py:543} INFO - Closing down clientserver connection
[2023-07-11T22:31:52.925+0000] {logging_mixin.py:149} INFO - Read on oracle table failed: [Errno 111] Connection refused
[2023-07-11T22:31:52.925+0000] {clientserver.py:543} INFO - Closing down clientserver connection
[2023-07-11T22:31:52.925+0000] {SparkOracle2FileStore.py:112} INFO - Filter Processor Disabled
[2023-07-11T22:31:52.925+0000] {logging_mixin.py:149} INFO - Attempting to read oracle rowcount by query...
[2023-07-11T22:31:52.925+0000] {clientserver.py:543} INFO - Closing down clientserver connection
[2023-07-11T22:31:52.925+0000] {logging_mixin.py:149} INFO - Error in reading oracle table by rowcount: [Errno 111] Connection refused
[2023-07-11T22:31:52.925+0000] {clientserver.py:543} INFO - Closing down clientserver connection
[2023-07-11T22:31:52.925+0000] {SparkOracle2FileStore.py:115} INFO - None
[2023-07-11T22:31:52.925+0000] {logging_mixin.py:149} INFO - Attempting to read oracle rowcount by query...
[2023-07-11T22:31:52.925+0000] {clientserver.py:543} INFO - Closing down clientserver connection
[2023-07-11T22:31:52.925+0000] {logging_mixin.py:149} INFO - Error in reading oracle table by rowcount: [Errno 111] Connection refused
[2023-07-11T22:31:52.925+0000] {clientserver.py:543} INFO - Closing down clientserver connection
[2023-07-11T22:31:52.925+0000] {logging_mixin.py:149} INFO - Checking if directory exists:/home/nicholas/dev/output/WPR_SAMPLE_CASE
[2023-07-11T22:31:52.925+0000] {logging_mixin.py:149} INFO - Returning True
[2023-07-11T22:31:52.925+0000] {SparkOracle2FileStore.py:177} INFO - Should not go in here if table dir exists
[2023-07-11T22:31:52.926+0000] {SparkOracle2FileStore.py:178} INFO - Overwriting table since ForceTable is enabled or directory does not exist, check logs
[2023-07-11T22:31:52.926+0000] {logging_mixin.py:149} INFO - Error in writing dataframe:'NoneType' object has no attribute 'write'
[2023-07-11T22:31:52.926+0000] {SparkOracle2FileStore.py:196} INFO - Error Processing Table PR_LRS.WPR_SAMPLE_CASE:'NoneType' object has no attribute 'unpersist'
[2023-07-11T22:31:52.926+0000] {SparkOracle2FileStore.py:92} INFO - processing 2 out of 19
[2023-07-11T22:31:52.926+0000] {logging_mixin.py:149} INFO - Attempting to get lowest value by column ID on table PR_LRS.PERS_TIME_TRACK_DETL
[2023-07-11T22:31:52.926+0000] {logging_mixin.py:149} INFO - Attempting to read oracle table by query...
[2023-07-11T22:31:52.926+0000] {clientserver.py:543} INFO - Closing down clientserver connection
[2023-07-11T22:31:52.926+0000] {logging_mixin.py:149} INFO - Error in reading oracle table by query: [Errno 111] Connection refused
[2023-07-11T22:31:52.926+0000] {clientserver.py:543} INFO - Closing down clientserver connection
[2023-07-11T22:31:52.926+0000] {logging_mixin.py:149} INFO - Could not get min count: 'NoneType' object has no attribute 'head'
[2023-07-11T22:31:52.926+0000] {logging_mixin.py:149} INFO - Attempting to get max value by column ID on table PR_LRS.PERS_TIME_TRACK_DETL
[2023-07-11T22:31:52.926+0000] {logging_mixin.py:149} INFO - Attempting to read oracle table by query...
[2023-07-11T22:31:52.926+0000] {clientserver.py:543} INFO - Closing down clientserver connection
[2023-07-11T22:31:52.926+0000] {logging_mixin.py:149} INFO - Error in reading oracle table by query: [Errno 111] Connection refused
[2023-07-11T22:31:52.926+0000] {clientserver.py:543} INFO - Closing down clientserver connection
[2023-07-11T22:31:52.926+0000] {logging_mixin.py:149} INFO - Could not get max count: 'NoneType' object has no attribute 'head'
[2023-07-11T22:31:52.926+0000] {SparkOracle2FileStore.py:102} INFO - could not reliablily get upper and lower bounds of table PR_LRS.PERS_TIME_TRACK_DETL, reading without partition 
[2023-07-11T22:31:52.926+0000] {logging_mixin.py:149} INFO - Attempting to read oracle table...
[2023-07-11T22:31:52.926+0000] {clientserver.py:543} INFO - Closing down clientserver connection
[2023-07-11T22:31:52.926+0000] {logging_mixin.py:149} INFO - Read on oracle table failed: [Errno 111] Connection refused
[2023-07-11T22:31:52.926+0000] {clientserver.py:543} INFO - Closing down clientserver connection
[2023-07-11T22:31:52.926+0000] {SparkOracle2FileStore.py:112} INFO - Filter Processor Disabled
[2023-07-11T22:31:52.926+0000] {logging_mixin.py:149} INFO - Attempting to read oracle rowcount by query...
[2023-07-11T22:31:52.926+0000] {clientserver.py:543} INFO - Closing down clientserver connection
[2023-07-11T22:31:52.926+0000] {logging_mixin.py:149} INFO - Error in reading oracle table by rowcount: [Errno 111] Connection refused
[2023-07-11T22:31:52.926+0000] {clientserver.py:543} INFO - Closing down clientserver connection
[2023-07-11T22:31:52.926+0000] {SparkOracle2FileStore.py:115} INFO - None
[2023-07-11T22:31:52.926+0000] {logging_mixin.py:149} INFO - Attempting to read oracle rowcount by query...
[2023-07-11T22:31:52.927+0000] {clientserver.py:543} INFO - Closing down clientserver connection
[2023-07-11T22:31:52.927+0000] {logging_mixin.py:149} INFO - Error in reading oracle table by rowcount: [Errno 111] Connection refused
[2023-07-11T22:31:52.927+0000] {clientserver.py:543} INFO - Closing down clientserver connection
[2023-07-11T22:31:52.927+0000] {logging_mixin.py:149} INFO - Checking if directory exists:/home/nicholas/dev/output/PERS_TIME_TRACK_DETL
[2023-07-11T22:31:52.927+0000] {logging_mixin.py:149} INFO - Returning True
[2023-07-11T22:31:52.927+0000] {SparkOracle2FileStore.py:177} INFO - Should not go in here if table dir exists
[2023-07-11T22:31:52.927+0000] {SparkOracle2FileStore.py:178} INFO - Overwriting table since ForceTable is enabled or directory does not exist, check logs
[2023-07-11T22:31:52.927+0000] {logging_mixin.py:149} INFO - Error in writing dataframe:'NoneType' object has no attribute 'write'
[2023-07-11T22:31:52.927+0000] {SparkOracle2FileStore.py:196} INFO - Error Processing Table PR_LRS.PERS_TIME_TRACK_DETL:'NoneType' object has no attribute 'unpersist'
[2023-07-11T22:31:52.927+0000] {python.py:183} INFO - Done. Returned value was: None
[2023-07-11T22:31:52.932+0000] {taskinstance.py:1345} INFO - Marking task as SUCCESS. dag_id=Oracle_to_Filestore_Concurrent, task_id=execute_task2, execution_date=20230711T223110, start_date=20230711T223112, end_date=20230711T223152
[2023-07-11T22:31:52.983+0000] {process_utils.py:79} INFO - Process psutil.Process(pid=71, status='terminated', exitcode=0, started='22:31:12') (71) terminated with exit code 0
[2023-07-11T22:31:52.984+0000] {process_utils.py:79} INFO - Process psutil.Process(pid=73, status='terminated', started='22:31:12') (73) terminated with exit code None
