[2023-06-09T20:44:37.838+0000] {taskinstance.py:1103} INFO - Dependencies all met for dep_context=non-requeueable deps ti=<TaskInstance: wrapper_ex_dag.execute_function_task manual__2023-06-09T20:39:32.410345+00:00 [queued]>
[2023-06-09T20:44:37.842+0000] {taskinstance.py:1103} INFO - Dependencies all met for dep_context=requeueable deps ti=<TaskInstance: wrapper_ex_dag.execute_function_task manual__2023-06-09T20:39:32.410345+00:00 [queued]>
[2023-06-09T20:44:37.842+0000] {taskinstance.py:1308} INFO - Starting attempt 2 of 2
[2023-06-09T20:44:37.849+0000] {taskinstance.py:1327} INFO - Executing <Task(_PythonDecoratedOperator): execute_function_task> on 2023-06-09 20:39:32.410345+00:00
[2023-06-09T20:44:37.852+0000] {standard_task_runner.py:57} INFO - Started process 564 to run task
[2023-06-09T20:44:37.854+0000] {standard_task_runner.py:84} INFO - Running: ['***', 'tasks', 'run', 'wrapper_ex_dag', 'execute_function_task', 'manual__2023-06-09T20:39:32.410345+00:00', '--job-id', '258', '--raw', '--subdir', 'DAGS_FOLDER/Python-Delta-Lake/custom_dags/WrapperDag.py', '--cfg-path', '/tmp/tmp1b3revzq']
[2023-06-09T20:44:37.856+0000] {standard_task_runner.py:85} INFO - Job 258: Subtask execute_function_task
[2023-06-09T20:44:37.881+0000] {task_command.py:410} INFO - Running <TaskInstance: wrapper_ex_dag.execute_function_task manual__2023-06-09T20:39:32.410345+00:00 [running]> on host c712b1d8680f
[2023-06-09T20:44:37.935+0000] {taskinstance.py:1545} INFO - Exporting env vars: AIRFLOW_CTX_DAG_EMAIL='phomsophaN@saccounty.net' AIRFLOW_CTX_DAG_OWNER='***' AIRFLOW_CTX_DAG_ID='wrapper_ex_dag' AIRFLOW_CTX_TASK_ID='execute_function_task' AIRFLOW_CTX_EXECUTION_DATE='2023-06-09T20:39:32.410345+00:00' AIRFLOW_CTX_TRY_NUMBER='2' AIRFLOW_CTX_DAG_RUN_ID='manual__2023-06-09T20:39:32.410345+00:00'
[2023-06-09T20:44:37.935+0000] {CsvDagWrapper.py:22} INFO - CSV Delta Class Initialted
[2023-06-09T20:44:37.935+0000] {logging_mixin.py:149} INFO - Environment successfully parsed! Environment is Local
[2023-06-09T20:44:37.936+0000] {CsvDagWrapper.py:39} INFO - Environment successfully parsed! Environment is Local
[2023-06-09T20:44:37.936+0000] {logging_mixin.py:149} INFO - Table/s successfully parsed! Table:  ['CASE', 'CASE_PERS', 'PGM']
[2023-06-09T20:44:37.936+0000] {CsvDagWrapper.py:44} INFO - Table/s successfully parsed! Table:  ['CASE', 'CASE_PERS', 'PGM']
[2023-06-09T20:44:37.936+0000] {logging_mixin.py:149} INFO - Number of tables to be processed = 3
[2023-06-09T20:44:37.936+0000] {logging_mixin.py:149} INFO - TABLE_NAME IN ('CASE', 'CASE_PERS', 'PGM')
[2023-06-09T20:44:37.936+0000] {CsvDagWrapper.py:60} INFO - Works so far....
[2023-06-09T20:44:39.629+0000] {CsvDagWrapper.py:63} INFO - test
[2023-06-09T20:44:39.672+0000] {logging_mixin.py:149} INFO - This program loads CSV files into Local Delta Store!
[2023-06-09T20:44:39.676+0000] {logging_mixin.py:149} INFO - Task Ran successfully so far....
[2023-06-09T20:44:39.677+0000] {logging_mixin.py:149} INFO - ---------------------------------------------------------------------------------------------------------------------------------------
[2023-06-09T20:44:39.677+0000] {logging_mixin.py:149} INFO - Working on calsaws.CASE
[2023-06-09T20:44:41.764+0000] {logging_mixin.py:149} INFO - Database 'calsaws' not found
[2023-06-09T20:44:41.772+0000] {logging_mixin.py:149} INFO - Good Bye!
[2023-06-09T20:44:41.773+0000] {taskinstance.py:1824} ERROR - Task failed with exception
Traceback (most recent call last):
  File "/home/airflow/.local/lib/python3.10/site-packages/airflow/decorators/base.py", line 220, in execute
    return_value = super().execute(context)
  File "/home/airflow/.local/lib/python3.10/site-packages/airflow/operators/python.py", line 181, in execute
    return_value = self.execute_callable()
  File "/home/airflow/.local/lib/python3.10/site-packages/airflow/operators/python.py", line 198, in execute_callable
    return self.python_callable(*self.op_args, **self.op_kwargs)
  File "/opt/airflow/dags/Python-Delta-Lake/custom_dags/WrapperDag.py", line 46, in execute_function_task
    task.RunCsvToDelta("Local",["CASE","CASE_PERS","PGM"],False)
  File "/opt/airflow/dags/Python-Delta-Lake/Csv2Delta/CsvDagWrapper.py", line 104, in RunCsvToDelta
    for row in sql_cursor_1:
pyodbc.ProgrammingError: Attempt to use a closed cursor.
[2023-06-09T20:44:41.778+0000] {taskinstance.py:1345} INFO - Marking task as FAILED. dag_id=wrapper_ex_dag, task_id=execute_function_task, execution_date=20230609T203932, start_date=20230609T204437, end_date=20230609T204441
[2023-06-09T20:44:41.786+0000] {standard_task_runner.py:104} ERROR - Failed to execute job 258 for task execute_function_task (Attempt to use a closed cursor.; 564)
[2023-06-09T20:44:41.798+0000] {local_task_job_runner.py:225} INFO - Task exited with return code 1
[2023-06-09T20:44:41.807+0000] {taskinstance.py:2651} INFO - 0 downstream tasks scheduled from follow-on schedule check
