[2023-06-17T17:00:01.359+0000] {taskinstance.py:1103} INFO - Dependencies all met for dep_context=non-requeueable deps ti=<TaskInstance: wrapper_ex_dag.execute_function_task scheduled__2023-06-17T16:00:00+00:00 [queued]>
[2023-06-17T17:00:01.363+0000] {taskinstance.py:1103} INFO - Dependencies all met for dep_context=requeueable deps ti=<TaskInstance: wrapper_ex_dag.execute_function_task scheduled__2023-06-17T16:00:00+00:00 [queued]>
[2023-06-17T17:00:01.363+0000] {taskinstance.py:1308} INFO - Starting attempt 1 of 2
[2023-06-17T17:00:01.369+0000] {taskinstance.py:1327} INFO - Executing <Task(_PythonDecoratedOperator): execute_function_task> on 2023-06-17 16:00:00+00:00
[2023-06-17T17:00:01.372+0000] {standard_task_runner.py:57} INFO - Started process 17504 to run task
[2023-06-17T17:00:01.374+0000] {standard_task_runner.py:84} INFO - Running: ['***', 'tasks', 'run', 'wrapper_ex_dag', 'execute_function_task', 'scheduled__2023-06-17T16:00:00+00:00', '--job-id', '344', '--raw', '--subdir', 'DAGS_FOLDER/Python-Delta-Lake/custom_dags/WrapperDag.py', '--cfg-path', '/tmp/tmphvj56qv3']
[2023-06-17T17:00:01.376+0000] {standard_task_runner.py:85} INFO - Job 344: Subtask execute_function_task
[2023-06-17T17:00:01.399+0000] {task_command.py:410} INFO - Running <TaskInstance: wrapper_ex_dag.execute_function_task scheduled__2023-06-17T16:00:00+00:00 [running]> on host 5b82e9d75fca
[2023-06-17T17:00:01.436+0000] {taskinstance.py:1545} INFO - Exporting env vars: AIRFLOW_CTX_DAG_EMAIL='phomsophaN@saccounty.net' AIRFLOW_CTX_DAG_OWNER='***' AIRFLOW_CTX_DAG_ID='wrapper_ex_dag' AIRFLOW_CTX_TASK_ID='execute_function_task' AIRFLOW_CTX_EXECUTION_DATE='2023-06-17T16:00:00+00:00' AIRFLOW_CTX_TRY_NUMBER='1' AIRFLOW_CTX_DAG_RUN_ID='scheduled__2023-06-17T16:00:00+00:00'
[2023-06-17T17:00:01.436+0000] {CsvDagWrapper.py:22} INFO - CSV Delta Class Initialted
[2023-06-17T17:00:01.436+0000] {logging_mixin.py:149} INFO - Environment successfully parsed! Environment is Local
[2023-06-17T17:00:01.436+0000] {CsvDagWrapper.py:39} INFO - Environment successfully parsed! Environment is Local
[2023-06-17T17:00:01.436+0000] {logging_mixin.py:149} INFO - Table/s successfully parsed! Table:  ['CASE', 'PTR']
[2023-06-17T17:00:01.436+0000] {CsvDagWrapper.py:44} INFO - Table/s successfully parsed! Table:  ['CASE', 'PTR']
[2023-06-17T17:00:01.437+0000] {logging_mixin.py:149} INFO - Number of tables to be processed = 2
[2023-06-17T17:00:01.437+0000] {logging_mixin.py:149} INFO - TABLE_NAME IN ('CASE', 'PTR')
[2023-06-17T17:00:01.437+0000] {CsvDagWrapper.py:60} INFO - Works so far....
[2023-06-17T17:00:03.107+0000] {CsvDagWrapper.py:63} INFO - test
[2023-06-17T17:00:03.150+0000] {logging_mixin.py:149} INFO - This program loads CSV files into Local Delta Store!
[2023-06-17T17:00:03.158+0000] {logging_mixin.py:149} INFO - Task Ran successfully so far....
[2023-06-17T17:00:03.158+0000] {logging_mixin.py:149} INFO - ---------------------------------------------------------------------------------------------------------------------------------------
[2023-06-17T17:00:03.158+0000] {logging_mixin.py:149} INFO - Working on calsaws.CASE
[2023-06-17T17:00:05.187+0000] {logging_mixin.py:149} INFO - Database 'calsaws' not found
[2023-06-17T17:00:05.271+0000] {logging_mixin.py:149} INFO - Good Bye!
[2023-06-17T17:00:05.272+0000] {python.py:183} INFO - Done. Returned value was: None
[2023-06-17T17:00:05.280+0000] {taskinstance.py:1345} INFO - Marking task as SUCCESS. dag_id=wrapper_ex_dag, task_id=execute_function_task, execution_date=20230617T160000, start_date=20230617T170001, end_date=20230617T170005
[2023-06-17T17:00:05.319+0000] {local_task_job_runner.py:225} INFO - Task exited with return code 0
[2023-06-17T17:00:05.327+0000] {taskinstance.py:2651} INFO - 0 downstream tasks scheduled from follow-on schedule check
