[2023-06-08T18:31:10.087+0000] {taskinstance.py:1103} INFO - Dependencies all met for dep_context=non-requeueable deps ti=<TaskInstance: wrapper_ex_dag.execute_function_task manual__2023-06-08T18:31:08.900047+00:00 [queued]>
[2023-06-08T18:31:10.091+0000] {taskinstance.py:1103} INFO - Dependencies all met for dep_context=requeueable deps ti=<TaskInstance: wrapper_ex_dag.execute_function_task manual__2023-06-08T18:31:08.900047+00:00 [queued]>
[2023-06-08T18:31:10.091+0000] {taskinstance.py:1308} INFO - Starting attempt 1 of 2
[2023-06-08T18:31:10.098+0000] {taskinstance.py:1327} INFO - Executing <Task(_PythonDecoratedOperator): execute_function_task> on 2023-06-08 18:31:08.900047+00:00
[2023-06-08T18:31:10.101+0000] {standard_task_runner.py:57} INFO - Started process 60 to run task
[2023-06-08T18:31:10.103+0000] {standard_task_runner.py:84} INFO - Running: ['***', 'tasks', 'run', 'wrapper_ex_dag', 'execute_function_task', 'manual__2023-06-08T18:31:08.900047+00:00', '--job-id', '240', '--raw', '--subdir', 'DAGS_FOLDER/Python-Delta-Lake/custom_dags/WrapperDag.py', '--cfg-path', '/tmp/tmpwguey50v']
[2023-06-08T18:31:10.104+0000] {standard_task_runner.py:85} INFO - Job 240: Subtask execute_function_task
[2023-06-08T18:31:10.130+0000] {task_command.py:410} INFO - Running <TaskInstance: wrapper_ex_dag.execute_function_task manual__2023-06-08T18:31:08.900047+00:00 [running]> on host c712b1d8680f
[2023-06-08T18:31:10.170+0000] {taskinstance.py:1545} INFO - Exporting env vars: AIRFLOW_CTX_DAG_EMAIL='phomsophaN@saccounty.net' AIRFLOW_CTX_DAG_OWNER='***' AIRFLOW_CTX_DAG_ID='wrapper_ex_dag' AIRFLOW_CTX_TASK_ID='execute_function_task' AIRFLOW_CTX_EXECUTION_DATE='2023-06-08T18:31:08.900047+00:00' AIRFLOW_CTX_TRY_NUMBER='1' AIRFLOW_CTX_DAG_RUN_ID='manual__2023-06-08T18:31:08.900047+00:00'
[2023-06-08T18:31:10.171+0000] {logging_mixin.py:149} INFO - CSV Delta Class Initialted
[2023-06-08T18:31:10.171+0000] {CsvDagWrapper.py:22} INFO - CSV Delta Class Initialted
[2023-06-08T18:31:10.171+0000] {logging_mixin.py:149} INFO - Environment successfully parsed! Environment is Local
[2023-06-08T18:31:10.171+0000] {CsvDagWrapper.py:28} INFO - Environment successfully parsed! Environment is Local
[2023-06-08T18:31:10.171+0000] {logging_mixin.py:149} INFO - Table/s successfully parsed! Table:  CASE
[2023-06-08T18:31:10.171+0000] {CsvDagWrapper.py:33} INFO - Table/s successfully parsed! Table:  CASE
[2023-06-08T18:31:10.171+0000] {CsvDagWrapper.py:35} INFO - Works so far....
[2023-06-08T18:31:12.417+0000] {logging_mixin.py:149} INFO - Stopping Spark App
[2023-06-08T18:31:12.417+0000] {CsvDagWrapper.py:38} INFO - test
[2023-06-08T18:31:12.445+0000] {warnings.py:109} WARNING - /opt/***/dags/Python-Delta-Lake/Csv2Delta/CsvDagWrapper.py:67: UserWarning: pandas only supports SQLAlchemy connectable (engine/connection) or database string URI or sqlite3 DBAPI2 connection. Other DBAPI2 objects are not tested. Please consider using SQLAlchemy.
  df = pd.read_sql(read_log_query,sql_connection_1)

[2023-06-08T18:31:12.450+0000] {logging_mixin.py:149} INFO - (100, 9)
[2023-06-08T18:31:12.450+0000] {logging_mixin.py:149} INFO - Task Ran successfully so far....
[2023-06-08T18:31:12.451+0000] {python.py:183} INFO - Done. Returned value was: None
[2023-06-08T18:31:12.458+0000] {taskinstance.py:1345} INFO - Marking task as SUCCESS. dag_id=wrapper_ex_dag, task_id=execute_function_task, execution_date=20230608T183108, start_date=20230608T183110, end_date=20230608T183112
[2023-06-08T18:31:12.481+0000] {local_task_job_runner.py:225} INFO - Task exited with return code 0
[2023-06-08T18:31:12.490+0000] {taskinstance.py:2651} INFO - 0 downstream tasks scheduled from follow-on schedule check
