[2023-06-28T23:28:06.254+0000] {processor.py:157} INFO - Started process (PID=28) to work on /opt/airflow/dags/Python-Delta-Lake/Dags/Oracle2CsvDag.py
[2023-06-28T23:28:06.254+0000] {processor.py:826} INFO - Processing file /opt/airflow/dags/Python-Delta-Lake/Dags/Oracle2CsvDag.py for tasks to queue
[2023-06-28T23:28:06.254+0000] {logging_mixin.py:149} INFO - [2023-06-28T23:28:06.254+0000] {dagbag.py:541} INFO - Filling up the DagBag from /opt/airflow/dags/Python-Delta-Lake/Dags/Oracle2CsvDag.py
[2023-06-28T23:28:06.264+0000] {processor.py:836} INFO - DAG(s) dict_keys(['wrapper_ex_dag']) retrieved from /opt/airflow/dags/Python-Delta-Lake/Dags/Oracle2CsvDag.py
[2023-06-28T23:28:06.292+0000] {logging_mixin.py:149} INFO - [2023-06-28T23:28:06.292+0000] {dag.py:2726} INFO - Sync 1 DAGs
[2023-06-28T23:28:06.336+0000] {logging_mixin.py:149} INFO - [2023-06-28T23:28:06.336+0000] {dag.py:3486} INFO - Setting next_dagrun for wrapper_ex_dag to 2023-06-28T22:00:00+00:00, run_after=2023-06-28T23:00:00+00:00
[2023-06-28T23:28:06.379+0000] {processor.py:179} INFO - Processing /opt/airflow/dags/Python-Delta-Lake/Dags/Oracle2CsvDag.py took 0.127 seconds
[2023-06-28T23:28:36.650+0000] {processor.py:157} INFO - Started process (PID=82) to work on /opt/airflow/dags/Python-Delta-Lake/Dags/Oracle2CsvDag.py
[2023-06-28T23:28:36.650+0000] {processor.py:826} INFO - Processing file /opt/airflow/dags/Python-Delta-Lake/Dags/Oracle2CsvDag.py for tasks to queue
[2023-06-28T23:28:36.651+0000] {logging_mixin.py:149} INFO - [2023-06-28T23:28:36.651+0000] {dagbag.py:541} INFO - Filling up the DagBag from /opt/airflow/dags/Python-Delta-Lake/Dags/Oracle2CsvDag.py
[2023-06-28T23:28:36.657+0000] {processor.py:836} INFO - DAG(s) dict_keys(['wrapper_ex_dag']) retrieved from /opt/airflow/dags/Python-Delta-Lake/Dags/Oracle2CsvDag.py
[2023-06-28T23:28:36.665+0000] {logging_mixin.py:149} INFO - [2023-06-28T23:28:36.665+0000] {dag.py:2726} INFO - Sync 1 DAGs
[2023-06-28T23:28:36.677+0000] {logging_mixin.py:149} INFO - [2023-06-28T23:28:36.677+0000] {dag.py:3486} INFO - Setting next_dagrun for wrapper_ex_dag to 2023-06-28T23:00:00+00:00, run_after=2023-06-29T00:00:00+00:00
[2023-06-28T23:28:36.687+0000] {processor.py:179} INFO - Processing /opt/airflow/dags/Python-Delta-Lake/Dags/Oracle2CsvDag.py took 0.039 seconds
[2023-06-28T23:29:07.050+0000] {processor.py:157} INFO - Started process (PID=116) to work on /opt/airflow/dags/Python-Delta-Lake/Dags/Oracle2CsvDag.py
[2023-06-28T23:29:07.050+0000] {processor.py:826} INFO - Processing file /opt/airflow/dags/Python-Delta-Lake/Dags/Oracle2CsvDag.py for tasks to queue
[2023-06-28T23:29:07.051+0000] {logging_mixin.py:149} INFO - [2023-06-28T23:29:07.051+0000] {dagbag.py:541} INFO - Filling up the DagBag from /opt/airflow/dags/Python-Delta-Lake/Dags/Oracle2CsvDag.py
[2023-06-28T23:29:07.057+0000] {processor.py:836} INFO - DAG(s) dict_keys(['wrapper_ex_dag']) retrieved from /opt/airflow/dags/Python-Delta-Lake/Dags/Oracle2CsvDag.py
[2023-06-28T23:29:07.086+0000] {logging_mixin.py:149} INFO - [2023-06-28T23:29:07.086+0000] {dag.py:2726} INFO - Sync 1 DAGs
[2023-06-28T23:29:07.096+0000] {logging_mixin.py:149} INFO - [2023-06-28T23:29:07.096+0000] {dag.py:3486} INFO - Setting next_dagrun for wrapper_ex_dag to 2023-06-28T23:00:00+00:00, run_after=2023-06-29T00:00:00+00:00
[2023-06-28T23:29:07.106+0000] {processor.py:179} INFO - Processing /opt/airflow/dags/Python-Delta-Lake/Dags/Oracle2CsvDag.py took 0.058 seconds
[2023-06-28T23:29:37.515+0000] {processor.py:157} INFO - Started process (PID=150) to work on /opt/airflow/dags/Python-Delta-Lake/Dags/Oracle2CsvDag.py
[2023-06-28T23:29:37.515+0000] {processor.py:826} INFO - Processing file /opt/airflow/dags/Python-Delta-Lake/Dags/Oracle2CsvDag.py for tasks to queue
[2023-06-28T23:29:37.515+0000] {logging_mixin.py:149} INFO - [2023-06-28T23:29:37.515+0000] {dagbag.py:541} INFO - Filling up the DagBag from /opt/airflow/dags/Python-Delta-Lake/Dags/Oracle2CsvDag.py
[2023-06-28T23:29:37.522+0000] {processor.py:836} INFO - DAG(s) dict_keys(['wrapper_ex_dag']) retrieved from /opt/airflow/dags/Python-Delta-Lake/Dags/Oracle2CsvDag.py
[2023-06-28T23:29:37.537+0000] {logging_mixin.py:149} INFO - [2023-06-28T23:29:37.537+0000] {dag.py:2726} INFO - Sync 1 DAGs
[2023-06-28T23:29:37.549+0000] {logging_mixin.py:149} INFO - [2023-06-28T23:29:37.549+0000] {dag.py:3486} INFO - Setting next_dagrun for wrapper_ex_dag to 2023-06-28T23:00:00+00:00, run_after=2023-06-29T00:00:00+00:00
[2023-06-28T23:29:37.561+0000] {processor.py:179} INFO - Processing /opt/airflow/dags/Python-Delta-Lake/Dags/Oracle2CsvDag.py took 0.048 seconds
[2023-06-28T23:30:07.976+0000] {processor.py:157} INFO - Started process (PID=184) to work on /opt/airflow/dags/Python-Delta-Lake/Dags/Oracle2CsvDag.py
[2023-06-28T23:30:07.977+0000] {processor.py:826} INFO - Processing file /opt/airflow/dags/Python-Delta-Lake/Dags/Oracle2CsvDag.py for tasks to queue
[2023-06-28T23:30:07.977+0000] {logging_mixin.py:149} INFO - [2023-06-28T23:30:07.977+0000] {dagbag.py:541} INFO - Filling up the DagBag from /opt/airflow/dags/Python-Delta-Lake/Dags/Oracle2CsvDag.py
[2023-06-28T23:30:07.985+0000] {processor.py:836} INFO - DAG(s) dict_keys(['wrapper_ex_dag']) retrieved from /opt/airflow/dags/Python-Delta-Lake/Dags/Oracle2CsvDag.py
[2023-06-28T23:30:07.993+0000] {logging_mixin.py:149} INFO - [2023-06-28T23:30:07.993+0000] {dag.py:2726} INFO - Sync 1 DAGs
[2023-06-28T23:30:08.008+0000] {logging_mixin.py:149} INFO - [2023-06-28T23:30:08.008+0000] {dag.py:3486} INFO - Setting next_dagrun for wrapper_ex_dag to 2023-06-28T23:00:00+00:00, run_after=2023-06-29T00:00:00+00:00
[2023-06-28T23:30:08.019+0000] {processor.py:179} INFO - Processing /opt/airflow/dags/Python-Delta-Lake/Dags/Oracle2CsvDag.py took 0.045 seconds
[2023-06-28T23:30:38.437+0000] {processor.py:157} INFO - Started process (PID=218) to work on /opt/airflow/dags/Python-Delta-Lake/Dags/Oracle2CsvDag.py
[2023-06-28T23:30:38.438+0000] {processor.py:826} INFO - Processing file /opt/airflow/dags/Python-Delta-Lake/Dags/Oracle2CsvDag.py for tasks to queue
[2023-06-28T23:30:38.439+0000] {logging_mixin.py:149} INFO - [2023-06-28T23:30:38.439+0000] {dagbag.py:541} INFO - Filling up the DagBag from /opt/airflow/dags/Python-Delta-Lake/Dags/Oracle2CsvDag.py
[2023-06-28T23:30:38.445+0000] {processor.py:836} INFO - DAG(s) dict_keys(['wrapper_ex_dag']) retrieved from /opt/airflow/dags/Python-Delta-Lake/Dags/Oracle2CsvDag.py
[2023-06-28T23:30:38.474+0000] {logging_mixin.py:149} INFO - [2023-06-28T23:30:38.474+0000] {dag.py:2726} INFO - Sync 1 DAGs
[2023-06-28T23:30:38.484+0000] {logging_mixin.py:149} INFO - [2023-06-28T23:30:38.484+0000] {dag.py:3486} INFO - Setting next_dagrun for wrapper_ex_dag to 2023-06-28T23:00:00+00:00, run_after=2023-06-29T00:00:00+00:00
[2023-06-28T23:30:38.494+0000] {processor.py:179} INFO - Processing /opt/airflow/dags/Python-Delta-Lake/Dags/Oracle2CsvDag.py took 0.059 seconds
[2023-06-28T23:31:08.849+0000] {processor.py:157} INFO - Started process (PID=252) to work on /opt/airflow/dags/Python-Delta-Lake/Dags/Oracle2CsvDag.py
[2023-06-28T23:31:08.850+0000] {processor.py:826} INFO - Processing file /opt/airflow/dags/Python-Delta-Lake/Dags/Oracle2CsvDag.py for tasks to queue
[2023-06-28T23:31:08.851+0000] {logging_mixin.py:149} INFO - [2023-06-28T23:31:08.850+0000] {dagbag.py:541} INFO - Filling up the DagBag from /opt/airflow/dags/Python-Delta-Lake/Dags/Oracle2CsvDag.py
[2023-06-28T23:31:08.857+0000] {processor.py:836} INFO - DAG(s) dict_keys(['wrapper_ex_dag']) retrieved from /opt/airflow/dags/Python-Delta-Lake/Dags/Oracle2CsvDag.py
[2023-06-28T23:31:08.872+0000] {logging_mixin.py:149} INFO - [2023-06-28T23:31:08.872+0000] {dag.py:2726} INFO - Sync 1 DAGs
[2023-06-28T23:31:08.883+0000] {logging_mixin.py:149} INFO - [2023-06-28T23:31:08.883+0000] {dag.py:3486} INFO - Setting next_dagrun for wrapper_ex_dag to 2023-06-28T23:00:00+00:00, run_after=2023-06-29T00:00:00+00:00
[2023-06-28T23:31:08.894+0000] {processor.py:179} INFO - Processing /opt/airflow/dags/Python-Delta-Lake/Dags/Oracle2CsvDag.py took 0.047 seconds
[2023-06-28T23:31:39.281+0000] {processor.py:157} INFO - Started process (PID=286) to work on /opt/airflow/dags/Python-Delta-Lake/Dags/Oracle2CsvDag.py
[2023-06-28T23:31:39.283+0000] {processor.py:826} INFO - Processing file /opt/airflow/dags/Python-Delta-Lake/Dags/Oracle2CsvDag.py for tasks to queue
[2023-06-28T23:31:39.283+0000] {logging_mixin.py:149} INFO - [2023-06-28T23:31:39.283+0000] {dagbag.py:541} INFO - Filling up the DagBag from /opt/airflow/dags/Python-Delta-Lake/Dags/Oracle2CsvDag.py
[2023-06-28T23:31:39.290+0000] {processor.py:836} INFO - DAG(s) dict_keys(['wrapper_ex_dag']) retrieved from /opt/airflow/dags/Python-Delta-Lake/Dags/Oracle2CsvDag.py
[2023-06-28T23:31:39.297+0000] {logging_mixin.py:149} INFO - [2023-06-28T23:31:39.297+0000] {dag.py:2726} INFO - Sync 1 DAGs
[2023-06-28T23:31:39.310+0000] {logging_mixin.py:149} INFO - [2023-06-28T23:31:39.310+0000] {dag.py:3486} INFO - Setting next_dagrun for wrapper_ex_dag to 2023-06-28T23:00:00+00:00, run_after=2023-06-29T00:00:00+00:00
[2023-06-28T23:31:39.319+0000] {processor.py:179} INFO - Processing /opt/airflow/dags/Python-Delta-Lake/Dags/Oracle2CsvDag.py took 0.039 seconds
[2023-06-28T23:32:09.698+0000] {processor.py:157} INFO - Started process (PID=320) to work on /opt/airflow/dags/Python-Delta-Lake/Dags/Oracle2CsvDag.py
[2023-06-28T23:32:09.699+0000] {processor.py:826} INFO - Processing file /opt/airflow/dags/Python-Delta-Lake/Dags/Oracle2CsvDag.py for tasks to queue
[2023-06-28T23:32:09.699+0000] {logging_mixin.py:149} INFO - [2023-06-28T23:32:09.699+0000] {dagbag.py:541} INFO - Filling up the DagBag from /opt/airflow/dags/Python-Delta-Lake/Dags/Oracle2CsvDag.py
[2023-06-28T23:32:09.705+0000] {processor.py:836} INFO - DAG(s) dict_keys(['wrapper_ex_dag']) retrieved from /opt/airflow/dags/Python-Delta-Lake/Dags/Oracle2CsvDag.py
[2023-06-28T23:32:09.733+0000] {logging_mixin.py:149} INFO - [2023-06-28T23:32:09.733+0000] {dag.py:2726} INFO - Sync 1 DAGs
[2023-06-28T23:32:09.743+0000] {logging_mixin.py:149} INFO - [2023-06-28T23:32:09.743+0000] {dag.py:3486} INFO - Setting next_dagrun for wrapper_ex_dag to 2023-06-28T23:00:00+00:00, run_after=2023-06-29T00:00:00+00:00
[2023-06-28T23:32:09.752+0000] {processor.py:179} INFO - Processing /opt/airflow/dags/Python-Delta-Lake/Dags/Oracle2CsvDag.py took 0.055 seconds
[2023-06-28T23:32:40.191+0000] {processor.py:157} INFO - Started process (PID=354) to work on /opt/airflow/dags/Python-Delta-Lake/Dags/Oracle2CsvDag.py
[2023-06-28T23:32:40.192+0000] {processor.py:826} INFO - Processing file /opt/airflow/dags/Python-Delta-Lake/Dags/Oracle2CsvDag.py for tasks to queue
[2023-06-28T23:32:40.193+0000] {logging_mixin.py:149} INFO - [2023-06-28T23:32:40.193+0000] {dagbag.py:541} INFO - Filling up the DagBag from /opt/airflow/dags/Python-Delta-Lake/Dags/Oracle2CsvDag.py
[2023-06-28T23:32:40.199+0000] {processor.py:836} INFO - DAG(s) dict_keys(['wrapper_ex_dag']) retrieved from /opt/airflow/dags/Python-Delta-Lake/Dags/Oracle2CsvDag.py
[2023-06-28T23:32:40.213+0000] {logging_mixin.py:149} INFO - [2023-06-28T23:32:40.213+0000] {dag.py:2726} INFO - Sync 1 DAGs
[2023-06-28T23:32:40.224+0000] {logging_mixin.py:149} INFO - [2023-06-28T23:32:40.224+0000] {dag.py:3486} INFO - Setting next_dagrun for wrapper_ex_dag to 2023-06-28T23:00:00+00:00, run_after=2023-06-29T00:00:00+00:00
[2023-06-28T23:32:40.232+0000] {processor.py:179} INFO - Processing /opt/airflow/dags/Python-Delta-Lake/Dags/Oracle2CsvDag.py took 0.043 seconds
[2023-06-28T23:33:10.654+0000] {processor.py:157} INFO - Started process (PID=388) to work on /opt/airflow/dags/Python-Delta-Lake/Dags/Oracle2CsvDag.py
[2023-06-28T23:33:10.655+0000] {processor.py:826} INFO - Processing file /opt/airflow/dags/Python-Delta-Lake/Dags/Oracle2CsvDag.py for tasks to queue
[2023-06-28T23:33:10.656+0000] {logging_mixin.py:149} INFO - [2023-06-28T23:33:10.655+0000] {dagbag.py:541} INFO - Filling up the DagBag from /opt/airflow/dags/Python-Delta-Lake/Dags/Oracle2CsvDag.py
[2023-06-28T23:33:10.662+0000] {processor.py:836} INFO - DAG(s) dict_keys(['wrapper_ex_dag']) retrieved from /opt/airflow/dags/Python-Delta-Lake/Dags/Oracle2CsvDag.py
[2023-06-28T23:33:10.669+0000] {logging_mixin.py:149} INFO - [2023-06-28T23:33:10.669+0000] {dag.py:2726} INFO - Sync 1 DAGs
[2023-06-28T23:33:10.681+0000] {logging_mixin.py:149} INFO - [2023-06-28T23:33:10.681+0000] {dag.py:3486} INFO - Setting next_dagrun for wrapper_ex_dag to 2023-06-28T23:00:00+00:00, run_after=2023-06-29T00:00:00+00:00
[2023-06-28T23:33:10.692+0000] {processor.py:179} INFO - Processing /opt/airflow/dags/Python-Delta-Lake/Dags/Oracle2CsvDag.py took 0.040 seconds
[2023-06-28T23:33:41.070+0000] {processor.py:157} INFO - Started process (PID=422) to work on /opt/airflow/dags/Python-Delta-Lake/Dags/Oracle2CsvDag.py
[2023-06-28T23:33:41.072+0000] {processor.py:826} INFO - Processing file /opt/airflow/dags/Python-Delta-Lake/Dags/Oracle2CsvDag.py for tasks to queue
[2023-06-28T23:33:41.072+0000] {logging_mixin.py:149} INFO - [2023-06-28T23:33:41.072+0000] {dagbag.py:541} INFO - Filling up the DagBag from /opt/airflow/dags/Python-Delta-Lake/Dags/Oracle2CsvDag.py
[2023-06-28T23:33:41.078+0000] {processor.py:836} INFO - DAG(s) dict_keys(['wrapper_ex_dag']) retrieved from /opt/airflow/dags/Python-Delta-Lake/Dags/Oracle2CsvDag.py
[2023-06-28T23:33:41.107+0000] {logging_mixin.py:149} INFO - [2023-06-28T23:33:41.106+0000] {dag.py:2726} INFO - Sync 1 DAGs
[2023-06-28T23:33:41.117+0000] {logging_mixin.py:149} INFO - [2023-06-28T23:33:41.117+0000] {dag.py:3486} INFO - Setting next_dagrun for wrapper_ex_dag to 2023-06-28T23:00:00+00:00, run_after=2023-06-29T00:00:00+00:00
[2023-06-28T23:33:41.128+0000] {processor.py:179} INFO - Processing /opt/airflow/dags/Python-Delta-Lake/Dags/Oracle2CsvDag.py took 0.060 seconds
[2023-06-28T23:34:11.540+0000] {processor.py:157} INFO - Started process (PID=456) to work on /opt/airflow/dags/Python-Delta-Lake/Dags/Oracle2CsvDag.py
[2023-06-28T23:34:11.542+0000] {processor.py:826} INFO - Processing file /opt/airflow/dags/Python-Delta-Lake/Dags/Oracle2CsvDag.py for tasks to queue
[2023-06-28T23:34:11.542+0000] {logging_mixin.py:149} INFO - [2023-06-28T23:34:11.542+0000] {dagbag.py:541} INFO - Filling up the DagBag from /opt/airflow/dags/Python-Delta-Lake/Dags/Oracle2CsvDag.py
[2023-06-28T23:34:11.549+0000] {processor.py:836} INFO - DAG(s) dict_keys(['wrapper_ex_dag']) retrieved from /opt/airflow/dags/Python-Delta-Lake/Dags/Oracle2CsvDag.py
[2023-06-28T23:34:11.564+0000] {logging_mixin.py:149} INFO - [2023-06-28T23:34:11.564+0000] {dag.py:2726} INFO - Sync 1 DAGs
[2023-06-28T23:34:11.576+0000] {logging_mixin.py:149} INFO - [2023-06-28T23:34:11.576+0000] {dag.py:3486} INFO - Setting next_dagrun for wrapper_ex_dag to 2023-06-28T23:00:00+00:00, run_after=2023-06-29T00:00:00+00:00
[2023-06-28T23:34:11.587+0000] {processor.py:179} INFO - Processing /opt/airflow/dags/Python-Delta-Lake/Dags/Oracle2CsvDag.py took 0.049 seconds
[2023-06-28T23:34:41.971+0000] {processor.py:157} INFO - Started process (PID=490) to work on /opt/airflow/dags/Python-Delta-Lake/Dags/Oracle2CsvDag.py
[2023-06-28T23:34:41.973+0000] {processor.py:826} INFO - Processing file /opt/airflow/dags/Python-Delta-Lake/Dags/Oracle2CsvDag.py for tasks to queue
[2023-06-28T23:34:41.973+0000] {logging_mixin.py:149} INFO - [2023-06-28T23:34:41.973+0000] {dagbag.py:541} INFO - Filling up the DagBag from /opt/airflow/dags/Python-Delta-Lake/Dags/Oracle2CsvDag.py
[2023-06-28T23:34:41.979+0000] {processor.py:836} INFO - DAG(s) dict_keys(['wrapper_ex_dag']) retrieved from /opt/airflow/dags/Python-Delta-Lake/Dags/Oracle2CsvDag.py
[2023-06-28T23:34:41.986+0000] {logging_mixin.py:149} INFO - [2023-06-28T23:34:41.986+0000] {dag.py:2726} INFO - Sync 1 DAGs
[2023-06-28T23:34:41.998+0000] {logging_mixin.py:149} INFO - [2023-06-28T23:34:41.998+0000] {dag.py:3486} INFO - Setting next_dagrun for wrapper_ex_dag to 2023-06-28T23:00:00+00:00, run_after=2023-06-29T00:00:00+00:00
[2023-06-28T23:34:42.008+0000] {processor.py:179} INFO - Processing /opt/airflow/dags/Python-Delta-Lake/Dags/Oracle2CsvDag.py took 0.039 seconds
[2023-06-28T23:35:12.383+0000] {processor.py:157} INFO - Started process (PID=524) to work on /opt/airflow/dags/Python-Delta-Lake/Dags/Oracle2CsvDag.py
[2023-06-28T23:35:12.384+0000] {processor.py:826} INFO - Processing file /opt/airflow/dags/Python-Delta-Lake/Dags/Oracle2CsvDag.py for tasks to queue
[2023-06-28T23:35:12.385+0000] {logging_mixin.py:149} INFO - [2023-06-28T23:35:12.384+0000] {dagbag.py:541} INFO - Filling up the DagBag from /opt/airflow/dags/Python-Delta-Lake/Dags/Oracle2CsvDag.py
[2023-06-28T23:35:12.391+0000] {processor.py:836} INFO - DAG(s) dict_keys(['wrapper_ex_dag']) retrieved from /opt/airflow/dags/Python-Delta-Lake/Dags/Oracle2CsvDag.py
[2023-06-28T23:35:12.420+0000] {logging_mixin.py:149} INFO - [2023-06-28T23:35:12.420+0000] {dag.py:2726} INFO - Sync 1 DAGs
[2023-06-28T23:35:12.430+0000] {logging_mixin.py:149} INFO - [2023-06-28T23:35:12.430+0000] {dag.py:3486} INFO - Setting next_dagrun for wrapper_ex_dag to 2023-06-28T23:00:00+00:00, run_after=2023-06-29T00:00:00+00:00
[2023-06-28T23:35:12.441+0000] {processor.py:179} INFO - Processing /opt/airflow/dags/Python-Delta-Lake/Dags/Oracle2CsvDag.py took 0.061 seconds
[2023-06-28T23:35:42.856+0000] {processor.py:157} INFO - Started process (PID=558) to work on /opt/airflow/dags/Python-Delta-Lake/Dags/Oracle2CsvDag.py
[2023-06-28T23:35:42.858+0000] {processor.py:826} INFO - Processing file /opt/airflow/dags/Python-Delta-Lake/Dags/Oracle2CsvDag.py for tasks to queue
[2023-06-28T23:35:42.858+0000] {logging_mixin.py:149} INFO - [2023-06-28T23:35:42.858+0000] {dagbag.py:541} INFO - Filling up the DagBag from /opt/airflow/dags/Python-Delta-Lake/Dags/Oracle2CsvDag.py
[2023-06-28T23:35:42.864+0000] {processor.py:836} INFO - DAG(s) dict_keys(['wrapper_ex_dag']) retrieved from /opt/airflow/dags/Python-Delta-Lake/Dags/Oracle2CsvDag.py
[2023-06-28T23:35:42.880+0000] {logging_mixin.py:149} INFO - [2023-06-28T23:35:42.880+0000] {dag.py:2726} INFO - Sync 1 DAGs
[2023-06-28T23:35:42.891+0000] {logging_mixin.py:149} INFO - [2023-06-28T23:35:42.891+0000] {dag.py:3486} INFO - Setting next_dagrun for wrapper_ex_dag to 2023-06-28T23:00:00+00:00, run_after=2023-06-29T00:00:00+00:00
[2023-06-28T23:35:42.902+0000] {processor.py:179} INFO - Processing /opt/airflow/dags/Python-Delta-Lake/Dags/Oracle2CsvDag.py took 0.047 seconds
[2023-06-28T23:36:13.299+0000] {processor.py:157} INFO - Started process (PID=592) to work on /opt/airflow/dags/Python-Delta-Lake/Dags/Oracle2CsvDag.py
[2023-06-28T23:36:13.300+0000] {processor.py:826} INFO - Processing file /opt/airflow/dags/Python-Delta-Lake/Dags/Oracle2CsvDag.py for tasks to queue
[2023-06-28T23:36:13.301+0000] {logging_mixin.py:149} INFO - [2023-06-28T23:36:13.301+0000] {dagbag.py:541} INFO - Filling up the DagBag from /opt/airflow/dags/Python-Delta-Lake/Dags/Oracle2CsvDag.py
[2023-06-28T23:36:13.307+0000] {processor.py:836} INFO - DAG(s) dict_keys(['wrapper_ex_dag']) retrieved from /opt/airflow/dags/Python-Delta-Lake/Dags/Oracle2CsvDag.py
[2023-06-28T23:36:13.315+0000] {logging_mixin.py:149} INFO - [2023-06-28T23:36:13.315+0000] {dag.py:2726} INFO - Sync 1 DAGs
[2023-06-28T23:36:13.328+0000] {logging_mixin.py:149} INFO - [2023-06-28T23:36:13.328+0000] {dag.py:3486} INFO - Setting next_dagrun for wrapper_ex_dag to 2023-06-28T23:00:00+00:00, run_after=2023-06-29T00:00:00+00:00
[2023-06-28T23:36:13.339+0000] {processor.py:179} INFO - Processing /opt/airflow/dags/Python-Delta-Lake/Dags/Oracle2CsvDag.py took 0.042 seconds
[2023-06-28T23:36:43.711+0000] {processor.py:157} INFO - Started process (PID=626) to work on /opt/airflow/dags/Python-Delta-Lake/Dags/Oracle2CsvDag.py
[2023-06-28T23:36:43.712+0000] {processor.py:826} INFO - Processing file /opt/airflow/dags/Python-Delta-Lake/Dags/Oracle2CsvDag.py for tasks to queue
[2023-06-28T23:36:43.712+0000] {logging_mixin.py:149} INFO - [2023-06-28T23:36:43.712+0000] {dagbag.py:541} INFO - Filling up the DagBag from /opt/airflow/dags/Python-Delta-Lake/Dags/Oracle2CsvDag.py
[2023-06-28T23:36:43.719+0000] {processor.py:836} INFO - DAG(s) dict_keys(['wrapper_ex_dag']) retrieved from /opt/airflow/dags/Python-Delta-Lake/Dags/Oracle2CsvDag.py
[2023-06-28T23:36:43.750+0000] {logging_mixin.py:149} INFO - [2023-06-28T23:36:43.750+0000] {dag.py:2726} INFO - Sync 1 DAGs
[2023-06-28T23:36:43.761+0000] {logging_mixin.py:149} INFO - [2023-06-28T23:36:43.761+0000] {dag.py:3486} INFO - Setting next_dagrun for wrapper_ex_dag to 2023-06-28T23:00:00+00:00, run_after=2023-06-29T00:00:00+00:00
[2023-06-28T23:36:43.773+0000] {processor.py:179} INFO - Processing /opt/airflow/dags/Python-Delta-Lake/Dags/Oracle2CsvDag.py took 0.064 seconds
[2023-06-28T23:37:14.126+0000] {processor.py:157} INFO - Started process (PID=660) to work on /opt/airflow/dags/Python-Delta-Lake/Dags/Oracle2CsvDag.py
[2023-06-28T23:37:14.127+0000] {processor.py:826} INFO - Processing file /opt/airflow/dags/Python-Delta-Lake/Dags/Oracle2CsvDag.py for tasks to queue
[2023-06-28T23:37:14.127+0000] {logging_mixin.py:149} INFO - [2023-06-28T23:37:14.127+0000] {dagbag.py:541} INFO - Filling up the DagBag from /opt/airflow/dags/Python-Delta-Lake/Dags/Oracle2CsvDag.py
[2023-06-28T23:37:14.134+0000] {processor.py:836} INFO - DAG(s) dict_keys(['wrapper_ex_dag']) retrieved from /opt/airflow/dags/Python-Delta-Lake/Dags/Oracle2CsvDag.py
[2023-06-28T23:37:14.149+0000] {logging_mixin.py:149} INFO - [2023-06-28T23:37:14.149+0000] {dag.py:2726} INFO - Sync 1 DAGs
[2023-06-28T23:37:14.160+0000] {logging_mixin.py:149} INFO - [2023-06-28T23:37:14.160+0000] {dag.py:3486} INFO - Setting next_dagrun for wrapper_ex_dag to 2023-06-28T23:00:00+00:00, run_after=2023-06-29T00:00:00+00:00
[2023-06-28T23:37:14.170+0000] {processor.py:179} INFO - Processing /opt/airflow/dags/Python-Delta-Lake/Dags/Oracle2CsvDag.py took 0.046 seconds
[2023-06-28T23:37:44.545+0000] {processor.py:157} INFO - Started process (PID=694) to work on /opt/airflow/dags/Python-Delta-Lake/Dags/Oracle2CsvDag.py
[2023-06-28T23:37:44.546+0000] {processor.py:826} INFO - Processing file /opt/airflow/dags/Python-Delta-Lake/Dags/Oracle2CsvDag.py for tasks to queue
[2023-06-28T23:37:44.546+0000] {logging_mixin.py:149} INFO - [2023-06-28T23:37:44.546+0000] {dagbag.py:541} INFO - Filling up the DagBag from /opt/airflow/dags/Python-Delta-Lake/Dags/Oracle2CsvDag.py
[2023-06-28T23:37:44.552+0000] {processor.py:836} INFO - DAG(s) dict_keys(['wrapper_ex_dag']) retrieved from /opt/airflow/dags/Python-Delta-Lake/Dags/Oracle2CsvDag.py
[2023-06-28T23:37:44.559+0000] {logging_mixin.py:149} INFO - [2023-06-28T23:37:44.559+0000] {dag.py:2726} INFO - Sync 1 DAGs
[2023-06-28T23:37:44.572+0000] {logging_mixin.py:149} INFO - [2023-06-28T23:37:44.572+0000] {dag.py:3486} INFO - Setting next_dagrun for wrapper_ex_dag to 2023-06-28T23:00:00+00:00, run_after=2023-06-29T00:00:00+00:00
[2023-06-28T23:37:44.582+0000] {processor.py:179} INFO - Processing /opt/airflow/dags/Python-Delta-Lake/Dags/Oracle2CsvDag.py took 0.039 seconds
[2023-06-28T23:38:15.011+0000] {processor.py:157} INFO - Started process (PID=728) to work on /opt/airflow/dags/Python-Delta-Lake/Dags/Oracle2CsvDag.py
[2023-06-28T23:38:15.013+0000] {processor.py:826} INFO - Processing file /opt/airflow/dags/Python-Delta-Lake/Dags/Oracle2CsvDag.py for tasks to queue
[2023-06-28T23:38:15.013+0000] {logging_mixin.py:149} INFO - [2023-06-28T23:38:15.013+0000] {dagbag.py:541} INFO - Filling up the DagBag from /opt/airflow/dags/Python-Delta-Lake/Dags/Oracle2CsvDag.py
[2023-06-28T23:38:15.019+0000] {processor.py:836} INFO - DAG(s) dict_keys(['wrapper_ex_dag']) retrieved from /opt/airflow/dags/Python-Delta-Lake/Dags/Oracle2CsvDag.py
[2023-06-28T23:38:15.049+0000] {logging_mixin.py:149} INFO - [2023-06-28T23:38:15.049+0000] {dag.py:2726} INFO - Sync 1 DAGs
[2023-06-28T23:38:15.060+0000] {logging_mixin.py:149} INFO - [2023-06-28T23:38:15.060+0000] {dag.py:3486} INFO - Setting next_dagrun for wrapper_ex_dag to 2023-06-28T23:00:00+00:00, run_after=2023-06-29T00:00:00+00:00
[2023-06-28T23:38:15.071+0000] {processor.py:179} INFO - Processing /opt/airflow/dags/Python-Delta-Lake/Dags/Oracle2CsvDag.py took 0.062 seconds
[2023-06-28T23:38:45.466+0000] {processor.py:157} INFO - Started process (PID=762) to work on /opt/airflow/dags/Python-Delta-Lake/Dags/Oracle2CsvDag.py
[2023-06-28T23:38:45.467+0000] {processor.py:826} INFO - Processing file /opt/airflow/dags/Python-Delta-Lake/Dags/Oracle2CsvDag.py for tasks to queue
[2023-06-28T23:38:45.467+0000] {logging_mixin.py:149} INFO - [2023-06-28T23:38:45.467+0000] {dagbag.py:541} INFO - Filling up the DagBag from /opt/airflow/dags/Python-Delta-Lake/Dags/Oracle2CsvDag.py
[2023-06-28T23:38:45.474+0000] {processor.py:836} INFO - DAG(s) dict_keys(['wrapper_ex_dag']) retrieved from /opt/airflow/dags/Python-Delta-Lake/Dags/Oracle2CsvDag.py
[2023-06-28T23:38:45.490+0000] {logging_mixin.py:149} INFO - [2023-06-28T23:38:45.490+0000] {dag.py:2726} INFO - Sync 1 DAGs
[2023-06-28T23:38:45.503+0000] {logging_mixin.py:149} INFO - [2023-06-28T23:38:45.503+0000] {dag.py:3486} INFO - Setting next_dagrun for wrapper_ex_dag to 2023-06-28T23:00:00+00:00, run_after=2023-06-29T00:00:00+00:00
[2023-06-28T23:38:45.516+0000] {processor.py:179} INFO - Processing /opt/airflow/dags/Python-Delta-Lake/Dags/Oracle2CsvDag.py took 0.051 seconds
[2023-06-28T23:39:15.891+0000] {processor.py:157} INFO - Started process (PID=796) to work on /opt/airflow/dags/Python-Delta-Lake/Dags/Oracle2CsvDag.py
[2023-06-28T23:39:15.892+0000] {processor.py:826} INFO - Processing file /opt/airflow/dags/Python-Delta-Lake/Dags/Oracle2CsvDag.py for tasks to queue
[2023-06-28T23:39:15.893+0000] {logging_mixin.py:149} INFO - [2023-06-28T23:39:15.893+0000] {dagbag.py:541} INFO - Filling up the DagBag from /opt/airflow/dags/Python-Delta-Lake/Dags/Oracle2CsvDag.py
[2023-06-28T23:39:15.900+0000] {processor.py:836} INFO - DAG(s) dict_keys(['wrapper_ex_dag']) retrieved from /opt/airflow/dags/Python-Delta-Lake/Dags/Oracle2CsvDag.py
[2023-06-28T23:39:15.907+0000] {logging_mixin.py:149} INFO - [2023-06-28T23:39:15.907+0000] {dag.py:2726} INFO - Sync 1 DAGs
[2023-06-28T23:39:15.920+0000] {logging_mixin.py:149} INFO - [2023-06-28T23:39:15.920+0000] {dag.py:3486} INFO - Setting next_dagrun for wrapper_ex_dag to 2023-06-28T23:00:00+00:00, run_after=2023-06-29T00:00:00+00:00
[2023-06-28T23:39:15.931+0000] {processor.py:179} INFO - Processing /opt/airflow/dags/Python-Delta-Lake/Dags/Oracle2CsvDag.py took 0.042 seconds
[2023-06-28T23:39:46.297+0000] {processor.py:157} INFO - Started process (PID=830) to work on /opt/airflow/dags/Python-Delta-Lake/Dags/Oracle2CsvDag.py
[2023-06-28T23:39:46.298+0000] {processor.py:826} INFO - Processing file /opt/airflow/dags/Python-Delta-Lake/Dags/Oracle2CsvDag.py for tasks to queue
[2023-06-28T23:39:46.298+0000] {logging_mixin.py:149} INFO - [2023-06-28T23:39:46.298+0000] {dagbag.py:541} INFO - Filling up the DagBag from /opt/airflow/dags/Python-Delta-Lake/Dags/Oracle2CsvDag.py
[2023-06-28T23:39:46.305+0000] {processor.py:836} INFO - DAG(s) dict_keys(['wrapper_ex_dag']) retrieved from /opt/airflow/dags/Python-Delta-Lake/Dags/Oracle2CsvDag.py
[2023-06-28T23:39:46.339+0000] {logging_mixin.py:149} INFO - [2023-06-28T23:39:46.339+0000] {dag.py:2726} INFO - Sync 1 DAGs
[2023-06-28T23:39:46.351+0000] {logging_mixin.py:149} INFO - [2023-06-28T23:39:46.351+0000] {dag.py:3486} INFO - Setting next_dagrun for wrapper_ex_dag to 2023-06-28T23:00:00+00:00, run_after=2023-06-29T00:00:00+00:00
[2023-06-28T23:39:46.365+0000] {processor.py:179} INFO - Processing /opt/airflow/dags/Python-Delta-Lake/Dags/Oracle2CsvDag.py took 0.070 seconds
[2023-06-28T23:40:16.768+0000] {processor.py:157} INFO - Started process (PID=864) to work on /opt/airflow/dags/Python-Delta-Lake/Dags/Oracle2CsvDag.py
[2023-06-28T23:40:16.770+0000] {processor.py:826} INFO - Processing file /opt/airflow/dags/Python-Delta-Lake/Dags/Oracle2CsvDag.py for tasks to queue
[2023-06-28T23:40:16.770+0000] {logging_mixin.py:149} INFO - [2023-06-28T23:40:16.770+0000] {dagbag.py:541} INFO - Filling up the DagBag from /opt/airflow/dags/Python-Delta-Lake/Dags/Oracle2CsvDag.py
[2023-06-28T23:40:16.778+0000] {processor.py:836} INFO - DAG(s) dict_keys(['wrapper_ex_dag']) retrieved from /opt/airflow/dags/Python-Delta-Lake/Dags/Oracle2CsvDag.py
[2023-06-28T23:40:16.794+0000] {logging_mixin.py:149} INFO - [2023-06-28T23:40:16.794+0000] {dag.py:2726} INFO - Sync 1 DAGs
[2023-06-28T23:40:16.806+0000] {logging_mixin.py:149} INFO - [2023-06-28T23:40:16.805+0000] {dag.py:3486} INFO - Setting next_dagrun for wrapper_ex_dag to 2023-06-28T23:00:00+00:00, run_after=2023-06-29T00:00:00+00:00
[2023-06-28T23:40:16.815+0000] {processor.py:179} INFO - Processing /opt/airflow/dags/Python-Delta-Lake/Dags/Oracle2CsvDag.py took 0.048 seconds
[2023-06-28T23:40:47.208+0000] {processor.py:157} INFO - Started process (PID=898) to work on /opt/airflow/dags/Python-Delta-Lake/Dags/Oracle2CsvDag.py
[2023-06-28T23:40:47.210+0000] {processor.py:826} INFO - Processing file /opt/airflow/dags/Python-Delta-Lake/Dags/Oracle2CsvDag.py for tasks to queue
[2023-06-28T23:40:47.211+0000] {logging_mixin.py:149} INFO - [2023-06-28T23:40:47.211+0000] {dagbag.py:541} INFO - Filling up the DagBag from /opt/airflow/dags/Python-Delta-Lake/Dags/Oracle2CsvDag.py
[2023-06-28T23:40:47.217+0000] {processor.py:836} INFO - DAG(s) dict_keys(['wrapper_ex_dag']) retrieved from /opt/airflow/dags/Python-Delta-Lake/Dags/Oracle2CsvDag.py
[2023-06-28T23:40:47.225+0000] {logging_mixin.py:149} INFO - [2023-06-28T23:40:47.225+0000] {dag.py:2726} INFO - Sync 1 DAGs
[2023-06-28T23:40:47.237+0000] {logging_mixin.py:149} INFO - [2023-06-28T23:40:47.237+0000] {dag.py:3486} INFO - Setting next_dagrun for wrapper_ex_dag to 2023-06-28T23:00:00+00:00, run_after=2023-06-29T00:00:00+00:00
[2023-06-28T23:40:47.246+0000] {processor.py:179} INFO - Processing /opt/airflow/dags/Python-Delta-Lake/Dags/Oracle2CsvDag.py took 0.039 seconds
[2023-06-28T23:41:17.348+0000] {processor.py:157} INFO - Started process (PID=933) to work on /opt/airflow/dags/Python-Delta-Lake/Dags/Oracle2CsvDag.py
[2023-06-28T23:41:17.349+0000] {processor.py:826} INFO - Processing file /opt/airflow/dags/Python-Delta-Lake/Dags/Oracle2CsvDag.py for tasks to queue
[2023-06-28T23:41:17.349+0000] {logging_mixin.py:149} INFO - [2023-06-28T23:41:17.349+0000] {dagbag.py:541} INFO - Filling up the DagBag from /opt/airflow/dags/Python-Delta-Lake/Dags/Oracle2CsvDag.py
[2023-06-28T23:41:17.357+0000] {processor.py:836} INFO - DAG(s) dict_keys(['wrapper_ex_dag']) retrieved from /opt/airflow/dags/Python-Delta-Lake/Dags/Oracle2CsvDag.py
[2023-06-28T23:41:17.386+0000] {logging_mixin.py:149} INFO - [2023-06-28T23:41:17.386+0000] {dag.py:2726} INFO - Sync 1 DAGs
[2023-06-28T23:41:17.396+0000] {logging_mixin.py:149} INFO - [2023-06-28T23:41:17.396+0000] {dag.py:3486} INFO - Setting next_dagrun for wrapper_ex_dag to 2023-06-28T23:00:00+00:00, run_after=2023-06-29T00:00:00+00:00
[2023-06-28T23:41:17.407+0000] {processor.py:179} INFO - Processing /opt/airflow/dags/Python-Delta-Lake/Dags/Oracle2CsvDag.py took 0.061 seconds
[2023-06-28T23:41:47.748+0000] {processor.py:157} INFO - Started process (PID=966) to work on /opt/airflow/dags/Python-Delta-Lake/Dags/Oracle2CsvDag.py
[2023-06-28T23:41:47.749+0000] {processor.py:826} INFO - Processing file /opt/airflow/dags/Python-Delta-Lake/Dags/Oracle2CsvDag.py for tasks to queue
[2023-06-28T23:41:47.749+0000] {logging_mixin.py:149} INFO - [2023-06-28T23:41:47.749+0000] {dagbag.py:541} INFO - Filling up the DagBag from /opt/airflow/dags/Python-Delta-Lake/Dags/Oracle2CsvDag.py
[2023-06-28T23:41:47.755+0000] {processor.py:836} INFO - DAG(s) dict_keys(['wrapper_ex_dag']) retrieved from /opt/airflow/dags/Python-Delta-Lake/Dags/Oracle2CsvDag.py
[2023-06-28T23:41:47.770+0000] {logging_mixin.py:149} INFO - [2023-06-28T23:41:47.770+0000] {dag.py:2726} INFO - Sync 1 DAGs
[2023-06-28T23:41:47.781+0000] {logging_mixin.py:149} INFO - [2023-06-28T23:41:47.780+0000] {dag.py:3486} INFO - Setting next_dagrun for wrapper_ex_dag to 2023-06-28T23:00:00+00:00, run_after=2023-06-29T00:00:00+00:00
[2023-06-28T23:41:47.791+0000] {processor.py:179} INFO - Processing /opt/airflow/dags/Python-Delta-Lake/Dags/Oracle2CsvDag.py took 0.045 seconds
[2023-06-28T23:42:18.209+0000] {processor.py:157} INFO - Started process (PID=1000) to work on /opt/airflow/dags/Python-Delta-Lake/Dags/Oracle2CsvDag.py
[2023-06-28T23:42:18.210+0000] {processor.py:826} INFO - Processing file /opt/airflow/dags/Python-Delta-Lake/Dags/Oracle2CsvDag.py for tasks to queue
[2023-06-28T23:42:18.211+0000] {logging_mixin.py:149} INFO - [2023-06-28T23:42:18.211+0000] {dagbag.py:541} INFO - Filling up the DagBag from /opt/airflow/dags/Python-Delta-Lake/Dags/Oracle2CsvDag.py
[2023-06-28T23:42:18.218+0000] {processor.py:836} INFO - DAG(s) dict_keys(['wrapper_ex_dag']) retrieved from /opt/airflow/dags/Python-Delta-Lake/Dags/Oracle2CsvDag.py
[2023-06-28T23:42:18.226+0000] {logging_mixin.py:149} INFO - [2023-06-28T23:42:18.226+0000] {dag.py:2726} INFO - Sync 1 DAGs
[2023-06-28T23:42:18.239+0000] {logging_mixin.py:149} INFO - [2023-06-28T23:42:18.239+0000] {dag.py:3486} INFO - Setting next_dagrun for wrapper_ex_dag to 2023-06-28T23:00:00+00:00, run_after=2023-06-29T00:00:00+00:00
[2023-06-28T23:42:18.248+0000] {processor.py:179} INFO - Processing /opt/airflow/dags/Python-Delta-Lake/Dags/Oracle2CsvDag.py took 0.041 seconds
[2023-06-28T23:42:48.664+0000] {processor.py:157} INFO - Started process (PID=1034) to work on /opt/airflow/dags/Python-Delta-Lake/Dags/Oracle2CsvDag.py
[2023-06-28T23:42:48.665+0000] {processor.py:826} INFO - Processing file /opt/airflow/dags/Python-Delta-Lake/Dags/Oracle2CsvDag.py for tasks to queue
[2023-06-28T23:42:48.666+0000] {logging_mixin.py:149} INFO - [2023-06-28T23:42:48.666+0000] {dagbag.py:541} INFO - Filling up the DagBag from /opt/airflow/dags/Python-Delta-Lake/Dags/Oracle2CsvDag.py
[2023-06-28T23:42:48.672+0000] {processor.py:836} INFO - DAG(s) dict_keys(['wrapper_ex_dag']) retrieved from /opt/airflow/dags/Python-Delta-Lake/Dags/Oracle2CsvDag.py
[2023-06-28T23:42:48.704+0000] {logging_mixin.py:149} INFO - [2023-06-28T23:42:48.704+0000] {dag.py:2726} INFO - Sync 1 DAGs
[2023-06-28T23:42:48.715+0000] {logging_mixin.py:149} INFO - [2023-06-28T23:42:48.715+0000] {dag.py:3486} INFO - Setting next_dagrun for wrapper_ex_dag to 2023-06-28T23:00:00+00:00, run_after=2023-06-29T00:00:00+00:00
[2023-06-28T23:42:48.725+0000] {processor.py:179} INFO - Processing /opt/airflow/dags/Python-Delta-Lake/Dags/Oracle2CsvDag.py took 0.063 seconds
[2023-06-28T23:43:19.135+0000] {processor.py:157} INFO - Started process (PID=1068) to work on /opt/airflow/dags/Python-Delta-Lake/Dags/Oracle2CsvDag.py
[2023-06-28T23:43:19.136+0000] {processor.py:826} INFO - Processing file /opt/airflow/dags/Python-Delta-Lake/Dags/Oracle2CsvDag.py for tasks to queue
[2023-06-28T23:43:19.136+0000] {logging_mixin.py:149} INFO - [2023-06-28T23:43:19.136+0000] {dagbag.py:541} INFO - Filling up the DagBag from /opt/airflow/dags/Python-Delta-Lake/Dags/Oracle2CsvDag.py
[2023-06-28T23:43:19.143+0000] {processor.py:836} INFO - DAG(s) dict_keys(['wrapper_ex_dag']) retrieved from /opt/airflow/dags/Python-Delta-Lake/Dags/Oracle2CsvDag.py
[2023-06-28T23:43:19.159+0000] {logging_mixin.py:149} INFO - [2023-06-28T23:43:19.159+0000] {dag.py:2726} INFO - Sync 1 DAGs
[2023-06-28T23:43:19.174+0000] {logging_mixin.py:149} INFO - [2023-06-28T23:43:19.174+0000] {dag.py:3486} INFO - Setting next_dagrun for wrapper_ex_dag to 2023-06-28T23:00:00+00:00, run_after=2023-06-29T00:00:00+00:00
[2023-06-28T23:43:19.186+0000] {processor.py:179} INFO - Processing /opt/airflow/dags/Python-Delta-Lake/Dags/Oracle2CsvDag.py took 0.053 seconds
[2023-06-28T23:43:49.588+0000] {processor.py:157} INFO - Started process (PID=1102) to work on /opt/airflow/dags/Python-Delta-Lake/Dags/Oracle2CsvDag.py
[2023-06-28T23:43:49.589+0000] {processor.py:826} INFO - Processing file /opt/airflow/dags/Python-Delta-Lake/Dags/Oracle2CsvDag.py for tasks to queue
[2023-06-28T23:43:49.590+0000] {logging_mixin.py:149} INFO - [2023-06-28T23:43:49.590+0000] {dagbag.py:541} INFO - Filling up the DagBag from /opt/airflow/dags/Python-Delta-Lake/Dags/Oracle2CsvDag.py
[2023-06-28T23:43:49.596+0000] {processor.py:836} INFO - DAG(s) dict_keys(['wrapper_ex_dag']) retrieved from /opt/airflow/dags/Python-Delta-Lake/Dags/Oracle2CsvDag.py
[2023-06-28T23:43:49.603+0000] {logging_mixin.py:149} INFO - [2023-06-28T23:43:49.603+0000] {dag.py:2726} INFO - Sync 1 DAGs
[2023-06-28T23:43:49.616+0000] {logging_mixin.py:149} INFO - [2023-06-28T23:43:49.616+0000] {dag.py:3486} INFO - Setting next_dagrun for wrapper_ex_dag to 2023-06-28T23:00:00+00:00, run_after=2023-06-29T00:00:00+00:00
[2023-06-28T23:43:49.625+0000] {processor.py:179} INFO - Processing /opt/airflow/dags/Python-Delta-Lake/Dags/Oracle2CsvDag.py took 0.039 seconds
[2023-06-28T23:44:20.007+0000] {processor.py:157} INFO - Started process (PID=1136) to work on /opt/airflow/dags/Python-Delta-Lake/Dags/Oracle2CsvDag.py
[2023-06-28T23:44:20.008+0000] {processor.py:826} INFO - Processing file /opt/airflow/dags/Python-Delta-Lake/Dags/Oracle2CsvDag.py for tasks to queue
[2023-06-28T23:44:20.008+0000] {logging_mixin.py:149} INFO - [2023-06-28T23:44:20.008+0000] {dagbag.py:541} INFO - Filling up the DagBag from /opt/airflow/dags/Python-Delta-Lake/Dags/Oracle2CsvDag.py
[2023-06-28T23:44:20.016+0000] {processor.py:836} INFO - DAG(s) dict_keys(['wrapper_ex_dag']) retrieved from /opt/airflow/dags/Python-Delta-Lake/Dags/Oracle2CsvDag.py
[2023-06-28T23:44:20.047+0000] {logging_mixin.py:149} INFO - [2023-06-28T23:44:20.047+0000] {dag.py:2726} INFO - Sync 1 DAGs
[2023-06-28T23:44:20.058+0000] {logging_mixin.py:149} INFO - [2023-06-28T23:44:20.058+0000] {dag.py:3486} INFO - Setting next_dagrun for wrapper_ex_dag to 2023-06-28T23:00:00+00:00, run_after=2023-06-29T00:00:00+00:00
[2023-06-28T23:44:20.068+0000] {processor.py:179} INFO - Processing /opt/airflow/dags/Python-Delta-Lake/Dags/Oracle2CsvDag.py took 0.063 seconds
[2023-06-28T23:44:50.424+0000] {processor.py:157} INFO - Started process (PID=1170) to work on /opt/airflow/dags/Python-Delta-Lake/Dags/Oracle2CsvDag.py
[2023-06-28T23:44:50.425+0000] {processor.py:826} INFO - Processing file /opt/airflow/dags/Python-Delta-Lake/Dags/Oracle2CsvDag.py for tasks to queue
[2023-06-28T23:44:50.426+0000] {logging_mixin.py:149} INFO - [2023-06-28T23:44:50.426+0000] {dagbag.py:541} INFO - Filling up the DagBag from /opt/airflow/dags/Python-Delta-Lake/Dags/Oracle2CsvDag.py
[2023-06-28T23:44:50.432+0000] {processor.py:836} INFO - DAG(s) dict_keys(['wrapper_ex_dag']) retrieved from /opt/airflow/dags/Python-Delta-Lake/Dags/Oracle2CsvDag.py
[2023-06-28T23:44:50.448+0000] {logging_mixin.py:149} INFO - [2023-06-28T23:44:50.448+0000] {dag.py:2726} INFO - Sync 1 DAGs
[2023-06-28T23:44:50.459+0000] {logging_mixin.py:149} INFO - [2023-06-28T23:44:50.459+0000] {dag.py:3486} INFO - Setting next_dagrun for wrapper_ex_dag to 2023-06-28T23:00:00+00:00, run_after=2023-06-29T00:00:00+00:00
[2023-06-28T23:44:50.469+0000] {processor.py:179} INFO - Processing /opt/airflow/dags/Python-Delta-Lake/Dags/Oracle2CsvDag.py took 0.047 seconds
[2023-06-28T23:45:20.852+0000] {processor.py:157} INFO - Started process (PID=1204) to work on /opt/airflow/dags/Python-Delta-Lake/Dags/Oracle2CsvDag.py
[2023-06-28T23:45:20.853+0000] {processor.py:826} INFO - Processing file /opt/airflow/dags/Python-Delta-Lake/Dags/Oracle2CsvDag.py for tasks to queue
[2023-06-28T23:45:20.853+0000] {logging_mixin.py:149} INFO - [2023-06-28T23:45:20.853+0000] {dagbag.py:541} INFO - Filling up the DagBag from /opt/airflow/dags/Python-Delta-Lake/Dags/Oracle2CsvDag.py
[2023-06-28T23:45:20.860+0000] {processor.py:836} INFO - DAG(s) dict_keys(['wrapper_ex_dag']) retrieved from /opt/airflow/dags/Python-Delta-Lake/Dags/Oracle2CsvDag.py
[2023-06-28T23:45:20.870+0000] {logging_mixin.py:149} INFO - [2023-06-28T23:45:20.870+0000] {dag.py:2726} INFO - Sync 1 DAGs
[2023-06-28T23:45:20.891+0000] {logging_mixin.py:149} INFO - [2023-06-28T23:45:20.891+0000] {dag.py:3486} INFO - Setting next_dagrun for wrapper_ex_dag to 2023-06-28T23:00:00+00:00, run_after=2023-06-29T00:00:00+00:00
[2023-06-28T23:45:20.908+0000] {processor.py:179} INFO - Processing /opt/airflow/dags/Python-Delta-Lake/Dags/Oracle2CsvDag.py took 0.058 seconds
[2023-06-28T23:45:51.297+0000] {processor.py:157} INFO - Started process (PID=1238) to work on /opt/airflow/dags/Python-Delta-Lake/Dags/Oracle2CsvDag.py
[2023-06-28T23:45:51.299+0000] {processor.py:826} INFO - Processing file /opt/airflow/dags/Python-Delta-Lake/Dags/Oracle2CsvDag.py for tasks to queue
[2023-06-28T23:45:51.299+0000] {logging_mixin.py:149} INFO - [2023-06-28T23:45:51.299+0000] {dagbag.py:541} INFO - Filling up the DagBag from /opt/airflow/dags/Python-Delta-Lake/Dags/Oracle2CsvDag.py
[2023-06-28T23:45:51.306+0000] {processor.py:836} INFO - DAG(s) dict_keys(['wrapper_ex_dag']) retrieved from /opt/airflow/dags/Python-Delta-Lake/Dags/Oracle2CsvDag.py
[2023-06-28T23:45:51.337+0000] {logging_mixin.py:149} INFO - [2023-06-28T23:45:51.337+0000] {dag.py:2726} INFO - Sync 1 DAGs
[2023-06-28T23:45:51.347+0000] {logging_mixin.py:149} INFO - [2023-06-28T23:45:51.347+0000] {dag.py:3486} INFO - Setting next_dagrun for wrapper_ex_dag to 2023-06-28T23:00:00+00:00, run_after=2023-06-29T00:00:00+00:00
[2023-06-28T23:45:51.357+0000] {processor.py:179} INFO - Processing /opt/airflow/dags/Python-Delta-Lake/Dags/Oracle2CsvDag.py took 0.062 seconds
[2023-06-28T23:46:21.730+0000] {processor.py:157} INFO - Started process (PID=1272) to work on /opt/airflow/dags/Python-Delta-Lake/Dags/Oracle2CsvDag.py
[2023-06-28T23:46:21.731+0000] {processor.py:826} INFO - Processing file /opt/airflow/dags/Python-Delta-Lake/Dags/Oracle2CsvDag.py for tasks to queue
[2023-06-28T23:46:21.731+0000] {logging_mixin.py:149} INFO - [2023-06-28T23:46:21.731+0000] {dagbag.py:541} INFO - Filling up the DagBag from /opt/airflow/dags/Python-Delta-Lake/Dags/Oracle2CsvDag.py
[2023-06-28T23:46:21.738+0000] {processor.py:836} INFO - DAG(s) dict_keys(['wrapper_ex_dag']) retrieved from /opt/airflow/dags/Python-Delta-Lake/Dags/Oracle2CsvDag.py
[2023-06-28T23:46:21.754+0000] {logging_mixin.py:149} INFO - [2023-06-28T23:46:21.754+0000] {dag.py:2726} INFO - Sync 1 DAGs
[2023-06-28T23:46:21.766+0000] {logging_mixin.py:149} INFO - [2023-06-28T23:46:21.766+0000] {dag.py:3486} INFO - Setting next_dagrun for wrapper_ex_dag to 2023-06-28T23:00:00+00:00, run_after=2023-06-29T00:00:00+00:00
[2023-06-28T23:46:21.775+0000] {processor.py:179} INFO - Processing /opt/airflow/dags/Python-Delta-Lake/Dags/Oracle2CsvDag.py took 0.047 seconds
[2023-06-28T23:46:52.123+0000] {processor.py:157} INFO - Started process (PID=1306) to work on /opt/airflow/dags/Python-Delta-Lake/Dags/Oracle2CsvDag.py
[2023-06-28T23:46:52.124+0000] {processor.py:826} INFO - Processing file /opt/airflow/dags/Python-Delta-Lake/Dags/Oracle2CsvDag.py for tasks to queue
[2023-06-28T23:46:52.124+0000] {logging_mixin.py:149} INFO - [2023-06-28T23:46:52.124+0000] {dagbag.py:541} INFO - Filling up the DagBag from /opt/airflow/dags/Python-Delta-Lake/Dags/Oracle2CsvDag.py
[2023-06-28T23:46:52.130+0000] {processor.py:836} INFO - DAG(s) dict_keys(['wrapper_ex_dag']) retrieved from /opt/airflow/dags/Python-Delta-Lake/Dags/Oracle2CsvDag.py
[2023-06-28T23:46:52.138+0000] {logging_mixin.py:149} INFO - [2023-06-28T23:46:52.138+0000] {dag.py:2726} INFO - Sync 1 DAGs
[2023-06-28T23:46:52.150+0000] {logging_mixin.py:149} INFO - [2023-06-28T23:46:52.150+0000] {dag.py:3486} INFO - Setting next_dagrun for wrapper_ex_dag to 2023-06-28T23:00:00+00:00, run_after=2023-06-29T00:00:00+00:00
[2023-06-28T23:46:52.160+0000] {processor.py:179} INFO - Processing /opt/airflow/dags/Python-Delta-Lake/Dags/Oracle2CsvDag.py took 0.039 seconds
[2023-06-28T23:47:22.540+0000] {processor.py:157} INFO - Started process (PID=1340) to work on /opt/airflow/dags/Python-Delta-Lake/Dags/Oracle2CsvDag.py
[2023-06-28T23:47:22.540+0000] {processor.py:826} INFO - Processing file /opt/airflow/dags/Python-Delta-Lake/Dags/Oracle2CsvDag.py for tasks to queue
[2023-06-28T23:47:22.541+0000] {logging_mixin.py:149} INFO - [2023-06-28T23:47:22.541+0000] {dagbag.py:541} INFO - Filling up the DagBag from /opt/airflow/dags/Python-Delta-Lake/Dags/Oracle2CsvDag.py
[2023-06-28T23:47:22.548+0000] {processor.py:836} INFO - DAG(s) dict_keys(['wrapper_ex_dag']) retrieved from /opt/airflow/dags/Python-Delta-Lake/Dags/Oracle2CsvDag.py
[2023-06-28T23:47:22.579+0000] {logging_mixin.py:149} INFO - [2023-06-28T23:47:22.579+0000] {dag.py:2726} INFO - Sync 1 DAGs
[2023-06-28T23:47:22.591+0000] {logging_mixin.py:149} INFO - [2023-06-28T23:47:22.591+0000] {dag.py:3486} INFO - Setting next_dagrun for wrapper_ex_dag to 2023-06-28T23:00:00+00:00, run_after=2023-06-29T00:00:00+00:00
[2023-06-28T23:47:22.601+0000] {processor.py:179} INFO - Processing /opt/airflow/dags/Python-Delta-Lake/Dags/Oracle2CsvDag.py took 0.064 seconds
[2023-06-28T23:47:52.970+0000] {processor.py:157} INFO - Started process (PID=1374) to work on /opt/airflow/dags/Python-Delta-Lake/Dags/Oracle2CsvDag.py
[2023-06-28T23:47:52.971+0000] {processor.py:826} INFO - Processing file /opt/airflow/dags/Python-Delta-Lake/Dags/Oracle2CsvDag.py for tasks to queue
[2023-06-28T23:47:52.971+0000] {logging_mixin.py:149} INFO - [2023-06-28T23:47:52.971+0000] {dagbag.py:541} INFO - Filling up the DagBag from /opt/airflow/dags/Python-Delta-Lake/Dags/Oracle2CsvDag.py
[2023-06-28T23:47:52.978+0000] {processor.py:836} INFO - DAG(s) dict_keys(['wrapper_ex_dag']) retrieved from /opt/airflow/dags/Python-Delta-Lake/Dags/Oracle2CsvDag.py
[2023-06-28T23:47:52.995+0000] {logging_mixin.py:149} INFO - [2023-06-28T23:47:52.995+0000] {dag.py:2726} INFO - Sync 1 DAGs
[2023-06-28T23:47:53.007+0000] {logging_mixin.py:149} INFO - [2023-06-28T23:47:53.007+0000] {dag.py:3486} INFO - Setting next_dagrun for wrapper_ex_dag to 2023-06-28T23:00:00+00:00, run_after=2023-06-29T00:00:00+00:00
[2023-06-28T23:47:53.017+0000] {processor.py:179} INFO - Processing /opt/airflow/dags/Python-Delta-Lake/Dags/Oracle2CsvDag.py took 0.049 seconds
[2023-06-28T23:48:23.430+0000] {processor.py:157} INFO - Started process (PID=1408) to work on /opt/airflow/dags/Python-Delta-Lake/Dags/Oracle2CsvDag.py
[2023-06-28T23:48:23.432+0000] {processor.py:826} INFO - Processing file /opt/airflow/dags/Python-Delta-Lake/Dags/Oracle2CsvDag.py for tasks to queue
[2023-06-28T23:48:23.432+0000] {logging_mixin.py:149} INFO - [2023-06-28T23:48:23.432+0000] {dagbag.py:541} INFO - Filling up the DagBag from /opt/airflow/dags/Python-Delta-Lake/Dags/Oracle2CsvDag.py
[2023-06-28T23:48:23.439+0000] {processor.py:836} INFO - DAG(s) dict_keys(['wrapper_ex_dag']) retrieved from /opt/airflow/dags/Python-Delta-Lake/Dags/Oracle2CsvDag.py
[2023-06-28T23:48:23.446+0000] {logging_mixin.py:149} INFO - [2023-06-28T23:48:23.446+0000] {dag.py:2726} INFO - Sync 1 DAGs
[2023-06-28T23:48:23.459+0000] {logging_mixin.py:149} INFO - [2023-06-28T23:48:23.459+0000] {dag.py:3486} INFO - Setting next_dagrun for wrapper_ex_dag to 2023-06-28T23:00:00+00:00, run_after=2023-06-29T00:00:00+00:00
[2023-06-28T23:48:23.469+0000] {processor.py:179} INFO - Processing /opt/airflow/dags/Python-Delta-Lake/Dags/Oracle2CsvDag.py took 0.040 seconds
[2023-06-28T23:48:53.872+0000] {processor.py:157} INFO - Started process (PID=1442) to work on /opt/airflow/dags/Python-Delta-Lake/Dags/Oracle2CsvDag.py
[2023-06-28T23:48:53.876+0000] {processor.py:826} INFO - Processing file /opt/airflow/dags/Python-Delta-Lake/Dags/Oracle2CsvDag.py for tasks to queue
[2023-06-28T23:48:53.877+0000] {logging_mixin.py:149} INFO - [2023-06-28T23:48:53.877+0000] {dagbag.py:541} INFO - Filling up the DagBag from /opt/airflow/dags/Python-Delta-Lake/Dags/Oracle2CsvDag.py
[2023-06-28T23:48:53.883+0000] {processor.py:836} INFO - DAG(s) dict_keys(['wrapper_ex_dag']) retrieved from /opt/airflow/dags/Python-Delta-Lake/Dags/Oracle2CsvDag.py
[2023-06-28T23:48:53.913+0000] {logging_mixin.py:149} INFO - [2023-06-28T23:48:53.912+0000] {dag.py:2726} INFO - Sync 1 DAGs
[2023-06-28T23:48:53.923+0000] {logging_mixin.py:149} INFO - [2023-06-28T23:48:53.922+0000] {dag.py:3486} INFO - Setting next_dagrun for wrapper_ex_dag to 2023-06-28T23:00:00+00:00, run_after=2023-06-29T00:00:00+00:00
[2023-06-28T23:48:53.932+0000] {processor.py:179} INFO - Processing /opt/airflow/dags/Python-Delta-Lake/Dags/Oracle2CsvDag.py took 0.063 seconds
[2023-06-28T23:49:24.280+0000] {processor.py:157} INFO - Started process (PID=1476) to work on /opt/airflow/dags/Python-Delta-Lake/Dags/Oracle2CsvDag.py
[2023-06-28T23:49:24.282+0000] {processor.py:826} INFO - Processing file /opt/airflow/dags/Python-Delta-Lake/Dags/Oracle2CsvDag.py for tasks to queue
[2023-06-28T23:49:24.282+0000] {logging_mixin.py:149} INFO - [2023-06-28T23:49:24.282+0000] {dagbag.py:541} INFO - Filling up the DagBag from /opt/airflow/dags/Python-Delta-Lake/Dags/Oracle2CsvDag.py
[2023-06-28T23:49:24.289+0000] {processor.py:836} INFO - DAG(s) dict_keys(['wrapper_ex_dag']) retrieved from /opt/airflow/dags/Python-Delta-Lake/Dags/Oracle2CsvDag.py
[2023-06-28T23:49:24.308+0000] {logging_mixin.py:149} INFO - [2023-06-28T23:49:24.308+0000] {dag.py:2726} INFO - Sync 1 DAGs
[2023-06-28T23:49:24.322+0000] {logging_mixin.py:149} INFO - [2023-06-28T23:49:24.322+0000] {dag.py:3486} INFO - Setting next_dagrun for wrapper_ex_dag to 2023-06-28T23:00:00+00:00, run_after=2023-06-29T00:00:00+00:00
[2023-06-28T23:49:24.333+0000] {processor.py:179} INFO - Processing /opt/airflow/dags/Python-Delta-Lake/Dags/Oracle2CsvDag.py took 0.055 seconds
[2023-06-28T23:49:54.690+0000] {processor.py:157} INFO - Started process (PID=1510) to work on /opt/airflow/dags/Python-Delta-Lake/Dags/Oracle2CsvDag.py
[2023-06-28T23:49:54.691+0000] {processor.py:826} INFO - Processing file /opt/airflow/dags/Python-Delta-Lake/Dags/Oracle2CsvDag.py for tasks to queue
[2023-06-28T23:49:54.692+0000] {logging_mixin.py:149} INFO - [2023-06-28T23:49:54.692+0000] {dagbag.py:541} INFO - Filling up the DagBag from /opt/airflow/dags/Python-Delta-Lake/Dags/Oracle2CsvDag.py
[2023-06-28T23:49:54.698+0000] {processor.py:836} INFO - DAG(s) dict_keys(['wrapper_ex_dag']) retrieved from /opt/airflow/dags/Python-Delta-Lake/Dags/Oracle2CsvDag.py
[2023-06-28T23:49:54.706+0000] {logging_mixin.py:149} INFO - [2023-06-28T23:49:54.706+0000] {dag.py:2726} INFO - Sync 1 DAGs
[2023-06-28T23:49:54.719+0000] {logging_mixin.py:149} INFO - [2023-06-28T23:49:54.719+0000] {dag.py:3486} INFO - Setting next_dagrun for wrapper_ex_dag to 2023-06-28T23:00:00+00:00, run_after=2023-06-29T00:00:00+00:00
[2023-06-28T23:49:54.730+0000] {processor.py:179} INFO - Processing /opt/airflow/dags/Python-Delta-Lake/Dags/Oracle2CsvDag.py took 0.042 seconds
[2023-06-28T23:50:25.128+0000] {processor.py:157} INFO - Started process (PID=1544) to work on /opt/airflow/dags/Python-Delta-Lake/Dags/Oracle2CsvDag.py
[2023-06-28T23:50:25.130+0000] {processor.py:826} INFO - Processing file /opt/airflow/dags/Python-Delta-Lake/Dags/Oracle2CsvDag.py for tasks to queue
[2023-06-28T23:50:25.131+0000] {logging_mixin.py:149} INFO - [2023-06-28T23:50:25.131+0000] {dagbag.py:541} INFO - Filling up the DagBag from /opt/airflow/dags/Python-Delta-Lake/Dags/Oracle2CsvDag.py
[2023-06-28T23:50:25.137+0000] {processor.py:836} INFO - DAG(s) dict_keys(['wrapper_ex_dag']) retrieved from /opt/airflow/dags/Python-Delta-Lake/Dags/Oracle2CsvDag.py
[2023-06-28T23:50:25.166+0000] {logging_mixin.py:149} INFO - [2023-06-28T23:50:25.166+0000] {dag.py:2726} INFO - Sync 1 DAGs
[2023-06-28T23:50:25.177+0000] {logging_mixin.py:149} INFO - [2023-06-28T23:50:25.177+0000] {dag.py:3486} INFO - Setting next_dagrun for wrapper_ex_dag to 2023-06-28T23:00:00+00:00, run_after=2023-06-29T00:00:00+00:00
[2023-06-28T23:50:25.186+0000] {processor.py:179} INFO - Processing /opt/airflow/dags/Python-Delta-Lake/Dags/Oracle2CsvDag.py took 0.060 seconds
[2023-06-28T23:50:55.557+0000] {processor.py:157} INFO - Started process (PID=1578) to work on /opt/airflow/dags/Python-Delta-Lake/Dags/Oracle2CsvDag.py
[2023-06-28T23:50:55.559+0000] {processor.py:826} INFO - Processing file /opt/airflow/dags/Python-Delta-Lake/Dags/Oracle2CsvDag.py for tasks to queue
[2023-06-28T23:50:55.559+0000] {logging_mixin.py:149} INFO - [2023-06-28T23:50:55.559+0000] {dagbag.py:541} INFO - Filling up the DagBag from /opt/airflow/dags/Python-Delta-Lake/Dags/Oracle2CsvDag.py
[2023-06-28T23:50:55.566+0000] {processor.py:836} INFO - DAG(s) dict_keys(['wrapper_ex_dag']) retrieved from /opt/airflow/dags/Python-Delta-Lake/Dags/Oracle2CsvDag.py
[2023-06-28T23:50:55.590+0000] {logging_mixin.py:149} INFO - [2023-06-28T23:50:55.590+0000] {dag.py:2726} INFO - Sync 1 DAGs
[2023-06-28T23:50:55.603+0000] {logging_mixin.py:149} INFO - [2023-06-28T23:50:55.603+0000] {dag.py:3486} INFO - Setting next_dagrun for wrapper_ex_dag to 2023-06-28T23:00:00+00:00, run_after=2023-06-29T00:00:00+00:00
[2023-06-28T23:50:55.615+0000] {processor.py:179} INFO - Processing /opt/airflow/dags/Python-Delta-Lake/Dags/Oracle2CsvDag.py took 0.060 seconds
[2023-06-28T23:51:25.997+0000] {processor.py:157} INFO - Started process (PID=1612) to work on /opt/airflow/dags/Python-Delta-Lake/Dags/Oracle2CsvDag.py
[2023-06-28T23:51:25.998+0000] {processor.py:826} INFO - Processing file /opt/airflow/dags/Python-Delta-Lake/Dags/Oracle2CsvDag.py for tasks to queue
[2023-06-28T23:51:25.998+0000] {logging_mixin.py:149} INFO - [2023-06-28T23:51:25.998+0000] {dagbag.py:541} INFO - Filling up the DagBag from /opt/airflow/dags/Python-Delta-Lake/Dags/Oracle2CsvDag.py
[2023-06-28T23:51:26.005+0000] {processor.py:836} INFO - DAG(s) dict_keys(['wrapper_ex_dag']) retrieved from /opt/airflow/dags/Python-Delta-Lake/Dags/Oracle2CsvDag.py
[2023-06-28T23:51:26.013+0000] {logging_mixin.py:149} INFO - [2023-06-28T23:51:26.013+0000] {dag.py:2726} INFO - Sync 1 DAGs
[2023-06-28T23:51:26.026+0000] {logging_mixin.py:149} INFO - [2023-06-28T23:51:26.025+0000] {dag.py:3486} INFO - Setting next_dagrun for wrapper_ex_dag to 2023-06-28T23:00:00+00:00, run_after=2023-06-29T00:00:00+00:00
[2023-06-28T23:51:26.036+0000] {processor.py:179} INFO - Processing /opt/airflow/dags/Python-Delta-Lake/Dags/Oracle2CsvDag.py took 0.040 seconds
[2023-06-28T23:51:56.420+0000] {processor.py:157} INFO - Started process (PID=1646) to work on /opt/airflow/dags/Python-Delta-Lake/Dags/Oracle2CsvDag.py
[2023-06-28T23:51:56.421+0000] {processor.py:826} INFO - Processing file /opt/airflow/dags/Python-Delta-Lake/Dags/Oracle2CsvDag.py for tasks to queue
[2023-06-28T23:51:56.421+0000] {logging_mixin.py:149} INFO - [2023-06-28T23:51:56.421+0000] {dagbag.py:541} INFO - Filling up the DagBag from /opt/airflow/dags/Python-Delta-Lake/Dags/Oracle2CsvDag.py
[2023-06-28T23:51:56.428+0000] {processor.py:836} INFO - DAG(s) dict_keys(['wrapper_ex_dag']) retrieved from /opt/airflow/dags/Python-Delta-Lake/Dags/Oracle2CsvDag.py
[2023-06-28T23:51:56.459+0000] {logging_mixin.py:149} INFO - [2023-06-28T23:51:56.459+0000] {dag.py:2726} INFO - Sync 1 DAGs
[2023-06-28T23:51:56.469+0000] {logging_mixin.py:149} INFO - [2023-06-28T23:51:56.469+0000] {dag.py:3486} INFO - Setting next_dagrun for wrapper_ex_dag to 2023-06-28T23:00:00+00:00, run_after=2023-06-29T00:00:00+00:00
[2023-06-28T23:51:56.479+0000] {processor.py:179} INFO - Processing /opt/airflow/dags/Python-Delta-Lake/Dags/Oracle2CsvDag.py took 0.061 seconds
[2023-06-28T23:52:26.844+0000] {processor.py:157} INFO - Started process (PID=1680) to work on /opt/airflow/dags/Python-Delta-Lake/Dags/Oracle2CsvDag.py
[2023-06-28T23:52:26.846+0000] {processor.py:826} INFO - Processing file /opt/airflow/dags/Python-Delta-Lake/Dags/Oracle2CsvDag.py for tasks to queue
[2023-06-28T23:52:26.846+0000] {logging_mixin.py:149} INFO - [2023-06-28T23:52:26.846+0000] {dagbag.py:541} INFO - Filling up the DagBag from /opt/airflow/dags/Python-Delta-Lake/Dags/Oracle2CsvDag.py
[2023-06-28T23:52:26.853+0000] {processor.py:836} INFO - DAG(s) dict_keys(['wrapper_ex_dag']) retrieved from /opt/airflow/dags/Python-Delta-Lake/Dags/Oracle2CsvDag.py
[2023-06-28T23:52:26.869+0000] {logging_mixin.py:149} INFO - [2023-06-28T23:52:26.869+0000] {dag.py:2726} INFO - Sync 1 DAGs
[2023-06-28T23:52:26.880+0000] {logging_mixin.py:149} INFO - [2023-06-28T23:52:26.880+0000] {dag.py:3486} INFO - Setting next_dagrun for wrapper_ex_dag to 2023-06-28T23:00:00+00:00, run_after=2023-06-29T00:00:00+00:00
[2023-06-28T23:52:26.890+0000] {processor.py:179} INFO - Processing /opt/airflow/dags/Python-Delta-Lake/Dags/Oracle2CsvDag.py took 0.048 seconds
[2023-06-28T23:52:57.273+0000] {processor.py:157} INFO - Started process (PID=1714) to work on /opt/airflow/dags/Python-Delta-Lake/Dags/Oracle2CsvDag.py
[2023-06-28T23:52:57.274+0000] {processor.py:826} INFO - Processing file /opt/airflow/dags/Python-Delta-Lake/Dags/Oracle2CsvDag.py for tasks to queue
[2023-06-28T23:52:57.274+0000] {logging_mixin.py:149} INFO - [2023-06-28T23:52:57.274+0000] {dagbag.py:541} INFO - Filling up the DagBag from /opt/airflow/dags/Python-Delta-Lake/Dags/Oracle2CsvDag.py
[2023-06-28T23:52:57.281+0000] {processor.py:836} INFO - DAG(s) dict_keys(['wrapper_ex_dag']) retrieved from /opt/airflow/dags/Python-Delta-Lake/Dags/Oracle2CsvDag.py
[2023-06-28T23:52:57.288+0000] {logging_mixin.py:149} INFO - [2023-06-28T23:52:57.288+0000] {dag.py:2726} INFO - Sync 1 DAGs
[2023-06-28T23:52:57.301+0000] {logging_mixin.py:149} INFO - [2023-06-28T23:52:57.301+0000] {dag.py:3486} INFO - Setting next_dagrun for wrapper_ex_dag to 2023-06-28T23:00:00+00:00, run_after=2023-06-29T00:00:00+00:00
[2023-06-28T23:52:57.311+0000] {processor.py:179} INFO - Processing /opt/airflow/dags/Python-Delta-Lake/Dags/Oracle2CsvDag.py took 0.040 seconds
[2023-06-28T23:53:27.690+0000] {processor.py:157} INFO - Started process (PID=1748) to work on /opt/airflow/dags/Python-Delta-Lake/Dags/Oracle2CsvDag.py
[2023-06-28T23:53:27.691+0000] {processor.py:826} INFO - Processing file /opt/airflow/dags/Python-Delta-Lake/Dags/Oracle2CsvDag.py for tasks to queue
[2023-06-28T23:53:27.692+0000] {logging_mixin.py:149} INFO - [2023-06-28T23:53:27.692+0000] {dagbag.py:541} INFO - Filling up the DagBag from /opt/airflow/dags/Python-Delta-Lake/Dags/Oracle2CsvDag.py
[2023-06-28T23:53:27.698+0000] {processor.py:836} INFO - DAG(s) dict_keys(['wrapper_ex_dag']) retrieved from /opt/airflow/dags/Python-Delta-Lake/Dags/Oracle2CsvDag.py
[2023-06-28T23:53:27.727+0000] {logging_mixin.py:149} INFO - [2023-06-28T23:53:27.727+0000] {dag.py:2726} INFO - Sync 1 DAGs
[2023-06-28T23:53:27.736+0000] {logging_mixin.py:149} INFO - [2023-06-28T23:53:27.736+0000] {dag.py:3486} INFO - Setting next_dagrun for wrapper_ex_dag to 2023-06-28T23:00:00+00:00, run_after=2023-06-29T00:00:00+00:00
[2023-06-28T23:53:27.747+0000] {processor.py:179} INFO - Processing /opt/airflow/dags/Python-Delta-Lake/Dags/Oracle2CsvDag.py took 0.059 seconds
[2023-06-28T23:53:58.093+0000] {processor.py:157} INFO - Started process (PID=1782) to work on /opt/airflow/dags/Python-Delta-Lake/Dags/Oracle2CsvDag.py
[2023-06-28T23:53:58.095+0000] {processor.py:826} INFO - Processing file /opt/airflow/dags/Python-Delta-Lake/Dags/Oracle2CsvDag.py for tasks to queue
[2023-06-28T23:53:58.095+0000] {logging_mixin.py:149} INFO - [2023-06-28T23:53:58.095+0000] {dagbag.py:541} INFO - Filling up the DagBag from /opt/airflow/dags/Python-Delta-Lake/Dags/Oracle2CsvDag.py
[2023-06-28T23:53:58.102+0000] {processor.py:836} INFO - DAG(s) dict_keys(['wrapper_ex_dag']) retrieved from /opt/airflow/dags/Python-Delta-Lake/Dags/Oracle2CsvDag.py
[2023-06-28T23:53:58.117+0000] {logging_mixin.py:149} INFO - [2023-06-28T23:53:58.117+0000] {dag.py:2726} INFO - Sync 1 DAGs
[2023-06-28T23:53:58.129+0000] {logging_mixin.py:149} INFO - [2023-06-28T23:53:58.129+0000] {dag.py:3486} INFO - Setting next_dagrun for wrapper_ex_dag to 2023-06-28T23:00:00+00:00, run_after=2023-06-29T00:00:00+00:00
[2023-06-28T23:53:58.139+0000] {processor.py:179} INFO - Processing /opt/airflow/dags/Python-Delta-Lake/Dags/Oracle2CsvDag.py took 0.048 seconds
[2023-06-28T23:54:28.525+0000] {processor.py:157} INFO - Started process (PID=1816) to work on /opt/airflow/dags/Python-Delta-Lake/Dags/Oracle2CsvDag.py
[2023-06-28T23:54:28.527+0000] {processor.py:826} INFO - Processing file /opt/airflow/dags/Python-Delta-Lake/Dags/Oracle2CsvDag.py for tasks to queue
[2023-06-28T23:54:28.527+0000] {logging_mixin.py:149} INFO - [2023-06-28T23:54:28.527+0000] {dagbag.py:541} INFO - Filling up the DagBag from /opt/airflow/dags/Python-Delta-Lake/Dags/Oracle2CsvDag.py
[2023-06-28T23:54:28.534+0000] {processor.py:836} INFO - DAG(s) dict_keys(['wrapper_ex_dag']) retrieved from /opt/airflow/dags/Python-Delta-Lake/Dags/Oracle2CsvDag.py
[2023-06-28T23:54:28.541+0000] {logging_mixin.py:149} INFO - [2023-06-28T23:54:28.541+0000] {dag.py:2726} INFO - Sync 1 DAGs
[2023-06-28T23:54:28.554+0000] {logging_mixin.py:149} INFO - [2023-06-28T23:54:28.554+0000] {dag.py:3486} INFO - Setting next_dagrun for wrapper_ex_dag to 2023-06-28T23:00:00+00:00, run_after=2023-06-29T00:00:00+00:00
[2023-06-28T23:54:28.563+0000] {processor.py:179} INFO - Processing /opt/airflow/dags/Python-Delta-Lake/Dags/Oracle2CsvDag.py took 0.040 seconds
[2023-06-28T23:54:58.963+0000] {processor.py:157} INFO - Started process (PID=1850) to work on /opt/airflow/dags/Python-Delta-Lake/Dags/Oracle2CsvDag.py
[2023-06-28T23:54:58.964+0000] {processor.py:826} INFO - Processing file /opt/airflow/dags/Python-Delta-Lake/Dags/Oracle2CsvDag.py for tasks to queue
[2023-06-28T23:54:58.965+0000] {logging_mixin.py:149} INFO - [2023-06-28T23:54:58.964+0000] {dagbag.py:541} INFO - Filling up the DagBag from /opt/airflow/dags/Python-Delta-Lake/Dags/Oracle2CsvDag.py
[2023-06-28T23:54:58.971+0000] {processor.py:836} INFO - DAG(s) dict_keys(['wrapper_ex_dag']) retrieved from /opt/airflow/dags/Python-Delta-Lake/Dags/Oracle2CsvDag.py
[2023-06-28T23:54:59.000+0000] {logging_mixin.py:149} INFO - [2023-06-28T23:54:59.000+0000] {dag.py:2726} INFO - Sync 1 DAGs
[2023-06-28T23:54:59.010+0000] {logging_mixin.py:149} INFO - [2023-06-28T23:54:59.010+0000] {dag.py:3486} INFO - Setting next_dagrun for wrapper_ex_dag to 2023-06-28T23:00:00+00:00, run_after=2023-06-29T00:00:00+00:00
[2023-06-28T23:54:59.021+0000] {processor.py:179} INFO - Processing /opt/airflow/dags/Python-Delta-Lake/Dags/Oracle2CsvDag.py took 0.061 seconds
[2023-06-28T23:55:29.434+0000] {processor.py:157} INFO - Started process (PID=1884) to work on /opt/airflow/dags/Python-Delta-Lake/Dags/Oracle2CsvDag.py
[2023-06-28T23:55:29.435+0000] {processor.py:826} INFO - Processing file /opt/airflow/dags/Python-Delta-Lake/Dags/Oracle2CsvDag.py for tasks to queue
[2023-06-28T23:55:29.435+0000] {logging_mixin.py:149} INFO - [2023-06-28T23:55:29.435+0000] {dagbag.py:541} INFO - Filling up the DagBag from /opt/airflow/dags/Python-Delta-Lake/Dags/Oracle2CsvDag.py
[2023-06-28T23:55:29.442+0000] {processor.py:836} INFO - DAG(s) dict_keys(['wrapper_ex_dag']) retrieved from /opt/airflow/dags/Python-Delta-Lake/Dags/Oracle2CsvDag.py
[2023-06-28T23:55:29.457+0000] {logging_mixin.py:149} INFO - [2023-06-28T23:55:29.457+0000] {dag.py:2726} INFO - Sync 1 DAGs
[2023-06-28T23:55:29.469+0000] {logging_mixin.py:149} INFO - [2023-06-28T23:55:29.469+0000] {dag.py:3486} INFO - Setting next_dagrun for wrapper_ex_dag to 2023-06-28T23:00:00+00:00, run_after=2023-06-29T00:00:00+00:00
[2023-06-28T23:55:29.479+0000] {processor.py:179} INFO - Processing /opt/airflow/dags/Python-Delta-Lake/Dags/Oracle2CsvDag.py took 0.047 seconds
[2023-06-28T23:55:59.839+0000] {processor.py:157} INFO - Started process (PID=1918) to work on /opt/airflow/dags/Python-Delta-Lake/Dags/Oracle2CsvDag.py
[2023-06-28T23:55:59.840+0000] {processor.py:826} INFO - Processing file /opt/airflow/dags/Python-Delta-Lake/Dags/Oracle2CsvDag.py for tasks to queue
[2023-06-28T23:55:59.840+0000] {logging_mixin.py:149} INFO - [2023-06-28T23:55:59.840+0000] {dagbag.py:541} INFO - Filling up the DagBag from /opt/airflow/dags/Python-Delta-Lake/Dags/Oracle2CsvDag.py
[2023-06-28T23:55:59.848+0000] {processor.py:836} INFO - DAG(s) dict_keys(['wrapper_ex_dag']) retrieved from /opt/airflow/dags/Python-Delta-Lake/Dags/Oracle2CsvDag.py
[2023-06-28T23:55:59.856+0000] {logging_mixin.py:149} INFO - [2023-06-28T23:55:59.856+0000] {dag.py:2726} INFO - Sync 1 DAGs
[2023-06-28T23:55:59.871+0000] {logging_mixin.py:149} INFO - [2023-06-28T23:55:59.871+0000] {dag.py:3486} INFO - Setting next_dagrun for wrapper_ex_dag to 2023-06-28T23:00:00+00:00, run_after=2023-06-29T00:00:00+00:00
[2023-06-28T23:55:59.882+0000] {processor.py:179} INFO - Processing /opt/airflow/dags/Python-Delta-Lake/Dags/Oracle2CsvDag.py took 0.045 seconds
[2023-06-28T23:56:30.256+0000] {processor.py:157} INFO - Started process (PID=1951) to work on /opt/airflow/dags/Python-Delta-Lake/Dags/Oracle2CsvDag.py
[2023-06-28T23:56:30.257+0000] {processor.py:826} INFO - Processing file /opt/airflow/dags/Python-Delta-Lake/Dags/Oracle2CsvDag.py for tasks to queue
[2023-06-28T23:56:30.258+0000] {logging_mixin.py:149} INFO - [2023-06-28T23:56:30.258+0000] {dagbag.py:541} INFO - Filling up the DagBag from /opt/airflow/dags/Python-Delta-Lake/Dags/Oracle2CsvDag.py
[2023-06-28T23:56:30.264+0000] {processor.py:836} INFO - DAG(s) dict_keys(['wrapper_ex_dag']) retrieved from /opt/airflow/dags/Python-Delta-Lake/Dags/Oracle2CsvDag.py
[2023-06-28T23:56:30.294+0000] {logging_mixin.py:149} INFO - [2023-06-28T23:56:30.294+0000] {dag.py:2726} INFO - Sync 1 DAGs
[2023-06-28T23:56:30.304+0000] {logging_mixin.py:149} INFO - [2023-06-28T23:56:30.304+0000] {dag.py:3486} INFO - Setting next_dagrun for wrapper_ex_dag to 2023-06-28T23:00:00+00:00, run_after=2023-06-29T00:00:00+00:00
[2023-06-28T23:56:30.316+0000] {processor.py:179} INFO - Processing /opt/airflow/dags/Python-Delta-Lake/Dags/Oracle2CsvDag.py took 0.063 seconds
[2023-06-28T23:57:00.668+0000] {processor.py:157} INFO - Started process (PID=1985) to work on /opt/airflow/dags/Python-Delta-Lake/Dags/Oracle2CsvDag.py
[2023-06-28T23:57:00.669+0000] {processor.py:826} INFO - Processing file /opt/airflow/dags/Python-Delta-Lake/Dags/Oracle2CsvDag.py for tasks to queue
[2023-06-28T23:57:00.669+0000] {logging_mixin.py:149} INFO - [2023-06-28T23:57:00.669+0000] {dagbag.py:541} INFO - Filling up the DagBag from /opt/airflow/dags/Python-Delta-Lake/Dags/Oracle2CsvDag.py
[2023-06-28T23:57:00.675+0000] {processor.py:836} INFO - DAG(s) dict_keys(['wrapper_ex_dag']) retrieved from /opt/airflow/dags/Python-Delta-Lake/Dags/Oracle2CsvDag.py
[2023-06-28T23:57:00.691+0000] {logging_mixin.py:149} INFO - [2023-06-28T23:57:00.691+0000] {dag.py:2726} INFO - Sync 1 DAGs
[2023-06-28T23:57:00.703+0000] {logging_mixin.py:149} INFO - [2023-06-28T23:57:00.703+0000] {dag.py:3486} INFO - Setting next_dagrun for wrapper_ex_dag to 2023-06-28T23:00:00+00:00, run_after=2023-06-29T00:00:00+00:00
[2023-06-28T23:57:00.714+0000] {processor.py:179} INFO - Processing /opt/airflow/dags/Python-Delta-Lake/Dags/Oracle2CsvDag.py took 0.048 seconds
[2023-06-28T23:57:31.064+0000] {processor.py:157} INFO - Started process (PID=2019) to work on /opt/airflow/dags/Python-Delta-Lake/Dags/Oracle2CsvDag.py
[2023-06-28T23:57:31.066+0000] {processor.py:826} INFO - Processing file /opt/airflow/dags/Python-Delta-Lake/Dags/Oracle2CsvDag.py for tasks to queue
[2023-06-28T23:57:31.066+0000] {logging_mixin.py:149} INFO - [2023-06-28T23:57:31.066+0000] {dagbag.py:541} INFO - Filling up the DagBag from /opt/airflow/dags/Python-Delta-Lake/Dags/Oracle2CsvDag.py
[2023-06-28T23:57:31.072+0000] {processor.py:836} INFO - DAG(s) dict_keys(['wrapper_ex_dag']) retrieved from /opt/airflow/dags/Python-Delta-Lake/Dags/Oracle2CsvDag.py
[2023-06-28T23:57:31.080+0000] {logging_mixin.py:149} INFO - [2023-06-28T23:57:31.080+0000] {dag.py:2726} INFO - Sync 1 DAGs
[2023-06-28T23:57:31.092+0000] {logging_mixin.py:149} INFO - [2023-06-28T23:57:31.092+0000] {dag.py:3486} INFO - Setting next_dagrun for wrapper_ex_dag to 2023-06-28T23:00:00+00:00, run_after=2023-06-29T00:00:00+00:00
[2023-06-28T23:57:31.103+0000] {processor.py:179} INFO - Processing /opt/airflow/dags/Python-Delta-Lake/Dags/Oracle2CsvDag.py took 0.041 seconds
[2023-06-28T23:58:01.466+0000] {processor.py:157} INFO - Started process (PID=2053) to work on /opt/airflow/dags/Python-Delta-Lake/Dags/Oracle2CsvDag.py
[2023-06-28T23:58:01.468+0000] {processor.py:826} INFO - Processing file /opt/airflow/dags/Python-Delta-Lake/Dags/Oracle2CsvDag.py for tasks to queue
[2023-06-28T23:58:01.468+0000] {logging_mixin.py:149} INFO - [2023-06-28T23:58:01.468+0000] {dagbag.py:541} INFO - Filling up the DagBag from /opt/airflow/dags/Python-Delta-Lake/Dags/Oracle2CsvDag.py
[2023-06-28T23:58:01.474+0000] {processor.py:836} INFO - DAG(s) dict_keys(['wrapper_ex_dag']) retrieved from /opt/airflow/dags/Python-Delta-Lake/Dags/Oracle2CsvDag.py
[2023-06-28T23:58:01.504+0000] {logging_mixin.py:149} INFO - [2023-06-28T23:58:01.503+0000] {dag.py:2726} INFO - Sync 1 DAGs
[2023-06-28T23:58:01.514+0000] {logging_mixin.py:149} INFO - [2023-06-28T23:58:01.514+0000] {dag.py:3486} INFO - Setting next_dagrun for wrapper_ex_dag to 2023-06-28T23:00:00+00:00, run_after=2023-06-29T00:00:00+00:00
[2023-06-28T23:58:01.524+0000] {processor.py:179} INFO - Processing /opt/airflow/dags/Python-Delta-Lake/Dags/Oracle2CsvDag.py took 0.060 seconds
[2023-06-28T23:58:31.875+0000] {processor.py:157} INFO - Started process (PID=2094) to work on /opt/airflow/dags/Python-Delta-Lake/Dags/Oracle2CsvDag.py
[2023-06-28T23:58:31.875+0000] {processor.py:826} INFO - Processing file /opt/airflow/dags/Python-Delta-Lake/Dags/Oracle2CsvDag.py for tasks to queue
[2023-06-28T23:58:31.876+0000] {logging_mixin.py:149} INFO - [2023-06-28T23:58:31.875+0000] {dagbag.py:541} INFO - Filling up the DagBag from /opt/airflow/dags/Python-Delta-Lake/Dags/Oracle2CsvDag.py
[2023-06-28T23:58:31.882+0000] {processor.py:836} INFO - DAG(s) dict_keys(['wrapper_ex_dag']) retrieved from /opt/airflow/dags/Python-Delta-Lake/Dags/Oracle2CsvDag.py
[2023-06-28T23:58:31.897+0000] {logging_mixin.py:149} INFO - [2023-06-28T23:58:31.897+0000] {dag.py:2726} INFO - Sync 1 DAGs
[2023-06-28T23:58:31.908+0000] {logging_mixin.py:149} INFO - [2023-06-28T23:58:31.908+0000] {dag.py:3486} INFO - Setting next_dagrun for wrapper_ex_dag to 2023-06-28T23:00:00+00:00, run_after=2023-06-29T00:00:00+00:00
[2023-06-28T23:58:31.919+0000] {processor.py:179} INFO - Processing /opt/airflow/dags/Python-Delta-Lake/Dags/Oracle2CsvDag.py took 0.046 seconds
[2023-06-28T23:59:02.291+0000] {processor.py:157} INFO - Started process (PID=2128) to work on /opt/airflow/dags/Python-Delta-Lake/Dags/Oracle2CsvDag.py
[2023-06-28T23:59:02.293+0000] {processor.py:826} INFO - Processing file /opt/airflow/dags/Python-Delta-Lake/Dags/Oracle2CsvDag.py for tasks to queue
[2023-06-28T23:59:02.293+0000] {logging_mixin.py:149} INFO - [2023-06-28T23:59:02.293+0000] {dagbag.py:541} INFO - Filling up the DagBag from /opt/airflow/dags/Python-Delta-Lake/Dags/Oracle2CsvDag.py
[2023-06-28T23:59:02.300+0000] {processor.py:836} INFO - DAG(s) dict_keys(['wrapper_ex_dag']) retrieved from /opt/airflow/dags/Python-Delta-Lake/Dags/Oracle2CsvDag.py
[2023-06-28T23:59:02.307+0000] {logging_mixin.py:149} INFO - [2023-06-28T23:59:02.307+0000] {dag.py:2726} INFO - Sync 1 DAGs
[2023-06-28T23:59:02.319+0000] {logging_mixin.py:149} INFO - [2023-06-28T23:59:02.319+0000] {dag.py:3486} INFO - Setting next_dagrun for wrapper_ex_dag to 2023-06-28T23:00:00+00:00, run_after=2023-06-29T00:00:00+00:00
[2023-06-28T23:59:02.330+0000] {processor.py:179} INFO - Processing /opt/airflow/dags/Python-Delta-Lake/Dags/Oracle2CsvDag.py took 0.041 seconds
[2023-06-28T23:59:32.708+0000] {processor.py:157} INFO - Started process (PID=2162) to work on /opt/airflow/dags/Python-Delta-Lake/Dags/Oracle2CsvDag.py
[2023-06-28T23:59:32.709+0000] {processor.py:826} INFO - Processing file /opt/airflow/dags/Python-Delta-Lake/Dags/Oracle2CsvDag.py for tasks to queue
[2023-06-28T23:59:32.709+0000] {logging_mixin.py:149} INFO - [2023-06-28T23:59:32.709+0000] {dagbag.py:541} INFO - Filling up the DagBag from /opt/airflow/dags/Python-Delta-Lake/Dags/Oracle2CsvDag.py
[2023-06-28T23:59:32.716+0000] {processor.py:836} INFO - DAG(s) dict_keys(['wrapper_ex_dag']) retrieved from /opt/airflow/dags/Python-Delta-Lake/Dags/Oracle2CsvDag.py
[2023-06-28T23:59:32.746+0000] {logging_mixin.py:149} INFO - [2023-06-28T23:59:32.746+0000] {dag.py:2726} INFO - Sync 1 DAGs
[2023-06-28T23:59:32.756+0000] {logging_mixin.py:149} INFO - [2023-06-28T23:59:32.756+0000] {dag.py:3486} INFO - Setting next_dagrun for wrapper_ex_dag to 2023-06-28T23:00:00+00:00, run_after=2023-06-29T00:00:00+00:00
[2023-06-28T23:59:32.767+0000] {processor.py:179} INFO - Processing /opt/airflow/dags/Python-Delta-Lake/Dags/Oracle2CsvDag.py took 0.061 seconds
