[2023-06-17T09:00:00.721+0000] {taskinstance.py:1103} INFO - Dependencies all met for dep_context=non-requeueable deps ti=<TaskInstance: wrapper_ex_dag.execute_function_task scheduled__2023-06-17T08:00:00+00:00 [queued]>
[2023-06-17T09:00:00.725+0000] {taskinstance.py:1103} INFO - Dependencies all met for dep_context=requeueable deps ti=<TaskInstance: wrapper_ex_dag.execute_function_task scheduled__2023-06-17T08:00:00+00:00 [queued]>
[2023-06-17T09:00:00.725+0000] {taskinstance.py:1308} INFO - Starting attempt 1 of 2
[2023-06-17T09:00:00.731+0000] {taskinstance.py:1327} INFO - Executing <Task(_PythonDecoratedOperator): execute_function_task> on 2023-06-17 08:00:00+00:00
[2023-06-17T09:00:00.734+0000] {standard_task_runner.py:57} INFO - Started process 9507 to run task
[2023-06-17T09:00:00.736+0000] {standard_task_runner.py:84} INFO - Running: ['***', 'tasks', 'run', 'wrapper_ex_dag', 'execute_function_task', 'scheduled__2023-06-17T08:00:00+00:00', '--job-id', '336', '--raw', '--subdir', 'DAGS_FOLDER/Python-Delta-Lake/custom_dags/WrapperDag.py', '--cfg-path', '/tmp/tmp8f5nlbnj']
[2023-06-17T09:00:00.738+0000] {standard_task_runner.py:85} INFO - Job 336: Subtask execute_function_task
[2023-06-17T09:00:00.761+0000] {task_command.py:410} INFO - Running <TaskInstance: wrapper_ex_dag.execute_function_task scheduled__2023-06-17T08:00:00+00:00 [running]> on host 5b82e9d75fca
[2023-06-17T09:00:00.798+0000] {taskinstance.py:1545} INFO - Exporting env vars: AIRFLOW_CTX_DAG_EMAIL='phomsophaN@saccounty.net' AIRFLOW_CTX_DAG_OWNER='***' AIRFLOW_CTX_DAG_ID='wrapper_ex_dag' AIRFLOW_CTX_TASK_ID='execute_function_task' AIRFLOW_CTX_EXECUTION_DATE='2023-06-17T08:00:00+00:00' AIRFLOW_CTX_TRY_NUMBER='1' AIRFLOW_CTX_DAG_RUN_ID='scheduled__2023-06-17T08:00:00+00:00'
[2023-06-17T09:00:00.798+0000] {CsvDagWrapper.py:22} INFO - CSV Delta Class Initialted
[2023-06-17T09:00:00.798+0000] {logging_mixin.py:149} INFO - Environment successfully parsed! Environment is Local
[2023-06-17T09:00:00.799+0000] {CsvDagWrapper.py:39} INFO - Environment successfully parsed! Environment is Local
[2023-06-17T09:00:00.799+0000] {logging_mixin.py:149} INFO - Table/s successfully parsed! Table:  ['CASE', 'PTR']
[2023-06-17T09:00:00.799+0000] {CsvDagWrapper.py:44} INFO - Table/s successfully parsed! Table:  ['CASE', 'PTR']
[2023-06-17T09:00:00.799+0000] {logging_mixin.py:149} INFO - Number of tables to be processed = 2
[2023-06-17T09:00:00.799+0000] {logging_mixin.py:149} INFO - TABLE_NAME IN ('CASE', 'PTR')
[2023-06-17T09:00:00.799+0000] {CsvDagWrapper.py:60} INFO - Works so far....
[2023-06-17T09:00:02.594+0000] {CsvDagWrapper.py:63} INFO - test
[2023-06-17T09:00:03.760+0000] {logging_mixin.py:149} INFO - This program loads CSV files into Local Delta Store!
[2023-06-17T09:00:09.076+0000] {logging_mixin.py:149} INFO - Task Ran successfully so far....
[2023-06-17T09:00:09.076+0000] {logging_mixin.py:149} INFO - ---------------------------------------------------------------------------------------------------------------------------------------
[2023-06-17T09:00:09.076+0000] {logging_mixin.py:149} INFO - Working on calsaws.CASE
[2023-06-17T09:00:11.192+0000] {logging_mixin.py:149} INFO - Database 'calsaws' not found
[2023-06-17T09:00:11.549+0000] {logging_mixin.py:149} INFO - Good Bye!
[2023-06-17T09:00:11.549+0000] {python.py:183} INFO - Done. Returned value was: None
[2023-06-17T09:00:11.555+0000] {taskinstance.py:1345} INFO - Marking task as SUCCESS. dag_id=wrapper_ex_dag, task_id=execute_function_task, execution_date=20230617T080000, start_date=20230617T090000, end_date=20230617T090011
[2023-06-17T09:00:11.589+0000] {local_task_job_runner.py:225} INFO - Task exited with return code 0
[2023-06-17T09:00:11.596+0000] {taskinstance.py:2651} INFO - 0 downstream tasks scheduled from follow-on schedule check
